 LyricsDisplay: Setting style to Репетиция
 Activating Rehearsal Display with blocks: Array(11)
 Rendering lyrics. Current style ID: rehearsal
 Splitting block "Block 3" (11 lines) into 2 parts with ~6 lines each
   Part 1: lines 0-5 (6 lines)
   Part 2: lines 6-10 (5 lines)
 Splitting block "Block 6" (11 lines) into 2 parts with ~6 lines each
   Part 1: lines 0-5 (6 lines)
   Part 2: lines 6-10 (5 lines)
 Splitting block "Block 11" (12 lines) into 2 parts with ~6 lines each
   Part 1: lines 0-5 (6 lines)
   Part 2: lines 6-11 (6 lines)
 Rehearsal: Current line: 1, Total blocks: 14
 Rehearsal: DETAILED Block structure:
   Block 0 (block-1750411956243-0-8omiesqpdzt): name="Block 1", lines=[0,1,2,3]
     Content preview: "When I pretend, everything is what I want it to be
I look exactly like what you had always wanted to"
       Line 0: "When I pretend, everything is what I want it to be"
       Line 1: "I look exactly like what you had always wanted to see"
       Line 2: "When I pretend, I can forget about the criminal I am"
       Line 3: "Stealing second after second just 'cause I know I can"
   Block 1 (1): name="Block 2", lines=[4,5,6,7]
     Content preview: "But I can't pretend this is the way it'll stay
I'm just (trying to bend the truth)
I can't pretend I"
       Line 4: "But I can't pretend this is the way it'll stay"
       Line 5: "I'm just (trying to bend the truth)"
       Line 6: "I can't pretend I'm who you want me to be"
       Line 7: "So I'm (lying my way from you)"
   Block 2 (2-part-0): name="Block 3", lines=[8,9,10,11,12,13]
     Content preview: "You
(No turning back now)
I wanna be pushed aside, so, let me go"
       Line 8: "You"
       Line 9: "(No turning back now)"
       Line 10: "I wanna be pushed aside, so, let me go"
       Line 11: "(No, no turning back now)"
       Line 12: "Let me take back my life"
       Line 13: "I'd rather be all alone"
   Block 3 (2-part-1): name="Block 3 (продолжение 2)", lines=[14,15,16,17,18]
     Content preview: "(No turning back now)
Anywhere on my own
'Cause I can see"
       Line 14: "(No turning back now)"
       Line 15: "Anywhere on my own"
       Line 16: "'Cause I can see"
       Line 17: "(No, no turning back now)"
       Line 18: "The very worst part of you is me"
   Block 4 (3): name="Block 4", lines=[19,20,21,22]
     Content preview: "I remember what they taught to me
Remember condescending talk of who I ought to be
Remember listenin"
       Line 19: "I remember what they taught to me"
       Line 20: "Remember condescending talk of who I ought to be"
       Line 21: "Remember listening to all of that and this again"
       Line 22: "So I pretended up a person who was fittin' in"
   Block 5 (4): name="Block 5", lines=[23,24,25,26]
     Content preview: "And now you think this person really is me
And I'm (trying to bend the truth)
But the more I push th"
       Line 23: "And now you think this person really is me"
       Line 24: "And I'm (trying to bend the truth)"
       Line 25: "But the more I push the more I'm pulling away"
       Line 26: "'Cause I'm (lying my way from you)"
   Block 6 (5-part-0): name="Block 6", lines=[27,28,29,30,31,32]
     Content preview: "You
(No turning back now)
I wanna be pushed aside, so, let me go"
       Line 27: "You"
       Line 28: "(No turning back now)"
       Line 29: "I wanna be pushed aside, so, let me go"
       Line 30: "(No, no turning back now)"
       Line 31: "Let me take back my life"
       Line 32: "I'd rather be all alone"
   Block 7 (5-part-1): name="Block 6 (продолжение 2)", lines=[33,34,35,36,37]
     Content preview: "(No turning back now)
Anywhere on my own
'Cause I can see"
       Line 33: "(No turning back now)"
       Line 34: "Anywhere on my own"
       Line 35: "'Cause I can see"
       Line 36: "(No, no turning back now)"
       Line 37: "The very worst part of you is me"
   Block 8 (6): name="Block 7", lines=[38,39,40]
     Content preview: "This isn't what I wanted to be
I never thought that what I said would have you running from me
Like "
       Line 38: "This isn't what I wanted to be"
       Line 39: "I never thought that what I said would have you running from me"
       Line 40: "Like this"
   Block 9 (7): name="Block 8", lines=[41,42,43]
     Content preview: "This isn't what I wanted to be
I never thought that what I said would have you running from me
Like "
       Line 41: "This isn't what I wanted to be"
       Line 42: "I never thought that what I said would have you running from me"
       Line 43: "Like this"
   Block 10 (8): name="Block 9", lines=[44,45,46]
     Content preview: "This isn't what I wanted to be
I never thought that what I said would have you running from me
Like "
       Line 44: "This isn't what I wanted to be"
       Line 45: "I never thought that what I said would have you running from me"
       Line 46: "Like this"
   Block 11 (9): name="Block 10", lines=[47,48,49]
     Content preview: "This isn't what I wanted to be
I never thought that what I said would have you running from me
Like "
       Line 47: "This isn't what I wanted to be"
       Line 48: "I never thought that what I said would have you running from me"
       Line 49: "Like this"
   Block 12 (10-part-0): name="Block 11", lines=[50,51,52,53,54,55]
     Content preview: "You
(No turning back now)
I wanna be pushed aside, so, let me go"
       Line 50: "You"
       Line 51: "(No turning back now)"
       Line 52: "I wanna be pushed aside, so, let me go"
       Line 53: "(No, no turning back now)"
       Line 54: "Let me take back my life"
       Line 55: "I'd rather be all alone"
   Block 13 (10-part-1): name="Block 11 (продолжение 2)", lines=[56,57,58,59,60,61]
     Content preview: "(No turning back now)
Anywhere on my own
'Cause I can see"
       Line 56: "(No turning back now)"
       Line 57: "Anywhere on my own"
       Line 58: "'Cause I can see"
       Line 59: "(No, no turning back now)"
       Line 60: "The very worst part of you"
       Line 61: "The very worst part of you is me"
 Rehearsal: Looking for block containing line 1
   Checking block 0: lineIndices=[0,1,2,3]
   ✓ Found! Block 0 contains line 1
 Rehearsal: Found active block at index 0 with lines: Array(4)
 Rehearsal: Active block 0: Object
 >>> FONT_CALC_DEBUG >>> Lines: 4, FontSize: 2.66rem, LineHeight: 3.23rem
 Rehearsal: Activated line 1 in block with transition: none
 Rehearsal: Next block preview for block 1: Object
 Rehearsal: Preview lines: Array(2)
 Rehearsal: Adding preview line 4: "But I can't pretend this is the way it'll stay"
 Rehearsal: Adding preview line 5: "I'm just (trying to bend the truth)"
 Rehearsal: Preview container added with 2 lines
 Rehearsal mode: Rendered active block 0 with next block preview
 [SETACTIVE] Called with index 1. Current style: rehearsal
 Rehearsal mode: Setting active line 1
 Activating rehearsal line at index 1
 BlockLoopControl: Активирован
 BlockLoopControl: _createLoopButtonForCurrentBlock called
 BlockLoopControl: lyricsDisplay.currentActiveBlock: Object
 BlockLoopControl: lyricsDisplay.textBlocks: Array(11)
 BlockLoopControl: Создаем кнопку для активного блока репетиции: Block 1
 BlockLoopControl: _createLoopButton called for block: Block 1
 BlockLoopControl: blockElement found: true
 BlockLoopControl: Кнопка создана для блока: Block 1
 🚀 Скрываю Живую Ленту
 ✅ Возврат в классический зал
 Rehearsal: Line changing from 1 to 2
 Splitting block "Block 3" (11 lines) into 2 parts with ~6 lines each
   Part 1: lines 0-5 (6 lines)
   Part 2: lines 6-10 (5 lines)
 Splitting block "Block 6" (11 lines) into 2 parts with ~6 lines each
   Part 1: lines 0-5 (6 lines)
   Part 2: lines 6-10 (5 lines)
 Splitting block "Block 11" (12 lines) into 2 parts with ~6 lines each
   Part 1: lines 0-5 (6 lines)
   Part 2: lines 6-11 (6 lines)
 Rehearsal: Current line 1 belongs to block: block-1750411956243-0-8omiesqpdzt Array(4)
 Rehearsal: New line 2 belongs to block: block-1750411956243-0-8omiesqpdzt Array(4)
 Rehearsal: Same block (block-1750411956243-0-8omiesqpdzt), updating active line from 1 to 2
 [SETACTIVE] Called with index 2. Current style: rehearsal
 Rehearsal mode: Setting active line 2
 Activating rehearsal line at index 2
 BlockLoopControl: Активный блок изменился
 BlockLoopControl: _createLoopButtonForCurrentBlock called
 BlockLoopControl: lyricsDisplay.currentActiveBlock: Object
 BlockLoopControl: lyricsDisplay.textBlocks: Array(11)
 BlockLoopControl: Создаем кнопку для активного блока репетиции: Block 1
 BlockLoopControl: _createLoopButton called for block: Block 1
 BlockLoopControl: blockElement found: true
 BlockLoopControl: Кнопка создана для блока: Block 1
 🔇 Глубокая тишина - очистка нот
 🛑 Принудительная остановка всех нот (deep_silence), активных: 1
 🚫 Октавный скачок заблокирован: 147.1Hz → 289.0Hz за 28мс (ratio: 1.96)
 🔇 Глубокая тишина - очистка нот
 🛑 Принудительная остановка всех нот (deep_silence), активных: 1
 🔇 Глубокая тишина - очистка нот
 🛑 Принудительная остановка всех нот (deep_silence), активных: 1
 🔇 Глубокая тишина - очистка нот
 🛑 Принудительная остановка всех нот (deep_silence), активных: 1
 🎵 AudioEngine: Установка скорости воспроизведения: 75%
 🎵 AudioEngine: Установка скорости воспроизведения: 70%
 🎵 AudioEngine: Установка скорости воспроизведения: 65%
 🔇 Глубокая тишина - очистка нот
 🛑 Принудительная остановка всех нот (deep_silence), активных: 1
 🎵 AudioEngine: Установка скорости воспроизведения: 60%
 🎵 AudioEngine: Установка скорости воспроизведения: 55%
 🎵 AudioEngine: Установка скорости воспроизведения: 50%
 🚫 Блокирована очевидная гармоника: 78.9Hz (0.49x от 160.4Hz, ясность: 84.6%)
 🎯 Высокая ясность (91.8%) - принимаем возможную гармонику: 78.5Hz
 ✅ Октавный переход разрешен: 160.4Hz → 78.5Hz за 205мс (ratio: 0.49)
 🚫 Октавный скачок заблокирован: 78.5Hz → 153.0Hz за 15мс (ratio: 1.95)
 Rehearsal: Line changing from 2 to 3
 Splitting block "Block 3" (11 lines) into 2 parts with ~6 lines each
   Part 1: lines 0-5 (6 lines)
   Part 2: lines 6-10 (5 lines)
 Splitting block "Block 6" (11 lines) into 2 parts with ~6 lines each
   Part 1: lines 0-5 (6 lines)
   Part 2: lines 6-10 (5 lines)
 Splitting block "Block 11" (12 lines) into 2 parts with ~6 lines each
   Part 1: lines 0-5 (6 lines)
   Part 2: lines 6-11 (6 lines)
 Rehearsal: Current line 2 belongs to block: block-1750411956243-0-8omiesqpdzt Array(4)
 Rehearsal: New line 3 belongs to block: block-1750411956243-0-8omiesqpdzt Array(4)
 Rehearsal: Same block (block-1750411956243-0-8omiesqpdzt), updating active line from 2 to 3
 [SETACTIVE] Called with index 3. Current style: rehearsal
 Rehearsal mode: Setting active line 3
 Activating rehearsal line at index 3
 BlockLoopControl: Активный блок изменился
 BlockLoopControl: _createLoopButtonForCurrentBlock called
 BlockLoopControl: lyricsDisplay.currentActiveBlock: Object
 BlockLoopControl: lyricsDisplay.textBlocks: Array(11)
 BlockLoopControl: Создаем кнопку для активного блока репетиции: Block 1
 BlockLoopControl: _createLoopButton called for block: Block 1
 BlockLoopControl: blockElement found: true
 BlockLoopControl: Кнопка создана для блока: Block 1
 🔇 Глубокая тишина - очистка нот
 🛑 Принудительная остановка всех нот (deep_silence), активных: 1
 🚫 Блокирована очевидная гармоника: 126.5Hz (0.50x от 253.2Hz, ясность: 81.3%)
 ✅ Октавный переход разрешен: 253.2Hz → 132.0Hz за 207мс (ratio: 0.52)
 🔇 Глубокая тишина - очистка нот
 🛑 Принудительная остановка всех нот (deep_silence), активных: 1
 🎵 AudioEngine: Установка скорости воспроизведения: 100%
 🎵 AudioEngine: Установка скорости воспроизведения: 105%
 🎵 AudioEngine: Установка скорости воспроизведения: 110%
 🔇 Глубокая тишина - очистка нот
 🛑 Принудительная остановка всех нот (deep_silence), активных: 1
 Rehearsal: Line changing from 3 to 4
 Splitting block "Block 3" (11 lines) into 2 parts with ~6 lines each
   Part 1: lines 0-5 (6 lines)
   Part 2: lines 6-10 (5 lines)
 Splitting block "Block 6" (11 lines) into 2 parts with ~6 lines each
   Part 1: lines 0-5 (6 lines)
   Part 2: lines 6-10 (5 lines)
 Splitting block "Block 11" (12 lines) into 2 parts with ~6 lines each
   Part 1: lines 0-5 (6 lines)
   Part 2: lines 6-11 (6 lines)
 Rehearsal: Current line 3 belongs to block: block-1750411956243-0-8omiesqpdzt Array(4)
 Rehearsal: New line 4 belongs to block: 1 Array(4)
 Rehearsal: *** BLOCK CHANGED *** from block-1750411956243-0-8omiesqpdzt to 1
 Rehearsal: Line changed from 3 to 4
 Rehearsal: Current block lines: Array(4)
 Rehearsal: New block lines: Array(4)
 Splitting block "Block 3" (11 lines) into 2 parts with ~6 lines each
   Part 1: lines 0-5 (6 lines)
   Part 2: lines 6-10 (5 lines)
 Splitting block "Block 6" (11 lines) into 2 parts with ~6 lines each
   Part 1: lines 0-5 (6 lines)
   Part 2: lines 6-10 (5 lines)
 Splitting block "Block 11" (12 lines) into 2 parts with ~6 lines each
   Part 1: lines 0-5 (6 lines)
   Part 2: lines 6-11 (6 lines)
 Rehearsal: Current line: 4, Total blocks: 14
 Rehearsal: DETAILED Block structure:
   Block 0 (block-1750411956243-0-8omiesqpdzt): name="Block 1", lines=[0,1,2,3]
     Content preview: "When I pretend, everything is what I want it to be
I look exactly like what you had always wanted to"
       Line 0: "When I pretend, everything is what I want it to be"
       Line 1: "I look exactly like what you had always wanted to see"
       Line 2: "When I pretend, I can forget about the criminal I am"
       Line 3: "Stealing second after second just 'cause I know I can"
   Block 1 (1): name="Block 2", lines=[4,5,6,7]
     Content preview: "But I can't pretend this is the way it'll stay
I'm just (trying to bend the truth)
I can't pretend I"
       Line 4: "But I can't pretend this is the way it'll stay"
       Line 5: "I'm just (trying to bend the truth)"
       Line 6: "I can't pretend I'm who you want me to be"
       Line 7: "So I'm (lying my way from you)"
   Block 2 (2-part-0): name="Block 3", lines=[8,9,10,11,12,13]
     Content preview: "You
(No turning back now)
I wanna be pushed aside, so, let me go"
       Line 8: "You"
       Line 9: "(No turning back now)"
       Line 10: "I wanna be pushed aside, so, let me go"
       Line 11: "(No, no turning back now)"
       Line 12: "Let me take back my life"
       Line 13: "I'd rather be all alone"
   Block 3 (2-part-1): name="Block 3 (продолжение 2)", lines=[14,15,16,17,18]
     Content preview: "(No turning back now)
Anywhere on my own
'Cause I can see"
       Line 14: "(No turning back now)"
       Line 15: "Anywhere on my own"
       Line 16: "'Cause I can see"
       Line 17: "(No, no turning back now)"
       Line 18: "The very worst part of you is me"
   Block 4 (3): name="Block 4", lines=[19,20,21,22]
     Content preview: "I remember what they taught to me
Remember condescending talk of who I ought to be
Remember listenin"
       Line 19: "I remember what they taught to me"
       Line 20: "Remember condescending talk of who I ought to be"
       Line 21: "Remember listening to all of that and this again"
       Line 22: "So I pretended up a person who was fittin' in"
   Block 5 (4): name="Block 5", lines=[23,24,25,26]
     Content preview: "And now you think this person really is me
And I'm (trying to bend the truth)
But the more I push th"
       Line 23: "And now you think this person really is me"
       Line 24: "And I'm (trying to bend the truth)"
       Line 25: "But the more I push the more I'm pulling away"
       Line 26: "'Cause I'm (lying my way from you)"
   Block 6 (5-part-0): name="Block 6", lines=[27,28,29,30,31,32]
     Content preview: "You
(No turning back now)
I wanna be pushed aside, so, let me go"
       Line 27: "You"
       Line 28: "(No turning back now)"
       Line 29: "I wanna be pushed aside, so, let me go"
       Line 30: "(No, no turning back now)"
       Line 31: "Let me take back my life"
       Line 32: "I'd rather be all alone"
   Block 7 (5-part-1): name="Block 6 (продолжение 2)", lines=[33,34,35,36,37]
     Content preview: "(No turning back now)
Anywhere on my own
'Cause I can see"
       Line 33: "(No turning back now)"
       Line 34: "Anywhere on my own"
       Line 35: "'Cause I can see"
       Line 36: "(No, no turning back now)"
       Line 37: "The very worst part of you is me"
   Block 8 (6): name="Block 7", lines=[38,39,40]
     Content preview: "This isn't what I wanted to be
I never thought that what I said would have you running from me
Like "
       Line 38: "This isn't what I wanted to be"
       Line 39: "I never thought that what I said would have you running from me"
       Line 40: "Like this"
   Block 9 (7): name="Block 8", lines=[41,42,43]
     Content preview: "This isn't what I wanted to be
I never thought that what I said would have you running from me
Like "
       Line 41: "This isn't what I wanted to be"
       Line 42: "I never thought that what I said would have you running from me"
       Line 43: "Like this"
   Block 10 (8): name="Block 9", lines=[44,45,46]
     Content preview: "This isn't what I wanted to be
I never thought that what I said would have you running from me
Like "
       Line 44: "This isn't what I wanted to be"
       Line 45: "I never thought that what I said would have you running from me"
       Line 46: "Like this"
   Block 11 (9): name="Block 10", lines=[47,48,49]
     Content preview: "This isn't what I wanted to be
I never thought that what I said would have you running from me
Like "
       Line 47: "This isn't what I wanted to be"
       Line 48: "I never thought that what I said would have you running from me"
       Line 49: "Like this"
   Block 12 (10-part-0): name="Block 11", lines=[50,51,52,53,54,55]
     Content preview: "You
(No turning back now)
I wanna be pushed aside, so, let me go"
       Line 50: "You"
       Line 51: "(No turning back now)"
       Line 52: "I wanna be pushed aside, so, let me go"
       Line 53: "(No, no turning back now)"
       Line 54: "Let me take back my life"
       Line 55: "I'd rather be all alone"
   Block 13 (10-part-1): name="Block 11 (продолжение 2)", lines=[56,57,58,59,60,61]
     Content preview: "(No turning back now)
Anywhere on my own
'Cause I can see"
       Line 56: "(No turning back now)"
       Line 57: "Anywhere on my own"
       Line 58: "'Cause I can see"
       Line 59: "(No, no turning back now)"
       Line 60: "The very worst part of you"
       Line 61: "The very worst part of you is me"
 Rehearsal: Looking for block containing line 4
   Checking block 0: lineIndices=[0,1,2,3]
   ✗ Block 0 does NOT contain line 4
   Checking block 1: lineIndices=[4,5,6,7]
   ✓ Found! Block 1 contains line 4
 Rehearsal: Found active block at index 1 with lines: Array(4)
 Rehearsal: Active block 1: Object
rtf-parser.js:849 >>> FONT_CALC_DEBUG >>> Lines: 4, FontSize: 2.66rem, LineHeight: 3.23rem
rtf-parser.js:849 Rehearsal: Activated line 4 in block with transition: none
rtf-parser.js:849 Rehearsal: Next block preview for block 2: Object
rtf-parser.js:849 Rehearsal: Preview lines: Array(2)
rtf-parser.js:849 Rehearsal: Adding preview line 8: "You"
rtf-parser.js:849 Rehearsal: Adding preview line 9: "(No turning back now)"
rtf-parser.js:849 Rehearsal: Preview container added with 2 lines
rtf-parser.js:849 Rehearsal mode: Rendered active block 1 with next block preview
rtf-parser.js:849 BlockLoopControl: Обновление для текущего блока
rtf-parser.js:849 BlockLoopControl: Блок изменился, останавливаем зацикливание
rtf-parser.js:849 BlockLoopControl: _createLoopButtonForCurrentBlock called
rtf-parser.js:849 BlockLoopControl: lyricsDisplay.currentActiveBlock: Object
rtf-parser.js:849 BlockLoopControl: lyricsDisplay.textBlocks: Array(11)
rtf-parser.js:849 BlockLoopControl: Создаем кнопку для активного блока репетиции: Block 2
rtf-parser.js:849 BlockLoopControl: _createLoopButton called for block: Block 2
rtf-parser.js:849 BlockLoopControl: blockElement found: true
rtf-parser.js:849 BlockLoopControl: Кнопка создана для блока: Block 2
rtf-parser.js:849 🎵 AudioEngine: Установка скорости воспроизведения: 115%
rtf-parser.js:849 🎵 AudioEngine: Установка скорости воспроизведения: 120%
rtf-parser.js:849 🔇 Глубокая тишина - очистка нот
rtf-parser.js:849 🛑 Принудительная остановка всех нот (deep_silence), активных: 1
rtf-parser.js:849 🎵 AudioEngine: Установка скорости воспроизведения: 125%
rtf-parser.js:849 🚫 Блокирована очевидная гармоника: 145.3Hz (0.23x от 618.3Hz, ясность: 72.7%)
rtf-parser.js:849 🎵 AudioEngine: Установка скорости воспроизведения: 130%
rtf-parser.js:849 🎵 AudioEngine: Установка скорости воспроизведения: 135%
rtf-parser.js:849 🎵 AudioEngine: Установка скорости воспроизведения: 140%
rtf-parser.js:849 🎵 AudioEngine: Установка скорости воспроизведения: 145%
rtf-parser.js:849 🎵 AudioEngine: Установка скорости воспроизведения: 150%
rtf-parser.js:849 🎵 AudioEngine: Установка скорости воспроизведения: 155%
rtf-parser.js:849 Rehearsal: Line changing from 4 to 5
rtf-parser.js:849 Splitting block "Block 3" (11 lines) into 2 parts with ~6 lines each
rtf-parser.js:849   Part 1: lines 0-5 (6 lines)
rtf-parser.js:849   Part 2: lines 6-10 (5 lines)
rtf-parser.js:849 Splitting block "Block 6" (11 lines) into 2 parts with ~6 lines each
rtf-parser.js:849   Part 1: lines 0-5 (6 lines)
rtf-parser.js:849   Part 2: lines 6-10 (5 lines)
rtf-parser.js:849 Splitting block "Block 11" (12 lines) into 2 parts with ~6 lines each
rtf-parser.js:849   Part 1: lines 0-5 (6 lines)
rtf-parser.js:849   Part 2: lines 6-11 (6 lines)
rtf-parser.js:849 Rehearsal: Current line 4 belongs to block: 1 Array(4)
rtf-parser.js:849 Rehearsal: New line 5 belongs to block: 1 Array(4)
rtf-parser.js:849 Rehearsal: Same block (1), updating active line from 4 to 5
rtf-parser.js:849 [SETACTIVE] Called with index 5. Current style: rehearsal
rtf-parser.js:849 Rehearsal mode: Setting active line 5
rtf-parser.js:849 Activating rehearsal line at index 5
rtf-parser.js:849 BlockLoopControl: Активный блок изменился
rtf-parser.js:849 BlockLoopControl: _createLoopButtonForCurrentBlock called
rtf-parser.js:849 BlockLoopControl: lyricsDisplay.currentActiveBlock: Object
rtf-parser.js:849 BlockLoopControl: lyricsDisplay.textBlocks: Array(11)
rtf-parser.js:849 BlockLoopControl: Создаем кнопку для активного блока репетиции: Block 2
rtf-parser.js:849 BlockLoopControl: _createLoopButton called for block: Block 2
rtf-parser.js:849 BlockLoopControl: blockElement found: true
rtf-parser.js:849 BlockLoopControl: Кнопка создана для блока: Block 2
rtf-parser.js:849 🎵 AudioEngine: Установка скорости воспроизведения: 160%
rtf-parser.js:849 🔇 Глубокая тишина - очистка нот
rtf-parser.js:849 🛑 Принудительная остановка всех нот (deep_silence), активных: 1
rtf-parser.js:849 🎵 AudioEngine: Установка скорости воспроизведения: 165%
rtf-parser.js:849 🎵 AudioEngine: Установка скорости воспроизведения: 170%
rtf-parser.js:849 🎵 AudioEngine: Установка скорости воспроизведения: 175%
rtf-parser.js:849 🎵 AudioEngine: Установка скорости воспроизведения: 180%
rtf-parser.js:849 🎵 AudioEngine: Установка скорости воспроизведения: 185%
rtf-parser.js:849 Rehearsal: Line changing from 5 to 6
rtf-parser.js:849 Splitting block "Block 3" (11 lines) into 2 parts with ~6 lines each
rtf-parser.js:849   Part 1: lines 0-5 (6 lines)
rtf-parser.js:849   Part 2: lines 6-10 (5 lines)
rtf-parser.js:849 Splitting block "Block 6" (11 lines) into 2 parts with ~6 lines each
rtf-parser.js:849   Part 1: lines 0-5 (6 lines)
rtf-parser.js:849   Part 2: lines 6-10 (5 lines)
rtf-parser.js:849 Splitting block "Block 11" (12 lines) into 2 parts with ~6 lines each
rtf-parser.js:849   Part 1: lines 0-5 (6 lines)
rtf-parser.js:849   Part 2: lines 6-11 (6 lines)
rtf-parser.js:849 Rehearsal: Current line 5 belongs to block: 1 Array(4)
rtf-parser.js:849 Rehearsal: New line 6 belongs to block: 1 Array(4)
rtf-parser.js:849 Rehearsal: Same block (1), updating active line from 5 to 6
rtf-parser.js:849 [SETACTIVE] Called with index 6. Current style: rehearsal
rtf-parser.js:849 Rehearsal mode: Setting active line 6
rtf-parser.js:849 Activating rehearsal line at index 6
rtf-parser.js:849 BlockLoopControl: Активный блок изменился
rtf-parser.js:849 BlockLoopControl: _createLoopButtonForCurrentBlock called
 BlockLoopControl: lyricsDisplay.currentActiveBlock: Object
 BlockLoopControl: lyricsDisplay.textBlocks: Array(11)
 BlockLoopControl: Создаем кнопку для активного блока репетиции: Block 2
 BlockLoopControl: _createLoopButton called for block: Block 2
 BlockLoopControl: blockElement found: true
 BlockLoopControl: Кнопка создана для блока: Block 2
 🎵 AudioEngine: Установка скорости воспроизведения: 190%
 🎵 AudioEngine: Установка скорости воспроизведения: 195%
 Rehearsal: Line changing from 6 to 7
 Splitting block "Block 3" (11 lines) into 2 parts with ~6 lines each
   Part 1: lines 0-5 (6 lines)
   Part 2: lines 6-10 (5 lines)
 Splitting block "Block 6" (11 lines) into 2 parts with ~6 lines each
   Part 1: lines 0-5 (6 lines)
   Part 2: lines 6-10 (5 lines)
 Splitting block "Block 11" (12 lines) into 2 parts with ~6 lines each
   Part 1: lines 0-5 (6 lines)
   Part 2: lines 6-11 (6 lines)
 Rehearsal: Current line 6 belongs to block: 1 Array(4)
 Rehearsal: New line 7 belongs to block: 1 Array(4)
 Rehearsal: Same block (1), updating active line from 6 to 7
 [SETACTIVE] Called with index 7. Current style: rehearsal
 Rehearsal mode: Setting active line 7
 Activating rehearsal line at index 7
 BlockLoopControl: Активный блок изменился
 BlockLoopControl: _createLoopButtonForCurrentBlock called
 BlockLoopControl: lyricsDisplay.currentActiveBlock: Object
 BlockLoopControl: lyricsDisplay.textBlocks: Array(11)
 BlockLoopControl: Создаем кнопку для активного блока репетиции: Block 2
 BlockLoopControl: _createLoopButton called for block: Block 2
 BlockLoopControl: blockElement found: true
 BlockLoopControl: Кнопка создана для блока: Block 2
 🔇 Глубокая тишина - очистка нот
 🛑 Принудительная остановка всех нот (deep_silence), активных: 1
 🎵 AudioEngine: Установка скорости воспроизведения: 200%
 🔇 Глубокая тишина - очистка нот
 🛑 Принудительная остановка всех нот (deep_silence), активных: 1
 Rehearsal: Line changing from 7 to 8
 Splitting block "Block 3" (11 lines) into 2 parts with ~6 lines each
   Part 1: lines 0-5 (6 lines)
   Part 2: lines 6-10 (5 lines)
 Splitting block "Block 6" (11 lines) into 2 parts with ~6 lines each
   Part 1: lines 0-5 (6 lines)
   Part 2: lines 6-10 (5 lines)
 Splitting block "Block 11" (12 lines) into 2 parts with ~6 lines each
   Part 1: lines 0-5 (6 lines)
   Part 2: lines 6-11 (6 lines)
 Rehearsal: Current line 7 belongs to block: 1 Array(4)
 Rehearsal: New line 8 belongs to block: 2-part-0 Array(6)
 Rehearsal: *** BLOCK CHANGED *** from 1 to 2-part-0
 Rehearsal: Line changed from 7 to 8
 Rehearsal: Current block lines: Array(4)
 Rehearsal: New block lines: Array(6)
 Splitting block "Block 3" (11 lines) into 2 parts with ~6 lines each
   Part 1: lines 0-5 (6 lines)
   Part 2: lines 6-10 (5 lines)
 Splitting block "Block 6" (11 lines) into 2 parts with ~6 lines each
   Part 1: lines 0-5 (6 lines)
   Part 2: lines 6-10 (5 lines)
 Splitting block "Block 11" (12 lines) into 2 parts with ~6 lines each
   Part 1: lines 0-5 (6 lines)
   Part 2: lines 6-11 (6 lines)
 Rehearsal: Current line: 8, Total blocks: 14
 Rehearsal: DETAILED Block structure:
   Block 0 (block-1750411956243-0-8omiesqpdzt): name="Block 1", lines=[0,1,2,3]
     Content preview: "When I pretend, everything is what I want it to be
I look exactly like what you had always wanted to"
       Line 0: "When I pretend, everything is what I want it to be"
       Line 1: "I look exactly like what you had always wanted to see"
       Line 2: "When I pretend, I can forget about the criminal I am"
       Line 3: "Stealing second after second just 'cause I know I can"
   Block 1 (1): name="Block 2", lines=[4,5,6,7]
     Content preview: "But I can't pretend this is the way it'll stay
I'm just (trying to bend the truth)
I can't pretend I"
       Line 4: "But I can't pretend this is the way it'll stay"
       Line 5: "I'm just (trying to bend the truth)"
       Line 6: "I can't pretend I'm who you want me to be"
       Line 7: "So I'm (lying my way from you)"
   Block 2 (2-part-0): name="Block 3", lines=[8,9,10,11,12,13]
     Content preview: "You
(No turning back now)
I wanna be pushed aside, so, let me go"
       Line 8: "You"
       Line 9: "(No turning back now)"
       Line 10: "I wanna be pushed aside, so, let me go"
       Line 11: "(No, no turning back now)"
       Line 12: "Let me take back my life"
       Line 13: "I'd rather be all alone"
   Block 3 (2-part-1): name="Block 3 (продолжение 2)", lines=[14,15,16,17,18]
     Content preview: "(No turning back now)
Anywhere on my own
'Cause I can see"
       Line 14: "(No turning back now)"
       Line 15: "Anywhere on my own"
       Line 16: "'Cause I can see"
       Line 17: "(No, no turning back now)"
       Line 18: "The very worst part of you is me"
   Block 4 (3): name="Block 4", lines=[19,20,21,22]
     Content preview: "I remember what they taught to me
Remember condescending talk of who I ought to be
Remember listenin"
       Line 19: "I remember what they taught to me"
       Line 20: "Remember condescending talk of who I ought to be"
       Line 21: "Remember listening to all of that and this again"
       Line 22: "So I pretended up a person who was fittin' in"
   Block 5 (4): name="Block 5", lines=[23,24,25,26]
     Content preview: "And now you think this person really is me
And I'm (trying to bend the truth)
But the more I push th"
       Line 23: "And now you think this person really is me"
       Line 24: "And I'm (trying to bend the truth)"
       Line 25: "But the more I push the more I'm pulling away"
       Line 26: "'Cause I'm (lying my way from you)"
   Block 6 (5-part-0): name="Block 6", lines=[27,28,29,30,31,32]
     Content preview: "You
(No turning back now)
I wanna be pushed aside, so, let me go"
       Line 27: "You"
       Line 28: "(No turning back now)"
       Line 29: "I wanna be pushed aside, so, let me go"
       Line 30: "(No, no turning back now)"
       Line 31: "Let me take back my life"
       Line 32: "I'd rather be all alone"
   Block 7 (5-part-1): name="Block 6 (продолжение 2)", lines=[33,34,35,36,37]
     Content preview: "(No turning back now)
Anywhere on my own
'Cause I can see"
       Line 33: "(No turning back now)"
       Line 34: "Anywhere on my own"
       Line 35: "'Cause I can see"
       Line 36: "(No, no turning back now)"
       Line 37: "The very worst part of you is me"
   Block 8 (6): name="Block 7", lines=[38,39,40]
     Content preview: "This isn't what I wanted to be
I never thought that what I said would have you running from me
Like "
       Line 38: "This isn't what I wanted to be"
       Line 39: "I never thought that what I said would have you running from me"
       Line 40: "Like this"
   Block 9 (7): name="Block 8", lines=[41,42,43]
     Content preview: "This isn't what I wanted to be
I never thought that what I said would have you running from me
Like "
       Line 41: "This isn't what I wanted to be"
       Line 42: "I never thought that what I said would have you running from me"
       Line 43: "Like this"
   Block 10 (8): name="Block 9", lines=[44,45,46]
     Content preview: "This isn't what I wanted to be
I never thought that what I said would have you running from me
Like "
       Line 44: "This isn't what I wanted to be"
       Line 45: "I never thought that what I said would have you running from me"
       Line 46: "Like this"
   Block 11 (9): name="Block 10", lines=[47,48,49]
     Content preview: "This isn't what I wanted to be
I never thought that what I said would have you running from me
Like "
       Line 47: "This isn't what I wanted to be"
       Line 48: "I never thought that what I said would have you running from me"
       Line 49: "Like this"
   Block 12 (10-part-0): name="Block 11", lines=[50,51,52,53,54,55]
     Content preview: "You
(No turning back now)
I wanna be pushed aside, so, let me go"
       Line 50: "You"
       Line 51: "(No turning back now)"
       Line 52: "I wanna be pushed aside, so, let me go"
       Line 53: "(No, no turning back now)"
       Line 54: "Let me take back my life"
       Line 55: "I'd rather be all alone"
   Block 13 (10-part-1): name="Block 11 (продолжение 2)", lines=[56,57,58,59,60,61]
     Content preview: "(No turning back now)
Anywhere on my own
'Cause I can see"
       Line 56: "(No turning back now)"
       Line 57: "Anywhere on my own"
       Line 58: "'Cause I can see"
       Line 59: "(No, no turning back now)"
       Line 60: "The very worst part of you"
       Line 61: "The very worst part of you is me"
 Rehearsal: Looking for block containing line 8
   Checking block 0: lineIndices=[0,1,2,3]
   ✗ Block 0 does NOT contain line 8
   Checking block 1: lineIndices=[4,5,6,7]
   ✗ Block 1 does NOT contain line 8
   Checking block 2: lineIndices=[8,9,10,11,12,13]
   ✓ Found! Block 2 contains line 8
 Rehearsal: Found active block at index 2 with lines: Array(6)
 Rehearsal: Active block 2: Object
 >>> FONT_CALC_DEBUG >>> Lines: 6, FontSize: 2.38rem, LineHeight: 3.06rem
 Rehearsal: Activated line 8 in block with transition: none
 Rehearsal: Next block preview for block 3: Object
 Rehearsal: Preview lines: Array(2)
 Rehearsal: Adding preview line 14: "(No turning back now)"
 Rehearsal: Adding preview line 15: "Anywhere on my own"
 Rehearsal: Preview container added with 2 lines
 Rehearsal mode: Rendered active block 2 with next block preview
 BlockLoopControl: Обновление для текущего блока
 BlockLoopControl: Блок изменился, останавливаем зацикливание
 BlockLoopControl: _createLoopButtonForCurrentBlock called
 BlockLoopControl: lyricsDisplay.currentActiveBlock: Object
 BlockLoopControl: lyricsDisplay.textBlocks: Array(11)
 BlockLoopControl: Создаем кнопку для активного блока репетиции: Block 3
 BlockLoopControl: _createLoopButton called for block: Block 3
 BlockLoopControl: blockElement found: true
 BlockLoopControl: Кнопка создана для блока: Block 3
 🚫 Блокирована очевидная гармоника: 846.9Hz (3.96x от 213.9Hz, ясность: 85.0%)
 🚫 Блокирована очевидная гармоника: 846.9Hz (3.96x от 213.9Hz, ясность: 86.5%)
 🚫 Блокирована очевидная гармоника: 849.0Hz (3.97x от 213.9Hz, ясность: 86.9%)
 🎯 Высокая ясность (91.2%) - принимаем возможную гармонику: 428.2Hz
 ✅ Октавный переход разрешен: 213.9Hz → 428.2Hz за 208мс (ratio: 2.00)
 🚫 Октавный скачок заблокирован: 428.2Hz → 872.5Hz за 10мс (ratio: 2.04)
 🚫 Октавный скачок заблокирован: 428.2Hz → 881.1Hz за 28мс (ratio: 2.06)
 🚫 Блокирована очевидная гармоника: 475.5Hz (0.50x от 952.4Hz, ясность: 72.8%)
 Rehearsal: Line changing from 8 to 9
 Splitting block "Block 3" (11 lines) into 2 parts with ~6 lines each
   Part 1: lines 0-5 (6 lines)
   Part 2: lines 6-10 (5 lines)
 Splitting block "Block 6" (11 lines) into 2 parts with ~6 lines each
   Part 1: lines 0-5 (6 lines)
   Part 2: lines 6-10 (5 lines)
 Splitting block "Block 11" (12 lines) into 2 parts with ~6 lines each
   Part 1: lines 0-5 (6 lines)
   Part 2: lines 6-11 (6 lines)
 Rehearsal: Current line 8 belongs to block: 2-part-0 Array(6)
 Rehearsal: New line 9 belongs to block: 2-part-0 Array(6)
 Rehearsal: Same block (2-part-0), updating active line from 8 to 9
 [SETACTIVE] Called with index 9. Current style: rehearsal
 Rehearsal mode: Setting active line 9
 Activating rehearsal line at index 9
 BlockLoopControl: Активный блок изменился
 BlockLoopControl: _createLoopButtonForCurrentBlock called
 BlockLoopControl: lyricsDisplay.currentActiveBlock: Object
 BlockLoopControl: lyricsDisplay.textBlocks: Array(11)
 BlockLoopControl: Создаем кнопку для активного блока репетиции: Block 3
 BlockLoopControl: _createLoopButton called for block: Block 3
 BlockLoopControl: blockElement found: true
 BlockLoopControl: Кнопка создана для блока: Block 3
 🔇 Глубокая тишина - очистка нот
 🛑 Принудительная остановка всех нот (deep_silence), активных: 1
 🚫 Блокирована очевидная гармоника: 480.0Hz (0.51x от 947.3Hz, ясность: 76.8%)
 🚫 Блокирована очевидная гармоника: 475.0Hz (0.50x от 951.0Hz, ясность: 73.1%)
 🔇 Глубокая тишина - очистка нот
 🛑 Принудительная остановка всех нот (deep_silence), активных: 1
 🚫 Блокирована очевидная гармоника: 236.2Hz (0.25x от 951.0Hz, ясность: 75.5%)
 🚫 Блокирована очевидная гармоника: 236.1Hz (0.25x от 951.0Hz, ясность: 74.9%)
 🚫 Блокирована очевидная гармоника: 320.8Hz (2.01x от 159.4Hz, ясность: 76.9%)
 🔇 Глубокая тишина - очистка нот
 🛑 Принудительная остановка всех нот (deep_silence), активных: 1
 Rehearsal: Line changing from 9 to 10
 Splitting block "Block 3" (11 lines) into 2 parts with ~6 lines each
   Part 1: lines 0-5 (6 lines)
   Part 2: lines 6-10 (5 lines)
 Splitting block "Block 6" (11 lines) into 2 parts with ~6 lines each
   Part 1: lines 0-5 (6 lines)
   Part 2: lines 6-10 (5 lines)
 Splitting block "Block 11" (12 lines) into 2 parts with ~6 lines each
   Part 1: lines 0-5 (6 lines)
   Part 2: lines 6-11 (6 lines)
 Rehearsal: Current line 9 belongs to block: 2-part-0 Array(6)
 Rehearsal: New line 10 belongs to block: 2-part-0 Array(6)
 Rehearsal: Same block (2-part-0), updating active line from 9 to 10
 [SETACTIVE] Called with index 10. Current style: rehearsal
 Rehearsal mode: Setting active line 10
 Activating rehearsal line at index 10
 BlockLoopControl: Активный блок изменился
 BlockLoopControl: _createLoopButtonForCurrentBlock called
 BlockLoopControl: lyricsDisplay.currentActiveBlock: Object
 BlockLoopControl: lyricsDisplay.textBlocks: Array(11)
 BlockLoopControl: Создаем кнопку для активного блока репетиции: Block 3
 BlockLoopControl: _createLoopButton called for block: Block 3
 BlockLoopControl: blockElement found: true
 BlockLoopControl: Кнопка создана для блока: Block 3
 🔇 Глубокая тишина - очистка нот
 🛑 Принудительная остановка всех нот (deep_silence), активных: 1
 🚫 Блокирована очевидная гармоника: 488.1Hz (2.01x от 242.9Hz, ясность: 86.7%)
 🎯 Высокая ясность (91.0%) - принимаем возможную гармонику: 487.0Hz
 🚫 Блокирована очевидная гармоника: 634.1Hz (1.99x от 318.7Hz, ясность: 88.0%)
 🚫 Октавный скачок заблокирован: 715.5Hz → 330.0Hz за 16мс (ratio: 0.46)
 🚫 Блокирована очевидная гармоника: 893.1Hz (1.98x от 450.0Hz, ясность: 82.7%)
 ✅ Октавный переход разрешен: 433.1Hz → 841.6Hz за 70мс (ratio: 1.94)
 🚫 Блокирована очевидная гармоника: 491.0Hz (0.51x от 970.7Hz, ясность: 85.4%)
 🚫 Блокирована очевидная гармоника: 488.1Hz (0.50x от 970.7Hz, ясность: 75.8%)
 🚫 Блокирована очевидная гармоника: 481.8Hz (0.51x от 940.9Hz, ясность: 79.3%)
 🚫 Блокирована очевидная гармоника: 481.7Hz (0.50x от 957.6Hz, ясность: 86.7%)
 🚫 Блокирована очевидная гармоника: 482.9Hz (0.50x от 957.6Hz, ясность: 82.0%)
 Rehearsal: Line changing from 10 to 11
 Splitting block "Block 3" (11 lines) into 2 parts with ~6 lines each
   Part 1: lines 0-5 (6 lines)
   Part 2: lines 6-10 (5 lines)
 Splitting block "Block 6" (11 lines) into 2 parts with ~6 lines each
   Part 1: lines 0-5 (6 lines)
   Part 2: lines 6-10 (5 lines)
 Splitting block "Block 11" (12 lines) into 2 parts with ~6 lines each
   Part 1: lines 0-5 (6 lines)
   Part 2: lines 6-11 (6 lines)
 Rehearsal: Current line 10 belongs to block: 2-part-0 Array(6)
 Rehearsal: New line 11 belongs to block: 2-part-0 Array(6)
 Rehearsal: Same block (2-part-0), updating active line from 10 to 11
 [SETACTIVE] Called with index 11. Current style: rehearsal
 Rehearsal mode: Setting active line 11
 Activating rehearsal line at index 11
 BlockLoopControl: Активный блок изменился
 BlockLoopControl: _createLoopButtonForCurrentBlock called
 BlockLoopControl: lyricsDisplay.currentActiveBlock: Object
 BlockLoopControl: lyricsDisplay.textBlocks: Array(11)
 BlockLoopControl: Создаем кнопку для активного блока репетиции: Block 3
 BlockLoopControl: _createLoopButton called for block: Block 3
 BlockLoopControl: blockElement found: true
 BlockLoopControl: Кнопка создана для блока: Block 3
 🚫 Блокирована очевидная гармоника: 239.1Hz (0.50x от 480.9Hz, ясность: 82.1%)
 🚫 Блокирована очевидная гармоника: 239.1Hz (0.50x от 480.9Hz, ясность: 74.9%)
 🚫 Блокирована очевидная гармоника: 241.1Hz (0.50x от 479.9Hz, ясность: 72.8%)
 🔇 Глубокая тишина - очистка нот
 🛑 Принудительная остановка всех нот (deep_silence), активных: 1
 Rehearsal: Line changing from 11 to 12
 Splitting block "Block 3" (11 lines) into 2 parts with ~6 lines each
   Part 1: lines 0-5 (6 lines)
   Part 2: lines 6-10 (5 lines)
 Splitting block "Block 6" (11 lines) into 2 parts with ~6 lines each
   Part 1: lines 0-5 (6 lines)
   Part 2: lines 6-10 (5 lines)
 Splitting block "Block 11" (12 lines) into 2 parts with ~6 lines each
   Part 1: lines 0-5 (6 lines)
   Part 2: lines 6-11 (6 lines)
 Rehearsal: Current line 11 belongs to block: 2-part-0 Array(6)
 Rehearsal: New line 12 belongs to block: 2-part-0 Array(6)
 Rehearsal: Same block (2-part-0), updating active line from 11 to 12
 [SETACTIVE] Called with index 12. Current style: rehearsal
 Rehearsal mode: Setting active line 12
 Activating rehearsal line at index 12
 BlockLoopControl: Активный блок изменился
 BlockLoopControl: _createLoopButtonForCurrentBlock called
 BlockLoopControl: lyricsDisplay.currentActiveBlock: Object
 BlockLoopControl: lyricsDisplay.textBlocks: Array(11)
 BlockLoopControl: Создаем кнопку для активного блока репетиции: Block 3
 BlockLoopControl: _createLoopButton called for block: Block 3
 BlockLoopControl: blockElement found: true
 BlockLoopControl: Кнопка создана для блока: Block 3
 🚫 Блокирована очевидная гармоника: 971.6Hz (1.98x от 491.9Hz, ясность: 88.4%)
 ✅ Октавный переход разрешен: 491.9Hz → 965.2Hz за 50мс (ratio: 1.96)
 🚫 Блокирована очевидная гармоника: 488.2Hz (0.51x от 958.9Hz, ясность: 74.7%)
 🚫 Блокирована очевидная гармоника: 486.7Hz (0.51x от 958.9Hz, ясность: 81.6%)
 🚫 Блокирована очевидная гармоника: 486.0Hz (0.51x от 958.9Hz, ясность: 85.0%)
 🚫 Блокирована очевидная гармоника: 487.1Hz (0.51x от 958.9Hz, ясность: 86.2%)
 🚫 Блокирована очевидная гармоника: 485.2Hz (0.51x от 958.9Hz, ясность: 89.4%)
 ✅ Октавный переход разрешен: 958.9Hz → 500.9Hz за 132мс (ratio: 0.52)
 ✅ Октавный переход разрешен: 487.7Hz → 160.2Hz за 67мс (ratio: 0.33)
 Rehearsal: Line changing from 12 to 13
 Splitting block "Block 3" (11 lines) into 2 parts with ~6 lines each
   Part 1: lines 0-5 (6 lines)
   Part 2: lines 6-10 (5 lines)
 Splitting block "Block 6" (11 lines) into 2 parts with ~6 lines each
   Part 1: lines 0-5 (6 lines)
   Part 2: lines 6-10 (5 lines)
 Splitting block "Block 11" (12 lines) into 2 parts with ~6 lines each
   Part 1: lines 0-5 (6 lines)
   Part 2: lines 6-11 (6 lines)
 Rehearsal: Current line 12 belongs to block: 2-part-0 Array(6)
 Rehearsal: New line 13 belongs to block: 2-part-0 Array(6)
 Rehearsal: Same block (2-part-0), updating active line from 12 to 13
 [SETACTIVE] Called with index 13. Current style: rehearsal
 Rehearsal mode: Setting active line 13
 Activating rehearsal line at index 13
 BlockLoopControl: Активный блок изменился
 BlockLoopControl: _createLoopButtonForCurrentBlock called
 BlockLoopControl: lyricsDisplay.currentActiveBlock: Object
 BlockLoopControl: lyricsDisplay.textBlocks: Array(11)
 BlockLoopControl: Создаем кнопку для активного блока репетиции: Block 3
 BlockLoopControl: _createLoopButton called for block: Block 3
 BlockLoopControl: blockElement found: true
 BlockLoopControl: Кнопка создана для блока: Block 3
 🚫 Блокирована очевидная гармоника: 959.2Hz (1.98x от 484.4Hz, ясность: 87.4%)
 ✅ Октавный переход разрешен: 484.4Hz → 953.0Hz за 102мс (ratio: 1.97)
 🚫 Блокирована очевидная гармоника: 479.5Hz (0.50x от 951.9Hz, ясность: 81.6%)
 🚫 Блокирована очевидная гармоника: 483.0Hz (0.51x от 951.9Hz, ясность: 76.4%)
 🚫 Блокирована очевидная гармоника: 471.0Hz (0.49x от 951.9Hz, ясность: 83.9%)
 🚫 Блокирована очевидная гармоника: 983.4Hz (1.98x от 496.2Hz, ясность: 88.4%)
 🎯 Высокая ясность (91.6%) - принимаем возможную гармонику: 977.9Hz
 🚫 Октавный скачок заблокирован: 496.2Hz → 977.9Hz за 31мс (ratio: 1.97)
 ✅ Октавный переход разрешен: 496.2Hz → 978.0Hz за 47мс (ratio: 1.97)
 🚫 Блокирована очевидная гармоника: 474.6Hz (0.49x от 963.2Hz, ясность: 82.5%)
 🚫 Блокирована очевидная гармоника: 473.7Hz (0.49x от 963.2Hz, ясность: 76.6%)
 🚫 Блокирована очевидная гармоника: 976.0Hz (1.98x от 494.2Hz, ясность: 89.9%)
 🎯 Высокая ясность (96.5%) - принимаем возможную гармонику: 976.1Hz
 ✅ Октавный переход разрешен: 494.2Hz → 976.1Hz за 96мс (ratio: 1.98)
 Rehearsal: Line changing from 13 to 14
 Splitting block "Block 3" (11 lines) into 2 parts with ~6 lines each
   Part 1: lines 0-5 (6 lines)
   Part 2: lines 6-10 (5 lines)
 Splitting block "Block 6" (11 lines) into 2 parts with ~6 lines each
   Part 1: lines 0-5 (6 lines)
   Part 2: lines 6-10 (5 lines)
 Splitting block "Block 11" (12 lines) into 2 parts with ~6 lines each
   Part 1: lines 0-5 (6 lines)
   Part 2: lines 6-11 (6 lines)
 Rehearsal: Current line 13 belongs to block: 2-part-0 Array(6)
 Rehearsal: New line 14 belongs to block: 2-part-1 Array(5)
 Rehearsal: *** BLOCK CHANGED *** from 2-part-0 to 2-part-1
 Rehearsal: Line changed from 13 to 14
 Rehearsal: Current block lines: Array(6)
 Rehearsal: New block lines: Array(5)
 Splitting block "Block 3" (11 lines) into 2 parts with ~6 lines each
   Part 1: lines 0-5 (6 lines)
   Part 2: lines 6-10 (5 lines)
 Splitting block "Block 6" (11 lines) into 2 parts with ~6 lines each
   Part 1: lines 0-5 (6 lines)
   Part 2: lines 6-10 (5 lines)
 Splitting block "Block 11" (12 lines) into 2 parts with ~6 lines each
   Part 1: lines 0-5 (6 lines)
   Part 2: lines 6-11 (6 lines)
 Rehearsal: Current line: 14, Total blocks: 14
 Rehearsal: DETAILED Block structure:
   Block 0 (block-1750411956243-0-8omiesqpdzt): name="Block 1", lines=[0,1,2,3]
     Content preview: "When I pretend, everything is what I want it to be
I look exactly like what you had always wanted to"
       Line 0: "When I pretend, everything is what I want it to be"
       Line 1: "I look exactly like what you had always wanted to see"
       Line 2: "When I pretend, I can forget about the criminal I am"
       Line 3: "Stealing second after second just 'cause I know I can"
   Block 1 (1): name="Block 2", lines=[4,5,6,7]
     Content preview: "But I can't pretend this is the way it'll stay
I'm just (trying to bend the truth)
I can't pretend I"
       Line 4: "But I can't pretend this is the way it'll stay"
       Line 5: "I'm just (trying to bend the truth)"
       Line 6: "I can't pretend I'm who you want me to be"
       Line 7: "So I'm (lying my way from you)"
   Block 2 (2-part-0): name="Block 3", lines=[8,9,10,11,12,13]
     Content preview: "You
(No turning back now)
I wanna be pushed aside, so, let me go"
       Line 8: "You"
       Line 9: "(No turning back now)"
       Line 10: "I wanna be pushed aside, so, let me go"
       Line 11: "(No, no turning back now)"
       Line 12: "Let me take back my life"
       Line 13: "I'd rather be all alone"
   Block 3 (2-part-1): name="Block 3 (продолжение 2)", lines=[14,15,16,17,18]
     Content preview: "(No turning back now)
Anywhere on my own
'Cause I can see"
       Line 14: "(No turning back now)"
       Line 15: "Anywhere on my own"
       Line 16: "'Cause I can see"
       Line 17: "(No, no turning back now)"
       Line 18: "The very worst part of you is me"
   Block 4 (3): name="Block 4", lines=[19,20,21,22]
     Content preview: "I remember what they taught to me
Remember condescending talk of who I ought to be
Remember listenin"
       Line 19: "I remember what they taught to me"
       Line 20: "Remember condescending talk of who I ought to be"
       Line 21: "Remember listening to all of that and this again"
       Line 22: "So I pretended up a person who was fittin' in"
   Block 5 (4): name="Block 5", lines=[23,24,25,26]
     Content preview: "And now you think this person really is me
And I'm (trying to bend the truth)
But the more I push th"
       Line 23: "And now you think this person really is me"
       Line 24: "And I'm (trying to bend the truth)"
       Line 25: "But the more I push the more I'm pulling away"
       Line 26: "'Cause I'm (lying my way from you)"
   Block 6 (5-part-0): name="Block 6", lines=[27,28,29,30,31,32]
     Content preview: "You
(No turning back now)
I wanna be pushed aside, so, let me go"
       Line 27: "You"
       Line 28: "(No turning back now)"
       Line 29: "I wanna be pushed aside, so, let me go"
       Line 30: "(No, no turning back now)"
       Line 31: "Let me take back my life"
       Line 32: "I'd rather be all alone"
   Block 7 (5-part-1): name="Block 6 (продолжение 2)", lines=[33,34,35,36,37]
     Content preview: "(No turning back now)
Anywhere on my own
'Cause I can see"
       Line 33: "(No turning back now)"
       Line 34: "Anywhere on my own"
       Line 35: "'Cause I can see"
       Line 36: "(No, no turning back now)"
       Line 37: "The very worst part of you is me"
   Block 8 (6): name="Block 7", lines=[38,39,40]
     Content preview: "This isn't what I wanted to be
I never thought that what I said would have you running from me
Like "
       Line 38: "This isn't what I wanted to be"
       Line 39: "I never thought that what I said would have you running from me"
       Line 40: "Like this"
   Block 9 (7): name="Block 8", lines=[41,42,43]
     Content preview: "This isn't what I wanted to be
I never thought that what I said would have you running from me
Like "
       Line 41: "This isn't what I wanted to be"
       Line 42: "I never thought that what I said would have you running from me"
       Line 43: "Like this"
   Block 10 (8): name="Block 9", lines=[44,45,46]
     Content preview: "This isn't what I wanted to be
I never thought that what I said would have you running from me
Like "
       Line 44: "This isn't what I wanted to be"
       Line 45: "I never thought that what I said would have you running from me"
       Line 46: "Like this"
   Block 11 (9): name="Block 10", lines=[47,48,49]
     Content preview: "This isn't what I wanted to be
I never thought that what I said would have you running from me
Like "
       Line 47: "This isn't what I wanted to be"
       Line 48: "I never thought that what I said would have you running from me"
       Line 49: "Like this"
   Block 12 (10-part-0): name="Block 11", lines=[50,51,52,53,54,55]
     Content preview: "You
(No turning back now)
I wanna be pushed aside, so, let me go"
       Line 50: "You"
       Line 51: "(No turning back now)"
       Line 52: "I wanna be pushed aside, so, let me go"
       Line 53: "(No, no turning back now)"
       Line 54: "Let me take back my life"
       Line 55: "I'd rather be all alone"
   Block 13 (10-part-1): name="Block 11 (продолжение 2)", lines=[56,57,58,59,60,61]
     Content preview: "(No turning back now)
Anywhere on my own
'Cause I can see"
       Line 56: "(No turning back now)"
       Line 57: "Anywhere on my own"
       Line 58: "'Cause I can see"
       Line 59: "(No, no turning back now)"
       Line 60: "The very worst part of you"
       Line 61: "The very worst part of you is me"
 Rehearsal: Looking for block containing line 14
   Checking block 0: lineIndices=[0,1,2,3]
   ✗ Block 0 does NOT contain line 14
   Checking block 1: lineIndices=[4,5,6,7]
   ✗ Block 1 does NOT contain line 14
   Checking block 2: lineIndices=[8,9,10,11,12,13]
   ✗ Block 2 does NOT contain line 14
   Checking block 3: lineIndices=[14,15,16,17,18]
   ✓ Found! Block 3 contains line 14
 Rehearsal: Found active block at index 3 with lines: Array(5)
 Rehearsal: Active block 3: Object
 >>> FONT_CALC_DEBUG >>> Lines: 5, FontSize: 2.66rem, LineHeight: 3.23rem
 Rehearsal: Activated line 14 in block with transition: none
 Rehearsal: Next block preview for block 4: Object
 Rehearsal: Preview lines: Array(2)
 Rehearsal: Adding preview line 19: "I remember what they taught to me"
 Rehearsal: Adding preview line 20: "Remember condescending talk of who I ought to be"
 Rehearsal: Preview container added with 2 lines
 Rehearsal mode: Rendered active block 3 with next block preview
 BlockLoopControl: Обновление для текущего блока
 BlockLoopControl: Блок изменился, останавливаем зацикливание
 BlockLoopControl: _createLoopButtonForCurrentBlock called
 BlockLoopControl: lyricsDisplay.currentActiveBlock: Object
 BlockLoopControl: lyricsDisplay.textBlocks: Array(11)
 BlockLoopControl: Создаем кнопку для активного блока репетиции: Block 3 (продолжение 2)
 BlockLoopControl: _createLoopButton called for block: Block 3 (продолжение 2)
 BlockLoopControl: blockElement found: true
 BlockLoopControl: Кнопка создана для блока: Block 3 (продолжение 2)
 🚫 Блокирована очевидная гармоника: 488.0Hz (0.50x от 970.4Hz, ясность: 89.5%)
 🚫 Блокирована очевидная гармоника: 488.0Hz (0.50x от 970.4Hz, ясность: 89.5%)
 🚫 Блокирована очевидная гармоника: 240.4Hz (0.25x от 968.0Hz, ясность: 86.7%)
rtf-parser.js:849 🚫 Блокирована очевидная гармоника: 477.3Hz (0.50x от 957.2Hz, ясность: 81.8%)
rtf-parser.js:849 ✅ Октавный переход разрешен: 933.3Hz → 451.2Hz за 182мс (ratio: 0.48)
rtf-parser.js:849 🎵 AudioEngine: Установка скорости воспроизведения: 100%
rtf-parser.js:849 🔇 Глубокая тишина - очистка нот
rtf-parser.js:849 🛑 Принудительная остановка всех нот (deep_silence), активных: 1
rtf-parser.js:849 🔇 Глубокая тишина - очистка нот
rtf-parser.js:849 🛑 Принудительная остановка всех нот (deep_silence), активных: 1
rtf-parser.js:849 Rehearsal: Line changing from 14 to 15
rtf-parser.js:849 Splitting block "Block 3" (11 lines) into 2 parts with ~6 lines each
rtf-parser.js:849   Part 1: lines 0-5 (6 lines)
rtf-parser.js:849   Part 2: lines 6-10 (5 lines)
rtf-parser.js:849 Splitting block "Block 6" (11 lines) into 2 parts with ~6 lines each
rtf-parser.js:849   Part 1: lines 0-5 (6 lines)
rtf-parser.js:849   Part 2: lines 6-10 (5 lines)
rtf-parser.js:849 Splitting block "Block 11" (12 lines) into 2 parts with ~6 lines each
rtf-parser.js:849   Part 1: lines 0-5 (6 lines)
rtf-parser.js:849   Part 2: lines 6-11 (6 lines)
rtf-parser.js:849 Rehearsal: Current line 14 belongs to block: 2-part-1 Array(5)
rtf-parser.js:849 Rehearsal: New line 15 belongs to block: 2-part-1 Array(5)
rtf-parser.js:849 Rehearsal: Same block (2-part-1), updating active line from 14 to 15
rtf-parser.js:849 [SETACTIVE] Called with index 15. Current style: rehearsal
rtf-parser.js:849 Rehearsal mode: Setting active line 15
rtf-parser.js:849 Activating rehearsal line at index 15
rtf-parser.js:849 BlockLoopControl: Активный блок изменился
rtf-parser.js:849 BlockLoopControl: _createLoopButtonForCurrentBlock called
rtf-parser.js:849 BlockLoopControl: lyricsDisplay.currentActiveBlock: Object
rtf-parser.js:849 BlockLoopControl: lyricsDisplay.textBlocks: Array(11)
rtf-parser.js:849 BlockLoopControl: Создаем кнопку для активного блока репетиции: Block 3 (продолжение 2)
rtf-parser.js:849 BlockLoopControl: _createLoopButton called for block: Block 3 (продолжение 2)
rtf-parser.js:849 BlockLoopControl: blockElement found: true
rtf-parser.js:849 BlockLoopControl: Кнопка создана для блока: Block 3 (продолжение 2)
rtf-parser.js:849 🔇 Глубокая тишина - очистка нот
rtf-parser.js:849 🛑 Принудительная остановка всех нот (deep_silence), активных: 1
rtf-parser.js:849 🚫 Блокирована очевидная гармоника: 952.6Hz (2.00x от 475.5Hz, ясность: 80.2%)
rtf-parser.js:849 Rehearsal: Line changing from 15 to 16
rtf-parser.js:849 Splitting block "Block 3" (11 lines) into 2 parts with ~6 lines each
rtf-parser.js:849   Part 1: lines 0-5 (6 lines)
rtf-parser.js:849   Part 2: lines 6-10 (5 lines)
rtf-parser.js:849 Splitting block "Block 6" (11 lines) into 2 parts with ~6 lines each
rtf-parser.js:849   Part 1: lines 0-5 (6 lines)
rtf-parser.js:849   Part 2: lines 6-10 (5 lines)
rtf-parser.js:849 Splitting block "Block 11" (12 lines) into 2 parts with ~6 lines each
rtf-parser.js:849   Part 1: lines 0-5 (6 lines)
rtf-parser.js:849   Part 2: lines 6-11 (6 lines)
rtf-parser.js:849 Rehearsal: Current line 15 belongs to block: 2-part-1 Array(5)
rtf-parser.js:849 Rehearsal: New line 16 belongs to block: 2-part-1 Array(5)
rtf-parser.js:849 Rehearsal: Same block (2-part-1), updating active line from 15 to 16
rtf-parser.js:849 [SETACTIVE] Called with index 16. Current style: rehearsal
rtf-parser.js:849 Rehearsal mode: Setting active line 16
rtf-parser.js:849 Activating rehearsal line at index 16
rtf-parser.js:849 BlockLoopControl: Активный блок изменился
rtf-parser.js:849 BlockLoopControl: _createLoopButtonForCurrentBlock called
rtf-parser.js:849 BlockLoopControl: lyricsDisplay.currentActiveBlock: Object
rtf-parser.js:849 BlockLoopControl: lyricsDisplay.textBlocks: Array(11)
rtf-parser.js:849 BlockLoopControl: Создаем кнопку для активного блока репетиции: Block 3 (продолжение 2)
rtf-parser.js:849 BlockLoopControl: _createLoopButton called for block: Block 3 (продолжение 2)
rtf-parser.js:849 BlockLoopControl: blockElement found: true
rtf-parser.js:849 BlockLoopControl: Кнопка создана для блока: Block 3 (продолжение 2)
rtf-parser.js:849 Key pressed: Space
rtf-parser.js:849 Space bar pressed, toggling playback
rtf-parser.js:849 ⏸️ ИНСТРУМЕНТАЛ: Пауза
rtf-parser.js:849 ⏸️ ВОКАЛ: Пауза
rtf-parser.js:849 isPlaying property set to: false
rtf-parser.js:849 Key pressed:  , key code: 32, waveform active: false
rtf-parser.js:849 🔍 Статический анализ: 318.9Hz (55.8%)
rtf-parser.js:849 🔍 Статический анализ: 310.7Hz (61.2%)
rtf-parser.js:849 🔍 Статический анализ: 322.3Hz (63.7%)
rtf-parser.js:849 Key pressed: MetaLeft
rtf-parser.js:849 Key pressed: Meta, key code: 91, waveform active: false
rtf-parser.js:849 Key pressed: ShiftLeft
rtf-parser.js:849 Key pressed: Shift, key code: 16, waveform active: false
rtf-parser.js:849 LoopBlockManager: Shift key pressed, multiple selection mode active
rtf-parser.js:849 LoopBlockManager: Shift key released, multiple selection mode deactivated
rtf-parser.js:849 Key pressed: AltLeft
rtf-parser.js:849 Key pressed: Alt, key code: 18, waveform active: false
rtf-parser.js:849 Key pressed: MetaLeft
rtf-parser.js:849 Key pressed: Meta, key code: 91, waveform active: false
rtf-parser.js:849 Key pressed: KeyJ
rtf-parser.js:849 Key pressed: j, key code: 74, waveform active: false
