 Karaoke Background Manager: Stopping slideshow...
 Applying style: Репетиция with scale 1.00
 LyricsDisplay: Setting style to Репетиция
 Activating Rehearsal Display with blocks: Array(15)
 Rendering lyrics. Current style ID: rehearsal
 🔧 Block "Block 1": original=[0,1,2,3,4,5,6,7], sorted=[0,1,2,3,4,5,6,7]
 🔧 Block "Block 2": original=[8,9,10,11], sorted=[8,9,10,11]
 🔧 Block "Block 3": original=[12,13,14,15,16], sorted=[12,13,14,15,16]
 🔧 Block "Block 4": original=[17], sorted=[17]
 🔧 Block "Block 5": original=[18], sorted=[18]
 🔧 Block "Block 6": original=[19,20,21,22,23,24,25,26], sorted=[19,20,21,22,23,24,25,26]
 🔧 Block "Block 7": original=[27,28,29,30,31], sorted=[27,28,29,30,31]
 🔧 Block "Block 8": original=[32], sorted=[32]
 🔧 Block "Block 9": original=[33], sorted=[33]
 🔧 Block "Block 10": original=[34,35,36,37,38,39,40,41,42], sorted=[34,35,36,37,38,39,40,41,42]
 Splitting block "Block 10" (9 lines) into 2 parts with ~5 lines each
   Part 1: lines 0-4 (5 lines)
   Part 2: lines 5-8 (4 lines)
 🔧 Block "Block 11": original=[43], sorted=[43]
 🔧 Block "Block 12": original=[44], sorted=[44]
 🔧 Block "Block 13": original=[45], sorted=[45]
 🔧 Block "Block 14": original=[46], sorted=[46]
 🔧 Block "Block 15": original=[47,48], sorted=[47,48]
 Rehearsal: Current line: 11, Total blocks: 16
 Rehearsal: DETAILED Block structure:
   Block 0 (block-1751008072324-0-a3rolz30rye): name="Block 1", lines=[0,1,2,3,4,5,6,7]
     Content preview: "I am not a pattern to be followed
The pill that I'm on is a tough one to swallow
I'm not a criminal,"
       Line 0: "I am not a pattern to be followed"
       Line 1: "The pill that I'm on is a tough one to swallow"
       Line 2: "I'm not a criminal, not a role model"
       Line 3: "Not a born leader I'm a tough act to follow"
       Line 4: "I am not the fortune and the fame"
       Line 5: "Nor the same person telling you to forfeit the game"
       Line 6: "I came in the ring like a dog on a chain"
       Line 7: "And I found out the underbelly's sicker than it seems"
   Block 1 (1): name="Block 2", lines=[8,9,10,11]
     Content preview: "And it seems ugly, but it can get worse
use even a blueprint is a gift and a curse
use once you got "
       Line 8: "And it seems ugly, but it can get worse"
       Line 9: "use even a blueprint is a gift and a curse"
       Line 10: "use once you got a theory of how the thing works"
       Line 11: "Everybody wants the next thing to be just like the first"
   Block 2 (2): name="Block 3", lines=[12,13,14,15,16]
     Content preview: "And I'm not a robot
I'm not a monkey
I will not dance even if the beat's funky"
       Line 12: "And I'm not a robot"
       Line 13: "I'm not a monkey"
       Line 14: "I will not dance even if the beat's funky"
       Line 15: "Opposite of lazy, far from a punk"
       Line 16: "Ya'll ought to stop talking start trying to catch up motherfucker"
   Block 3 (3): name="Block 4", lines=[17]
     Content preview: "And all the people say"
       Line 17: "And all the people say"
   Block 4 (4): name="Block 5", lines=[18]
     Content preview: "Try to catch up motherfucker"
       Line 18: "Try to catch up motherfucker"
   Block 5 (5): name="Block 6", lines=[19,20,21,22,23,24,25,26]
     Content preview: "Lauryn said, money change a situation
Big said, it increase the complication
Kane said, don't step, "
       Line 19: "Lauryn said, money change a situation"
       Line 20: "Big said, it increase the complication"
       Line 21: "Kane said, don't step, I ain't the one"
       Line 22: "Chuck said, that uzi weigh a motherfuckin' ton"
       Line 23: "And I'm just a student of the game that they taught me"
       Line 24: "Rockin' every stage in every place that it brought me"
       Line 25: "I'm awfully underrated, but came here to correct it"
       Line 26: "And so it ain't mistaken I'ma state it for the record"
   Block 6 (6): name="Block 7", lines=[27,28,29,30,31]
     Content preview: "I am the opposite of wack, opposite of weak
Opposite of slack, synonym of heat
Synonym of crack, clo"
       Line 27: "I am the opposite of wack, opposite of weak"
       Line 28: "Opposite of slack, synonym of heat"
       Line 29: "Synonym of crack, closest to a peak"
       Line 30: "Far from a punk"
       Line 31: "Ya'll ought to stop talking, start trying to catch up motherfucker"
   Block 7 (7): name="Block 8", lines=[32]
     Content preview: "And all the people say"
       Line 32: "And all the people say"
   Block 8 (8): name="Block 9", lines=[33]
     Content preview: "Try to catch up motherfucker"
       Line 33: "Try to catch up motherfucker"
   Block 9 (9-part-0): name="Block 10", lines=[34,35,36,37,38]
     Content preview: "Oh, when they come for me
Come for me
I'll be gone"
       Line 34: "Oh, when they come for me"
       Line 35: "Come for me"
       Line 36: "I'll be gone"
       Line 37: "Oh, when they come for me"
       Line 38: "Come for me"
   Block 10 (9-part-1): name="Block 10 (продолжение 2)", lines=[39,40,41,42]
     Content preview: "I'll be gone
Oh, when they come for me
Come for me"
       Line 39: "I'll be gone"
       Line 40: "Oh, when they come for me"
       Line 41: "Come for me"
       Line 42: "I'll be gone"
   Block 11 (10): name="Block 11", lines=[43]
     Content preview: "And all the people say"
       Line 43: "And all the people say"
   Block 12 (11): name="Block 12", lines=[44]
     Content preview: "Try to catch up motherfucker"
       Line 44: "Try to catch up motherfucker"
   Block 13 (12): name="Block 13", lines=[45]
     Content preview: "And all the people say"
       Line 45: "And all the people say"
   Block 14 (13): name="Block 14", lines=[46]
     Content preview: "Try to catch up motherfucker"
       Line 46: "Try to catch up motherfucker"
   Block 15 (14): name="Block 15", lines=[47,48]
     Content preview: "Presten atenciуn todos
Toda la gente preste atenciуn, escъchenme ahora mismo"
       Line 47: "Presten atenciуn todos"
       Line 48: "Toda la gente preste atenciуn, escъchenme ahora mismo"
 Rehearsal: Looking for block containing line 11
   Checking block 0: lineIndices=[0,1,2,3,4,5,6,7]
   ✗ Block 0 does NOT contain line 11
   Checking block 1: lineIndices=[8,9,10,11]
   ✓ Found! Block 1 contains line 11
 Rehearsal: Found active block at index 1 with lines: Array(4)
 Rehearsal: Active block 1: Object
 >>> FONT_CALC_DEBUG >>> Lines: 4, FontSize: 2.66rem, LineHeight: 3.23rem
 Rehearsal: Activated line 11 in block with transition: none
 Rehearsal: Next block preview for block 2: Object
 Rehearsal: Preview lines: Array(2)
 Rehearsal: Adding preview line 12: "And I'm not a robot"
 Rehearsal: Adding preview line 13: "I'm not a monkey"
 Rehearsal: Preview container added with 2 lines
 Rehearsal mode: Rendered active block 1 with next block preview
 [SETACTIVE] Called with index 11. Current style: rehearsal
 Rehearsal mode: Setting active line 11
 Activating rehearsal line at index 11
 BlockLoopControl: Активирован
 BlockLoopControl: _createLoopButtonForCurrentBlock called
 BlockLoopControl: lyricsDisplay.currentActiveBlock: Object
 BlockLoopControl: lyricsDisplay.textBlocks: Array(15)
 BlockLoopControl: Создаем кнопку для активного блока репетиции: Block 2
 BlockLoopControl: _createLoopButton called for block: Block 2
 BlockLoopControl: Кнопка удалена, drag boundaries остаются активными
 BlockLoopControl: blockElement found: true
 ✅ DragBoundaryController activated for block: Block 2
 📊 Block line indices: [8,9,10,11]
 🎯 Initial boundaries received: null
 ✅ Set default boundaries from sorted indices: start=8, end=11
 [DragBoundary] ✅ Применены переданные границы: Object
 [DragBoundary] 🎯 Создание интерактивных линий границ
 [DragBoundary] 📍 Блок: Block 2, границы: 8-11
 [DragBoundary] 📋 Найдено строк в блоке: 4
 [DragBoundary] 📝 Строка 0: data-index="8", текст: "And it seems ugly, but it can "
 [DragBoundary] 📝 Строка 1: data-index="9", текст: "use even a blueprint is a gift"
 [DragBoundary] 📝 Строка 2: data-index="10", текст: "use once you got a theory of h"
 [DragBoundary] 📝 Строка 3: data-index="11", текст: "Everybody wants the next thing"
 [DragBoundary] 🎯 Поиск startLine (index 8): ✅ найден
 [DragBoundary] 📝 StartLine текст: "And it seems ugly, but it can get worse"
 [DragBoundary] 📐 StartLine rect: DOMRect
 [DragBoundary] 🎯 Поиск endLine (index 11): ✅ найден
 [DragBoundary] 📝 EndLine текст: "Everybody wants the next thing to be just like the"
 [DragBoundary] 📐 EndLine rect: DOMRect
 [DragBoundary] ✅ Создана стартовая линия для строки 8
 [DragBoundary] ✅ Создана конечная линия для строки 11
 [DragBoundary] ✅ Обе линии успешно созданы
 [DragBoundary] 📐 StartLine позиция: top=37.2421875, bottom=41.2421875
 [DragBoundary] 📐 EndLine позиция: top=296.5546875, bottom=300.5546875
 [DragBoundary] Обновлены визуальные состояния. Диапазон: 8-11
 [DragBoundary] ✅ Контроллер активирован
 BlockLoopControl: Создана кнопка для блока: Block 2
 BlockLoopControl: Кнопка создана для блока: Block 2
 🛡️ AUTO RECOVERY: System started (checking every 2s)
 🚀 Скрываю Живую Ленту
 ✅ Возврат в классический зал
 🎨 _hideColorDropdown вызван
 🔇 Глубокая тишина - очистка нот
 🛑 Принудительная остановка всех нот (deep_silence), активных: 1
 🔇 Глубокая тишина - очистка нот
 🛑 Принудительная остановка всех нот (deep_silence), активных: 1
 Rehearsal: Line changing from 11 to 12
 🔧 Block "Block 1": original=[0,1,2,3,4,5,6,7], sorted=[0,1,2,3,4,5,6,7]
 🔧 Block "Block 2": original=[8,9,10,11], sorted=[8,9,10,11]
 🔧 Block "Block 3": original=[12,13,14,15,16], sorted=[12,13,14,15,16]
 🔧 Block "Block 4": original=[17], sorted=[17]
 🔧 Block "Block 5": original=[18], sorted=[18]
 🔧 Block "Block 6": original=[19,20,21,22,23,24,25,26], sorted=[19,20,21,22,23,24,25,26]
 🔧 Block "Block 7": original=[27,28,29,30,31], sorted=[27,28,29,30,31]
 🔧 Block "Block 8": original=[32], sorted=[32]
 🔧 Block "Block 9": original=[33], sorted=[33]
 🔧 Block "Block 10": original=[34,35,36,37,38,39,40,41,42], sorted=[34,35,36,37,38,39,40,41,42]
 Splitting block "Block 10" (9 lines) into 2 parts with ~5 lines each
   Part 1: lines 0-4 (5 lines)
   Part 2: lines 5-8 (4 lines)
 🔧 Block "Block 11": original=[43], sorted=[43]
 🔧 Block "Block 12": original=[44], sorted=[44]
 🔧 Block "Block 13": original=[45], sorted=[45]
 🔧 Block "Block 14": original=[46], sorted=[46]
 🔧 Block "Block 15": original=[47,48], sorted=[47,48]
 Rehearsal: Current line 11 belongs to block: 1 Array(4)
 Rehearsal: New line 12 belongs to block: 2 Array(5)
 Rehearsal: *** BLOCK CHANGED *** from 1 to 2
 Rehearsal: Line changed from 11 to 12
 Rehearsal: Current block lines: Array(4)
 Rehearsal: New block lines: Array(5)
 🔧 Block "Block 1": original=[0,1,2,3,4,5,6,7], sorted=[0,1,2,3,4,5,6,7]
 🔧 Block "Block 2": original=[8,9,10,11], sorted=[8,9,10,11]
 🔧 Block "Block 3": original=[12,13,14,15,16], sorted=[12,13,14,15,16]
 🔧 Block "Block 4": original=[17], sorted=[17]
 🔧 Block "Block 5": original=[18], sorted=[18]
 🔧 Block "Block 6": original=[19,20,21,22,23,24,25,26], sorted=[19,20,21,22,23,24,25,26]
 🔧 Block "Block 7": original=[27,28,29,30,31], sorted=[27,28,29,30,31]
 🔧 Block "Block 8": original=[32], sorted=[32]
 🔧 Block "Block 9": original=[33], sorted=[33]
 🔧 Block "Block 10": original=[34,35,36,37,38,39,40,41,42], sorted=[34,35,36,37,38,39,40,41,42]
 Splitting block "Block 10" (9 lines) into 2 parts with ~5 lines each
   Part 1: lines 0-4 (5 lines)
   Part 2: lines 5-8 (4 lines)
 🔧 Block "Block 11": original=[43], sorted=[43]
 🔧 Block "Block 12": original=[44], sorted=[44]
 🔧 Block "Block 13": original=[45], sorted=[45]
 🔧 Block "Block 14": original=[46], sorted=[46]
 🔧 Block "Block 15": original=[47,48], sorted=[47,48]
 Rehearsal: Current line: 12, Total blocks: 16
 Rehearsal: DETAILED Block structure:
   Block 0 (block-1751008072324-0-a3rolz30rye): name="Block 1", lines=[0,1,2,3,4,5,6,7]
     Content preview: "I am not a pattern to be followed
The pill that I'm on is a tough one to swallow
I'm not a criminal,"
       Line 0: "I am not a pattern to be followed"
       Line 1: "The pill that I'm on is a tough one to swallow"
       Line 2: "I'm not a criminal, not a role model"
       Line 3: "Not a born leader I'm a tough act to follow"
       Line 4: "I am not the fortune and the fame"
       Line 5: "Nor the same person telling you to forfeit the game"
       Line 6: "I came in the ring like a dog on a chain"
       Line 7: "And I found out the underbelly's sicker than it seems"
   Block 1 (1): name="Block 2", lines=[8,9,10,11]
     Content preview: "And it seems ugly, but it can get worse
use even a blueprint is a gift and a curse
use once you got "
       Line 8: "And it seems ugly, but it can get worse"
       Line 9: "use even a blueprint is a gift and a curse"
       Line 10: "use once you got a theory of how the thing works"
       Line 11: "Everybody wants the next thing to be just like the first"
   Block 2 (2): name="Block 3", lines=[12,13,14,15,16]
     Content preview: "And I'm not a robot
I'm not a monkey
I will not dance even if the beat's funky"
       Line 12: "And I'm not a robot"
       Line 13: "I'm not a monkey"
       Line 14: "I will not dance even if the beat's funky"
       Line 15: "Opposite of lazy, far from a punk"
       Line 16: "Ya'll ought to stop talking start trying to catch up motherfucker"
   Block 3 (3): name="Block 4", lines=[17]
     Content preview: "And all the people say"
       Line 17: "And all the people say"
   Block 4 (4): name="Block 5", lines=[18]
     Content preview: "Try to catch up motherfucker"
       Line 18: "Try to catch up motherfucker"
   Block 5 (5): name="Block 6", lines=[19,20,21,22,23,24,25,26]
     Content preview: "Lauryn said, money change a situation
Big said, it increase the complication
Kane said, don't step, "
       Line 19: "Lauryn said, money change a situation"
       Line 20: "Big said, it increase the complication"
       Line 21: "Kane said, don't step, I ain't the one"
       Line 22: "Chuck said, that uzi weigh a motherfuckin' ton"
       Line 23: "And I'm just a student of the game that they taught me"
       Line 24: "Rockin' every stage in every place that it brought me"
       Line 25: "I'm awfully underrated, but came here to correct it"
       Line 26: "And so it ain't mistaken I'ma state it for the record"
   Block 6 (6): name="Block 7", lines=[27,28,29,30,31]
     Content preview: "I am the opposite of wack, opposite of weak
Opposite of slack, synonym of heat
Synonym of crack, clo"
       Line 27: "I am the opposite of wack, opposite of weak"
       Line 28: "Opposite of slack, synonym of heat"
       Line 29: "Synonym of crack, closest to a peak"
       Line 30: "Far from a punk"
       Line 31: "Ya'll ought to stop talking, start trying to catch up motherfucker"
   Block 7 (7): name="Block 8", lines=[32]
     Content preview: "And all the people say"
       Line 32: "And all the people say"
   Block 8 (8): name="Block 9", lines=[33]
     Content preview: "Try to catch up motherfucker"
       Line 33: "Try to catch up motherfucker"
   Block 9 (9-part-0): name="Block 10", lines=[34,35,36,37,38]
     Content preview: "Oh, when they come for me
Come for me
I'll be gone"
       Line 34: "Oh, when they come for me"
       Line 35: "Come for me"
       Line 36: "I'll be gone"
       Line 37: "Oh, when they come for me"
       Line 38: "Come for me"
   Block 10 (9-part-1): name="Block 10 (продолжение 2)", lines=[39,40,41,42]
     Content preview: "I'll be gone
Oh, when they come for me
Come for me"
       Line 39: "I'll be gone"
       Line 40: "Oh, when they come for me"
       Line 41: "Come for me"
       Line 42: "I'll be gone"
   Block 11 (10): name="Block 11", lines=[43]
     Content preview: "And all the people say"
       Line 43: "And all the people say"
   Block 12 (11): name="Block 12", lines=[44]
     Content preview: "Try to catch up motherfucker"
       Line 44: "Try to catch up motherfucker"
   Block 13 (12): name="Block 13", lines=[45]
     Content preview: "And all the people say"
       Line 45: "And all the people say"
   Block 14 (13): name="Block 14", lines=[46]
     Content preview: "Try to catch up motherfucker"
       Line 46: "Try to catch up motherfucker"
   Block 15 (14): name="Block 15", lines=[47,48]
     Content preview: "Presten atenciуn todos
Toda la gente preste atenciуn, escъchenme ahora mismo"
       Line 47: "Presten atenciуn todos"
       Line 48: "Toda la gente preste atenciуn, escъchenme ahora mismo"
 Rehearsal: Looking for block containing line 12
   Checking block 0: lineIndices=[0,1,2,3,4,5,6,7]
   ✗ Block 0 does NOT contain line 12
   Checking block 1: lineIndices=[8,9,10,11]
   ✗ Block 1 does NOT contain line 12
   Checking block 2: lineIndices=[12,13,14,15,16]
   ✓ Found! Block 2 contains line 12
 Rehearsal: Found active block at index 2 with lines: Array(5)
 Rehearsal: Active block 2: Object
 >>> FONT_CALC_DEBUG >>> Lines: 5, FontSize: 2.66rem, LineHeight: 3.23rem
 Rehearsal: Activated line 12 in block with transition: none
 Rehearsal: Next block preview for block 3: Object
 Rehearsal: Preview lines: Array(1)
 Rehearsal: Adding preview line 17: "And all the people say"
 Rehearsal: Preview container added with 1 lines
 Rehearsal mode: Rendered active block 2 with next block preview
 BlockLoopControl: Обновление для текущего блока
 BlockLoopControl: Calculating time range for block "Block 2" with lines [10,11,8,9]
 BlockLoopControl: Available markers count: 49
 BlockLoopControl: Block line range: 8 to 11
 BlockLoopControl: Found start marker for line 8: 74.75s
 BlockLoopControl: Searching for end marker after line 11
 BlockLoopControl: Found end marker (first of next block) for line 12: 85.25s
 BlockLoopControl: Block "Block 2" LOOP BOUNDS: START=74.75s END=85.25s (duration: 10.51s)
 BlockLoopControl: Calculating time range for block "Block 3" with lines [12,13,14,15,16]
 BlockLoopControl: Available markers count: 49
 BlockLoopControl: Block line range: 12 to 16
 BlockLoopControl: Found start marker for line 12: 85.25s
 BlockLoopControl: Searching for end marker after line 16
 BlockLoopControl: Found end marker (first of next block) for line 17: 97.89s
 BlockLoopControl: Block "Block 3" LOOP BOUNDS: START=85.25s END=97.89s (duration: 12.63s)
 BlockLoopControl: Блок изменился, останавливаем зацикливание
 BlockLoopControl: Текущий блок лупа: Block 2
 BlockLoopControl: Новый активный блок: Block 3
 BlockLoopControl: _createLoopButtonForCurrentBlock called
 BlockLoopControl: lyricsDisplay.currentActiveBlock: Object
 BlockLoopControl: lyricsDisplay.textBlocks: Array(15)
 BlockLoopControl: Создаем кнопку для активного блока репетиции: Block 3
 BlockLoopControl: _createLoopButton called for block: Block 3
 BlockLoopControl: Кнопка удалена, drag boundaries остаются активными
 BlockLoopControl: blockElement found: true
 ✅ DragBoundaryController activated for block: Block 3
 📊 Block line indices: [12,13,14,15,16]
 🎯 Initial boundaries received: null
 ✅ Set default boundaries from sorted indices: start=12, end=16
 [DragBoundary] ✅ Применены переданные границы: Object
 [DragBoundary] 🎯 Создание интерактивных линий границ
 [DragBoundary] 📍 Блок: Block 3, границы: 12-16
 [DragBoundary] 📋 Найдено строк в блоке: 5
 [DragBoundary] 📝 Строка 0: data-index="12", текст: "And I'm not a robot"
 [DragBoundary] 📝 Строка 1: data-index="13", текст: "I'm not a monkey"
 [DragBoundary] 📝 Строка 2: data-index="14", текст: "I will not dance even if the b"
 [DragBoundary] 📝 Строка 3: data-index="15", текст: "Opposite of lazy, far from a p"
 [DragBoundary] 📝 Строка 4: data-index="16", текст: "Ya'll ought to stop talking st"
 [DragBoundary] 🎯 Поиск startLine (index 12): ✅ найден
 [DragBoundary] 📝 StartLine текст: "And I'm not a robot"
 [DragBoundary] 📐 StartLine rect: DOMRect
 [DragBoundary] 🎯 Поиск endLine (index 16): ✅ найден
 [DragBoundary] 📝 EndLine текст: "Ya'll ought to stop talking start trying to catch "
 [DragBoundary] 📐 EndLine rect: DOMRect
 [DragBoundary] ✅ Создана стартовая линия для строки 12
 [DragBoundary] ✅ Создана конечная линия для строки 16
 [DragBoundary] ✅ Обе линии успешно созданы
 [DragBoundary] 📐 StartLine позиция: top=3.578125, bottom=7.578125
 [DragBoundary] 📐 EndLine позиция: top=330.21875, bottom=334.21875
 [DragBoundary] Обновлены визуальные состояния. Диапазон: 12-16
 [DragBoundary] ✅ Контроллер активирован
 BlockLoopControl: Создана кнопка для блока: Block 3
 BlockLoopControl: Кнопка создана для блока: Block 3
 🎵 ИНСТРУМЕНТАЛ: Скорость установлена 100%
 🎤 ВОКАЛ: Скорость установлена 100%
 ⚡ BPM: Скорость воспроизведения 100%
 🎨 _hideColorDropdown вызван
 🚫 Октавный скачок заблокирован: 252.6Hz → 496.4Hz за 14мс (ratio: 1.96)
 🎯 Высокая ясность (98.3%) - принимаем возможную гармонику: 241.3Hz
 Rehearsal: Line changing from 12 to 13
 🔧 Block "Block 1": original=[0,1,2,3,4,5,6,7], sorted=[0,1,2,3,4,5,6,7]
 🔧 Block "Block 2": original=[8,9,10,11], sorted=[8,9,10,11]
 🔧 Block "Block 3": original=[12,13,14,15,16], sorted=[12,13,14,15,16]
 🔧 Block "Block 4": original=[17], sorted=[17]
 🔧 Block "Block 5": original=[18], sorted=[18]
 🔧 Block "Block 6": original=[19,20,21,22,23,24,25,26], sorted=[19,20,21,22,23,24,25,26]
 🔧 Block "Block 7": original=[27,28,29,30,31], sorted=[27,28,29,30,31]
 🔧 Block "Block 8": original=[32], sorted=[32]
 🔧 Block "Block 9": original=[33], sorted=[33]
 🔧 Block "Block 10": original=[34,35,36,37,38,39,40,41,42], sorted=[34,35,36,37,38,39,40,41,42]
 Splitting block "Block 10" (9 lines) into 2 parts with ~5 lines each
   Part 1: lines 0-4 (5 lines)
   Part 2: lines 5-8 (4 lines)
 🔧 Block "Block 11": original=[43], sorted=[43]
 🔧 Block "Block 12": original=[44], sorted=[44]
 🔧 Block "Block 13": original=[45], sorted=[45]
 🔧 Block "Block 14": original=[46], sorted=[46]
 🔧 Block "Block 15": original=[47,48], sorted=[47,48]
 Rehearsal: Current line 12 belongs to block: 2 Array(5)
 Rehearsal: New line 13 belongs to block: 2 Array(5)
 Rehearsal: Same block (2), updating active line from 12 to 13
 [SETACTIVE] Called with index 13. Current style: rehearsal
 Rehearsal mode: Setting active line 13
 Activating rehearsal line at index 13
 📡 BLOCK CHANGE EVENT received
    Current loop block: Block 3 (ID: 2)
    New active block: Block 3 (ID: 2)
    Loop is active: false
    Seeking in progress: false
    Same block ID: true
    Same block name: true
    Current block lines: [12,13,14,15,16]
    New block lines: [12,13,14,15,16]
    Same lines: true
 BlockLoopControl: Calculating time range for block "Block 3" with lines [12,13,14,15,16]
 BlockLoopControl: Available markers count: 49
 BlockLoopControl: Block line range: 12 to 16
 BlockLoopControl: Found start marker for line 12: 85.25s
 BlockLoopControl: Searching for end marker after line 16
 BlockLoopControl: Found end marker (first of next block) for line 17: 97.89s
 BlockLoopControl: Block "Block 3" LOOP BOUNDS: START=85.25s END=97.89s (duration: 12.63s)
 BlockLoopControl: Calculating time range for block "Block 3" with lines [12,13,14,15,16]
 BlockLoopControl: Available markers count: 49
 BlockLoopControl: Block line range: 12 to 16
 BlockLoopControl: Found start marker for line 12: 85.25s
 BlockLoopControl: Searching for end marker after line 16
 BlockLoopControl: Found end marker (first of next block) for line 17: 97.89s
 BlockLoopControl: Block "Block 3" LOOP BOUNDS: START=85.25s END=97.89s (duration: 12.63s)
    Current time range: 85.253s - 97.885s
    New time range: 85.253s - 97.885s
    Time difference: 0.000s
    Same time range: true
 ✅ SAME BLOCK CONFIRMED: Not stopping loop - this is the same block
 Auto-scroll re-enabled after scroll event
 🔇 Глубокая тишина - очистка нот
 🛑 Принудительная остановка всех нот (deep_silence), активных: 1
 Rehearsal mode: Auto-returned to top after scroll event
 Rehearsal: Line changing from 13 to 14
 🔧 Block "Block 1": original=[0,1,2,3,4,5,6,7], sorted=[0,1,2,3,4,5,6,7]
 🔧 Block "Block 2": original=[8,9,10,11], sorted=[8,9,10,11]
 🔧 Block "Block 3": original=[12,13,14,15,16], sorted=[12,13,14,15,16]
 🔧 Block "Block 4": original=[17], sorted=[17]
 🔧 Block "Block 5": original=[18], sorted=[18]
 🔧 Block "Block 6": original=[19,20,21,22,23,24,25,26], sorted=[19,20,21,22,23,24,25,26]
 🔧 Block "Block 7": original=[27,28,29,30,31], sorted=[27,28,29,30,31]
 🔧 Block "Block 8": original=[32], sorted=[32]
 🔧 Block "Block 9": original=[33], sorted=[33]
 🔧 Block "Block 10": original=[34,35,36,37,38,39,40,41,42], sorted=[34,35,36,37,38,39,40,41,42]
 Splitting block "Block 10" (9 lines) into 2 parts with ~5 lines each
   Part 1: lines 0-4 (5 lines)
   Part 2: lines 5-8 (4 lines)
 🔧 Block "Block 11": original=[43], sorted=[43]
 🔧 Block "Block 12": original=[44], sorted=[44]
 🔧 Block "Block 13": original=[45], sorted=[45]
 🔧 Block "Block 14": original=[46], sorted=[46]
 🔧 Block "Block 15": original=[47,48], sorted=[47,48]
 Rehearsal: Current line 13 belongs to block: 2 Array(5)
 Rehearsal: New line 14 belongs to block: 2 Array(5)
 Rehearsal: Same block (2), updating active line from 13 to 14
 [SETACTIVE] Called with index 14. Current style: rehearsal
 Rehearsal mode: Setting active line 14
 Activating rehearsal line at index 14
 📡 BLOCK CHANGE EVENT received
    Current loop block: Block 3 (ID: 2)
    New active block: Block 3 (ID: 2)
    Loop is active: false
    Seeking in progress: false
    Same block ID: true
    Same block name: true
    Current block lines: [12,13,14,15,16]
    New block lines: [12,13,14,15,16]
    Same lines: true
 BlockLoopControl: Calculating time range for block "Block 3" with lines [12,13,14,15,16]
 BlockLoopControl: Available markers count: 49
 BlockLoopControl: Block line range: 12 to 16
 BlockLoopControl: Found start marker for line 12: 85.25s
 BlockLoopControl: Searching for end marker after line 16
 BlockLoopControl: Found end marker (first of next block) for line 17: 97.89s
 BlockLoopControl: Block "Block 3" LOOP BOUNDS: START=85.25s END=97.89s (duration: 12.63s)
 BlockLoopControl: Calculating time range for block "Block 3" with lines [12,13,14,15,16]
 BlockLoopControl: Available markers count: 49
 BlockLoopControl: Block line range: 12 to 16
 BlockLoopControl: Found start marker for line 12: 85.25s
 BlockLoopControl: Searching for end marker after line 16
 BlockLoopControl: Found end marker (first of next block) for line 17: 97.89s
 BlockLoopControl: Block "Block 3" LOOP BOUNDS: START=85.25s END=97.89s (duration: 12.63s)
    Current time range: 85.253s - 97.885s
    New time range: 85.253s - 97.885s
    Time difference: 0.000s
    Same time range: true
 ✅ SAME BLOCK CONFIRMED: Not stopping loop - this is the same block
 ✅ Октавный переход разрешен: 871.7Hz → 240.7Hz за 48мс (ratio: 0.28)
 🎵 ИНСТРУМЕНТАЛ: Громкость установлена 25%
 🎵 ИНСТРУМЕНТАЛ: Громкость установлена 27%
 🎵 ИНСТРУМЕНТАЛ: Громкость установлена 29%
 🎵 ИНСТРУМЕНТАЛ: Громкость установлена 38%
 🎵 ИНСТРУМЕНТАЛ: Громкость установлена 47%
 🎵 ИНСТРУМЕНТАЛ: Громкость установлена 49%
 🎵 ИНСТРУМЕНТАЛ: Громкость установлена 50%
 🎨 _hideColorDropdown вызван
 Rehearsal: Line changing from 14 to 15
 🔧 Block "Block 1": original=[0,1,2,3,4,5,6,7], sorted=[0,1,2,3,4,5,6,7]
 🔧 Block "Block 2": original=[8,9,10,11], sorted=[8,9,10,11]
 🔧 Block "Block 3": original=[12,13,14,15,16], sorted=[12,13,14,15,16]
 🔧 Block "Block 4": original=[17], sorted=[17]
 🔧 Block "Block 5": original=[18], sorted=[18]
 🔧 Block "Block 6": original=[19,20,21,22,23,24,25,26], sorted=[19,20,21,22,23,24,25,26]
 🔧 Block "Block 7": original=[27,28,29,30,31], sorted=[27,28,29,30,31]
 🔧 Block "Block 8": original=[32], sorted=[32]
 🔧 Block "Block 9": original=[33], sorted=[33]
 🔧 Block "Block 10": original=[34,35,36,37,38,39,40,41,42], sorted=[34,35,36,37,38,39,40,41,42]
 Splitting block "Block 10" (9 lines) into 2 parts with ~5 lines each
   Part 1: lines 0-4 (5 lines)
   Part 2: lines 5-8 (4 lines)
 🔧 Block "Block 11": original=[43], sorted=[43]
 🔧 Block "Block 12": original=[44], sorted=[44]
 🔧 Block "Block 13": original=[45], sorted=[45]
 🔧 Block "Block 14": original=[46], sorted=[46]
 🔧 Block "Block 15": original=[47,48], sorted=[47,48]
 Rehearsal: Current line 14 belongs to block: 2 Array(5)
 Rehearsal: New line 15 belongs to block: 2 Array(5)
 Rehearsal: Same block (2), updating active line from 14 to 15
 [SETACTIVE] Called with index 15. Current style: rehearsal
 Rehearsal mode: Setting active line 15
 Activating rehearsal line at index 15
 📡 BLOCK CHANGE EVENT received
    Current loop block: Block 3 (ID: 2)
    New active block: Block 3 (ID: 2)
    Loop is active: false
    Seeking in progress: false
    Same block ID: true
    Same block name: true
    Current block lines: [12,13,14,15,16]
    New block lines: [12,13,14,15,16]
    Same lines: true
 BlockLoopControl: Calculating time range for block "Block 3" with lines [12,13,14,15,16]
 BlockLoopControl: Available markers count: 49
 BlockLoopControl: Block line range: 12 to 16
 BlockLoopControl: Found start marker for line 12: 85.25s
 BlockLoopControl: Searching for end marker after line 16
 BlockLoopControl: Found end marker (first of next block) for line 17: 97.89s
 BlockLoopControl: Block "Block 3" LOOP BOUNDS: START=85.25s END=97.89s (duration: 12.63s)
 BlockLoopControl: Calculating time range for block "Block 3" with lines [12,13,14,15,16]
 BlockLoopControl: Available markers count: 49
 BlockLoopControl: Block line range: 12 to 16
 BlockLoopControl: Found start marker for line 12: 85.25s
 BlockLoopControl: Searching for end marker after line 16
 BlockLoopControl: Found end marker (first of next block) for line 17: 97.89s
 BlockLoopControl: Block "Block 3" LOOP BOUNDS: START=85.25s END=97.89s (duration: 12.63s)
    Current time range: 85.253s - 97.885s
    New time range: 85.253s - 97.885s
    Time difference: 0.000s
    Same time range: true
 ✅ SAME BLOCK CONFIRMED: Not stopping loop - this is the same block
 Switching to concert mode
 App: Сохраняем предыдущий режим: rehearsal
 Activating concert mode
 Karaoke Background Manager: Stopping slideshow...
 Applying style: Концертный with scale 1.20
 TextStyleManager: Scaled font size from 1.6em to 1.92em
 Deactivating Rehearsal Display
 LyricsDisplay: Setting style to Концертный
 Rendering lyrics. Current style ID: concert
 Rendering standard line [0]: 'I am not a pattern to be followed'
 Rendering standard line [1]: 'The pill that I'm on is a tough one to swallow'
 Rendering standard line [2]: 'I'm not a criminal, not a role model'
 Rendering standard line [3]: 'Not a born leader I'm a tough act to follow'
 Rendering standard line [4]: 'I am not the fortune and the fame'
 Rendering standard line [5]: 'Nor the same person telling you to forfeit the game'
 Rendering standard line [6]: 'I came in the ring like a dog on a chain'
 Rendering standard line [7]: 'And I found out the underbelly's sicker than it seems'
 Rendering standard line [8]: 'And it seems ugly, but it can get worse'
 Rendering standard line [9]: 'use even a blueprint is a gift and a curse'
 Rendering standard line [10]: 'use once you got a theory of how the thing works'
 Rendering standard line [11]: 'Everybody wants the next thing to be just like the first'
 Rendering standard line [12]: 'And I'm not a robot'
 Rendering standard line [13]: 'I'm not a monkey'
 Rendering standard line [14]: 'I will not dance even if the beat's funky'
 Rendering standard line [15]: 'Opposite of lazy, far from a punk'
 Rendering standard line [16]: 'Ya'll ought to stop talking start trying to catch up motherfucker'
 Rendering standard line [17]: 'And all the people say'
 Rendering standard line [18]: 'Try to catch up motherfucker'
 Rendering standard line [19]: 'Lauryn said, money change a situation'
 Rendering standard line [20]: 'Big said, it increase the complication'
 Rendering standard line [21]: 'Kane said, don't step, I ain't the one'
 Rendering standard line [22]: 'Chuck said, that uzi weigh a motherfuckin' ton'
 Rendering standard line [23]: 'And I'm just a student of the game that they taught me'
 Rendering standard line [24]: 'Rockin' every stage in every place that it brought me'
 Rendering standard line [25]: 'I'm awfully underrated, but came here to correct it'
 Rendering standard line [26]: 'And so it ain't mistaken I'ma state it for the record'
 Rendering standard line [27]: 'I am the opposite of wack, opposite of weak'
 Rendering standard line [28]: 'Opposite of slack, synonym of heat'
 Rendering standard line [29]: 'Synonym of crack, closest to a peak'
 Rendering standard line [30]: 'Far from a punk'
 Rendering standard line [31]: 'Ya'll ought to stop talking, start trying to catch up motherfucker'
 Rendering standard line [32]: 'And all the people say'
 Rendering standard line [33]: 'Try to catch up motherfucker'
 Rendering standard line [34]: 'Oh, when they come for me'
 Rendering standard line [35]: 'Come for me'
 Rendering standard line [36]: 'I'll be gone'
 Rendering standard line [37]: 'Oh, when they come for me'
 Rendering standard line [38]: 'Come for me'
 Rendering standard line [39]: 'I'll be gone'
 Rendering standard line [40]: 'Oh, when they come for me'
 Rendering standard line [41]: 'Come for me'
 Rendering standard line [42]: 'I'll be gone'
 Rendering standard line [43]: 'And all the people say'
 Rendering standard line [44]: 'Try to catch up motherfucker'
 Rendering standard line [45]: 'And all the people say'
 Rendering standard line [46]: 'Try to catch up motherfucker'
 Rendering standard line [47]: 'Presten atenciуn todos'
 Rendering standard line [48]: 'Toda la gente preste atenciуn, escъchenme ahora mismo'
 [SETACTIVE] Called with index 15. Current style: concert
 📡 BLOCK CHANGE EVENT received
    Current loop block: Block 3 (ID: 2)
    New active block: Block 3 (ID: 2)
    Loop is active: false
    Seeking in progress: false
    Same block ID: true
    Same block name: true
    Current block lines: [12,13,14,15,16]
    New block lines: [12,13,14,15,16]
    Same lines: true
 BlockLoopControl: Calculating time range for block "Block 3" with lines [12,13,14,15,16]
 BlockLoopControl: Available markers count: 49
 BlockLoopControl: Block line range: 12 to 16
 BlockLoopControl: Found start marker for line 12: 85.25s
 BlockLoopControl: Searching for end marker after line 16
 BlockLoopControl: Found end marker (first of next block) for line 17: 97.89s
 BlockLoopControl: Block "Block 3" LOOP BOUNDS: START=85.25s END=97.89s (duration: 12.63s)
 BlockLoopControl: Calculating time range for block "Block 3" with lines [12,13,14,15,16]
 BlockLoopControl: Available markers count: 49
 BlockLoopControl: Block line range: 12 to 16
 BlockLoopControl: Found start marker for line 12: 85.25s
 BlockLoopControl: Searching for end marker after line 16
 BlockLoopControl: Found end marker (first of next block) for line 17: 97.89s
 BlockLoopControl: Block "Block 3" LOOP BOUNDS: START=85.25s END=97.89s (duration: 12.63s)
    Current time range: 85.253s - 97.885s
    New time range: 85.253s - 97.885s
    Time difference: 0.000s
    Same time range: true
 ✅ SAME BLOCK CONFIRMED: Not stopping loop - this is the same block
 Applied style class to lyrics-container: style-concert
 BlockLoopControl: Деактивирован
 🛡️ AUTO RECOVERY: System stopped
 [DragBoundary] Деактивация
 [DragBoundary] Деактивирован
rtf-parser.js:849 BlockLoopControl: Кнопка удалена, drag boundaries остаются активными
rtf-parser.js:849 🚀 Скрываю Живую Ленту
rtf-parser.js:849 ✅ Возврат в классический зал
rtf-parser.js:849 🎨 _hideColorDropdown вызван
rtf-parser.js:849 🔇 Глубокая тишина - очистка нот
rtf-parser.js:849 🛑 Принудительная остановка всех нот (deep_silence), активных: 1
rtf-parser.js:849 🚫 Октавный скачок заблокирован: 223.2Hz → 438.1Hz за 39мс (ratio: 1.96)
rtf-parser.js:849 🎯 Высокая ясность (94.2%) - принимаем возможную гармонику: 217.3Hz
rtf-parser.js:849 🚫 Блокирована очевидная гармоника: 235.4Hz (0.50x от 468.0Hz, ясность: 77.6%)
rtf-parser.js:849 🚫 Блокирована очевидная гармоника: 512.5Hz (1.99x от 258.1Hz, ясность: 81.9%)
rtf-parser.js:849 🔇 Глубокая тишина - очистка нот
rtf-parser.js:849 🛑 Принудительная остановка всех нот (deep_silence), активных: 1
rtf-parser.js:849 Rehearsal: Auto-returning to top after scroll
rtf-parser.js:849 [SETACTIVE] Called with index 16. Current style: concert
rtf-parser.js:849 🔇 Глубокая тишина - очистка нот
rtf-parser.js:849 🛑 Принудительная остановка всех нот (deep_silence), активных: 1
rtf-parser.js:849 🚫 Блокирована очевидная гармоника: 254.2Hz (0.49x от 518.2Hz, ясность: 86.1%)
rtf-parser.js:849 Auto-scroll re-enabled after scroll event
rtf-parser.js:849 🚫 Октавный скачок заблокирован: 518.2Hz → 244.5Hz за 36мс (ratio: 0.47)
rtf-parser.js:849 ✅ Октавный переход разрешен: 518.2Hz → 241.0Hz за 51мс (ratio: 0.47)
rtf-parser.js:849 🔇 Глубокая тишина - очистка нот
rtf-parser.js:849 🛑 Принудительная остановка всех нот (deep_silence), активных: 1
rtf-parser.js:849 🚫 Блокирована очевидная гармоника: 201.1Hz (0.24x от 821.5Hz, ясность: 83.5%)
rtf-parser.js:849 🎯 Высокая ясность (94.4%) - принимаем возможную гармонику: 207.0Hz
rtf-parser.js:849 ✅ Октавный переход разрешен: 821.5Hz → 207.0Hz за 113мс (ratio: 0.25)
rtf-parser.js:849 🔇 Глубокая тишина - очистка нот
rtf-parser.js:849 🛑 Принудительная остановка всех нот (deep_silence), активных: 1
rtf-parser.js:849 🎯 Высокая ясность (92.7%) - принимаем возможную гармонику: 873.9Hz
rtf-parser.js:849 🚫 Октавный скачок заблокирован: 436.1Hz → 873.9Hz за 19мс (ratio: 2.00)
rtf-parser.js:849 ✅ Октавный переход разрешен: 436.1Hz → 885.5Hz за 43мс (ratio: 2.03)
rtf-parser.js:849 🔇 Глубокая тишина - очистка нот
rtf-parser.js:849 🛑 Принудительная остановка всех нот (deep_silence), активных: 1
rtf-parser.js:849 🚫 Блокирована очевидная гармоника: 276.0Hz (0.51x от 542.6Hz, ясность: 88.2%)
rtf-parser.js:849 🔇 Глубокая тишина - очистка нот
rtf-parser.js:849 🛑 Принудительная остановка всех нот (deep_silence), активных: 1
rtf-parser.js:849 🚫 Блокирована очевидная гармоника: 264.3Hz (0.49x от 542.6Hz, ясность: 83.1%)
rtf-parser.js:849 🎯 Высокая ясность (92.0%) - принимаем возможную гармонику: 267.6Hz
rtf-parser.js:849 🚫 Блокирована очевидная гармоника: 274.8Hz (0.51x от 542.9Hz, ясность: 84.0%)
rtf-parser.js:849 🔇 Глубокая тишина - очистка нот
rtf-parser.js:849 🛑 Принудительная остановка всех нот (deep_silence), активных: 1
rtf-parser.js:849 🎯 Высокая ясность (95.3%) - принимаем возможную гармонику: 876.8Hz
rtf-parser.js:849 🚫 Октавный скачок заблокирован: 436.3Hz → 876.8Hz за 23мс (ratio: 2.01)
rtf-parser.js:849 ✅ Октавный переход разрешен: 436.3Hz → 888.3Hz за 57мс (ratio: 2.04)
rtf-parser.js:849 [SETACTIVE] Called with index 17. Current style: concert
rtf-parser.js:849 ✅ Октавный переход разрешен: 922.6Hz → 279.0Hz за 63мс (ratio: 0.30)
rtf-parser.js:849 🔇 Глубокая тишина - очистка нот
rtf-parser.js:849 🛑 Принудительная остановка всех нот (deep_silence), активных: 1
rtf-parser.js:849 🔇 Глубокая тишина - очистка нот
rtf-parser.js:849 🛑 Принудительная остановка всех нот (deep_silence), активных: 1
rtf-parser.js:849 🔇 Глубокая тишина - очистка нот
rtf-parser.js:849 🛑 Принудительная остановка всех нот (deep_silence), активных: 1
rtf-parser.js:849 🚫 Октавный скачок заблокирован: 258.9Hz → 509.7Hz за 33мс (ratio: 1.97)
rtf-parser.js:849 ✅ Октавный переход разрешен: 258.9Hz → 510.0Hz за 45мс (ratio: 1.97)
rtf-parser.js:849 🚫 Блокирована очевидная гармоника: 254.0Hz (0.50x от 510.0Hz, ясность: 80.8%)
rtf-parser.js:849 ✅ Октавный переход разрешен: 510.0Hz → 242.7Hz за 54мс (ratio: 0.48)
rtf-parser.js:849 Auto-scroll re-enabled after scroll event
rtf-parser.js:849 TextStyleManager: Font scale for concert set to 1.15
rtf-parser.js:849 Applying style: Концертный with scale 1.15
rtf-parser.js:849 TextStyleManager: Scaled font size from 1.6em to 1.84em
rtf-parser.js:849 LyricsDisplay: Setting style to Концертный
rtf-parser.js:849 Rendering lyrics. Current style ID: concert
rtf-parser.js:849 Rendering standard line [0]: 'I am not a pattern to be followed'
rtf-parser.js:849 Rendering standard line [1]: 'The pill that I'm on is a tough one to swallow'
rtf-parser.js:849 Rendering standard line [2]: 'I'm not a criminal, not a role model'
rtf-parser.js:849 Rendering standard line [3]: 'Not a born leader I'm a tough act to follow'
rtf-parser.js:849 Rendering standard line [4]: 'I am not the fortune and the fame'
rtf-parser.js:849 Rendering standard line [5]: 'Nor the same person telling you to forfeit the game'
rtf-parser.js:849 Rendering standard line [6]: 'I came in the ring like a dog on a chain'
rtf-parser.js:849 Rendering standard line [7]: 'And I found out the underbelly's sicker than it seems'
rtf-parser.js:849 Rendering standard line [8]: 'And it seems ugly, but it can get worse'
rtf-parser.js:849 Rendering standard line [9]: 'use even a blueprint is a gift and a curse'
rtf-parser.js:849 Rendering standard line [10]: 'use once you got a theory of how the thing works'
rtf-parser.js:849 Rendering standard line [11]: 'Everybody wants the next thing to be just like the first'
rtf-parser.js:849 Rendering standard line [12]: 'And I'm not a robot'
rtf-parser.js:849 Rendering standard line [13]: 'I'm not a monkey'
rtf-parser.js:849 Rendering standard line [14]: 'I will not dance even if the beat's funky'
rtf-parser.js:849 Rendering standard line [15]: 'Opposite of lazy, far from a punk'
rtf-parser.js:849 Rendering standard line [16]: 'Ya'll ought to stop talking start trying to catch up motherfucker'
rtf-parser.js:849 Rendering standard line [17]: 'And all the people say'
 Rendering standard line [18]: 'Try to catch up motherfucker'
 Rendering standard line [19]: 'Lauryn said, money change a situation'
 Rendering standard line [20]: 'Big said, it increase the complication'
 Rendering standard line [21]: 'Kane said, don't step, I ain't the one'
 Rendering standard line [22]: 'Chuck said, that uzi weigh a motherfuckin' ton'
 Rendering standard line [23]: 'And I'm just a student of the game that they taught me'
 Rendering standard line [24]: 'Rockin' every stage in every place that it brought me'
 Rendering standard line [25]: 'I'm awfully underrated, but came here to correct it'
 Rendering standard line [26]: 'And so it ain't mistaken I'ma state it for the record'
 Rendering standard line [27]: 'I am the opposite of wack, opposite of weak'
 Rendering standard line [28]: 'Opposite of slack, synonym of heat'
 Rendering standard line [29]: 'Synonym of crack, closest to a peak'
 Rendering standard line [30]: 'Far from a punk'
 Rendering standard line [31]: 'Ya'll ought to stop talking, start trying to catch up motherfucker'
 Rendering standard line [32]: 'And all the people say'
 Rendering standard line [33]: 'Try to catch up motherfucker'
 Rendering standard line [34]: 'Oh, when they come for me'
 Rendering standard line [35]: 'Come for me'
 Rendering standard line [36]: 'I'll be gone'
 Rendering standard line [37]: 'Oh, when they come for me'
 Rendering standard line [38]: 'Come for me'
 Rendering standard line [39]: 'I'll be gone'
 Rendering standard line [40]: 'Oh, when they come for me'
 Rendering standard line [41]: 'Come for me'
 Rendering standard line [42]: 'I'll be gone'
 Rendering standard line [43]: 'And all the people say'
 Rendering standard line [44]: 'Try to catch up motherfucker'
 Rendering standard line [45]: 'And all the people say'
 Rendering standard line [46]: 'Try to catch up motherfucker'
 Rendering standard line [47]: 'Presten atenciуn todos'
 Rendering standard line [48]: 'Toda la gente preste atenciуn, escъchenme ahora mismo'
 [SETACTIVE] Called with index 17. Current style: concert
 🎨 _hideColorDropdown вызван
 ✅ Октавный переход разрешен: 399.5Hz → 88.7Hz за 49мс (ratio: 0.22)
 🎯 Высокая ясность (91.5%) - принимаем возможную гармонику: 348.6Hz
 ✅ Октавный переход разрешен: 87.2Hz → 348.6Hz за 118мс (ratio: 4.00)
 TextStyleManager: Font scale for concert set to 1.10
 Applying style: Концертный with scale 1.10
 TextStyleManager: Scaled font size from 1.6em to 1.76em
 LyricsDisplay: Setting style to Концертный
 Rendering lyrics. Current style ID: concert
 Rendering standard line [0]: 'I am not a pattern to be followed'
 Rendering standard line [1]: 'The pill that I'm on is a tough one to swallow'
 Rendering standard line [2]: 'I'm not a criminal, not a role model'
 Rendering standard line [3]: 'Not a born leader I'm a tough act to follow'
 Rendering standard line [4]: 'I am not the fortune and the fame'
 Rendering standard line [5]: 'Nor the same person telling you to forfeit the game'
 Rendering standard line [6]: 'I came in the ring like a dog on a chain'
 Rendering standard line [7]: 'And I found out the underbelly's sicker than it seems'
 Rendering standard line [8]: 'And it seems ugly, but it can get worse'
 Rendering standard line [9]: 'use even a blueprint is a gift and a curse'
 Rendering standard line [10]: 'use once you got a theory of how the thing works'
 Rendering standard line [11]: 'Everybody wants the next thing to be just like the first'
 Rendering standard line [12]: 'And I'm not a robot'
 Rendering standard line [13]: 'I'm not a monkey'
 Rendering standard line [14]: 'I will not dance even if the beat's funky'
 Rendering standard line [15]: 'Opposite of lazy, far from a punk'
 Rendering standard line [16]: 'Ya'll ought to stop talking start trying to catch up motherfucker'
 Rendering standard line [17]: 'And all the people say'
 Rendering standard line [18]: 'Try to catch up motherfucker'
 Rendering standard line [19]: 'Lauryn said, money change a situation'
 Rendering standard line [20]: 'Big said, it increase the complication'
 Rendering standard line [21]: 'Kane said, don't step, I ain't the one'
 Rendering standard line [22]: 'Chuck said, that uzi weigh a motherfuckin' ton'
 Rendering standard line [23]: 'And I'm just a student of the game that they taught me'
 Rendering standard line [24]: 'Rockin' every stage in every place that it brought me'
 Rendering standard line [25]: 'I'm awfully underrated, but came here to correct it'
 Rendering standard line [26]: 'And so it ain't mistaken I'ma state it for the record'
 Rendering standard line [27]: 'I am the opposite of wack, opposite of weak'
 Rendering standard line [28]: 'Opposite of slack, synonym of heat'
 Rendering standard line [29]: 'Synonym of crack, closest to a peak'
 Rendering standard line [30]: 'Far from a punk'
 Rendering standard line [31]: 'Ya'll ought to stop talking, start trying to catch up motherfucker'
 Rendering standard line [32]: 'And all the people say'
 Rendering standard line [33]: 'Try to catch up motherfucker'
 Rendering standard line [34]: 'Oh, when they come for me'
 Rendering standard line [35]: 'Come for me'
 Rendering standard line [36]: 'I'll be gone'
 Rendering standard line [37]: 'Oh, when they come for me'
 Rendering standard line [38]: 'Come for me'
 Rendering standard line [39]: 'I'll be gone'
 Rendering standard line [40]: 'Oh, when they come for me'
 Rendering standard line [41]: 'Come for me'
 Rendering standard line [42]: 'I'll be gone'
 Rendering standard line [43]: 'And all the people say'
 Rendering standard line [44]: 'Try to catch up motherfucker'
 Rendering standard line [45]: 'And all the people say'
 Rendering standard line [46]: 'Try to catch up motherfucker'
 Rendering standard line [47]: 'Presten atenciуn todos'
 Rendering standard line [48]: 'Toda la gente preste atenciуn, escъchenme ahora mismo'
 [SETACTIVE] Called with index 17. Current style: concert
 🎨 _hideColorDropdown вызван
 🔇 Глубокая тишина - очистка нот
 🛑 Принудительная остановка всех нот (deep_silence), активных: 1
 TextStyleManager: Font scale for concert set to 1.05
 Applying style: Концертный with scale 1.05
 TextStyleManager: Scaled font size from 1.6em to 1.68em
 LyricsDisplay: Setting style to Концертный
 Rendering lyrics. Current style ID: concert
 Rendering standard line [0]: 'I am not a pattern to be followed'
 Rendering standard line [1]: 'The pill that I'm on is a tough one to swallow'
 Rendering standard line [2]: 'I'm not a criminal, not a role model'
 Rendering standard line [3]: 'Not a born leader I'm a tough act to follow'
 Rendering standard line [4]: 'I am not the fortune and the fame'
 Rendering standard line [5]: 'Nor the same person telling you to forfeit the game'
 Rendering standard line [6]: 'I came in the ring like a dog on a chain'
 Rendering standard line [7]: 'And I found out the underbelly's sicker than it seems'
 Rendering standard line [8]: 'And it seems ugly, but it can get worse'
 Rendering standard line [9]: 'use even a blueprint is a gift and a curse'
 Rendering standard line [10]: 'use once you got a theory of how the thing works'
 Rendering standard line [11]: 'Everybody wants the next thing to be just like the first'
 Rendering standard line [12]: 'And I'm not a robot'
 Rendering standard line [13]: 'I'm not a monkey'
 Rendering standard line [14]: 'I will not dance even if the beat's funky'
 Rendering standard line [15]: 'Opposite of lazy, far from a punk'
 Rendering standard line [16]: 'Ya'll ought to stop talking start trying to catch up motherfucker'
 Rendering standard line [17]: 'And all the people say'
 Rendering standard line [18]: 'Try to catch up motherfucker'
 Rendering standard line [19]: 'Lauryn said, money change a situation'
 Rendering standard line [20]: 'Big said, it increase the complication'
 Rendering standard line [21]: 'Kane said, don't step, I ain't the one'
 Rendering standard line [22]: 'Chuck said, that uzi weigh a motherfuckin' ton'
 Rendering standard line [23]: 'And I'm just a student of the game that they taught me'
 Rendering standard line [24]: 'Rockin' every stage in every place that it brought me'
 Rendering standard line [25]: 'I'm awfully underrated, but came here to correct it'
 Rendering standard line [26]: 'And so it ain't mistaken I'ma state it for the record'
 Rendering standard line [27]: 'I am the opposite of wack, opposite of weak'
 Rendering standard line [28]: 'Opposite of slack, synonym of heat'
 Rendering standard line [29]: 'Synonym of crack, closest to a peak'
 Rendering standard line [30]: 'Far from a punk'
 Rendering standard line [31]: 'Ya'll ought to stop talking, start trying to catch up motherfucker'
 Rendering standard line [32]: 'And all the people say'
 Rendering standard line [33]: 'Try to catch up motherfucker'
 Rendering standard line [34]: 'Oh, when they come for me'
 Rendering standard line [35]: 'Come for me'
 Rendering standard line [36]: 'I'll be gone'
 Rendering standard line [37]: 'Oh, when they come for me'
 Rendering standard line [38]: 'Come for me'
 Rendering standard line [39]: 'I'll be gone'
 Rendering standard line [40]: 'Oh, when they come for me'
 Rendering standard line [41]: 'Come for me'
 Rendering standard line [42]: 'I'll be gone'
 Rendering standard line [43]: 'And all the people say'
 Rendering standard line [44]: 'Try to catch up motherfucker'
 Rendering standard line [45]: 'And all the people say'
 Rendering standard line [46]: 'Try to catch up motherfucker'
 Rendering standard line [47]: 'Presten atenciуn todos'
 Rendering standard line [48]: 'Toda la gente preste atenciуn, escъchenme ahora mismo'
 [SETACTIVE] Called with index 17. Current style: concert
 🎨 _hideColorDropdown вызван
 🔇 Глубокая тишина - очистка нот
 🛑 Принудительная остановка всех нот (deep_silence), активных: 1
 ✅ Октавный переход разрешен: 740.3Hz → 130.3Hz за 51мс (ratio: 0.18)
 🔇 Глубокая тишина - очистка нот
 🛑 Принудительная остановка всех нот (deep_silence), активных: 1
 ⏰ СИНХРО: Позиция установлена 47.30с
 🎨 _hideColorDropdown вызван
 🔇 Глубокая тишина - очистка нот
 🛑 Принудительная остановка всех нот (deep_silence), активных: 1
 Auto-scroll re-enabled after scroll event
 🚫 Блокирована очевидная гармоника: 200.5Hz (0.50x от 399.5Hz, ясность: 86.6%)
 🚫 Блокирована очевидная гармоника: 202.5Hz (0.51x от 399.5Hz, ясность: 89.6%)
 🚫 Блокирована очевидная гармоника: 204.6Hz (0.51x от 399.5Hz, ясность: 89.8%)
 ✅ Октавный переход разрешен: 399.5Hz → 206.1Hz за 54мс (ratio: 0.52)
 [SETACTIVE] Called with index 0. Current style: concert
 🚫 Октавный скачок заблокирован: 596.2Hz → 195.1Hz за 31мс (ratio: 0.33)
 ✅ Октавный переход разрешен: 596.2Hz → 193.2Hz за 46мс (ratio: 0.32)
 🔇 Глубокая тишина - очистка нот
 🛑 Принудительная остановка всех нот (deep_silence), активных: 1
 🚫 Блокирована очевидная гармоника: 209.7Hz (0.50x от 423.6Hz, ясность: 77.4%)
 🔇 Глубокая тишина - очистка нот
 🛑 Принудительная остановка всех нот (deep_silence), активных: 1
 🔇 Глубокая тишина - очистка нот
 🛑 Принудительная остановка всех нот (deep_silence), активных: 1
 Auto-scroll re-enabled after scroll event
 🚫 Октавный скачок заблокирован: 211.5Hz → 411.9Hz за 33мс (ratio: 1.95)
 [SETACTIVE] Called with index 1. Current style: concert
 🎯 Высокая ясность (95.0%) - принимаем возможную гармонику: 191.8Hz
 ✅ Октавный переход разрешен: 381.1Hz → 191.8Hz за 86мс (ratio: 0.50)
 Key pressed: Space
 Space bar pressed, toggling playback
 ⏸️ ИНСТРУМЕНТАЛ: Пауза
 ⏸️ ВОКАЛ: Пауза
 isPlaying property set to: false
 Key pressed:  , key code: 32, waveform active: false
 Key pressed: ShiftLeft
 Key pressed: Shift, key code: 16, waveform active: false
 LoopBlockManager: Shift key pressed, multiple selection mode active
 Key pressed: MetaLeft
 Key pressed: Meta, key code: 91, waveform active: false
 LoopBlockManager: Shift key released, multiple selection mode deactivated
 Auto-scroll re-enabled after scroll event
 TextStyleManager: Font scale for concert set to 1.20
 Applying style: Концертный with scale 1.20
 TextStyleManager: Scaled font size from 1.6em to 1.92em
 LyricsDisplay: Setting style to Концертный
 Rendering lyrics. Current style ID: concert
 Rendering standard line [0]: 'I am not a pattern to be followed'
 Rendering standard line [1]: 'The pill that I'm on is a tough one to swallow'
 Rendering standard line [2]: 'I'm not a criminal, not a role model'
 Rendering standard line [3]: 'Not a born leader I'm a tough act to follow'
 Rendering standard line [4]: 'I am not the fortune and the fame'
 Rendering standard line [5]: 'Nor the same person telling you to forfeit the game'
 Rendering standard line [6]: 'I came in the ring like a dog on a chain'
 Rendering standard line [7]: 'And I found out the underbelly's sicker than it seems'
 Rendering standard line [8]: 'And it seems ugly, but it can get worse'
rtf-parser.js:849 Rendering standard line [9]: 'use even a blueprint is a gift and a curse'
rtf-parser.js:849 Rendering standard line [10]: 'use once you got a theory of how the thing works'
rtf-parser.js:849 Rendering standard line [11]: 'Everybody wants the next thing to be just like the first'
rtf-parser.js:849 Rendering standard line [12]: 'And I'm not a robot'
rtf-parser.js:849 Rendering standard line [13]: 'I'm not a monkey'
rtf-parser.js:849 Rendering standard line [14]: 'I will not dance even if the beat's funky'
rtf-parser.js:849 Rendering standard line [15]: 'Opposite of lazy, far from a punk'
rtf-parser.js:849 Rendering standard line [16]: 'Ya'll ought to stop talking start trying to catch up motherfucker'
rtf-parser.js:849 Rendering standard line [17]: 'And all the people say'
rtf-parser.js:849 Rendering standard line [18]: 'Try to catch up motherfucker'
rtf-parser.js:849 Rendering standard line [19]: 'Lauryn said, money change a situation'
rtf-parser.js:849 Rendering standard line [20]: 'Big said, it increase the complication'
rtf-parser.js:849 Rendering standard line [21]: 'Kane said, don't step, I ain't the one'
rtf-parser.js:849 Rendering standard line [22]: 'Chuck said, that uzi weigh a motherfuckin' ton'
rtf-parser.js:849 Rendering standard line [23]: 'And I'm just a student of the game that they taught me'
rtf-parser.js:849 Rendering standard line [24]: 'Rockin' every stage in every place that it brought me'
rtf-parser.js:849 Rendering standard line [25]: 'I'm awfully underrated, but came here to correct it'
rtf-parser.js:849 Rendering standard line [26]: 'And so it ain't mistaken I'ma state it for the record'
rtf-parser.js:849 Rendering standard line [27]: 'I am the opposite of wack, opposite of weak'
rtf-parser.js:849 Rendering standard line [28]: 'Opposite of slack, synonym of heat'
rtf-parser.js:849 Rendering standard line [29]: 'Synonym of crack, closest to a peak'
rtf-parser.js:849 Rendering standard line [30]: 'Far from a punk'
rtf-parser.js:849 Rendering standard line [31]: 'Ya'll ought to stop talking, start trying to catch up motherfucker'
rtf-parser.js:849 Rendering standard line [32]: 'And all the people say'
rtf-parser.js:849 Rendering standard line [33]: 'Try to catch up motherfucker'
rtf-parser.js:849 Rendering standard line [34]: 'Oh, when they come for me'
rtf-parser.js:849 Rendering standard line [35]: 'Come for me'
rtf-parser.js:849 Rendering standard line [36]: 'I'll be gone'
rtf-parser.js:849 Rendering standard line [37]: 'Oh, when they come for me'
rtf-parser.js:849 Rendering standard line [38]: 'Come for me'
rtf-parser.js:849 Rendering standard line [39]: 'I'll be gone'
rtf-parser.js:849 Rendering standard line [40]: 'Oh, when they come for me'
rtf-parser.js:849 Rendering standard line [41]: 'Come for me'
rtf-parser.js:849 Rendering standard line [42]: 'I'll be gone'
rtf-parser.js:849 Rendering standard line [43]: 'And all the people say'
rtf-parser.js:849 Rendering standard line [44]: 'Try to catch up motherfucker'
rtf-parser.js:849 Rendering standard line [45]: 'And all the people say'
rtf-parser.js:849 Rendering standard line [46]: 'Try to catch up motherfucker'
rtf-parser.js:849 Rendering standard line [47]: 'Presten atenciуn todos'
rtf-parser.js:849 Rendering standard line [48]: 'Toda la gente preste atenciуn, escъchenme ahora mismo'
rtf-parser.js:849 [SETACTIVE] Called with index 1. Current style: concert
rtf-parser.js:849 🎨 _hideColorDropdown вызван
rtf-parser.js:849 Key pressed: Space
rtf-parser.js:849 Space bar pressed, toggling playback
rtf-parser.js:849 Key pressed:  , key code: 32, waveform active: false
rtf-parser.js:849 ▶️ ИНСТРУМЕНТАЛ: Воспроизведение начато
rtf-parser.js:849 🎤 ВОКАЛ: Синхронизирован и воспроизводится
rtf-parser.js:849 isPlaying property set to: true
rtf-parser.js:849 🚫 Блокирована очевидная гармоника: 483.4Hz (2.01x от 240.2Hz, ясность: 73.8%)
rtf-parser.js:849 🔇 Глубокая тишина - очистка нот
rtf-parser.js:849 🛑 Принудительная остановка всех нот (deep_silence), активных: 1
rtf-parser.js:849 [SETACTIVE] Called with index 2. Current style: concert
rtf-parser.js:849 ✅ Октавный переход разрешен: 199.5Hz → 387.6Hz за 42мс (ratio: 1.94)
rtf-parser.js:849 🔇 Глубокая тишина - очистка нот
rtf-parser.js:849 🛑 Принудительная остановка всех нот (deep_silence), активных: 1
rtf-parser.js:849 Key pressed: Space
rtf-parser.js:849 Space bar pressed, toggling playback
rtf-parser.js:849 ⏸️ ИНСТРУМЕНТАЛ: Пауза
rtf-parser.js:849 ⏸️ ВОКАЛ: Пауза
rtf-parser.js:849 isPlaying property set to: false
rtf-parser.js:849 Key pressed:  , key code: 32, waveform active: false
rtf-parser.js:849 Auto-scroll re-enabled after scroll event
rtf-parser.js:849 Key pressed: MetaLeft
rtf-parser.js:849 Key pressed: Meta, key code: 91, waveform active: false
rtf-parser.js:849 Key pressed: CapsLock
rtf-parser.js:849 Key pressed: CapsLock, key code: 20, waveform active: false
rtf-parser.js:849 Key pressed: ShiftLeft
rtf-parser.js:849 Key pressed: Shift, key code: 16, waveform active: false
rtf-parser.js:849 LoopBlockManager: Shift key pressed, multiple selection mode active
rtf-parser.js:849 Key pressed: MetaLeft
rtf-parser.js:849 Key pressed: Meta, key code: 91, waveform active: false
rtf-parser.js:849 LoopBlockManager: Shift key released, multiple selection mode deactivated
rtf-parser.js:849 Key pressed: MetaLeft
rtf-parser.js:849 Key pressed: Meta, key code: 91, waveform active: false
rtf-parser.js:849 Key pressed: AltLeft
rtf-parser.js:849 Key pressed: Alt, key code: 18, waveform active: false
rtf-parser.js:849 Key pressed: KeyJ
rtf-parser.js:849 Key pressed: j, key code: 74, waveform active: false
waveform-editor.js:1458 WaveformEditor: Vocal audio data not available
_drawWaveformData @ waveform-editor.js:1458
rtf-parser.js:849 Auto-scroll re-enabled after scroll event
