 🔧 DEBUG_CONFIG загружен. Используйте toggleDebugLogs(true) для включения логов
 📦 Utils module loaded
 StateManager initialized
 📦 StateManager module loaded
 🚀 AudioEngine (Hybrid Engine) - Гибридная архитектура восстановлена
 Space bar handler attached
 LyricsDisplay initialized
 RtfParserAdapter: Инициализация
 - EnhancedRtfProcessor доступен: true
 - Стандартный RtfParser доступен: true
 TrackCatalog initialized
 MarkerManager initialized
 WaveformEditor loaded
 WaveformEditor initialized
 BlockLoopControl: Класс загружен
 TrackCatalog: _finalizeUploadFromBlockEditor CALLED - should be obsolete now.
 RTF Parser Integration: Инициализация интеграции улучшенного RTF-парсера (после определения объекта)
 RTF Parser Integration: Начало интеграции
 RTF Parser Integration: TrackCatalog уже использует RtfParserAdapter если он доступен
 RTF Parser Integration: Интеграция завершена успешно
 🎹 Инициализация клавиатуры...
 LiveFeed module loaded (placeholder)
 Загружено 5 треков из базы данных
 ✅ Pitchy библиотека загружена в beLive
 LiveMode: Автоматическая инициализация при загрузке документа
 LiveMode: Создание нового экземпляра
 LiveMode: Маски инициализированы без использования изображений
 LiveMode: getUserMedia поддерживается: true
 LiveMode: Безопасный контекст: true
 LiveMode: Определен localhost, разрешен HTTP
 LiveMode: Метод toggleStreaming не найден и не может быть привязан
(анонимная) @ live-mode.js:521
_bindMethods @ live-mode.js:517
_init @ live-mode.js:487
LiveMode @ live-mode.js:80
(анонимная) @ live-mode.js:18
 LiveMode: Базовая инициализация завершена
 LiveMode: Предварительная инициализация камеры...
 LiveMode: экземпляр создан
 LiveFeed initialized
 DOM content loaded, waiting for components
 ✅ Pitchy готов для точной детекции
 🎹 Кнопка найдена
 🔗 Настройка интеграции для точной детекции...
 🎤 Статус для точной детекции: false
 🎯 КАЛИБРОВКА: A4 = 440.00Hz (должно быть 440.00Hz)
 🎹 Создано 48 клавиш для точной детекции
 🎹 Piano Keyboard инициализирован
 All components ready, initializing app...
 Initializing beLive App
 WordAlignerV2 not found, creating placeholder
App @ app.js:53
initializeApp @ app.js:2229
 LyricsDisplay: Setting style to Стандартный
 Rendering lyrics. Current style ID: default
 Applied style 'Стандартный'
 TextStyleManager: Проверка доступности LiveMode...
 TextStyleManager: Класс LiveMode найден, предварительная инициализация камеры...
 TextStyleManager: LiveMode уже инициализирован
 TextStyleManager initialized with 8 styles and 29 total transitions
 Text style manager initialized
 Initializing Microphone UI...
 Microphone UI initialized using existing DOM elements.
 LoopBlockManager: Checking audio initialization...
 LoopBlockManager: Audio buffer or context not available (check 0)
_checkAudioAndInitialize @ loopblock-manager.js:137
LoopBlockManager @ loopblock-manager.js:39
App @ app.js:110
initializeApp @ app.js:2229
 LoopBlockManager: Initializing sync listeners
 LoopBlockManager: progressBarContainer found - width: 643.4375px, height: 10px, overflow: visible
 LoopBlockManager: progressBarContainer offsetWidth: 643, offsetHeight: 10
 LoopBlockManager: progressBarContainer children: 3
 LoopBlockManager: Child 0: progress-bar-loaded, display: block, zIndex: 1
 LoopBlockManager: Child 1: progress-bar, display: block, zIndex: 2
 LoopBlockManager: Child 2: progress-tooltip, display: block, zIndex: 10
 LoopBlockManager initialized
 LoopBlockManager component ready
 BlockLoopControl: Инициализирован
 BlockLoopControl component ready
 🎭 MaskSystem: Инициализация продвинутой системы масок
 🎭 MaskSystem: Конструктор завершен
 🎭 MaskSystem создан
 🎭 MaskSystem component ready
 Initializing LoopBlock controls
 Audio not fully loaded yet, setting up delayed initialization
 🎭 MaskSystem: Обработчик кнопки подключен
 🚀 Инициализация Живой Ленты
 ✅ Живая Лента инициализирована
 🚀 Показываю Живую Ленту
 ✅ Живая Лента активирована
 beLive App initialized
 App initialized successfully
 🎭 MediaPipe: Начинаем загрузку библиотек...
 🎭 MediaPipe: Ожидание загрузки библиотек...
 🎭 MediaPipe: Все библиотеки загружены успешно
 🎭 MaskSystem: Официальный MediaPipe FaceMesh готов
 🏃 MaskSystem: MediaPipe Pose готов
 ✋ MaskSystem: MediaPipe Hands готов
 🤖 MaskSystem: MediaPipe Holistic готов
 🎨 MaskSystem: MediaPipe Selfie Segmentation готов
 🎭 MaskSystem: MediaPipe готов к использованию
 🎯 Background Effects Engine v2.0 инициализирован
 🔄 Инициализация Background Effects Engine...
 ✅ Background Effects Engine готов
 Проверка треков завершена успешно, проблем не обнаружено
 🎤 Запуск ТОЧНОГО анализа вокальной дорожки...
 🔊 Инициализация аудио для точной детекции...
 ✅ Используем audioEngine.audioContext
 ✅ Pitchy детектор готов для точной работы
 ✅ Подключен к ВОКАЛЬНОМУ узлу: GainNode
 ✅ ТОЧНЫЙ анализ запущен
 LiveMode: Запуск предварительной инициализации камеры
 LiveMode: Предварительная инициализация камеры...
 LoopBlockManager: Проверка доступности аудио (попытка 2/5)
 🎯 Начальная калибровка системы...
 🎯 ===== ЗАПУСК КАЛИБРОВОЧНЫХ ТЕСТОВ ПИТЧА =====
 📋 Тестируем расчет частот:
 ✅ C4: рассчитано=261.63Hz, ожидается=261.63Hz, ошибка=0.002%
 ✅ D4: рассчитано=293.66Hz, ожидается=293.66Hz, ошибка=0.002%
 ✅ E4: рассчитано=329.63Hz, ожидается=329.63Hz, ошибка=0.001%
 ✅ F4: рассчитано=349.23Hz, ожидается=349.23Hz, ошибка=0.001%
 ✅ G4: рассчитано=392.00Hz, ожидается=392Hz, ошибка=0.001%
 🎯 КАЛИБРОВКА: A4 = 440.00Hz (должно быть 440.00Hz)
 ✅ A4: рассчитано=440.00Hz, ожидается=440Hz, ошибка=0.000%
 ✅ B4: рассчитано=493.88Hz, ожидается=493.88Hz, ошибка=0.001%
 📋 Тестируем обратное преобразование:
 ✅ 261.63Hz → обнаружено="C4", ожидается="C4"
 ✅ 293.66Hz → обнаружено="D4", ожидается="D4"
 ✅ 329.63Hz → обнаружено="E4", ожидается="E4"
 ✅ 349.23Hz → обнаружено="F4", ожидается="F4"
 ✅ 392Hz → обнаружено="G4", ожидается="G4"
 ✅ 440Hz → обнаружено="A4", ожидается="A4"
 ✅ 493.88Hz → обнаружено="B4", ожидается="B4"
 📊 РЕЗУЛЬТАТЫ КАЛИБРОВКИ:
    Пройдено тестов: 14/14
    Процент успеха: 100.0%
    Средняя ошибка: 0.001%
 🎯 ✅ КАЛИБРОВКА ПИТЧА ПРОШЛА УСПЕШНО!
 🎯 ===== КАЛИБРОВОЧНЫЕ ТЕСТЫ ЗАВЕРШЕНЫ =====
 LoopBlockManager: Проверка доступности аудио (попытка 3/5)
 Application fully loaded, components initialized
 LoopBlockManager: Аудио не загружено после 5 попыток. Для работы функций зацикливания необходимо загрузить аудиофайл.
_checkAudioAgain @ loopblock-manager.js:219
 LiveMode: Доступ к камере получен при предварительной инициализации
 LiveMode: Получено 1 видеотреков. Активный: FaceTime HD Camera
 LiveMode: Предварительная инициализация камеры успешно завершена
 LiveMode: Доступ к камере получен при предварительной инициализации
 LiveMode: Получено 1 видеотреков. Активный: FaceTime HD Camera
 LiveMode: Предварительная инициализация камеры успешно завершена
 LiveMode: Предварительная инициализация камеры успешна
 🚀 Быстрый переход в режим: karaoke
 Switching to karaoke mode
 App: Сохраняем предыдущий режим: concert
 Activating karaoke mode
 Karaoke Background Manager: Starting slideshow...
 Applying style: Караоке with scale 1.20
 TextStyleManager: Scaled font size from 1.4em to 1.68em
 LyricsDisplay: Setting style to Караоке
 [KARAOKE] DOM not found or empty in _renderLyrics, creating it.
 TextStyleManager: Scaled font size from 1.4em to 1.68em
 Applied style class to lyrics-container: style-karaoke
 🚀 Скрываю Живую Ленту
 ✅ Возврат в классический зал
 ✅ Karaoke Background Manager: SUCCESSFULLY set background to Karaoke/pexels-clemlep-13659549.jpg
 TrackCatalog: openCatalog() called
 TrackCatalog: catalogContainer exists: true
 TrackCatalog: catalogContainer classes before: hidden
 TrackCatalog: catalogContainer classes after: 
 TrackCatalog: Catalog should now be visible
 🔄 Loading track: "Eminem feat. Rihanna-Love The Way You Lie [-]"
 🔄 StateManager: Starting HARD RESET of all components
 1. Resetting AudioEngine...
 AudioEngine: Starting reset...
 isPlaying property set to: false
 ⏹️ ГИБРИД: Остановлен и сброшен
 🧹 СПРИНТЕР: Ресурсы очищены
 AudioEngine: Reset completed successfully
 ✅ AudioEngine reset complete
 2. Resetting LyricsDisplay...
 💥 LyricsDisplay: Performing full reset.
 ✅ LyricsDisplay: Full reset complete. All lyric data and DOM elements cleared.
 ✅ LyricsDisplay full reset complete
 3. Resetting TextStyleManager...
 💥 TextStyleManager: Full reset initiated.
 ✅ TextStyleManager: Reset complete. All states and caches cleared.
 ✅ TextStyleManager reset complete.
 🎉 StateManager: HARD RESET completed successfully
 ✅ All components ready for new track
 ⏱️ HARD_RESET_TIME: 5.09716796875 ms
 TrackCatalog: Set waveformEditor.lastLoadedFile to Eminem Feat. Rihanna - Love The Way You Lie.rtf
 TrackCatalog: Set waveformEditor.currentTrackId to 1750226067980
 TrackCatalog: Found 11 blocks. Preparing them for rendering after audio load.
 LyricsDisplay: Loading 11 imported blocks.
 Block 0 loaded: id="block-1750409933157-0-ac0zg0yd08s", name="Block 1", lines=5
 Block 1 loaded: id="block-1750409933157-1-ry17c869k0o", name="Block 2", lines=9
 Block 2 loaded: id="block-1750409933157-2-j9qinr4zg9", name="Block 3", lines=10
 Block 3 loaded: id="block-1750409933157-3-qlt7ndyu2z", name="Block 4", lines=6
 Block 4 loaded: id="block-1750409933157-4-emodqbjyzkd", name="Block 5", lines=10
 Block 5 loaded: id="block-1750409933158-5-bsgpk1hdp3e", name="Block 6", lines=10
 Block 6 loaded: id="block-1750409933158-6-u0ibeae4a4m", name="Block 7", lines=5
 Block 7 loaded: id="block-1750409933158-7-sax6g640oi", name="Block 8", lines=1
 Block 8 loaded: id="block-1750409933158-8-zw0nr9h99yr", name="Block 9", lines=8
 Block 9 loaded: id="block-1750409933158-9-9xz0jorn5n", name="Block 10", lines=9
 Block 10 loaded: id="block-1750409933158-10-fvk6tnxml2o", name="Block 11", lines=6
 LyricsDisplay: Skipping render as requested by shouldRender=false
 LyricsDisplay: Successfully loaded 11 blocks, total lyric lines: 79.
 LyricsDisplay: Updated marker colors after loading blocks
 ⏱️ LYRICS_PREPARE_TIME: 2.01416015625 ms
 ⏱️ BLOB_CREATION_TIME: 33.763916015625 ms
 🚀 ГИБРИД: Загрузка двойного потока
 isPlaying property set to: false
 ⏹️ ГИБРИД: Остановлен и сброшен
 🎚️ МАСТЕР: Создание микшированной дорожки...
 🎚️ МАСТЕР: Инструментал URL: blob:null/6c75a3c0-ee0b-451d-9796-21949162d50b...
 🎚️ МАСТЕР: Вокал URL: blob:null/09eac254-da79-4fa9-a91f-43d88343ed63...
 🎚️ МАСТЕР: Загружаем аудиофайлы...
 🎚️ МАСТЕР: Конвертируем в ArrayBuffer...
 🎚️ МАСТЕР: Инструментал размер: 10538885 байт
 🎚️ МАСТЕР: Вокал размер: 10538885 байт
 🎚️ МАСТЕР: Декодируем аудиоданные...
 ✅ ИНСТРУМЕНТАЛ ГОТОВ! Длительность: 263.39с
 ⏱️ HYBRID_ENGINE_LOAD_TIME: 210.240966796875 ms
 🎯 ГИБРИД: Рассинхронизация устранена!
 🚀 Скрываю Живую Ленту
 ✅ Возврат в классический зал
 Applying style: Караоке with scale 1.20
 TextStyleManager: Scaled font size from 1.4em to 1.68em
 LyricsDisplay: Setting style to Караоке
 [KARAOKE] DOM not found or empty in _renderLyrics, creating it.
 TextStyleManager: Scaled font size from 1.4em to 1.68em
 Track loaded event detected, initializing LoopBlockManager CustomEvent
 LoopBlockManager already initialized
 ⏱️ AUDIO_LOAD_TIME: 212.718017578125 ms
 Loading 79 markers for track Eminem feat. Rihanna-Love The Way You Lie [-]
 Validating 79 markers for 79 lyric lines
 Kept 79 valid markers out of 79
 🚀 Скрываю Живую Ленту
 ✅ Возврат в классический зал
 Applying style: Караоке with scale 1.20
 TextStyleManager: Scaled font size from 1.4em to 1.68em
 LyricsDisplay: Setting style to Караоке
 TextStyleManager: Scaled font size from 1.4em to 1.68em
 Track loaded event detected, initializing LoopBlockManager CustomEvent
 LoopBlockManager already initialized
 🎵 АВТОПЛЕЙ: Запуск воспроизведения...
 ✅ Track "Eminem feat. Rihanna-Love The Way You Lie [-]" loaded successfully
 ✅ ВОКАЛ ГОТОВ! Длительность: 263.39с
 🎤 ВОКАЛ ПОДКЛЮЧЕН к аудио-контексту
 🎨 StateManager: Forcing text rerender in current mode
 🎤 Karaoke mode detected, should work correctly
 ⏱️ FINAL_RENDER_TIME: 105.119873046875 ms
 ⏱️ TOTAL_TRACK_LOAD_TIME: 370.173095703125 ms
 Audio ready detected via timer, initializing LoopBlockManager
 LoopBlockManager already initialized
 ▶️ ИНСТРУМЕНТАЛ: Воспроизведение начато
 🎤 ВОКАЛ: Синхронизирован и воспроизводится
 isPlaying property set to: true
 ✅ АВТОПЛЕЙ: Воспроизведение начато успешно
 🔇 Глубокая тишина - очистка нот
 🛑 Принудительная остановка всех нот (deep_silence), активных: 1
 Switching to rehearsal mode
 App: Сохраняем предыдущий режим: karaoke
 Activating rehearsal mode
 Karaoke Background Manager: Stopping slideshow...
 Applying style: Репетиция with scale 1.00
 LyricsDisplay: Setting style to Репетиция
 Activating Rehearsal Display with blocks: Array(11)
 Rendering lyrics. Current style ID: rehearsal
 Splitting block "Block 2" (9 lines) into 2 parts with ~5 lines each
   Part 1: lines 0-4 (5 lines)
   Part 2: lines 5-8 (4 lines)
 Splitting block "Block 3" (10 lines) into 2 parts with ~5 lines each
   Part 1: lines 0-4 (5 lines)
   Part 2: lines 5-9 (5 lines)
 Splitting block "Block 5" (10 lines) into 2 parts with ~5 lines each
   Part 1: lines 0-4 (5 lines)
   Part 2: lines 5-9 (5 lines)
 Splitting block "Block 6" (10 lines) into 2 parts with ~5 lines each
   Part 1: lines 0-4 (5 lines)
   Part 2: lines 5-9 (5 lines)
 Splitting block "Block 10" (9 lines) into 2 parts with ~5 lines each
   Part 1: lines 0-4 (5 lines)
   Part 2: lines 5-8 (4 lines)
 Rehearsal: Current line: 0, Total blocks: 16
 Rehearsal: DETAILED Block structure:
   Block 0 (block-1750409933157-0-ac0zg0yd08s): name="Block 1", lines=[0,1,2,3,4]
     Content preview: "Just gonna stand there and watch me burn?
Well, that's alright because I like the way it hurts
Just "
       Line 0: "Just gonna stand there and watch me burn?"
       Line 1: "Well, that's alright because I like the way it hurts"
       Line 2: "Just gonna stand there and hear me cry?"
       Line 3: "Well, that's alright because I love the way you lie"
       Line 4: "I love the way you lie"
   Block 1 (block-1750409933157-1-ry17c869k0o-part-0): name="Block 2", lines=[5,6,7,8,9]
     Content preview: "I can't tell you what it really is
I can only tell you what it feels like
And right now, there's a s"
       Line 5: "I can't tell you what it really is"
       Line 6: "I can only tell you what it feels like"
       Line 7: "And right now, there's a steel knife in my windpipe"
       Line 8: "I can't breathe, but I still fight while I can fight"
       Line 9: "As long as the wrong feels right, it's like I'm in flight"
   Block 2 (block-1750409933157-1-ry17c869k0o-part-1): name="Block 2 (продолжение 2)", lines=[10,11,12,13]
     Content preview: "High off her love, drunk from her hate
It's like I'm huffin' paint, and I love her the more I suffer"
       Line 10: "High off her love, drunk from her hate"
       Line 11: "It's like I'm huffin' paint, and I love her the more I suffer, I suffocate"
       Line 12: "And right before I'm about to drown, she resuscitates me"
       Line 13: "She f- hates me, and I love it"
   Block 3 (block-1750409933157-2-j9qinr4zg9-part-0): name="Block 3", lines=[14,15,16,17,18]
     Content preview: ""Wait! Where you going?" "I'm leaving you"
"No, you ain't, come back"
We're running right back, here"
       Line 14: ""Wait! Where you going?" "I'm leaving you""
       Line 15: ""No, you ain't, come back""
       Line 16: "We're running right back, here we go again"
       Line 17: "It's so insane 'cause when it's going good, it's going great"
       Line 18: "I'm Superman with the wind at his back, she's Lois Lane"
   Block 4 (block-1750409933157-2-j9qinr4zg9-part-1): name="Block 3 (продолжение 2)", lines=[19,20,21,22,23]
     Content preview: "But when it's bad, it's awful
I feel so ashamed, I snapped, "Who's that dude?"
I don't even know his"
       Line 19: "But when it's bad, it's awful"
       Line 20: "I feel so ashamed, I snapped, "Who's that dude?""
       Line 21: "I don't even know his name"
       Line 22: "I laid hands on her, I'll never stoop so low again"
       Line 23: "I guess I don't know my own strength"
   Block 5 (block-1750409933157-3-qlt7ndyu2z): name="Block 4", lines=[24,25,26,27,28,29]
     Content preview: "Just gonna stand there and watch me burn?
Well, that's alright because I like the way it hurts
Just "
       Line 24: "Just gonna stand there and watch me burn?"
       Line 25: "Well, that's alright because I like the way it hurts"
       Line 26: "Just gonna stand there and hear me cry?"
       Line 27: "Well, that's alright because I love the way you lie"
       Line 28: "I love the way you lie"
       Line 29: "I love the way you lie"
   Block 6 (block-1750409933157-4-emodqbjyzkd-part-0): name="Block 5", lines=[30,31,32,33,34]
     Content preview: "You ever loved somebody so much
You can barely breathe when you're with 'em?
You meet and neither on"
       Line 30: "You ever loved somebody so much"
       Line 31: "You can barely breathe when you're with 'em?"
       Line 32: "You meet and neither one of you even know what hit 'em"
       Line 33: "Got that warm fuzzy feelin', yeah, them chills, used to get 'em"
       Line 34: "Now you're gettin' f- sick of lookin' at 'em?"
   Block 7 (block-1750409933157-4-emodqbjyzkd-part-1): name="Block 5 (продолжение 2)", lines=[35,36,37,38,39]
     Content preview: "You swore you'd never hit 'em, never do nothin' to hurt 'em
Now you're in each other's face, spewin'"
       Line 35: "You swore you'd never hit 'em, never do nothin' to hurt 'em"
       Line 36: "Now you're in each other's face, spewin' venom in your words when you spit 'em"
       Line 37: "You push, pull each other's hair, scratch, claw, bit 'em"
       Line 38: "Throw 'em down, pin 'em"
       Line 39: "So lost in them moments when you're in 'em"
   Block 8 (block-1750409933158-5-bsgpk1hdp3e-part-0): name="Block 6", lines=[40,41,42,43,44]
     Content preview: "It's the rage that took over, it controls you both
So they say you're best to go your separate ways
"
       Line 40: "It's the rage that took over, it controls you both"
       Line 41: "So they say you're best to go your separate ways"
       Line 42: "Guess that they don't know you 'cause today, that was yesterday"
       Line 43: "Yesterday is over, it's a different day"
       Line 44: "Sound like broken records playin' over, but you promised her"
   Block 9 (block-1750409933158-5-bsgpk1hdp3e-part-1): name="Block 6 (продолжение 2)", lines=[45,46,47,48,49]
     Content preview: "Next time, you'll show restraint
You don't get another chance
Life is no Nintendo game, but you lied"
       Line 45: "Next time, you'll show restraint"
       Line 46: "You don't get another chance"
       Line 47: "Life is no Nintendo game, but you lied again"
       Line 48: "Now you get to watch her leave out the window"
       Line 49: "Guess that's why they call it windowpane"
   Block 10 (block-1750409933158-6-u0ibeae4a4m): name="Block 7", lines=[50,51,52,53,54]
     Content preview: "Just gonna stand there and watch me burn?
Well, that's alright because I like the way it hurts
Just "
       Line 50: "Just gonna stand there and watch me burn?"
       Line 51: "Well, that's alright because I like the way it hurts"
       Line 52: "Just gonna stand there and hear me cry?"
       Line 53: "Well, that's alright because I love the way you lie"
       Line 54: "I love the way you lie"
   Block 11 (block-1750409933158-7-sax6g640oi): name="Block 8", lines=[55]
     Content preview: "I love the way you lie"
       Line 55: "I love the way you lie"
   Block 12 (block-1750409933158-8-zw0nr9h99yr): name="Block 9", lines=[56,57,58,59,60,61,62,63]
     Content preview: "Now I know we said things, did things that we didn't mean
Then we fall back into the same patterns, "
       Line 56: "Now I know we said things, did things that we didn't mean"
       Line 57: "Then we fall back into the same patterns, same routine"
       Line 58: "But your temper's just as bad as mine is"
       Line 59: "You're the same as me, when it comes to love, you're just as blinded"
       Line 60: "Baby, please come back, it wasn't you, baby, it was me"
       Line 61: "Maybe our relationship isn't as crazy as it seems"
       Line 62: "Maybe that's what happens when a tornado meets a volcano"
       Line 63: "All I know is I love you too much to walk away, though"
   Block 13 (block-1750409933158-9-9xz0jorn5n-part-0): name="Block 10", lines=[64,65,66,67,68]
     Content preview: "Come inside, pick up your bags off the sidewalk
Don't you hear sincerity in my voice when I talk?
To"
       Line 64: "Come inside, pick up your bags off the sidewalk"
       Line 65: "Don't you hear sincerity in my voice when I talk?"
       Line 66: "Told you this is my fault, look me in the eyeball"
       Line 67: "Next time I'm p-, I'll aim my fist at the drywall"
       Line 68: ""Next time? There won't be no next time""
   Block 14 (block-1750409933158-9-9xz0jorn5n-part-1): name="Block 10 (продолжение 2)", lines=[69,70,71,72]
     Content preview: "I apologize, even though I know it's lies
I'm tired of the games, I just want her back
I know I'm a "
       Line 69: "I apologize, even though I know it's lies"
       Line 70: "I'm tired of the games, I just want her back"
       Line 71: "I know I'm a liar, if she ever tries to f- leave again"
       Line 72: "I'ma tie her to the bed and set this house on fire"
   Block 15 (block-1750409933158-10-fvk6tnxml2o): name="Block 11", lines=[73,74,75,76,77,78]
     Content preview: "Just gonna stand there and watch me burn?
Well, that's alright because I like the way it hurts
Just "
       Line 73: "Just gonna stand there and watch me burn?"
       Line 74: "Well, that's alright because I like the way it hurts"
       Line 75: "Just gonna stand there and hear me cry?"
       Line 76: "Well, that's alright, because I love the way you lie"
       Line 77: "I love the way you lie"
       Line 78: "I love the way you lie"
 Rehearsal: Looking for block containing line 0
   Checking block 0: lineIndices=[0,1,2,3,4]
   ✓ Found! Block 0 contains line 0
 Rehearsal: Found active block at index 0 with lines: Array(5)
 Rehearsal: Active block 0: Object
 >>> FONT_CALC_DEBUG >>> Lines: 5, FontSize: 2.66rem, LineHeight: 3.23rem
rtf-parser.js:849 Rehearsal: Activated line 0 in block with transition: none
rtf-parser.js:849 Rehearsal: Next block preview for block 1: Object
rtf-parser.js:849 Rehearsal: Preview lines: Array(2)
rtf-parser.js:849 Rehearsal: Adding preview line 5: "I can't tell you what it really is"
rtf-parser.js:849 Rehearsal: Adding preview line 6: "I can only tell you what it feels like"
rtf-parser.js:849 Rehearsal: Preview container added with 2 lines
rtf-parser.js:849 Rehearsal mode: Rendered active block 0 with next block preview
rtf-parser.js:849 BlockLoopControl: Активирован
rtf-parser.js:849 BlockLoopControl: _createLoopButtonForCurrentBlock called
rtf-parser.js:849 BlockLoopControl: lyricsDisplay.currentActiveBlock: Object
rtf-parser.js:849 BlockLoopControl: lyricsDisplay.textBlocks: Array(11)
rtf-parser.js:849 BlockLoopControl: Создаем кнопку для активного блока репетиции: Block 1
rtf-parser.js:849 BlockLoopControl: _createLoopButton called for block: Block 1
rtf-parser.js:849 BlockLoopControl: blockElement found: true
rtf-parser.js:849 BlockLoopControl: Кнопка создана для блока: Block 1
rtf-parser.js:849 🚀 Скрываю Живую Ленту
rtf-parser.js:849 ✅ Возврат в классический зал
rtf-parser.js:849 🔇 Глубокая тишина - очистка нот
rtf-parser.js:849 🛑 Принудительная остановка всех нот (deep_silence), активных: 1
rtf-parser.js:849 🎚️ МАСТЕР: Инструментал - каналов: 2, длина: 11615663, частота: 44100Hz
rtf-parser.js:849 🎚️ МАСТЕР: Вокал - каналов: 2, длина: 11615663, частота: 44100Hz
rtf-parser.js:849 🎚️ МАСТЕР: Создан буфер - каналов: 2, длина: 11615663
rtf-parser.js:849 🎚️ МАСТЕР: Начинаем микширование каналов...
rtf-parser.js:849 🎚️ МАСТЕР: Микширование завершено, конвертируем в blob...
rtf-parser.js:849 🎚️ МАСТЕР: Микшированная дорожка создана! URL: blob:null/df250147-9f79-4fad-8f0b-910a92bec572...
rtf-parser.js:849 🎚️ МАСТЕР: Размер blob: 46462696 байт
rtf-parser.js:849 🎚️ МАСТЕР: Обновляем URL после создания микшированной дорожки
rtf-parser.js:849 🎚️ МАСТЕР URL обновлен: blob:null/df250147-9f79-4fad-8f0b-910a92bec572...
rtf-parser.js:849 🔇 Глубокая тишина - очистка нот
rtf-parser.js:849 🛑 Принудительная остановка всех нот (deep_silence), активных: 1
rtf-parser.js:849 Rehearsal: Line changing from 0 to 1
rtf-parser.js:849 Splitting block "Block 2" (9 lines) into 2 parts with ~5 lines each
rtf-parser.js:849   Part 1: lines 0-4 (5 lines)
rtf-parser.js:849   Part 2: lines 5-8 (4 lines)
rtf-parser.js:849 Splitting block "Block 3" (10 lines) into 2 parts with ~5 lines each
rtf-parser.js:849   Part 1: lines 0-4 (5 lines)
rtf-parser.js:849   Part 2: lines 5-9 (5 lines)
rtf-parser.js:849 Splitting block "Block 5" (10 lines) into 2 parts with ~5 lines each
rtf-parser.js:849   Part 1: lines 0-4 (5 lines)
rtf-parser.js:849   Part 2: lines 5-9 (5 lines)
rtf-parser.js:849 Splitting block "Block 6" (10 lines) into 2 parts with ~5 lines each
rtf-parser.js:849   Part 1: lines 0-4 (5 lines)
rtf-parser.js:849   Part 2: lines 5-9 (5 lines)
rtf-parser.js:849 Splitting block "Block 10" (9 lines) into 2 parts with ~5 lines each
rtf-parser.js:849   Part 1: lines 0-4 (5 lines)
rtf-parser.js:849   Part 2: lines 5-8 (4 lines)
rtf-parser.js:849 Rehearsal: Current line 0 belongs to block: block-1750409933157-0-ac0zg0yd08s Array(5)
rtf-parser.js:849 Rehearsal: New line 1 belongs to block: block-1750409933157-0-ac0zg0yd08s Array(5)
rtf-parser.js:849 Rehearsal: Same block (block-1750409933157-0-ac0zg0yd08s), updating active line from 0 to 1
rtf-parser.js:849 [SETACTIVE] Called with index 1. Current style: rehearsal
rtf-parser.js:849 Rehearsal mode: Setting active line 1
rtf-parser.js:849 Activating rehearsal line at index 1
rtf-parser.js:849 BlockLoopControl: Активный блок изменился
rtf-parser.js:849 BlockLoopControl: _createLoopButtonForCurrentBlock called
rtf-parser.js:849 BlockLoopControl: lyricsDisplay.currentActiveBlock: Object
rtf-parser.js:849 BlockLoopControl: lyricsDisplay.textBlocks: Array(11)
rtf-parser.js:849 BlockLoopControl: Создаем кнопку для активного блока репетиции: Block 1
rtf-parser.js:849 BlockLoopControl: _createLoopButton called for block: Block 1
rtf-parser.js:849 BlockLoopControl: blockElement found: true
rtf-parser.js:849 BlockLoopControl: Кнопка создана для блока: Block 1
rtf-parser.js:849 Key pressed: MetaLeft
rtf-parser.js:849 Key pressed: Meta, key code: 91, waveform active: false
rtf-parser.js:849 Key pressed: ShiftLeft
rtf-parser.js:849 Key pressed: Shift, key code: 16, waveform active: false
rtf-parser.js:849 LoopBlockManager: Shift key pressed, multiple selection mode active
rtf-parser.js:849 LoopBlockManager: Shift key released, multiple selection mode deactivated
rtf-parser.js:849 Key pressed: Space
rtf-parser.js:849 Space bar pressed, toggling playback
rtf-parser.js:849 ⏸️ ИНСТРУМЕНТАЛ: Пауза
rtf-parser.js:849 ⏸️ ВОКАЛ: Пауза
rtf-parser.js:849 isPlaying property set to: false
rtf-parser.js:849 Key pressed:  , key code: 32, waveform active: false
rtf-parser.js:849 🔍 Статический анализ: 313.6Hz (61.4%)
rtf-parser.js:849 Key pressed: AltLeft
rtf-parser.js:849 Key pressed: Alt, key code: 18, waveform active: false
rtf-parser.js:849 Key pressed: MetaLeft
rtf-parser.js:849 Key pressed: Meta, key code: 91, waveform active: false
rtf-parser.js:849 Key pressed: KeyJ
rtf-parser.js:849 Key pressed: j, key code: 74, waveform active: false
