index.html:1 Not allowed to load local resource: blob:null/e1bf2f80-e6c5-45d2-aaa0-e48ca0440e5c
index.html:1 Not allowed to load local resource: blob:null/78760f82-a55a-494d-bd1c-1e01d7aa7d2d
     Content preview: "I apologize, even though I know it's lies
I'm tired of the games, I just want her back
I know I'm a "
       Line 69: "I apologize, even though I know it's lies"
       Line 70: "I'm tired of the games, I just want her back"
       Line 71: "I know I'm a liar, if she ever tries to f- leave again"
       Line 72: "I'ma tie her to the bed and set this house on fire"
   Block 15 (block-1750414286267-10-5tz6l166zum): name="Block 11", lines=[73,74,75,76,77,78]
     Content preview: "Just gonna stand there and watch me burn?
Well, that's alright because I like the way it hurts
Just "
       Line 73: "Just gonna stand there and watch me burn?"
       Line 74: "Well, that's alright because I like the way it hurts"
       Line 75: "Just gonna stand there and hear me cry?"
       Line 76: "Well, that's alright, because I love the way you lie"
       Line 77: "I love the way you lie"
       Line 78: "I love the way you lie"
 Rehearsal: Looking for block containing line 8
   Checking block 0: lineIndices=[0,1,2,3,4]
   ✗ Block 0 does NOT contain line 8
   Checking block 1: lineIndices=[5,6,7,8,9]
   ✓ Found! Block 1 contains line 8
 Rehearsal: Found active block at index 1 with lines: Array(5)
 Rehearsal: Active block 1: Object
 >>> FONT_CALC_DEBUG >>> Lines: 5, FontSize: 2.66rem, LineHeight: 3.23rem
 Rehearsal: Activated line 8 in block with transition: none
 Rehearsal: Next block preview for block 2: Object
 Rehearsal: Preview lines: Array(2)
 Rehearsal: Adding preview line 10: "High off her love, drunk from her hate"
 Rehearsal: Adding preview line 11: "It's like I'm huffin' paint, and I love her the more I suffer, I suffocate"
 Rehearsal: Preview container added with 2 lines
 Rehearsal mode: Rendered active block 1 with next block preview
 BlockLoopControl: Обновление для текущего блока
 BlockLoopControl: Блок изменился, останавливаем зацикливание
 BlockLoopControl: _createLoopButtonForCurrentBlock called
 BlockLoopControl: lyricsDisplay.currentActiveBlock: Object
 BlockLoopControl: lyricsDisplay.textBlocks: Array(11)
 BlockLoopControl: Создаем кнопку для активного блока репетиции: Block 2
 BlockLoopControl: _createLoopButton called for block: Block 2
 BlockLoopControl: blockElement found: true
 BlockLoopControl: Кнопка создана для блока: Block 2
 Rehearsal: Line changing from 8 to 9
 Splitting block "Block 2" (9 lines) into 2 parts with ~5 lines each
   Part 1: lines 0-4 (5 lines)
   Part 2: lines 5-8 (4 lines)
 Splitting block "Block 3" (10 lines) into 2 parts with ~5 lines each
   Part 1: lines 0-4 (5 lines)
   Part 2: lines 5-9 (5 lines)
 Splitting block "Block 5" (10 lines) into 2 parts with ~5 lines each
   Part 1: lines 0-4 (5 lines)
   Part 2: lines 5-9 (5 lines)
 Splitting block "Block 6" (10 lines) into 2 parts with ~5 lines each
   Part 1: lines 0-4 (5 lines)
   Part 2: lines 5-9 (5 lines)
 Splitting block "Block 10" (9 lines) into 2 parts with ~5 lines each
   Part 1: lines 0-4 (5 lines)
   Part 2: lines 5-8 (4 lines)
 Rehearsal: Current line 8 belongs to block: block-1750414286266-1-fq2w3twkzc7-part-0 Array(5)
 Rehearsal: New line 9 belongs to block: block-1750414286266-1-fq2w3twkzc7-part-0 Array(5)
 Rehearsal: Same block (block-1750414286266-1-fq2w3twkzc7-part-0), updating active line from 8 to 9
 [SETACTIVE] Called with index 9. Current style: rehearsal
 Rehearsal mode: Setting active line 9
 Activating rehearsal line at index 9
 BlockLoopControl: Активный блок изменился
 BlockLoopControl: _createLoopButtonForCurrentBlock called
 BlockLoopControl: lyricsDisplay.currentActiveBlock: Object
 BlockLoopControl: lyricsDisplay.textBlocks: Array(11)
 BlockLoopControl: Создаем кнопку для активного блока репетиции: Block 2
 BlockLoopControl: _createLoopButton called for block: Block 2
 BlockLoopControl: blockElement found: true
 BlockLoopControl: Кнопка создана для блока: Block 2
 Rehearsal: Line changing from 9 to 10
 Splitting block "Block 2" (9 lines) into 2 parts with ~5 lines each
   Part 1: lines 0-4 (5 lines)
   Part 2: lines 5-8 (4 lines)
 Splitting block "Block 3" (10 lines) into 2 parts with ~5 lines each
   Part 1: lines 0-4 (5 lines)
   Part 2: lines 5-9 (5 lines)
 Splitting block "Block 5" (10 lines) into 2 parts with ~5 lines each
   Part 1: lines 0-4 (5 lines)
   Part 2: lines 5-9 (5 lines)
 Splitting block "Block 6" (10 lines) into 2 parts with ~5 lines each
   Part 1: lines 0-4 (5 lines)
   Part 2: lines 5-9 (5 lines)
 Splitting block "Block 10" (9 lines) into 2 parts with ~5 lines each
   Part 1: lines 0-4 (5 lines)
   Part 2: lines 5-8 (4 lines)
 Rehearsal: Current line 9 belongs to block: block-1750414286266-1-fq2w3twkzc7-part-0 Array(5)
 Rehearsal: New line 10 belongs to block: block-1750414286266-1-fq2w3twkzc7-part-1 Array(4)
 Rehearsal: *** BLOCK CHANGED *** from block-1750414286266-1-fq2w3twkzc7-part-0 to block-1750414286266-1-fq2w3twkzc7-part-1
 Rehearsal: Line changed from 9 to 10
 Rehearsal: Current block lines: Array(5)
 Rehearsal: New block lines: Array(4)
 Splitting block "Block 2" (9 lines) into 2 parts with ~5 lines each
   Part 1: lines 0-4 (5 lines)
   Part 2: lines 5-8 (4 lines)
 Splitting block "Block 3" (10 lines) into 2 parts with ~5 lines each
   Part 1: lines 0-4 (5 lines)
   Part 2: lines 5-9 (5 lines)
 Splitting block "Block 5" (10 lines) into 2 parts with ~5 lines each
   Part 1: lines 0-4 (5 lines)
   Part 2: lines 5-9 (5 lines)
 Splitting block "Block 6" (10 lines) into 2 parts with ~5 lines each
   Part 1: lines 0-4 (5 lines)
   Part 2: lines 5-9 (5 lines)
 Splitting block "Block 10" (9 lines) into 2 parts with ~5 lines each
   Part 1: lines 0-4 (5 lines)
   Part 2: lines 5-8 (4 lines)
 Rehearsal: Current line: 10, Total blocks: 16
 Rehearsal: DETAILED Block structure:
   Block 0 (block-1750414286263-0-9jwimh54goh): name="Block 1", lines=[0,1,2,3,4]
     Content preview: "Just gonna stand there and watch me burn?
Well, that's alright because I like the way it hurts
Just "
       Line 0: "Just gonna stand there and watch me burn?"
       Line 1: "Well, that's alright because I like the way it hurts"
       Line 2: "Just gonna stand there and hear me cry?"
       Line 3: "Well, that's alright because I love the way you lie"
       Line 4: "I love the way you lie"
   Block 1 (block-1750414286266-1-fq2w3twkzc7-part-0): name="Block 2", lines=[5,6,7,8,9]
     Content preview: "I can't tell you what it really is
I can only tell you what it feels like
And right now, there's a s"
       Line 5: "I can't tell you what it really is"
       Line 6: "I can only tell you what it feels like"
       Line 7: "And right now, there's a steel knife in my windpipe"
       Line 8: "I can't breathe, but I still fight while I can fight"
       Line 9: "As long as the wrong feels right, it's like I'm in flight"
   Block 2 (block-1750414286266-1-fq2w3twkzc7-part-1): name="Block 2 (продолжение 2)", lines=[10,11,12,13]
     Content preview: "High off her love, drunk from her hate
It's like I'm huffin' paint, and I love her the more I suffer"
       Line 10: "High off her love, drunk from her hate"
       Line 11: "It's like I'm huffin' paint, and I love her the more I suffer, I suffocate"
       Line 12: "And right before I'm about to drown, she resuscitates me"
       Line 13: "She f- hates me, and I love it"
   Block 3 (block-1750414286266-2-75mnt3qli6y-part-0): name="Block 3", lines=[14,15,16,17,18]
     Content preview: ""Wait! Where you going?" "I'm leaving you"
"No, you ain't, come back"
We're running right back, here"
       Line 14: ""Wait! Where you going?" "I'm leaving you""
       Line 15: ""No, you ain't, come back""
       Line 16: "We're running right back, here we go again"
       Line 17: "It's so insane 'cause when it's going good, it's going great"
       Line 18: "I'm Superman with the wind at his back, she's Lois Lane"
   Block 4 (block-1750414286266-2-75mnt3qli6y-part-1): name="Block 3 (продолжение 2)", lines=[19,20,21,22,23]
     Content preview: "But when it's bad, it's awful
I feel so ashamed, I snapped, "Who's that dude?"
I don't even know his"
       Line 19: "But when it's bad, it's awful"
       Line 20: "I feel so ashamed, I snapped, "Who's that dude?""
       Line 21: "I don't even know his name"
       Line 22: "I laid hands on her, I'll never stoop so low again"
       Line 23: "I guess I don't know my own strength"
   Block 5 (block-1750414286266-3-2iq7a2882jc): name="Block 4", lines=[24,25,26,27,28,29]
     Content preview: "Just gonna stand there and watch me burn?
Well, that's alright because I like the way it hurts
Just "
       Line 24: "Just gonna stand there and watch me burn?"
       Line 25: "Well, that's alright because I like the way it hurts"
       Line 26: "Just gonna stand there and hear me cry?"
       Line 27: "Well, that's alright because I love the way you lie"
       Line 28: "I love the way you lie"
       Line 29: "I love the way you lie"
   Block 6 (block-1750414286267-4-7n23vlccix5-part-0): name="Block 5", lines=[30,31,32,33,34]
     Content preview: "You ever loved somebody so much
You can barely breathe when you're with 'em?
You meet and neither on"
       Line 30: "You ever loved somebody so much"
       Line 31: "You can barely breathe when you're with 'em?"
       Line 32: "You meet and neither one of you even know what hit 'em"
       Line 33: "Got that warm fuzzy feelin', yeah, them chills, used to get 'em"
       Line 34: "Now you're gettin' f- sick of lookin' at 'em?"
   Block 7 (block-1750414286267-4-7n23vlccix5-part-1): name="Block 5 (продолжение 2)", lines=[35,36,37,38,39]
     Content preview: "You swore you'd never hit 'em, never do nothin' to hurt 'em
Now you're in each other's face, spewin'"
       Line 35: "You swore you'd never hit 'em, never do nothin' to hurt 'em"
       Line 36: "Now you're in each other's face, spewin' venom in your words when you spit 'em"
       Line 37: "You push, pull each other's hair, scratch, claw, bit 'em"
       Line 38: "Throw 'em down, pin 'em"
       Line 39: "So lost in them moments when you're in 'em"
   Block 8 (block-1750414286267-5-bw8ov1x78zi-part-0): name="Block 6", lines=[40,41,42,43,44]
     Content preview: "It's the rage that took over, it controls you both
So they say you're best to go your separate ways
"
       Line 40: "It's the rage that took over, it controls you both"
       Line 41: "So they say you're best to go your separate ways"
       Line 42: "Guess that they don't know you 'cause today, that was yesterday"
       Line 43: "Yesterday is over, it's a different day"
       Line 44: "Sound like broken records playin' over, but you promised her"
   Block 9 (block-1750414286267-5-bw8ov1x78zi-part-1): name="Block 6 (продолжение 2)", lines=[45,46,47,48,49]
     Content preview: "Next time, you'll show restraint
You don't get another chance
Life is no Nintendo game, but you lied"
       Line 45: "Next time, you'll show restraint"
       Line 46: "You don't get another chance"
       Line 47: "Life is no Nintendo game, but you lied again"
       Line 48: "Now you get to watch her leave out the window"
       Line 49: "Guess that's why they call it windowpane"
   Block 10 (block-1750414286267-6-npbcvg35q7): name="Block 7", lines=[50,51,52,53,54]
     Content preview: "Just gonna stand there and watch me burn?
Well, that's alright because I like the way it hurts
Just "
       Line 50: "Just gonna stand there and watch me burn?"
       Line 51: "Well, that's alright because I like the way it hurts"
       Line 52: "Just gonna stand there and hear me cry?"
       Line 53: "Well, that's alright because I love the way you lie"
       Line 54: "I love the way you lie"
   Block 11 (block-1750414286267-7-y07io6ekvs): name="Block 8", lines=[55]
     Content preview: "I love the way you lie"
       Line 55: "I love the way you lie"
   Block 12 (block-1750414286267-8-7hg4qt1p2da): name="Block 9", lines=[56,57,58,59,60,61,62,63]
     Content preview: "Now I know we said things, did things that we didn't mean
Then we fall back into the same patterns, "
       Line 56: "Now I know we said things, did things that we didn't mean"
       Line 57: "Then we fall back into the same patterns, same routine"
       Line 58: "But your temper's just as bad as mine is"
       Line 59: "You're the same as me, when it comes to love, you're just as blinded"
       Line 60: "Baby, please come back, it wasn't you, baby, it was me"
       Line 61: "Maybe our relationship isn't as crazy as it seems"
       Line 62: "Maybe that's what happens when a tornado meets a volcano"
       Line 63: "All I know is I love you too much to walk away, though"
   Block 13 (block-1750414286267-9-cnc93u8nkd8-part-0): name="Block 10", lines=[64,65,66,67,68]
     Content preview: "Come inside, pick up your bags off the sidewalk
Don't you hear sincerity in my voice when I talk?
To"
       Line 64: "Come inside, pick up your bags off the sidewalk"
       Line 65: "Don't you hear sincerity in my voice when I talk?"
       Line 66: "Told you this is my fault, look me in the eyeball"
       Line 67: "Next time I'm p-, I'll aim my fist at the drywall"
       Line 68: ""Next time? There won't be no next time""
   Block 14 (block-1750414286267-9-cnc93u8nkd8-part-1): name="Block 10 (продолжение 2)", lines=[69,70,71,72]
     Content preview: "I apologize, even though I know it's lies
I'm tired of the games, I just want her back
I know I'm a "
       Line 69: "I apologize, even though I know it's lies"
       Line 70: "I'm tired of the games, I just want her back"
       Line 71: "I know I'm a liar, if she ever tries to f- leave again"
       Line 72: "I'ma tie her to the bed and set this house on fire"
   Block 15 (block-1750414286267-10-5tz6l166zum): name="Block 11", lines=[73,74,75,76,77,78]
     Content preview: "Just gonna stand there and watch me burn?
Well, that's alright because I like the way it hurts
Just "
       Line 73: "Just gonna stand there and watch me burn?"
       Line 74: "Well, that's alright because I like the way it hurts"
       Line 75: "Just gonna stand there and hear me cry?"
       Line 76: "Well, that's alright, because I love the way you lie"
       Line 77: "I love the way you lie"
       Line 78: "I love the way you lie"
 Rehearsal: Looking for block containing line 10
   Checking block 0: lineIndices=[0,1,2,3,4]
   ✗ Block 0 does NOT contain line 10
   Checking block 1: lineIndices=[5,6,7,8,9]
   ✗ Block 1 does NOT contain line 10
   Checking block 2: lineIndices=[10,11,12,13]
   ✓ Found! Block 2 contains line 10
 Rehearsal: Found active block at index 2 with lines: Array(4)
 Rehearsal: Active block 2: Object
 >>> FONT_CALC_DEBUG >>> Lines: 4, FontSize: 2.66rem, LineHeight: 3.23rem
 Rehearsal: Activated line 10 in block with transition: none
 Rehearsal: Next block preview for block 3: Object
 Rehearsal: Preview lines: Array(2)
 Rehearsal: Adding preview line 14: ""Wait! Where you going?" "I'm leaving you""
 Rehearsal: Adding preview line 15: ""No, you ain't, come back""
 Rehearsal: Preview container added with 2 lines
 Rehearsal mode: Rendered active block 2 with next block preview
 BlockLoopControl: Обновление для текущего блока
 BlockLoopControl: Блок изменился, останавливаем зацикливание
 BlockLoopControl: _createLoopButtonForCurrentBlock called
 BlockLoopControl: lyricsDisplay.currentActiveBlock: Object
 BlockLoopControl: lyricsDisplay.textBlocks: Array(11)
 BlockLoopControl: Создаем кнопку для активного блока репетиции: Block 2 (продолжение 2)
 BlockLoopControl: _createLoopButton called for block: Block 2 (продолжение 2)
 BlockLoopControl: blockElement found: true
 BlockLoopControl: Кнопка создана для блока: Block 2 (продолжение 2)
 BlockLoopControl: Запуск зацикливания блока: Block 2 (продолжение 2)
 BlockLoopControl: Calculating time range for block "Block 2 (продолжение 2)" with lines [10,11,12,13]
 BlockLoopControl: Available markers count: 79
 BlockLoopControl: Block line range: 10 to 13
 BlockLoopControl: Found start marker for line 10: 37.21s
 BlockLoopControl: Searching for end marker after line 13
 BlockLoopControl: Found end marker (first of next block) for line 14: 47.83s
 BlockLoopControl: Block "Block 2 (продолжение 2)" LOOP BOUNDS: START=37.21s END=47.83s (duration: 10.62s)
 BlockLoopControl: Временные границы блока: 37.21s - 47.83s
 BlockLoopControl: Зацикливание установлено, воспроизведение продолжается без прерывания
 BlockLoopControl: Добавлена оранжевая окантовка блока
 BlockLoopControl: Зацикливание активно 37.209977324263036s - 47.83310657596371s (без прерывания воспроизведения)
 BlockLoopControl: LOOP CHECK - Current: 38.53s, Start: 37.21s, End: 47.83s
 Key pressed: MetaLeft
 Key pressed: Meta, key code: 91, waveform active: false
 Key pressed: ShiftLeft
 Key pressed: Shift, key code: 16, waveform active: false
 LoopBlockManager: Shift key pressed, multiple selection mode active
 BlockLoopControl: LOOP CHECK - Current: 38.93s, Start: 37.21s, End: 47.83s
 LoopBlockManager: Shift key released, multiple selection mode deactivated
 Rehearsal: Line changing from 10 to 11
 Splitting block "Block 2" (9 lines) into 2 parts with ~5 lines each
   Part 1: lines 0-4 (5 lines)
   Part 2: lines 5-8 (4 lines)
 Splitting block "Block 3" (10 lines) into 2 parts with ~5 lines each
   Part 1: lines 0-4 (5 lines)
   Part 2: lines 5-9 (5 lines)
 Splitting block "Block 5" (10 lines) into 2 parts with ~5 lines each
   Part 1: lines 0-4 (5 lines)
   Part 2: lines 5-9 (5 lines)
 Splitting block "Block 6" (10 lines) into 2 parts with ~5 lines each
   Part 1: lines 0-4 (5 lines)
   Part 2: lines 5-9 (5 lines)
 Splitting block "Block 10" (9 lines) into 2 parts with ~5 lines each
   Part 1: lines 0-4 (5 lines)
   Part 2: lines 5-8 (4 lines)
 Rehearsal: Current line 10 belongs to block: block-1750414286266-1-fq2w3twkzc7-part-1 Array(4)
 Rehearsal: New line 11 belongs to block: block-1750414286266-1-fq2w3twkzc7-part-1 Array(4)
 Rehearsal: Same block (block-1750414286266-1-fq2w3twkzc7-part-1), updating active line from 10 to 11
 [SETACTIVE] Called with index 11. Current style: rehearsal
 Rehearsal mode: Setting active line 11
 Activating rehearsal line at index 11
 BlockLoopControl: Активный блок изменился
 BlockLoopControl: Строка 11 принадлежит текущему зацикленному блоку Block 2 (продолжение 2), зацикливание продолжается
 BlockLoopControl: LOOP CHECK - Current: 39.34s, Start: 37.21s, End: 47.83s
 BlockLoopControl: LOOP CHECK - Current: 39.78s, Start: 37.21s, End: 47.83s
 BlockLoopControl: LOOP CHECK - Current: 40.24s, Start: 37.21s, End: 47.83s
 BlockLoopControl: LOOP CHECK - Current: 40.61s, Start: 37.21s, End: 47.83s
 BlockLoopControl: LOOP CHECK - Current: 41.01s, Start: 37.21s, End: 47.83s
 BlockLoopControl: LOOP CHECK - Current: 41.48s, Start: 37.21s, End: 47.83s
 BlockLoopControl: LOOP CHECK - Current: 41.97s, Start: 37.21s, End: 47.83s
 BlockLoopControl: LOOP CHECK - Current: 42.44s, Start: 37.21s, End: 47.83s
 Rehearsal: Line changing from 11 to 12
 Splitting block "Block 2" (9 lines) into 2 parts with ~5 lines each
   Part 1: lines 0-4 (5 lines)
   Part 2: lines 5-8 (4 lines)
 Splitting block "Block 3" (10 lines) into 2 parts with ~5 lines each
   Part 1: lines 0-4 (5 lines)
   Part 2: lines 5-9 (5 lines)
 Splitting block "Block 5" (10 lines) into 2 parts with ~5 lines each
   Part 1: lines 0-4 (5 lines)
   Part 2: lines 5-9 (5 lines)
 Splitting block "Block 6" (10 lines) into 2 parts with ~5 lines each
   Part 1: lines 0-4 (5 lines)
   Part 2: lines 5-9 (5 lines)
 Splitting block "Block 10" (9 lines) into 2 parts with ~5 lines each
   Part 1: lines 0-4 (5 lines)
   Part 2: lines 5-8 (4 lines)
 Rehearsal: Current line 11 belongs to block: block-1750414286266-1-fq2w3twkzc7-part-1 Array(4)
 Rehearsal: New line 12 belongs to block: block-1750414286266-1-fq2w3twkzc7-part-1 Array(4)
 Rehearsal: Same block (block-1750414286266-1-fq2w3twkzc7-part-1), updating active line from 11 to 12
 [SETACTIVE] Called with index 12. Current style: rehearsal
 Rehearsal mode: Setting active line 12
 Activating rehearsal line at index 12
 BlockLoopControl: Активный блок изменился
 BlockLoopControl: Строка 12 принадлежит текущему зацикленному блоку Block 2 (продолжение 2), зацикливание продолжается
 BlockLoopControl: LOOP CHECK - Current: 43.01s, Start: 37.21s, End: 47.83s
 BlockLoopControl: LOOP CHECK - Current: 43.42s, Start: 37.21s, End: 47.83s
 BlockLoopControl: LOOP CHECK - Current: 43.83s, Start: 37.21s, End: 47.83s
 BlockLoopControl: LOOP CHECK - Current: 44.22s, Start: 37.21s, End: 47.83s
 BlockLoopControl: LOOP CHECK - Current: 44.61s, Start: 37.21s, End: 47.83s
 BlockLoopControl: LOOP CHECK - Current: 45.01s, Start: 37.21s, End: 47.83s
 BlockLoopControl: LOOP CHECK - Current: 45.45s, Start: 37.21s, End: 47.83s
 BlockLoopControl: LOOP CHECK - Current: 45.87s, Start: 37.21s, End: 47.83s
 Rehearsal: Line changing from 12 to 13
 Splitting block "Block 2" (9 lines) into 2 parts with ~5 lines each
   Part 1: lines 0-4 (5 lines)
   Part 2: lines 5-8 (4 lines)
 Splitting block "Block 3" (10 lines) into 2 parts with ~5 lines each
   Part 1: lines 0-4 (5 lines)
   Part 2: lines 5-9 (5 lines)
 Splitting block "Block 5" (10 lines) into 2 parts with ~5 lines each
   Part 1: lines 0-4 (5 lines)
   Part 2: lines 5-9 (5 lines)
 Splitting block "Block 6" (10 lines) into 2 parts with ~5 lines each
   Part 1: lines 0-4 (5 lines)
   Part 2: lines 5-9 (5 lines)
 Splitting block "Block 10" (9 lines) into 2 parts with ~5 lines each
   Part 1: lines 0-4 (5 lines)
   Part 2: lines 5-8 (4 lines)
 Rehearsal: Current line 12 belongs to block: block-1750414286266-1-fq2w3twkzc7-part-1 Array(4)
 Rehearsal: New line 13 belongs to block: block-1750414286266-1-fq2w3twkzc7-part-1 Array(4)
 Rehearsal: Same block (block-1750414286266-1-fq2w3twkzc7-part-1), updating active line from 12 to 13
 [SETACTIVE] Called with index 13. Current style: rehearsal
 Rehearsal mode: Setting active line 13
 Activating rehearsal line at index 13
 BlockLoopControl: Активный блок изменился
 BlockLoopControl: Строка 13 принадлежит текущему зацикленному блоку Block 2 (продолжение 2), зацикливание продолжается
 BlockLoopControl: LOOP CHECK - Current: 46.42s, Start: 37.21s, End: 47.83s
 BlockLoopControl: LOOP CHECK - Current: 46.82s, Start: 37.21s, End: 47.83s
 BlockLoopControl: LOOP CHECK - Current: 47.22s, Start: 37.21s, End: 47.83s
 BlockLoopControl: LOOP CHECK - Current: 47.62s, Start: 37.21s, End: 47.83s
 🔄 BlockLoopControl: LOOP TRIGGER! End reached at 47.81s, jumping to start 37.21s
 ⏰ СИНХРО: Позиция установлена 37.21с
 Rehearsal: Line changing from 13 to 9
 Splitting block "Block 2" (9 lines) into 2 parts with ~5 lines each
   Part 1: lines 0-4 (5 lines)
   Part 2: lines 5-8 (4 lines)
 Splitting block "Block 3" (10 lines) into 2 parts with ~5 lines each
   Part 1: lines 0-4 (5 lines)
   Part 2: lines 5-9 (5 lines)
 Splitting block "Block 5" (10 lines) into 2 parts with ~5 lines each
   Part 1: lines 0-4 (5 lines)
   Part 2: lines 5-9 (5 lines)
 Splitting block "Block 6" (10 lines) into 2 parts with ~5 lines each
   Part 1: lines 0-4 (5 lines)
   Part 2: lines 5-9 (5 lines)
 Splitting block "Block 10" (9 lines) into 2 parts with ~5 lines each
   Part 1: lines 0-4 (5 lines)
   Part 2: lines 5-8 (4 lines)
 Rehearsal: Current line 13 belongs to block: block-1750414286266-1-fq2w3twkzc7-part-1 Array(4)
 Rehearsal: New line 9 belongs to block: block-1750414286266-1-fq2w3twkzc7-part-0 Array(5)
 Rehearsal: *** BLOCK CHANGED *** from block-1750414286266-1-fq2w3twkzc7-part-1 to block-1750414286266-1-fq2w3twkzc7-part-0
 Rehearsal: Line changed from 13 to 9
 Rehearsal: Current block lines: Array(4)
 Rehearsal: New block lines: Array(5)
 Splitting block "Block 2" (9 lines) into 2 parts with ~5 lines each
   Part 1: lines 0-4 (5 lines)
   Part 2: lines 5-8 (4 lines)
 Splitting block "Block 3" (10 lines) into 2 parts with ~5 lines each
   Part 1: lines 0-4 (5 lines)
   Part 2: lines 5-9 (5 lines)
 Splitting block "Block 5" (10 lines) into 2 parts with ~5 lines each
   Part 1: lines 0-4 (5 lines)
   Part 2: lines 5-9 (5 lines)
 Splitting block "Block 6" (10 lines) into 2 parts with ~5 lines each
   Part 1: lines 0-4 (5 lines)
   Part 2: lines 5-9 (5 lines)
 Splitting block "Block 10" (9 lines) into 2 parts with ~5 lines each
   Part 1: lines 0-4 (5 lines)
   Part 2: lines 5-8 (4 lines)
 Rehearsal: Current line: 9, Total blocks: 16
 Rehearsal: DETAILED Block structure:
   Block 0 (block-1750414286263-0-9jwimh54goh): name="Block 1", lines=[0,1,2,3,4]
     Content preview: "Just gonna stand there and watch me burn?
Well, that's alright because I like the way it hurts
Just "
       Line 0: "Just gonna stand there and watch me burn?"
       Line 1: "Well, that's alright because I like the way it hurts"
       Line 2: "Just gonna stand there and hear me cry?"
       Line 3: "Well, that's alright because I love the way you lie"
       Line 4: "I love the way you lie"
   Block 1 (block-1750414286266-1-fq2w3twkzc7-part-0): name="Block 2", lines=[5,6,7,8,9]
     Content preview: "I can't tell you what it really is
I can only tell you what it feels like
And right now, there's a s"
       Line 5: "I can't tell you what it really is"
       Line 6: "I can only tell you what it feels like"
       Line 7: "And right now, there's a steel knife in my windpipe"
       Line 8: "I can't breathe, but I still fight while I can fight"
       Line 9: "As long as the wrong feels right, it's like I'm in flight"
   Block 2 (block-1750414286266-1-fq2w3twkzc7-part-1): name="Block 2 (продолжение 2)", lines=[10,11,12,13]
     Content preview: "High off her love, drunk from her hate
It's like I'm huffin' paint, and I love her the more I suffer"
       Line 10: "High off her love, drunk from her hate"
       Line 11: "It's like I'm huffin' paint, and I love her the more I suffer, I suffocate"
       Line 12: "And right before I'm about to drown, she resuscitates me"
       Line 13: "She f- hates me, and I love it"
   Block 3 (block-1750414286266-2-75mnt3qli6y-part-0): name="Block 3", lines=[14,15,16,17,18]
     Content preview: ""Wait! Where you going?" "I'm leaving you"
"No, you ain't, come back"
We're running right back, here"
       Line 14: ""Wait! Where you going?" "I'm leaving you""
       Line 15: ""No, you ain't, come back""
       Line 16: "We're running right back, here we go again"
       Line 17: "It's so insane 'cause when it's going good, it's going great"
       Line 18: "I'm Superman with the wind at his back, she's Lois Lane"
   Block 4 (block-1750414286266-2-75mnt3qli6y-part-1): name="Block 3 (продолжение 2)", lines=[19,20,21,22,23]
     Content preview: "But when it's bad, it's awful
I feel so ashamed, I snapped, "Who's that dude?"
I don't even know his"
       Line 19: "But when it's bad, it's awful"
       Line 20: "I feel so ashamed, I snapped, "Who's that dude?""
       Line 21: "I don't even know his name"
       Line 22: "I laid hands on her, I'll never stoop so low again"
       Line 23: "I guess I don't know my own strength"
   Block 5 (block-1750414286266-3-2iq7a2882jc): name="Block 4", lines=[24,25,26,27,28,29]
     Content preview: "Just gonna stand there and watch me burn?
Well, that's alright because I like the way it hurts
Just "
       Line 24: "Just gonna stand there and watch me burn?"
       Line 25: "Well, that's alright because I like the way it hurts"
       Line 26: "Just gonna stand there and hear me cry?"
       Line 27: "Well, that's alright because I love the way you lie"
       Line 28: "I love the way you lie"
       Line 29: "I love the way you lie"
   Block 6 (block-1750414286267-4-7n23vlccix5-part-0): name="Block 5", lines=[30,31,32,33,34]
     Content preview: "You ever loved somebody so much
You can barely breathe when you're with 'em?
You meet and neither on"
       Line 30: "You ever loved somebody so much"
       Line 31: "You can barely breathe when you're with 'em?"
       Line 32: "You meet and neither one of you even know what hit 'em"
       Line 33: "Got that warm fuzzy feelin', yeah, them chills, used to get 'em"
       Line 34: "Now you're gettin' f- sick of lookin' at 'em?"
   Block 7 (block-1750414286267-4-7n23vlccix5-part-1): name="Block 5 (продолжение 2)", lines=[35,36,37,38,39]
     Content preview: "You swore you'd never hit 'em, never do nothin' to hurt 'em
Now you're in each other's face, spewin'"
       Line 35: "You swore you'd never hit 'em, never do nothin' to hurt 'em"
       Line 36: "Now you're in each other's face, spewin' venom in your words when you spit 'em"
       Line 37: "You push, pull each other's hair, scratch, claw, bit 'em"
       Line 38: "Throw 'em down, pin 'em"
       Line 39: "So lost in them moments when you're in 'em"
   Block 8 (block-1750414286267-5-bw8ov1x78zi-part-0): name="Block 6", lines=[40,41,42,43,44]
     Content preview: "It's the rage that took over, it controls you both
So they say you're best to go your separate ways
"
       Line 40: "It's the rage that took over, it controls you both"
       Line 41: "So they say you're best to go your separate ways"
       Line 42: "Guess that they don't know you 'cause today, that was yesterday"
       Line 43: "Yesterday is over, it's a different day"
       Line 44: "Sound like broken records playin' over, but you promised her"
   Block 9 (block-1750414286267-5-bw8ov1x78zi-part-1): name="Block 6 (продолжение 2)", lines=[45,46,47,48,49]
     Content preview: "Next time, you'll show restraint
You don't get another chance
Life is no Nintendo game, but you lied"
       Line 45: "Next time, you'll show restraint"
       Line 46: "You don't get another chance"
       Line 47: "Life is no Nintendo game, but you lied again"
       Line 48: "Now you get to watch her leave out the window"
       Line 49: "Guess that's why they call it windowpane"
   Block 10 (block-1750414286267-6-npbcvg35q7): name="Block 7", lines=[50,51,52,53,54]
     Content preview: "Just gonna stand there and watch me burn?
Well, that's alright because I like the way it hurts
Just "
       Line 50: "Just gonna stand there and watch me burn?"
       Line 51: "Well, that's alright because I like the way it hurts"
       Line 52: "Just gonna stand there and hear me cry?"
       Line 53: "Well, that's alright because I love the way you lie"
       Line 54: "I love the way you lie"
   Block 11 (block-1750414286267-7-y07io6ekvs): name="Block 8", lines=[55]
     Content preview: "I love the way you lie"
       Line 55: "I love the way you lie"
   Block 12 (block-1750414286267-8-7hg4qt1p2da): name="Block 9", lines=[56,57,58,59,60,61,62,63]
     Content preview: "Now I know we said things, did things that we didn't mean
Then we fall back into the same patterns, "
       Line 56: "Now I know we said things, did things that we didn't mean"
       Line 57: "Then we fall back into the same patterns, same routine"
       Line 58: "But your temper's just as bad as mine is"
       Line 59: "You're the same as me, when it comes to love, you're just as blinded"
       Line 60: "Baby, please come back, it wasn't you, baby, it was me"
       Line 61: "Maybe our relationship isn't as crazy as it seems"
       Line 62: "Maybe that's what happens when a tornado meets a volcano"
       Line 63: "All I know is I love you too much to walk away, though"
   Block 13 (block-1750414286267-9-cnc93u8nkd8-part-0): name="Block 10", lines=[64,65,66,67,68]
     Content preview: "Come inside, pick up your bags off the sidewalk
Don't you hear sincerity in my voice when I talk?
To"
       Line 64: "Come inside, pick up your bags off the sidewalk"
       Line 65: "Don't you hear sincerity in my voice when I talk?"
       Line 66: "Told you this is my fault, look me in the eyeball"
       Line 67: "Next time I'm p-, I'll aim my fist at the drywall"
       Line 68: ""Next time? There won't be no next time""
   Block 14 (block-1750414286267-9-cnc93u8nkd8-part-1): name="Block 10 (продолжение 2)", lines=[69,70,71,72]
     Content preview: "I apologize, even though I know it's lies
I'm tired of the games, I just want her back
I know I'm a "
       Line 69: "I apologize, even though I know it's lies"
       Line 70: "I'm tired of the games, I just want her back"
       Line 71: "I know I'm a liar, if she ever tries to f- leave again"
       Line 72: "I'ma tie her to the bed and set this house on fire"
   Block 15 (block-1750414286267-10-5tz6l166zum): name="Block 11", lines=[73,74,75,76,77,78]
     Content preview: "Just gonna stand there and watch me burn?
Well, that's alright because I like the way it hurts
Just "
       Line 73: "Just gonna stand there and watch me burn?"
       Line 74: "Well, that's alright because I like the way it hurts"
       Line 75: "Just gonna stand there and hear me cry?"
       Line 76: "Well, that's alright, because I love the way you lie"
       Line 77: "I love the way you lie"
       Line 78: "I love the way you lie"
 Rehearsal: Looking for block containing line 9
   Checking block 0: lineIndices=[0,1,2,3,4]
   ✗ Block 0 does NOT contain line 9
   Checking block 1: lineIndices=[5,6,7,8,9]
   ✓ Found! Block 1 contains line 9
 Rehearsal: Found active block at index 1 with lines: Array(5)
 Rehearsal: Active block 1: Object
 >>> FONT_CALC_DEBUG >>> Lines: 5, FontSize: 2.66rem, LineHeight: 3.23rem
 Rehearsal: Activated line 9 in block with transition: none
 Rehearsal: Next block preview for block 2: Object
 Rehearsal: Preview lines: Array(2)
 Rehearsal: Adding preview line 10: "High off her love, drunk from her hate"
 Rehearsal: Adding preview line 11: "It's like I'm huffin' paint, and I love her the more I suffer, I suffocate"
 Rehearsal: Preview container added with 2 lines
 Rehearsal mode: Rendered active block 1 with next block preview
 BlockLoopControl: Обновление для текущего блока
 BlockLoopControl: Блок изменился, останавливаем зацикливание
 BlockLoopControl: Остановка зацикливания
 BlockLoopControl: _createLoopButtonForCurrentBlock called
 BlockLoopControl: lyricsDisplay.currentActiveBlock: Object
 BlockLoopControl: lyricsDisplay.textBlocks: Array(11)
 BlockLoopControl: Создаем кнопку для активного блока репетиции: Block 2
 BlockLoopControl: _createLoopButton called for block: Block 2
 BlockLoopControl: blockElement found: true
 BlockLoopControl: Кнопка создана для блока: Block 2
 Rehearsal: Line changing from 9 to 10
 Splitting block "Block 2" (9 lines) into 2 parts with ~5 lines each
   Part 1: lines 0-4 (5 lines)
   Part 2: lines 5-8 (4 lines)
 Splitting block "Block 3" (10 lines) into 2 parts with ~5 lines each
   Part 1: lines 0-4 (5 lines)
   Part 2: lines 5-9 (5 lines)
 Splitting block "Block 5" (10 lines) into 2 parts with ~5 lines each
   Part 1: lines 0-4 (5 lines)
   Part 2: lines 5-9 (5 lines)
 Splitting block "Block 6" (10 lines) into 2 parts with ~5 lines each
   Part 1: lines 0-4 (5 lines)
   Part 2: lines 5-9 (5 lines)
 Splitting block "Block 10" (9 lines) into 2 parts with ~5 lines each
   Part 1: lines 0-4 (5 lines)
   Part 2: lines 5-8 (4 lines)
 Rehearsal: Current line 9 belongs to block: block-1750414286266-1-fq2w3twkzc7-part-0 Array(5)
 Rehearsal: New line 10 belongs to block: block-1750414286266-1-fq2w3twkzc7-part-1 Array(4)
 Rehearsal: *** BLOCK CHANGED *** from block-1750414286266-1-fq2w3twkzc7-part-0 to block-1750414286266-1-fq2w3twkzc7-part-1
 Rehearsal: Line changed from 9 to 10
 Rehearsal: Current block lines: Array(5)
 Rehearsal: New block lines: Array(4)
 Splitting block "Block 2" (9 lines) into 2 parts with ~5 lines each
   Part 1: lines 0-4 (5 lines)
   Part 2: lines 5-8 (4 lines)
 Splitting block "Block 3" (10 lines) into 2 parts with ~5 lines each
   Part 1: lines 0-4 (5 lines)
   Part 2: lines 5-9 (5 lines)
 Splitting block "Block 5" (10 lines) into 2 parts with ~5 lines each
   Part 1: lines 0-4 (5 lines)
   Part 2: lines 5-9 (5 lines)
 Splitting block "Block 6" (10 lines) into 2 parts with ~5 lines each
   Part 1: lines 0-4 (5 lines)
   Part 2: lines 5-9 (5 lines)
 Splitting block "Block 10" (9 lines) into 2 parts with ~5 lines each
   Part 1: lines 0-4 (5 lines)
   Part 2: lines 5-8 (4 lines)
 Rehearsal: Current line: 10, Total blocks: 16
 Rehearsal: DETAILED Block structure:
   Block 0 (block-1750414286263-0-9jwimh54goh): name="Block 1", lines=[0,1,2,3,4]
     Content preview: "Just gonna stand there and watch me burn?
Well, that's alright because I like the way it hurts
Just "
       Line 0: "Just gonna stand there and watch me burn?"
       Line 1: "Well, that's alright because I like the way it hurts"
       Line 2: "Just gonna stand there and hear me cry?"
       Line 3: "Well, that's alright because I love the way you lie"
       Line 4: "I love the way you lie"
   Block 1 (block-1750414286266-1-fq2w3twkzc7-part-0): name="Block 2", lines=[5,6,7,8,9]
     Content preview: "I can't tell you what it really is
I can only tell you what it feels like
And right now, there's a s"
       Line 5: "I can't tell you what it really is"
       Line 6: "I can only tell you what it feels like"
       Line 7: "And right now, there's a steel knife in my windpipe"
       Line 8: "I can't breathe, but I still fight while I can fight"
       Line 9: "As long as the wrong feels right, it's like I'm in flight"
   Block 2 (block-1750414286266-1-fq2w3twkzc7-part-1): name="Block 2 (продолжение 2)", lines=[10,11,12,13]
     Content preview: "High off her love, drunk from her hate
It's like I'm huffin' paint, and I love her the more I suffer"
       Line 10: "High off her love, drunk from her hate"
       Line 11: "It's like I'm huffin' paint, and I love her the more I suffer, I suffocate"
       Line 12: "And right before I'm about to drown, she resuscitates me"
       Line 13: "She f- hates me, and I love it"
   Block 3 (block-1750414286266-2-75mnt3qli6y-part-0): name="Block 3", lines=[14,15,16,17,18]
     Content preview: ""Wait! Where you going?" "I'm leaving you"
"No, you ain't, come back"
We're running right back, here"
       Line 14: ""Wait! Where you going?" "I'm leaving you""
       Line 15: ""No, you ain't, come back""
       Line 16: "We're running right back, here we go again"
       Line 17: "It's so insane 'cause when it's going good, it's going great"
       Line 18: "I'm Superman with the wind at his back, she's Lois Lane"
   Block 4 (block-1750414286266-2-75mnt3qli6y-part-1): name="Block 3 (продолжение 2)", lines=[19,20,21,22,23]
     Content preview: "But when it's bad, it's awful
I feel so ashamed, I snapped, "Who's that dude?"
I don't even know his"
       Line 19: "But when it's bad, it's awful"
       Line 20: "I feel so ashamed, I snapped, "Who's that dude?""
       Line 21: "I don't even know his name"
       Line 22: "I laid hands on her, I'll never stoop so low again"
       Line 23: "I guess I don't know my own strength"
   Block 5 (block-1750414286266-3-2iq7a2882jc): name="Block 4", lines=[24,25,26,27,28,29]
     Content preview: "Just gonna stand there and watch me burn?
Well, that's alright because I like the way it hurts
Just "
       Line 24: "Just gonna stand there and watch me burn?"
       Line 25: "Well, that's alright because I like the way it hurts"
       Line 26: "Just gonna stand there and hear me cry?"
       Line 27: "Well, that's alright because I love the way you lie"
       Line 28: "I love the way you lie"
       Line 29: "I love the way you lie"
   Block 6 (block-1750414286267-4-7n23vlccix5-part-0): name="Block 5", lines=[30,31,32,33,34]
     Content preview: "You ever loved somebody so much
You can barely breathe when you're with 'em?
You meet and neither on"
       Line 30: "You ever loved somebody so much"
       Line 31: "You can barely breathe when you're with 'em?"
       Line 32: "You meet and neither one of you even know what hit 'em"
       Line 33: "Got that warm fuzzy feelin', yeah, them chills, used to get 'em"
       Line 34: "Now you're gettin' f- sick of lookin' at 'em?"
   Block 7 (block-1750414286267-4-7n23vlccix5-part-1): name="Block 5 (продолжение 2)", lines=[35,36,37,38,39]
     Content preview: "You swore you'd never hit 'em, never do nothin' to hurt 'em
Now you're in each other's face, spewin'"
       Line 35: "You swore you'd never hit 'em, never do nothin' to hurt 'em"
       Line 36: "Now you're in each other's face, spewin' venom in your words when you spit 'em"
       Line 37: "You push, pull each other's hair, scratch, claw, bit 'em"
       Line 38: "Throw 'em down, pin 'em"
       Line 39: "So lost in them moments when you're in 'em"
   Block 8 (block-1750414286267-5-bw8ov1x78zi-part-0): name="Block 6", lines=[40,41,42,43,44]
     Content preview: "It's the rage that took over, it controls you both
So they say you're best to go your separate ways
"
       Line 40: "It's the rage that took over, it controls you both"
       Line 41: "So they say you're best to go your separate ways"
       Line 42: "Guess that they don't know you 'cause today, that was yesterday"
       Line 43: "Yesterday is over, it's a different day"
       Line 44: "Sound like broken records playin' over, but you promised her"
   Block 9 (block-1750414286267-5-bw8ov1x78zi-part-1): name="Block 6 (продолжение 2)", lines=[45,46,47,48,49]
     Content preview: "Next time, you'll show restraint
You don't get another chance
Life is no Nintendo game, but you lied"
       Line 45: "Next time, you'll show restraint"
       Line 46: "You don't get another chance"
       Line 47: "Life is no Nintendo game, but you lied again"
       Line 48: "Now you get to watch her leave out the window"
       Line 49: "Guess that's why they call it windowpane"
   Block 10 (block-1750414286267-6-npbcvg35q7): name="Block 7", lines=[50,51,52,53,54]
     Content preview: "Just gonna stand there and watch me burn?
Well, that's alright because I like the way it hurts
Just "
       Line 50: "Just gonna stand there and watch me burn?"
       Line 51: "Well, that's alright because I like the way it hurts"
       Line 52: "Just gonna stand there and hear me cry?"
       Line 53: "Well, that's alright because I love the way you lie"
       Line 54: "I love the way you lie"
   Block 11 (block-1750414286267-7-y07io6ekvs): name="Block 8", lines=[55]
     Content preview: "I love the way you lie"
       Line 55: "I love the way you lie"
   Block 12 (block-1750414286267-8-7hg4qt1p2da): name="Block 9", lines=[56,57,58,59,60,61,62,63]
     Content preview: "Now I know we said things, did things that we didn't mean
Then we fall back into the same patterns, "
       Line 56: "Now I know we said things, did things that we didn't mean"
       Line 57: "Then we fall back into the same patterns, same routine"
       Line 58: "But your temper's just as bad as mine is"
       Line 59: "You're the same as me, when it comes to love, you're just as blinded"
       Line 60: "Baby, please come back, it wasn't you, baby, it was me"
       Line 61: "Maybe our relationship isn't as crazy as it seems"
       Line 62: "Maybe that's what happens when a tornado meets a volcano"
       Line 63: "All I know is I love you too much to walk away, though"
   Block 13 (block-1750414286267-9-cnc93u8nkd8-part-0): name="Block 10", lines=[64,65,66,67,68]
     Content preview: "Come inside, pick up your bags off the sidewalk
Don't you hear sincerity in my voice when I talk?
To"
       Line 64: "Come inside, pick up your bags off the sidewalk"
       Line 65: "Don't you hear sincerity in my voice when I talk?"
       Line 66: "Told you this is my fault, look me in the eyeball"
       Line 67: "Next time I'm p-, I'll aim my fist at the drywall"
       Line 68: ""Next time? There won't be no next time""
   Block 14 (block-1750414286267-9-cnc93u8nkd8-part-1): name="Block 10 (продолжение 2)", lines=[69,70,71,72]
     Content preview: "I apologize, even though I know it's lies
I'm tired of the games, I just want her back
I know I'm a "
       Line 69: "I apologize, even though I know it's lies"
       Line 70: "I'm tired of the games, I just want her back"
       Line 71: "I know I'm a liar, if she ever tries to f- leave again"
       Line 72: "I'ma tie her to the bed and set this house on fire"
   Block 15 (block-1750414286267-10-5tz6l166zum): name="Block 11", lines=[73,74,75,76,77,78]
     Content preview: "Just gonna stand there and watch me burn?
Well, that's alright because I like the way it hurts
Just "
       Line 73: "Just gonna stand there and watch me burn?"
       Line 74: "Well, that's alright because I like the way it hurts"
       Line 75: "Just gonna stand there and hear me cry?"
       Line 76: "Well, that's alright, because I love the way you lie"
       Line 77: "I love the way you lie"
       Line 78: "I love the way you lie"
 Rehearsal: Looking for block containing line 10
   Checking block 0: lineIndices=[0,1,2,3,4]
   ✗ Block 0 does NOT contain line 10
   Checking block 1: lineIndices=[5,6,7,8,9]
   ✗ Block 1 does NOT contain line 10
   Checking block 2: lineIndices=[10,11,12,13]
   ✓ Found! Block 2 contains line 10
 Rehearsal: Found active block at index 2 with lines: Array(4)
 Rehearsal: Active block 2: Object
 >>> FONT_CALC_DEBUG >>> Lines: 4, FontSize: 2.66rem, LineHeight: 3.23rem
 Rehearsal: Activated line 10 in block with transition: none
 Rehearsal: Next block preview for block 3: Object
 Rehearsal: Preview lines: Array(2)
 Rehearsal: Adding preview line 14: ""Wait! Where you going?" "I'm leaving you""
 Rehearsal: Adding preview line 15: ""No, you ain't, come back""
 Rehearsal: Preview container added with 2 lines
 Rehearsal mode: Rendered active block 2 with next block preview
 BlockLoopControl: Обновление для текущего блока
 BlockLoopControl: Блок изменился, останавливаем зацикливание
 BlockLoopControl: _createLoopButtonForCurrentBlock called
 BlockLoopControl: lyricsDisplay.currentActiveBlock: Object
 BlockLoopControl: lyricsDisplay.textBlocks: Array(11)
 BlockLoopControl: Создаем кнопку для активного блока репетиции: Block 2 (продолжение 2)
 BlockLoopControl: _createLoopButton called for block: Block 2 (продолжение 2)
 BlockLoopControl: blockElement found: true
 BlockLoopControl: Кнопка создана для блока: Block 2 (продолжение 2)
 Rehearsal: Line changing from 10 to 11
 Splitting block "Block 2" (9 lines) into 2 parts with ~5 lines each
   Part 1: lines 0-4 (5 lines)
   Part 2: lines 5-8 (4 lines)
 Splitting block "Block 3" (10 lines) into 2 parts with ~5 lines each
   Part 1: lines 0-4 (5 lines)
   Part 2: lines 5-9 (5 lines)
 Splitting block "Block 5" (10 lines) into 2 parts with ~5 lines each
   Part 1: lines 0-4 (5 lines)
   Part 2: lines 5-9 (5 lines)
 Splitting block "Block 6" (10 lines) into 2 parts with ~5 lines each
   Part 1: lines 0-4 (5 lines)
   Part 2: lines 5-9 (5 lines)
 Splitting block "Block 10" (9 lines) into 2 parts with ~5 lines each
   Part 1: lines 0-4 (5 lines)
   Part 2: lines 5-8 (4 lines)
 Rehearsal: Current line 10 belongs to block: block-1750414286266-1-fq2w3twkzc7-part-1 Array(4)
 Rehearsal: New line 11 belongs to block: block-1750414286266-1-fq2w3twkzc7-part-1 Array(4)
 Rehearsal: Same block (block-1750414286266-1-fq2w3twkzc7-part-1), updating active line from 10 to 11
 [SETACTIVE] Called with index 11. Current style: rehearsal
 Rehearsal mode: Setting active line 11
 Activating rehearsal line at index 11
 BlockLoopControl: Активный блок изменился
 BlockLoopControl: _createLoopButtonForCurrentBlock called
 BlockLoopControl: lyricsDisplay.currentActiveBlock: Object
 BlockLoopControl: lyricsDisplay.textBlocks: Array(11)
 BlockLoopControl: Создаем кнопку для активного блока репетиции: Block 2 (продолжение 2)
 BlockLoopControl: _createLoopButton called for block: Block 2 (продолжение 2)
 BlockLoopControl: blockElement found: true
 BlockLoopControl: Кнопка создана для блока: Block 2 (продолжение 2)
 Key pressed: MetaLeft
 Key pressed: Meta, key code: 91, waveform active: false
 Key pressed: ShiftLeft
 Key pressed: Shift, key code: 16, waveform active: false
 LoopBlockManager: Shift key pressed, multiple selection mode active
 LoopBlockManager: Shift key released, multiple selection mode deactivated
 Rehearsal: Line changing from 11 to 12
 Splitting block "Block 2" (9 lines) into 2 parts with ~5 lines each
   Part 1: lines 0-4 (5 lines)
   Part 2: lines 5-8 (4 lines)
 Splitting block "Block 3" (10 lines) into 2 parts with ~5 lines each
   Part 1: lines 0-4 (5 lines)
   Part 2: lines 5-9 (5 lines)
 Splitting block "Block 5" (10 lines) into 2 parts with ~5 lines each
   Part 1: lines 0-4 (5 lines)
   Part 2: lines 5-9 (5 lines)
 Splitting block "Block 6" (10 lines) into 2 parts with ~5 lines each
   Part 1: lines 0-4 (5 lines)
   Part 2: lines 5-9 (5 lines)
 Splitting block "Block 10" (9 lines) into 2 parts with ~5 lines each
   Part 1: lines 0-4 (5 lines)
   Part 2: lines 5-8 (4 lines)
 Rehearsal: Current line 11 belongs to block: block-1750414286266-1-fq2w3twkzc7-part-1 Array(4)
 Rehearsal: New line 12 belongs to block: block-1750414286266-1-fq2w3twkzc7-part-1 Array(4)
 Rehearsal: Same block (block-1750414286266-1-fq2w3twkzc7-part-1), updating active line from 11 to 12
 [SETACTIVE] Called with index 12. Current style: rehearsal
 Rehearsal mode: Setting active line 12
 Activating rehearsal line at index 12
 BlockLoopControl: Активный блок изменился
 BlockLoopControl: _createLoopButtonForCurrentBlock called
 BlockLoopControl: lyricsDisplay.currentActiveBlock: Object
 BlockLoopControl: lyricsDisplay.textBlocks: Array(11)
 BlockLoopControl: Создаем кнопку для активного блока репетиции: Block 2 (продолжение 2)
 BlockLoopControl: _createLoopButton called for block: Block 2 (продолжение 2)
 BlockLoopControl: blockElement found: true
 BlockLoopControl: Кнопка создана для блока: Block 2 (продолжение 2)
 Rehearsal: Line changing from 12 to 13
 Splitting block "Block 2" (9 lines) into 2 parts with ~5 lines each
   Part 1: lines 0-4 (5 lines)
   Part 2: lines 5-8 (4 lines)
 Splitting block "Block 3" (10 lines) into 2 parts with ~5 lines each
   Part 1: lines 0-4 (5 lines)
   Part 2: lines 5-9 (5 lines)
 Splitting block "Block 5" (10 lines) into 2 parts with ~5 lines each
   Part 1: lines 0-4 (5 lines)
   Part 2: lines 5-9 (5 lines)
 Splitting block "Block 6" (10 lines) into 2 parts with ~5 lines each
   Part 1: lines 0-4 (5 lines)
   Part 2: lines 5-9 (5 lines)
 Splitting block "Block 10" (9 lines) into 2 parts with ~5 lines each
   Part 1: lines 0-4 (5 lines)
   Part 2: lines 5-8 (4 lines)
 Rehearsal: Current line 12 belongs to block: block-1750414286266-1-fq2w3twkzc7-part-1 Array(4)
 Rehearsal: New line 13 belongs to block: block-1750414286266-1-fq2w3twkzc7-part-1 Array(4)
 Rehearsal: Same block (block-1750414286266-1-fq2w3twkzc7-part-1), updating active line from 12 to 13
 [SETACTIVE] Called with index 13. Current style: rehearsal
 Rehearsal mode: Setting active line 13
 Activating rehearsal line at index 13
 BlockLoopControl: Активный блок изменился
 BlockLoopControl: _createLoopButtonForCurrentBlock called
 BlockLoopControl: lyricsDisplay.currentActiveBlock: Object
 BlockLoopControl: lyricsDisplay.textBlocks: Array(11)
 BlockLoopControl: Создаем кнопку для активного блока репетиции: Block 2 (продолжение 2)
 BlockLoopControl: _createLoopButton called for block: Block 2 (продолжение 2)
 BlockLoopControl: blockElement found: true
 BlockLoopControl: Кнопка создана для блока: Block 2 (продолжение 2)
 Rehearsal: Line changing from 13 to 14
 Splitting block "Block 2" (9 lines) into 2 parts with ~5 lines each
   Part 1: lines 0-4 (5 lines)
   Part 2: lines 5-8 (4 lines)
 Splitting block "Block 3" (10 lines) into 2 parts with ~5 lines each
   Part 1: lines 0-4 (5 lines)
   Part 2: lines 5-9 (5 lines)
 Splitting block "Block 5" (10 lines) into 2 parts with ~5 lines each
   Part 1: lines 0-4 (5 lines)
   Part 2: lines 5-9 (5 lines)
 Splitting block "Block 6" (10 lines) into 2 parts with ~5 lines each
   Part 1: lines 0-4 (5 lines)
   Part 2: lines 5-9 (5 lines)
 Splitting block "Block 10" (9 lines) into 2 parts with ~5 lines each
   Part 1: lines 0-4 (5 lines)
   Part 2: lines 5-8 (4 lines)
 Rehearsal: Current line 13 belongs to block: block-1750414286266-1-fq2w3twkzc7-part-1 Array(4)
 Rehearsal: New line 14 belongs to block: block-1750414286266-2-75mnt3qli6y-part-0 Array(5)
 Rehearsal: *** BLOCK CHANGED *** from block-1750414286266-1-fq2w3twkzc7-part-1 to block-1750414286266-2-75mnt3qli6y-part-0
 Rehearsal: Line changed from 13 to 14
 Rehearsal: Current block lines: Array(4)
 Rehearsal: New block lines: Array(5)
 Splitting block "Block 2" (9 lines) into 2 parts with ~5 lines each
   Part 1: lines 0-4 (5 lines)
   Part 2: lines 5-8 (4 lines)
 Splitting block "Block 3" (10 lines) into 2 parts with ~5 lines each
   Part 1: lines 0-4 (5 lines)
   Part 2: lines 5-9 (5 lines)
 Splitting block "Block 5" (10 lines) into 2 parts with ~5 lines each
   Part 1: lines 0-4 (5 lines)
   Part 2: lines 5-9 (5 lines)
 Splitting block "Block 6" (10 lines) into 2 parts with ~5 lines each
   Part 1: lines 0-4 (5 lines)
   Part 2: lines 5-9 (5 lines)
 Splitting block "Block 10" (9 lines) into 2 parts with ~5 lines each
   Part 1: lines 0-4 (5 lines)
   Part 2: lines 5-8 (4 lines)
 Rehearsal: Current line: 14, Total blocks: 16
 Rehearsal: DETAILED Block structure:
   Block 0 (block-1750414286263-0-9jwimh54goh): name="Block 1", lines=[0,1,2,3,4]
     Content preview: "Just gonna stand there and watch me burn?
Well, that's alright because I like the way it hurts
Just "
       Line 0: "Just gonna stand there and watch me burn?"
       Line 1: "Well, that's alright because I like the way it hurts"
       Line 2: "Just gonna stand there and hear me cry?"
       Line 3: "Well, that's alright because I love the way you lie"
       Line 4: "I love the way you lie"
   Block 1 (block-1750414286266-1-fq2w3twkzc7-part-0): name="Block 2", lines=[5,6,7,8,9]
     Content preview: "I can't tell you what it really is
I can only tell you what it feels like
And right now, there's a s"
       Line 5: "I can't tell you what it really is"
       Line 6: "I can only tell you what it feels like"
       Line 7: "And right now, there's a steel knife in my windpipe"
       Line 8: "I can't breathe, but I still fight while I can fight"
       Line 9: "As long as the wrong feels right, it's like I'm in flight"
   Block 2 (block-1750414286266-1-fq2w3twkzc7-part-1): name="Block 2 (продолжение 2)", lines=[10,11,12,13]
     Content preview: "High off her love, drunk from her hate
It's like I'm huffin' paint, and I love her the more I suffer"
       Line 10: "High off her love, drunk from her hate"
       Line 11: "It's like I'm huffin' paint, and I love her the more I suffer, I suffocate"
       Line 12: "And right before I'm about to drown, she resuscitates me"
       Line 13: "She f- hates me, and I love it"
   Block 3 (block-1750414286266-2-75mnt3qli6y-part-0): name="Block 3", lines=[14,15,16,17,18]
     Content preview: ""Wait! Where you going?" "I'm leaving you"
"No, you ain't, come back"
We're running right back, here"
       Line 14: ""Wait! Where you going?" "I'm leaving you""
       Line 15: ""No, you ain't, come back""
       Line 16: "We're running right back, here we go again"
       Line 17: "It's so insane 'cause when it's going good, it's going great"
       Line 18: "I'm Superman with the wind at his back, she's Lois Lane"
   Block 4 (block-1750414286266-2-75mnt3qli6y-part-1): name="Block 3 (продолжение 2)", lines=[19,20,21,22,23]
     Content preview: "But when it's bad, it's awful
I feel so ashamed, I snapped, "Who's that dude?"
I don't even know his"
       Line 19: "But when it's bad, it's awful"
       Line 20: "I feel so ashamed, I snapped, "Who's that dude?""
       Line 21: "I don't even know his name"
       Line 22: "I laid hands on her, I'll never stoop so low again"
       Line 23: "I guess I don't know my own strength"
   Block 5 (block-1750414286266-3-2iq7a2882jc): name="Block 4", lines=[24,25,26,27,28,29]
     Content preview: "Just gonna stand there and watch me burn?
Well, that's alright because I like the way it hurts
Just "
       Line 24: "Just gonna stand there and watch me burn?"
       Line 25: "Well, that's alright because I like the way it hurts"
       Line 26: "Just gonna stand there and hear me cry?"
       Line 27: "Well, that's alright because I love the way you lie"
       Line 28: "I love the way you lie"
       Line 29: "I love the way you lie"
   Block 6 (block-1750414286267-4-7n23vlccix5-part-0): name="Block 5", lines=[30,31,32,33,34]
     Content preview: "You ever loved somebody so much
You can barely breathe when you're with 'em?
You meet and neither on"
       Line 30: "You ever loved somebody so much"
       Line 31: "You can barely breathe when you're with 'em?"
       Line 32: "You meet and neither one of you even know what hit 'em"
       Line 33: "Got that warm fuzzy feelin', yeah, them chills, used to get 'em"
       Line 34: "Now you're gettin' f- sick of lookin' at 'em?"
   Block 7 (block-1750414286267-4-7n23vlccix5-part-1): name="Block 5 (продолжение 2)", lines=[35,36,37,38,39]
     Content preview: "You swore you'd never hit 'em, never do nothin' to hurt 'em
Now you're in each other's face, spewin'"
       Line 35: "You swore you'd never hit 'em, never do nothin' to hurt 'em"
       Line 36: "Now you're in each other's face, spewin' venom in your words when you spit 'em"
       Line 37: "You push, pull each other's hair, scratch, claw, bit 'em"
       Line 38: "Throw 'em down, pin 'em"
       Line 39: "So lost in them moments when you're in 'em"
   Block 8 (block-1750414286267-5-bw8ov1x78zi-part-0): name="Block 6", lines=[40,41,42,43,44]
     Content preview: "It's the rage that took over, it controls you both
So they say you're best to go your separate ways
"
       Line 40: "It's the rage that took over, it controls you both"
       Line 41: "So they say you're best to go your separate ways"
       Line 42: "Guess that they don't know you 'cause today, that was yesterday"
       Line 43: "Yesterday is over, it's a different day"
       Line 44: "Sound like broken records playin' over, but you promised her"
   Block 9 (block-1750414286267-5-bw8ov1x78zi-part-1): name="Block 6 (продолжение 2)", lines=[45,46,47,48,49]
     Content preview: "Next time, you'll show restraint
You don't get another chance
Life is no Nintendo game, but you lied"
       Line 45: "Next time, you'll show restraint"
       Line 46: "You don't get another chance"
       Line 47: "Life is no Nintendo game, but you lied again"
       Line 48: "Now you get to watch her leave out the window"
       Line 49: "Guess that's why they call it windowpane"
   Block 10 (block-1750414286267-6-npbcvg35q7): name="Block 7", lines=[50,51,52,53,54]
     Content preview: "Just gonna stand there and watch me burn?
Well, that's alright because I like the way it hurts
Just "
       Line 50: "Just gonna stand there and watch me burn?"
       Line 51: "Well, that's alright because I like the way it hurts"
       Line 52: "Just gonna stand there and hear me cry?"
       Line 53: "Well, that's alright because I love the way you lie"
       Line 54: "I love the way you lie"
   Block 11 (block-1750414286267-7-y07io6ekvs): name="Block 8", lines=[55]
rtf-parser.js:849     Content preview: "I love the way you lie"
rtf-parser.js:849       Line 55: "I love the way you lie"
rtf-parser.js:849   Block 12 (block-1750414286267-8-7hg4qt1p2da): name="Block 9", lines=[56,57,58,59,60,61,62,63]
rtf-parser.js:849     Content preview: "Now I know we said things, did things that we didn't mean
Then we fall back into the same patterns, "
rtf-parser.js:849       Line 56: "Now I know we said things, did things that we didn't mean"
rtf-parser.js:849       Line 57: "Then we fall back into the same patterns, same routine"
rtf-parser.js:849       Line 58: "But your temper's just as bad as mine is"
rtf-parser.js:849       Line 59: "You're the same as me, when it comes to love, you're just as blinded"
rtf-parser.js:849       Line 60: "Baby, please come back, it wasn't you, baby, it was me"
rtf-parser.js:849       Line 61: "Maybe our relationship isn't as crazy as it seems"
rtf-parser.js:849       Line 62: "Maybe that's what happens when a tornado meets a volcano"
rtf-parser.js:849       Line 63: "All I know is I love you too much to walk away, though"
rtf-parser.js:849   Block 13 (block-1750414286267-9-cnc93u8nkd8-part-0): name="Block 10", lines=[64,65,66,67,68]
rtf-parser.js:849     Content preview: "Come inside, pick up your bags off the sidewalk
Don't you hear sincerity in my voice when I talk?
To"
rtf-parser.js:849       Line 64: "Come inside, pick up your bags off the sidewalk"
rtf-parser.js:849       Line 65: "Don't you hear sincerity in my voice when I talk?"
rtf-parser.js:849       Line 66: "Told you this is my fault, look me in the eyeball"
rtf-parser.js:849       Line 67: "Next time I'm p-, I'll aim my fist at the drywall"
rtf-parser.js:849       Line 68: ""Next time? There won't be no next time""
rtf-parser.js:849   Block 14 (block-1750414286267-9-cnc93u8nkd8-part-1): name="Block 10 (продолжение 2)", lines=[69,70,71,72]
rtf-parser.js:849     Content preview: "I apologize, even though I know it's lies
I'm tired of the games, I just want her back
I know I'm a "
rtf-parser.js:849       Line 69: "I apologize, even though I know it's lies"
rtf-parser.js:849       Line 70: "I'm tired of the games, I just want her back"
rtf-parser.js:849       Line 71: "I know I'm a liar, if she ever tries to f- leave again"
rtf-parser.js:849       Line 72: "I'ma tie her to the bed and set this house on fire"
rtf-parser.js:849   Block 15 (block-1750414286267-10-5tz6l166zum): name="Block 11", lines=[73,74,75,76,77,78]
rtf-parser.js:849     Content preview: "Just gonna stand there and watch me burn?
Well, that's alright because I like the way it hurts
Just "
rtf-parser.js:849       Line 73: "Just gonna stand there and watch me burn?"
rtf-parser.js:849       Line 74: "Well, that's alright because I like the way it hurts"
rtf-parser.js:849       Line 75: "Just gonna stand there and hear me cry?"
rtf-parser.js:849       Line 76: "Well, that's alright, because I love the way you lie"
rtf-parser.js:849       Line 77: "I love the way you lie"
rtf-parser.js:849       Line 78: "I love the way you lie"
rtf-parser.js:849 Rehearsal: Looking for block containing line 14
rtf-parser.js:849   Checking block 0: lineIndices=[0,1,2,3,4]
rtf-parser.js:849   ✗ Block 0 does NOT contain line 14
rtf-parser.js:849   Checking block 1: lineIndices=[5,6,7,8,9]
rtf-parser.js:849   ✗ Block 1 does NOT contain line 14
rtf-parser.js:849   Checking block 2: lineIndices=[10,11,12,13]
rtf-parser.js:849   ✗ Block 2 does NOT contain line 14
rtf-parser.js:849   Checking block 3: lineIndices=[14,15,16,17,18]
rtf-parser.js:849   ✓ Found! Block 3 contains line 14
rtf-parser.js:849 Rehearsal: Found active block at index 3 with lines: Array(5)
rtf-parser.js:849 Rehearsal: Active block 3: Object
rtf-parser.js:849 >>> FONT_CALC_DEBUG >>> Lines: 5, FontSize: 2.66rem, LineHeight: 3.23rem
rtf-parser.js:849 Rehearsal: Activated line 14 in block with transition: none
rtf-parser.js:849 Rehearsal: Next block preview for block 4: Object
rtf-parser.js:849 Rehearsal: Preview lines: Array(2)
rtf-parser.js:849 Rehearsal: Adding preview line 19: "But when it's bad, it's awful"
rtf-parser.js:849 Rehearsal: Adding preview line 20: "I feel so ashamed, I snapped, "Who's that dude?""
rtf-parser.js:849 Rehearsal: Preview container added with 2 lines
rtf-parser.js:849 Rehearsal mode: Rendered active block 3 with next block preview
rtf-parser.js:849 BlockLoopControl: Обновление для текущего блока
rtf-parser.js:849 BlockLoopControl: Блок изменился, останавливаем зацикливание
rtf-parser.js:849 BlockLoopControl: _createLoopButtonForCurrentBlock called
rtf-parser.js:849 BlockLoopControl: lyricsDisplay.currentActiveBlock: Object
rtf-parser.js:849 BlockLoopControl: lyricsDisplay.textBlocks: Array(11)
rtf-parser.js:849 BlockLoopControl: Создаем кнопку для активного блока репетиции: Block 3
rtf-parser.js:849 BlockLoopControl: _createLoopButton called for block: Block 3
rtf-parser.js:849 BlockLoopControl: blockElement found: true
rtf-parser.js:849 BlockLoopControl: Кнопка создана для блока: Block 3
rtf-parser.js:849 Key pressed: ShiftLeft
rtf-parser.js:849 Key pressed: Shift, key code: 16, waveform active: false
rtf-parser.js:849 LoopBlockManager: Shift key pressed, multiple selection mode active
rtf-parser.js:849 Key pressed: MetaLeft
rtf-parser.js:849 Key pressed: Meta, key code: 91, waveform active: false
rtf-parser.js:849 LoopBlockManager: Shift key released, multiple selection mode deactivated
rtf-parser.js:849 Key pressed: Space
rtf-parser.js:849 Space bar pressed, toggling playback
rtf-parser.js:849 ⏸️ ИНСТРУМЕНТАЛ: Пауза
rtf-parser.js:849 ⏸️ ВОКАЛ: Пауза
rtf-parser.js:849 isPlaying property set to: false
rtf-parser.js:849 Key pressed:  , key code: 32, waveform active: false
rtf-parser.js:849 Key pressed: AltLeft
rtf-parser.js:849 Key pressed: Alt, key code: 18, waveform active: false
rtf-parser.js:849 Key pressed: MetaLeft
rtf-parser.js:849 Key pressed: Meta, key code: 91, waveform active: false
rtf-parser.js:849 Key pressed: KeyJ
rtf-parser.js:849 Key pressed: j, key code: 74, waveform active: false
