 🔧 DEBUG_CONFIG загружен. Используйте toggleDebugLogs(true) для включения логов
 📦 Utils module loaded
 StateManager initialized
 📦 StateManager module loaded
 🚀 AudioEngine (Hybrid Engine) - Гибридная архитектура восстановлена
 Space bar handler attached
 LyricsDisplay initialized
 RtfParserAdapter: Инициализация
 - EnhancedRtfProcessor доступен: true
 - Стандартный RtfParser доступен: true
 TrackCatalog initialized
 MarkerManager initialized
 WaveformEditor loaded
 WaveformEditor initialized
 BlockLoopControl: Класс загружен
 TrackCatalog: _finalizeUploadFromBlockEditor CALLED - should be obsolete now.
 RTF Parser Integration: Инициализация интеграции улучшенного RTF-парсера (после определения объекта)
 RTF Parser Integration: Начало интеграции
 RTF Parser Integration: TrackCatalog уже использует RtfParserAdapter если он доступен
 RTF Parser Integration: Интеграция завершена успешно
 🎹 Инициализация клавиатуры...
 LiveFeed module loaded (placeholder)
 Загружено 5 треков из базы данных
 ✅ Pitchy библиотека загружена в beLive
 LiveMode: Автоматическая инициализация при загрузке документа
 LiveMode: Создание нового экземпляра
 LiveMode: Маски инициализированы без использования изображений
 LiveMode: getUserMedia поддерживается: true
 LiveMode: Безопасный контекст: true
 LiveMode: Определен localhost, разрешен HTTP
 LiveMode: Метод toggleStreaming не найден и не может быть привязан
(анонимная) @ live-mode.js:521
 LiveMode: Базовая инициализация завершена
 LiveMode: Предварительная инициализация камеры...
 LiveMode: экземпляр создан
 LiveFeed initialized
 DOM content loaded, waiting for components
 ✅ Pitchy готов для точной детекции
 🎹 Кнопка найдена
 🔗 Настройка интеграции для точной детекции...
 🎤 Статус для точной детекции: false
 🎯 КАЛИБРОВКА: A4 = 440.00Hz (должно быть 440.00Hz)
 🎹 Создано 48 клавиш для точной детекции
 🎹 Piano Keyboard инициализирован
 Проверка треков завершена успешно, проблем не обнаружено
 Application fully loaded, components initialized
 All components ready, initializing app...
 Initializing beLive App
 WordAlignerV2 not found, creating placeholder
App @ app.js:45
 LyricsDisplay: Setting style to Стандартный
 Rendering lyrics. Current style ID: default
 Applied style 'Стандартный'
 TextStyleManager: Проверка доступности LiveMode...
 TextStyleManager: Класс LiveMode найден, предварительная инициализация камеры...
 TextStyleManager: LiveMode уже инициализирован
 TextStyleManager initialized with 8 styles and 29 total transitions
 Text style manager initialized
 Initializing Microphone UI...
 Microphone UI initialized using existing DOM elements.
 LoopBlockManager: Checking audio initialization...
 LoopBlockManager: Audio buffer or context not available (check 0)
_checkAudioAndInitialize @ loopblock-manager.js:137
 LoopBlockManager: Initializing sync listeners
 LoopBlockManager: progressBarContainer found - width: 1050px, height: 10px, overflow: visible
 LoopBlockManager: progressBarContainer offsetWidth: 1050, offsetHeight: 10
 LoopBlockManager: progressBarContainer children: 3
 LoopBlockManager: Child 0: progress-bar-loaded, display: block, zIndex: 1
 LoopBlockManager: Child 1: progress-bar, display: block, zIndex: 2
 LoopBlockManager: Child 2: progress-tooltip, display: block, zIndex: 10
 LoopBlockManager initialized
 LoopBlockManager component ready
 BlockLoopControl: Инициализирован
 BlockLoopControl component ready
 🎭 MaskSystem: Инициализация продвинутой системы масок
 🎭 MaskSystem: Конструктор завершен
 🎭 MaskSystem создан
 🎭 MaskSystem component ready
 Initializing LoopBlock controls
 Audio not fully loaded yet, setting up delayed initialization
 🎭 MaskSystem: Обработчик кнопки подключен
 🚀 Инициализация Живой Ленты
 ✅ Живая Лента инициализирована
 🚀 Показываю Живую Ленту
 ✅ Живая Лента активирована
 beLive App initialized
 App initialized successfully
 🎭 MediaPipe: Начинаем загрузку библиотек...
 🎭 MediaPipe: Ожидание загрузки библиотек...
 🎭 MediaPipe: Все библиотеки загружены успешно
 🎭 MaskSystem: Официальный MediaPipe FaceMesh готов
 🏃 MaskSystem: MediaPipe Pose готов
 ✋ MaskSystem: MediaPipe Hands готов
 🤖 MaskSystem: MediaPipe Holistic готов
 🎨 MaskSystem: MediaPipe Selfie Segmentation готов
 🎭 MaskSystem: MediaPipe готов к использованию
 🎯 Background Effects Engine v2.0 инициализирован
 🔄 Инициализация Background Effects Engine...
 ✅ Background Effects Engine готов
 🎤 Запуск ТОЧНОГО анализа вокальной дорожки...
 🔊 Инициализация аудио для точной детекции...
 ✅ Используем audioEngine.audioContext
 ✅ Pitchy детектор готов для точной работы
 ✅ Подключен к ВОКАЛЬНОМУ узлу: GainNode
 ✅ ТОЧНЫЙ анализ запущен
 LiveMode: Запуск предварительной инициализации камеры
 LiveMode: Предварительная инициализация камеры...
 LoopBlockManager: Проверка доступности аудио (попытка 2/5)
 🎯 Начальная калибровка системы...
 🎯 ===== ЗАПУСК КАЛИБРОВОЧНЫХ ТЕСТОВ ПИТЧА =====
 📋 Тестируем расчет частот:
 ✅ C4: рассчитано=261.63Hz, ожидается=261.63Hz, ошибка=0.002%
 ✅ D4: рассчитано=293.66Hz, ожидается=293.66Hz, ошибка=0.002%
 ✅ E4: рассчитано=329.63Hz, ожидается=329.63Hz, ошибка=0.001%
 ✅ F4: рассчитано=349.23Hz, ожидается=349.23Hz, ошибка=0.001%
 ✅ G4: рассчитано=392.00Hz, ожидается=392Hz, ошибка=0.001%
 🎯 КАЛИБРОВКА: A4 = 440.00Hz (должно быть 440.00Hz)
 ✅ A4: рассчитано=440.00Hz, ожидается=440Hz, ошибка=0.000%
 ✅ B4: рассчитано=493.88Hz, ожидается=493.88Hz, ошибка=0.001%
 📋 Тестируем обратное преобразование:
 ✅ 261.63Hz → обнаружено="C4", ожидается="C4"
 ✅ 293.66Hz → обнаружено="D4", ожидается="D4"
 ✅ 329.63Hz → обнаружено="E4", ожидается="E4"
 ✅ 349.23Hz → обнаружено="F4", ожидается="F4"
 ✅ 392Hz → обнаружено="G4", ожидается="G4"
 ✅ 440Hz → обнаружено="A4", ожидается="A4"
 ✅ 493.88Hz → обнаружено="B4", ожидается="B4"
 📊 РЕЗУЛЬТАТЫ КАЛИБРОВКИ:
    Пройдено тестов: 14/14
    Процент успеха: 100.0%
    Средняя ошибка: 0.001%
 🎯 ✅ КАЛИБРОВКА ПИТЧА ПРОШЛА УСПЕШНО!
 🎯 ===== КАЛИБРОВОЧНЫЕ ТЕСТЫ ЗАВЕРШЕНЫ =====
 LoopBlockManager: Проверка доступности аудио (попытка 3/5)
 LiveMode: Доступ к камере получен при предварительной инициализации
 LiveMode: Получено 1 видеотреков. Активный: FaceTime HD Camera
 LiveMode: Предварительная инициализация камеры успешно завершена
 LiveMode: Доступ к камере получен при предварительной инициализации
 LiveMode: Получено 1 видеотреков. Активный: FaceTime HD Camera
 LiveMode: Предварительная инициализация камеры успешно завершена
 LiveMode: Предварительная инициализация камеры успешна
 🚀 Быстрый переход в режим: karaoke
 Switching to karaoke mode
 App: Сохраняем предыдущий режим: default
 Activating karaoke mode
 Karaoke Background Manager: Starting slideshow...
 Applying style: Караоке with scale 1.20
 TextStyleManager: Scaled font size from 1.4em to 1.68em
 LyricsDisplay: Setting style to Караоке
 [KARAOKE] DOM not found or empty in _renderLyrics, creating it.
 TextStyleManager: Scaled font size from 1.4em to 1.68em
 Applied style class to lyrics-container: style-karaoke
 🚀 Скрываю Живую Ленту
 ✅ Возврат в классический зал
 LoopBlockManager: Аудио не загружено после 5 попыток. Для работы функций зацикливания необходимо загрузить аудиофайл.
_checkAudioAgain @ loopblock-manager.js:219
 ✅ Karaoke Background Manager: SUCCESSFULLY set background to Karaoke/pexels-amit-batra-3062797-4658541.jpg
 TrackCatalog: openCatalog() called
 TrackCatalog: catalogContainer exists: true
 TrackCatalog: catalogContainer classes before: hidden
 TrackCatalog: catalogContainer classes after: 
 TrackCatalog: Catalog should now be visible
 🔄 Loading track: "Бумбокс – Вахтерам"
 🔄 StateManager: Starting HARD RESET of all components
 1. Resetting AudioEngine...
 AudioEngine: Starting reset...
 isPlaying property set to: false
 ⏹️ ГИБРИД: Остановлен и сброшен
 🧹 СПРИНТЕР: Ресурсы очищены
 AudioEngine: Reset completed successfully
 ✅ AudioEngine reset complete
 2. Resetting LyricsDisplay...
 💥 LyricsDisplay: Performing full reset.
 ✅ LyricsDisplay: Full reset complete. All lyric data and DOM elements cleared.
 ✅ LyricsDisplay full reset complete
 3. Resetting TextStyleManager...
 💥 TextStyleManager: Full reset initiated.
 ✅ TextStyleManager: Reset complete. All states and caches cleared.
 ✅ TextStyleManager reset complete.
 🎉 StateManager: HARD RESET completed successfully
 ✅ All components ready for new track
 ⏱️ HARD_RESET_TIME: 14.198974609375 ms
 TrackCatalog: Set waveformEditor.lastLoadedFile to Бумбокс – Вахтерам.rtf
 TrackCatalog: Set waveformEditor.currentTrackId to 1750298619469
 TrackCatalog: Found 6 blocks. Preparing them for rendering after audio load.
 LyricsDisplay: Loading 6 imported blocks.
 Block 0 loaded: id="block-1750359394615-0-o31mm5gpgwn", name="Block 1", lines=16
 Block 1 loaded: id="1", name="Block 2", lines=6
 Block 2 loaded: id="2", name="Block 3", lines=16
 Block 3 loaded: id="3", name="Block 4", lines=6
 Block 4 loaded: id="4", name="Block 5", lines=6
 Block 5 loaded: id="5", name="Block 6", lines=6
 LyricsDisplay: Skipping render as requested by shouldRender=false
 LyricsDisplay: Successfully loaded 6 blocks, total lyric lines: 56.
 LyricsDisplay: Updated marker colors after loading blocks
 ⏱️ LYRICS_PREPARE_TIME: 2.97900390625 ms
 ⏱️ BLOB_CREATION_TIME: 37.18408203125 ms
 🚀 ГИБРИД: Загрузка двойного потока
 isPlaying property set to: false
 ⏹️ ГИБРИД: Остановлен и сброшен
 🎚️ МАСТЕР: Создание микшированной дорожки...
 🎚️ МАСТЕР: Инструментал URL: blob:null/963285ea-169c-4bd8-b5bc-923d4a0728a1...
 🎚️ МАСТЕР: Вокал URL: blob:null/cb957c3f-5006-4477-8e91-4ff69447c7a6...
 🎚️ МАСТЕР: Загружаем аудиофайлы...
 🎚️ МАСТЕР: Конвертируем в ArrayBuffer...
 ✅ ИНСТРУМЕНТАЛ ГОТОВ! Длительность: 240.69с
 ⏱️ HYBRID_ENGINE_LOAD_TIME: 172.113037109375 ms
 🎯 ГИБРИД: Рассинхронизация устранена!
 🚀 Скрываю Живую Ленту
 ✅ Возврат в классический зал
 Applying style: Караоке with scale 1.20
 TextStyleManager: Scaled font size from 1.4em to 1.68em
 LyricsDisplay: Setting style to Караоке
 [KARAOKE] DOM not found or empty in _renderLyrics, creating it.
 TextStyleManager: Scaled font size from 1.4em to 1.68em
 Track loaded event detected, initializing LoopBlockManager CustomEvent
 LoopBlockManager already initialized
 ⏱️ AUDIO_LOAD_TIME: 174.140869140625 ms
 Loading 56 markers for track Бумбокс – Вахтерам
 Validating 56 markers for 56 lyric lines
 Kept 56 valid markers out of 56
 🚀 Скрываю Живую Ленту
 ✅ Возврат в классический зал
 Applying style: Караоке with scale 1.20
 TextStyleManager: Scaled font size from 1.4em to 1.68em
 LyricsDisplay: Setting style to Караоке
 TextStyleManager: Scaled font size from 1.4em to 1.68em
 Track loaded event detected, initializing LoopBlockManager CustomEvent
 LoopBlockManager already initialized
 🎵 АВТОПЛЕЙ: Запуск воспроизведения...
 ✅ Track "Бумбокс – Вахтерам" loaded successfully
 ✅ ВОКАЛ ГОТОВ! Длительность: 240.69с
 🎤 ВОКАЛ ПОДКЛЮЧЕН к аудио-контексту
 🎚️ МАСТЕР: Инструментал размер: 9630868 байт
 🎚️ МАСТЕР: Вокал размер: 9630868 байт
 🎚️ МАСТЕР: Декодируем аудиоданные...
 🎨 StateManager: Forcing text rerender in current mode
 🎤 Karaoke mode detected, should work correctly
 ⏱️ FINAL_RENDER_TIME: 146.373046875 ms
 ⏱️ TOTAL_TRACK_LOAD_TIME: 378.044921875 ms
 ▶️ ИНСТРУМЕНТАЛ: Воспроизведение начато
 🎤 ВОКАЛ: Синхронизирован и воспроизводится
 isPlaying property set to: true
 ✅ АВТОПЛЕЙ: Воспроизведение начато успешно
 Audio ready detected via timer, initializing LoopBlockManager
 LoopBlockManager already initialized
 ✅ Октавный переход разрешен: 147.6Hz → 290.5Hz за 118мс (ratio: 1.97)
 APP: Создаем вокальный URL для синхронизации трека: Бумбокс – Вахтерам
 WaveformEditor: Starting high-fidelity audio load for sync: blob:null/1335f114-dfd8-4137-a8c6-ee32b3d5d95b
 🎚️ МАСТЕР: Инструментал - каналов: 2, длина: 10614575, частота: 44100Hz
 🎚️ МАСТЕР: Вокал - каналов: 2, длина: 10614575, частота: 44100Hz
 🎚️ МАСТЕР: Создан буфер - каналов: 2, длина: 10614575
 🎚️ МАСТЕР: Начинаем микширование каналов...
 🎚️ МАСТЕР: Микширование завершено, конвертируем в blob...
 🎚️ МАСТЕР: Микшированная дорожка создана! URL: blob:null/3eaadee0-89ae-4a0a-8abe-2de29b6a2e4e...
 🎚️ МАСТЕР: Размер blob: 42458344 байт
 🎚️ МАСТЕР: Обновляем URL после создания микшированной дорожки
 🎚️ МАСТЕР URL обновлен: blob:null/3eaadee0-89ae-4a0a-8abe-2de29b6a2e4e...
 WaveformEditor: High-fidelity audio loaded successfully. Duration: 240.69s
 APP: Аудио для WaveformEditor загружено, открываем редактор.
 Sync Editor: Stored original style "karaoke" and scale 1.2. Applying "default" editor style and 0.8 scale.
 Applying style: Стандартный with scale 1.00
 TextStyleManager: Scaled font size from 1.8em to 1.80em
 LyricsDisplay: Setting style to Стандартный
 Rendering lyrics. Current style ID: default
 Rendering standard line [0]: 'Тебе нравится дым!...Черт с ним...'
 Rendering standard line [1]: 'Он убивает слова, кругом голова.'
 Rendering standard line [2]: 'Уже разносит молва по дворам'
 Rendering standard line [3]: 'Что между нами чи-уа-уа!'
 Rendering standard line [4]: 'О чем с тобой говорить? Потеряли нить...'
 Rendering standard line [5]: 'Быть не собой перестать и дома спать.'
 Rendering standard line [6]: 'Нас не измерить на глаз, а сейчас'
 Rendering standard line [7]: 'Зачем мы давим на тормоз, не на газ?'
 Rendering standard line [8]: 'Вопрос извечный: зачем да почему?'
 Rendering standard line [9]: 'Я понемногу с ума, ты не сама...'
 Rendering standard line [10]: 'А это ночи в Крыму теперь кому?'
 Rendering standard line [11]: 'Я, если встречу, потом передам ему...'
 Rendering standard line [12]: 'Писклявый твой голосок, как электрошок.'
 Rendering standard line [13]: 'Что я бухой без вина - твоя вина.'
 Rendering standard line [14]: 'Теперь узнает страна до темна'
 Rendering standard line [15]: 'Им обо всем донесут на FM волнах...'
 Rendering standard line [16]: 'Я помню: белые обои, черная посуда...'
 Rendering standard line [17]: 'Нас в хрущевке двое...'
 Rendering standard line [18]: 'Кто мы и откуда...откуда?'
 Rendering standard line [19]: 'Задвигаем шторы, кофеек, плюшки стынут'
 Rendering standard line [20]: 'Объясните теперь нам вахтеры'
 Rendering standard line [21]: 'Почему я на ней так сдвинут?'
 Rendering standard line [22]: 'Давай вот так просидим до утра!'
 Rendering standard line [23]: 'Не уходи, погоди...Но мне пора!'
 Rendering standard line [24]: 'И если выход один впереди'
 Rendering standard line [25]: 'То почему мы то холод, то жара?'
 Rendering standard line [26]: 'Раскладывать по местам я устал'
 Rendering standard line [27]: 'И поворачивать вспять, но вот опять!...'
 Rendering standard line [28]: 'Прикосновения плавили мой метал'
 Rendering standard line [29]: 'Ты - элемент номер 5, не дать - не взять!'
 Rendering standard line [30]: 'Идет к финалуиграв этот раз'
 Rendering standard line [31]: 'А ты все также молчишь, я - говорю.'
 Rendering standard line [32]: 'Минут 15 осталось до утра.'
 Rendering standard line [33]: 'Не вызывай, так словлю и свалю!'
 Rendering standard line [34]: 'Попробуем все подшить, не ворошить'
 Rendering standard line [35]: 'Мобильные номера постирать.'
 Rendering standard line [36]: 'А уходить неспросив нету сил!'
 Rendering standard line [37]: 'Давай попробуем заново все собрать!'
 Rendering standard line [38]: 'Белые обои, черную посуду'
 Rendering standard line [39]: 'Нас в хрущевке двое...'
 Rendering standard line [40]: 'Кто мы и откуда...откуда?'
 Rendering standard line [41]: 'Задвигаем шторы, кофеек, плюшки стынут'
 Rendering standard line [42]: 'Объясните теперь нам вахтеры'
 Rendering standard line [43]: 'Почему я на ней так сдвинут?'
 Rendering standard line [44]: 'Я помню: белые обои, черная посуда...'
 Rendering standard line [45]: 'Нас в хрущевке двое...'
 Rendering standard line [46]: 'Кто мы и откуда...откуда?'
 Rendering standard line [47]: 'Задвигаем шторы, кофеек, плюшки стынут'
 Rendering standard line [48]: 'Объясните теперь нам вахтеры'
 Rendering standard line [49]: 'Почему я на ней так сдвинут?'
 Rendering standard line [50]: 'Я помню: белые обои, черная посуда...'
 Rendering standard line [51]: 'Нас в хрущевке двое...'
 Rendering standard line [52]: 'Кто мы и откуда...откуда?'
 Rendering standard line [53]: 'Задвигаем шторы, кофеек, плюшки стынут'
 Rendering standard line [54]: 'Объясните теперь нам вахтеры'
 Rendering standard line [55]: 'Почему я на ней так сдвинут?'
 TextStyleManager: Font scale for default set to 0.80
 Applying style: Стандартный with scale 0.80
 TextStyleManager: Scaled font size from 1.8em to 1.44em
 LyricsDisplay: Setting style to Стандартный
 Rendering lyrics. Current style ID: default
 Rendering standard line [0]: 'Тебе нравится дым!...Черт с ним...'
 Rendering standard line [1]: 'Он убивает слова, кругом голова.'
 Rendering standard line [2]: 'Уже разносит молва по дворам'
 Rendering standard line [3]: 'Что между нами чи-уа-уа!'
 Rendering standard line [4]: 'О чем с тобой говорить? Потеряли нить...'
 Rendering standard line [5]: 'Быть не собой перестать и дома спать.'
 Rendering standard line [6]: 'Нас не измерить на глаз, а сейчас'
 Rendering standard line [7]: 'Зачем мы давим на тормоз, не на газ?'
 Rendering standard line [8]: 'Вопрос извечный: зачем да почему?'
 Rendering standard line [9]: 'Я понемногу с ума, ты не сама...'
 Rendering standard line [10]: 'А это ночи в Крыму теперь кому?'
 Rendering standard line [11]: 'Я, если встречу, потом передам ему...'
 Rendering standard line [12]: 'Писклявый твой голосок, как электрошок.'
 Rendering standard line [13]: 'Что я бухой без вина - твоя вина.'
 Rendering standard line [14]: 'Теперь узнает страна до темна'
 Rendering standard line [15]: 'Им обо всем донесут на FM волнах...'
 Rendering standard line [16]: 'Я помню: белые обои, черная посуда...'
 Rendering standard line [17]: 'Нас в хрущевке двое...'
 Rendering standard line [18]: 'Кто мы и откуда...откуда?'
 Rendering standard line [19]: 'Задвигаем шторы, кофеек, плюшки стынут'
 Rendering standard line [20]: 'Объясните теперь нам вахтеры'
 Rendering standard line [21]: 'Почему я на ней так сдвинут?'
 Rendering standard line [22]: 'Давай вот так просидим до утра!'
 Rendering standard line [23]: 'Не уходи, погоди...Но мне пора!'
 Rendering standard line [24]: 'И если выход один впереди'
 Rendering standard line [25]: 'То почему мы то холод, то жара?'
 Rendering standard line [26]: 'Раскладывать по местам я устал'
 Rendering standard line [27]: 'И поворачивать вспять, но вот опять!...'
 Rendering standard line [28]: 'Прикосновения плавили мой метал'
 Rendering standard line [29]: 'Ты - элемент номер 5, не дать - не взять!'
 Rendering standard line [30]: 'Идет к финалуиграв этот раз'
 Rendering standard line [31]: 'А ты все также молчишь, я - говорю.'
 Rendering standard line [32]: 'Минут 15 осталось до утра.'
 Rendering standard line [33]: 'Не вызывай, так словлю и свалю!'
 Rendering standard line [34]: 'Попробуем все подшить, не ворошить'
 Rendering standard line [35]: 'Мобильные номера постирать.'
 Rendering standard line [36]: 'А уходить неспросив нету сил!'
 Rendering standard line [37]: 'Давай попробуем заново все собрать!'
 Rendering standard line [38]: 'Белые обои, черную посуду'
 Rendering standard line [39]: 'Нас в хрущевке двое...'
 Rendering standard line [40]: 'Кто мы и откуда...откуда?'
 Rendering standard line [41]: 'Задвигаем шторы, кофеек, плюшки стынут'
 Rendering standard line [42]: 'Объясните теперь нам вахтеры'
 Rendering standard line [43]: 'Почему я на ней так сдвинут?'
 Rendering standard line [44]: 'Я помню: белые обои, черная посуда...'
 Rendering standard line [45]: 'Нас в хрущевке двое...'
 Rendering standard line [46]: 'Кто мы и откуда...откуда?'
 Rendering standard line [47]: 'Задвигаем шторы, кофеек, плюшки стынут'
 Rendering standard line [48]: 'Объясните теперь нам вахтеры'
 Rendering standard line [49]: 'Почему я на ней так сдвинут?'
 Rendering standard line [50]: 'Я помню: белые обои, черная посуда...'
 Rendering standard line [51]: 'Нас в хрущевке двое...'
 Rendering standard line [52]: 'Кто мы и откуда...откуда?'
 Rendering standard line [53]: 'Задвигаем шторы, кофеек, плюшки стынут'
 Rendering standard line [54]: 'Объясните теперь нам вахтеры'
 Rendering standard line [55]: 'Почему я на ней так сдвинут?'
 WaveformEditor: Shown
 WaveformEditor: No audio data found, trying to load...
 WaveformEditor: _loadAudioData is deprecated. Use loadAudioForSync() instead.
_loadAudioData @ waveform-editor.js:1075
 WaveformEditor: _activateFirstUnmarkedLine called.
 WaveformEditor: Markers length: 56
 WaveformEditor: Total lyric lines from lyricsDisplay: 56
 [SETACTIVE] Called with index 0. Current style: default
 Sync Editor: Skipping standard scroll - using forced centering only
 Sync Editor: Positioned line 0 at TOP (teleprompter mode)
 LoopBlockManager: Sync editor opened event received
 WaveformEditor: Dispatched sync-editor-opened event Object
 Sync Editor: Positioned line 0 at TOP (teleprompter mode)
 🔇 Глубокая тишина - очистка нот
 🛑 Принудительная остановка всех нот (deep_silence), активных: 1
 🔄 WaveformEditor: Начинаем переключение на источник: instrumental
 WaveformEditor notification: Загружаем Инструментал...
 Auto-scroll re-enabled after scroll event
 🔇 Глубокая тишина - очистка нот
 🛑 Принудительная остановка всех нот (deep_silence), активных: 1
 ✅ Data loaded for instrumental
 WaveformEditor notification: Переключено на Инструментал
 🔄 WaveformEditor: Начинаем переключение на источник: master
 WaveformEditor notification: Загружаем компоненты для Мастер-вида...
 WaveformEditor notification: Переключено на Мастер
 🔇 Глубокая тишина - очистка нот
 🛑 Принудительная остановка всех нот (deep_silence), активных: 1
 🔇 Глубокая тишина - очистка нот
 🛑 Принудительная остановка всех нот (deep_silence), активных: 1
 ✅ Октавный переход разрешен: 666.8Hz → 322.9Hz за 115мс (ratio: 0.48)
 ✅ Октавный переход разрешен: 188.5Hz → 364.5Hz за 91мс (ratio: 1.93)
 🎯 Высокая ясность (91.8%) - принимаем возможную гармонику: 137.4Hz
 🚫 Октавный скачок заблокирован: 573.4Hz → 137.4Hz за 40мс (ratio: 0.24)
 ✅ Октавный переход разрешен: 573.4Hz → 137.4Hz за 43мс (ratio: 0.24)
 🎯 Высокая ясность (99.4%) - принимаем возможную гармонику: 409.8Hz
 🚫 Октавный скачок заблокирован: 205.1Hz → 409.8Hz за 22мс (ratio: 2.00)
 ✅ Октавный переход разрешен: 205.1Hz → 399.4Hz за 65мс (ratio: 1.95)
 🔄 WaveformEditor: Начинаем переключение на источник: vocals
 ✅ Using cached data for vocals
 WaveformEditor notification: Переключено на Вокал
 ✅ Октавный переход разрешен: 839.6Hz → 392.8Hz за 68мс (ratio: 0.47)
 🔄 WaveformEditor: Начинаем переключение на источник: master
 WaveformEditor notification: Загружаем компоненты для Мастер-вида...
 WaveformEditor notification: Переключено на Мастер
 🎯 Высокая ясность (97.0%) - принимаем возможную гармонику: 194.0Hz
 ✅ Октавный переход разрешен: 394.4Hz → 194.0Hz за 71мс (ratio: 0.49)
 ✅ Октавный переход разрешен: 867.3Hz → 420.4Hz за 162мс (ratio: 0.48)
 🚫 Блокирована очевидная гармоника: 192.7Hz (0.51x от 376.0Hz, ясность: 83.4%)
 🚫 Блокирована очевидная гармоника: 192.7Hz (0.51x от 376.0Hz, ясность: 83.2%)
 🔇 Глубокая тишина - очистка нот
 🛑 Принудительная остановка всех нот (deep_silence), активных: 1
 🔇 Глубокая тишина - очистка нот
 🛑 Принудительная остановка всех нот (deep_silence), активных: 1
 🔇 Глубокая тишина - очистка нот
 🛑 Принудительная остановка всех нот (deep_silence), активных: 1
 🚫 Блокирована очевидная гармоника: 545.3Hz (1.99x от 274.5Hz, ясность: 88.6%)
 🎯 Высокая ясность (95.0%) - принимаем возможную гармонику: 544.5Hz
 ✅ Октавный переход разрешен: 274.5Hz → 544.5Hz за 69мс (ratio: 1.98)
rtf-parser.js:849 🔇 Глубокая тишина - очистка нот
rtf-parser.js:849 🛑 Принудительная остановка всех нот (deep_silence), активных: 1
rtf-parser.js:849 🎯 Высокая ясность (96.4%) - принимаем возможную гармонику: 262.8Hz
rtf-parser.js:849 [SETACTIVE] Called with index 1. Current style: default
rtf-parser.js:849 Sync Editor: Skipping standard scroll - using forced centering only
rtf-parser.js:849 Sync Editor: Positioned line 1 at TOP (teleprompter mode)
rtf-parser.js:849 🚫 Блокирована очевидная гармоника: 303.3Hz (0.51x от 599.2Hz, ясность: 88.6%)
rtf-parser.js:849 🎯 Высокая ясность (92.8%) - принимаем возможную гармонику: 303.0Hz
rtf-parser.js:849 🚫 Октавный скачок заблокирован: 599.2Hz → 303.0Hz за 37мс (ratio: 0.51)
rtf-parser.js:849 ✅ Октавный переход разрешен: 599.2Hz → 301.4Hz за 57мс (ratio: 0.50)
rtf-parser.js:849 🔄 WaveformEditor: Начинаем переключение на источник: vocals
rtf-parser.js:849 ✅ Using cached data for vocals
rtf-parser.js:849 WaveformEditor notification: Переключено на Вокал
rtf-parser.js:849 🚫 Блокирована очевидная гармоника: 666.6Hz (1.99x от 335.6Hz, ясность: 77.1%)
rtf-parser.js:849 [SETACTIVE] Called with index 2. Current style: default
rtf-parser.js:849 Sync Editor: Skipping standard scroll - using forced centering only
rtf-parser.js:849 Sync Editor: Positioned line 2 at TOP (teleprompter mode)
rtf-parser.js:849 🔇 Глубокая тишина - очистка нот
rtf-parser.js:849 🛑 Принудительная остановка всех нот (deep_silence), активных: 1
rtf-parser.js:849 Key pressed: ShiftLeft
rtf-parser.js:849 Key pressed: Shift, key code: 16, waveform active: true
rtf-parser.js:849 LoopBlockManager: Shift key pressed, multiple selection mode active
rtf-parser.js:849 Key pressed: MetaLeft
rtf-parser.js:849 Key pressed: Meta, key code: 91, waveform active: true
rtf-parser.js:849 🎯 Высокая ясность (96.0%) - принимаем возможную гармонику: 388.2Hz
rtf-parser.js:849 🚫 Октавный скачок заблокирован: 773.3Hz → 388.2Hz за 8мс (ratio: 0.50)
rtf-parser.js:849 🚫 Октавный скачок заблокирован: 773.3Hz → 387.7Hz за 31мс (ratio: 0.50)
rtf-parser.js:849 ✅ Октавный переход разрешен: 773.3Hz → 398.2Hz за 50мс (ratio: 0.51)
rtf-parser.js:849 LoopBlockManager: Shift key released, multiple selection mode deactivated
rtf-parser.js:849 Auto-scroll re-enabled after scroll event
rtf-parser.js:849 🚫 Блокирована очевидная гармоника: 688.0Hz (1.99x от 345.0Hz, ясность: 88.9%)
rtf-parser.js:849 [SETACTIVE] Called with index 3. Current style: default
rtf-parser.js:849 Sync Editor: Skipping standard scroll - using forced centering only
rtf-parser.js:849 Sync Editor: Positioned line 3 at TOP (teleprompter mode)
rtf-parser.js:849 🔇 Глубокая тишина - очистка нот
rtf-parser.js:849 🛑 Принудительная остановка всех нот (deep_silence), активных: 1
rtf-parser.js:849 🔄 WaveformEditor: Начинаем переключение на источник: instrumental
rtf-parser.js:849 ✅ Using cached data for instrumental
rtf-parser.js:849 WaveformEditor notification: Переключено на Инструментал
rtf-parser.js:849 🔇 Глубокая тишина - очистка нот
rtf-parser.js:849 🛑 Принудительная остановка всех нот (deep_silence), активных: 1
rtf-parser.js:849 🔄 WaveformEditor: Начинаем переключение на источник: master
rtf-parser.js:849 WaveformEditor notification: Загружаем компоненты для Мастер-вида...
rtf-parser.js:849 WaveformEditor notification: Переключено на Мастер
rtf-parser.js:849 [SETACTIVE] Called with index 4. Current style: default
rtf-parser.js:849 Sync Editor: Skipping standard scroll - using forced centering only
rtf-parser.js:849 Sync Editor: Positioned line 4 at TOP (teleprompter mode)
rtf-parser.js:849 Key pressed: ShiftLeft
rtf-parser.js:849 Key pressed: Shift, key code: 16, waveform active: true
rtf-parser.js:849 LoopBlockManager: Shift key pressed, multiple selection mode active
rtf-parser.js:849 Key pressed: MetaLeft
rtf-parser.js:849 Key pressed: Meta, key code: 91, waveform active: true
rtf-parser.js:849 LoopBlockManager: Shift key released, multiple selection mode deactivated
rtf-parser.js:849 Auto-scroll re-enabled after scroll event
rtf-parser.js:849 🔇 Глубокая тишина - очистка нот
rtf-parser.js:849 🛑 Принудительная остановка всех нот (deep_silence), активных: 1
rtf-parser.js:849 🔄 WaveformEditor: Начинаем переключение на источник: vocals
rtf-parser.js:849 ✅ Using cached data for vocals
rtf-parser.js:849 WaveformEditor notification: Переключено на Вокал
rtf-parser.js:849 [SETACTIVE] Called with index 5. Current style: default
rtf-parser.js:849 Sync Editor: Skipping standard scroll - using forced centering only
rtf-parser.js:849 Sync Editor: Positioned line 5 at TOP (teleprompter mode)
rtf-parser.js:849 🔇 Глубокая тишина - очистка нот
rtf-parser.js:849 🛑 Принудительная остановка всех нот (deep_silence), активных: 1
rtf-parser.js:849 Key pressed: Space
rtf-parser.js:849 Space bar pressed, toggling playback
rtf-parser.js:849 ⏸️ ИНСТРУМЕНТАЛ: Пауза
rtf-parser.js:849 ⏸️ ВОКАЛ: Пауза
rtf-parser.js:849 isPlaying property set to: false
rtf-parser.js:849 Key pressed:  , key code: 32, waveform active: true
rtf-parser.js:849 🔍 Статический анализ: 276.1Hz (57.3%)
rtf-parser.js:849 🔍 Статический анализ: 291.8Hz (65.4%)
rtf-parser.js:849 Key pressed: MetaLeft
rtf-parser.js:849 Key pressed: Meta, key code: 91, waveform active: true
rtf-parser.js:849 Key pressed: AltLeft
rtf-parser.js:849 Key pressed: Alt, key code: 18, waveform active: true
rtf-parser.js:849 Key pressed: KeyJ
rtf-parser.js:849 Key pressed: j, key code: 74, waveform active: true
rtf-parser.js:849 Auto-scroll re-enabled after scroll event
rtf-parser.js:849 Auto-scroll re-enabled after scroll event
 ✅ Karaoke Background Manager: SUCCESSFULLY set background to Karaoke/pexels-capturexpression-26530062.jpg
