 LiveFeed module loaded (placeholder)
 ✅ Pitchy библиотека загружена в beLive
 LiveMode: Автоматическая инициализация при загрузке документа
 LiveMode: Создание нового экземпляра
 LiveMode: Маски инициализированы без использования изображений
 LiveMode: getUserMedia поддерживается: true
 LiveMode: Безопасный контекст: true
 LiveMode: Определен localhost, разрешен HTTP
 LiveMode: Метод toggleStreaming не найден и не может быть привязан
(анонимная) @ live-mode.js:521
 LiveMode: Базовая инициализация завершена
 LiveMode: Предварительная инициализация камеры...
 LiveMode: экземпляр создан
 LiveFeed initialized
 DOM content loaded, waiting for components
 ✅ Pitchy готов для точной детекции
 🎹 Кнопка найдена
 🔗 Настройка интеграции для точной детекции...
 🎤 Статус для точной детекции: false
 🎯 КАЛИБРОВКА: A4 = 440.00Hz (должно быть 440.00Hz)
 🎹 Создано 48 клавиш для точной детекции
 🎹 Piano Keyboard инициализирован
 All components ready, initializing app...
 Initializing beLive App
 StateManager initialized
 StateManager component ready
 🎛️ ViewManager: Конструктор выполнен
 🔗 ViewManager: Инициализация с зависимостями
 ✅ ViewManager: Зависимости успешно подключены
 ViewManager component ready
 🎯 ViewManager: Инициализация обработчиков событий
 ✅ ViewManager: Обработчик кнопки аватара (основное приложение) подключен
 ✅ ViewManager: Обработчик кнопки аватара в Live Feed подключен
 ✅ ViewManager: Обработчик кнопки возврата подключен
 ✅ ViewManager: Обработчик кнопки beLIVE в Avatar Studio подключен
 🎵 ViewManager: Карусель треков инициализирована
 🎵 ViewManager: Карусель треков инициализирована
 🎯 ViewManager: Все обработчики событий готовы
 🎯 ViewManager event handlers initialized
 WordAlignerV2 not found, creating placeholder
App @ app.js:84
 LyricsDisplay: Setting style to Стандартный
 Rendering lyrics. Current style ID: default
 Applied style 'Стандартный'
 TextStyleManager: Проверка доступности LiveMode...
 TextStyleManager: Класс LiveMode найден, предварительная инициализация камеры...
 TextStyleManager: LiveMode уже инициализирован
 TextStyleManager initialized with 8 styles and 29 total transitions
 Text style manager initialized
 Initializing Microphone UI...
 Microphone UI initialized using existing DOM elements.
 LoopBlockManager: Checking audio initialization...
 LoopBlockManager: Audio buffer or context not available (check 0)
_checkAudioAndInitialize @ loopblock-manager.js:137
 LoopBlockManager: Initializing sync listeners
 LoopBlockManager: progressBarContainer found - width: 1054.4375px, height: 10px, overflow: visible
 LoopBlockManager: progressBarContainer offsetWidth: 1054, offsetHeight: 10
 LoopBlockManager: progressBarContainer children: 3
 LoopBlockManager: Child 0: progress-bar-loaded, display: block, zIndex: 1
 LoopBlockManager: Child 1: progress-bar, display: block, zIndex: 2
 LoopBlockManager: Child 2: progress-tooltip, display: block, zIndex: 10
 LoopBlockManager initialized
 LoopBlockManager component ready
 [DragBoundary] Инициализирован с интерактивными линиями и предпоказом
 🎛️ BlockLoopControl initialized with seeking flag and seek buffer
 BlockLoopControl component ready
 🎭 MaskSystem: Инициализация продвинутой системы масок
 🎭 MaskSystem: Конструктор завершен
 🎭 MaskSystem создан
 🎭 MaskSystem component ready
 Initializing LoopBlock controls
 Audio not fully loaded yet, setting up delayed initialization
 🎭 MaskSystem: Обработчик кнопки подключен
 🚀 Инициализация Живой Ленты
 ✅ Живая Лента инициализирована
 🚀 Показываю Живую Ленту
 ✅ Живая Лента активирована
 beLive App initialized
 App initialized successfully
 🎭 MediaPipe: Начинаем загрузку библиотек...
 🎭 MediaPipe: Ожидание загрузки библиотек...
 🎭 MediaPipe: Все библиотеки загружены успешно
 🎭 MaskSystem: Официальный MediaPipe FaceMesh готов
 🏃 MaskSystem: MediaPipe Pose готов
 ✋ MaskSystem: MediaPipe Hands готов
 🤖 MaskSystem: MediaPipe Holistic готов
 🎨 MaskSystem: MediaPipe Selfie Segmentation готов
 🎭 MaskSystem: MediaPipe готов к использованию
 🎯 Background Effects Engine v2.0 инициализирован
 🔄 Инициализация Background Effects Engine...
 ✅ Background Effects Engine готов
 Загружено 3 треков из базы данных
 Application fully loaded, components initialized
 🎤 Запуск ТОЧНОГО анализа вокальной дорожки...
 🔊 Инициализация аудио для точной детекции...
 ✅ Используем audioEngine.audioContext
 ✅ Pitchy детектор готов для точной работы
 ✅ Подключен к ВОКАЛЬНОМУ узлу: GainNode
 ✅ ТОЧНЫЙ анализ запущен
 LiveMode: Запуск предварительной инициализации камеры
 LiveMode: Предварительная инициализация камеры...
 LoopBlockManager: Проверка доступности аудио (попытка 2/5)
 🎯 Начальная калибровка системы...
 🎯 ===== ЗАПУСК КАЛИБРОВОЧНЫХ ТЕСТОВ ПИТЧА =====
 📋 Тестируем расчет частот:
 ✅ C4: рассчитано=261.63Hz, ожидается=261.63Hz, ошибка=0.002%
 ✅ D4: рассчитано=293.66Hz, ожидается=293.66Hz, ошибка=0.002%
 ✅ E4: рассчитано=329.63Hz, ожидается=329.63Hz, ошибка=0.001%
 ✅ F4: рассчитано=349.23Hz, ожидается=349.23Hz, ошибка=0.001%
 ✅ G4: рассчитано=392.00Hz, ожидается=392Hz, ошибка=0.001%
 🎯 КАЛИБРОВКА: A4 = 440.00Hz (должно быть 440.00Hz)
 ✅ A4: рассчитано=440.00Hz, ожидается=440Hz, ошибка=0.000%
 ✅ B4: рассчитано=493.88Hz, ожидается=493.88Hz, ошибка=0.001%
 📋 Тестируем обратное преобразование:
 ✅ 261.63Hz → обнаружено="C4", ожидается="C4"
 ✅ 293.66Hz → обнаружено="D4", ожидается="D4"
 ✅ 329.63Hz → обнаружено="E4", ожидается="E4"
 ✅ 349.23Hz → обнаружено="F4", ожидается="F4"
 ✅ 392Hz → обнаружено="G4", ожидается="G4"
 ✅ 440Hz → обнаружено="A4", ожидается="A4"
 ✅ 493.88Hz → обнаружено="B4", ожидается="B4"
 📊 РЕЗУЛЬТАТЫ КАЛИБРОВКИ:
    Пройдено тестов: 14/14
    Процент успеха: 100.0%
    Средняя ошибка: 0.001%
 🎯 ✅ КАЛИБРОВКА ПИТЧА ПРОШЛА УСПЕШНО!
 🎯 ===== КАЛИБРОВОЧНЫЕ ТЕСТЫ ЗАВЕРШЕНЫ =====
 LoopBlockManager: Проверка доступности аудио (попытка 3/5)
 Проверка треков завершена успешно, проблем не обнаружено
 LiveMode: Доступ к камере получен при предварительной инициализации
 LiveMode: Получено 1 видеотреков. Активный: FaceTime HD Camera
 LiveMode: Предварительная инициализация камеры успешно завершена
 LiveMode: Доступ к камере получен при предварительной инициализации
 LiveMode: Получено 1 видеотреков. Активный: FaceTime HD Camera
 LiveMode: Предварительная инициализация камеры успешно завершена
 LiveMode: Предварительная инициализация камеры успешна
 LoopBlockManager: Аудио не загружено после 5 попыток. Для работы функций зацикливания необходимо загрузить аудиофайл.
_checkAudioAgain @ loopblock-manager.js:219
 🚀 Быстрый переход в режим: karaoke
 Switching to karaoke mode
 App: Сохраняем предыдущий режим: concert
 Activating karaoke mode
 Applying style: Караоке with scale 1.20
 TextStyleManager: Scaled font size from 1.4em to 1.68em
 LyricsDisplay: Setting style to Караоке
 [KARAOKE] DOM not found or empty in _renderLyrics, creating it.
 TextStyleManager: Scaled font size from 1.4em to 1.68em
 Applied style class to lyrics-container: style-karaoke
 Karaoke Background Manager: Starting slideshow...
 🚀 Скрываю Живую Ленту
 ✅ Возврат в классический зал
 🎨 _hideColorDropdown вызван
 ✅ Karaoke Background Manager: SUCCESSFULLY set background to Karaoke/pexels-pixabay-164879.jpg
 TrackCatalog: openCatalog() called
 TrackCatalog: catalogContainer exists: true
 TrackCatalog: catalogContainer classes before: hidden
 TrackCatalog: catalogContainer classes after: 
 TrackCatalog: Catalog should now be visible
 🎨 _hideColorDropdown вызван
 🔄 Loading track: "Linkin Park - When They Come For Me[-]"
 🔄 StateManager: Starting HARD RESET of all components
 1. Resetting AudioEngine...
 AudioEngine: Starting reset...
 isPlaying property set to: false
 ⏹️ ГИБРИД: Остановлен и сброшен
 🧹 СПРИНТЕР: Ресурсы очищены
 AudioEngine: Reset completed successfully
 ✅ AudioEngine reset complete
 2. Resetting LyricsDisplay...
 💥 LyricsDisplay: Performing full reset.
 ✅ LyricsDisplay: Full reset complete. All lyric data and DOM elements cleared.
 ✅ LyricsDisplay full reset complete
 3. Resetting TextStyleManager...
 💥 TextStyleManager: Full reset initiated.
 ✅ TextStyleManager: Reset complete. All states and caches cleared.
 ✅ TextStyleManager reset complete.
 🎉 StateManager: HARD RESET completed successfully
 ✅ All components ready for new track
 ⏱️ HARD_RESET_TIME: 1.057861328125 ms
 TrackCatalog: Set waveformEditor.lastLoadedFile to Linkin Park-When They Come for Me.rtf
 TrackCatalog: Set waveformEditor.currentTrackId to 1750901713330
 TrackCatalog: Found 15 blocks. Preparing them for rendering after audio load.
 LyricsDisplay: Loading 15 imported blocks.
 Block 0 loaded: id="block-1751002897369-0-c7ylyp3v4x5", name="Block 1", lines=8
 Block 1 loaded: id="1", name="Block 2", lines=4
 Block 2 loaded: id="2", name="Block 3", lines=5
 Block 3 loaded: id="3", name="Block 4", lines=1
 Block 4 loaded: id="4", name="Block 5", lines=1
 Block 5 loaded: id="5", name="Block 6", lines=8
 Block 6 loaded: id="6", name="Block 7", lines=5
 Block 7 loaded: id="7", name="Block 8", lines=1
 Block 8 loaded: id="8", name="Block 9", lines=1
 Block 9 loaded: id="9", name="Block 10", lines=9
 Block 10 loaded: id="10", name="Block 11", lines=1
 Block 11 loaded: id="11", name="Block 12", lines=1
 Block 12 loaded: id="12", name="Block 13", lines=1
 Block 13 loaded: id="13", name="Block 14", lines=1
 Block 14 loaded: id="14", name="Block 15", lines=2
 LyricsDisplay: Skipping render as requested by shouldRender=false
 LyricsDisplay: Successfully loaded 15 blocks, total lyric lines: 49.
 LyricsDisplay: Updated marker colors after loading blocks
 ⏱️ LYRICS_PREPARE_TIME: 3.015869140625 ms
 ⏱️ BLOB_CREATION_TIME: 228.5390625 ms
 🚀 ГИБРИД: Загрузка двойного потока
 isPlaying property set to: false
 ⏹️ ГИБРИД: Остановлен и сброшен
 🔧 БЕЗОПАСНЫЙ URL: Конвертируем blob:null в data URL: blob:null/b2fccdd6-aa44-4e68-ba8e-d4d409c9fdcf...
 🎨 _hideColorDropdown вызван
 ✅ ИНСТРУМЕНТАЛ ГОТОВ! Длительность: 295.60с
 Audio ready detected via timer, initializing LoopBlockManager
 LoopBlockManager already initialized
 ✅ БЕЗОПАСНЫЙ URL: Создан data URL размером 58360130 байт
 🔧 БЕЗОПАСНЫЙ URL: Конвертируем blob:null в data URL: blob:null/cb978250-f4fd-4620-a962-dc209c30f75d...
 ✅ БЕЗОПАСНЫЙ URL: Создан data URL размером 11826198 байт
 ⏱️ HYBRID_ENGINE_LOAD_TIME: 1449.095947265625 ms
 🎯 ГИБРИД: Рассинхронизация устранена!
 WaveformEditor: Vocal audio data not available
_drawWaveformData @ waveform-editor.js:1458
 🚀 Скрываю Живую Ленту
 ✅ Возврат в классический зал
 Applying style: Караоке with scale 1.20
 TextStyleManager: Scaled font size from 1.4em to 1.68em
 LyricsDisplay: Setting style to Караоке
 [KARAOKE] DOM not found or empty in _renderLyrics, creating it.
 TextStyleManager: Scaled font size from 1.4em to 1.68em
 ⏱️ AUDIO_LOAD_TIME: 1450.989990234375 ms
 Loading 49 markers for track Linkin Park - When They Come For Me[-]
 Validating 49 markers for 49 lyric lines
 Kept 49 valid markers out of 49
 WaveformEditor: Vocal audio data not available
_drawWaveformData @ waveform-editor.js:1458
 🚀 Скрываю Живую Ленту
 ✅ Возврат в классический зал
 Applying style: Караоке with scale 1.20
 TextStyleManager: Scaled font size from 1.4em to 1.68em
 LyricsDisplay: Setting style to Караоке
 TextStyleManager: Scaled font size from 1.4em to 1.68em
 🎵 АВТОПЛЕЙ: Запуск воспроизведения...
 ✅ Track "Linkin Park - When They Come For Me[-]" loaded successfully
 ✅ ВОКАЛ ГОТОВ! Длительность: 295.60с
 🎤 ВОКАЛ ПОДКЛЮЧЕН к аудио-контексту
 🎨 StateManager: Forcing text rerender in current mode
 🎤 Karaoke mode detected, should work correctly
 ⏱️ FINAL_RENDER_TIME: 105.799072265625 ms
 ⏱️ TOTAL_TRACK_LOAD_TIME: 1791.360107421875 ms
 ▶️ ИНСТРУМЕНТАЛ: Воспроизведение начато
 🔍 Статический анализ: 21.6Hz (71.8%)
 🔍 Статический анализ: 22.2Hz (54.1%)
 🎤 ВОКАЛ: Синхронизирован и воспроизводится
 isPlaying property set to: true
 ✅ АВТОПЛЕЙ: Воспроизведение начато успешно
 ⏰ СИНХРО: Позиция установлена 76.86с
 🎨 _hideColorDropdown вызван
 TextStyleManager: Scaled font size from 1.4em to 1.68em
 🎯 Высокая ясность (92.0%) - принимаем возможную гармонику: 216.1Hz
 🚫 Октавный скачок заблокирован: 440.3Hz → 216.1Hz за 16мс (ratio: 0.49)
 ✅ Октавный переход разрешен: 440.3Hz → 210.0Hz за 40мс (ratio: 0.48)
 Key pressed: Space
 Space bar pressed, toggling playback
 ⏸️ ИНСТРУМЕНТАЛ: Пауза
 ⏸️ ВОКАЛ: Пауза
 isPlaying property set to: false
 Key pressed:  , key code: 32, waveform active: false
 🔍 Статический анализ: 6109.7Hz (52.4%)
 Switching to rehearsal mode
 App: Сохраняем предыдущий режим: karaoke
 Activating rehearsal mode
 Karaoke Background Manager: Stopping slideshow...
 Applying style: Репетиция with scale 1.00
 LyricsDisplay: Setting style to Репетиция
 Activating Rehearsal Display with blocks: Array(15)
 Rendering lyrics. Current style ID: rehearsal
 🔧 Block "Block 1": original=[0,1,2,3,4,5,6,7], sorted=[0,1,2,3,4,5,6,7]
 🔧 Block "Block 2": original=[8,9,10,11], sorted=[8,9,10,11]
 🔧 Block "Block 3": original=[12,13,14,15,16], sorted=[12,13,14,15,16]
 🔧 Block "Block 4": original=[17], sorted=[17]
 🔧 Block "Block 5": original=[18], sorted=[18]
 🔧 Block "Block 6": original=[19,20,21,22,23,24,25,26], sorted=[19,20,21,22,23,24,25,26]
 🔧 Block "Block 7": original=[27,28,29,30,31], sorted=[27,28,29,30,31]
 🔧 Block "Block 8": original=[32], sorted=[32]
 🔧 Block "Block 9": original=[33], sorted=[33]
 🔧 Block "Block 10": original=[34,35,36,37,38,39,40,41,42], sorted=[34,35,36,37,38,39,40,41,42]
 Splitting block "Block 10" (9 lines) into 2 parts with ~5 lines each
   Part 1: lines 0-4 (5 lines)
   Part 2: lines 5-8 (4 lines)
 🔧 Block "Block 11": original=[43], sorted=[43]
 🔧 Block "Block 12": original=[44], sorted=[44]
 🔧 Block "Block 13": original=[45], sorted=[45]
 🔧 Block "Block 14": original=[46], sorted=[46]
 🔧 Block "Block 15": original=[47,48], sorted=[47,48]
 Rehearsal: Current line: 8, Total blocks: 16
 Rehearsal: DETAILED Block structure:
   Block 0 (block-1751002897369-0-c7ylyp3v4x5): name="Block 1", lines=[0,1,2,3,4,5,6,7]
     Content preview: "I am not a pattern to be followed
The pill that I'm on is a tough one to swallow
I'm not a criminal,"
       Line 0: "I am not a pattern to be followed"
       Line 1: "The pill that I'm on is a tough one to swallow"
       Line 2: "I'm not a criminal, not a role model"
       Line 3: "Not a born leader I'm a tough act to follow"
       Line 4: "I am not the fortune and the fame"
       Line 5: "Nor the same person telling you to forfeit the game"
       Line 6: "I came in the ring like a dog on a chain"
       Line 7: "And I found out the underbelly's sicker than it seems"
   Block 1 (1): name="Block 2", lines=[8,9,10,11]
     Content preview: "And it seems ugly, but it can get worse
use even a blueprint is a gift and a curse
use once you got "
       Line 8: "And it seems ugly, but it can get worse"
       Line 9: "use even a blueprint is a gift and a curse"
       Line 10: "use once you got a theory of how the thing works"
       Line 11: "Everybody wants the next thing to be just like the first"
   Block 2 (2): name="Block 3", lines=[12,13,14,15,16]
     Content preview: "And I'm not a robot
I'm not a monkey
I will not dance even if the beat's funky"
       Line 12: "And I'm not a robot"
       Line 13: "I'm not a monkey"
       Line 14: "I will not dance even if the beat's funky"
       Line 15: "Opposite of lazy, far from a punk"
       Line 16: "Ya'll ought to stop talking start trying to catch up motherfucker"
   Block 3 (3): name="Block 4", lines=[17]
     Content preview: "And all the people say"
       Line 17: "And all the people say"
   Block 4 (4): name="Block 5", lines=[18]
     Content preview: "Try to catch up motherfucker"
       Line 18: "Try to catch up motherfucker"
   Block 5 (5): name="Block 6", lines=[19,20,21,22,23,24,25,26]
     Content preview: "Lauryn said, money change a situation
Big said, it increase the complication
Kane said, don't step, "
       Line 19: "Lauryn said, money change a situation"
       Line 20: "Big said, it increase the complication"
       Line 21: "Kane said, don't step, I ain't the one"
       Line 22: "Chuck said, that uzi weigh a motherfuckin' ton"
       Line 23: "And I'm just a student of the game that they taught me"
       Line 24: "Rockin' every stage in every place that it brought me"
       Line 25: "I'm awfully underrated, but came here to correct it"
       Line 26: "And so it ain't mistaken I'ma state it for the record"
   Block 6 (6): name="Block 7", lines=[27,28,29,30,31]
     Content preview: "I am the opposite of wack, opposite of weak
Opposite of slack, synonym of heat
Synonym of crack, clo"
       Line 27: "I am the opposite of wack, opposite of weak"
       Line 28: "Opposite of slack, synonym of heat"
       Line 29: "Synonym of crack, closest to a peak"
       Line 30: "Far from a punk"
       Line 31: "Ya'll ought to stop talking, start trying to catch up motherfucker"
   Block 7 (7): name="Block 8", lines=[32]
     Content preview: "And all the people say"
       Line 32: "And all the people say"
   Block 8 (8): name="Block 9", lines=[33]
     Content preview: "Try to catch up motherfucker"
       Line 33: "Try to catch up motherfucker"
   Block 9 (9-part-0): name="Block 10", lines=[34,35,36,37,38]
     Content preview: "Oh, when they come for me
Come for me
I'll be gone"
       Line 34: "Oh, when they come for me"
       Line 35: "Come for me"
       Line 36: "I'll be gone"
       Line 37: "Oh, when they come for me"
       Line 38: "Come for me"
   Block 10 (9-part-1): name="Block 10 (продолжение 2)", lines=[39,40,41,42]
     Content preview: "I'll be gone
Oh, when they come for me
Come for me"
       Line 39: "I'll be gone"
       Line 40: "Oh, when they come for me"
       Line 41: "Come for me"
       Line 42: "I'll be gone"
   Block 11 (10): name="Block 11", lines=[43]
     Content preview: "And all the people say"
       Line 43: "And all the people say"
   Block 12 (11): name="Block 12", lines=[44]
     Content preview: "Try to catch up motherfucker"
       Line 44: "Try to catch up motherfucker"
   Block 13 (12): name="Block 13", lines=[45]
     Content preview: "And all the people say"
       Line 45: "And all the people say"
   Block 14 (13): name="Block 14", lines=[46]
     Content preview: "Try to catch up motherfucker"
       Line 46: "Try to catch up motherfucker"
   Block 15 (14): name="Block 15", lines=[47,48]
     Content preview: "Presten atenciуn todos
Toda la gente preste atenciуn, escъchenme ahora mismo"
       Line 47: "Presten atenciуn todos"
       Line 48: "Toda la gente preste atenciуn, escъchenme ahora mismo"
 Rehearsal: Looking for block containing line 8
   Checking block 0: lineIndices=[0,1,2,3,4,5,6,7]
   ✗ Block 0 does NOT contain line 8
   Checking block 1: lineIndices=[8,9,10,11]
   ✓ Found! Block 1 contains line 8
 Rehearsal: Found active block at index 1 with lines: Array(4)
 Rehearsal: Active block 1: Object
 >>> FONT_CALC_DEBUG >>> Lines: 4, FontSize: 2.66rem, LineHeight: 3.23rem
 Rehearsal: Activated line 8 in block with transition: none
 Rehearsal: Next block preview for block 2: Object
 Rehearsal: Preview lines: Array(2)
 Rehearsal: Adding preview line 12: "And I'm not a robot"
 Rehearsal: Adding preview line 13: "I'm not a monkey"
 Rehearsal: Preview container added with 2 lines
 Rehearsal mode: Rendered active block 1 with next block preview
 [SETACTIVE] Called with index 8. Current style: rehearsal
 Rehearsal mode: Setting active line 8
 Activating rehearsal line at index 8
 BlockLoopControl: Активирован
 BlockLoopControl: _createLoopButtonForCurrentBlock called
 BlockLoopControl: lyricsDisplay.currentActiveBlock: Object
 BlockLoopControl: lyricsDisplay.textBlocks: Array(15)
 BlockLoopControl: Создаем кнопку для активного блока репетиции: Block 2
 BlockLoopControl: _createLoopButton called for block: Block 2
 BlockLoopControl: Кнопка удалена, drag boundaries остаются активными
 BlockLoopControl: blockElement found: true
 ✅ DragBoundaryController activated for block: Block 2
 📊 Block line indices: [8,9,10,11]
 🎯 Initial boundaries received: null
 ✅ Set default boundaries from sorted indices: start=8, end=11
 [DragBoundary] ✅ Применены переданные границы: Object
 [DragBoundary] 🎯 Создание интерактивных линий границ
 [DragBoundary] 📍 Блок: Block 2, границы: 8-11
 [DragBoundary] 📋 Найдено строк в блоке: 4
 [DragBoundary] 📝 Строка 0: data-index="8", текст: "And it seems ugly, but it can "
 [DragBoundary] 📝 Строка 1: data-index="9", текст: "use even a blueprint is a gift"
 [DragBoundary] 📝 Строка 2: data-index="10", текст: "use once you got a theory of h"
 [DragBoundary] 📝 Строка 3: data-index="11", текст: "Everybody wants the next thing"
 [DragBoundary] 🎯 Поиск startLine (index 8): ✅ найден
 [DragBoundary] 📝 StartLine текст: "And it seems ugly, but it can get worse"
 [DragBoundary] 📐 StartLine rect: DOMRect
 [DragBoundary] 🎯 Поиск endLine (index 11): ✅ найден
 [DragBoundary] 📝 EndLine текст: "Everybody wants the next thing to be just like the"
 [DragBoundary] 📐 EndLine rect: DOMRect
 [DragBoundary] ✅ Создана стартовая линия для строки 8
 [DragBoundary] ✅ Создана конечная линия для строки 11
 [DragBoundary] ✅ Обе линии успешно созданы
 [DragBoundary] 📐 StartLine позиция: top=197.7421875, bottom=201.7421875
 [DragBoundary] 📐 EndLine позиция: top=457.0546875, bottom=461.0546875
 [DragBoundary] Обновлены визуальные состояния. Диапазон: 8-11
 [DragBoundary] ✅ Контроллер активирован
 BlockLoopControl: Создана кнопка для блока: Block 2
 BlockLoopControl: Кнопка создана для блока: Block 2
 🛡️ AUTO RECOVERY: System started (checking every 2s)
 🚀 Скрываю Живую Ленту
 ✅ Возврат в классический зал
 🎨 _hideColorDropdown вызван
 BlockLoopControl: Запуск зацикливания блока: Block 2
 🎯 USING USER BOUNDARIES: Lines 8-11 = 74.75s-85.25s
 BlockLoopControl: Временные границы лупа: 74.75s - 85.25s
 BlockLoopControl: Зацикливание установлено, воспроизведение продолжается без прерывания
 BlockLoopControl: Добавлена оранжевая окантовка блока
 BlockLoopControl: Зацикливание активно 74.745106s - 85.252737s (без прерывания воспроизведения)
 🎨 _hideColorDropdown вызван
 🔍 LOOP DIAGNOSTIC #10:
      Current: 77.233s
      Loop Range: 74.745s - 85.253s
      End Threshold: 85.203s
      Time Since Last Jump: 1751002904.106s
      Audio State: paused
 ✅ LOOP SAFE: 8.0s until loop end
 🔍 LOOP DIAGNOSTIC #20:
      Current: 77.233s
      Loop Range: 74.745s - 85.253s
      End Threshold: 85.203s
      Time Since Last Jump: 1751002904.553s
      Audio State: paused
 ✅ LOOP SAFE: 8.0s until loop end
 BlockLoopControl: Остановка зацикливания
 BlockLoopControl: Зацикливание остановлено, drag boundaries остаются активными
 🎨 _hideColorDropdown вызван
 BlockLoopControl: Запуск зацикливания блока: Block 2
 🎯 USING USER BOUNDARIES: Lines 8-11 = 74.75s-85.25s
 BlockLoopControl: Временные границы лупа: 74.75s - 85.25s
 BlockLoopControl: Зацикливание установлено, воспроизведение продолжается без прерывания
 BlockLoopControl: Добавлена оранжевая окантовка блока
 BlockLoopControl: Зацикливание активно 74.745106s - 85.252737s (без прерывания воспроизведения)
 🎨 _hideColorDropdown вызван
 🔍 LOOP DIAGNOSTIC #30:
      Current: 77.233s
      Loop Range: 74.745s - 85.253s
      End Threshold: 85.203s
      Time Since Last Jump: 1751002905.853s
      Audio State: paused
 ✅ LOOP SAFE: 8.0s until loop end
 🔍 LOOP DIAGNOSTIC #40:
      Current: 77.233s
      Loop Range: 74.745s - 85.253s
      End Threshold: 85.203s
      Time Since Last Jump: 1751002906.321s
      Audio State: paused
 ✅ LOOP SAFE: 8.0s until loop end
 BlockLoopControl: Остановка зацикливания
 BlockLoopControl: Зацикливание остановлено, drag boundaries остаются активными
 🎨 _hideColorDropdown вызван
 BlockLoopControl: Запуск зацикливания блока: Block 2
 🎯 USING USER BOUNDARIES: Lines 8-11 = 74.75s-85.25s
 BlockLoopControl: Временные границы лупа: 74.75s - 85.25s
 BlockLoopControl: Зацикливание установлено, воспроизведение продолжается без прерывания
 BlockLoopControl: Добавлена оранжевая окантовка блока
 BlockLoopControl: Зацикливание активно 74.745106s - 85.252737s (без прерывания воспроизведения)
 🎨 _hideColorDropdown вызван
 🔍 LOOP DIAGNOSTIC #50:
      Current: 77.233s
      Loop Range: 74.745s - 85.253s
      End Threshold: 85.203s
      Time Since Last Jump: 1751002908.245s
      Audio State: paused
 ✅ LOOP SAFE: 8.0s until loop end
 🔍 LOOP DIAGNOSTIC #60:
      Current: 77.233s
      Loop Range: 74.745s - 85.253s
      End Threshold: 85.203s
      Time Since Last Jump: 1751002908.732s
      Audio State: paused
 ✅ LOOP SAFE: 8.0s until loop end
 BlockLoopControl: Остановка зацикливания
 BlockLoopControl: Зацикливание остановлено, drag boundaries остаются активными
 🎨 _hideColorDropdown вызван
 BlockLoopControl: Запуск зацикливания блока: Block 2
 🎯 USING USER BOUNDARIES: Lines 8-11 = 74.75s-85.25s
 BlockLoopControl: Временные границы лупа: 74.75s - 85.25s
 BlockLoopControl: Зацикливание установлено, воспроизведение продолжается без прерывания
 BlockLoopControl: Добавлена оранжевая окантовка блока
 BlockLoopControl: Зацикливание активно 74.745106s - 85.252737s (без прерывания воспроизведения)
 🎨 _hideColorDropdown вызван
 ✅ AUTO RECOVERY: Loop health OK (check #70)
    Loop active: true
    Current time: 77.2s
    Loop range: 74.7s - 85.3s
 🔍 LOOP DIAGNOSTIC #80:
      Current: 77.233s
      Loop Range: 74.745s - 85.253s
      End Threshold: 85.203s
      Time Since Last Jump: 1751002912.661s
      Audio State: paused
 ✅ LOOP SAFE: 8.0s until loop end
 🎨 _hideColorDropdown вызван
 🔍 LOOP DIAGNOSTIC #90:
      Current: 77.233s
      Loop Range: 74.745s - 85.253s
      End Threshold: 85.203s
      Time Since Last Jump: 1751002913.156s
      Audio State: paused
 ✅ LOOP SAFE: 8.0s until loop end
 🔍 LOOP DIAGNOSTIC #100:
      Current: 77.233s
      Loop Range: 74.745s - 85.253s
      End Threshold: 85.203s
      Time Since Last Jump: 1751002913.66s
      Audio State: paused
 ✅ LOOP SAFE: 8.0s until loop end
 🔍 LOOP DIAGNOSTIC #110:
      Current: 77.233s
      Loop Range: 74.745s - 85.253s
      End Threshold: 85.203s
      Time Since Last Jump: 1751002914.163s
      Audio State: paused
 ✅ LOOP SAFE: 8.0s until loop end
 BlockLoopControl: Остановка зацикливания
 BlockLoopControl: Зацикливание остановлено, drag boundaries остаются активными
 🎨 _hideColorDropdown вызван
 BlockLoopControl: Запуск зацикливания блока: Block 2
 🎯 USING USER BOUNDARIES: Lines 8-11 = 74.75s-85.25s
 BlockLoopControl: Временные границы лупа: 74.75s - 85.25s
 BlockLoopControl: Зацикливание установлено, воспроизведение продолжается без прерывания
 BlockLoopControl: Добавлена оранжевая окантовка блока
 BlockLoopControl: Зацикливание активно 74.745106s - 85.252737s (без прерывания воспроизведения)
 🎨 _hideColorDropdown вызван
 🔍 LOOP DIAGNOSTIC #120:
      Current: 77.233s
      Loop Range: 74.745s - 85.253s
      End Threshold: 85.203s
      Time Since Last Jump: 1751002916.666s
      Audio State: paused
 ✅ LOOP SAFE: 8.0s until loop end
 🔍 LOOP DIAGNOSTIC #130:
      Current: 77.233s
      Loop Range: 74.745s - 85.253s
      End Threshold: 85.203s
      Time Since Last Jump: 1751002917.153s
      Audio State: paused
 ✅ LOOP SAFE: 8.0s until loop end
 🔍 LOOP DIAGNOSTIC #140:
      Current: 77.233s
      Loop Range: 74.745s - 85.253s
      End Threshold: 85.203s
      Time Since Last Jump: 1751002917.653s
      Audio State: paused
 ✅ LOOP SAFE: 8.0s until loop end
 BlockLoopControl: Остановка зацикливания
 BlockLoopControl: Зацикливание остановлено, drag boundaries остаются активными
 🎨 _hideColorDropdown вызван
 BlockLoopControl: Запуск зацикливания блока: Block 2
 🎯 USING USER BOUNDARIES: Lines 8-11 = 74.75s-85.25s
 BlockLoopControl: Временные границы лупа: 74.75s - 85.25s
 BlockLoopControl: Зацикливание установлено, воспроизведение продолжается без прерывания
 BlockLoopControl: Добавлена оранжевая окантовка блока
 BlockLoopControl: Зацикливание активно 74.745106s - 85.252737s (без прерывания воспроизведения)
 🎨 _hideColorDropdown вызван
 🔍 LOOP DIAGNOSTIC #150:
      Current: 77.233s
      Loop Range: 74.745s - 85.253s
      End Threshold: 85.203s
      Time Since Last Jump: 1751002923.872s
      Audio State: paused
 ✅ LOOP SAFE: 8.0s until loop end
 🔍 LOOP DIAGNOSTIC #160:
      Current: 77.233s
      Loop Range: 74.745s - 85.253s
      End Threshold: 85.203s
      Time Since Last Jump: 1751002924.4s
      Audio State: paused
 ✅ LOOP SAFE: 8.0s until loop end
 🔍 LOOP DIAGNOSTIC #170:
      Current: 77.233s
      Loop Range: 74.745s - 85.253s
      End Threshold: 85.203s
      Time Since Last Jump: 1751002924.858s
      Audio State: paused
 ✅ LOOP SAFE: 8.0s until loop end
 🔍 LOOP DIAGNOSTIC #180:
      Current: 77.233s
      Loop Range: 74.745s - 85.253s
      End Threshold: 85.203s
      Time Since Last Jump: 1751002925.353s
      Audio State: paused
 ✅ LOOP SAFE: 8.0s until loop end
 🔍 LOOP DIAGNOSTIC #190:
      Current: 77.233s
      Loop Range: 74.745s - 85.253s
      End Threshold: 85.203s
      Time Since Last Jump: 1751002925.854s
      Audio State: paused
 ✅ LOOP SAFE: 8.0s until loop end
 🔍 LOOP DIAGNOSTIC #200:
      Current: 77.233s
      Loop Range: 74.745s - 85.253s
      End Threshold: 85.203s
      Time Since Last Jump: 1751002926.303s
      Audio State: paused
 ✅ LOOP SAFE: 8.0s until loop end
 🔍 LOOP DIAGNOSTIC #210:
      Current: 77.233s
      Loop Range: 74.745s - 85.253s
      End Threshold: 85.203s
      Time Since Last Jump: 1751002926.809s
      Audio State: paused
 ✅ LOOP SAFE: 8.0s until loop end
 🔍 LOOP DIAGNOSTIC #220:
      Current: 77.233s
      Loop Range: 74.745s - 85.253s
      End Threshold: 85.203s
      Time Since Last Jump: 1751002927.305s
      Audio State: paused
 ✅ LOOP SAFE: 8.0s until loop end
 BlockLoopControl: Остановка зацикливания
 BlockLoopControl: Зацикливание остановлено, drag boundaries остаются активными
 🎨 _hideColorDropdown вызван
 BlockLoopControl: Запуск зацикливания блока: Block 2
 🎯 USING USER BOUNDARIES: Lines 8-11 = 74.75s-85.25s
 BlockLoopControl: Временные границы лупа: 74.75s - 85.25s
 BlockLoopControl: Зацикливание установлено, воспроизведение продолжается без прерывания
 BlockLoopControl: Добавлена оранжевая окантовка блока
 BlockLoopControl: Зацикливание активно 74.745106s - 85.252737s (без прерывания воспроизведения)
 🎨 _hideColorDropdown вызван
 🔍 LOOP DIAGNOSTIC #230:
      Current: 77.233s
      Loop Range: 74.745s - 85.253s
      End Threshold: 85.203s
      Time Since Last Jump: 1751002929.856s
      Audio State: paused
 ✅ LOOP SAFE: 8.0s until loop end
 BlockLoopControl: Остановка зацикливания
 BlockLoopControl: Зацикливание остановлено, drag boundaries остаются активными
 🎨 _hideColorDropdown вызван
 BlockLoopControl: Запуск зацикливания блока: Block 2
 🎯 USING USER BOUNDARIES: Lines 8-11 = 74.75s-85.25s
 BlockLoopControl: Временные границы лупа: 74.75s - 85.25s
 BlockLoopControl: Зацикливание установлено, воспроизведение продолжается без прерывания
 BlockLoopControl: Добавлена оранжевая окантовка блока
 BlockLoopControl: Зацикливание активно 74.745106s - 85.252737s (без прерывания воспроизведения)
 🎨 _hideColorDropdown вызван
 🔍 LOOP DIAGNOSTIC #240:
      Current: 77.233s
      Loop Range: 74.745s - 85.253s
      End Threshold: 85.203s
      Time Since Last Jump: 1751002931.056s
      Audio State: paused
 ✅ LOOP SAFE: 8.0s until loop end
 🔍 LOOP DIAGNOSTIC #250:
      Current: 77.233s
      Loop Range: 74.745s - 85.253s
      End Threshold: 85.203s
      Time Since Last Jump: 1751002931.553s
      Audio State: paused
 ✅ LOOP SAFE: 8.0s until loop end
 BlockLoopControl: Остановка зацикливания
 BlockLoopControl: Зацикливание остановлено, drag boundaries остаются активными
 🎨 _hideColorDropdown вызван
 BlockLoopControl: Запуск зацикливания блока: Block 2
 🎯 USING USER BOUNDARIES: Lines 8-11 = 74.75s-85.25s
 BlockLoopControl: Временные границы лупа: 74.75s - 85.25s
 BlockLoopControl: Зацикливание установлено, воспроизведение продолжается без прерывания
 BlockLoopControl: Добавлена оранжевая окантовка блока
 BlockLoopControl: Зацикливание активно 74.745106s - 85.252737s (без прерывания воспроизведения)
 🎨 _hideColorDropdown вызван
 🔍 LOOP DIAGNOSTIC #260:
      Current: 77.233s
      Loop Range: 74.745s - 85.253s
      End Threshold: 85.203s
      Time Since Last Jump: 1751002932.757s
      Audio State: paused
 ✅ LOOP SAFE: 8.0s until loop end
 🔍 LOOP DIAGNOSTIC #270:
      Current: 77.233s
      Loop Range: 74.745s - 85.253s
      End Threshold: 85.203s
      Time Since Last Jump: 1751002933.257s
      Audio State: paused
 ✅ LOOP SAFE: 8.0s until loop end
 BlockLoopControl: Остановка зацикливания
 BlockLoopControl: Зацикливание остановлено, drag boundaries остаются активными
 🎨 _hideColorDropdown вызван
 BlockLoopControl: Запуск зацикливания блока: Block 2
 🎯 USING USER BOUNDARIES: Lines 8-11 = 74.75s-85.25s
 BlockLoopControl: Временные границы лупа: 74.75s - 85.25s
 BlockLoopControl: Зацикливание установлено, воспроизведение продолжается без прерывания
 BlockLoopControl: Добавлена оранжевая окантовка блока
 BlockLoopControl: Зацикливание активно 74.745106s - 85.252737s (без прерывания воспроизведения)
 🎨 _hideColorDropdown вызван
 🔍 LOOP DIAGNOSTIC #280:
      Current: 77.233s
      Loop Range: 74.745s - 85.253s
      End Threshold: 85.203s
      Time Since Last Jump: 1751002934.304s
      Audio State: paused
 ✅ LOOP SAFE: 8.0s until loop end
 🔍 LOOP DIAGNOSTIC #290:
      Current: 77.233s
      Loop Range: 74.745s - 85.253s
      End Threshold: 85.203s
      Time Since Last Jump: 1751002934.805s
      Audio State: paused
 ✅ LOOP SAFE: 8.0s until loop end
 BlockLoopControl: Остановка зацикливания
 BlockLoopControl: Зацикливание остановлено, drag boundaries остаются активными
 🎨 _hideColorDropdown вызван
 ✅ AUTO RECOVERY: Loop health OK (check #300)
    Loop active: false
    Current time: 77.2s
 Key pressed: ShiftLeft
 Key pressed: Shift, key code: 16, waveform active: false
 LoopBlockManager: Shift key pressed, multiple selection mode active
 Key pressed: MetaLeft
 Key pressed: Meta, key code: 91, waveform active: false
 ✅ AUTO RECOVERY: Loop health OK (check #310)
    Loop active: false
    Current time: 77.2s
 🎨 _hideColorDropdown вызван
 Key pressed: MetaLeft
 Key pressed: Meta, key code: 91, waveform active: false
 Key pressed: ShiftLeft
 Key pressed: Shift, key code: 16, waveform active: false
 LoopBlockManager: Shift key pressed, multiple selection mode active
 ✅ AUTO RECOVERY: Loop health OK (check #320)
    Loop active: false
    Current time: 77.2s
 BlockLoopControl: Запуск зацикливания блока: Block 2
 🎯 USING USER BOUNDARIES: Lines 8-11 = 74.75s-85.25s
 BlockLoopControl: Временные границы лупа: 74.75s - 85.25s
 BlockLoopControl: Зацикливание установлено, воспроизведение продолжается без прерывания
 BlockLoopControl: Добавлена оранжевая окантовка блока
 BlockLoopControl: Зацикливание активно 74.745106s - 85.252737s (без прерывания воспроизведения)
 🎨 _hideColorDropdown вызван
 ✅ AUTO RECOVERY: Loop health OK (check #330)
    Loop active: true
    Current time: 77.2s
    Loop range: 74.7s - 85.3s
 🔍 LOOP DIAGNOSTIC #340:
      Current: 77.233s
      Loop Range: 74.745s - 85.253s
      End Threshold: 85.203s
      Time Since Last Jump: 1751002984.66s
      Audio State: paused
 ✅ LOOP SAFE: 8.0s until loop end
 Key pressed: MetaLeft
 Key pressed: Meta, key code: 91, waveform active: false
 Key pressed: ShiftLeft
 Key pressed: Shift, key code: 16, waveform active: false
 LoopBlockManager: Shift key pressed, multiple selection mode active
 🔍 LOOP DIAGNOSTIC #350:
      Current: 77.233s
      Loop Range: 74.745s - 85.253s
      End Threshold: 85.203s
      Time Since Last Jump: 1751002985.16s
      Audio State: paused
 ✅ LOOP SAFE: 8.0s until loop end
 🔍 LOOP DIAGNOSTIC #360:
      Current: 77.233s
      Loop Range: 74.745s - 85.253s
      End Threshold: 85.203s
      Time Since Last Jump: 1751002985.66s
      Audio State: paused
 ✅ LOOP SAFE: 8.0s until loop end
 🔍 LOOP DIAGNOSTIC #370:
      Current: 77.233s
      Loop Range: 74.745s - 85.253s
      End Threshold: 85.203s
      Time Since Last Jump: 1751002986.159s
      Audio State: paused
 ✅ LOOP SAFE: 8.0s until loop end
 🔍 LOOP DIAGNOSTIC #380:
      Current: 77.233s
      Loop Range: 74.745s - 85.253s
      End Threshold: 85.203s
      Time Since Last Jump: 1751002986.608s
      Audio State: paused
 ✅ LOOP SAFE: 8.0s until loop end
 🔍 LOOP DIAGNOSTIC #390:
      Current: 77.233s
      Loop Range: 74.745s - 85.253s
      End Threshold: 85.203s
      Time Since Last Jump: 1751002987.103s
      Audio State: paused
 ✅ LOOP SAFE: 8.0s until loop end
 🔍 LOOP DIAGNOSTIC #400:
      Current: 77.233s
      Loop Range: 74.745s - 85.253s
      End Threshold: 85.203s
      Time Since Last Jump: 1751002987.624s
      Audio State: paused
 ✅ LOOP SAFE: 8.0s until loop end
 🔍 LOOP DIAGNOSTIC #410:
      Current: 77.233s
      Loop Range: 74.745s - 85.253s
      End Threshold: 85.203s
      Time Since Last Jump: 1751002988.105s
      Audio State: paused
 ✅ LOOP SAFE: 8.0s until loop end
 🔍 LOOP DIAGNOSTIC #420:
      Current: 77.233s
      Loop Range: 74.745s - 85.253s
      End Threshold: 85.203s
      Time Since Last Jump: 1751002988.562s
      Audio State: paused
 ✅ LOOP SAFE: 8.0s until loop end
 🔍 LOOP DIAGNOSTIC #430:
      Current: 77.233s
      Loop Range: 74.745s - 85.253s
      End Threshold: 85.203s
      Time Since Last Jump: 1751002989.109s
      Audio State: paused
 ✅ LOOP SAFE: 8.0s until loop end
 🔍 LOOP DIAGNOSTIC #440:
      Current: 77.233s
      Loop Range: 74.745s - 85.253s
      End Threshold: 85.203s
      Time Since Last Jump: 1751002989.603s
      Audio State: paused
 ✅ LOOP SAFE: 8.0s until loop end
 🔍 LOOP DIAGNOSTIC #450:
      Current: 77.233s
      Loop Range: 74.745s - 85.253s
      End Threshold: 85.203s
      Time Since Last Jump: 1751002990.106s
      Audio State: paused
 ✅ LOOP SAFE: 8.0s until loop end
 🔍 LOOP DIAGNOSTIC #460:
      Current: 77.233s
      Loop Range: 74.745s - 85.253s
      End Threshold: 85.203s
      Time Since Last Jump: 1751002990.566s
      Audio State: paused
 ✅ LOOP SAFE: 8.0s until loop end
 🔍 LOOP DIAGNOSTIC #470:
      Current: 77.233s
      Loop Range: 74.745s - 85.253s
      End Threshold: 85.203s
      Time Since Last Jump: 1751002991.059s
      Audio State: paused
 ✅ LOOP SAFE: 8.0s until loop end
 🔍 LOOP DIAGNOSTIC #480:
      Current: 77.233s
      Loop Range: 74.745s - 85.253s
      End Threshold: 85.203s
      Time Since Last Jump: 1751002991.559s
      Audio State: paused
 ✅ LOOP SAFE: 8.0s until loop end
 🔍 LOOP DIAGNOSTIC #490:
      Current: 77.233s
      Loop Range: 74.745s - 85.253s
      End Threshold: 85.203s
      Time Since Last Jump: 1751002992.065s
      Audio State: paused
 ✅ LOOP SAFE: 8.0s until loop end
 🔍 LOOP DIAGNOSTIC #500:
      Current: 77.233s
      Loop Range: 74.745s - 85.253s
      End Threshold: 85.203s
      Time Since Last Jump: 1751002992.557s
      Audio State: paused
 ✅ LOOP SAFE: 8.0s until loop end
 🔍 LOOP DIAGNOSTIC #510:
      Current: 77.233s
      Loop Range: 74.745s - 85.253s
      End Threshold: 85.203s
      Time Since Last Jump: 1751002993.062s
      Audio State: paused
 ✅ LOOP SAFE: 8.0s until loop end
 🔍 LOOP DIAGNOSTIC #520:
      Current: 77.233s
      Loop Range: 74.745s - 85.253s
      End Threshold: 85.203s
      Time Since Last Jump: 1751002993.556s
      Audio State: paused
 ✅ LOOP SAFE: 8.0s until loop end
 🔍 LOOP DIAGNOSTIC #530:
      Current: 77.233s
      Loop Range: 74.745s - 85.253s
      End Threshold: 85.203s
      Time Since Last Jump: 1751002994.055s
      Audio State: paused
 ✅ LOOP SAFE: 8.0s until loop end
 🔍 LOOP DIAGNOSTIC #540:
      Current: 77.233s
      Loop Range: 74.745s - 85.253s
      End Threshold: 85.203s
      Time Since Last Jump: 1751002994.504s
      Audio State: paused
 ✅ LOOP SAFE: 8.0s until loop end
 🔍 LOOP DIAGNOSTIC #550:
      Current: 77.233s
      Loop Range: 74.745s - 85.253s
      End Threshold: 85.203s
      Time Since Last Jump: 1751002995.004s
      Audio State: paused
 ✅ LOOP SAFE: 8.0s until loop end
 🔍 LOOP DIAGNOSTIC #560:
      Current: 77.233s
      Loop Range: 74.745s - 85.253s
      End Threshold: 85.203s
      Time Since Last Jump: 1751002995.503s
      Audio State: paused
rtf-parser.js:849 ✅ LOOP SAFE: 8.0s until loop end
rtf-parser.js:849 🔍 LOOP DIAGNOSTIC #570:
rtf-parser.js:849      Current: 77.233s
rtf-parser.js:849      Loop Range: 74.745s - 85.253s
rtf-parser.js:849      End Threshold: 85.203s
rtf-parser.js:849      Time Since Last Jump: 1751002996.004s
rtf-parser.js:849      Audio State: paused
rtf-parser.js:849 ✅ LOOP SAFE: 8.0s until loop end
rtf-parser.js:849 🔍 LOOP DIAGNOSTIC #580:
rtf-parser.js:849      Current: 77.233s
rtf-parser.js:849      Loop Range: 74.745s - 85.253s
rtf-parser.js:849      End Threshold: 85.203s
rtf-parser.js:849      Time Since Last Jump: 1751002996.455s
rtf-parser.js:849      Audio State: paused
rtf-parser.js:849 ✅ LOOP SAFE: 8.0s until loop end
rtf-parser.js:849 🔍 LOOP DIAGNOSTIC #590:
rtf-parser.js:849      Current: 77.233s
rtf-parser.js:849      Loop Range: 74.745s - 85.253s
rtf-parser.js:849      End Threshold: 85.203s
rtf-parser.js:849      Time Since Last Jump: 1751002997.012s
rtf-parser.js:849      Audio State: paused
rtf-parser.js:849 ✅ LOOP SAFE: 8.0s until loop end
rtf-parser.js:849 🎨 _hideColorDropdown вызван
rtf-parser.js:849 🔍 LOOP DIAGNOSTIC #600:
rtf-parser.js:849      Current: 77.233s
rtf-parser.js:849      Loop Range: 74.745s - 85.253s
rtf-parser.js:849      End Threshold: 85.203s
rtf-parser.js:849      Time Since Last Jump: 1751002997.587s
rtf-parser.js:849      Audio State: paused
rtf-parser.js:849 ✅ LOOP SAFE: 8.0s until loop end
rtf-parser.js:849 Key pressed: MetaLeft
rtf-parser.js:849 Key pressed: Meta, key code: 91, waveform active: false
rtf-parser.js:849 Key pressed: AltLeft
rtf-parser.js:849 Key pressed: Alt, key code: 18, waveform active: false
rtf-parser.js:849 🔍 LOOP DIAGNOSTIC #610:
rtf-parser.js:849      Current: 77.233s
rtf-parser.js:849      Loop Range: 74.745s - 85.253s
rtf-parser.js:849      End Threshold: 85.203s
rtf-parser.js:849      Time Since Last Jump: 1751002998.054s
rtf-parser.js:849      Audio State: paused
rtf-parser.js:849 ✅ LOOP SAFE: 8.0s until loop end
rtf-parser.js:849 Key pressed: KeyJ
rtf-parser.js:849 Key pressed: j, key code: 74, waveform active: false
rtf-parser.js:849 🔍 LOOP DIAGNOSTIC #620:
rtf-parser.js:849      Current: 77.233s
rtf-parser.js:849      Loop Range: 74.745s - 85.253s
rtf-parser.js:849      End Threshold: 85.203s
rtf-parser.js:849      Time Since Last Jump: 1751002998.679s
rtf-parser.js:849      Audio State: paused
rtf-parser.js:849 ✅ LOOP SAFE: 8.0s until loop end
rtf-parser.js:849 🔍 LOOP DIAGNOSTIC #630:
rtf-parser.js:849      Current: 77.233s
rtf-parser.js:849      Loop Range: 74.745s - 85.253s
rtf-parser.js:849      End Threshold: 85.203s
rtf-parser.js:849      Time Since Last Jump: 1751002999.154s
rtf-parser.js:849      Audio State: paused
rtf-parser.js:849 ✅ LOOP SAFE: 8.0s until loop end
rtf-parser.js:849 🔍 LOOP DIAGNOSTIC #640:
rtf-parser.js:849      Current: 77.233s
rtf-parser.js:849      Loop Range: 74.745s - 85.253s
rtf-parser.js:849      End Threshold: 85.203s
rtf-parser.js:849      Time Since Last Jump: 1751002999.654s
rtf-parser.js:849      Audio State: paused
rtf-parser.js:849 ✅ LOOP SAFE: 8.0s until loop end
waveform-editor.js:1458 WaveformEditor: Vocal audio data not available
_drawWaveformData @ waveform-editor.js:1458
rtf-parser.js:849 🔍 LOOP DIAGNOSTIC #650:
rtf-parser.js:849      Current: 77.233s
rtf-parser.js:849      Loop Range: 74.745s - 85.253s
rtf-parser.js:849      End Threshold: 85.203s
rtf-parser.js:849      Time Since Last Jump: 1751003000.154s
rtf-parser.js:849      Audio State: paused
rtf-parser.js:849 ✅ LOOP SAFE: 8.0s until loop end
rtf-parser.js:849 🔍 LOOP DIAGNOSTIC #660:
rtf-parser.js:849      Current: 77.233s
rtf-parser.js:849      Loop Range: 74.745s - 85.253s
rtf-parser.js:849      End Threshold: 85.203s
rtf-parser.js:849      Time Since Last Jump: 1751003000.617s
rtf-parser.js:849      Audio State: paused
rtf-parser.js:849 ✅ LOOP SAFE: 8.0s until loop end
rtf-parser.js:849 🔍 LOOP DIAGNOSTIC #670:
rtf-parser.js:849      Current: 77.233s
rtf-parser.js:849      Loop Range: 74.745s - 85.253s
rtf-parser.js:849      End Threshold: 85.203s
rtf-parser.js:849      Time Since Last Jump: 1751003001.783s
rtf-parser.js:849      Audio State: paused
rtf-parser.js:849 ✅ LOOP SAFE: 8.0s until loop end
rtf-parser.js:849 🔍 LOOP DIAGNOSTIC #680:
rtf-parser.js:849      Current: 77.233s
rtf-parser.js:849      Loop Range: 74.745s - 85.253s
rtf-parser.js:849      End Threshold: 85.203s
rtf-parser.js:849      Time Since Last Jump: 1751003002.208s
rtf-parser.js:849      Audio State: paused
rtf-parser.js:849 ✅ LOOP SAFE: 8.0s until loop end
rtf-parser.js:849 🔍 LOOP DIAGNOSTIC #690:
rtf-parser.js:849      Current: 77.233s
rtf-parser.js:849      Loop Range: 74.745s - 85.253s
rtf-parser.js:849      End Threshold: 85.203s
rtf-parser.js:849      Time Since Last Jump: 1751003002.763s
rtf-parser.js:849      Audio State: paused
rtf-parser.js:849 ✅ LOOP SAFE: 8.0s until loop end
rtf-parser.js:849 🔍 LOOP DIAGNOSTIC #700:
rtf-parser.js:849      Current: 77.233s
rtf-parser.js:849      Loop Range: 74.745s - 85.253s
rtf-parser.js:849      End Threshold: 85.203s
rtf-parser.js:849      Time Since Last Jump: 1751003003.359s
rtf-parser.js:849      Audio State: paused
rtf-parser.js:849 ✅ LOOP SAFE: 8.0s until loop end
rtf-parser.js:849 🔍 LOOP DIAGNOSTIC #710:
rtf-parser.js:849      Current: 77.233s
rtf-parser.js:849      Loop Range: 74.745s - 85.253s
rtf-parser.js:849      End Threshold: 85.203s
rtf-parser.js:849      Time Since Last Jump: 1751003004.013s
rtf-parser.js:849      Audio State: paused
rtf-parser.js:849 ✅ LOOP SAFE: 8.0s until loop end
rtf-parser.js:849 🔍 LOOP DIAGNOSTIC #720:
rtf-parser.js:849      Current: 77.233s
rtf-parser.js:849      Loop Range: 74.745s - 85.253s
rtf-parser.js:849      End Threshold: 85.203s
rtf-parser.js:849      Time Since Last Jump: 1751003004.478s
rtf-parser.js:849      Audio State: paused
rtf-parser.js:849 ✅ LOOP SAFE: 8.0s until loop end
rtf-parser.js:849 🔍 LOOP DIAGNOSTIC #730:
rtf-parser.js:849      Current: 77.233s
rtf-parser.js:849      Loop Range: 74.745s - 85.253s
rtf-parser.js:849      End Threshold: 85.203s
rtf-parser.js:849      Time Since Last Jump: 1751003005.027s
rtf-parser.js:849      Audio State: paused
rtf-parser.js:849 ✅ LOOP SAFE: 8.0s until loop end
rtf-parser.js:849 🔍 LOOP DIAGNOSTIC #740:
rtf-parser.js:849      Current: 77.233s
rtf-parser.js:849      Loop Range: 74.745s - 85.253s
rtf-parser.js:849      End Threshold: 85.203s
rtf-parser.js:849      Time Since Last Jump: 1751003005.553s
rtf-parser.js:849      Audio State: paused
rtf-parser.js:849 ✅ LOOP SAFE: 8.0s until loop end
rtf-parser.js:849 🔍 LOOP DIAGNOSTIC #750:
rtf-parser.js:849      Current: 77.233s
rtf-parser.js:849      Loop Range: 74.745s - 85.253s
rtf-parser.js:849      End Threshold: 85.203s
rtf-parser.js:849      Time Since Last Jump: 1751003006.117s
rtf-parser.js:849      Audio State: paused
rtf-parser.js:849 ✅ LOOP SAFE: 8.0s until loop end
rtf-parser.js:849 🔍 LOOP DIAGNOSTIC #760:
rtf-parser.js:849      Current: 77.233s
      Loop Range: 74.745s - 85.253s
      End Threshold: 85.203s
      Time Since Last Jump: 1751003006.558s
      Audio State: paused
 ✅ LOOP SAFE: 8.0s until loop end
 🔍 LOOP DIAGNOSTIC #770:
      Current: 77.233s
      Loop Range: 74.745s - 85.253s
      End Threshold: 85.203s
      Time Since Last Jump: 1751003007.08s
      Audio State: paused
 ✅ LOOP SAFE: 8.0s until loop end
 🔍 LOOP DIAGNOSTIC #780:
      Current: 77.233s
      Loop Range: 74.745s - 85.253s
      End Threshold: 85.203s
      Time Since Last Jump: 1751003007.559s
      Audio State: paused
 ✅ LOOP SAFE: 8.0s until loop end
 🔍 LOOP DIAGNOSTIC #790:
      Current: 77.233s
      Loop Range: 74.745s - 85.253s
      End Threshold: 85.203s
      Time Since Last Jump: 1751003008.163s
      Audio State: paused
 ✅ LOOP SAFE: 8.0s until loop end
 🔍 LOOP DIAGNOSTIC #800:
      Current: 77.233s
      Loop Range: 74.745s - 85.253s
      End Threshold: 85.203s
      Time Since Last Jump: 1751003008.717s
      Audio State: paused
 ✅ LOOP SAFE: 8.0s until loop end
 🔍 LOOP DIAGNOSTIC #810:
      Current: 77.233s
      Loop Range: 74.745s - 85.253s
      End Threshold: 85.203s
      Time Since Last Jump: 1751003009.156s
      Audio State: paused
 ✅ LOOP SAFE: 8.0s until loop end
 🔍 LOOP DIAGNOSTIC #820:
      Current: 77.233s
      Loop Range: 74.745s - 85.253s
      End Threshold: 85.203s
      Time Since Last Jump: 1751003009.663s
      Audio State: paused
 ✅ LOOP SAFE: 8.0s until loop end
 ✅ AUTO RECOVERY: Loop health OK (check #830)
    Loop active: true
    Current time: 77.2s
    Loop range: 74.7s - 85.3s
 🔍 LOOP DIAGNOSTIC #840:
      Current: 77.233s
      Loop Range: 74.745s - 85.253s
      End Threshold: 85.203s
      Time Since Last Jump: 1751003010.721s
      Audio State: paused
 ✅ LOOP SAFE: 8.0s until loop end
 🔍 LOOP DIAGNOSTIC #850:
      Current: 77.233s
      Loop Range: 74.745s - 85.253s
      End Threshold: 85.203s
      Time Since Last Jump: 1751003011.255s
      Audio State: paused
 ✅ LOOP SAFE: 8.0s until loop end
 🔍 LOOP DIAGNOSTIC #860:
      Current: 77.233s
      Loop Range: 74.745s - 85.253s
      End Threshold: 85.203s
      Time Since Last Jump: 1751003011.8s
      Audio State: paused
 ✅ LOOP SAFE: 8.0s until loop end
 🔍 LOOP DIAGNOSTIC #870:
      Current: 77.233s
      Loop Range: 74.745s - 85.253s
      End Threshold: 85.203s
      Time Since Last Jump: 1751003012.262s
      Audio State: paused
 ✅ LOOP SAFE: 8.0s until loop end
 🔍 LOOP DIAGNOSTIC #880:
      Current: 77.233s
      Loop Range: 74.745s - 85.253s
      End Threshold: 85.203s
      Time Since Last Jump: 1751003012.783s
      Audio State: paused
 ✅ LOOP SAFE: 8.0s until loop end
 🔍 LOOP DIAGNOSTIC #890:
      Current: 77.233s
      Loop Range: 74.745s - 85.253s
      End Threshold: 85.203s
      Time Since Last Jump: 1751003013.284s
      Audio State: paused
 ✅ LOOP SAFE: 8.0s until loop end
 🔍 LOOP DIAGNOSTIC #900:
      Current: 77.233s
      Loop Range: 74.745s - 85.253s
      End Threshold: 85.203s
      Time Since Last Jump: 1751003013.825s
      Audio State: paused
 ✅ LOOP SAFE: 8.0s until loop end
 🔍 LOOP DIAGNOSTIC #910:
      Current: 77.233s
      Loop Range: 74.745s - 85.253s
      End Threshold: 85.203s
      Time Since Last Jump: 1751003014.306s
      Audio State: paused
 ✅ LOOP SAFE: 8.0s until loop end
 🔍 LOOP DIAGNOSTIC #920:
      Current: 77.233s
      Loop Range: 74.745s - 85.253s
      End Threshold: 85.203s
      Time Since Last Jump: 1751003014.806s
      Audio State: paused
 ✅ LOOP SAFE: 8.0s until loop end
 🔍 LOOP DIAGNOSTIC #930:
      Current: 77.233s
      Loop Range: 74.745s - 85.253s
      End Threshold: 85.203s
      Time Since Last Jump: 1751003015.406s
      Audio State: paused
 ✅ LOOP SAFE: 8.0s until loop end
 🔍 LOOP DIAGNOSTIC #940:
      Current: 77.233s
      Loop Range: 74.745s - 85.253s
      End Threshold: 85.203s
      Time Since Last Jump: 1751003016.007s
      Audio State: paused
 ✅ LOOP SAFE: 8.0s until loop end
 🔍 LOOP DIAGNOSTIC #950:
      Current: 77.233s
      Loop Range: 74.745s - 85.253s
      End Threshold: 85.203s
      Time Since Last Jump: 1751003016.508s
      Audio State: paused
 ✅ LOOP SAFE: 8.0s until loop end
 🔍 LOOP DIAGNOSTIC #960:
      Current: 77.233s
      Loop Range: 74.745s - 85.253s
      End Threshold: 85.203s
      Time Since Last Jump: 1751003017.008s
      Audio State: paused
 ✅ LOOP SAFE: 8.0s until loop end
 🔍 LOOP DIAGNOSTIC #970:
      Current: 77.233s
      Loop Range: 74.745s - 85.253s
      End Threshold: 85.203s
      Time Since Last Jump: 1751003017.557s
      Audio State: paused
 ✅ LOOP SAFE: 8.0s until loop end
 🔍 LOOP DIAGNOSTIC #980:
      Current: 77.233s
      Loop Range: 74.745s - 85.253s
      End Threshold: 85.203s
      Time Since Last Jump: 1751003018.144s
      Audio State: paused
 ✅ LOOP SAFE: 8.0s until loop end
 🔍 LOOP DIAGNOSTIC #990:
      Current: 77.233s
      Loop Range: 74.745s - 85.253s
      End Threshold: 85.203s
      Time Since Last Jump: 1751003018.621s
      Audio State: paused
 ✅ LOOP SAFE: 8.0s until loop end
 🔍 LOOP DIAGNOSTIC #1000:
      Current: 77.233s
      Loop Range: 74.745s - 85.253s
      End Threshold: 85.203s
      Time Since Last Jump: 1751003019.105s
      Audio State: paused
 ✅ LOOP SAFE: 8.0s until loop end
