      Loop Range: 61.691s - 74.745s
      End Threshold: 74.695s
      Time Since Last Jump: 16.335s
      Audio State: playing
 ✅ LOOP SAFE: 4.4s until loop end
 🔍 LOOP DIAGNOSTIC #530:
      Current: 70.820s
      Loop Range: 61.691s - 74.745s
      End Threshold: 74.695s
      Time Since Last Jump: 16.838s
      Audio State: playing
 ✅ LOOP SAFE: 3.9s until loop end
 ✅ Октавный переход разрешен: 219.3Hz → 421.3Hz за 174мс (ratio: 1.92)
 🔍 LOOP DIAGNOSTIC #540:
      Current: 71.267s
      Loop Range: 61.691s - 74.745s
      End Threshold: 74.695s
      Time Since Last Jump: 17.291s
      Audio State: playing
 ✅ LOOP SAFE: 3.5s until loop end
 [DragBoundary] Начато перетаскивание start линии
 [DragBoundary] Drag начат для start границы
 [DragBoundary] Показан призрачный предпоказ для строки 0
 [DragBoundary] Обновлены визуальные состояния. Диапазон: 0-7
 [DragBoundary] Показан призрачный предпоказ для строки 2
 [DragBoundary] Обновлены визуальные состояния. Диапазон: 2-7
 [DragBoundary] Показан призрачный предпоказ для строки 3
 [DragBoundary] Обновлены визуальные состояния. Диапазон: 3-7
 [DragBoundary] Обновлены визуальные состояния. Диапазон: 3-7
 [DragBoundary] Обновлены визуальные состояния. Диапазон: 3-7
 [DragBoundary] Обновлены визуальные состояния. Диапазон: 3-7
 [DragBoundary] Обновлены визуальные состояния. Диапазон: 3-7
 [DragBoundary] Обновлены визуальные состояния. Диапазон: 3-7
 [DragBoundary] Обновлены визуальные состояния. Диапазон: 3-7
 🔇 Глубокая тишина - очистка нот
 🛑 Принудительная остановка всех нот (deep_silence), активных: 1
 🔍 LOOP DIAGNOSTIC #550:
      Current: 71.875s
      Loop Range: 61.691s - 74.745s
      End Threshold: 74.695s
      Time Since Last Jump: 17.893s
      Audio State: playing
 ✅ LOOP SAFE: 2.9s until loop end
 [DragBoundary] Обновлены визуальные состояния. Диапазон: 3-7
 Rehearsal: Line changing from 6 to 7
 Splitting block "Block 10" (9 lines) into 2 parts with ~5 lines each
   Part 1: lines 0-4 (5 lines)
   Part 2: lines 5-8 (4 lines)
 Rehearsal: Current line 6 belongs to block: block-1750947774333-0-djgo0ithvu Array(8)
 Rehearsal: New line 7 belongs to block: block-1750947774333-0-djgo0ithvu Array(8)
 Rehearsal: Same block (block-1750947774333-0-djgo0ithvu), updating active line from 6 to 7
 [SETACTIVE] Called with index 7. Current style: rehearsal
 Rehearsal mode: Setting active line 7
 Activating rehearsal line at index 7
 📡 BLOCK CHANGE EVENT received
    Current loop block: Block 1 (ID: block-1750947774333-0-djgo0ithvu)
    New active block: Block 1 (ID: block-1750947774333-0-djgo0ithvu)
    Loop is active: true
    Seeking in progress: false
 🎯 LOOP IS ACTIVE: Checking user boundaries
    DragBoundaryController exists: true
    DragBoundaryController is active: true
    Has user defined boundaries: true
 ✅ USER BOUNDARIES ACTIVE: Preserving loop regardless of block change
    User boundaries: Object
 BlockLoopControl: _createLoopButtonForCurrentBlock called
 BlockLoopControl: lyricsDisplay.currentActiveBlock: Object
 BlockLoopControl: lyricsDisplay.textBlocks: Array(15)
 BlockLoopControl: Создаем кнопку для активного блока репетиции: Block 1
 BlockLoopControl: _createLoopButton called for block: Block 1
 BlockLoopControl: Кнопка удалена, drag boundaries остаются активными
 BlockLoopControl: blockElement found: true
 [DragBoundary] Деактивация
 [DragBoundary] Деактивирован
 [DragBoundary] Активация для блока "Block 1"
 [DragBoundary] Создание интерактивных линий границ
 [DragBoundary] Создана стартовая линия для строки 0
 [DragBoundary] Создана финишная линия для строки 7
 [DragBoundary] Обновлены визуальные состояния. Диапазон: 0-7
 [DragBoundary] Активирован с границами 0-7
 BlockLoopControl: Кнопка создана для блока: Block 1
 🔍 LOOP DIAGNOSTIC #560:
      Current: 72.414s
      Loop Range: 61.691s - 74.745s
      End Threshold: 74.695s
      Time Since Last Jump: 18.433s
      Audio State: playing
 ✅ LOOP SAFE: 2.3s until loop end
 🔍 LOOP DIAGNOSTIC #570:
      Current: 72.971s
      Loop Range: 61.691s - 74.745s
      End Threshold: 74.695s
      Time Since Last Jump: 18.989s
      Audio State: playing
 ✅ LOOP SAFE: 1.8s until loop end
 🔍 LOOP DIAGNOSTIC #580:
      Current: 73.483s
      Loop Range: 61.691s - 74.745s
      End Threshold: 74.695s
      Time Since Last Jump: 19.503s
      Audio State: playing
 ✅ LOOP SAFE: 1.3s until loop end
 🔇 Глубокая тишина - очистка нот
 🛑 Принудительная остановка всех нот (deep_silence), активных: 1
 🔍 LOOP DIAGNOSTIC #590:
      Current: 73.966s
      Loop Range: 61.691s - 74.745s
      End Threshold: 74.695s
      Time Since Last Jump: 19.985s
      Audio State: playing
 🔇 Глубокая тишина - очистка нот
 🛑 Принудительная остановка всех нот (deep_silence), активных: 1
 🔍 LOOP DIAGNOSTIC #600:
      Current: 74.471s
      Loop Range: 61.691s - 74.745s
      End Threshold: 74.695s
      Time Since Last Jump: 20.491s
      Audio State: playing
 🚨 LOOP END REACHED at 74.714s (threshold: 74.695s)
     Time since last jump: 20.7s
     Jump allowed: true (min interval: 1.5s)
     Currently seeking: false
 🎯 JUMP TARGET VALIDATION:
     Target time: 61.691s
     Target line: 3
     Current block lines: [0,1,2,3,4,5,6,7]
     Block contains target: true
 🔄 EXECUTING LOOP JUMP: 74.714s → 61.691s (target: 61.706s)
 🔒 SEEK STARTED: isSeekingInProgress = true
    Executing setCurrentTime(61.706)
    Time before seek: 74.714s
 ⏰ СИНХРО: Позиция установлена 61.71с
 Rehearsal: Line changing from 7 to 3
 Splitting block "Block 10" (9 lines) into 2 parts with ~5 lines each
   Part 1: lines 0-4 (5 lines)
   Part 2: lines 5-8 (4 lines)
 Rehearsal: Current line 7 belongs to block: block-1750947774333-0-djgo0ithvu Array(8)
 Rehearsal: New line 3 belongs to block: block-1750947774333-0-djgo0ithvu Array(8)
 Rehearsal: Same block (block-1750947774333-0-djgo0ithvu), updating active line from 7 to 3
 [SETACTIVE] Called with index 3. Current style: rehearsal
 Rehearsal mode: Setting active line 3
 Activating rehearsal line at index 3
 📡 BLOCK CHANGE EVENT received
    Current loop block: Block 1 (ID: block-1750947774333-0-djgo0ithvu)
    New active block: Block 1 (ID: block-1750947774333-0-djgo0ithvu)
    Loop is active: true
    Seeking in progress: true
 🔒 IGNORING BLOCK CHANGE: Seek in progress, this is likely caused by the loop jump
 🔒 LOOP CHECKS BLOCKED: Seek in progress for 56ms
 🔒 LOOP CHECKS BLOCKED: Seek in progress for 102ms
 ✅ Октавный переход разрешен: 204.6Hz → 399.8Hz за 68мс (ratio: 1.95)
 🔒 LOOP CHECKS BLOCKED: Seek in progress for 155ms
 🔒 LOOP CHECKS BLOCKED: Seek in progress for 198ms
 🔒 LOOP CHECKS BLOCKED: Seek in progress for 259ms
 🔇 Глубокая тишина - очистка нот
 🛑 Принудительная остановка всех нот (deep_silence), активных: 1
 🔒 LOOP CHECKS BLOCKED: Seek in progress for 301ms
 🔒 LOOP CHECKS BLOCKED: Seek in progress for 358ms
 🔒 LOOP CHECKS BLOCKED: Seek in progress for 404ms
 🔒 LOOP CHECKS BLOCKED: Seek in progress for 455ms
 🔒 LOOP CHECKS BLOCKED: Seek in progress for 516ms
 ⚠️ SEEK TIMEOUT: Forcing isSeekingInProgress = false after 500ms
(анонимная) @ block-loop-control.js:636
 🔍 LOOP DIAGNOSTIC #620:
      Current: 62.449s
      Loop Range: 61.691s - 74.745s
      End Threshold: 74.695s
      Time Since Last Jump: 0.752s
      Audio State: playing
 ✅ LOOP SAFE: 12.3s until loop end
 🔍 LOOP DIAGNOSTIC #630:
      Current: 62.958s
      Loop Range: 61.691s - 74.745s
      End Threshold: 74.695s
      Time Since Last Jump: 1.256s
      Audio State: playing
 ✅ LOOP SAFE: 11.8s until loop end
 🔍 LOOP DIAGNOSTIC #640:
      Current: 63.454s
      Loop Range: 61.691s - 74.745s
      End Threshold: 74.695s
      Time Since Last Jump: 1.753s
      Audio State: playing
 ✅ LOOP SAFE: 11.3s until loop end
 🚫 Октавный скачок заблокирован: 843.0Hz → 234.8Hz за 35мс (ratio: 0.28)
 ✅ Октавный переход разрешен: 843.0Hz → 234.8Hz за 52мс (ratio: 0.28)
 🔍 LOOP DIAGNOSTIC #650:
      Current: 64.005s
      Loop Range: 61.691s - 74.745s
      End Threshold: 74.695s
      Time Since Last Jump: 2.305s
      Audio State: playing
 ✅ LOOP SAFE: 10.7s until loop end
 Rehearsal: Line changing from 3 to 4
 Splitting block "Block 10" (9 lines) into 2 parts with ~5 lines each
   Part 1: lines 0-4 (5 lines)
   Part 2: lines 5-8 (4 lines)
 Rehearsal: Current line 3 belongs to block: block-1750947774333-0-djgo0ithvu Array(8)
 Rehearsal: New line 4 belongs to block: block-1750947774333-0-djgo0ithvu Array(8)
 Rehearsal: Same block (block-1750947774333-0-djgo0ithvu), updating active line from 3 to 4
 [SETACTIVE] Called with index 4. Current style: rehearsal
 Rehearsal mode: Setting active line 4
 Activating rehearsal line at index 4
 📡 BLOCK CHANGE EVENT received
    Current loop block: Block 1 (ID: block-1750947774333-0-djgo0ithvu)
    New active block: Block 1 (ID: block-1750947774333-0-djgo0ithvu)
    Loop is active: true
    Seeking in progress: false
 ✅ SEEK BUFFER EXPIRED: 2084ms since seek, processing block change
 🎯 LOOP IS ACTIVE: Checking user boundaries
    DragBoundaryController exists: true
    DragBoundaryController is active: true
    Has user defined boundaries: true
 ✅ USER BOUNDARIES ACTIVE: Preserving loop regardless of block change
    User boundaries: Object
 BlockLoopControl: _createLoopButtonForCurrentBlock called
 BlockLoopControl: lyricsDisplay.currentActiveBlock: Object
 BlockLoopControl: lyricsDisplay.textBlocks: Array(15)
 BlockLoopControl: Создаем кнопку для активного блока репетиции: Block 1
 BlockLoopControl: _createLoopButton called for block: Block 1
 BlockLoopControl: Кнопка удалена, drag boundaries остаются активными
 BlockLoopControl: blockElement found: true
 [DragBoundary] Деактивация
 [DragBoundary] Деактивирован
 [DragBoundary] Активация для блока "Block 1"
 [DragBoundary] Создание интерактивных линий границ
 [DragBoundary] Создана стартовая линия для строки 0
 [DragBoundary] Создана финишная линия для строки 7
 [DragBoundary] Обновлены визуальные состояния. Диапазон: 0-7
 [DragBoundary] Активирован с границами 0-7
 BlockLoopControl: Кнопка создана для блока: Block 1
 🔍 LOOP DIAGNOSTIC #660:
      Current: 64.504s
      Loop Range: 61.691s - 74.745s
      End Threshold: 74.695s
      Time Since Last Jump: 2.801s
      Audio State: playing
 ✅ LOOP SAFE: 10.2s until loop end
 🔇 Глубокая тишина - очистка нот
 🛑 Принудительная остановка всех нот (deep_silence), активных: 1
 🚫 Блокирована очевидная гармоника: 123.3Hz (0.49x от 252.2Hz, ясность: 83.4%)
 [DragBoundary] Начато перетаскивание start линии
 [DragBoundary] Drag начат для start границы
 🔇 Глубокая тишина - очистка нот
 🛑 Принудительная остановка всех нот (deep_silence), активных: 1
 🔍 LOOP DIAGNOSTIC #670:
      Current: 65.003s
      Loop Range: 61.691s - 74.745s
      End Threshold: 74.695s
      Time Since Last Jump: 3.301s
      Audio State: playing
 ✅ LOOP SAFE: 9.7s until loop end
 [DragBoundary] Показан призрачный предпоказ для строки 0
 [DragBoundary] Обновлены визуальные состояния. Диапазон: 0-7
 [DragBoundary] Обновлены визуальные состояния. Диапазон: 0-7
 [DragBoundary] Показан призрачный предпоказ для строки 1
 [DragBoundary] Обновлены визуальные состояния. Диапазон: 1-7
 [DragBoundary] Показан призрачный предпоказ для строки 2
 [DragBoundary] Обновлены визуальные состояния. Диапазон: 2-7
 [DragBoundary] Обновлены визуальные состояния. Диапазон: 2-7
 [DragBoundary] Обновлены визуальные состояния. Диапазон: 2-7
 [DragBoundary] Обновлены визуальные состояния. Диапазон: 2-7
 [DragBoundary] Обновлены визуальные состояния. Диапазон: 2-7
 [DragBoundary] Обновлены визуальные состояния. Диапазон: 2-7
 [DragBoundary] Обновлены визуальные состояния. Диапазон: 2-7
 [DragBoundary] Обновлены визуальные состояния. Диапазон: 2-7
 [DragBoundary] Обновлены визуальные состояния. Диапазон: 2-7
 [DragBoundary] Обновлены визуальные состояния. Диапазон: 2-7
 [DragBoundary] Обновлены визуальные состояния. Диапазон: 2-7
 [DragBoundary] Обновлены визуальные состояния. Диапазон: 2-7
 [DragBoundary] Обновлены визуальные состояния. Диапазон: 2-7
 [DragBoundary] Обновлены визуальные состояния. Диапазон: 2-7
 [DragBoundary] Обновлены визуальные состояния. Диапазон: 2-7
 [DragBoundary] Обновлены визуальные состояния. Диапазон: 2-7
 [DragBoundary] Обновлены визуальные состояния. Диапазон: 2-7
 [DragBoundary] Обновлены визуальные состояния. Диапазон: 2-7
 [DragBoundary] Обновлены визуальные состояния. Диапазон: 2-7
 [DragBoundary] Обновлены визуальные состояния. Диапазон: 2-7
 [DragBoundary] Обновлены визуальные состояния. Диапазон: 2-7
 [DragBoundary] Обновлены визуальные состояния. Диапазон: 2-7
 🔍 LOOP DIAGNOSTIC #680:
      Current: 65.606s
      Loop Range: 61.691s - 74.745s
      End Threshold: 74.695s
      Time Since Last Jump: 3.902s
      Audio State: playing
 ✅ LOOP SAFE: 9.1s until loop end
 [DragBoundary] Окончание перетаскивания
 [DragBoundary] Применение изменения: start -> 2
 [DragBoundary] Создание интерактивных линий границ
 [DragBoundary] Создана стартовая линия для строки 2
 [DragBoundary] Создана финишная линия для строки 7
 [DragBoundary] Обновлены визуальные состояния. Диапазон: 2-7
 [DragBoundary] Уведомляем BlockLoopControl об изменении границ
 BlockLoopControl: Границы изменены через drag: Object
 🎯 USER BOUNDARIES SET: hasUserDefinedBoundaries = true
 🎯 LOOP BOUNDARIES UPDATED FROM LINES: Lines 2-7 = 59.05s - 74.75s
 [DragBoundary] Новые границы: 2-7
 [DragBoundary] Перетаскивание завершено
 🔇 Глубокая тишина - очистка нот
 🛑 Принудительная остановка всех нот (deep_silence), активных: 1
 Key pressed: ShiftLeft
 Key pressed: Shift, key code: 16, waveform active: false
 LoopBlockManager: Shift key pressed, multiple selection mode active
 Key pressed: MetaLeft
 Key pressed: Meta, key code: 91, waveform active: false
 🔍 LOOP DIAGNOSTIC #690:
      Current: 66.053s
      Loop Range: 59.050s - 74.745s
      End Threshold: 74.695s
      Time Since Last Jump: 4.353s
      Audio State: playing
 ✅ LOOP SAFE: 8.7s until loop end
 LoopBlockManager: Shift key released, multiple selection mode deactivated
 🔍 LOOP DIAGNOSTIC #700:
      Current: 66.565s
      Loop Range: 59.050s - 74.745s
      End Threshold: 74.695s
      Time Since Last Jump: 4.863s
      Audio State: playing
 ✅ LOOP SAFE: 8.2s until loop end
 🚫 Блокирована очевидная гармоника: 502.9Hz (1.99x от 252.8Hz, ясность: 89.2%)
 Rehearsal: Line changing from 4 to 5
 Splitting block "Block 10" (9 lines) into 2 parts with ~5 lines each
   Part 1: lines 0-4 (5 lines)
   Part 2: lines 5-8 (4 lines)
 Rehearsal: Current line 4 belongs to block: block-1750947774333-0-djgo0ithvu Array(8)
 Rehearsal: New line 5 belongs to block: block-1750947774333-0-djgo0ithvu Array(8)
 Rehearsal: Same block (block-1750947774333-0-djgo0ithvu), updating active line from 4 to 5
 [SETACTIVE] Called with index 5. Current style: rehearsal
 Rehearsal mode: Setting active line 5
 Activating rehearsal line at index 5
 📡 BLOCK CHANGE EVENT received
    Current loop block: Block 1 (ID: block-1750947774333-0-djgo0ithvu)
    New active block: Block 1 (ID: block-1750947774333-0-djgo0ithvu)
    Loop is active: true
    Seeking in progress: false
 🎯 LOOP IS ACTIVE: Checking user boundaries
    DragBoundaryController exists: true
    DragBoundaryController is active: true
    Has user defined boundaries: true
 ✅ USER BOUNDARIES ACTIVE: Preserving loop regardless of block change
    User boundaries: Object
 BlockLoopControl: _createLoopButtonForCurrentBlock called
 BlockLoopControl: lyricsDisplay.currentActiveBlock: Object
 BlockLoopControl: lyricsDisplay.textBlocks: Array(15)
 BlockLoopControl: Создаем кнопку для активного блока репетиции: Block 1
 BlockLoopControl: _createLoopButton called for block: Block 1
 BlockLoopControl: Кнопка удалена, drag boundaries остаются активными
 BlockLoopControl: blockElement found: true
 [DragBoundary] Деактивация
 [DragBoundary] Деактивирован
 [DragBoundary] Активация для блока "Block 1"
 [DragBoundary] Создание интерактивных линий границ
 [DragBoundary] Создана стартовая линия для строки 0
 [DragBoundary] Создана финишная линия для строки 7
 [DragBoundary] Обновлены визуальные состояния. Диапазон: 0-7
 [DragBoundary] Активирован с границами 0-7
 BlockLoopControl: Кнопка создана для блока: Block 1
 🎯 Высокая ясность (90.5%) - принимаем возможную гармонику: 121.8Hz
 ✅ Октавный переход разрешен: 242.0Hz → 121.8Hz за 182мс (ratio: 0.50)
 🚫 Блокирована очевидная гармоника: 241.7Hz (1.98x от 121.8Hz, ясность: 81.4%)
 🚫 Октавный скачок заблокирован: 121.8Hz → 237.8Hz за 33мс (ratio: 1.95)
 🔍 LOOP DIAGNOSTIC #710:
      Current: 67.053s
      Loop Range: 59.050s - 74.745s
      End Threshold: 74.695s
      Time Since Last Jump: 5.35s
      Audio State: playing
 ✅ LOOP SAFE: 7.7s until loop end
 Key pressed: ShiftLeft
 Key pressed: Shift, key code: 16, waveform active: false
 LoopBlockManager: Shift key pressed, multiple selection mode active
 Key pressed: MetaLeft
 Key pressed: Meta, key code: 91, waveform active: false
 LoopBlockManager: Shift key released, multiple selection mode deactivated
 🔍 LOOP DIAGNOSTIC #720:
      Current: 67.563s
      Loop Range: 59.050s - 74.745s
      End Threshold: 74.695s
      Time Since Last Jump: 5.861s
      Audio State: playing
 ✅ LOOP SAFE: 7.2s until loop end
 ✅ AUTO RECOVERY: Loop health OK (check #730)
    Loop active: true
    Current time: 68.0s
    Loop range: 59.1s - 74.7s
 🚫 Блокирована очевидная гармоника: 430.0Hz (2.01x от 214.0Hz, ясность: 89.4%)
 🚫 Блокирована очевидная гармоника: 428.6Hz (2.00x от 214.0Hz, ясность: 76.9%)
 🔍 LOOP DIAGNOSTIC #740:
      Current: 68.504s
      Loop Range: 59.050s - 74.745s
      End Threshold: 74.695s
      Time Since Last Jump: 6.802s
      Audio State: playing
 ✅ LOOP SAFE: 6.2s until loop end
 🎯 Высокая ясность (95.7%) - принимаем возможную гармонику: 476.9Hz
 🚫 Октавный скачок заблокирован: 240.3Hz → 476.9Hz за 33мс (ratio: 1.99)
 ✅ Октавный переход разрешен: 240.3Hz → 472.6Hz за 49мс (ratio: 1.97)
 🎯 Высокая ясность (90.9%) - принимаем возможную гармонику: 232.2Hz
 🚫 Октавный скачок заблокирован: 470.5Hz → 232.2Hz за 34мс (ratio: 0.49)
 ✅ Октавный переход разрешен: 470.5Hz → 232.7Hz за 50мс (ratio: 0.49)
 🔍 LOOP DIAGNOSTIC #750:
      Current: 69.013s
      Loop Range: 59.050s - 74.745s
      End Threshold: 74.695s
      Time Since Last Jump: 7.31s
      Audio State: playing
 ✅ LOOP SAFE: 5.7s until loop end
 🚫 Блокирована очевидная гармоника: 237.1Hz (0.51x от 469.3Hz, ясность: 75.4%)
 ✅ Октавный переход разрешен: 469.3Hz → 243.5Hz за 80мс (ratio: 0.52)
 🚫 Блокирована очевидная гармоника: 506.4Hz (1.99x от 254.5Hz, ясность: 85.8%)
 Rehearsal: Line changing from 5 to 6
 Splitting block "Block 10" (9 lines) into 2 parts with ~5 lines each
   Part 1: lines 0-4 (5 lines)
   Part 2: lines 5-8 (4 lines)
 Rehearsal: Current line 5 belongs to block: block-1750947774333-0-djgo0ithvu Array(8)
 Rehearsal: New line 6 belongs to block: block-1750947774333-0-djgo0ithvu Array(8)
 Rehearsal: Same block (block-1750947774333-0-djgo0ithvu), updating active line from 5 to 6
 [SETACTIVE] Called with index 6. Current style: rehearsal
 Rehearsal mode: Setting active line 6
 Activating rehearsal line at index 6
 📡 BLOCK CHANGE EVENT received
    Current loop block: Block 1 (ID: block-1750947774333-0-djgo0ithvu)
    New active block: Block 1 (ID: block-1750947774333-0-djgo0ithvu)
    Loop is active: true
    Seeking in progress: false
 🎯 LOOP IS ACTIVE: Checking user boundaries
    DragBoundaryController exists: true
    DragBoundaryController is active: true
    Has user defined boundaries: true
 ✅ USER BOUNDARIES ACTIVE: Preserving loop regardless of block change
    User boundaries: Object
 BlockLoopControl: _createLoopButtonForCurrentBlock called
 BlockLoopControl: lyricsDisplay.currentActiveBlock: Object
 BlockLoopControl: lyricsDisplay.textBlocks: Array(15)
 BlockLoopControl: Создаем кнопку для активного блока репетиции: Block 1
 BlockLoopControl: _createLoopButton called for block: Block 1
 BlockLoopControl: Кнопка удалена, drag boundaries остаются активными
 BlockLoopControl: blockElement found: true
 [DragBoundary] Деактивация
 [DragBoundary] Деактивирован
 [DragBoundary] Активация для блока "Block 1"
 [DragBoundary] Создание интерактивных линий границ
 [DragBoundary] Создана стартовая линия для строки 0
 [DragBoundary] Создана финишная линия для строки 7
 [DragBoundary] Обновлены визуальные состояния. Диапазон: 0-7
 [DragBoundary] Активирован с границами 0-7
 BlockLoopControl: Кнопка создана для блока: Block 1
 🔍 LOOP DIAGNOSTIC #760:
      Current: 69.578s
      Loop Range: 59.050s - 74.745s
      End Threshold: 74.695s
      Time Since Last Jump: 7.875s
      Audio State: playing
 ✅ LOOP SAFE: 5.2s until loop end
 ✅ AUTO RECOVERY: Loop health OK (check #770)
    Loop active: true
    Current time: 70.0s
    Loop range: 59.1s - 74.7s
 🔍 LOOP DIAGNOSTIC #780:
      Current: 70.501s
      Loop Range: 59.050s - 74.745s
      End Threshold: 74.695s
      Time Since Last Jump: 8.798s
      Audio State: playing
 ✅ LOOP SAFE: 4.2s until loop end
 🔍 LOOP DIAGNOSTIC #790:
      Current: 71.000s
      Loop Range: 59.050s - 74.745s
      End Threshold: 74.695s
      Time Since Last Jump: 9.299s
      Audio State: playing
 ✅ LOOP SAFE: 3.7s until loop end
 ✅ Октавный переход разрешен: 216.3Hz → 424.4Hz за 170мс (ratio: 1.96)
 🔍 LOOP DIAGNOSTIC #800:
      Current: 71.502s
      Loop Range: 59.050s - 74.745s
      End Threshold: 74.695s
      Time Since Last Jump: 9.801s
      Audio State: playing
 ✅ LOOP SAFE: 3.2s until loop end
 🔍 LOOP DIAGNOSTIC #810:
      Current: 72.002s
      Loop Range: 59.050s - 74.745s
      End Threshold: 74.695s
      Time Since Last Jump: 10.299s
      Audio State: playing
 ✅ LOOP SAFE: 2.7s until loop end
 🚫 Блокирована очевидная гармоника: 121.0Hz (0.50x от 241.2Hz, ясность: 89.9%)
 Rehearsal: Line changing from 6 to 7
 Splitting block "Block 10" (9 lines) into 2 parts with ~5 lines each
   Part 1: lines 0-4 (5 lines)
   Part 2: lines 5-8 (4 lines)
 Rehearsal: Current line 6 belongs to block: block-1750947774333-0-djgo0ithvu Array(8)
 Rehearsal: New line 7 belongs to block: block-1750947774333-0-djgo0ithvu Array(8)
 Rehearsal: Same block (block-1750947774333-0-djgo0ithvu), updating active line from 6 to 7
 [SETACTIVE] Called with index 7. Current style: rehearsal
 Rehearsal mode: Setting active line 7
 Activating rehearsal line at index 7
 📡 BLOCK CHANGE EVENT received
    Current loop block: Block 1 (ID: block-1750947774333-0-djgo0ithvu)
    New active block: Block 1 (ID: block-1750947774333-0-djgo0ithvu)
    Loop is active: true
    Seeking in progress: false
 🎯 LOOP IS ACTIVE: Checking user boundaries
    DragBoundaryController exists: true
    DragBoundaryController is active: true
    Has user defined boundaries: true
 ✅ USER BOUNDARIES ACTIVE: Preserving loop regardless of block change
    User boundaries: Object
 BlockLoopControl: _createLoopButtonForCurrentBlock called
 BlockLoopControl: lyricsDisplay.currentActiveBlock: Object
 BlockLoopControl: lyricsDisplay.textBlocks: Array(15)
 BlockLoopControl: Создаем кнопку для активного блока репетиции: Block 1
 BlockLoopControl: _createLoopButton called for block: Block 1
 BlockLoopControl: Кнопка удалена, drag boundaries остаются активными
 BlockLoopControl: blockElement found: true
 [DragBoundary] Деактивация
 [DragBoundary] Деактивирован
 [DragBoundary] Активация для блока "Block 1"
 [DragBoundary] Создание интерактивных линий границ
 [DragBoundary] Создана стартовая линия для строки 0
 [DragBoundary] Создана финишная линия для строки 7
 [DragBoundary] Обновлены визуальные состояния. Диапазон: 0-7
 [DragBoundary] Активирован с границами 0-7
 BlockLoopControl: Кнопка создана для блока: Block 1
 🔍 LOOP DIAGNOSTIC #820:
      Current: 72.450s
      Loop Range: 59.050s - 74.745s
      End Threshold: 74.695s
      Time Since Last Jump: 10.748s
      Audio State: playing
 ✅ LOOP SAFE: 2.3s until loop end
 🔍 LOOP DIAGNOSTIC #830:
      Current: 72.950s
      Loop Range: 59.050s - 74.745s
      End Threshold: 74.695s
      Time Since Last Jump: 11.247s
      Audio State: playing
 ✅ LOOP SAFE: 1.8s until loop end
 🔍 LOOP DIAGNOSTIC #840:
      Current: 73.450s
      Loop Range: 59.050s - 74.745s
      End Threshold: 74.695s
      Time Since Last Jump: 11.748s
      Audio State: playing
 ✅ LOOP SAFE: 1.3s until loop end
 🔇 Глубокая тишина - очистка нот
 🛑 Принудительная остановка всех нот (deep_silence), активных: 1
 🔍 LOOP DIAGNOSTIC #850:
      Current: 73.949s
      Loop Range: 59.050s - 74.745s
      End Threshold: 74.695s
      Time Since Last Jump: 12.247s
      Audio State: playing
 🔍 LOOP DIAGNOSTIC #860:
      Current: 74.400s
      Loop Range: 59.050s - 74.745s
      End Threshold: 74.695s
      Time Since Last Jump: 12.697s
      Audio State: playing
 🔇 Глубокая тишина - очистка нот
 🛑 Принудительная остановка всех нот (deep_silence), активных: 1
 🚨 LOOP END REACHED at 74.698s (threshold: 74.695s)
     Time since last jump: 13.0s
     Jump allowed: true (min interval: 1.5s)
     Currently seeking: false
 🎯 JUMP TARGET VALIDATION:
     Target time: 59.050s
     Target line: 2
     Current block lines: [0,1,2,3,4,5,6,7]
     Block contains target: true
 🔄 EXECUTING LOOP JUMP: 74.698s → 59.050s (target: 59.065s)
 🔒 SEEK STARTED: isSeekingInProgress = true
    Executing setCurrentTime(59.065)
    Time before seek: 74.698s
 ⏰ СИНХРО: Позиция установлена 59.07с
 Rehearsal: Line changing from 7 to 2
 Splitting block "Block 10" (9 lines) into 2 parts with ~5 lines each
   Part 1: lines 0-4 (5 lines)
   Part 2: lines 5-8 (4 lines)
 Rehearsal: Current line 7 belongs to block: block-1750947774333-0-djgo0ithvu Array(8)
 Rehearsal: New line 2 belongs to block: block-1750947774333-0-djgo0ithvu Array(8)
 Rehearsal: Same block (block-1750947774333-0-djgo0ithvu), updating active line from 7 to 2
 [SETACTIVE] Called with index 2. Current style: rehearsal
 Rehearsal mode: Setting active line 2
 Activating rehearsal line at index 2
 📡 BLOCK CHANGE EVENT received
    Current loop block: Block 1 (ID: block-1750947774333-0-djgo0ithvu)
    New active block: Block 1 (ID: block-1750947774333-0-djgo0ithvu)
    Loop is active: true
    Seeking in progress: true
 🔒 IGNORING BLOCK CHANGE: Seek in progress, this is likely caused by the loop jump
 🔒 LOOP CHECKS BLOCKED: Seek in progress for 47ms
 🔒 LOOP CHECKS BLOCKED: Seek in progress for 96ms
 🎯 Высокая ясность (91.0%) - принимаем возможную гармонику: 389.6Hz
 🚫 Октавный скачок заблокирован: 197.5Hz → 389.6Hz за 35мс (ratio: 1.97)
 🔒 LOOP CHECKS BLOCKED: Seek in progress for 146ms
 ✅ Октавный переход разрешен: 197.5Hz → 386.0Hz за 52мс (ratio: 1.95)
 🔒 LOOP CHECKS BLOCKED: Seek in progress for 195ms
 🔒 LOOP CHECKS BLOCKED: Seek in progress for 247ms
 🔒 LOOP CHECKS BLOCKED: Seek in progress for 296ms
 🔒 LOOP CHECKS BLOCKED: Seek in progress for 346ms
 🔇 Глубокая тишина - очистка нот
 🛑 Принудительная остановка всех нот (deep_silence), активных: 1
 🔒 LOOP CHECKS BLOCKED: Seek in progress for 419ms
 [DragBoundary] Начато перетаскивание end линии
 [DragBoundary] Drag начат для end границы
 🔒 LOOP CHECKS BLOCKED: Seek in progress for 511ms
 ⚠️ SEEK TIMEOUT: Forcing isSeekingInProgress = false after 500ms
(анонимная) @ block-loop-control.js:636
 [DragBoundary] Показан призрачный предпоказ для строки 7
 [DragBoundary] Обновлены визуальные состояния. Диапазон: 0-7
 [DragBoundary] Обновлены визуальные состояния. Диапазон: 0-7
 [DragBoundary] Показан призрачный предпоказ для строки 6
 [DragBoundary] Обновлены визуальные состояния. Диапазон: 0-6
 [DragBoundary] Показан призрачный предпоказ для строки 5
 [DragBoundary] Обновлены визуальные состояния. Диапазон: 0-5
 [DragBoundary] Показан призрачный предпоказ для строки 4
 [DragBoundary] Обновлены визуальные состояния. Диапазон: 0-4
 [DragBoundary] Обновлены визуальные состояния. Диапазон: 0-4
 [DragBoundary] Обновлены визуальные состояния. Диапазон: 0-4
 🔍 LOOP DIAGNOSTIC #880:
      Current: 59.855s
      Loop Range: 59.050s - 74.745s
      End Threshold: 74.695s
      Time Since Last Jump: 0.789s
      Audio State: playing
 ✅ LOOP SAFE: 14.9s until loop end
 [DragBoundary] Обновлены визуальные состояния. Диапазон: 0-4
 [DragBoundary] Обновлены визуальные состояния. Диапазон: 0-4
 [DragBoundary] Обновлены визуальные состояния. Диапазон: 0-4
 [DragBoundary] Обновлены визуальные состояния. Диапазон: 0-4
 [DragBoundary] Обновлены визуальные состояния. Диапазон: 0-4
 [DragBoundary] Обновлены визуальные состояния. Диапазон: 0-4
 [DragBoundary] Обновлены визуальные состояния. Диапазон: 0-4
 [DragBoundary] Обновлены визуальные состояния. Диапазон: 0-4
 [DragBoundary] Показан призрачный предпоказ для строки 3
 [DragBoundary] Обновлены визуальные состояния. Диапазон: 0-3
 [DragBoundary] Обновлены визуальные состояния. Диапазон: 0-3
 [DragBoundary] Обновлены визуальные состояния. Диапазон: 0-3
 [DragBoundary] Обновлены визуальные состояния. Диапазон: 0-3
 [DragBoundary] Обновлены визуальные состояния. Диапазон: 0-3
 [DragBoundary] Обновлены визуальные состояния. Диапазон: 0-3
 [DragBoundary] Обновлены визуальные состояния. Диапазон: 0-3
 [DragBoundary] Обновлены визуальные состояния. Диапазон: 0-3
 [DragBoundary] Обновлены визуальные состояния. Диапазон: 0-3
 [DragBoundary] Обновлены визуальные состояния. Диапазон: 0-3
 🔍 LOOP DIAGNOSTIC #890:
      Current: 60.405s
      Loop Range: 59.050s - 74.745s
      End Threshold: 74.695s
      Time Since Last Jump: 1.337s
      Audio State: playing
 ✅ LOOP SAFE: 14.3s until loop end
 [DragBoundary] Окончание перетаскивания
 [DragBoundary] Применение изменения: end -> 3
 [DragBoundary] Создание интерактивных линий границ
 [DragBoundary] Создана стартовая линия для строки 0
 [DragBoundary] Создана финишная линия для строки 3
 [DragBoundary] Обновлены визуальные состояния. Диапазон: 0-3
 [DragBoundary] Уведомляем BlockLoopControl об изменении границ
 BlockLoopControl: Границы изменены через drag: Object
 🎯 USER BOUNDARIES SET: hasUserDefinedBoundaries = true
 🎯 LOOP BOUNDARIES UPDATED FROM LINES: Lines 0-3 = 53.96s - 64.28s
 [DragBoundary] Новые границы: 0-3
 [DragBoundary] Перетаскивание завершено
 🔍 LOOP DIAGNOSTIC #900:
      Current: 60.905s
      Loop Range: 53.959s - 64.280s
      End Threshold: 64.230s
      Time Since Last Jump: 1.838s
      Audio State: playing
 ✅ LOOP SAFE: 3.4s until loop end
 🚫 Октавный скачок заблокирован: 232.4Hz → 475.2Hz за 19мс (ratio: 2.05)
 🚫 Октавный скачок заблокирован: 232.4Hz → 474.7Hz за 33мс (ratio: 2.04)
 🚫 Блокирована очевидная гармоника: 230.4Hz (0.49x от 474.7Hz, ясность: 89.5%)
 🎯 Высокая ясность (92.5%) - принимаем возможную гармонику: 431.6Hz
 ✅ Октавный переход разрешен: 217.4Hz → 431.6Hz за 68мс (ratio: 1.99)
 🎯 Высокая ясность (95.9%) - принимаем возможную гармонику: 215.8Hz
 ✅ Октавный переход разрешен: 432.3Hz → 215.8Hz за 65мс (ratio: 0.50)
 🔍 LOOP DIAGNOSTIC #910:
      Current: 61.404s
      Loop Range: 53.959s - 64.280s
      End Threshold: 64.230s
      Time Since Last Jump: 2.339s
      Audio State: playing
 ✅ LOOP SAFE: 2.9s until loop end
 Rehearsal: Line changing from 2 to 3
 Splitting block "Block 10" (9 lines) into 2 parts with ~5 lines each
   Part 1: lines 0-4 (5 lines)
   Part 2: lines 5-8 (4 lines)
 Rehearsal: Current line 2 belongs to block: block-1750947774333-0-djgo0ithvu Array(8)
 Rehearsal: New line 3 belongs to block: block-1750947774333-0-djgo0ithvu Array(8)
 Rehearsal: Same block (block-1750947774333-0-djgo0ithvu), updating active line from 2 to 3
 [SETACTIVE] Called with index 3. Current style: rehearsal
 Rehearsal mode: Setting active line 3
 Activating rehearsal line at index 3
 📡 BLOCK CHANGE EVENT received
    Current loop block: Block 1 (ID: block-1750947774333-0-djgo0ithvu)
    New active block: Block 1 (ID: block-1750947774333-0-djgo0ithvu)
    Loop is active: true
    Seeking in progress: false
 ✅ SEEK BUFFER EXPIRED: 2168ms since seek, processing block change
 🎯 LOOP IS ACTIVE: Checking user boundaries
    DragBoundaryController exists: true
    DragBoundaryController is active: true
    Has user defined boundaries: true
 ✅ USER BOUNDARIES ACTIVE: Preserving loop regardless of block change
    User boundaries: Object
 BlockLoopControl: _createLoopButtonForCurrentBlock called
 BlockLoopControl: lyricsDisplay.currentActiveBlock: Object
 BlockLoopControl: lyricsDisplay.textBlocks: Array(15)
 BlockLoopControl: Создаем кнопку для активного блока репетиции: Block 1
 BlockLoopControl: _createLoopButton called for block: Block 1
 BlockLoopControl: Кнопка удалена, drag boundaries остаются активными
 BlockLoopControl: blockElement found: true
 [DragBoundary] Деактивация
 [DragBoundary] Деактивирован
 [DragBoundary] Активация для блока "Block 1"
 [DragBoundary] Создание интерактивных линий границ
 [DragBoundary] Создана стартовая линия для строки 0
 [DragBoundary] Создана финишная линия для строки 7
 [DragBoundary] Обновлены визуальные состояния. Диапазон: 0-7
 [DragBoundary] Активирован с границами 0-7
 BlockLoopControl: Кнопка создана для блока: Block 1
 ✅ Октавный переход разрешен: 203.3Hz → 399.7Hz за 53мс (ratio: 1.97)
 🔍 LOOP DIAGNOSTIC #920:
      Current: 61.904s
      Loop Range: 53.959s - 64.280s
      End Threshold: 64.230s
      Time Since Last Jump: 2.839s
      Audio State: playing
 ✅ LOOP SAFE: 2.4s until loop end
 🔇 Глубокая тишина - очистка нот
 🛑 Принудительная остановка всех нот (deep_silence), активных: 1
 🚫 Блокирована очевидная гармоника: 204.3Hz (0.51x от 399.7Hz, ясность: 73.4%)
 ✅ AUTO RECOVERY: Loop health OK (check #930)
    Loop active: true
    Current time: 62.4s
    Loop range: 54.0s - 64.3s
 🔍 LOOP DIAGNOSTIC #940:
      Current: 62.856s
      Loop Range: 53.959s - 64.280s
      End Threshold: 64.230s
      Time Since Last Jump: 3.789s
      Audio State: playing
 ✅ LOOP SAFE: 1.4s until loop end
 ✅ Октавный переход разрешен: 220.4Hz → 448.2Hz за 136мс (ratio: 2.03)
 🔍 LOOP DIAGNOSTIC #950:
      Current: 63.355s
      Loop Range: 53.959s - 64.280s
      End Threshold: 64.230s
      Time Since Last Jump: 4.288s
      Audio State: playing
 🚫 Октавный скачок заблокирован: 858.3Hz → 271.4Hz за 34мс (ratio: 0.32)
 ✅ Октавный переход разрешен: 858.3Hz → 234.8Hz за 61мс (ratio: 0.27)
 🔍 LOOP DIAGNOSTIC #960:
      Current: 63.854s
      Loop Range: 53.959s - 64.280s
      End Threshold: 64.230s
      Time Since Last Jump: 4.787s
      Audio State: playing
 🚨 LOOP END REACHED at 64.295s (threshold: 64.230s)
     Time since last jump: 5.2s
     Jump allowed: true (min interval: 1.5s)
     Currently seeking: false
 🎯 JUMP TARGET VALIDATION:
     Target time: 53.959s
     Target line: 0
     Current block lines: [0,1,2,3,4,5,6,7]
     Block contains target: true
 🔄 EXECUTING LOOP JUMP: 64.295s → 53.959s (target: 53.974s)
 🔒 SEEK STARTED: isSeekingInProgress = true
    Executing setCurrentTime(53.974)
    Time before seek: 64.295s
 ⏰ СИНХРО: Позиция установлена 53.97с
 Rehearsal: Line changing from 3 to 0
 Splitting block "Block 10" (9 lines) into 2 parts with ~5 lines each
   Part 1: lines 0-4 (5 lines)
   Part 2: lines 5-8 (4 lines)
 Rehearsal: Current line 3 belongs to block: block-1750947774333-0-djgo0ithvu Array(8)
 Rehearsal: New line 0 belongs to block: block-1750947774333-0-djgo0ithvu Array(8)
 Rehearsal: Same block (block-1750947774333-0-djgo0ithvu), updating active line from 3 to 0
 [SETACTIVE] Called with index 0. Current style: rehearsal
 Rehearsal mode: Setting active line 0
 Activating rehearsal line at index 0
 📡 BLOCK CHANGE EVENT received
    Current loop block: Block 1 (ID: block-1750947774333-0-djgo0ithvu)
    New active block: Block 1 (ID: block-1750947774333-0-djgo0ithvu)
    Loop is active: true
    Seeking in progress: true
 🔒 IGNORING BLOCK CHANGE: Seek in progress, this is likely caused by the loop jump
 🔒 LOOP CHECKS BLOCKED: Seek in progress for 41ms
 🔒 LOOP CHECKS BLOCKED: Seek in progress for 65ms
 🔒 LOOP CHECKS BLOCKED: Seek in progress for 105ms
 🔒 LOOP CHECKS BLOCKED: Seek in progress for 193ms
 🔒 LOOP CHECKS BLOCKED: Seek in progress for 212ms
 🔇 Глубокая тишина - очистка нот
 🛑 Принудительная остановка всех нот (deep_silence), активных: 1
 🔒 LOOP CHECKS BLOCKED: Seek in progress for 256ms
 🔒 LOOP CHECKS BLOCKED: Seek in progress for 301ms
 🔒 LOOP CHECKS BLOCKED: Seek in progress for 351ms
 🔒 LOOP CHECKS BLOCKED: Seek in progress for 402ms
 🔒 LOOP CHECKS BLOCKED: Seek in progress for 452ms
 🔒 LOOP CHECKS BLOCKED: Seek in progress for 501ms
 ⚠️ SEEK TIMEOUT: Forcing isSeekingInProgress = false after 500ms
(анонимная) @ block-loop-control.js:636
 🔍 LOOP DIAGNOSTIC #980:
      Current: 54.500s
      Loop Range: 53.959s - 64.280s
      End Threshold: 64.230s
      Time Since Last Jump: 0.525s
      Audio State: playing
 ✅ LOOP SAFE: 9.8s until loop end
 [DragBoundary] Начато перетаскивание start линии
 [DragBoundary] Drag начат для start границы
 🔍 LOOP DIAGNOSTIC #990:
      Current: 55.051s
      Loop Range: 53.959s - 64.280s
      End Threshold: 64.230s
      Time Since Last Jump: 1.076s
      Audio State: playing
 ✅ LOOP SAFE: 9.2s until loop end
 🔇 Глубокая тишина - очистка нот
 🛑 Принудительная остановка всех нот (deep_silence), активных: 1
 [DragBoundary] Показан призрачный предпоказ для строки 0
 [DragBoundary] Обновлены визуальные состояния. Диапазон: 0-7
 [DragBoundary] Обновлены визуальные состояния. Диапазон: 0-7
 [DragBoundary] Обновлены визуальные состояния. Диапазон: 0-7
 [DragBoundary] Показан призрачный предпоказ для строки 1
 [DragBoundary] Обновлены визуальные состояния. Диапазон: 1-7
 [DragBoundary] Обновлены визуальные состояния. Диапазон: 1-7
 [DragBoundary] Обновлены визуальные состояния. Диапазон: 1-7
 [DragBoundary] Обновлены визуальные состояния. Диапазон: 1-7
 [DragBoundary] Обновлены визуальные состояния. Диапазон: 1-7
 🔍 LOOP DIAGNOSTIC #1000:
      Current: 55.649s
      Loop Range: 53.959s - 64.280s
      End Threshold: 64.230s
      Time Since Last Jump: 1.674s
      Audio State: playing
 ✅ LOOP SAFE: 8.6s until loop end
 [DragBoundary] Обновлены визуальные состояния. Диапазон: 1-7
 [DragBoundary] Окончание перетаскивания
 [DragBoundary] Применение изменения: start -> 1
 [DragBoundary] Создание интерактивных линий границ
 [DragBoundary] Создана стартовая линия для строки 1
 [DragBoundary] Создана финишная линия для строки 7
 [DragBoundary] Обновлены визуальные состояния. Диапазон: 1-7
 [DragBoundary] Уведомляем BlockLoopControl об изменении границ
 BlockLoopControl: Границы изменены через drag: Object
 🎯 USER BOUNDARIES SET: hasUserDefinedBoundaries = true
 🎯 LOOP BOUNDARIES UPDATED FROM LINES: Lines 1-7 = 56.51s - 74.75s
 [DragBoundary] Новые границы: 1-7
 [DragBoundary] Перетаскивание завершено
 🔍 LOOP DIAGNOSTIC #1010:
      Current: 56.098s
      Loop Range: 56.512s - 74.745s
      End Threshold: 74.695s
      Time Since Last Jump: 2.123s
      Audio State: playing
 ✅ LOOP SAFE: 18.6s until loop end
 🚫 Октавный скачок заблокирован: 210.1Hz → 413.8Hz за 15мс (ratio: 1.97)
 🚫 Октавный скачок заблокирован: 210.1Hz → 406.4Hz за 31мс (ratio: 1.93)
 Rehearsal: Line changing from 0 to 1
 Splitting block "Block 10" (9 lines) into 2 parts with ~5 lines each
   Part 1: lines 0-4 (5 lines)
   Part 2: lines 5-8 (4 lines)
rtf-parser.js:849 Rehearsal: Current line 0 belongs to block: block-1750947774333-0-djgo0ithvu Array(8)
rtf-parser.js:849 Rehearsal: New line 1 belongs to block: block-1750947774333-0-djgo0ithvu Array(8)
rtf-parser.js:849 Rehearsal: Same block (block-1750947774333-0-djgo0ithvu), updating active line from 0 to 1
rtf-parser.js:849 [SETACTIVE] Called with index 1. Current style: rehearsal
rtf-parser.js:849 Rehearsal mode: Setting active line 1
rtf-parser.js:849 Activating rehearsal line at index 1
rtf-parser.js:849 📡 BLOCK CHANGE EVENT received
rtf-parser.js:849    Current loop block: Block 1 (ID: block-1750947774333-0-djgo0ithvu)
rtf-parser.js:849    New active block: Block 1 (ID: block-1750947774333-0-djgo0ithvu)
rtf-parser.js:849    Loop is active: true
rtf-parser.js:849    Seeking in progress: false
rtf-parser.js:849 ✅ SEEK BUFFER EXPIRED: 2082ms since seek, processing block change
rtf-parser.js:849 🎯 LOOP IS ACTIVE: Checking user boundaries
rtf-parser.js:849    DragBoundaryController exists: true
rtf-parser.js:849    DragBoundaryController is active: true
rtf-parser.js:849    Has user defined boundaries: true
rtf-parser.js:849 ✅ USER BOUNDARIES ACTIVE: Preserving loop regardless of block change
rtf-parser.js:849    User boundaries: Object
rtf-parser.js:849 BlockLoopControl: _createLoopButtonForCurrentBlock called
rtf-parser.js:849 BlockLoopControl: lyricsDisplay.currentActiveBlock: Object
rtf-parser.js:849 BlockLoopControl: lyricsDisplay.textBlocks: Array(15)
rtf-parser.js:849 BlockLoopControl: Создаем кнопку для активного блока репетиции: Block 1
rtf-parser.js:849 BlockLoopControl: _createLoopButton called for block: Block 1
rtf-parser.js:849 BlockLoopControl: Кнопка удалена, drag boundaries остаются активными
rtf-parser.js:849 BlockLoopControl: blockElement found: true
rtf-parser.js:849 [DragBoundary] Деактивация
rtf-parser.js:849 [DragBoundary] Деактивирован
rtf-parser.js:849 [DragBoundary] Активация для блока "Block 1"
rtf-parser.js:849 [DragBoundary] Создание интерактивных линий границ
rtf-parser.js:849 [DragBoundary] Создана стартовая линия для строки 0
rtf-parser.js:849 [DragBoundary] Создана финишная линия для строки 7
rtf-parser.js:849 [DragBoundary] Обновлены визуальные состояния. Диапазон: 0-7
rtf-parser.js:849 [DragBoundary] Активирован с границами 0-7
rtf-parser.js:849 BlockLoopControl: Кнопка создана для блока: Block 1
rtf-parser.js:849 🔍 LOOP DIAGNOSTIC #1020:
rtf-parser.js:849      Current: 56.609s
rtf-parser.js:849      Loop Range: 56.512s - 74.745s
rtf-parser.js:849      End Threshold: 74.695s
rtf-parser.js:849      Time Since Last Jump: 2.636s
rtf-parser.js:849      Audio State: playing
rtf-parser.js:849 ✅ LOOP SAFE: 18.1s until loop end
rtf-parser.js:849 🎯 Высокая ясность (95.7%) - принимаем возможную гармонику: 191.5Hz
rtf-parser.js:849 ✅ Октавный переход разрешен: 381.9Hz → 191.5Hz за 76мс (ratio: 0.50)
rtf-parser.js:849 🎯 Высокая ясность (92.7%) - принимаем возможную гармонику: 491.6Hz
rtf-parser.js:849 ✅ Октавный переход разрешен: 246.5Hz → 491.6Hz за 63мс (ratio: 1.99)
rtf-parser.js:849 🎯 Высокая ясность (99.3%) - принимаем возможную гармонику: 245.4Hz
rtf-parser.js:849 🚫 Октавный скачок заблокирован: 493.9Hz → 245.4Hz за 34мс (ratio: 0.50)
rtf-parser.js:849 ✅ Октавный переход разрешен: 493.9Hz → 245.2Hz за 48мс (ratio: 0.50)
rtf-parser.js:849 🔍 LOOP DIAGNOSTIC #1030:
rtf-parser.js:849      Current: 57.100s
rtf-parser.js:849      Loop Range: 56.512s - 74.745s
rtf-parser.js:849      End Threshold: 74.695s
rtf-parser.js:849      Time Since Last Jump: 3.123s
rtf-parser.js:849      Audio State: playing
rtf-parser.js:849 ✅ LOOP SAFE: 17.6s until loop end
rtf-parser.js:849 🔍 LOOP DIAGNOSTIC #1040:
rtf-parser.js:849      Current: 57.600s
rtf-parser.js:849      Loop Range: 56.512s - 74.745s
rtf-parser.js:849      End Threshold: 74.695s
rtf-parser.js:849      Time Since Last Jump: 3.626s
rtf-parser.js:849      Audio State: playing
rtf-parser.js:849 ✅ LOOP SAFE: 17.1s until loop end
rtf-parser.js:849 🔇 Глубокая тишина - очистка нот
rtf-parser.js:849 🛑 Принудительная остановка всех нот (deep_silence), активных: 1
rtf-parser.js:849 🔍 LOOP DIAGNOSTIC #1050:
rtf-parser.js:849      Current: 58.101s
rtf-parser.js:849      Loop Range: 56.512s - 74.745s
rtf-parser.js:849      End Threshold: 74.695s
rtf-parser.js:849      Time Since Last Jump: 4.131s
rtf-parser.js:849      Audio State: playing
rtf-parser.js:849 ✅ LOOP SAFE: 16.6s until loop end
rtf-parser.js:849 Key pressed: Space
rtf-parser.js:849 Space bar pressed, toggling playback
rtf-parser.js:849 ⏸️ ИНСТРУМЕНТАЛ: Пауза
rtf-parser.js:849 ⏸️ ВОКАЛ: Пауза
rtf-parser.js:849 isPlaying property set to: false
rtf-parser.js:849 Key pressed:  , key code: 32, waveform active: false
rtf-parser.js:849 🔍 LOOP DIAGNOSTIC #1060:
rtf-parser.js:849      Current: 58.220s
rtf-parser.js:849      Loop Range: 56.512s - 74.745s
rtf-parser.js:849      End Threshold: 74.695s
rtf-parser.js:849      Time Since Last Jump: 4.623s
rtf-parser.js:849      Audio State: paused
rtf-parser.js:849 ✅ LOOP SAFE: 16.5s until loop end
rtf-parser.js:849 Key pressed: AltLeft
rtf-parser.js:849 Key pressed: Alt, key code: 18, waveform active: false
rtf-parser.js:849 Key pressed: MetaLeft
rtf-parser.js:849 Key pressed: Meta, key code: 91, waveform active: false
rtf-parser.js:849 🔍 LOOP DIAGNOSTIC #1070:
rtf-parser.js:849      Current: 58.220s
rtf-parser.js:849      Loop Range: 56.512s - 74.745s
rtf-parser.js:849      End Threshold: 74.695s
rtf-parser.js:849      Time Since Last Jump: 5.123s
rtf-parser.js:849      Audio State: paused
rtf-parser.js:849 ✅ LOOP SAFE: 16.5s until loop end
rtf-parser.js:849 Key pressed: KeyJ
rtf-parser.js:849 Key pressed: j, key code: 74, waveform active: false
rtf-parser.js:849 🔍 LOOP DIAGNOSTIC #1080:
rtf-parser.js:849      Current: 58.220s
rtf-parser.js:849      Loop Range: 56.512s - 74.745s
rtf-parser.js:849      End Threshold: 74.695s
rtf-parser.js:849      Time Since Last Jump: 5.723s
rtf-parser.js:849      Audio State: paused
rtf-parser.js:849 ✅ LOOP SAFE: 16.5s until loop end
rtf-parser.js:849 🔍 LOOP DIAGNOSTIC #1090:
rtf-parser.js:849      Current: 58.220s
rtf-parser.js:849      Loop Range: 56.512s - 74.745s
rtf-parser.js:849      End Threshold: 74.695s
rtf-parser.js:849      Time Since Last Jump: 6.177s
rtf-parser.js:849      Audio State: paused
rtf-parser.js:849 ✅ LOOP SAFE: 16.5s until loop end
rtf-parser.js:849 🔍 LOOP DIAGNOSTIC #1100:
rtf-parser.js:849      Current: 58.220s
rtf-parser.js:849      Loop Range: 56.512s - 74.745s
rtf-parser.js:849      End Threshold: 74.695s
rtf-parser.js:849      Time Since Last Jump: 6.68s
rtf-parser.js:849      Audio State: paused
rtf-parser.js:849 ✅ LOOP SAFE: 16.5s until loop end
waveform-editor.js:1458 WaveformEditor: Vocal audio data not available
_drawWaveformData @ waveform-editor.js:1458
rtf-parser.js:849 🔍 LOOP DIAGNOSTIC #1110:
rtf-parser.js:849      Current: 58.220s
rtf-parser.js:849      Loop Range: 56.512s - 74.745s
rtf-parser.js:849      End Threshold: 74.695s
rtf-parser.js:849      Time Since Last Jump: 7.423s
rtf-parser.js:849      Audio State: paused
rtf-parser.js:849 ✅ LOOP SAFE: 16.5s until loop end
rtf-parser.js:849 🔍 LOOP DIAGNOSTIC #1120:
rtf-parser.js:849      Current: 58.220s
rtf-parser.js:849      Loop Range: 56.512s - 74.745s
rtf-parser.js:849      End Threshold: 74.695s
rtf-parser.js:849      Time Since Last Jump: 7.922s
rtf-parser.js:849      Audio State: paused
rtf-parser.js:849 ✅ LOOP SAFE: 16.5s until loop end
rtf-parser.js:849 🔍 LOOP DIAGNOSTIC #1130:
rtf-parser.js:849      Current: 58.220s
rtf-parser.js:849      Loop Range: 56.512s - 74.745s
rtf-parser.js:849      End Threshold: 74.695s
rtf-parser.js:849      Time Since Last Jump: 9.124s
rtf-parser.js:849      Audio State: paused
rtf-parser.js:849 ✅ LOOP SAFE: 16.5s until loop end
rtf-parser.js:849 🔍 LOOP DIAGNOSTIC #1140:
rtf-parser.js:849      Current: 58.220s
rtf-parser.js:849      Loop Range: 56.512s - 74.745s
rtf-parser.js:849      End Threshold: 74.695s
rtf-parser.js:849      Time Since Last Jump: 9.68s
rtf-parser.js:849      Audio State: paused
rtf-parser.js:849 ✅ LOOP SAFE: 16.5s until loop end
rtf-parser.js:849 🔍 LOOP DIAGNOSTIC #1150:
rtf-parser.js:849      Current: 58.220s
rtf-parser.js:849      Loop Range: 56.512s - 74.745s
rtf-parser.js:849      End Threshold: 74.695s
rtf-parser.js:849      Time Since Last Jump: 10.177s
rtf-parser.js:849      Audio State: paused
rtf-parser.js:849 ✅ LOOP SAFE: 16.5s until loop end
rtf-parser.js:849 🔍 LOOP DIAGNOSTIC #1160:
rtf-parser.js:849      Current: 58.220s
rtf-parser.js:849      Loop Range: 56.512s - 74.745s
rtf-parser.js:849      End Threshold: 74.695s
rtf-parser.js:849      Time Since Last Jump: 10.818s
rtf-parser.js:849      Audio State: paused
rtf-parser.js:849 ✅ LOOP SAFE: 16.5s until loop end
rtf-parser.js:849 🔍 LOOP DIAGNOSTIC #1170:
rtf-parser.js:849      Current: 58.220s
rtf-parser.js:849      Loop Range: 56.512s - 74.745s
rtf-parser.js:849      End Threshold: 74.695s
rtf-parser.js:849      Time Since Last Jump: 11.29s
rtf-parser.js:849      Audio State: paused
rtf-parser.js:849 ✅ LOOP SAFE: 16.5s until loop end
rtf-parser.js:849 🔍 LOOP DIAGNOSTIC #1180:
rtf-parser.js:849      Current: 58.220s
rtf-parser.js:849      Loop Range: 56.512s - 74.745s
rtf-parser.js:849      End Threshold: 74.695s
rtf-parser.js:849      Time Since Last Jump: 11.875s
rtf-parser.js:849      Audio State: paused
rtf-parser.js:849 ✅ LOOP SAFE: 16.5s until loop end
rtf-parser.js:849 🔍 LOOP DIAGNOSTIC #1190:
rtf-parser.js:849      Current: 58.220s
rtf-parser.js:849      Loop Range: 56.512s - 74.745s
rtf-parser.js:849      End Threshold: 74.695s
rtf-parser.js:849      Time Since Last Jump: 12.324s
rtf-parser.js:849      Audio State: paused
 ✅ LOOP SAFE: 16.5s until loop end
 🔍 LOOP DIAGNOSTIC #1200:
      Current: 58.220s
      Loop Range: 56.512s - 74.745s
      End Threshold: 74.695s
      Time Since Last Jump: 12.827s
      Audio State: paused
 ✅ LOOP SAFE: 16.5s until loop end
 🔍 LOOP DIAGNOSTIC #1210:
      Current: 58.220s
      Loop Range: 56.512s - 74.745s
      End Threshold: 74.695s
      Time Since Last Jump: 13.324s
      Audio State: paused
 ✅ LOOP SAFE: 16.5s until loop end
 🔍 LOOP DIAGNOSTIC #1220:
      Current: 58.220s
      Loop Range: 56.512s - 74.745s
      End Threshold: 74.695s
      Time Since Last Jump: 13.828s
      Audio State: paused
 ✅ LOOP SAFE: 16.5s until loop end
 🔍 LOOP DIAGNOSTIC #1230:
      Current: 58.220s
      Loop Range: 56.512s - 74.745s
      End Threshold: 74.695s
      Time Since Last Jump: 14.287s
      Audio State: paused
 ✅ LOOP SAFE: 16.5s until loop end
 🔍 LOOP DIAGNOSTIC #1240:
      Current: 58.220s
      Loop Range: 56.512s - 74.745s
      End Threshold: 74.695s
      Time Since Last Jump: 14.923s
      Audio State: paused
 ✅ LOOP SAFE: 16.5s until loop end
 🔍 LOOP DIAGNOSTIC #1250:
      Current: 58.220s
      Loop Range: 56.512s - 74.745s
      End Threshold: 74.695s
      Time Since Last Jump: 15.48s
      Audio State: paused
 ✅ LOOP SAFE: 16.5s until loop end
 🔍 LOOP DIAGNOSTIC #1260:
      Current: 58.220s
      Loop Range: 56.512s - 74.745s
      End Threshold: 74.695s
      Time Since Last Jump: 15.932s
      Audio State: paused
 ✅ LOOP SAFE: 16.5s until loop end
 🔍 LOOP DIAGNOSTIC #1270:
      Current: 58.220s
      Loop Range: 56.512s - 74.745s
      End Threshold: 74.695s
      Time Since Last Jump: 16.439s
      Audio State: paused
 ✅ LOOP SAFE: 16.5s until loop end
 🔍 LOOP DIAGNOSTIC #1280:
      Current: 58.220s
      Loop Range: 56.512s - 74.745s
      End Threshold: 74.695s
      Time Since Last Jump: 16.99s
      Audio State: paused
 ✅ LOOP SAFE: 16.5s until loop end
 🔍 LOOP DIAGNOSTIC #1290:
      Current: 58.220s
      Loop Range: 56.512s - 74.745s
      End Threshold: 74.695s
      Time Since Last Jump: 17.564s
      Audio State: paused
 ✅ LOOP SAFE: 16.5s until loop end
 🔍 LOOP DIAGNOSTIC #1300:
      Current: 58.220s
      Loop Range: 56.512s - 74.745s
      End Threshold: 74.695s
      Time Since Last Jump: 18.05s
      Audio State: paused
 ✅ LOOP SAFE: 16.5s until loop end
 🔍 LOOP DIAGNOSTIC #1310:
      Current: 58.220s
      Loop Range: 56.512s - 74.745s
      End Threshold: 74.695s
      Time Since Last Jump: 18.555s
      Audio State: paused
 ✅ LOOP SAFE: 16.5s until loop end
 🔍 LOOP DIAGNOSTIC #1320:
      Current: 58.220s
      Loop Range: 56.512s - 74.745s
      End Threshold: 74.695s
      Time Since Last Jump: 19.165s
      Audio State: paused
 ✅ LOOP SAFE: 16.5s until loop end
 🔍 LOOP DIAGNOSTIC #1330:
      Current: 58.220s
      Loop Range: 56.512s - 74.745s
      End Threshold: 74.695s
      Time Since Last Jump: 19.765s
      Audio State: paused
 ✅ LOOP SAFE: 16.5s until loop end
 🔍 LOOP DIAGNOSTIC #1340:
      Current: 58.220s
      Loop Range: 56.512s - 74.745s
      End Threshold: 74.695s
      Time Since Last Jump: 20.242s
      Audio State: paused
 ✅ LOOP SAFE: 16.5s until loop end
 🔍 LOOP DIAGNOSTIC #1350:
      Current: 58.220s
      Loop Range: 56.512s - 74.745s
      End Threshold: 74.695s
      Time Since Last Jump: 20.831s
      Audio State: paused
 ✅ LOOP SAFE: 16.5s until loop end
 🔍 LOOP DIAGNOSTIC #1360:
      Current: 58.220s
      Loop Range: 56.512s - 74.745s
      End Threshold: 74.695s
      Time Since Last Jump: 21.431s
      Audio State: paused
 ✅ LOOP SAFE: 16.5s until loop end
 🔍 LOOP DIAGNOSTIC #1370:
      Current: 58.220s
      Loop Range: 56.512s - 74.745s
      End Threshold: 74.695s
      Time Since Last Jump: 22.066s
      Audio State: paused
 ✅ LOOP SAFE: 16.5s until loop end
 🔍 LOOP DIAGNOSTIC #1380:
      Current: 58.220s
      Loop Range: 56.512s - 74.745s
      End Threshold: 74.695s
      Time Since Last Jump: 22.575s
      Audio State: paused
 ✅ LOOP SAFE: 16.5s until loop end
 🔍 LOOP DIAGNOSTIC #1390:
      Current: 58.220s
      Loop Range: 56.512s - 74.745s
      End Threshold: 74.695s
      Time Since Last Jump: 23.032s
      Audio State: paused
 ✅ LOOP SAFE: 16.5s until loop end
 🔍 LOOP DIAGNOSTIC #1400:
      Current: 58.220s
      Loop Range: 56.512s - 74.745s
      End Threshold: 74.695s
      Time Since Last Jump: 23.598s
      Audio State: paused
 ✅ LOOP SAFE: 16.5s until loop end
 ✅ AUTO RECOVERY: Loop health OK (check #1410)
    Loop active: true
    Current time: 58.2s
    Loop range: 56.5s - 74.7s
 🔍 LOOP DIAGNOSTIC #1420:
      Current: 58.220s
      Loop Range: 56.512s - 74.745s
      End Threshold: 74.695s
      Time Since Last Jump: 24.623s
      Audio State: paused
 ✅ LOOP SAFE: 16.5s until loop end
 🔍 LOOP DIAGNOSTIC #1430:
      Current: 58.220s
      Loop Range: 56.512s - 74.745s
      End Threshold: 74.695s
      Time Since Last Jump: 25.126s
      Audio State: paused
 ✅ LOOP SAFE: 16.5s until loop end
 🔍 LOOP DIAGNOSTIC #1440:
      Current: 58.220s
      Loop Range: 56.512s - 74.745s
      End Threshold: 74.695s
      Time Since Last Jump: 25.643s
      Audio State: paused
 ✅ LOOP SAFE: 16.5s until loop end
 🔍 LOOP DIAGNOSTIC #1450:
      Current: 58.220s
      Loop Range: 56.512s - 74.745s
      End Threshold: 74.695s
      Time Since Last Jump: 26.073s
      Audio State: paused
 ✅ LOOP SAFE: 16.5s until loop end
 🔍 LOOP DIAGNOSTIC #1460:
      Current: 58.220s
      Loop Range: 56.512s - 74.745s
      End Threshold: 74.695s
      Time Since Last Jump: 26.627s
      Audio State: paused
 ✅ LOOP SAFE: 16.5s until loop end
 🔍 LOOP DIAGNOSTIC #1470:
      Current: 58.220s
      Loop Range: 56.512s - 74.745s
      End Threshold: 74.695s
      Time Since Last Jump: 27.131s
      Audio State: paused
 ✅ LOOP SAFE: 16.5s until loop end
