 🔧 DEBUG_CONFIG загружен. Используйте toggleDebugLogs(true) для включения логов
 📦 Utils module loaded
 StateManager initialized
 📦 StateManager module loaded
 🚀 AudioEngine (Hybrid Engine) - Гибридная архитектура восстановлена
 Space bar handler attached
 LyricsDisplay initialized
 RtfParserAdapter: Инициализация
 - EnhancedRtfProcessor доступен: true
 - Стандартный RtfParser доступен: true
 TrackCatalog initialized
 MarkerManager initialized
 WaveformEditor loaded
 🎨 Создаю кнопку выбора цвета, ColorService доступен: true
 🎨 ColorService найден, создаю схемы...
 🎨 Доступные схемы: 7
 WaveformEditor: Vocal audio data not available
_drawWaveformData @ waveform-editor.js:1458
 WaveformEditor initialized
 BlockLoopControl: Класс загружен
 RTF Parser Integration: Инициализация интеграции улучшенного RTF-парсера (после определения объекта)
 RTF Parser Integration: Начало интеграции
 RTF Parser Integration: TrackCatalog уже использует RtfParserAdapter если он доступен
 RTF Parser Integration: Интеграция завершена успешно
 🎹 Инициализация клавиатуры...
 TrackCatalog: _finalizeUploadFromBlockEditor CALLED - should be obsolete now.
 LiveFeed module loaded (placeholder)
 ✅ Pitchy библиотека загружена в beLive
 LiveMode: Автоматическая инициализация при загрузке документа
 LiveMode: Создание нового экземпляра
 LiveMode: Маски инициализированы без использования изображений
 LiveMode: getUserMedia поддерживается: true
 LiveMode: Безопасный контекст: true
 LiveMode: Определен localhost, разрешен HTTP
 LiveMode: Метод toggleStreaming не найден и не может быть привязан
(anonymous) @ live-mode.js:521
 LiveMode: Базовая инициализация завершена
 LiveMode: Предварительная инициализация камеры...
 LiveMode: экземпляр создан
 LiveFeed initialized
 DOM content loaded, waiting for components
 ✅ Pitchy готов для точной детекции
 🎹 Кнопка найдена
 🔗 Настройка интеграции для точной детекции...
 🎤 Статус для точной детекции: false
 🎯 КАЛИБРОВКА: A4 = 440.00Hz (должно быть 440.00Hz)
 🎹 Создано 48 клавиш для точной детекции
 🎹 Piano Keyboard инициализирован
 Загружено 1 треков из базы данных
 Application fully loaded, components initialized
 All components ready, initializing app...
 Initializing beLive App
 StateManager initialized
 StateManager component ready
 🎛️ ViewManager: Конструктор выполнен
 🔗 ViewManager: Инициализация с зависимостями
 ✅ ViewManager: Зависимости успешно подключены
 ViewManager component ready
 🎯 ViewManager: Инициализация обработчиков событий
 ✅ ViewManager: Обработчик кнопки аватара (основное приложение) подключен
 ✅ ViewManager: Обработчик кнопки аватара в Live Feed подключен
 ✅ ViewManager: Обработчик кнопки возврата подключен
 ✅ ViewManager: Обработчик кнопки beLIVE в Avatar Studio подключен
 🎵 ViewManager: Карусель треков инициализирована
 🎵 ViewManager: Карусель треков инициализирована
 🎯 ViewManager: Все обработчики событий готовы
 🎯 ViewManager event handlers initialized
 WordAlignerV2 not found, creating placeholder
App @ app.js:84
 LyricsDisplay: Setting style to Стандартный
 Rendering lyrics. Current style ID: default
 Applied style 'Стандартный'
 TextStyleManager: Проверка доступности LiveMode...
 TextStyleManager: Класс LiveMode найден, предварительная инициализация камеры...
 TextStyleManager: LiveMode уже инициализирован
 TextStyleManager initialized with 8 styles and 29 total transitions
 Text style manager initialized
 Initializing Microphone UI...
 Microphone UI initialized using existing DOM elements.
 LoopBlockManager: Checking audio initialization...
 LoopBlockManager: Audio buffer or context not available (check 0)
_checkAudioAndInitialize @ loopblock-manager.js:137
 LoopBlockManager: Initializing sync listeners
 LoopBlockManager: progressBarContainer found - width: 1050px, height: 10px, overflow: visible
 LoopBlockManager: progressBarContainer offsetWidth: 1050, offsetHeight: 10
 LoopBlockManager: progressBarContainer children: 3
 LoopBlockManager: Child 0: progress-bar-loaded, display: block, zIndex: 1
 LoopBlockManager: Child 1: progress-bar, display: block, zIndex: 2
 LoopBlockManager: Child 2: progress-tooltip, display: block, zIndex: 10
 LoopBlockManager initialized
 LoopBlockManager component ready
 [DragBoundary] Инициализирован с интерактивными линиями и предпоказом
 🎛️ BlockLoopControl initialized with seeking flag and seek buffer
 BlockLoopControl component ready
 🎭 MaskSystem: Инициализация продвинутой системы масок
 🎭 MaskSystem: Конструктор завершен
 🎭 MaskSystem создан
 🎭 MaskSystem component ready
 Initializing LoopBlock controls
 Audio not fully loaded yet, setting up delayed initialization
 🎭 MaskSystem: Обработчик кнопки подключен
 🚀 Инициализация Живой Ленты
 ✅ Живая Лента инициализирована
 🚀 Показываю Живую Ленту
 ✅ Живая Лента активирована
 beLive App initialized
 App initialized successfully
 🎭 MediaPipe: Начинаем загрузку библиотек...
 🎭 MediaPipe: Ожидание загрузки библиотек...
 🎭 MediaPipe: Все библиотеки загружены успешно
 🎭 MaskSystem: Официальный MediaPipe FaceMesh готов
 🏃 MaskSystem: MediaPipe Pose готов
 ✋ MaskSystem: MediaPipe Hands готов
 🤖 MaskSystem: MediaPipe Holistic готов
 🎨 MaskSystem: MediaPipe Selfie Segmentation готов
 🎭 MaskSystem: MediaPipe готов к использованию
 🎯 Background Effects Engine v2.0 инициализирован
 🔄 Инициализация Background Effects Engine...
 ✅ Background Effects Engine готов
 🎤 Запуск ТОЧНОГО анализа вокальной дорожки...
 🔊 Инициализация аудио для точной детекции...
 ✅ Используем audioEngine.audioContext
 ✅ Pitchy детектор готов для точной работы
 ✅ Подключен к ВОКАЛЬНОМУ узлу: GainNode
 ✅ ТОЧНЫЙ анализ запущен
 LiveMode: Запуск предварительной инициализации камеры
 LiveMode: Предварительная инициализация камеры...
 Проверка треков завершена успешно, проблем не обнаружено
 LoopBlockManager: Проверка доступности аудио (попытка 2/5)
 🎯 Начальная калибровка системы...
 🎯 ===== ЗАПУСК КАЛИБРОВОЧНЫХ ТЕСТОВ ПИТЧА =====
 📋 Тестируем расчет частот:
 ✅ C4: рассчитано=261.63Hz, ожидается=261.63Hz, ошибка=0.002%
 ✅ D4: рассчитано=293.66Hz, ожидается=293.66Hz, ошибка=0.002%
 ✅ E4: рассчитано=329.63Hz, ожидается=329.63Hz, ошибка=0.001%
 ✅ F4: рассчитано=349.23Hz, ожидается=349.23Hz, ошибка=0.001%
 ✅ G4: рассчитано=392.00Hz, ожидается=392Hz, ошибка=0.001%
 🎯 КАЛИБРОВКА: A4 = 440.00Hz (должно быть 440.00Hz)
 ✅ A4: рассчитано=440.00Hz, ожидается=440Hz, ошибка=0.000%
 ✅ B4: рассчитано=493.88Hz, ожидается=493.88Hz, ошибка=0.001%
 📋 Тестируем обратное преобразование:
 ✅ 261.63Hz → обнаружено="C4", ожидается="C4"
 ✅ 293.66Hz → обнаружено="D4", ожидается="D4"
 ✅ 329.63Hz → обнаружено="E4", ожидается="E4"
 ✅ 349.23Hz → обнаружено="F4", ожидается="F4"
 ✅ 392Hz → обнаружено="G4", ожидается="G4"
 ✅ 440Hz → обнаружено="A4", ожидается="A4"
 ✅ 493.88Hz → обнаружено="B4", ожидается="B4"
 📊 РЕЗУЛЬТАТЫ КАЛИБРОВКИ:
    Пройдено тестов: 14/14
    Процент успеха: 100.0%
    Средняя ошибка: 0.001%
 🎯 ✅ КАЛИБРОВКА ПИТЧА ПРОШЛА УСПЕШНО!
 🎯 ===== КАЛИБРОВОЧНЫЕ ТЕСТЫ ЗАВЕРШЕНЫ =====
 LiveMode: Доступ к камере получен при предварительной инициализации
 LiveMode: Получено 1 видеотреков. Активный: FaceTime HD Camera
 LiveMode: Предварительная инициализация камеры успешно завершена
 LoopBlockManager: Проверка доступности аудио (попытка 3/5)
 LiveMode: Доступ к камере получен при предварительной инициализации
 LiveMode: Получено 1 видеотреков. Активный: FaceTime HD Camera
 LiveMode: Предварительная инициализация камеры успешно завершена
 LiveMode: Предварительная инициализация камеры успешна
 LoopBlockManager: Аудио не загружено после 5 попыток. Для работы функций зацикливания необходимо загрузить аудиофайл.
_checkAudioAgain @ loopblock-manager.js:219
 🚀 Быстрый переход в режим: karaoke
 Switching to karaoke mode
 App: Сохраняем предыдущий режим: concert
 Activating karaoke mode
 Applying style: Караоке with scale 1.20
 TextStyleManager: Scaled font size from 1.4em to 1.68em
 LyricsDisplay: Setting style to Караоке
 [KARAOKE] DOM not found or empty in _renderLyrics, creating it.
 TextStyleManager: Scaled font size from 1.4em to 1.68em
 Applied style class to lyrics-container: style-karaoke
 Karaoke Background Manager: Starting slideshow...
 🚀 Скрываю Живую Ленту
 ✅ Возврат в классический зал
 🎨 _hideColorDropdown вызван
 ✅ Karaoke Background Manager: SUCCESSFULLY set background to Karaoke/pexels-capturexpression-26530062.jpg
 TrackCatalog: openCatalog() called
 TrackCatalog: catalogContainer exists: true
 TrackCatalog: catalogContainer classes before: hidden
 TrackCatalog: catalogContainer classes after: 
 TrackCatalog: Catalog should now be visible
 🎨 _hideColorDropdown вызван
 🔄 Loading track: "Linkin Park-New Divide"
 🔄 StateManager: Starting HARD RESET of all components
 1. Resetting AudioEngine...
 AudioEngine: Starting reset...
 isPlaying property set to: false
 ⏹️ ГИБРИД: Остановлен и сброшен
 🧹 СПРИНТЕР: Ресурсы очищены
 AudioEngine: Reset completed successfully
 ✅ AudioEngine reset complete
 2. Resetting LyricsDisplay...
 💥 LyricsDisplay: Performing full reset.
 ✅ LyricsDisplay: Full reset complete. All lyric data and DOM elements cleared.
 ✅ LyricsDisplay full reset complete
 3. Resetting TextStyleManager...
 💥 TextStyleManager: Full reset initiated.
 ✅ TextStyleManager: Reset complete. All states and caches cleared.
 ✅ TextStyleManager reset complete.
 🎉 StateManager: HARD RESET completed successfully
 ✅ All components ready for new track
 ⏱️ HARD_RESET_TIME: 53.8818359375 ms
 TrackCatalog: Set waveformEditor.lastLoadedFile to Linkin Park-New Divide.rtf
 TrackCatalog: Set waveformEditor.currentTrackId to 1752615976448
 TrackCatalog: Found 7 blocks. Preparing them for rendering after audio load.
 LyricsDisplay: Loading 7 imported blocks.
 Block 0 loaded: id="block-1752617259184-0-7rscsr8ixzs", name="Block 1", lines=8
 Block 1 loaded: id="1", name="Block 2", lines=10
 Block 2 loaded: id="2", name="Block 3", lines=8
 Block 3 loaded: id="3", name="Block 4", lines=6
 Block 4 loaded: id="4", name="Block 5", lines=6
 Block 5 loaded: id="5", name="Block 6", lines=5
 Block 6 loaded: id="6", name="Block 7", lines=7
 LyricsDisplay: Skipping render as requested by shouldRender=false
 LyricsDisplay: Successfully loaded 7 blocks, total lyric lines: 50.
 LyricsDisplay: Updated marker colors after loading blocks
 ⏱️ LYRICS_PREPARE_TIME: 6.47900390625 ms
 ⏱️ BLOB_CREATION_TIME: 98.81591796875 ms
 🚀 ГИБРИД: Загрузка двойного потока
 isPlaying property set to: false
 ⏹️ ГИБРИД: Остановлен и сброшен
 🔧 БЕЗОПАСНЫЙ URL: Конвертируем blob:null в data URL: blob:null/340523b2-f217-4ec4-aa39-27f3d3c1cdff...
 🎨 _hideColorDropdown вызван
 ❌ БЕЗОПАСНЫЙ URL: Ошибка конвертации: 
_createSafeUrlFromOriginal @ audio-engine.js:747
 🔧 БЕЗОПАСНЫЙ URL: Конвертируем blob:null в data URL: blob:null/11a8da36-86fe-4db9-8f32-dde7a3e904a0...
 ✅ ИНСТРУМЕНТАЛ ГОТОВ! Длительность: 269.09с
 ❌ БЕЗОПАСНЫЙ URL: Ошибка конвертации: 
_createSafeUrlFromOriginal @ audio-engine.js:747
 ⏱️ HYBRID_ENGINE_LOAD_TIME: 267.699951171875 ms
 🎯 ГИБРИД: Рассинхронизация устранена!
 WaveformEditor: Vocal audio data not available
_drawWaveformData @ waveform-editor.js:1458
 🚀 Скрываю Живую Ленту
 ✅ Возврат в классический зал
 Applying style: Караоке with scale 1.20
 TextStyleManager: Scaled font size from 1.4em to 1.68em
 LyricsDisplay: Setting style to Караоке
 [KARAOKE] DOM not found or empty in _renderLyrics, creating it.
 TextStyleManager: Scaled font size from 1.4em to 1.68em
 Track loaded event detected, initializing LoopBlockManager CustomEvent
 LoopBlockManager already initialized
 ⏱️ AUDIO_LOAD_TIME: 271.84814453125 ms
 Loading 50 markers for track Linkin Park-New Divide
 Validating 50 markers for 50 lyric lines
 Kept 50 valid markers out of 50
 WaveformEditor: Vocal audio data not available
_drawWaveformData @ waveform-editor.js:1458
 🚀 Скрываю Живую Ленту
 ✅ Возврат в классический зал
 Applying style: Караоке with scale 1.20
 TextStyleManager: Scaled font size from 1.4em to 1.68em
 LyricsDisplay: Setting style to Караоке
 TextStyleManager: Scaled font size from 1.4em to 1.68em
 Track loaded event detected, initializing LoopBlockManager CustomEvent
 LoopBlockManager already initialized
 🎵 АВТОПЛЕЙ: Запуск воспроизведения...
 ✅ Track "Linkin Park-New Divide" loaded successfully
 ✅ ВОКАЛ ГОТОВ! Длительность: 269.09с
 🎤 ВОКАЛ ПОДКЛЮЧЕН к аудио-контексту
 🎨 StateManager: Forcing text rerender in current mode
 🎤 Karaoke mode detected, should work correctly
 ⏱️ FINAL_RENDER_TIME: 101.4560546875 ms
 ⏱️ TOTAL_TRACK_LOAD_TIME: 542.594970703125 ms
 Audio ready detected via timer, initializing LoopBlockManager
 LoopBlockManager already initialized
 ▶️ ИНСТРУМЕНТАЛ: Воспроизведение начато
 🎤 ВОКАЛ: Синхронизирован и воспроизводится
 isPlaying property set to: true
 ✅ АВТОПЛЕЙ: Воспроизведение начато успешно
 Switching to live mode
 App: Сохраняем предыдущий режим: karaoke
 Activating live mode
 Karaoke Background Manager: Stopping slideshow...
 Applying style: Live with scale 1.00
 TextStyleManager: Scaled font size from 1.6em to 1.60em
 LyricsDisplay: Setting style to Live
 Rendering lyrics. Current style ID: live
 Rendering standard line [0]: 'I remembered black skies'
 Rendering standard line [1]: 'The lightning all around me'
 Rendering standard line [2]: 'I remembered each flash'
 Rendering standard line [3]: 'As time began to blur'
 Rendering standard line [4]: 'Like a startling sign'
 Rendering standard line [5]: 'That fate had finally found me'
 Rendering standard line [6]: 'And your voice was all I heard'
 Rendering standard line [7]: 'That I get what I deserve'
 Rendering standard line [8]: 'So give me reason'
 Rendering standard line [9]: 'To prove me wrong'
 Rendering standard line [10]: 'To wash this memory clean'
 Rendering standard line [11]: 'Let the floods cross'
 Rendering standard line [12]: 'The distance in your eyes'
 Rendering standard line [13]: 'Give me reason'
 Rendering standard line [14]: 'To fill this hole'
 Rendering standard line [15]: 'Connect this space between'
 Rendering standard line [16]: 'Let it be enough to reach the truth that lies'
 Rendering standard line [17]: 'Across this new divide'
 Rendering standard line [18]: 'There was nothing in sight'
 Rendering standard line [19]: 'But memories left abandoned'
 Rendering standard line [20]: 'There was nowhere to hide'
 Rendering standard line [21]: 'The ashes fell like snow'
 Rendering standard line [22]: 'And the ground caved in'
 Rendering standard line [23]: 'Between where we were standing'
 Rendering standard line [24]: 'And your voice was all I heard'
 Rendering standard line [25]: 'That I get what I deserve'
 Rendering standard line [26]: 'So give me reason'
 Rendering standard line [27]: 'To prove me wrong'
 Rendering standard line [28]: 'To wash this memory clean'
 Rendering standard line [29]: 'Let the floods cross'
 Rendering standard line [30]: 'The distance in your eyes'
 Rendering standard line [31]: 'Across this new divide'
 Rendering standard line [32]: 'In every loss, in every lie'
 Rendering standard line [33]: 'In every truth that you'd deny'
 Rendering standard line [34]: 'And each regret, and each goodbye'
 Rendering standard line [35]: 'Was a mistake too great to hide'
 Rendering standard line [36]: 'And your voice was all I heard'
 Rendering standard line [37]: 'That I get what I deserve'
 Rendering standard line [38]: 'So give me reason'
 Rendering standard line [39]: 'To prove me wrong'
 Rendering standard line [40]: 'To wash this memory clean'
 Rendering standard line [41]: 'Let the floods cross'
 Rendering standard line [42]: 'The distance in your eyes'
 Rendering standard line [43]: 'Give me reason'
 Rendering standard line [44]: 'To fill this hole'
 Rendering standard line [45]: 'Connect this space between'
 Rendering standard line [46]: 'Let it be enough to reach the truth that lies'
 Rendering standard line [47]: 'Across this new divide'
rtf-parser.js:849 Rendering standard line [48]: 'Across this new divide'
rtf-parser.js:849 Rendering standard line [49]: 'Across this new divide'
rtf-parser.js:849 Applied style class to lyrics-container: style-live
rtf-parser.js:849 🚀 Скрываю Живую Ленту
rtf-parser.js:849 ✅ Возврат в классический зал
rtf-parser.js:849 Initializing LiveMode without camera activation...
rtf-parser.js:849 LiveMode: Начало активации режима
rtf-parser.js:849 LiveMode: Сохранен предыдущий режим: live
live-mode.js:297 LiveMode: Обработчик для кнопки live-stream-button не найден
(anonymous) @ live-mode.js:297
rtf-parser.js:849 LiveMode: Созданы элементы для видео в современном стиле
rtf-parser.js:849 LiveMode: Версия компонентов обновлена: 1752617269950
rtf-parser.js:849 LiveMode: Контейнер видео отображен с плавным переходом
rtf-parser.js:849 LiveMode: Стили обновлены в караоке-формате (версия 1752617269950)
rtf-parser.js:849 LiveMode: Используем ранее инициализированную камеру
rtf-parser.js:849 LiveMode: Настраиваем видеопоток для UI
rtf-parser.js:849 LiveMode: Доступ к камере настроен успешно
rtf-parser.js:849 LiveMode: Режим успешно активирован
rtf-parser.js:849 LiveMode: Камера активирована
rtf-parser.js:849 LiveMode: Запуск обработки видео
rtf-parser.js:849 LiveMode: Обновлен текст. Активная: "I remembered black skies", Следующая: ""
rtf-parser.js:849 LiveMode: Синхронизация с основным режимом установлена
rtf-parser.js:849 LiveMode: Установлена прямая синхронизация с основным режимом
rtf-parser.js:849 Live режим успешно активирован с камерой
rtf-parser.js:849 🎨 _hideColorDropdown вызван
rtf-parser.js:849 LiveMode: Видео успешно запущено
rtf-parser.js:849 LiveMode: Запуск записи...
rtf-parser.js:849 🎨 _hideColorDropdown вызван
rtf-parser.js:849 --- Диагностика потоков ---
rtf-parser.js:849 Экран (displayStream): MediaStream
rtf-parser.js:849  - Видеодорожек: 1
rtf-parser.js:849  - Аудиодорожек: 0
rtf-parser.js:849 Микрофон (micStream): MediaStream
rtf-parser.js:849  - Аудиодорожек: 1
rtf-parser.js:849 ---------------------------
rtf-parser.js:849 LiveMode: Запись началась.
rtf-parser.js:849 🎨 _hideColorDropdown вызван
rtf-parser.js:849 LiveMode: Остановка записи...
rtf-parser.js:849 🎨 _hideColorDropdown вызван
rtf-parser.js:849 🎨 _hideColorDropdown вызван
rtf-parser.js:849 LiveMode: Запись успешно остановлена и сохранена.
rtf-parser.js:849 LiveMode: Запись сохранена, ресурсы очищены.
rtf-parser.js:849 LiveMode: Деактивация режима
rtf-parser.js:849 LiveMode: Трек video отключен (но не остановлен)
rtf-parser.js:849 App: Переключение на предыдущий режим: karaoke
rtf-parser.js:849 Switching to karaoke mode
rtf-parser.js:849 App: Сохраняем предыдущий режим: live
rtf-parser.js:849 Activating karaoke mode
rtf-parser.js:849 Applying style: Караоке with scale 1.20
rtf-parser.js:849 TextStyleManager: Scaled font size from 1.4em to 1.68em
rtf-parser.js:849 LyricsDisplay: Setting style to Караоке
rtf-parser.js:849 [KARAOKE] DOM not found or empty in _renderLyrics, creating it.
rtf-parser.js:849 TextStyleManager: Scaled font size from 1.4em to 1.68em
rtf-parser.js:849 Applied style class to lyrics-container: style-karaoke
rtf-parser.js:849 Karaoke Background Manager: Starting slideshow...
rtf-parser.js:849 🚀 Скрываю Живую Ленту
rtf-parser.js:849 ✅ Возврат в классический зал
rtf-parser.js:849 LiveMode: Режим успешно деактивирован
rtf-parser.js:849 🎨 _hideColorDropdown вызван
rtf-parser.js:849 ✅ Karaoke Background Manager: SUCCESSFULLY set background to Karaoke/pexels-suvan-chowdhury-37305-144429.jpg
rtf-parser.js:849 TextStyleManager: Scaled font size from 1.4em to 1.68em
rtf-parser.js:849 🎨 _hideColorDropdown вызван
rtf-parser.js:849 Key pressed: Space
rtf-parser.js:849 Space bar pressed, toggling playback
rtf-parser.js:849 ⏸️ ИНСТРУМЕНТАЛ: Пауза
rtf-parser.js:849 ⏸️ ВОКАЛ: Пауза
rtf-parser.js:849 isPlaying property set to: false
rtf-parser.js:849 Key pressed:  , key code: 32, waveform active: false
rtf-parser.js:849 🎨 _hideColorDropdown вызван
rtf-parser.js:849 Key pressed: MetaLeft
rtf-parser.js:849 Key pressed: Meta, key code: 91, waveform active: false
rtf-parser.js:849 Key pressed: AltLeft
rtf-parser.js:849 Key pressed: Alt, key code: 18, waveform active: false
rtf-parser.js:849 Key pressed: KeyJ
rtf-parser.js:849 Key pressed: j, key code: 74, waveform active: false
waveform-editor.js:1458 WaveformEditor: Vocal audio data not available
_drawWaveformData @ waveform-editor.js:1458
