 🔧 DEBUG_CONFIG загружен. Используйте toggleDebugLogs(true) для включения логов
 📦 Utils module loaded
 StateManager initialized
 📦 StateManager module loaded
 🚀 AudioEngine (Hybrid Engine) - Гибридная архитектура восстановлена
 Space bar handler attached
 LyricsDisplay initialized
 RtfParserAdapter: Инициализация
 - EnhancedRtfProcessor доступен: true
 - Стандартный RtfParser доступен: true
 TrackCatalog initialized
 MarkerManager initialized
 WaveformEditor loaded
 WaveformEditor initialized
 BlockLoopControl: Класс загружен
 RTF Parser Integration: Инициализация интеграции улучшенного RTF-парсера (после определения объекта)
 RTF Parser Integration: Начало интеграции
 RTF Parser Integration: TrackCatalog уже использует RtfParserAdapter если он доступен
 RTF Parser Integration: Интеграция завершена успешно
 🎹 Инициализация клавиатуры...
 LiveFeed module loaded (placeholder)
 TrackCatalog: _finalizeUploadFromBlockEditor CALLED - should be obsolete now.
 Загружено 5 треков из базы данных
 Проверка треков завершена успешно, проблем не обнаружено
 ✅ Pitchy библиотека загружена в beLive
 LiveMode: Автоматическая инициализация при загрузке документа
 LiveMode: Создание нового экземпляра
 LiveMode: Маски инициализированы без использования изображений
 LiveMode: getUserMedia поддерживается: true
 LiveMode: Безопасный контекст: true
 LiveMode: Определен localhost, разрешен HTTP
 LiveMode: Метод toggleStreaming не найден и не может быть привязан
(анонимная) @ live-mode.js:521
 LiveMode: Базовая инициализация завершена
 LiveMode: Предварительная инициализация камеры...
 LiveMode: экземпляр создан
 LiveFeed initialized
 DOM content loaded, waiting for components
 Application fully loaded, components initialized
 ✅ Pitchy готов для точной детекции
 🎹 Кнопка найдена
 🔗 Настройка интеграции для точной детекции...
 🎤 Статус для точной детекции: false
 🎯 КАЛИБРОВКА: A4 = 440.00Hz (должно быть 440.00Hz)
 🎹 Создано 48 клавиш для точной детекции
 🎹 Piano Keyboard инициализирован
 All components ready, initializing app...
 Initializing beLive App
 WordAlignerV2 not found, creating placeholder
App @ app.js:53
 LyricsDisplay: Setting style to Стандартный
 Rendering lyrics. Current style ID: default
 Applied style 'Стандартный'
 TextStyleManager: Проверка доступности LiveMode...
 TextStyleManager: Класс LiveMode найден, предварительная инициализация камеры...
 TextStyleManager: LiveMode уже инициализирован
 TextStyleManager initialized with 8 styles and 29 total transitions
 Text style manager initialized
 Initializing Microphone UI...
 Microphone UI initialized using existing DOM elements.
 LoopBlockManager: Checking audio initialization...
 LoopBlockManager: Audio buffer or context not available (check 0)
_checkAudioAndInitialize @ loopblock-manager.js:137
 LoopBlockManager: Initializing sync listeners
 LoopBlockManager: progressBarContainer found - width: 1050px, height: 10px, overflow: visible
 LoopBlockManager: progressBarContainer offsetWidth: 1050, offsetHeight: 10
 LoopBlockManager: progressBarContainer children: 3
 LoopBlockManager: Child 0: progress-bar-loaded, display: block, zIndex: 1
 LoopBlockManager: Child 1: progress-bar, display: block, zIndex: 2
 LoopBlockManager: Child 2: progress-tooltip, display: block, zIndex: 10
 LoopBlockManager initialized
 LoopBlockManager component ready
 BlockLoopControl: Инициализирован
 BlockLoopControl component ready
 🎭 MaskSystem: Инициализация продвинутой системы масок
 🎭 MaskSystem: Конструктор завершен
 🎭 MaskSystem создан
 🎭 MaskSystem component ready
 Initializing LoopBlock controls
 Audio not fully loaded yet, setting up delayed initialization
 🎭 MaskSystem: Обработчик кнопки подключен
 🚀 Инициализация Живой Ленты
 ✅ Живая Лента инициализирована
 🚀 Показываю Живую Ленту
 ✅ Живая Лента активирована
 beLive App initialized
 App initialized successfully
 🎭 MediaPipe: Начинаем загрузку библиотек...
 🎭 MediaPipe: Ожидание загрузки библиотек...
 🎭 MediaPipe: Все библиотеки загружены успешно
 🎭 MaskSystem: Официальный MediaPipe FaceMesh готов
 🏃 MaskSystem: MediaPipe Pose готов
 ✋ MaskSystem: MediaPipe Hands готов
 🤖 MaskSystem: MediaPipe Holistic готов
 🎨 MaskSystem: MediaPipe Selfie Segmentation готов
 🎭 MaskSystem: MediaPipe готов к использованию
 🎯 Background Effects Engine v2.0 инициализирован
 🔄 Инициализация Background Effects Engine...
 ✅ Background Effects Engine готов
 🎤 Запуск ТОЧНОГО анализа вокальной дорожки...
 🔊 Инициализация аудио для точной детекции...
 ✅ Используем audioEngine.audioContext
 ✅ Pitchy детектор готов для точной работы
 ✅ Подключен к ВОКАЛЬНОМУ узлу: GainNode
 ✅ ТОЧНЫЙ анализ запущен
 LiveMode: Запуск предварительной инициализации камеры
 LiveMode: Предварительная инициализация камеры...
 LoopBlockManager: Проверка доступности аудио (попытка 2/5)
 LiveMode: Доступ к камере получен при предварительной инициализации
 LiveMode: Получено 1 видеотреков. Активный: FaceTime HD Camera
 LiveMode: Предварительная инициализация камеры успешно завершена
 LoopBlockManager: Проверка доступности аудио (попытка 3/5)
 🎯 Начальная калибровка системы...
 🎯 ===== ЗАПУСК КАЛИБРОВОЧНЫХ ТЕСТОВ ПИТЧА =====
 📋 Тестируем расчет частот:
 ✅ C4: рассчитано=261.63Hz, ожидается=261.63Hz, ошибка=0.002%
 ✅ D4: рассчитано=293.66Hz, ожидается=293.66Hz, ошибка=0.002%
 ✅ E4: рассчитано=329.63Hz, ожидается=329.63Hz, ошибка=0.001%
 ✅ F4: рассчитано=349.23Hz, ожидается=349.23Hz, ошибка=0.001%
 ✅ G4: рассчитано=392.00Hz, ожидается=392Hz, ошибка=0.001%
 🎯 КАЛИБРОВКА: A4 = 440.00Hz (должно быть 440.00Hz)
 ✅ A4: рассчитано=440.00Hz, ожидается=440Hz, ошибка=0.000%
 ✅ B4: рассчитано=493.88Hz, ожидается=493.88Hz, ошибка=0.001%
 📋 Тестируем обратное преобразование:
 ✅ 261.63Hz → обнаружено="C4", ожидается="C4"
 ✅ 293.66Hz → обнаружено="D4", ожидается="D4"
 ✅ 329.63Hz → обнаружено="E4", ожидается="E4"
 ✅ 349.23Hz → обнаружено="F4", ожидается="F4"
 ✅ 392Hz → обнаружено="G4", ожидается="G4"
 ✅ 440Hz → обнаружено="A4", ожидается="A4"
 ✅ 493.88Hz → обнаружено="B4", ожидается="B4"
 📊 РЕЗУЛЬТАТЫ КАЛИБРОВКИ:
    Пройдено тестов: 14/14
    Процент успеха: 100.0%
    Средняя ошибка: 0.001%
 🎯 ✅ КАЛИБРОВКА ПИТЧА ПРОШЛА УСПЕШНО!
 🎯 ===== КАЛИБРОВОЧНЫЕ ТЕСТЫ ЗАВЕРШЕНЫ =====
 LiveMode: Доступ к камере получен при предварительной инициализации
 LiveMode: Получено 1 видеотреков. Активный: FaceTime HD Camera
 LiveMode: Предварительная инициализация камеры успешно завершена
 LiveMode: Предварительная инициализация камеры успешна
 🚀 Быстрый переход в режим: karaoke
 Switching to karaoke mode
 App: Сохраняем предыдущий режим: concert
 Activating karaoke mode
 Karaoke Background Manager: Starting slideshow...
 Applying style: Караоке with scale 1.20
 TextStyleManager: Scaled font size from 1.4em to 1.68em
 LyricsDisplay: Setting style to Караоке
 [KARAOKE] DOM not found or empty in _renderLyrics, creating it.
 TextStyleManager: Scaled font size from 1.4em to 1.68em
 Applied style class to lyrics-container: style-karaoke
 🚀 Скрываю Живую Ленту
 ✅ Возврат в классический зал
 ✅ Karaoke Background Manager: SUCCESSFULLY set background to Karaoke/pexels-michiel-ton-2722948-4269570.jpg
 TrackCatalog: openCatalog() called
 TrackCatalog: catalogContainer exists: true
 TrackCatalog: catalogContainer classes before: hidden
 TrackCatalog: catalogContainer classes after: 
 TrackCatalog: Catalog should now be visible
 LoopBlockManager: Аудио не загружено после 5 попыток. Для работы функций зацикливания необходимо загрузить аудиофайл.
_checkAudioAgain @ loopblock-manager.js:219
 🔄 Loading track: "Бумбокс – Вахтерам"
 🔄 StateManager: Starting HARD RESET of all components
 1. Resetting AudioEngine...
 AudioEngine: Starting reset...
 isPlaying property set to: false
 ⏹️ ГИБРИД: Остановлен и сброшен
 🧹 СПРИНТЕР: Ресурсы очищены
 AudioEngine: Reset completed successfully
 ✅ AudioEngine reset complete
 2. Resetting LyricsDisplay...
 💥 LyricsDisplay: Performing full reset.
 ✅ LyricsDisplay: Full reset complete. All lyric data and DOM elements cleared.
 ✅ LyricsDisplay full reset complete
 3. Resetting TextStyleManager...
 💥 TextStyleManager: Full reset initiated.
 ✅ TextStyleManager: Reset complete. All states and caches cleared.
 ✅ TextStyleManager reset complete.
 🎉 StateManager: HARD RESET completed successfully
 ✅ All components ready for new track
 ⏱️ HARD_RESET_TIME: 2.52294921875 ms
 TrackCatalog: Set waveformEditor.lastLoadedFile to Бумбокс – Вахтерам.rtf
 TrackCatalog: Set waveformEditor.currentTrackId to 1750298619469
 TrackCatalog: Found 6 blocks. Preparing them for rendering after audio load.
 LyricsDisplay: Loading 6 imported blocks.
 Block 0 loaded: id="block-1750409301829-0-oaesls6s2jn", name="Block 1", lines=16
 Block 1 loaded: id="1", name="Block 2", lines=6
 Block 2 loaded: id="2", name="Block 3", lines=16
 Block 3 loaded: id="3", name="Block 4", lines=6
 Block 4 loaded: id="4", name="Block 5", lines=6
 Block 5 loaded: id="5", name="Block 6", lines=6
 LyricsDisplay: Skipping render as requested by shouldRender=false
 LyricsDisplay: Successfully loaded 6 blocks, total lyric lines: 56.
 LyricsDisplay: Updated marker colors after loading blocks
 ⏱️ LYRICS_PREPARE_TIME: 8.72900390625 ms
 ⏱️ BLOB_CREATION_TIME: 58.61181640625 ms
 🚀 ГИБРИД: Загрузка двойного потока
 isPlaying property set to: false
 ⏹️ ГИБРИД: Остановлен и сброшен
 🎚️ МАСТЕР: Создание микшированной дорожки...
 🎚️ МАСТЕР: Инструментал URL: blob:null/534eca70-6c9c-450b-a75e-7db17798b290...
 🎚️ МАСТЕР: Вокал URL: blob:null/e730ba40-4a9d-466a-a436-5cd618fc0b67...
 🎚️ МАСТЕР: Загружаем аудиофайлы...
 🎚️ МАСТЕР: Конвертируем в ArrayBuffer...
 🎚️ МАСТЕР: Инструментал размер: 9630868 байт
 🎚️ МАСТЕР: Вокал размер: 9630868 байт
 🎚️ МАСТЕР: Декодируем аудиоданные...
 ✅ ИНСТРУМЕНТАЛ ГОТОВ! Длительность: 240.69с
 ⏱️ HYBRID_ENGINE_LOAD_TIME: 278.02587890625 ms
 🎯 ГИБРИД: Рассинхронизация устранена!
 🚀 Скрываю Живую Ленту
 ✅ Возврат в классический зал
 Applying style: Караоке with scale 1.20
 TextStyleManager: Scaled font size from 1.4em to 1.68em
 LyricsDisplay: Setting style to Караоке
 [KARAOKE] DOM not found or empty in _renderLyrics, creating it.
 TextStyleManager: Scaled font size from 1.4em to 1.68em
 Track loaded event detected, initializing LoopBlockManager CustomEvent
 LoopBlockManager already initialized
 ⏱️ AUDIO_LOAD_TIME: 280.7421875 ms
 Loading 56 markers for track Бумбокс – Вахтерам
 Validating 56 markers for 56 lyric lines
 Kept 56 valid markers out of 56
 🚀 Скрываю Живую Ленту
 ✅ Возврат в классический зал
 Applying style: Караоке with scale 1.20
 TextStyleManager: Scaled font size from 1.4em to 1.68em
 LyricsDisplay: Setting style to Караоке
 TextStyleManager: Scaled font size from 1.4em to 1.68em
 Track loaded event detected, initializing LoopBlockManager CustomEvent
 LoopBlockManager already initialized
 🎵 АВТОПЛЕЙ: Запуск воспроизведения...
 ✅ Track "Бумбокс – Вахтерам" loaded successfully
 ✅ ВОКАЛ ГОТОВ! Длительность: 240.69с
 🎤 ВОКАЛ ПОДКЛЮЧЕН к аудио-контексту
 🎨 StateManager: Forcing text rerender in current mode
 🎤 Karaoke mode detected, should work correctly
 ⏱️ FINAL_RENDER_TIME: 120.067138671875 ms
 ⏱️ TOTAL_TRACK_LOAD_TIME: 535.454833984375 ms
 ▶️ ИНСТРУМЕНТАЛ: Воспроизведение начато
 🔍 Статический анализ: 6342.3Hz (76.4%)
 🔍 Статический анализ: 6341.4Hz (77.1%)
 🎤 ВОКАЛ: Синхронизирован и воспроизводится
 isPlaying property set to: true
 ✅ АВТОПЛЕЙ: Воспроизведение начато успешно
 Audio ready detected via timer, initializing LoopBlockManager
 LoopBlockManager already initialized
 Switching to rehearsal mode
 App: Сохраняем предыдущий режим: karaoke
 Activating rehearsal mode
 Karaoke Background Manager: Stopping slideshow...
 Applying style: Репетиция with scale 1.00
 LyricsDisplay: Setting style to Репетиция
 Activating Rehearsal Display with blocks: Array(6)
 Rendering lyrics. Current style ID: rehearsal
 Splitting block "Block 1" (16 lines) into 2 parts with ~8 lines each
   Part 1: lines 0-7 (8 lines)
   Part 2: lines 8-15 (8 lines)
 Splitting block "Block 3" (16 lines) into 2 parts with ~8 lines each
   Part 1: lines 0-7 (8 lines)
   Part 2: lines 8-15 (8 lines)
 Rehearsal: Current line: 0, Total blocks: 8
 Rehearsal: DETAILED Block structure:
   Block 0 (block-1750409301829-0-oaesls6s2jn-part-0): name="Block 1", lines=[0,1,2,3,4,5,6,7]
     Content preview: "Тебе нравится дым!...Черт с ним...
Он убивает слова, кругом голова.
Уже разносит молва по дворам"
       Line 0: "Тебе нравится дым!...Черт с ним..."
       Line 1: "Он убивает слова, кругом голова."
       Line 2: "Уже разносит молва по дворам"
       Line 3: "Что между нами чи-уа-уа!"
       Line 4: "О чем с тобой говорить? Потеряли нить..."
       Line 5: "Быть не собой перестать и дома спать."
       Line 6: "Нас не измерить на глаз, а сейчас"
       Line 7: "Зачем мы давим на тормоз, не на газ?"
   Block 1 (block-1750409301829-0-oaesls6s2jn-part-1): name="Block 1 (продолжение 2)", lines=[8,9,10,11,12,13,14,15]
     Content preview: "Вопрос извечный: зачем да почему?
Я понемногу с ума, ты не сама...
А это ночи в Крыму теперь кому?"
       Line 8: "Вопрос извечный: зачем да почему?"
       Line 9: "Я понемногу с ума, ты не сама..."
       Line 10: "А это ночи в Крыму теперь кому?"
       Line 11: "Я, если встречу, потом передам ему..."
       Line 12: "Писклявый твой голосок, как электрошок."
       Line 13: "Что я бухой без вина - твоя вина."
       Line 14: "Теперь узнает страна до темна"
       Line 15: "Им обо всем донесут на FM волнах..."
   Block 2 (1): name="Block 2", lines=[16,17,18,19,20,21]
     Content preview: "Я помню: белые обои, черная посуда...
Нас в хрущевке двое...
Кто мы и откуда...откуда?"
       Line 16: "Я помню: белые обои, черная посуда..."
       Line 17: "Нас в хрущевке двое..."
       Line 18: "Кто мы и откуда...откуда?"
       Line 19: "Задвигаем шторы, кофеек, плюшки стынут"
       Line 20: "Объясните теперь нам вахтеры"
       Line 21: "Почему я на ней так сдвинут?"
   Block 3 (2-part-0): name="Block 3", lines=[22,23,24,25,26,27,28,29]
     Content preview: "Давай вот так просидим до утра!
Не уходи, погоди...Но мне пора!
И если выход один впереди"
       Line 22: "Давай вот так просидим до утра!"
       Line 23: "Не уходи, погоди...Но мне пора!"
       Line 24: "И если выход один впереди"
       Line 25: "То почему мы то холод, то жара?"
       Line 26: "Раскладывать по местам я устал"
       Line 27: "И поворачивать вспять, но вот опять!..."
       Line 28: "Прикосновения плавили мой метал"
       Line 29: "Ты - элемент номер 5, не дать - не взять!"
   Block 4 (2-part-1): name="Block 3 (продолжение 2)", lines=[30,31,32,33,34,35,36,37]
     Content preview: "Идет к финалуиграв этот раз
А ты все также молчишь, я - говорю.
Минут 15 осталось до утра."
       Line 30: "Идет к финалуиграв этот раз"
       Line 31: "А ты все также молчишь, я - говорю."
       Line 32: "Минут 15 осталось до утра."
       Line 33: "Не вызывай, так словлю и свалю!"
       Line 34: "Попробуем все подшить, не ворошить"
       Line 35: "Мобильные номера постирать."
       Line 36: "А уходить неспросив нету сил!"
       Line 37: "Давай попробуем заново все собрать!"
   Block 5 (3): name="Block 4", lines=[38,39,40,41,42,43]
     Content preview: "Белые обои, черную посуду
Нас в хрущевке двое...
Кто мы и откуда...откуда?"
       Line 38: "Белые обои, черную посуду"
       Line 39: "Нас в хрущевке двое..."
       Line 40: "Кто мы и откуда...откуда?"
       Line 41: "Задвигаем шторы, кофеек, плюшки стынут"
       Line 42: "Объясните теперь нам вахтеры"
       Line 43: "Почему я на ней так сдвинут?"
   Block 6 (4): name="Block 5", lines=[44,45,46,47,48,49]
     Content preview: "Я помню: белые обои, черная посуда...
Нас в хрущевке двое...
Кто мы и откуда...откуда?"
       Line 44: "Я помню: белые обои, черная посуда..."
       Line 45: "Нас в хрущевке двое..."
       Line 46: "Кто мы и откуда...откуда?"
       Line 47: "Задвигаем шторы, кофеек, плюшки стынут"
       Line 48: "Объясните теперь нам вахтеры"
       Line 49: "Почему я на ней так сдвинут?"
   Block 7 (5): name="Block 6", lines=[50,51,52,53,54,55]
     Content preview: "Я помню: белые обои, черная посуда...
Нас в хрущевке двое...
Кто мы и откуда...откуда?"
       Line 50: "Я помню: белые обои, черная посуда..."
       Line 51: "Нас в хрущевке двое..."
       Line 52: "Кто мы и откуда...откуда?"
       Line 53: "Задвигаем шторы, кофеек, плюшки стынут"
       Line 54: "Объясните теперь нам вахтеры"
       Line 55: "Почему я на ней так сдвинут?"
 Rehearsal: Looking for block containing line 0
   Checking block 0: lineIndices=[0,1,2,3,4,5,6,7]
   ✓ Found! Block 0 contains line 0
 Rehearsal: Found active block at index 0 with lines: Array(8)
 Rehearsal: Active block 0: Object
 >>> FONT_CALC_DEBUG >>> Lines: 8, FontSize: 2.10rem, LineHeight: 2.72rem
 Rehearsal: Activated line 0 in block with transition: none
 Rehearsal: Next block preview for block 1: Object
 Rehearsal: Preview lines: Array(2)
 Rehearsal: Adding preview line 8: "Вопрос извечный: зачем да почему?"
 Rehearsal: Adding preview line 9: "Я понемногу с ума, ты не сама..."
 Rehearsal: Preview container added with 2 lines
 Rehearsal mode: Rendered active block 0 with next block preview
 BlockLoopControl: Активирован
 BlockLoopControl: _createLoopButtonForCurrentBlock called
 BlockLoopControl: lyricsDisplay.currentActiveBlock: Object
 BlockLoopControl: lyricsDisplay.textBlocks: Array(6)
 BlockLoopControl: Создаем кнопку для активного блока репетиции: Block 1
 BlockLoopControl: _createLoopButton called for block: Block 1
 BlockLoopControl: blockElement found: true
 BlockLoopControl: Кнопка создана для блока: Block 1
 🚀 Скрываю Живую Ленту
 ✅ Возврат в классический зал
 Rehearsal: Auto-scrolling to active line in large block
 ✅ Октавный переход разрешен: 151.3Hz → 292.9Hz за 119мс (ratio: 1.94)
 🎚️ МАСТЕР: Инструментал - каналов: 2, длина: 10614575, частота: 44100Hz
 🎚️ МАСТЕР: Вокал - каналов: 2, длина: 10614575, частота: 44100Hz
 🎚️ МАСТЕР: Создан буфер - каналов: 2, длина: 10614575
 🎚️ МАСТЕР: Начинаем микширование каналов...
 🎚️ МАСТЕР: Микширование завершено, конвертируем в blob...
 🎚️ МАСТЕР: Микшированная дорожка создана! URL: blob:null/a2a8e6b1-afde-4dde-85bb-5f9b327d4b99...
 🎚️ МАСТЕР: Размер blob: 42458344 байт
 🎚️ МАСТЕР: Обновляем URL после создания микшированной дорожки
 🎚️ МАСТЕР URL обновлен: blob:null/a2a8e6b1-afde-4dde-85bb-5f9b327d4b99...
 🎵 AudioEngine: Установка скорости воспроизведения: 95%
 🔇 Глубокая тишина - очистка нот
 🛑 Принудительная остановка всех нот (deep_silence), активных: 1
 🎵 AudioEngine: Установка скорости воспроизведения: 90%
 🎵 AudioEngine: Установка скорости воспроизведения: 85%
 🎵 AudioEngine: Установка скорости воспроизведения: 80%
 🔇 Глубокая тишина - очистка нот
 🛑 Принудительная остановка всех нот (deep_silence), активных: 1
 🚫 Блокирована очевидная гармоника: 587.4Hz (2.00x от 293.9Hz, ясность: 89.6%)
 🎯 Высокая ясность (92.6%) - принимаем возможную гармонику: 586.8Hz
 ✅ Октавный переход разрешен: 293.9Hz → 586.8Hz за 750мс (ratio: 2.00)
 🎯 Высокая ясность (99.6%) - принимаем возможную гармонику: 292.6Hz
 ✅ Октавный переход разрешен: 586.0Hz → 292.6Hz за 59мс (ratio: 0.50)
 🔇 Глубокая тишина - очистка нот
 🛑 Принудительная остановка всех нот (deep_silence), активных: 1
 BlockLoopControl: Запуск зацикливания блока: Block 1
 BlockLoopControl: Calculating time range for block "Block 1" with lines [0,1,2,3,4,5,6,7]
 BlockLoopControl: Available markers count: 56
 BlockLoopControl: Block line range: 0 to 7
 BlockLoopControl: Found start marker for line 0: 20.73s
 BlockLoopControl: Searching for end marker after line 7
 BlockLoopControl: Found end marker (first of next block) for line 8: 41.95s
 BlockLoopControl: Block "Block 1" LOOP BOUNDS: START=20.73s END=41.95s (duration: 21.22s)
 BlockLoopControl: Временные границы блока: 20.73s - 41.95s
 BlockLoopControl: Зацикливание установлено, воспроизведение продолжается без прерывания
 BlockLoopControl: Добавлена оранжевая окантовка блока
 BlockLoopControl: Зацикливание активно 20.730380084325397s - 41.9476136444161s (без прерывания воспроизведения)
 BlockLoopControl: LOOP CHECK - Current: 16.50s, Start: 20.73s, End: 41.95s
 BlockLoopControl: LOOP CHECK - Current: 16.91s, Start: 20.73s, End: 41.95s
 🔇 Глубокая тишина - очистка нот
 🛑 Принудительная остановка всех нот (deep_silence), активных: 1
 BlockLoopControl: LOOP CHECK - Current: 17.31s, Start: 20.73s, End: 41.95s
 BlockLoopControl: LOOP CHECK - Current: 17.71s, Start: 20.73s, End: 41.95s
 ✅ Октавный переход разрешен: 703.7Hz → 324.3Hz за 112мс (ratio: 0.46)
 BlockLoopControl: LOOP CHECK - Current: 18.11s, Start: 20.73s, End: 41.95s
 BlockLoopControl: LOOP CHECK - Current: 18.53s, Start: 20.73s, End: 41.95s
 🚫 Октавный скачок заблокирован: 535.6Hz → 255.8Hz за 25мс (ratio: 0.48)
 ✅ Октавный переход разрешен: 535.6Hz → 246.8Hz за 50мс (ratio: 0.46)
 BlockLoopControl: LOOP CHECK - Current: 18.97s, Start: 20.73s, End: 41.95s
 BlockLoopControl: LOOP CHECK - Current: 19.36s, Start: 20.73s, End: 41.95s
 BlockLoopControl: LOOP CHECK - Current: 19.75s, Start: 20.73s, End: 41.95s
 ✅ Октавный переход разрешен: 372.9Hz → 74.0Hz за 116мс (ratio: 0.20)
 🎯 Высокая ясность (92.2%) - принимаем возможную гармонику: 292.4Hz
 🚫 Октавный скачок заблокирован: 74.0Hz → 292.4Hz за 32мс (ratio: 3.95)
 ✅ Октавный переход разрешен: 74.0Hz → 291.4Hz за 54мс (ratio: 3.94)
 BlockLoopControl: LOOP CHECK - Current: 20.15s, Start: 20.73s, End: 41.95s
 🚫 Блокирована очевидная гармоника: 194.5Hz (0.50x от 387.0Hz, ясность: 86.5%)
 🚫 Блокирована очевидная гармоника: 194.2Hz (0.50x от 387.0Hz, ясность: 86.3%)
 🚫 Блокирована очевидная гармоника: 193.5Hz (0.51x от 380.8Hz, ясность: 82.0%)
 ✅ Октавный переход разрешен: 380.8Hz → 197.0Hz за 101мс (ratio: 0.52)
 🚫 Октавный скачок заблокирован: 197.0Hz → 382.0Hz за 25мс (ratio: 1.94)
 🚫 Октавный скачок заблокирован: 197.0Hz → 379.3Hz за 31мс (ratio: 1.93)
 ✅ Октавный переход разрешен: 197.0Hz → 401.8Hz за 80мс (ratio: 2.04)
 🎯 Высокая ясность (97.7%) - принимаем возможную гармонику: 193.9Hz
 ✅ Октавный переход разрешен: 389.8Hz → 193.9Hz за 147мс (ratio: 0.50)
 BlockLoopControl: LOOP CHECK - Current: 20.57s, Start: 20.73s, End: 41.95s
 ✅ Октавный переход разрешен: 865.8Hz → 276.2Hz за 106мс (ratio: 0.32)
 BlockLoopControl: LOOP CHECK - Current: 20.95s, Start: 20.73s, End: 41.95s
 🚫 Блокирована очевидная гармоника: 193.9Hz (0.50x от 384.4Hz, ясность: 85.0%)
 🚫 Блокирована очевидная гармоника: 193.9Hz (0.50x от 384.4Hz, ясность: 85.7%)
 🔇 Глубокая тишина - очистка нот
 🛑 Принудительная остановка всех нот (deep_silence), активных: 1
 BlockLoopControl: LOOP CHECK - Current: 21.43s, Start: 20.73s, End: 41.95s
 BlockLoopControl: LOOP CHECK - Current: 21.87s, Start: 20.73s, End: 41.95s
 🔇 Глубокая тишина - очистка нот
 🛑 Принудительная остановка всех нот (deep_silence), активных: 1
 🎵 ИНСТРУМЕНТАЛ: Громкость установлена 87%
 🎵 ИНСТРУМЕНТАЛ: Громкость установлена 85%
 🎵 ИНСТРУМЕНТАЛ: Громкость установлена 81%
 🎵 ИНСТРУМЕНТАЛ: Громкость установлена 76%
 🎵 ИНСТРУМЕНТАЛ: Громкость установлена 72%
 🎵 ИНСТРУМЕНТАЛ: Громкость установлена 68%
 🎵 ИНСТРУМЕНТАЛ: Громкость установлена 65%
 🎵 ИНСТРУМЕНТАЛ: Громкость установлена 63%
 🎵 ИНСТРУМЕНТАЛ: Громкость установлена 62%
 🎵 ИНСТРУМЕНТАЛ: Громкость установлена 61%
 🎵 ИНСТРУМЕНТАЛ: Громкость установлена 59%
 🎵 ИНСТРУМЕНТАЛ: Громкость установлена 55%
 🎵 ИНСТРУМЕНТАЛ: Громкость установлена 53%
 BlockLoopControl: LOOP CHECK - Current: 22.27s, Start: 20.73s, End: 41.95s
 🎵 ИНСТРУМЕНТАЛ: Громкость установлена 51%
 🎵 ИНСТРУМЕНТАЛ: Громкость установлена 48%
 🎵 ИНСТРУМЕНТАЛ: Громкость установлена 45%
 🎵 ИНСТРУМЕНТАЛ: Громкость установлена 39%
 🎵 ИНСТРУМЕНТАЛ: Громкость установлена 38%
 🎵 ИНСТРУМЕНТАЛ: Громкость установлена 36%
 🎵 ИНСТРУМЕНТАЛ: Громкость установлена 35%
 🎵 ИНСТРУМЕНТАЛ: Громкость установлена 34%
 🎵 ИНСТРУМЕНТАЛ: Громкость установлена 33%
 🎵 ИНСТРУМЕНТАЛ: Громкость установлена 32%
 🎵 ИНСТРУМЕНТАЛ: Громкость установлена 31%
 BlockLoopControl: LOOP CHECK - Current: 22.67s, Start: 20.73s, End: 41.95s
 🎵 ИНСТРУМЕНТАЛ: Громкость установлена 30%
 🎵 ИНСТРУМЕНТАЛ: Громкость установлена 29%
 🔇 Глубокая тишина - очистка нот
 🛑 Принудительная остановка всех нот (deep_silence), активных: 1
 🎵 ИНСТРУМЕНТАЛ: Громкость установлена 28%
 🎵 ИНСТРУМЕНТАЛ: Громкость установлена 26%
 🎵 ИНСТРУМЕНТАЛ: Громкость установлена 25%
 🎵 ИНСТРУМЕНТАЛ: Громкость установлена 23%
 🎵 ИНСТРУМЕНТАЛ: Громкость установлена 22%
 ✅ Октавный переход разрешен: 279.4Hz → 544.6Hz за 93мс (ratio: 1.95)
 🎵 ИНСТРУМЕНТАЛ: Громкость установлена 21%
 🎵 ИНСТРУМЕНТАЛ: Громкость установлена 20%
 🎵 ИНСТРУМЕНТАЛ: Громкость установлена 19%
 🚫 Блокирована очевидная гармоника: 247.5Hz (0.49x от 500.4Hz, ясность: 83.3%)
 🎵 ИНСТРУМЕНТАЛ: Громкость установлена 18%
 🎵 ИНСТРУМЕНТАЛ: Громкость установлена 17%
 🎵 ИНСТРУМЕНТАЛ: Громкость установлена 16%
 🎵 ИНСТРУМЕНТАЛ: Громкость установлена 15%
 🎵 ИНСТРУМЕНТАЛ: Громкость установлена 14%
 🔇 Глубокая тишина - очистка нот
 🛑 Принудительная остановка всех нот (deep_silence), активных: 1
 BlockLoopControl: LOOP CHECK - Current: 23.14s, Start: 20.73s, End: 41.95s
 🎵 ИНСТРУМЕНТАЛ: Громкость установлена 13%
 🎵 ИНСТРУМЕНТАЛ: Громкость установлена 12%
 🎵 ИНСТРУМЕНТАЛ: Громкость установлена 11%
 🎵 ИНСТРУМЕНТАЛ: Громкость установлена 10%
 🎵 ИНСТРУМЕНТАЛ: Громкость установлена 9%
 🎵 ИНСТРУМЕНТАЛ: Громкость установлена 8%
 🎵 ИНСТРУМЕНТАЛ: Громкость установлена 7%
 🎵 ИНСТРУМЕНТАЛ: Громкость установлена 6%
 BlockLoopControl: LOOP CHECK - Current: 23.56s, Start: 20.73s, End: 41.95s
 Rehearsal: Line changing from 0 to 1
 Splitting block "Block 1" (16 lines) into 2 parts with ~8 lines each
   Part 1: lines 0-7 (8 lines)
   Part 2: lines 8-15 (8 lines)
 Splitting block "Block 3" (16 lines) into 2 parts with ~8 lines each
   Part 1: lines 0-7 (8 lines)
   Part 2: lines 8-15 (8 lines)
 Rehearsal: Current line 0 belongs to block: block-1750409301829-0-oaesls6s2jn-part-0 Array(8)
 Rehearsal: New line 1 belongs to block: block-1750409301829-0-oaesls6s2jn-part-0 Array(8)
 Rehearsal: Same block (block-1750409301829-0-oaesls6s2jn-part-0), updating active line from 0 to 1
 [SETACTIVE] Called with index 1. Current style: rehearsal
 Rehearsal mode: Setting active line 1
 Activating rehearsal line at index 1
 BlockLoopControl: Активный блок изменился
 BlockLoopControl: Остановка зацикливания
 BlockLoopControl: _createLoopButtonForCurrentBlock called
 BlockLoopControl: lyricsDisplay.currentActiveBlock: Object
 BlockLoopControl: lyricsDisplay.textBlocks: Array(6)
 BlockLoopControl: Создаем кнопку для активного блока репетиции: Block 1
 BlockLoopControl: _createLoopButton called for block: Block 1
 BlockLoopControl: blockElement found: true
 BlockLoopControl: Кнопка создана для блока: Block 1
 🎵 ИНСТРУМЕНТАЛ: Громкость установлена 7%
 🎵 ИНСТРУМЕНТАЛ: Громкость установлена 9%
 🎵 ИНСТРУМЕНТАЛ: Громкость установлена 10%
 🎵 ИНСТРУМЕНТАЛ: Громкость установлена 11%
 🎵 ИНСТРУМЕНТАЛ: Громкость установлена 12%
 🎵 ИНСТРУМЕНТАЛ: Громкость установлена 13%
 🔇 Глубокая тишина - очистка нот
 🛑 Принудительная остановка всех нот (deep_silence), активных: 1
 🚫 Блокирована очевидная гармоника: 681.9Hz (2.01x от 339.4Hz, ясность: 89.9%)
 🚫 Блокирована очевидная гармоника: 677.5Hz (2.00x от 339.4Hz, ясность: 88.9%)
 Rehearsal: Line changing from 1 to 2
 Splitting block "Block 1" (16 lines) into 2 parts with ~8 lines each
   Part 1: lines 0-7 (8 lines)
   Part 2: lines 8-15 (8 lines)
 Splitting block "Block 3" (16 lines) into 2 parts with ~8 lines each
   Part 1: lines 0-7 (8 lines)
   Part 2: lines 8-15 (8 lines)
 Rehearsal: Current line 1 belongs to block: block-1750409301829-0-oaesls6s2jn-part-0 Array(8)
 Rehearsal: New line 2 belongs to block: block-1750409301829-0-oaesls6s2jn-part-0 Array(8)
 Rehearsal: Same block (block-1750409301829-0-oaesls6s2jn-part-0), updating active line from 1 to 2
 [SETACTIVE] Called with index 2. Current style: rehearsal
 Rehearsal mode: Setting active line 2
 Activating rehearsal line at index 2
 BlockLoopControl: Активный блок изменился
 BlockLoopControl: _createLoopButtonForCurrentBlock called
 BlockLoopControl: lyricsDisplay.currentActiveBlock: Object
 BlockLoopControl: lyricsDisplay.textBlocks: Array(6)
 BlockLoopControl: Создаем кнопку для активного блока репетиции: Block 1
 BlockLoopControl: _createLoopButton called for block: Block 1
 BlockLoopControl: blockElement found: true
 BlockLoopControl: Кнопка создана для блока: Block 1
 🔇 Глубокая тишина - очистка нот
 🛑 Принудительная остановка всех нот (deep_silence), активных: 1
 🎯 Высокая ясность (97.8%) - принимаем возможную гармонику: 388.5Hz
 🚫 Октавный скачок заблокирован: 771.9Hz → 388.5Hz за 24мс (ratio: 0.50)
 ✅ Октавный переход разрешен: 771.9Hz → 386.2Hz за 42мс (ratio: 0.50)
 BlockLoopControl: Запуск зацикливания блока: Block 1
 BlockLoopControl: Calculating time range for block "Block 1" with lines [0,1,2,3,4,5,6,7]
 BlockLoopControl: Available markers count: 56
 BlockLoopControl: Block line range: 0 to 7
 BlockLoopControl: Found start marker for line 0: 20.73s
 BlockLoopControl: Searching for end marker after line 7
 BlockLoopControl: Found end marker (first of next block) for line 8: 41.95s
 BlockLoopControl: Block "Block 1" LOOP BOUNDS: START=20.73s END=41.95s (duration: 21.22s)
 BlockLoopControl: Временные границы блока: 20.73s - 41.95s
 BlockLoopControl: Зацикливание установлено, воспроизведение продолжается без прерывания
 BlockLoopControl: Добавлена оранжевая окантовка блока
 BlockLoopControl: Зацикливание активно 20.730380084325397s - 41.9476136444161s (без прерывания воспроизведения)
 BlockLoopControl: LOOP CHECK - Current: 27.35s, Start: 20.73s, End: 41.95s
 BlockLoopControl: LOOP CHECK - Current: 27.77s, Start: 20.73s, End: 41.95s
 BlockLoopControl: LOOP CHECK - Current: 28.17s, Start: 20.73s, End: 41.95s
 BlockLoopControl: LOOP CHECK - Current: 28.55s, Start: 20.73s, End: 41.95s
 Rehearsal: Line changing from 2 to 3
 Splitting block "Block 1" (16 lines) into 2 parts with ~8 lines each
   Part 1: lines 0-7 (8 lines)
   Part 2: lines 8-15 (8 lines)
 Splitting block "Block 3" (16 lines) into 2 parts with ~8 lines each
   Part 1: lines 0-7 (8 lines)
   Part 2: lines 8-15 (8 lines)
 Rehearsal: Current line 2 belongs to block: block-1750409301829-0-oaesls6s2jn-part-0 Array(8)
 Rehearsal: New line 3 belongs to block: block-1750409301829-0-oaesls6s2jn-part-0 Array(8)
 Rehearsal: Same block (block-1750409301829-0-oaesls6s2jn-part-0), updating active line from 2 to 3
 [SETACTIVE] Called with index 3. Current style: rehearsal
 Rehearsal mode: Setting active line 3
 Activating rehearsal line at index 3
 BlockLoopControl: Активный блок изменился
 BlockLoopControl: Остановка зацикливания
 BlockLoopControl: _createLoopButtonForCurrentBlock called
 BlockLoopControl: lyricsDisplay.currentActiveBlock: Object
 BlockLoopControl: lyricsDisplay.textBlocks: Array(6)
 BlockLoopControl: Создаем кнопку для активного блока репетиции: Block 1
 BlockLoopControl: _createLoopButton called for block: Block 1
 BlockLoopControl: blockElement found: true
 BlockLoopControl: Кнопка создана для блока: Block 1
 🔇 Глубокая тишина - очистка нот
 🛑 Принудительная остановка всех нот (deep_silence), активных: 1
 🔇 Глубокая тишина - очистка нот
 🛑 Принудительная остановка всех нот (deep_silence), активных: 1
 Key pressed: MetaLeft
 Key pressed: Meta, key code: 91, waveform active: false
 Key pressed: ShiftLeft
 Key pressed: Shift, key code: 16, waveform active: false
 LoopBlockManager: Shift key pressed, multiple selection mode active
 LoopBlockManager: Shift key released, multiple selection mode deactivated
 🔇 Глубокая тишина - очистка нот
 🛑 Принудительная остановка всех нот (deep_silence), активных: 1
 🔇 Глубокая тишина - очистка нот
 🛑 Принудительная остановка всех нот (deep_silence), активных: 1
 Rehearsal: Line changing from 3 to 4
 Splitting block "Block 1" (16 lines) into 2 parts with ~8 lines each
   Part 1: lines 0-7 (8 lines)
   Part 2: lines 8-15 (8 lines)
 Splitting block "Block 3" (16 lines) into 2 parts with ~8 lines each
   Part 1: lines 0-7 (8 lines)
   Part 2: lines 8-15 (8 lines)
 Rehearsal: Current line 3 belongs to block: block-1750409301829-0-oaesls6s2jn-part-0 Array(8)
 Rehearsal: New line 4 belongs to block: block-1750409301829-0-oaesls6s2jn-part-0 Array(8)
 Rehearsal: Same block (block-1750409301829-0-oaesls6s2jn-part-0), updating active line from 3 to 4
 [SETACTIVE] Called with index 4. Current style: rehearsal
 Rehearsal mode: Setting active line 4
 Activating rehearsal line at index 4
 BlockLoopControl: Активный блок изменился
 BlockLoopControl: _createLoopButtonForCurrentBlock called
 BlockLoopControl: lyricsDisplay.currentActiveBlock: Object
 BlockLoopControl: lyricsDisplay.textBlocks: Array(6)
 BlockLoopControl: Создаем кнопку для активного блока репетиции: Block 1
 BlockLoopControl: _createLoopButton called for block: Block 1
 BlockLoopControl: blockElement found: true
 BlockLoopControl: Кнопка создана для блока: Block 1
 🔇 Глубокая тишина - очистка нот
 🛑 Принудительная остановка всех нот (deep_silence), активных: 1
 Rehearsal: Line changing from 4 to 5
 Splitting block "Block 1" (16 lines) into 2 parts with ~8 lines each
   Part 1: lines 0-7 (8 lines)
   Part 2: lines 8-15 (8 lines)
 Splitting block "Block 3" (16 lines) into 2 parts with ~8 lines each
   Part 1: lines 0-7 (8 lines)
   Part 2: lines 8-15 (8 lines)
 Rehearsal: Current line 4 belongs to block: block-1750409301829-0-oaesls6s2jn-part-0 Array(8)
 Rehearsal: New line 5 belongs to block: block-1750409301829-0-oaesls6s2jn-part-0 Array(8)
 Rehearsal: Same block (block-1750409301829-0-oaesls6s2jn-part-0), updating active line from 4 to 5
 [SETACTIVE] Called with index 5. Current style: rehearsal
 Rehearsal mode: Setting active line 5
 Activating rehearsal line at index 5
 BlockLoopControl: Активный блок изменился
 BlockLoopControl: _createLoopButtonForCurrentBlock called
 BlockLoopControl: lyricsDisplay.currentActiveBlock: Object
 BlockLoopControl: lyricsDisplay.textBlocks: Array(6)
 BlockLoopControl: Создаем кнопку для активного блока репетиции: Block 1
 BlockLoopControl: _createLoopButton called for block: Block 1
 BlockLoopControl: blockElement found: true
 BlockLoopControl: Кнопка создана для блока: Block 1
 🔇 Глубокая тишина - очистка нот
 🛑 Принудительная остановка всех нот (deep_silence), активных: 1
 🔇 Глубокая тишина - очистка нот
 🛑 Принудительная остановка всех нот (deep_silence), активных: 1
 🚫 Блокирована очевидная гармоника: 74.5Hz (0.25x от 295.5Hz, ясность: 73.6%)
 🚫 Блокирована очевидная гармоника: 74.5Hz (0.25x от 295.5Hz, ясность: 73.3%)
 🔇 Глубокая тишина - очистка нот
 🛑 Принудительная остановка всех нот (deep_silence), активных: 1
 🔇 Глубокая тишина - очистка нот
 🛑 Принудительная остановка всех нот (deep_silence), активных: 1
 🔇 Глубокая тишина - очистка нот
 🛑 Принудительная остановка всех нот (deep_silence), активных: 1
 Rehearsal: Line changing from 5 to 6
 Splitting block "Block 1" (16 lines) into 2 parts with ~8 lines each
   Part 1: lines 0-7 (8 lines)
   Part 2: lines 8-15 (8 lines)
 Splitting block "Block 3" (16 lines) into 2 parts with ~8 lines each
   Part 1: lines 0-7 (8 lines)
   Part 2: lines 8-15 (8 lines)
 Rehearsal: Current line 5 belongs to block: block-1750409301829-0-oaesls6s2jn-part-0 Array(8)
 Rehearsal: New line 6 belongs to block: block-1750409301829-0-oaesls6s2jn-part-0 Array(8)
 Rehearsal: Same block (block-1750409301829-0-oaesls6s2jn-part-0), updating active line from 5 to 6
 [SETACTIVE] Called with index 6. Current style: rehearsal
 Rehearsal mode: Setting active line 6
 Activating rehearsal line at index 6
 BlockLoopControl: Активный блок изменился
 BlockLoopControl: _createLoopButtonForCurrentBlock called
 BlockLoopControl: lyricsDisplay.currentActiveBlock: Object
 BlockLoopControl: lyricsDisplay.textBlocks: Array(6)
 BlockLoopControl: Создаем кнопку для активного блока репетиции: Block 1
 BlockLoopControl: _createLoopButton called for block: Block 1
 BlockLoopControl: blockElement found: true
 BlockLoopControl: Кнопка создана для блока: Block 1
 🔇 Глубокая тишина - очистка нот
 🛑 Принудительная остановка всех нот (deep_silence), активных: 1
 🚫 Блокирована очевидная гармоника: 687.7Hz (2.02x от 340.2Hz, ясность: 88.8%)
 🎯 Высокая ясность (90.8%) - принимаем возможную гармонику: 699.7Hz
 ✅ Октавный переход разрешен: 352.7Hz → 699.7Hz за 298мс (ratio: 1.98)
 🎯 Высокая ясность (99.2%) - принимаем возможную гармонику: 348.0Hz
 🚫 Октавный скачок заблокирован: 697.4Hz → 348.0Hz за 33мс (ratio: 0.50)
 ✅ Октавный переход разрешен: 697.4Hz → 347.4Hz за 55мс (ratio: 0.50)
 🔇 Глубокая тишина - очистка нот
 🛑 Принудительная остановка всех нот (deep_silence), активных: 1
 Rehearsal: Line changing from 6 to 7
 Splitting block "Block 1" (16 lines) into 2 parts with ~8 lines each
   Part 1: lines 0-7 (8 lines)
   Part 2: lines 8-15 (8 lines)
 Splitting block "Block 3" (16 lines) into 2 parts with ~8 lines each
   Part 1: lines 0-7 (8 lines)
   Part 2: lines 8-15 (8 lines)
 Rehearsal: Current line 6 belongs to block: block-1750409301829-0-oaesls6s2jn-part-0 Array(8)
 Rehearsal: New line 7 belongs to block: block-1750409301829-0-oaesls6s2jn-part-0 Array(8)
 Rehearsal: Same block (block-1750409301829-0-oaesls6s2jn-part-0), updating active line from 6 to 7
 [SETACTIVE] Called with index 7. Current style: rehearsal
 Rehearsal mode: Setting active line 7
 Activating rehearsal line at index 7
 BlockLoopControl: Активный блок изменился
 BlockLoopControl: _createLoopButtonForCurrentBlock called
 BlockLoopControl: lyricsDisplay.currentActiveBlock: Object
 BlockLoopControl: lyricsDisplay.textBlocks: Array(6)
 BlockLoopControl: Создаем кнопку для активного блока репетиции: Block 1
 BlockLoopControl: _createLoopButton called for block: Block 1
 BlockLoopControl: blockElement found: true
 BlockLoopControl: Кнопка создана для блока: Block 1
 🔇 Глубокая тишина - очистка нот
 🛑 Принудительная остановка всех нот (deep_silence), активных: 1
 🔇 Глубокая тишина - очистка нот
 🛑 Принудительная остановка всех нот (deep_silence), активных: 1
 ✅ Октавный переход разрешен: 311.6Hz → 612.3Hz за 48мс (ratio: 1.97)
 🔇 Глубокая тишина - очистка нот
 🛑 Принудительная остановка всех нот (deep_silence), активных: 1
 Rehearsal: Line changing from 7 to 8
 Splitting block "Block 1" (16 lines) into 2 parts with ~8 lines each
   Part 1: lines 0-7 (8 lines)
   Part 2: lines 8-15 (8 lines)
 Splitting block "Block 3" (16 lines) into 2 parts with ~8 lines each
   Part 1: lines 0-7 (8 lines)
   Part 2: lines 8-15 (8 lines)
 Rehearsal: Current line 7 belongs to block: block-1750409301829-0-oaesls6s2jn-part-0 Array(8)
 Rehearsal: New line 8 belongs to block: block-1750409301829-0-oaesls6s2jn-part-1 Array(8)
 Rehearsal: *** BLOCK CHANGED *** from block-1750409301829-0-oaesls6s2jn-part-0 to block-1750409301829-0-oaesls6s2jn-part-1
 Rehearsal: Line changed from 7 to 8
 Rehearsal: Current block lines: Array(8)
 Rehearsal: New block lines: Array(8)
 Splitting block "Block 1" (16 lines) into 2 parts with ~8 lines each
   Part 1: lines 0-7 (8 lines)
   Part 2: lines 8-15 (8 lines)
 Splitting block "Block 3" (16 lines) into 2 parts with ~8 lines each
   Part 1: lines 0-7 (8 lines)
   Part 2: lines 8-15 (8 lines)
 Rehearsal: Current line: 8, Total blocks: 8
 Rehearsal: DETAILED Block structure:
   Block 0 (block-1750409301829-0-oaesls6s2jn-part-0): name="Block 1", lines=[0,1,2,3,4,5,6,7]
     Content preview: "Тебе нравится дым!...Черт с ним...
Он убивает слова, кругом голова.
Уже разносит молва по дворам"
       Line 0: "Тебе нравится дым!...Черт с ним..."
       Line 1: "Он убивает слова, кругом голова."
       Line 2: "Уже разносит молва по дворам"
       Line 3: "Что между нами чи-уа-уа!"
       Line 4: "О чем с тобой говорить? Потеряли нить..."
       Line 5: "Быть не собой перестать и дома спать."
       Line 6: "Нас не измерить на глаз, а сейчас"
       Line 7: "Зачем мы давим на тормоз, не на газ?"
   Block 1 (block-1750409301829-0-oaesls6s2jn-part-1): name="Block 1 (продолжение 2)", lines=[8,9,10,11,12,13,14,15]
     Content preview: "Вопрос извечный: зачем да почему?
Я понемногу с ума, ты не сама...
А это ночи в Крыму теперь кому?"
       Line 8: "Вопрос извечный: зачем да почему?"
       Line 9: "Я понемногу с ума, ты не сама..."
       Line 10: "А это ночи в Крыму теперь кому?"
       Line 11: "Я, если встречу, потом передам ему..."
       Line 12: "Писклявый твой голосок, как электрошок."
       Line 13: "Что я бухой без вина - твоя вина."
       Line 14: "Теперь узнает страна до темна"
       Line 15: "Им обо всем донесут на FM волнах..."
   Block 2 (1): name="Block 2", lines=[16,17,18,19,20,21]
     Content preview: "Я помню: белые обои, черная посуда...
Нас в хрущевке двое...
Кто мы и откуда...откуда?"
       Line 16: "Я помню: белые обои, черная посуда..."
       Line 17: "Нас в хрущевке двое..."
       Line 18: "Кто мы и откуда...откуда?"
       Line 19: "Задвигаем шторы, кофеек, плюшки стынут"
       Line 20: "Объясните теперь нам вахтеры"
       Line 21: "Почему я на ней так сдвинут?"
   Block 3 (2-part-0): name="Block 3", lines=[22,23,24,25,26,27,28,29]
     Content preview: "Давай вот так просидим до утра!
Не уходи, погоди...Но мне пора!
И если выход один впереди"
       Line 22: "Давай вот так просидим до утра!"
       Line 23: "Не уходи, погоди...Но мне пора!"
       Line 24: "И если выход один впереди"
       Line 25: "То почему мы то холод, то жара?"
       Line 26: "Раскладывать по местам я устал"
       Line 27: "И поворачивать вспять, но вот опять!..."
       Line 28: "Прикосновения плавили мой метал"
rtf-parser.js:849       Line 29: "Ты - элемент номер 5, не дать - не взять!"
rtf-parser.js:849   Block 4 (2-part-1): name="Block 3 (продолжение 2)", lines=[30,31,32,33,34,35,36,37]
rtf-parser.js:849     Content preview: "Идет к финалуиграв этот раз
А ты все также молчишь, я - говорю.
Минут 15 осталось до утра."
rtf-parser.js:849       Line 30: "Идет к финалуиграв этот раз"
rtf-parser.js:849       Line 31: "А ты все также молчишь, я - говорю."
rtf-parser.js:849       Line 32: "Минут 15 осталось до утра."
rtf-parser.js:849       Line 33: "Не вызывай, так словлю и свалю!"
rtf-parser.js:849       Line 34: "Попробуем все подшить, не ворошить"
rtf-parser.js:849       Line 35: "Мобильные номера постирать."
rtf-parser.js:849       Line 36: "А уходить неспросив нету сил!"
rtf-parser.js:849       Line 37: "Давай попробуем заново все собрать!"
rtf-parser.js:849   Block 5 (3): name="Block 4", lines=[38,39,40,41,42,43]
rtf-parser.js:849     Content preview: "Белые обои, черную посуду
Нас в хрущевке двое...
Кто мы и откуда...откуда?"
rtf-parser.js:849       Line 38: "Белые обои, черную посуду"
rtf-parser.js:849       Line 39: "Нас в хрущевке двое..."
rtf-parser.js:849       Line 40: "Кто мы и откуда...откуда?"
rtf-parser.js:849       Line 41: "Задвигаем шторы, кофеек, плюшки стынут"
rtf-parser.js:849       Line 42: "Объясните теперь нам вахтеры"
rtf-parser.js:849       Line 43: "Почему я на ней так сдвинут?"
rtf-parser.js:849   Block 6 (4): name="Block 5", lines=[44,45,46,47,48,49]
rtf-parser.js:849     Content preview: "Я помню: белые обои, черная посуда...
Нас в хрущевке двое...
Кто мы и откуда...откуда?"
rtf-parser.js:849       Line 44: "Я помню: белые обои, черная посуда..."
rtf-parser.js:849       Line 45: "Нас в хрущевке двое..."
rtf-parser.js:849       Line 46: "Кто мы и откуда...откуда?"
rtf-parser.js:849       Line 47: "Задвигаем шторы, кофеек, плюшки стынут"
rtf-parser.js:849       Line 48: "Объясните теперь нам вахтеры"
rtf-parser.js:849       Line 49: "Почему я на ней так сдвинут?"
rtf-parser.js:849   Block 7 (5): name="Block 6", lines=[50,51,52,53,54,55]
rtf-parser.js:849     Content preview: "Я помню: белые обои, черная посуда...
Нас в хрущевке двое...
Кто мы и откуда...откуда?"
rtf-parser.js:849       Line 50: "Я помню: белые обои, черная посуда..."
rtf-parser.js:849       Line 51: "Нас в хрущевке двое..."
rtf-parser.js:849       Line 52: "Кто мы и откуда...откуда?"
rtf-parser.js:849       Line 53: "Задвигаем шторы, кофеек, плюшки стынут"
rtf-parser.js:849       Line 54: "Объясните теперь нам вахтеры"
rtf-parser.js:849       Line 55: "Почему я на ней так сдвинут?"
rtf-parser.js:849 Rehearsal: Looking for block containing line 8
rtf-parser.js:849   Checking block 0: lineIndices=[0,1,2,3,4,5,6,7]
rtf-parser.js:849   ✗ Block 0 does NOT contain line 8
rtf-parser.js:849   Checking block 1: lineIndices=[8,9,10,11,12,13,14,15]
rtf-parser.js:849   ✓ Found! Block 1 contains line 8
rtf-parser.js:849 Rehearsal: Found active block at index 1 with lines: Array(8)
rtf-parser.js:849 Rehearsal: Active block 1: Object
rtf-parser.js:849 >>> FONT_CALC_DEBUG >>> Lines: 8, FontSize: 2.10rem, LineHeight: 2.72rem
rtf-parser.js:849 Rehearsal: Activated line 8 in block with transition: none
rtf-parser.js:849 Rehearsal: Next block preview for block 2: Object
rtf-parser.js:849 Rehearsal: Preview lines: Array(2)
rtf-parser.js:849 Rehearsal: Adding preview line 16: "Я помню: белые обои, черная посуда..."
rtf-parser.js:849 Rehearsal: Adding preview line 17: "Нас в хрущевке двое..."
rtf-parser.js:849 Rehearsal: Preview container added with 2 lines
rtf-parser.js:849 Rehearsal mode: Rendered active block 1 with next block preview
rtf-parser.js:849 BlockLoopControl: Обновление для текущего блока
rtf-parser.js:849 BlockLoopControl: Блок изменился, останавливаем зацикливание
rtf-parser.js:849 BlockLoopControl: _createLoopButtonForCurrentBlock called
rtf-parser.js:849 BlockLoopControl: lyricsDisplay.currentActiveBlock: Object
rtf-parser.js:849 BlockLoopControl: lyricsDisplay.textBlocks: Array(6)
rtf-parser.js:849 BlockLoopControl: Создаем кнопку для активного блока репетиции: Block 1 (продолжение 2)
rtf-parser.js:849 BlockLoopControl: _createLoopButton called for block: Block 1 (продолжение 2)
rtf-parser.js:849 BlockLoopControl: blockElement found: true
rtf-parser.js:849 BlockLoopControl: Кнопка создана для блока: Block 1 (продолжение 2)
rtf-parser.js:849 Rehearsal: Auto-scrolling to active line in large block
rtf-parser.js:849 🔇 Глубокая тишина - очистка нот
rtf-parser.js:849 🛑 Принудительная остановка всех нот (deep_silence), активных: 1
rtf-parser.js:849 🚫 Октавный скачок заблокирован: 572.7Hz → 297.5Hz за 23мс (ratio: 0.52)
rtf-parser.js:849 ✅ Октавный переход разрешен: 572.7Hz → 300.0Hz за 41мс (ratio: 0.52)
rtf-parser.js:849 Key pressed: Space
rtf-parser.js:849 Space bar pressed, toggling playback
rtf-parser.js:849 ⏸️ ИНСТРУМЕНТАЛ: Пауза
rtf-parser.js:849 ⏸️ ВОКАЛ: Пауза
rtf-parser.js:849 isPlaying property set to: false
rtf-parser.js:849 Key pressed:  , key code: 32, waveform active: false
rtf-parser.js:849 🔍 Статический анализ: 74.1Hz (76.1%)
rtf-parser.js:849 ✅ Октавный переход разрешен: 296.4Hz → 74.1Hz за 75мс (ratio: 0.25)
rtf-parser.js:849 🔍 Статический анализ: 233.0Hz (72.6%)
rtf-parser.js:849 Key pressed: MetaLeft
rtf-parser.js:849 Key pressed: Meta, key code: 91, waveform active: false
rtf-parser.js:849 Key pressed: AltLeft
rtf-parser.js:849 Key pressed: Alt, key code: 18, waveform active: false
rtf-parser.js:849 Key pressed: KeyJ
rtf-parser.js:849 Key pressed: j, key code: 74, waveform active: false
