debug-config.js:69 🔧 DEBUG_CONFIG загружен. Используйте toggleDebugLogs(true) для включения логов
utils.js:91 📦 Utils module loaded
state-manager.js:9 StateManager initialized
state-manager.js:126 📦 StateManager module loaded
audio-engine.js:46 🚀 AudioEngine (Hybrid Engine) - Гибридная архитектура восстановлена
audio-engine.js:54 Space bar handler attached
rtf-parser.js:849 LyricsDisplay initialized
rtf-parser.js:849 RtfParserAdapter: Инициализация
rtf-parser.js:849 - EnhancedRtfProcessor доступен: true
rtf-parser.js:849 - Стандартный RtfParser доступен: true
rtf-parser.js:849 TrackCatalog initialized
rtf-parser.js:849 MarkerManager initialized
rtf-parser.js:849 WaveformEditor loaded
rtf-parser.js:849 WaveformEditor initialized
rtf-parser.js:849 BlockLoopControl: Класс загружен
rtf-parser.js:849 RTF Parser Integration: Инициализация интеграции улучшенного RTF-парсера (после определения объекта)
rtf-parser.js:849 RTF Parser Integration: Начало интеграции
rtf-parser.js:849 RTF Parser Integration: TrackCatalog уже использует RtfParserAdapter если он доступен
rtf-parser.js:849 RTF Parser Integration: Интеграция завершена успешно
rtf-parser.js:849 🎹 Инициализация клавиатуры...
rtf-parser.js:849 LiveFeed module loaded (placeholder)
rtf-parser.js:849 TrackCatalog: _finalizeUploadFromBlockEditor CALLED - should be obsolete now.
rtf-parser.js:849 Загружено 5 треков из базы данных
rtf-parser.js:849 Проверка треков завершена успешно, проблем не обнаружено
rtf-parser.js:849 ✅ Pitchy библиотека загружена в beLive
rtf-parser.js:849 LiveMode: Автоматическая инициализация при загрузке документа
rtf-parser.js:849 LiveMode: Создание нового экземпляра
rtf-parser.js:849 LiveMode: Маски инициализированы без использования изображений
rtf-parser.js:849 LiveMode: getUserMedia поддерживается: true
rtf-parser.js:849 LiveMode: Безопасный контекст: true
rtf-parser.js:849 LiveMode: Определен localhost, разрешен HTTP
live-mode.js:521 LiveMode: Метод toggleStreaming не найден и не может быть привязан
(анонимная) @ live-mode.js:521
rtf-parser.js:849 LiveMode: Базовая инициализация завершена
rtf-parser.js:849 LiveMode: Предварительная инициализация камеры...
rtf-parser.js:849 LiveMode: экземпляр создан
rtf-parser.js:849 LiveFeed initialized
rtf-parser.js:849 DOM content loaded, waiting for components
rtf-parser.js:849 ✅ Pitchy готов для точной детекции
rtf-parser.js:849 🎹 Кнопка найдена
rtf-parser.js:849 🔗 Настройка интеграции для точной детекции...
rtf-parser.js:849 🎤 Статус для точной детекции: false
rtf-parser.js:849 🎯 КАЛИБРОВКА: A4 = 440.00Hz (должно быть 440.00Hz)
rtf-parser.js:849 🎹 Создано 48 клавиш для точной детекции
rtf-parser.js:849 🎹 Piano Keyboard инициализирован
rtf-parser.js:849 All components ready, initializing app...
rtf-parser.js:849 Initializing beLive App
app.js:53 WordAlignerV2 not found, creating placeholder
App @ app.js:53
rtf-parser.js:849 LyricsDisplay: Setting style to Стандартный
rtf-parser.js:849 Rendering lyrics. Current style ID: default
rtf-parser.js:849 Applied style 'Стандартный'
rtf-parser.js:849 TextStyleManager: Проверка доступности LiveMode...
rtf-parser.js:849 TextStyleManager: Класс LiveMode найден, предварительная инициализация камеры...
rtf-parser.js:849 TextStyleManager: LiveMode уже инициализирован
rtf-parser.js:849 TextStyleManager initialized with 8 styles and 29 total transitions
rtf-parser.js:849 Text style manager initialized
rtf-parser.js:849 Initializing Microphone UI...
 Microphone UI initialized using existing DOM elements.
 LoopBlockManager: Checking audio initialization...
 LoopBlockManager: Audio buffer or context not available (check 0)
_checkAudioAndInitialize @ loopblock-manager.js:137
 LoopBlockManager: Initializing sync listeners
 LoopBlockManager: progressBarContainer found - width: 1054.4375px, height: 10px, overflow: visible
 LoopBlockManager: progressBarContainer offsetWidth: 1054, offsetHeight: 10
 LoopBlockManager: progressBarContainer children: 3
 LoopBlockManager: Child 0: progress-bar-loaded, display: block, zIndex: 1
 LoopBlockManager: Child 1: progress-bar, display: block, zIndex: 2
 LoopBlockManager: Child 2: progress-tooltip, display: block, zIndex: 10
 LoopBlockManager initialized
 LoopBlockManager component ready
 BlockLoopControl: Инициализирован
 BlockLoopControl component ready
 🎭 MaskSystem: Инициализация продвинутой системы масок
 🎭 MaskSystem: Конструктор завершен
 🎭 MaskSystem создан
 🎭 MaskSystem component ready
 Initializing LoopBlock controls
 Audio not fully loaded yet, setting up delayed initialization
 🎭 MaskSystem: Обработчик кнопки подключен
 🚀 Инициализация Живой Ленты
 ✅ Живая Лента инициализирована
 🚀 Показываю Живую Ленту
 ✅ Живая Лента активирована
 beLive App initialized
 App initialized successfully
 🎭 MediaPipe: Начинаем загрузку библиотек...
 🎭 MediaPipe: Ожидание загрузки библиотек...
 🎭 MediaPipe: Все библиотеки загружены успешно
 🎭 MaskSystem: Официальный MediaPipe FaceMesh готов
 🏃 MaskSystem: MediaPipe Pose готов
 ✋ MaskSystem: MediaPipe Hands готов
 🤖 MaskSystem: MediaPipe Holistic готов
 🎨 MaskSystem: MediaPipe Selfie Segmentation готов
 🎭 MaskSystem: MediaPipe готов к использованию
 🎯 Background Effects Engine v2.0 инициализирован
 🔄 Инициализация Background Effects Engine...
 ✅ Background Effects Engine готов
 🎤 Запуск ТОЧНОГО анализа вокальной дорожки...
 🔊 Инициализация аудио для точной детекции...
 ✅ Используем audioEngine.audioContext
 ✅ Pitchy детектор готов для точной работы
 ✅ Подключен к ВОКАЛЬНОМУ узлу: GainNode
 ✅ ТОЧНЫЙ анализ запущен
 LiveMode: Запуск предварительной инициализации камеры
 LiveMode: Предварительная инициализация камеры...
 LoopBlockManager: Проверка доступности аудио (попытка 2/5)
 Application fully loaded, components initialized
 LoopBlockManager: Проверка доступности аудио (попытка 3/5)
 🎯 Начальная калибровка системы...
 🎯 ===== ЗАПУСК КАЛИБРОВОЧНЫХ ТЕСТОВ ПИТЧА =====
 📋 Тестируем расчет частот:
 ✅ C4: рассчитано=261.63Hz, ожидается=261.63Hz, ошибка=0.002%
 ✅ D4: рассчитано=293.66Hz, ожидается=293.66Hz, ошибка=0.002%
 ✅ E4: рассчитано=329.63Hz, ожидается=329.63Hz, ошибка=0.001%
 ✅ F4: рассчитано=349.23Hz, ожидается=349.23Hz, ошибка=0.001%
 ✅ G4: рассчитано=392.00Hz, ожидается=392Hz, ошибка=0.001%
 🎯 КАЛИБРОВКА: A4 = 440.00Hz (должно быть 440.00Hz)
 ✅ A4: рассчитано=440.00Hz, ожидается=440Hz, ошибка=0.000%
 ✅ B4: рассчитано=493.88Hz, ожидается=493.88Hz, ошибка=0.001%
 📋 Тестируем обратное преобразование:
 ✅ 261.63Hz → обнаружено="C4", ожидается="C4"
 ✅ 293.66Hz → обнаружено="D4", ожидается="D4"
 ✅ 329.63Hz → обнаружено="E4", ожидается="E4"
 ✅ 349.23Hz → обнаружено="F4", ожидается="F4"
 ✅ 392Hz → обнаружено="G4", ожидается="G4"
 ✅ 440Hz → обнаружено="A4", ожидается="A4"
 ✅ 493.88Hz → обнаружено="B4", ожидается="B4"
 📊 РЕЗУЛЬТАТЫ КАЛИБРОВКИ:
    Пройдено тестов: 14/14
    Процент успеха: 100.0%
    Средняя ошибка: 0.001%
 🎯 ✅ КАЛИБРОВКА ПИТЧА ПРОШЛА УСПЕШНО!
 🎯 ===== КАЛИБРОВОЧНЫЕ ТЕСТЫ ЗАВЕРШЕНЫ =====
 LiveMode: Доступ к камере получен при предварительной инициализации
 LiveMode: Получено 1 видеотреков. Активный: FaceTime HD Camera
 LiveMode: Предварительная инициализация камеры успешно завершена
 LoopBlockManager: Аудио не загружено после 5 попыток. Для работы функций зацикливания необходимо загрузить аудиофайл.
_checkAudioAgain @ loopblock-manager.js:219
 LiveMode: Доступ к камере получен при предварительной инициализации
 LiveMode: Получено 1 видеотреков. Активный: FaceTime HD Camera
 LiveMode: Предварительная инициализация камеры успешно завершена
 LiveMode: Предварительная инициализация камеры успешна
 🚀 Быстрый переход в режим: karaoke
 Switching to karaoke mode
 App: Сохраняем предыдущий режим: concert
 Activating karaoke mode
 Karaoke Background Manager: Starting slideshow...
 Applying style: Караоке with scale 1.20
 TextStyleManager: Scaled font size from 1.4em to 1.68em
 LyricsDisplay: Setting style to Караоке
 [KARAOKE] DOM not found or empty in _renderLyrics, creating it.
 TextStyleManager: Scaled font size from 1.4em to 1.68em
 Applied style class to lyrics-container: style-karaoke
 🚀 Скрываю Живую Ленту
 ✅ Возврат в классический зал
 ✅ Karaoke Background Manager: SUCCESSFULLY set background to Karaoke/pexels-clemlep-13659549.jpg
 TrackCatalog: openCatalog() called
 TrackCatalog: catalogContainer exists: true
 TrackCatalog: catalogContainer classes before: hidden
 TrackCatalog: catalogContainer classes after: 
 TrackCatalog: Catalog should now be visible
 🔄 Loading track: "Бумбокс – Вахтерам"
 🔄 StateManager: Starting HARD RESET of all components
 1. Resetting AudioEngine...
 AudioEngine: Starting reset...
 isPlaying property set to: false
 ⏹️ ГИБРИД: Остановлен и сброшен
 🧹 СПРИНТЕР: Ресурсы очищены
 AudioEngine: Reset completed successfully
 ✅ AudioEngine reset complete
 2. Resetting LyricsDisplay...
 💥 LyricsDisplay: Performing full reset.
 ✅ LyricsDisplay: Full reset complete. All lyric data and DOM elements cleared.
 ✅ LyricsDisplay full reset complete
 3. Resetting TextStyleManager...
 💥 TextStyleManager: Full reset initiated.
 ✅ TextStyleManager: Reset complete. All states and caches cleared.
 ✅ TextStyleManager reset complete.
 🎉 StateManager: HARD RESET completed successfully
 ✅ All components ready for new track
 ⏱️ HARD_RESET_TIME: 1.388916015625 ms
 TrackCatalog: Set waveformEditor.lastLoadedFile to Бумбокс – Вахтерам.rtf
 TrackCatalog: Set waveformEditor.currentTrackId to 1750298619469
 TrackCatalog: Found 6 blocks. Preparing them for rendering after audio load.
 LyricsDisplay: Loading 6 imported blocks.
 Block 0 loaded: id="block-1750410962003-0-yt85b7a3q6a", name="Block 1", lines=16
 Block 1 loaded: id="1", name="Block 2", lines=6
 Block 2 loaded: id="2", name="Block 3", lines=16
 Block 3 loaded: id="3", name="Block 4", lines=6
 Block 4 loaded: id="4", name="Block 5", lines=6
 Block 5 loaded: id="5", name="Block 6", lines=6
 LyricsDisplay: Skipping render as requested by shouldRender=false
 LyricsDisplay: Successfully loaded 6 blocks, total lyric lines: 56.
 LyricsDisplay: Updated marker colors after loading blocks
 ⏱️ LYRICS_PREPARE_TIME: 1.157958984375 ms
 ⏱️ BLOB_CREATION_TIME: 53.13818359375 ms
 🚀 ГИБРИД: Загрузка двойного потока
 isPlaying property set to: false
 ⏹️ ГИБРИД: Остановлен и сброшен
 🎚️ МАСТЕР: Создание микшированной дорожки...
 🎚️ МАСТЕР: Инструментал URL: blob:null/288fc20c-5ec9-4888-8058-90bf38d24490...
 🎚️ МАСТЕР: Вокал URL: blob:null/0f9f3025-5d9a-4958-851c-8f00fb96aa61...
 🎚️ МАСТЕР: Загружаем аудиофайлы...
 🎚️ МАСТЕР: Конвертируем в ArrayBuffer...
 🎚️ МАСТЕР: Инструментал размер: 9630868 байт
 🎚️ МАСТЕР: Вокал размер: 9630868 байт
 🎚️ МАСТЕР: Декодируем аудиоданные...
 ✅ ИНСТРУМЕНТАЛ ГОТОВ! Длительность: 240.69с
 ⏱️ HYBRID_ENGINE_LOAD_TIME: 285.194091796875 ms
 🎯 ГИБРИД: Рассинхронизация устранена!
 🚀 Скрываю Живую Ленту
 ✅ Возврат в классический зал
 Applying style: Караоке with scale 1.20
 TextStyleManager: Scaled font size from 1.4em to 1.68em
 LyricsDisplay: Setting style to Караоке
 [KARAOKE] DOM not found or empty in _renderLyrics, creating it.
 TextStyleManager: Scaled font size from 1.4em to 1.68em
 Track loaded event detected, initializing LoopBlockManager CustomEvent
 LoopBlockManager already initialized
 ⏱️ AUDIO_LOAD_TIME: 289.44287109375 ms
 Loading 56 markers for track Бумбокс – Вахтерам
 Validating 56 markers for 56 lyric lines
 Kept 56 valid markers out of 56
 🚀 Скрываю Живую Ленту
 ✅ Возврат в классический зал
 Applying style: Караоке with scale 1.20
 TextStyleManager: Scaled font size from 1.4em to 1.68em
 LyricsDisplay: Setting style to Караоке
 TextStyleManager: Scaled font size from 1.4em to 1.68em
 Track loaded event detected, initializing LoopBlockManager CustomEvent
 LoopBlockManager already initialized
 🎵 АВТОПЛЕЙ: Запуск воспроизведения...
 ✅ Track "Бумбокс – Вахтерам" loaded successfully
 ✅ ВОКАЛ ГОТОВ! Длительность: 240.69с
 🎤 ВОКАЛ ПОДКЛЮЧЕН к аудио-контексту
 Audio ready detected via timer, initializing LoopBlockManager
 LoopBlockManager already initialized
 🎨 StateManager: Forcing text rerender in current mode
 🎤 Karaoke mode detected, should work correctly
 ⏱️ FINAL_RENDER_TIME: 157.718994140625 ms
 ⏱️ TOTAL_TRACK_LOAD_TIME: 512.50390625 ms
 ▶️ ИНСТРУМЕНТАЛ: Воспроизведение начато
 🔍 Статический анализ: 6278.1Hz (70.4%)
 🎤 ВОКАЛ: Синхронизирован и воспроизводится
 isPlaying property set to: true
 ✅ АВТОПЛЕЙ: Воспроизведение начато успешно
 Switching to rehearsal mode
 App: Сохраняем предыдущий режим: karaoke
 Activating rehearsal mode
 Karaoke Background Manager: Stopping slideshow...
 Applying style: Репетиция with scale 1.00
 LyricsDisplay: Setting style to Репетиция
 Activating Rehearsal Display with blocks: Array(6)
 Rendering lyrics. Current style ID: rehearsal
 Splitting block "Block 1" (16 lines) into 2 parts with ~8 lines each
   Part 1: lines 0-7 (8 lines)
   Part 2: lines 8-15 (8 lines)
 Splitting block "Block 3" (16 lines) into 2 parts with ~8 lines each
   Part 1: lines 0-7 (8 lines)
   Part 2: lines 8-15 (8 lines)
 Rehearsal: Current line: 0, Total blocks: 8
 Rehearsal: DETAILED Block structure:
   Block 0 (block-1750410962003-0-yt85b7a3q6a-part-0): name="Block 1", lines=[0,1,2,3,4,5,6,7]
     Content preview: "Тебе нравится дым!...Черт с ним...
Он убивает слова, кругом голова.
Уже разносит молва по дворам"
       Line 0: "Тебе нравится дым!...Черт с ним..."
       Line 1: "Он убивает слова, кругом голова."
       Line 2: "Уже разносит молва по дворам"
       Line 3: "Что между нами чи-уа-уа!"
       Line 4: "О чем с тобой говорить? Потеряли нить..."
       Line 5: "Быть не собой перестать и дома спать."
       Line 6: "Нас не измерить на глаз, а сейчас"
       Line 7: "Зачем мы давим на тормоз, не на газ?"
   Block 1 (block-1750410962003-0-yt85b7a3q6a-part-1): name="Block 1 (продолжение 2)", lines=[8,9,10,11,12,13,14,15]
     Content preview: "Вопрос извечный: зачем да почему?
Я понемногу с ума, ты не сама...
А это ночи в Крыму теперь кому?"
       Line 8: "Вопрос извечный: зачем да почему?"
       Line 9: "Я понемногу с ума, ты не сама..."
       Line 10: "А это ночи в Крыму теперь кому?"
       Line 11: "Я, если встречу, потом передам ему..."
       Line 12: "Писклявый твой голосок, как электрошок."
       Line 13: "Что я бухой без вина - твоя вина."
       Line 14: "Теперь узнает страна до темна"
       Line 15: "Им обо всем донесут на FM волнах..."
   Block 2 (1): name="Block 2", lines=[16,17,18,19,20,21]
     Content preview: "Я помню: белые обои, черная посуда...
Нас в хрущевке двое...
Кто мы и откуда...откуда?"
       Line 16: "Я помню: белые обои, черная посуда..."
       Line 17: "Нас в хрущевке двое..."
       Line 18: "Кто мы и откуда...откуда?"
       Line 19: "Задвигаем шторы, кофеек, плюшки стынут"
       Line 20: "Объясните теперь нам вахтеры"
       Line 21: "Почему я на ней так сдвинут?"
   Block 3 (2-part-0): name="Block 3", lines=[22,23,24,25,26,27,28,29]
     Content preview: "Давай вот так просидим до утра!
Не уходи, погоди...Но мне пора!
И если выход один впереди"
       Line 22: "Давай вот так просидим до утра!"
       Line 23: "Не уходи, погоди...Но мне пора!"
       Line 24: "И если выход один впереди"
       Line 25: "То почему мы то холод, то жара?"
       Line 26: "Раскладывать по местам я устал"
       Line 27: "И поворачивать вспять, но вот опять!..."
       Line 28: "Прикосновения плавили мой метал"
       Line 29: "Ты - элемент номер 5, не дать - не взять!"
   Block 4 (2-part-1): name="Block 3 (продолжение 2)", lines=[30,31,32,33,34,35,36,37]
     Content preview: "Идет к финалуиграв этот раз
А ты все также молчишь, я - говорю.
Минут 15 осталось до утра."
       Line 30: "Идет к финалуиграв этот раз"
       Line 31: "А ты все также молчишь, я - говорю."
       Line 32: "Минут 15 осталось до утра."
       Line 33: "Не вызывай, так словлю и свалю!"
       Line 34: "Попробуем все подшить, не ворошить"
       Line 35: "Мобильные номера постирать."
       Line 36: "А уходить неспросив нету сил!"
       Line 37: "Давай попробуем заново все собрать!"
   Block 5 (3): name="Block 4", lines=[38,39,40,41,42,43]
     Content preview: "Белые обои, черную посуду
Нас в хрущевке двое...
Кто мы и откуда...откуда?"
       Line 38: "Белые обои, черную посуду"
       Line 39: "Нас в хрущевке двое..."
       Line 40: "Кто мы и откуда...откуда?"
       Line 41: "Задвигаем шторы, кофеек, плюшки стынут"
       Line 42: "Объясните теперь нам вахтеры"
       Line 43: "Почему я на ней так сдвинут?"
   Block 6 (4): name="Block 5", lines=[44,45,46,47,48,49]
     Content preview: "Я помню: белые обои, черная посуда...
Нас в хрущевке двое...
Кто мы и откуда...откуда?"
       Line 44: "Я помню: белые обои, черная посуда..."
       Line 45: "Нас в хрущевке двое..."
       Line 46: "Кто мы и откуда...откуда?"
       Line 47: "Задвигаем шторы, кофеек, плюшки стынут"
       Line 48: "Объясните теперь нам вахтеры"
       Line 49: "Почему я на ней так сдвинут?"
   Block 7 (5): name="Block 6", lines=[50,51,52,53,54,55]
     Content preview: "Я помню: белые обои, черная посуда...
Нас в хрущевке двое...
Кто мы и откуда...откуда?"
       Line 50: "Я помню: белые обои, черная посуда..."
       Line 51: "Нас в хрущевке двое..."
       Line 52: "Кто мы и откуда...откуда?"
       Line 53: "Задвигаем шторы, кофеек, плюшки стынут"
       Line 54: "Объясните теперь нам вахтеры"
       Line 55: "Почему я на ней так сдвинут?"
 Rehearsal: Looking for block containing line 0
   Checking block 0: lineIndices=[0,1,2,3,4,5,6,7]
   ✓ Found! Block 0 contains line 0
rtf-parser.js:849 Rehearsal: Found active block at index 0 with lines: Array(8)
rtf-parser.js:849 Rehearsal: Active block 0: Object
rtf-parser.js:849 >>> FONT_CALC_DEBUG >>> Lines: 8, FontSize: 2.10rem, LineHeight: 2.72rem
rtf-parser.js:849 Rehearsal: Activated line 0 in block with transition: none
rtf-parser.js:849 Rehearsal: Next block preview for block 1: Object
rtf-parser.js:849 Rehearsal: Preview lines: Array(2)
rtf-parser.js:849 Rehearsal: Adding preview line 8: "Вопрос извечный: зачем да почему?"
rtf-parser.js:849 Rehearsal: Adding preview line 9: "Я понемногу с ума, ты не сама..."
rtf-parser.js:849 Rehearsal: Preview container added with 2 lines
rtf-parser.js:849 Rehearsal mode: Rendered active block 0 with next block preview
rtf-parser.js:849 BlockLoopControl: Активирован
rtf-parser.js:849 BlockLoopControl: _createLoopButtonForCurrentBlock called
rtf-parser.js:849 BlockLoopControl: lyricsDisplay.currentActiveBlock: Object
rtf-parser.js:849 BlockLoopControl: lyricsDisplay.textBlocks: Array(6)
rtf-parser.js:849 BlockLoopControl: Создаем кнопку для активного блока репетиции: Block 1
rtf-parser.js:849 BlockLoopControl: _createLoopButton called for block: Block 1
rtf-parser.js:849 BlockLoopControl: blockElement found: true
rtf-parser.js:849 BlockLoopControl: Кнопка создана для блока: Block 1
rtf-parser.js:849 🚀 Скрываю Живую Ленту
rtf-parser.js:849 ✅ Возврат в классический зал
rtf-parser.js:849 Rehearsal: Auto-scrolling to active line in large block
rtf-parser.js:849 ✅ Октавный переход разрешен: 387.8Hz → 758.8Hz за 46мс (ratio: 1.96)
rtf-parser.js:849 🎯 Высокая ясность (97.8%) - принимаем возможную гармонику: 350.9Hz
rtf-parser.js:849 🚫 Октавный скачок заблокирован: 718.1Hz → 350.9Hz за 26мс (ratio: 0.49)
rtf-parser.js:849 ✅ Октавный переход разрешен: 718.1Hz → 352.5Hz за 42мс (ratio: 0.49)
rtf-parser.js:849 🎚️ МАСТЕР: Инструментал - каналов: 2, длина: 10614575, частота: 44100Hz
rtf-parser.js:849 🎚️ МАСТЕР: Вокал - каналов: 2, длина: 10614575, частота: 44100Hz
rtf-parser.js:849 🎚️ МАСТЕР: Создан буфер - каналов: 2, длина: 10614575
rtf-parser.js:849 🎚️ МАСТЕР: Начинаем микширование каналов...
rtf-parser.js:849 🎚️ МАСТЕР: Микширование завершено, конвертируем в blob...
rtf-parser.js:849 🎚️ МАСТЕР: Микшированная дорожка создана! URL: blob:null/90f2d2f4-386e-45f1-a8fb-b74332490207...
rtf-parser.js:849 🎚️ МАСТЕР: Размер blob: 42458344 байт
rtf-parser.js:849 🎚️ МАСТЕР: Обновляем URL после создания микшированной дорожки
rtf-parser.js:849 🎚️ МАСТЕР URL обновлен: blob:null/90f2d2f4-386e-45f1-a8fb-b74332490207...
rtf-parser.js:849 🔇 Глубокая тишина - очистка нот
rtf-parser.js:849 🛑 Принудительная остановка всех нот (deep_silence), активных: 1
rtf-parser.js:849 🎵 AudioEngine: Установка скорости воспроизведения: 105%
rtf-parser.js:849 Key pressed: Space
rtf-parser.js:849 Space bar pressed, toggling playback
rtf-parser.js:849 ⏸️ ИНСТРУМЕНТАЛ: Пауза
rtf-parser.js:849 ⏸️ ВОКАЛ: Пауза
rtf-parser.js:849 isPlaying property set to: false
rtf-parser.js:849 Key pressed:  , key code: 32, waveform active: false
rtf-parser.js:849 Key pressed: Space
rtf-parser.js:849 Space bar pressed, toggling playback
rtf-parser.js:849 Key pressed:  , key code: 32, waveform active: false
rtf-parser.js:849 ▶️ ИНСТРУМЕНТАЛ: Воспроизведение начато
rtf-parser.js:849 🎤 ВОКАЛ: Синхронизирован и воспроизводится
rtf-parser.js:849 isPlaying property set to: true
rtf-parser.js:849 🔇 Глубокая тишина - очистка нот
rtf-parser.js:849 🛑 Принудительная остановка всех нот (deep_silence), активных: 1
rtf-parser.js:849 🎯 Высокая ясность (91.9%) - принимаем возможную гармонику: 587.1Hz
rtf-parser.js:849 ✅ Октавный переход разрешен: 293.8Hz → 587.1Hz за 547мс (ratio: 2.00)
rtf-parser.js:849 🎯 Высокая ясность (99.2%) - принимаем возможную гармонику: 292.8Hz
rtf-parser.js:849 ✅ Октавный переход разрешен: 586.1Hz → 292.8Hz за 44мс (ratio: 0.50)
rtf-parser.js:849 🔇 Глубокая тишина - очистка нот
rtf-parser.js:849 🛑 Принудительная остановка всех нот (deep_silence), активных: 1
rtf-parser.js:849 🎵 AudioEngine: Установка скорости воспроизведения: 100%
rtf-parser.js:849 🔇 Глубокая тишина - очистка нот
rtf-parser.js:849 🛑 Принудительная остановка всех нот (deep_silence), активных: 1
rtf-parser.js:849 ✅ Октавный переход разрешен: 699.2Hz → 336.5Hz за 72мс (ratio: 0.48)
rtf-parser.js:849 Key pressed: Space
rtf-parser.js:849 Space bar pressed, toggling playback
rtf-parser.js:849 ⏸️ ИНСТРУМЕНТАЛ: Пауза
rtf-parser.js:849 ⏸️ ВОКАЛ: Пауза
rtf-parser.js:849 isPlaying property set to: false
rtf-parser.js:849 Key pressed:  , key code: 32, waveform active: false
rtf-parser.js:849 Key pressed: MetaLeft
rtf-parser.js:849 Key pressed: Meta, key code: 91, waveform active: false
rtf-parser.js:849 Key pressed: ShiftLeft
rtf-parser.js:849 Key pressed: Shift, key code: 16, waveform active: false
rtf-parser.js:849 LoopBlockManager: Shift key pressed, multiple selection mode active
rtf-parser.js:849 LoopBlockManager: Shift key released, multiple selection mode deactivated
rtf-parser.js:849 Key pressed: AltLeft
rtf-parser.js:849 Key pressed: Alt, key code: 18, waveform active: false
rtf-parser.js:849 Key pressed: MetaLeft
rtf-parser.js:849 Key pressed: Meta, key code: 91, waveform active: false
rtf-parser.js:849 Key pressed: KeyJ
rtf-parser.js:849 Key pressed: j, key code: 74, waveform active: false
