css/block-mode.css:1  Failed to load resource: net::ERR_FILE_NOT_FOUND
css/karaoke-mode.css:1  Failed to load resource: net::ERR_FILE_NOT_FOUND
 🔧 DEBUG_CONFIG загружен. Используйте toggleDebugLogs(true) для включения логов
 📦 Utils module loaded
 StateManager initialized
 📦 StateManager module loaded
 🚀 AudioEngine (Hybrid Engine) - Гибридная архитектура восстановлена
 Space bar handler attached
 LyricsDisplay initialized
 RtfParserAdapter: Инициализация
 - EnhancedRtfProcessor доступен: true
 - Стандартный RtfParser доступен: true
 TrackCatalog initialized
 MarkerManager initialized
 WaveformEditor loaded
 WaveformEditor initialized
 BlockLoopControl: Класс загружен
 TrackCatalog: _finalizeUploadFromBlockEditor CALLED - should be obsolete now.
 RTF Parser Integration: Инициализация интеграции улучшенного RTF-парсера (после определения объекта)
 RTF Parser Integration: Начало интеграции
 RTF Parser Integration: TrackCatalog уже использует RtfParserAdapter если он доступен
 RTF Parser Integration: Интеграция завершена успешно
 🎹 Инициализация клавиатуры...
 LiveFeed module loaded (placeholder)
 Загружено 5 треков из базы данных
 Проверка треков завершена успешно, проблем не обнаружено
 ✅ Pitchy библиотека загружена в beLive
 LiveMode: Автоматическая инициализация при загрузке документа
 LiveMode: Создание нового экземпляра
 LiveMode: Маски инициализированы без использования изображений
 LiveMode: getUserMedia поддерживается: true
 LiveMode: Безопасный контекст: true
 LiveMode: Определен localhost, разрешен HTTP
 LiveMode: Метод toggleStreaming не найден и не может быть привязан
(анонимная) @ live-mode.js:521
 LiveMode: Базовая инициализация завершена
 LiveMode: Предварительная инициализация камеры...
 LiveMode: экземпляр создан
 LiveFeed initialized
 DOM content loaded, waiting for components
 ✅ Pitchy готов для точной детекции
 🎹 Кнопка найдена
 🔗 Настройка интеграции для точной детекции...
 🎤 Статус для точной детекции: false
 🎯 КАЛИБРОВКА: A4 = 440.00Hz (должно быть 440.00Hz)
 🎹 Создано 48 клавиш для точной детекции
 🎹 Piano Keyboard инициализирован
 Application fully loaded, components initialized
 All components ready, initializing app...
 Initializing beLive App
 WordAlignerV2 not found, creating placeholder
App @ app.js:53
 LyricsDisplay: Setting style to Стандартный
 Rendering lyrics. Current style ID: default
 Applied style 'Стандартный'
 TextStyleManager: Проверка доступности LiveMode...
 TextStyleManager: Класс LiveMode найден, предварительная инициализация камеры...
 TextStyleManager: LiveMode уже инициализирован
 TextStyleManager initialized with 8 styles and 29 total transitions
 Text style manager initialized
 Initializing Microphone UI...
 Microphone UI initialized using existing DOM elements.
 LoopBlockManager: Checking audio initialization...
 LoopBlockManager: Audio buffer or context not available (check 0)
_checkAudioAndInitialize @ loopblock-manager.js:137
 LoopBlockManager: Initializing sync listeners
 LoopBlockManager: progressBarContainer found - width: 1050px, height: 10px, overflow: visible
 LoopBlockManager: progressBarContainer offsetWidth: 1050, offsetHeight: 10
 LoopBlockManager: progressBarContainer children: 3
 LoopBlockManager: Child 0: progress-bar-loaded, display: block, zIndex: 1
 LoopBlockManager: Child 1: progress-bar, display: block, zIndex: 2
 LoopBlockManager: Child 2: progress-tooltip, display: block, zIndex: 10
 LoopBlockManager initialized
 LoopBlockManager component ready
 BlockLoopControl: Инициализирован
 BlockLoopControl component ready
 🎭 MaskSystem: Инициализация продвинутой системы масок
 🎭 MaskSystem: Конструктор завершен
 🎭 MaskSystem создан
 🎭 MaskSystem component ready
 Initializing LoopBlock controls
 Audio not fully loaded yet, setting up delayed initialization
 🎭 MaskSystem: Обработчик кнопки подключен
 🚀 Инициализация Живой Ленты
 ✅ Живая Лента инициализирована
 🚀 Показываю Живую Ленту
 ✅ Живая Лента активирована
 beLive App initialized
 App initialized successfully
 🎭 MediaPipe: Начинаем загрузку библиотек...
 🎭 MediaPipe: Ожидание загрузки библиотек...
 🎭 MediaPipe: Все библиотеки загружены успешно
 🎭 MaskSystem: Официальный MediaPipe FaceMesh готов
 🏃 MaskSystem: MediaPipe Pose готов
 ✋ MaskSystem: MediaPipe Hands готов
 🤖 MaskSystem: MediaPipe Holistic готов
 🎨 MaskSystem: MediaPipe Selfie Segmentation готов
 🎭 MaskSystem: MediaPipe готов к использованию
 🎯 Background Effects Engine v2.0 инициализирован
 🔄 Инициализация Background Effects Engine...
 ✅ Background Effects Engine готов
 🎤 Запуск ТОЧНОГО анализа вокальной дорожки...
 🔊 Инициализация аудио для точной детекции...
 ✅ Используем audioEngine.audioContext
 ✅ Pitchy детектор готов для точной работы
 ✅ Подключен к ВОКАЛЬНОМУ узлу: GainNode
 ✅ ТОЧНЫЙ анализ запущен
 LiveMode: Запуск предварительной инициализации камеры
 LiveMode: Предварительная инициализация камеры...
 LoopBlockManager: Проверка доступности аудио (попытка 2/5)
 LoopBlockManager: Проверка доступности аудио (попытка 3/5)
 🎯 Начальная калибровка системы...
 🎯 ===== ЗАПУСК КАЛИБРОВОЧНЫХ ТЕСТОВ ПИТЧА =====
 📋 Тестируем расчет частот:
 ✅ C4: рассчитано=261.63Hz, ожидается=261.63Hz, ошибка=0.002%
 ✅ D4: рассчитано=293.66Hz, ожидается=293.66Hz, ошибка=0.002%
 ✅ E4: рассчитано=329.63Hz, ожидается=329.63Hz, ошибка=0.001%
 ✅ F4: рассчитано=349.23Hz, ожидается=349.23Hz, ошибка=0.001%
 ✅ G4: рассчитано=392.00Hz, ожидается=392Hz, ошибка=0.001%
 🎯 КАЛИБРОВКА: A4 = 440.00Hz (должно быть 440.00Hz)
 ✅ A4: рассчитано=440.00Hz, ожидается=440Hz, ошибка=0.000%
 ✅ B4: рассчитано=493.88Hz, ожидается=493.88Hz, ошибка=0.001%
 📋 Тестируем обратное преобразование:
 ✅ 261.63Hz → обнаружено="C4", ожидается="C4"
 ✅ 293.66Hz → обнаружено="D4", ожидается="D4"
 ✅ 329.63Hz → обнаружено="E4", ожидается="E4"
 ✅ 349.23Hz → обнаружено="F4", ожидается="F4"
 ✅ 392Hz → обнаружено="G4", ожидается="G4"
 ✅ 440Hz → обнаружено="A4", ожидается="A4"
 ✅ 493.88Hz → обнаружено="B4", ожидается="B4"
 📊 РЕЗУЛЬТАТЫ КАЛИБРОВКИ:
    Пройдено тестов: 14/14
    Процент успеха: 100.0%
    Средняя ошибка: 0.001%
 🎯 ✅ КАЛИБРОВКА ПИТЧА ПРОШЛА УСПЕШНО!
 🎯 ===== КАЛИБРОВОЧНЫЕ ТЕСТЫ ЗАВЕРШЕНЫ =====
 LiveMode: Доступ к камере получен при предварительной инициализации
 LiveMode: Получено 1 видеотреков. Активный: FaceTime HD Camera
 LiveMode: Предварительная инициализация камеры успешно завершена
 LiveMode: Доступ к камере получен при предварительной инициализации
 LiveMode: Получено 1 видеотреков. Активный: FaceTime HD Camera
 LiveMode: Предварительная инициализация камеры успешно завершена
 LiveMode: Предварительная инициализация камеры успешна
 LoopBlockManager: Аудио не загружено после 5 попыток. Для работы функций зацикливания необходимо загрузить аудиофайл.
_checkAudioAgain @ loopblock-manager.js:219
 🚀 Быстрый переход в режим: karaoke
 Switching to karaoke mode
 App: Сохраняем предыдущий режим: concert
 Activating karaoke mode
 Karaoke Background Manager: Starting slideshow...
 Applying style: Караоке with scale 1.20
 TextStyleManager: Scaled font size from 1.4em to 1.68em
 LyricsDisplay: Setting style to Караоке
 [KARAOKE] DOM not found or empty in _renderLyrics, creating it.
 TextStyleManager: Scaled font size from 1.4em to 1.68em
 Applied style class to lyrics-container: style-karaoke
 🚀 Скрываю Живую Ленту
 ✅ Возврат в классический зал
 ✅ Karaoke Background Manager: SUCCESSFULLY set background to Karaoke/pexels-clemlep-13659549.jpg
 TrackCatalog: openCatalog() called
 TrackCatalog: catalogContainer exists: true
 TrackCatalog: catalogContainer classes before: hidden
 TrackCatalog: catalogContainer classes after: 
 TrackCatalog: Catalog should now be visible
 🔄 Loading track: "Linkin Park-Lying From You [-]"
 🔄 StateManager: Starting HARD RESET of all components
 1. Resetting AudioEngine...
 AudioEngine: Starting reset...
 isPlaying property set to: false
 ⏹️ ГИБРИД: Остановлен и сброшен
 🧹 СПРИНТЕР: Ресурсы очищены
 AudioEngine: Reset completed successfully
 ✅ AudioEngine reset complete
 2. Resetting LyricsDisplay...
 💥 LyricsDisplay: Performing full reset.
 ✅ LyricsDisplay: Full reset complete. All lyric data and DOM elements cleared.
 ✅ LyricsDisplay full reset complete
 3. Resetting TextStyleManager...
 💥 TextStyleManager: Full reset initiated.
 ✅ TextStyleManager: Reset complete. All states and caches cleared.
 ✅ TextStyleManager reset complete.
 🎉 StateManager: HARD RESET completed successfully
 ✅ All components ready for new track
 ⏱️ HARD_RESET_TIME: 4.72802734375 ms
 TrackCatalog: Set waveformEditor.lastLoadedFile to Linkin Park-Lying From You.rtf
 TrackCatalog: Set waveformEditor.currentTrackId to 1750296242318
 TrackCatalog: Found 11 blocks. Preparing them for rendering after audio load.
 LyricsDisplay: Loading 11 imported blocks.
 Block 0 loaded: id="block-1750419257835-0-3wcmyxc55pf", name="Block 1", lines=4
 Block 1 loaded: id="1", name="Block 2", lines=4
 Block 2 loaded: id="2", name="Block 3", lines=11
 Block 3 loaded: id="3", name="Block 4", lines=4
 Block 4 loaded: id="4", name="Block 5", lines=4
 Block 5 loaded: id="5", name="Block 6", lines=11
 Block 6 loaded: id="6", name="Block 7", lines=3
 Block 7 loaded: id="7", name="Block 8", lines=3
 Block 8 loaded: id="8", name="Block 9", lines=3
 Block 9 loaded: id="9", name="Block 10", lines=3
 Block 10 loaded: id="10", name="Block 11", lines=12
 LyricsDisplay: Skipping render as requested by shouldRender=false
 LyricsDisplay: Successfully loaded 11 blocks, total lyric lines: 62.
 LyricsDisplay: Updated marker colors after loading blocks
 ⏱️ LYRICS_PREPARE_TIME: 8.93701171875 ms
 ⏱️ BLOB_CREATION_TIME: 63.56103515625 ms
 🚀 ГИБРИД: Загрузка двойного потока
 isPlaying property set to: false
 ⏹️ ГИБРИД: Остановлен и сброшен
 🎚️ МАСТЕР: Создание микшированной дорожки...
 🎚️ МАСТЕР: Инструментал URL: blob:null/2d97fa82-aa5a-4af8-8c7b-18fd2073ac11...
 🎚️ МАСТЕР: Вокал URL: blob:null/2e55ff50-04a5-4dc4-945e-65feb82516bd...
 🎚️ МАСТЕР: Загружаем аудиофайлы...
 🎚️ МАСТЕР: Конвертируем в ArrayBuffer...
 🎚️ МАСТЕР: Инструментал размер: 6913089 байт
 🎚️ МАСТЕР: Вокал размер: 6913089 байт
 🎚️ МАСТЕР: Декодируем аудиоданные...
 ✅ ИНСТРУМЕНТАЛ ГОТОВ! Длительность: 172.75с
 ⏱️ HYBRID_ENGINE_LOAD_TIME: 374.2998046875 ms
 🎯 ГИБРИД: Рассинхронизация устранена!
 🚀 Скрываю Живую Ленту
 ✅ Возврат в классический зал
 Applying style: Караоке with scale 1.20
 TextStyleManager: Scaled font size from 1.4em to 1.68em
 LyricsDisplay: Setting style to Караоке
 [KARAOKE] DOM not found or empty in _renderLyrics, creating it.
 TextStyleManager: Scaled font size from 1.4em to 1.68em
 Track loaded event detected, initializing LoopBlockManager CustomEvent
 LoopBlockManager already initialized
 ⏱️ AUDIO_LOAD_TIME: 379.91796875 ms
 Loading 62 markers for track Linkin Park-Lying From You [-]
 Validating 62 markers for 62 lyric lines
 Kept 62 valid markers out of 62
 🚀 Скрываю Живую Ленту
 ✅ Возврат в классический зал
 Applying style: Караоке with scale 1.20
 TextStyleManager: Scaled font size from 1.4em to 1.68em
 LyricsDisplay: Setting style to Караоке
 TextStyleManager: Scaled font size from 1.4em to 1.68em
 Track loaded event detected, initializing LoopBlockManager CustomEvent
 LoopBlockManager already initialized
 🎵 АВТОПЛЕЙ: Запуск воспроизведения...
 ✅ Track "Linkin Park-Lying From You [-]" loaded successfully
 ✅ ВОКАЛ ГОТОВ! Длительность: 172.75с
 🎤 ВОКАЛ ПОДКЛЮЧЕН к аудио-контексту
 🎨 StateManager: Forcing text rerender in current mode
 🎤 Karaoke mode detected, should work correctly
 ⏱️ FINAL_RENDER_TIME: 114.35302734375 ms
 ⏱️ TOTAL_TRACK_LOAD_TIME: 579.37890625 ms
 Audio ready detected via timer, initializing LoopBlockManager
 LoopBlockManager already initialized
 ▶️ ИНСТРУМЕНТАЛ: Воспроизведение начато
 🎤 ВОКАЛ: Синхронизирован и воспроизводится
 isPlaying property set to: true
 ✅ АВТОПЛЕЙ: Воспроизведение начато успешно
 Switching to rehearsal mode
 App: Сохраняем предыдущий режим: karaoke
 Activating rehearsal mode
 Karaoke Background Manager: Stopping slideshow...
 Applying style: Репетиция with scale 1.00
 LyricsDisplay: Setting style to Репетиция
 Activating Rehearsal Display with blocks: Array(11)
 Rendering lyrics. Current style ID: rehearsal
 Splitting block "Block 3" (11 lines) into 2 parts with ~6 lines each
   Part 1: lines 0-5 (6 lines)
   Part 2: lines 6-10 (5 lines)
 Splitting block "Block 6" (11 lines) into 2 parts with ~6 lines each
   Part 1: lines 0-5 (6 lines)
   Part 2: lines 6-10 (5 lines)
 Splitting block "Block 11" (12 lines) into 2 parts with ~6 lines each
   Part 1: lines 0-5 (6 lines)
   Part 2: lines 6-11 (6 lines)
 >>> FONT_CALC_DEBUG >>> Lines: 4, FontSize: 2.66rem, LineHeight: 3.23rem
 BlockLoopControl: Активирован
 BlockLoopControl: _createLoopButtonForCurrentBlock called
 BlockLoopControl: lyricsDisplay.currentActiveBlock: Object
 BlockLoopControl: lyricsDisplay.textBlocks: Array(11)
 BlockLoopControl: Создаем кнопку для активного блока репетиции: Block 1
 BlockLoopControl: _createLoopButton called for block: Block 1
 BlockLoopControl: blockElement found: true
 BlockLoopControl: Кнопка создана для блока: Block 1
 🚀 Скрываю Живую Ленту
 ✅ Возврат в классический зал
 🎚️ МАСТЕР: Инструментал - каналов: 2, длина: 7618364, частота: 44100Hz
 🎚️ МАСТЕР: Вокал - каналов: 2, длина: 7618364, частота: 44100Hz
 🎚️ МАСТЕР: Создан буфер - каналов: 2, длина: 7618364
 🎚️ МАСТЕР: Начинаем микширование каналов...
 🎚️ МАСТЕР: Микширование завершено, конвертируем в blob...
 🎚️ МАСТЕР: Микшированная дорожка создана! URL: blob:null/b663e7e0-5c90-4af2-88a5-e90aefc86e2a...
 🎚️ МАСТЕР: Размер blob: 30473500 байт
 🎚️ МАСТЕР: Обновляем URL после создания микшированной дорожки
 🎚️ МАСТЕР URL обновлен: blob:null/b663e7e0-5c90-4af2-88a5-e90aefc86e2a...
 ⏰ СИНХРО: Позиция установлена 25.50с
 Rehearsal: Line changing from 0 to 1
 Splitting block "Block 3" (11 lines) into 2 parts with ~6 lines each
   Part 1: lines 0-5 (6 lines)
   Part 2: lines 6-10 (5 lines)
 Splitting block "Block 6" (11 lines) into 2 parts with ~6 lines each
   Part 1: lines 0-5 (6 lines)
   Part 2: lines 6-10 (5 lines)
 Splitting block "Block 11" (12 lines) into 2 parts with ~6 lines each
   Part 1: lines 0-5 (6 lines)
   Part 2: lines 6-11 (6 lines)
 Rehearsal: Current line 0 belongs to block: block-1750419257835-0-3wcmyxc55pf Array(4)
 Rehearsal: New line 1 belongs to block: block-1750419257835-0-3wcmyxc55pf Array(4)
 Rehearsal: Same block (block-1750419257835-0-3wcmyxc55pf), updating active line from 0 to 1
 [SETACTIVE] Called with index 1. Current style: rehearsal
 Rehearsal mode: Setting active line 1
 Rehearsal line with index 1 not found
_activateLineInBlock @ lyrics-display.js:3249
 BlockLoopControl: Активный блок изменился
 BlockLoopControl: _createLoopButtonForCurrentBlock called
 BlockLoopControl: lyricsDisplay.currentActiveBlock: Object
 BlockLoopControl: lyricsDisplay.textBlocks: Array(11)
 BlockLoopControl: Создаем кнопку для активного блока репетиции: Block 1
 BlockLoopControl: _createLoopButton called for block: Block 1
 BlockLoopControl: blockElement found: true
 BlockLoopControl: Кнопка создана для блока: Block 1
 ⏰ СИНХРО: Позиция установлена 43.93с
 Rehearsal: Line changing from 1 to 6
 Splitting block "Block 3" (11 lines) into 2 parts with ~6 lines each
   Part 1: lines 0-5 (6 lines)
   Part 2: lines 6-10 (5 lines)
 Splitting block "Block 6" (11 lines) into 2 parts with ~6 lines each
   Part 1: lines 0-5 (6 lines)
   Part 2: lines 6-10 (5 lines)
 Splitting block "Block 11" (12 lines) into 2 parts with ~6 lines each
   Part 1: lines 0-5 (6 lines)
   Part 2: lines 6-11 (6 lines)
 Rehearsal: Current line 1 belongs to block: block-1750419257835-0-3wcmyxc55pf Array(4)
 Rehearsal: New line 6 belongs to block: 1 Array(4)
 Rehearsal: *** BLOCK CHANGED *** from block-1750419257835-0-3wcmyxc55pf to 1
 Rehearsal: Line changed from 1 to 6
 Rehearsal: Current block lines: Array(4)
 Rehearsal: New block lines: Array(4)
 Splitting block "Block 3" (11 lines) into 2 parts with ~6 lines each
   Part 1: lines 0-5 (6 lines)
   Part 2: lines 6-10 (5 lines)
 Splitting block "Block 6" (11 lines) into 2 parts with ~6 lines each
   Part 1: lines 0-5 (6 lines)
   Part 2: lines 6-10 (5 lines)
 Splitting block "Block 11" (12 lines) into 2 parts with ~6 lines each
   Part 1: lines 0-5 (6 lines)
   Part 2: lines 6-11 (6 lines)
 >>> FONT_CALC_DEBUG >>> Lines: 4, FontSize: 2.66rem, LineHeight: 3.23rem
 Rehearsal: Line changing from 6 to 7
 Splitting block "Block 3" (11 lines) into 2 parts with ~6 lines each
   Part 1: lines 0-5 (6 lines)
   Part 2: lines 6-10 (5 lines)
 Splitting block "Block 6" (11 lines) into 2 parts with ~6 lines each
   Part 1: lines 0-5 (6 lines)
   Part 2: lines 6-10 (5 lines)
 Splitting block "Block 11" (12 lines) into 2 parts with ~6 lines each
   Part 1: lines 0-5 (6 lines)
   Part 2: lines 6-11 (6 lines)
 Rehearsal: Current line 6 belongs to block: 1 Array(4)
 Rehearsal: New line 7 belongs to block: 1 Array(4)
 Rehearsal: Same block (1), updating active line from 6 to 7
 [SETACTIVE] Called with index 7. Current style: rehearsal
 Rehearsal mode: Setting active line 7
 Rehearsal line with index 7 not found
_activateLineInBlock @ lyrics-display.js:3249
 BlockLoopControl: Активный блок изменился
 BlockLoopControl: _createLoopButtonForCurrentBlock called
 BlockLoopControl: lyricsDisplay.currentActiveBlock: Object
 BlockLoopControl: lyricsDisplay.textBlocks: Array(11)
 BlockLoopControl: Создаем кнопку для активного блока репетиции: Block 2
 BlockLoopControl: _createLoopButton called for block: Block 2
 BlockLoopControl: blockElement found: true
 BlockLoopControl: Кнопка создана для блока: Block 2
 Key pressed: ShiftLeft
 Key pressed: Shift, key code: 16, waveform active: false
 LoopBlockManager: Shift key pressed, multiple selection mode active
 Key pressed: MetaLeft
 Key pressed: Meta, key code: 91, waveform active: false
 🔇 Глубокая тишина - очистка нот
 🛑 Принудительная остановка всех нот (deep_silence), активных: 1
 LoopBlockManager: Shift key released, multiple selection mode deactivated
 Rehearsal: Line changing from 7 to 8
 Splitting block "Block 3" (11 lines) into 2 parts with ~6 lines each
   Part 1: lines 0-5 (6 lines)
   Part 2: lines 6-10 (5 lines)
 Splitting block "Block 6" (11 lines) into 2 parts with ~6 lines each
   Part 1: lines 0-5 (6 lines)
   Part 2: lines 6-10 (5 lines)
 Splitting block "Block 11" (12 lines) into 2 parts with ~6 lines each
   Part 1: lines 0-5 (6 lines)
   Part 2: lines 6-11 (6 lines)
 Rehearsal: Current line 7 belongs to block: 1 Array(4)
 Rehearsal: New line 8 belongs to block: 2-part-0 Array(6)
 Rehearsal: *** BLOCK CHANGED *** from 1 to 2-part-0
 Rehearsal: Line changed from 7 to 8
 Rehearsal: Current block lines: Array(4)
 Rehearsal: New block lines: Array(6)
 Splitting block "Block 3" (11 lines) into 2 parts with ~6 lines each
   Part 1: lines 0-5 (6 lines)
   Part 2: lines 6-10 (5 lines)
 Splitting block "Block 6" (11 lines) into 2 parts with ~6 lines each
   Part 1: lines 0-5 (6 lines)
   Part 2: lines 6-10 (5 lines)
 Splitting block "Block 11" (12 lines) into 2 parts with ~6 lines each
   Part 1: lines 0-5 (6 lines)
   Part 2: lines 6-11 (6 lines)
 >>> FONT_CALC_DEBUG >>> Lines: 6, FontSize: 2.38rem, LineHeight: 3.06rem
 🚫 Блокирована очевидная гармоника: 426.6Hz (0.50x от 857.6Hz, ясность: 86.8%)
 🚫 Блокирована очевидная гармоника: 474.3Hz (0.50x от 948.8Hz, ясность: 70.5%)
 ✅ Октавный переход разрешен: 946.1Hz → 191.4Hz за 520мс (ratio: 0.20)
 Rehearsal: Line changing from 8 to 9
 Splitting block "Block 3" (11 lines) into 2 parts with ~6 lines each
   Part 1: lines 0-5 (6 lines)
   Part 2: lines 6-10 (5 lines)
 Splitting block "Block 6" (11 lines) into 2 parts with ~6 lines each
   Part 1: lines 0-5 (6 lines)
   Part 2: lines 6-10 (5 lines)
 Splitting block "Block 11" (12 lines) into 2 parts with ~6 lines each
   Part 1: lines 0-5 (6 lines)
   Part 2: lines 6-11 (6 lines)
 Rehearsal: Current line 8 belongs to block: 2-part-0 Array(6)
 Rehearsal: New line 9 belongs to block: 2-part-0 Array(6)
 Rehearsal: Same block (2-part-0), updating active line from 8 to 9
 [SETACTIVE] Called with index 9. Current style: rehearsal
 Rehearsal mode: Setting active line 9
 Rehearsal line with index 9 not found
_activateLineInBlock @ lyrics-display.js:3249
 BlockLoopControl: Активный блок изменился
 BlockLoopControl: _createLoopButtonForCurrentBlock called
 BlockLoopControl: lyricsDisplay.currentActiveBlock: Object
 BlockLoopControl: lyricsDisplay.textBlocks: Array(11)
 BlockLoopControl: Создаем кнопку для активного блока репетиции: Block 3
 BlockLoopControl: _createLoopButton called for block: Block 3
 BlockLoopControl: blockElement found: true
 BlockLoopControl: Кнопка создана для блока: Block 3
 🔇 Глубокая тишина - очистка нот
 🛑 Принудительная остановка всех нот (deep_silence), активных: 1
 🚫 Блокирована очевидная гармоника: 79.6Hz (0.25x от 320.0Hz, ясность: 76.1%)
 🔇 Глубокая тишина - очистка нот
 🛑 Принудительная остановка всех нот (deep_silence), активных: 1
 Key pressed: Space
 Space bar pressed, toggling playback
 ⏸️ ИНСТРУМЕНТАЛ: Пауза
 ⏸️ ВОКАЛ: Пауза
 isPlaying property set to: false
 Key pressed:  , key code: 32, waveform active: false
 🔍 Статический анализ: 318.4Hz (63.9%)
 ✅ Октавный переход разрешен: 158.0Hz → 318.4Hz за 54мс (ratio: 2.01)
 🔍 Статический анализ: 319.6Hz (61.6%)
 🔍 Статический анализ: 492.7Hz (65.0%)
 Key pressed: MetaLeft
 Key pressed: Meta, key code: 91, waveform active: false
 Key pressed: ShiftLeft
 Key pressed: Shift, key code: 16, waveform active: false
 LoopBlockManager: Shift key pressed, multiple selection mode active
 LoopBlockManager: Shift key released, multiple selection mode deactivated
 ⏰ СИНХРО: Позиция установлена 61.04с
 ▶️ ИНСТРУМЕНТАЛ: Воспроизведение начато
 Rehearsal: Line changing from 9 to 14
 Splitting block "Block 3" (11 lines) into 2 parts with ~6 lines each
   Part 1: lines 0-5 (6 lines)
   Part 2: lines 6-10 (5 lines)
 Splitting block "Block 6" (11 lines) into 2 parts with ~6 lines each
   Part 1: lines 0-5 (6 lines)
   Part 2: lines 6-10 (5 lines)
 Splitting block "Block 11" (12 lines) into 2 parts with ~6 lines each
   Part 1: lines 0-5 (6 lines)
   Part 2: lines 6-11 (6 lines)
 Rehearsal: Current line 9 belongs to block: 2-part-0 Array(6)
 Rehearsal: New line 14 belongs to block: 2-part-1 Array(5)
 Rehearsal: *** BLOCK CHANGED *** from 2-part-0 to 2-part-1
 Rehearsal: Line changed from 9 to 14
 Rehearsal: Current block lines: Array(6)
 Rehearsal: New block lines: Array(5)
 Splitting block "Block 3" (11 lines) into 2 parts with ~6 lines each
   Part 1: lines 0-5 (6 lines)
   Part 2: lines 6-10 (5 lines)
 Splitting block "Block 6" (11 lines) into 2 parts with ~6 lines each
   Part 1: lines 0-5 (6 lines)
   Part 2: lines 6-10 (5 lines)
 Splitting block "Block 11" (12 lines) into 2 parts with ~6 lines each
   Part 1: lines 0-5 (6 lines)
   Part 2: lines 6-11 (6 lines)
 >>> FONT_CALC_DEBUG >>> Lines: 5, FontSize: 2.66rem, LineHeight: 3.23rem
 🔍 Статический анализ: 190.4Hz (66.3%)
 🔍 Статический анализ: 191.2Hz (69.0%)
 🔍 Статический анализ: 239.2Hz (64.4%)
 🎤 ВОКАЛ: Синхронизирован и воспроизводится
 isPlaying property set to: true
 🚫 Блокирована очевидная гармоника: 967.7Hz (4.05x от 239.0Hz, ясность: 77.7%)
 🚫 Блокирована очевидная гармоника: 964.0Hz (4.03x от 239.0Hz, ясность: 77.7%)
 🚫 Блокирована очевидная гармоника: 963.4Hz (4.03x от 239.2Hz, ясность: 81.7%)
 🚫 Блокирована очевидная гармоника: 964.7Hz (4.03x от 239.2Hz, ясность: 89.2%)
 🚫 Блокирована очевидная гармоника: 968.7Hz (4.05x от 239.2Hz, ясность: 72.5%)
 🔇 Глубокая тишина - очистка нот
 🛑 Принудительная остановка всех нот (deep_silence), активных: 1
 🚫 Октавный скачок заблокирован: 481.4Hz → 942.5Hz за 17мс (ratio: 1.96)
 🚫 Блокирована очевидная гармоника: 479.7Hz (0.51x от 942.5Hz, ясность: 75.8%)
 🚫 Блокирована очевидная гармоника: 479.3Hz (0.51x от 942.5Hz, ясность: 77.5%)
 🚫 Блокирована очевидная гармоника: 478.2Hz (0.51x от 942.5Hz, ясность: 78.1%)
 ✅ Октавный переход разрешен: 481.4Hz → 932.5Hz за 88мс (ratio: 1.94)
 ✅ Октавный переход разрешен: 932.5Hz → 452.2Hz за 54мс (ratio: 0.48)
 🔇 Глубокая тишина - очистка нот
 🛑 Принудительная остановка всех нот (deep_silence), активных: 1
 🔇 Глубокая тишина - очистка нот
 🛑 Принудительная остановка всех нот (deep_silence), активных: 1
 🔇 Глубокая тишина - очистка нот
 🛑 Принудительная остановка всех нот (deep_silence), активных: 1
 Key pressed: MetaLeft
 Key pressed: Meta, key code: 91, waveform active: false
 Key pressed: ShiftLeft
 Key pressed: Shift, key code: 16, waveform active: false
 LoopBlockManager: Shift key pressed, multiple selection mode active
 Rehearsal: Line changing from 14 to 15
 Splitting block "Block 3" (11 lines) into 2 parts with ~6 lines each
   Part 1: lines 0-5 (6 lines)
   Part 2: lines 6-10 (5 lines)
 Splitting block "Block 6" (11 lines) into 2 parts with ~6 lines each
   Part 1: lines 0-5 (6 lines)
   Part 2: lines 6-10 (5 lines)
 Splitting block "Block 11" (12 lines) into 2 parts with ~6 lines each
   Part 1: lines 0-5 (6 lines)
   Part 2: lines 6-11 (6 lines)
 Rehearsal: Current line 14 belongs to block: 2-part-1 Array(5)
 Rehearsal: New line 15 belongs to block: 2-part-1 Array(5)
 Rehearsal: Same block (2-part-1), updating active line from 14 to 15
 [SETACTIVE] Called with index 15. Current style: rehearsal
 Rehearsal mode: Setting active line 15
 Rehearsal line with index 15 not found
_activateLineInBlock @ lyrics-display.js:3249
 BlockLoopControl: Активный блок изменился
 BlockLoopControl: _createLoopButtonForCurrentBlock called
 BlockLoopControl: lyricsDisplay.currentActiveBlock: Object
 BlockLoopControl: lyricsDisplay.textBlocks: Array(11)
 BlockLoopControl: Создаем кнопку для активного блока репетиции: Block 3 (продолжение 2)
 BlockLoopControl: _createLoopButton called for block: Block 3 (продолжение 2)
 BlockLoopControl: blockElement found: true
 BlockLoopControl: Кнопка создана для блока: Block 3 (продолжение 2)
 🚫 Блокирована очевидная гармоника: 953.0Hz (1.98x от 481.1Hz, ясность: 82.5%)
 🚫 Блокирована очевидная гармоника: 955.2Hz (1.99x от 481.1Hz, ясность: 84.1%)
 LoopBlockManager: Shift key released, multiple selection mode deactivated
 Rehearsal: Line changing from 15 to 16
 Splitting block "Block 3" (11 lines) into 2 parts with ~6 lines each
   Part 1: lines 0-5 (6 lines)
   Part 2: lines 6-10 (5 lines)
 Splitting block "Block 6" (11 lines) into 2 parts with ~6 lines each
   Part 1: lines 0-5 (6 lines)
   Part 2: lines 6-10 (5 lines)
 Splitting block "Block 11" (12 lines) into 2 parts with ~6 lines each
   Part 1: lines 0-5 (6 lines)
   Part 2: lines 6-11 (6 lines)
 Rehearsal: Current line 15 belongs to block: 2-part-1 Array(5)
 Rehearsal: New line 16 belongs to block: 2-part-1 Array(5)
 Rehearsal: Same block (2-part-1), updating active line from 15 to 16
 [SETACTIVE] Called with index 16. Current style: rehearsal
 Rehearsal mode: Setting active line 16
 Rehearsal line with index 16 not found
_activateLineInBlock @ lyrics-display.js:3249
 BlockLoopControl: Активный блок изменился
 BlockLoopControl: _createLoopButtonForCurrentBlock called
 BlockLoopControl: lyricsDisplay.currentActiveBlock: Object
 BlockLoopControl: lyricsDisplay.textBlocks: Array(11)
 BlockLoopControl: Создаем кнопку для активного блока репетиции: Block 3 (продолжение 2)
 BlockLoopControl: _createLoopButton called for block: Block 3 (продолжение 2)
 BlockLoopControl: blockElement found: true
 BlockLoopControl: Кнопка создана для блока: Block 3 (продолжение 2)
 ⏰ СИНХРО: Позиция установлена 73.71с
 Rehearsal: Line changing from 16 to 19
 Splitting block "Block 3" (11 lines) into 2 parts with ~6 lines each
   Part 1: lines 0-5 (6 lines)
   Part 2: lines 6-10 (5 lines)
 Splitting block "Block 6" (11 lines) into 2 parts with ~6 lines each
   Part 1: lines 0-5 (6 lines)
   Part 2: lines 6-10 (5 lines)
 Splitting block "Block 11" (12 lines) into 2 parts with ~6 lines each
   Part 1: lines 0-5 (6 lines)
   Part 2: lines 6-11 (6 lines)
 Rehearsal: Current line 16 belongs to block: 2-part-1 Array(5)
 Rehearsal: New line 19 belongs to block: 3 Array(4)
 Rehearsal: *** BLOCK CHANGED *** from 2-part-1 to 3
 Rehearsal: Line changed from 16 to 19
 Rehearsal: Current block lines: Array(5)
 Rehearsal: New block lines: Array(4)
 Splitting block "Block 3" (11 lines) into 2 parts with ~6 lines each
   Part 1: lines 0-5 (6 lines)
   Part 2: lines 6-10 (5 lines)
 Splitting block "Block 6" (11 lines) into 2 parts with ~6 lines each
   Part 1: lines 0-5 (6 lines)
   Part 2: lines 6-10 (5 lines)
 Splitting block "Block 11" (12 lines) into 2 parts with ~6 lines each
   Part 1: lines 0-5 (6 lines)
   Part 2: lines 6-11 (6 lines)
 >>> FONT_CALC_DEBUG >>> Lines: 4, FontSize: 2.66rem, LineHeight: 3.23rem
 🚫 Блокирована очевидная гармоника: 157.2Hz (0.49x от 320.2Hz, ясность: 83.8%)
 🔇 Глубокая тишина - очистка нот
 🛑 Принудительная остановка всех нот (deep_silence), активных: 1
 Rehearsal: Line changing from 19 to 20
 Splitting block "Block 3" (11 lines) into 2 parts with ~6 lines each
   Part 1: lines 0-5 (6 lines)
   Part 2: lines 6-10 (5 lines)
 Splitting block "Block 6" (11 lines) into 2 parts with ~6 lines each
   Part 1: lines 0-5 (6 lines)
   Part 2: lines 6-10 (5 lines)
 Splitting block "Block 11" (12 lines) into 2 parts with ~6 lines each
   Part 1: lines 0-5 (6 lines)
   Part 2: lines 6-11 (6 lines)
 Rehearsal: Current line 19 belongs to block: 3 Array(4)
 Rehearsal: New line 20 belongs to block: 3 Array(4)
 Rehearsal: Same block (3), updating active line from 19 to 20
 [SETACTIVE] Called with index 20. Current style: rehearsal
 Rehearsal mode: Setting active line 20
 Rehearsal line with index 20 not found
_activateLineInBlock @ lyrics-display.js:3249
 BlockLoopControl: Активный блок изменился
 BlockLoopControl: _createLoopButtonForCurrentBlock called
 BlockLoopControl: lyricsDisplay.currentActiveBlock: Object
 BlockLoopControl: lyricsDisplay.textBlocks: Array(11)
 BlockLoopControl: Создаем кнопку для активного блока репетиции: Block 4
 BlockLoopControl: _createLoopButton called for block: Block 4
 BlockLoopControl: blockElement found: true
 BlockLoopControl: Кнопка создана для блока: Block 4
 ⏰ СИНХРО: Позиция установлена 80.62с
 Rehearsal: Line changing from 20 to 22
 Splitting block "Block 3" (11 lines) into 2 parts with ~6 lines each
   Part 1: lines 0-5 (6 lines)
   Part 2: lines 6-10 (5 lines)
 Splitting block "Block 6" (11 lines) into 2 parts with ~6 lines each
   Part 1: lines 0-5 (6 lines)
   Part 2: lines 6-10 (5 lines)
 Splitting block "Block 11" (12 lines) into 2 parts with ~6 lines each
   Part 1: lines 0-5 (6 lines)
   Part 2: lines 6-11 (6 lines)
 Rehearsal: Current line 20 belongs to block: 3 Array(4)
 Rehearsal: New line 22 belongs to block: 3 Array(4)
 Rehearsal: Same block (3), updating active line from 20 to 22
 [SETACTIVE] Called with index 22. Current style: rehearsal
 Rehearsal mode: Setting active line 22
 Rehearsal line with index 22 not found
_activateLineInBlock @ lyrics-display.js:3249
 BlockLoopControl: Активный блок изменился
 BlockLoopControl: _createLoopButtonForCurrentBlock called
 BlockLoopControl: lyricsDisplay.currentActiveBlock: Object
 BlockLoopControl: lyricsDisplay.textBlocks: Array(11)
 BlockLoopControl: Создаем кнопку для активного блока репетиции: Block 4
 BlockLoopControl: _createLoopButton called for block: Block 4
 BlockLoopControl: blockElement found: true
 BlockLoopControl: Кнопка создана для блока: Block 4
 Key pressed: ShiftLeft
 Key pressed: Shift, key code: 16, waveform active: false
 LoopBlockManager: Shift key pressed, multiple selection mode active
 Key pressed: MetaLeft
 Key pressed: Meta, key code: 91, waveform active: false
 🔇 Глубокая тишина - очистка нот
 🛑 Принудительная остановка всех нот (deep_silence), активных: 1
 LoopBlockManager: Shift key released, multiple selection mode deactivated
 🔇 Глубокая тишина - очистка нот
 🛑 Принудительная остановка всех нот (deep_silence), активных: 1
 ⏰ СИНХРО: Позиция установлена 95.10с
 Rehearsal: Line changing from 22 to 27
 Splitting block "Block 3" (11 lines) into 2 parts with ~6 lines each
   Part 1: lines 0-5 (6 lines)
   Part 2: lines 6-10 (5 lines)
 Splitting block "Block 6" (11 lines) into 2 parts with ~6 lines each
   Part 1: lines 0-5 (6 lines)
   Part 2: lines 6-10 (5 lines)
 Splitting block "Block 11" (12 lines) into 2 parts with ~6 lines each
   Part 1: lines 0-5 (6 lines)
rtf-parser.js:849   Part 2: lines 6-11 (6 lines)
rtf-parser.js:849 Rehearsal: Current line 22 belongs to block: 3 Array(4)
rtf-parser.js:849 Rehearsal: New line 27 belongs to block: 5-part-0 Array(6)
rtf-parser.js:849 Rehearsal: *** BLOCK CHANGED *** from 3 to 5-part-0
rtf-parser.js:849 Rehearsal: Line changed from 22 to 27
rtf-parser.js:849 Rehearsal: Current block lines: Array(4)
rtf-parser.js:849 Rehearsal: New block lines: Array(6)
rtf-parser.js:849 Splitting block "Block 3" (11 lines) into 2 parts with ~6 lines each
rtf-parser.js:849   Part 1: lines 0-5 (6 lines)
rtf-parser.js:849   Part 2: lines 6-10 (5 lines)
rtf-parser.js:849 Splitting block "Block 6" (11 lines) into 2 parts with ~6 lines each
rtf-parser.js:849   Part 1: lines 0-5 (6 lines)
rtf-parser.js:849   Part 2: lines 6-10 (5 lines)
rtf-parser.js:849 Splitting block "Block 11" (12 lines) into 2 parts with ~6 lines each
rtf-parser.js:849   Part 1: lines 0-5 (6 lines)
rtf-parser.js:849   Part 2: lines 6-11 (6 lines)
rtf-parser.js:849 >>> FONT_CALC_DEBUG >>> Lines: 6, FontSize: 2.38rem, LineHeight: 3.06rem
rtf-parser.js:849 🚫 Блокирована очевидная гармоника: 476.4Hz (0.50x от 945.0Hz, ясность: 76.1%)
rtf-parser.js:849 🚫 Блокирована очевидная гармоника: 938.2Hz (1.98x от 474.4Hz, ясность: 73.4%)
rtf-parser.js:849 🚫 Блокирована очевидная гармоника: 943.5Hz (1.99x от 474.4Hz, ясность: 80.1%)
rtf-parser.js:849 🚫 Блокирована очевидная гармоника: 946.5Hz (2.00x от 474.4Hz, ясность: 85.9%)
rtf-parser.js:849 🚫 Блокирована очевидная гармоника: 947.9Hz (2.00x от 474.4Hz, ясность: 85.8%)
rtf-parser.js:849 🚫 Блокирована очевидная гармоника: 942.6Hz (1.99x от 474.4Hz, ясность: 83.1%)
rtf-parser.js:849 Key pressed: MetaLeft
rtf-parser.js:849 Key pressed: Meta, key code: 91, waveform active: false
rtf-parser.js:849 Key pressed: ShiftLeft
rtf-parser.js:849 Key pressed: Shift, key code: 16, waveform active: false
rtf-parser.js:849 LoopBlockManager: Shift key pressed, multiple selection mode active
rtf-parser.js:849 🚫 Блокирована очевидная гармоника: 476.9Hz (2.01x от 237.7Hz, ясность: 78.2%)
rtf-parser.js:849 Rehearsal: Line changing from 27 to 28
rtf-parser.js:849 Splitting block "Block 3" (11 lines) into 2 parts with ~6 lines each
rtf-parser.js:849   Part 1: lines 0-5 (6 lines)
rtf-parser.js:849   Part 2: lines 6-10 (5 lines)
rtf-parser.js:849 Splitting block "Block 6" (11 lines) into 2 parts with ~6 lines each
rtf-parser.js:849   Part 1: lines 0-5 (6 lines)
rtf-parser.js:849   Part 2: lines 6-10 (5 lines)
rtf-parser.js:849 Splitting block "Block 11" (12 lines) into 2 parts with ~6 lines each
rtf-parser.js:849   Part 1: lines 0-5 (6 lines)
rtf-parser.js:849   Part 2: lines 6-11 (6 lines)
rtf-parser.js:849 Rehearsal: Current line 27 belongs to block: 5-part-0 Array(6)
rtf-parser.js:849 Rehearsal: New line 28 belongs to block: 5-part-0 Array(6)
rtf-parser.js:849 Rehearsal: Same block (5-part-0), updating active line from 27 to 28
rtf-parser.js:849 [SETACTIVE] Called with index 28. Current style: rehearsal
rtf-parser.js:849 Rehearsal mode: Setting active line 28
lyrics-display.js:3249 Rehearsal line with index 28 not found
_activateLineInBlock @ lyrics-display.js:3249
rtf-parser.js:849 BlockLoopControl: Активный блок изменился
rtf-parser.js:849 BlockLoopControl: _createLoopButtonForCurrentBlock called
rtf-parser.js:849 BlockLoopControl: lyricsDisplay.currentActiveBlock: Object
rtf-parser.js:849 BlockLoopControl: lyricsDisplay.textBlocks: Array(11)
rtf-parser.js:849 BlockLoopControl: Создаем кнопку для активного блока репетиции: Block 6
rtf-parser.js:849 BlockLoopControl: _createLoopButton called for block: Block 6
rtf-parser.js:849 BlockLoopControl: blockElement found: true
rtf-parser.js:849 BlockLoopControl: Кнопка создана для блока: Block 6
rtf-parser.js:849 🔇 Глубокая тишина - очистка нот
rtf-parser.js:849 🛑 Принудительная остановка всех нот (deep_silence), активных: 1
rtf-parser.js:849 LoopBlockManager: Shift key released, multiple selection mode deactivated
rtf-parser.js:849 🔇 Глубокая тишина - очистка нот
rtf-parser.js:849 🛑 Принудительная остановка всех нот (deep_silence), активных: 1
rtf-parser.js:849 🚫 Блокирована очевидная гармоника: 158.8Hz (2.01x от 79.1Hz, ясность: 70.4%)
rtf-parser.js:849 🔇 Глубокая тишина - очистка нот
rtf-parser.js:849 🛑 Принудительная остановка всех нот (deep_silence), активных: 1
rtf-parser.js:849 Key pressed: Space
rtf-parser.js:849 Space bar pressed, toggling playback
rtf-parser.js:849 ⏸️ ИНСТРУМЕНТАЛ: Пауза
rtf-parser.js:849 ⏸️ ВОКАЛ: Пауза
rtf-parser.js:849 isPlaying property set to: false
rtf-parser.js:849 Key pressed:  , key code: 32, waveform active: false
rtf-parser.js:849 🔍 Статический анализ: 242.7Hz (69.8%)
rtf-parser.js:849 🚫 Октавный скачок заблокирован: 998.9Hz → 242.7Hz за 29мс (ratio: 0.24)
rtf-parser.js:849 🔍 Статический анализ: 242.6Hz (56.1%)
rtf-parser.js:849 ✅ Октавный переход разрешен: 998.9Hz → 242.6Hz за 44мс (ratio: 0.24)
rtf-parser.js:849 🔍 Статический анализ: 243.0Hz (61.9%)
rtf-parser.js:849 🔍 Статический анализ: 245.9Hz (50.5%)
rtf-parser.js:849 Key pressed: AltLeft
rtf-parser.js:849 Key pressed: Alt, key code: 18, waveform active: false
rtf-parser.js:849 Key pressed: MetaLeft
rtf-parser.js:849 Key pressed: Meta, key code: 91, waveform active: false
rtf-parser.js:849 Key pressed: KeyJ
rtf-parser.js:849 Key pressed: j, key code: 74, waveform active: false
