 🔧 Block "Block 6": original=[27,28,29,30,31], sorted=[27,28,29,30,31]
 🔧 Block "Block 7": original=[32,33], sorted=[32,33]
 🔧 Block "Block 8": original=[34,35,36,37,38,39,40,41,42], sorted=[34,35,36,37,38,39,40,41,42]
 Splitting block "Block 8" (9 lines) into 2 parts with ~5 lines each
   Part 1: lines 0-4 (5 lines)
   Part 2: lines 5-8 (4 lines)
 🔧 Block "Block 9": original=[43,44,45,46], sorted=[43,44,45,46]
 🔧 Block "Block 1": original=[0,1,2,3,4,5,6,7], sorted=[0,1,2,3,4,5,6,7]
 🔧 Block "Block 2": original=[8,9,10,11], sorted=[8,9,10,11]
 🔧 Block "Block 3": original=[12,13,14,15,16], sorted=[12,13,14,15,16]
 🔧 Block "Block 4": original=[17,18], sorted=[17,18]
 🔧 Block "Block 5": original=[19,20,21,22,23,24,25,26], sorted=[19,20,21,22,23,24,25,26]
 🔧 Block "Block 6": original=[27,28,29,30,31], sorted=[27,28,29,30,31]
 🔧 Block "Block 7": original=[32,33], sorted=[32,33]
 🔧 Block "Block 8": original=[34,35,36,37,38,39,40,41,42], sorted=[34,35,36,37,38,39,40,41,42]
 Splitting block "Block 8" (9 lines) into 2 parts with ~5 lines each
   Part 1: lines 0-4 (5 lines)
   Part 2: lines 5-8 (4 lines)
 🔧 Block "Block 9": original=[43,44,45,46], sorted=[43,44,45,46]
 BlockLoopControl: Кнопка создана для блока: Block 7
 🔧 Block "Block 1": original=[0,1,2,3,4,5,6,7], sorted=[0,1,2,3,4,5,6,7]
 🔧 Block "Block 2": original=[8,9,10,11], sorted=[8,9,10,11]
 🔧 Block "Block 3": original=[12,13,14,15,16], sorted=[12,13,14,15,16]
 🔧 Block "Block 4": original=[17,18], sorted=[17,18]
 🔧 Block "Block 5": original=[19,20,21,22,23,24,25,26], sorted=[19,20,21,22,23,24,25,26]
 🔧 Block "Block 6": original=[27,28,29,30,31], sorted=[27,28,29,30,31]
 🔧 Block "Block 7": original=[32,33], sorted=[32,33]
 🔧 Block "Block 8": original=[34,35,36,37,38,39,40,41,42], sorted=[34,35,36,37,38,39,40,41,42]
 Splitting block "Block 8" (9 lines) into 2 parts with ~5 lines each
   Part 1: lines 0-4 (5 lines)
   Part 2: lines 5-8 (4 lines)
 🔧 Block "Block 9": original=[43,44,45,46], sorted=[43,44,45,46]
 🔧 Block "Block 1": original=[0,1,2,3,4,5,6,7], sorted=[0,1,2,3,4,5,6,7]
 🔧 Block "Block 2": original=[8,9,10,11], sorted=[8,9,10,11]
 🔧 Block "Block 3": original=[12,13,14,15,16], sorted=[12,13,14,15,16]
 🔧 Block "Block 4": original=[17,18], sorted=[17,18]
 🔧 Block "Block 5": original=[19,20,21,22,23,24,25,26], sorted=[19,20,21,22,23,24,25,26]
 🔧 Block "Block 6": original=[27,28,29,30,31], sorted=[27,28,29,30,31]
 🔧 Block "Block 7": original=[32,33], sorted=[32,33]
 🔧 Block "Block 8": original=[34,35,36,37,38,39,40,41,42], sorted=[34,35,36,37,38,39,40,41,42]
 Splitting block "Block 8" (9 lines) into 2 parts with ~5 lines each
   Part 1: lines 0-4 (5 lines)
   Part 2: lines 5-8 (4 lines)
 🔧 Block "Block 9": original=[43,44,45,46], sorted=[43,44,45,46]
 BlockLoopControl: _createLoopButtonForCurrentBlock called
 BlockLoopControl: lyricsDisplay.currentActiveBlock: Object
 BlockLoopControl: lyricsDisplay.textBlocks: Array(9)
 🔧 Block "Block 1": original=[0,1,2,3,4,5,6,7], sorted=[0,1,2,3,4,5,6,7]
 🔧 Block "Block 2": original=[8,9,10,11], sorted=[8,9,10,11]
 🔧 Block "Block 3": original=[12,13,14,15,16], sorted=[12,13,14,15,16]
 🔧 Block "Block 4": original=[17,18], sorted=[17,18]
 🔧 Block "Block 5": original=[19,20,21,22,23,24,25,26], sorted=[19,20,21,22,23,24,25,26]
 🔧 Block "Block 6": original=[27,28,29,30,31], sorted=[27,28,29,30,31]
 🔧 Block "Block 7": original=[32,33], sorted=[32,33]
 🔧 Block "Block 8": original=[34,35,36,37,38,39,40,41,42], sorted=[34,35,36,37,38,39,40,41,42]
 Splitting block "Block 8" (9 lines) into 2 parts with ~5 lines each
   Part 1: lines 0-4 (5 lines)
   Part 2: lines 5-8 (4 lines)
 🔧 Block "Block 9": original=[43,44,45,46], sorted=[43,44,45,46]
 🔧 Block "Block 1": original=[0,1,2,3,4,5,6,7], sorted=[0,1,2,3,4,5,6,7]
 🔧 Block "Block 2": original=[8,9,10,11], sorted=[8,9,10,11]
 🔧 Block "Block 3": original=[12,13,14,15,16], sorted=[12,13,14,15,16]
 🔧 Block "Block 4": original=[17,18], sorted=[17,18]
 🔧 Block "Block 5": original=[19,20,21,22,23,24,25,26], sorted=[19,20,21,22,23,24,25,26]
 🔧 Block "Block 6": original=[27,28,29,30,31], sorted=[27,28,29,30,31]
 🔧 Block "Block 7": original=[32,33], sorted=[32,33]
 🔧 Block "Block 8": original=[34,35,36,37,38,39,40,41,42], sorted=[34,35,36,37,38,39,40,41,42]
 Splitting block "Block 8" (9 lines) into 2 parts with ~5 lines each
   Part 1: lines 0-4 (5 lines)
   Part 2: lines 5-8 (4 lines)
 🔧 Block "Block 9": original=[43,44,45,46], sorted=[43,44,45,46]
 BlockLoopControl: _createLoopButtonForCurrentBlock called
 BlockLoopControl: lyricsDisplay.currentActiveBlock: Object
 BlockLoopControl: lyricsDisplay.textBlocks: Array(9)
 🔧 Block "Block 1": original=[0,1,2,3,4,5,6,7], sorted=[0,1,2,3,4,5,6,7]
 🔧 Block "Block 2": original=[8,9,10,11], sorted=[8,9,10,11]
 🔧 Block "Block 3": original=[12,13,14,15,16], sorted=[12,13,14,15,16]
 🔧 Block "Block 4": original=[17,18], sorted=[17,18]
 🔧 Block "Block 5": original=[19,20,21,22,23,24,25,26], sorted=[19,20,21,22,23,24,25,26]
 🔧 Block "Block 6": original=[27,28,29,30,31], sorted=[27,28,29,30,31]
 🔧 Block "Block 7": original=[32,33], sorted=[32,33]
 🔧 Block "Block 8": original=[34,35,36,37,38,39,40,41,42], sorted=[34,35,36,37,38,39,40,41,42]
 Splitting block "Block 8" (9 lines) into 2 parts with ~5 lines each
   Part 1: lines 0-4 (5 lines)
   Part 2: lines 5-8 (4 lines)
 🔧 Block "Block 9": original=[43,44,45,46], sorted=[43,44,45,46]
 🔧 Block "Block 1": original=[0,1,2,3,4,5,6,7], sorted=[0,1,2,3,4,5,6,7]
 🔧 Block "Block 2": original=[8,9,10,11], sorted=[8,9,10,11]
 🔧 Block "Block 3": original=[12,13,14,15,16], sorted=[12,13,14,15,16]
 🔧 Block "Block 4": original=[17,18], sorted=[17,18]
 🔧 Block "Block 5": original=[19,20,21,22,23,24,25,26], sorted=[19,20,21,22,23,24,25,26]
 🔧 Block "Block 6": original=[27,28,29,30,31], sorted=[27,28,29,30,31]
 🔧 Block "Block 7": original=[32,33], sorted=[32,33]
 🔧 Block "Block 8": original=[34,35,36,37,38,39,40,41,42], sorted=[34,35,36,37,38,39,40,41,42]
 Splitting block "Block 8" (9 lines) into 2 parts with ~5 lines each
   Part 1: lines 0-4 (5 lines)
   Part 2: lines 5-8 (4 lines)
 🔧 Block "Block 9": original=[43,44,45,46], sorted=[43,44,45,46]
 🛡️ Симулированная нота C#4 защищена от автоочистки
 🛡️ Симулированная нота C#4 защищена от автоочистки
 🛡️ Симулированная нота C4 защищена от автоочистки
 🛡️ Симулированная нота C4 защищена от автоочистки
 🛡️ Симулированная нота B3 защищена от автоочистки
 🛡️ Симулированная нота B3 защищена от автоочистки
 🛡️ Симулированная нота B3 защищена от автоочистки
 🛡️ Симулированная нота B3 защищена от автоочистки
 🛡️ Симулированная нота B3 защищена от автоочистки
 🔇 Глубокая тишина - очистка нот
 🛑 Принудительная остановка всех нот (deep_silence), активных: 1
 🛡️ Симулированная нота D#4 защищена от автоочистки
 🛡️ Симулированная нота C#4 защищена от автоочистки
 🛡️ Симулированная нота C4 защищена от автоочистки
 🛡️ Симулированная нота F#3 защищена от автоочистки
 🛡️ Симулированная нота F#3 защищена от автоочистки
 🛡️ Симулированная нота F#3 защищена от автоочистки
 🛡️ Симулированная нота F#3 защищена от автоочистки
 🛡️ Симулированная нота F#3 защищена от автоочистки
 🛡️ Симулированная нота F#3 защищена от автоочистки
 🛡️ Симулированная нота F#3 защищена от автоочистки
 🔇 Глубокая тишина - очистка нот
 🛑 Принудительная остановка всех нот (deep_silence), активных: 1
 🛡️ Симулированная нота D#4 защищена от автоочистки
 🛡️ Симулированная нота D4 защищена от автоочистки
 🛡️ Симулированная нота C#4 защищена от автоочистки
 🛡️ Симулированная нота C#4 защищена от автоочистки
 🛡️ Симулированная нота C4 защищена от автоочистки
 🛡️ Симулированная нота B4 защищена от автоочистки
 🛡️ Симулированная нота B4 защищена от автоочистки
 🛡️ Симулированная нота B4 защищена от автоочистки
 🛡️ Симулированная нота B4 защищена от автоочистки
 🛡️ Симулированная нота B4 защищена от автоочистки
 🛡️ Симулированная нота B4 защищена от автоочистки
 🔇 Глубокая тишина - очистка нот
 🛑 Принудительная остановка всех нот (deep_silence), активных: 1
 🎯 Высокая ясность (92.8%) - принимаем возможную гармонику: 257.5Hz
 🛡️ Симулированная нота C4 защищена от автоочистки
 🛡️ Симулированная нота C4 защищена от автоочистки
 🛡️ Симулированная нота C4 защищена от автоочистки
 🛡️ Симулированная нота C4 защищена от автоочистки
 🛡️ Симулированная нота C4 защищена от автоочистки
 🛡️ Симулированная нота C4 защищена от автоочистки
 🛡️ Симулированная нота C4 защищена от автоочистки
 🛡️ Симулированная нота C4 защищена от автоочистки
 🛡️ Симулированная нота C4 защищена от автоочистки
 🛡️ Симулированная нота C4 защищена от автоочистки
 🛡️ Симулированная нота C4 защищена от автоочистки
 🛡️ Симулированная нота C4 защищена от автоочистки
 🛡️ Симулированная нота C4 защищена от автоочистки
 🛡️ Симулированная нота C4 защищена от автоочистки
 🛡️ Симулированная нота C4 защищена от автоочистки
 🛡️ Симулированная нота C4 защищена от автоочистки
 🛡️ Симулированная нота C4 защищена от автоочистки
 🛡️ Симулированная нота C4 защищена от автоочистки
 🛡️ Симулированная нота C4 защищена от автоочистки
 🛡️ Симулированная нота C4 защищена от автоочистки
 🛡️ Симулированная нота C4 защищена от автоочистки
 🛡️ Симулированная нота C4 защищена от автоочистки
 🛡️ Симулированная нота C4 защищена от автоочистки
 🛡️ Симулированная нота C4 защищена от автоочистки
 🛡️ Симулированная нота C4 защищена от автоочистки
 🛡️ Симулированная нота C4 защищена от автоочистки
 🛡️ Симулированная нота C#4 защищена от автоочистки
 🛡️ Симулированная нота C#4 защищена от автоочистки
 🛡️ Симулированная нота D4 защищена от автоочистки
 🛡️ Симулированная нота D4 защищена от автоочистки
 🛡️ Симулированная нота D4 защищена от автоочистки
 🛡️ Симулированная нота D4 защищена от автоочистки
 🛡️ Симулированная нота D4 защищена от автоочистки
 🛡️ Симулированная нота D4 защищена от автоочистки
 🛡️ Симулированная нота D4 защищена от автоочистки
 🛡️ Симулированная нота D4 защищена от автоочистки
 🛡️ Симулированная нота D4 защищена от автоочистки
 🛡️ Симулированная нота D4 защищена от автоочистки
 🛡️ Симулированная нота D4 защищена от автоочистки
 🛡️ Симулированная нота D#4 защищена от автоочистки
 🛡️ Симулированная нота D#4 защищена от автоочистки
 🛡️ Симулированная нота D#4 защищена от автоочистки
 🛡️ Симулированная нота D#4 защищена от автоочистки
 🛡️ Симулированная нота D#4 защищена от автоочистки
 🛡️ Симулированная нота D#4 защищена от автоочистки
 🛡️ Симулированная нота D#4 защищена от автоочистки
 🛡️ Симулированная нота D#4 защищена от автоочистки
 🛡️ Симулированная нота D#4 защищена от автоочистки
 🛡️ Симулированная нота D#4 защищена от автоочистки
 🛡️ Симулированная нота D#4 защищена от автоочистки
 🛡️ Симулированная нота D#4 защищена от автоочистки
 🛡️ Симулированная нота D#4 защищена от автоочистки
 🛡️ Симулированная нота D#4 защищена от автоочистки
 🛡️ Симулированная нота D#4 защищена от автоочистки
 🛡️ Симулированная нота D#4 защищена от автоочистки
 🛡️ Симулированная нота D#4 защищена от автоочистки
 🛡️ Симулированная нота D#4 защищена от автоочистки
 🛡️ Симулированная нота D#4 защищена от автоочистки
 🛡️ Симулированная нота E4 защищена от автоочистки
 🛡️ Симулированная нота F4 защищена от автоочистки
 🛡️ Симулированная нота F4 защищена от автоочистки
 🛡️ Симулированная нота F4 защищена от автоочистки
 🛡️ Симулированная нота F4 защищена от автоочистки
 🛡️ Симулированная нота F4 защищена от автоочистки
 🛡️ Симулированная нота F4 защищена от автоочистки
 🛡️ Симулированная нота F4 защищена от автоочистки
 🛡️ Симулированная нота F4 защищена от автоочистки
 🛡️ Симулированная нота F4 защищена от автоочистки
 🛡️ Симулированная нота F4 защищена от автоочистки
 🛡️ Симулированная нота F4 защищена от автоочистки
 🛡️ Симулированная нота F4 защищена от автоочистки
 🛡️ Симулированная нота F4 защищена от автоочистки
 🛡️ Симулированная нота F4 защищена от автоочистки
 🛡️ Симулированная нота F4 защищена от автоочистки
 🛡️ Симулированная нота F4 защищена от автоочистки
 🛡️ Симулированная нота F4 защищена от автоочистки
 🛡️ Симулированная нота F4 защищена от автоочистки
 🛡️ Симулированная нота F4 защищена от автоочистки
 🛡️ Симулированная нота F4 защищена от автоочистки
 🛡️ Симулированная нота F4 защищена от автоочистки
 🛡️ Симулированная нота F4 защищена от автоочистки
 🛡️ Симулированная нота F4 защищена от автоочистки
 🛡️ Симулированная нота F4 защищена от автоочистки
 🛡️ Симулированная нота F#4 защищена от автоочистки
 🛡️ Симулированная нота F#4 защищена от автоочистки
 🛡️ Симулированная нота G3 защищена от автоочистки
 🛡️ Симулированная нота G3 защищена от автоочистки
 🛡️ Симулированная нота G3 защищена от автоочистки
 🎯 Высокая ясность (93.8%) - принимаем возможную гармонику: 389.6Hz
 ✅ Октавный переход разрешен: 196.1Hz → 389.6Hz за 65мс (ratio: 1.99)
 🛡️ Симулированная нота G4 защищена от автоочистки
 🚫 Блокирована очевидная гармоника: 196.1Hz (0.50x от 389.6Hz, ясность: 87.4%)
 🛡️ Симулированная нота G4 защищена от автоочистки
 🎯 Высокая ясность (90.5%) - принимаем возможную гармонику: 196.2Hz
 ✅ Октавный переход разрешен: 389.6Hz → 196.2Hz за 55мс (ratio: 0.50)
 🛡️ Симулированная нота G3 защищена от автоочистки
 🎯 Высокая ясность (93.3%) - принимаем возможную гармонику: 391.7Hz
 🚫 Октавный скачок заблокирован: 196.2Hz → 391.7Hz за 32мс (ratio: 2.00)
 🛡️ Симулированная нота G3 защищена от автоочистки
 ✅ Октавный переход разрешен: 196.2Hz → 392.5Hz за 68мс (ratio: 2.00)
 🛡️ Симулированная нота G4 защищена от автоочистки
 🛡️ Симулированная нота G4 защищена от автоочистки
 🛡️ Симулированная нота G4 защищена от автоочистки
 🛡️ Симулированная нота G4 защищена от автоочистки
 🛡️ Симулированная нота G4 защищена от автоочистки
 🛡️ Симулированная нота G4 защищена от автоочистки
 🛡️ Симулированная нота G4 защищена от автоочистки
 🛡️ Симулированная нота G4 защищена от автоочистки
 🛡️ Симулированная нота G4 защищена от автоочистки
 🛡️ Симулированная нота G4 защищена от автоочистки
 🛡️ Симулированная нота G4 защищена от автоочистки
 🛡️ Симулированная нота G4 защищена от автоочистки
 🛡️ Симулированная нота G4 защищена от автоочистки
 🛡️ Симулированная нота G4 защищена от автоочистки
 🛡️ Симулированная нота G4 защищена от автоочистки
 🛡️ Симулированная нота G4 защищена от автоочистки
 🛡️ Симулированная нота G4 защищена от автоочистки
 🛡️ Симулированная нота G4 защищена от автоочистки
 🛡️ Симулированная нота G4 защищена от автоочистки
 🛡️ Симулированная нота G4 защищена от автоочистки
 🛡️ Симулированная нота G4 защищена от автоочистки
 🛡️ Симулированная нота G#4 защищена от автоочистки
 🛡️ Симулированная нота G#4 защищена от автоочистки
 🛡️ Симулированная нота G#4 защищена от автоочистки
 🛡️ Симулированная нота G#4 защищена от автоочистки
 🛡️ Симулированная нота G#4 защищена от автоочистки
 🛡️ Симулированная нота G#4 защищена от автоочистки
 🛡️ Симулированная нота C4 защищена от автоочистки
 🛡️ Симулированная нота C4 защищена от автоочистки
 ✅ Октавный переход разрешен: 266.9Hz → 87.2Hz за 52мс (ratio: 0.33)
 🛡️ Симулированная нота F2 защищена от автоочистки
 🛡️ Симулированная нота F2 защищена от автоочистки
 🎯 Высокая ясность (90.9%) - принимаем возможную гармонику: 349.3Hz
 ✅ Октавный переход разрешен: 87.2Hz → 349.3Hz за 64мс (ratio: 4.01)
 🛡️ Симулированная нота F4 защищена от автоочистки
 🛡️ Симулированная нота F4 защищена от автоочистки
 🛡️ Симулированная нота F4 защищена от автоочистки
 🛡️ Симулированная нота F4 защищена от автоочистки
 🛡️ Симулированная нота F4 защищена от автоочистки
 🛡️ Симулированная нота F4 защищена от автоочистки
 🛡️ Симулированная нота F4 защищена от автоочистки
 🛡️ Симулированная нота F#4 защищена от автоочистки
 🛡️ Симулированная нота F#4 защищена от автоочистки
 🛡️ Симулированная нота F#4 защищена от автоочистки
 🛡️ Симулированная нота G4 защищена от автоочистки
 🛡️ Симулированная нота G4 защищена от автоочистки
 🛡️ Симулированная нота G4 защищена от автоочистки
 🛡️ Симулированная нота G4 защищена от автоочистки
 🛡️ Симулированная нота G4 защищена от автоочистки
 🛡️ Симулированная нота G4 защищена от автоочистки
 🛡️ Симулированная нота G4 защищена от автоочистки
 🛡️ Симулированная нота G4 защищена от автоочистки
 🛡️ Симулированная нота G4 защищена от автоочистки
 🛡️ Симулированная нота G4 защищена от автоочистки
 🛡️ Симулированная нота G4 защищена от автоочистки
 🛡️ Симулированная нота G4 защищена от автоочистки
 🛡️ Симулированная нота G4 защищена от автоочистки
 🛡️ Симулированная нота G4 защищена от автоочистки
 🛡️ Симулированная нота G4 защищена от автоочистки
 🛡️ Симулированная нота G4 защищена от автоочистки
 🛡️ Симулированная нота G4 защищена от автоочистки
 🛡️ Симулированная нота G4 защищена от автоочистки
 🛡️ Симулированная нота G4 защищена от автоочистки
 🛡️ Симулированная нота G4 защищена от автоочистки
 🛡️ Симулированная нота G4 защищена от автоочистки
 🛡️ Симулированная нота G4 защищена от автоочистки
 🛡️ Симулированная нота G4 защищена от автоочистки
 🛡️ Симулированная нота G4 защищена от автоочистки
 🛡️ Симулированная нота G4 защищена от автоочистки
 🛡️ Симулированная нота G4 защищена от автоочистки
 🛡️ Симулированная нота G4 защищена от автоочистки
 🛡️ Симулированная нота G4 защищена от автоочистки
 🔇 Глубокая тишина - очистка нот
 🛑 Принудительная остановка всех нот (deep_silence), активных: 1
 🛡️ Симулированная нота F#4 защищена от автоочистки
 🛡️ Симулированная нота F#4 защищена от автоочистки
 🛡️ Симулированная нота F#4 защищена от автоочистки
 🛡️ Симулированная нота G4 защищена от автоочистки
 🛡️ Симулированная нота G4 защищена от автоочистки
 🛡️ Симулированная нота G4 защищена от автоочистки
 🛡️ Симулированная нота G4 защищена от автоочистки
 🛡️ Симулированная нота G4 защищена от автоочистки
 🛡️ Симулированная нота G4 защищена от автоочистки
 🛡️ Симулированная нота G4 защищена от автоочистки
 🛡️ Симулированная нота G4 защищена от автоочистки
 🛡️ Симулированная нота G4 защищена от автоочистки
 🛡️ Симулированная нота G4 защищена от автоочистки
 🛡️ Симулированная нота G4 защищена от автоочистки
 🛡️ Симулированная нота G4 защищена от автоочистки
 🛡️ Симулированная нота G4 защищена от автоочистки
 🛡️ Симулированная нота G4 защищена от автоочистки
 🛡️ Симулированная нота G4 защищена от автоочистки
 🛡️ Симулированная нота G4 защищена от автоочистки
 🛡️ Симулированная нота G4 защищена от автоочистки
 🛡️ Симулированная нота G4 защищена от автоочистки
 🛡️ Симулированная нота G4 защищена от автоочистки
 🛡️ Симулированная нота G4 защищена от автоочистки
 🛡️ Симулированная нота G4 защищена от автоочистки
 🛡️ Симулированная нота G4 защищена от автоочистки
 🛡️ Симулированная нота G4 защищена от автоочистки
 🛡️ Симулированная нота G4 защищена от автоочистки
 🛡️ Симулированная нота G4 защищена от автоочистки
 🛡️ Симулированная нота G4 защищена от автоочистки
 🛡️ Симулированная нота G4 защищена от автоочистки
 🛡️ Симулированная нота G4 защищена от автоочистки
 🛡️ Симулированная нота G4 защищена от автоочистки
 🛡️ Симулированная нота F#4 защищена от автоочистки
 🛡️ Симулированная нота F#4 защищена от автоочистки
 🛡️ Симулированная нота F4 защищена от автоочистки
 🛡️ Симулированная нота F4 защищена от автоочистки
 🛡️ Симулированная нота F4 защищена от автоочистки
 🛡️ Симулированная нота F4 защищена от автоочистки
 🛡️ Симулированная нота F4 защищена от автоочистки
 🛡️ Симулированная нота F4 защищена от автоочистки
 🛡️ Симулированная нота F4 защищена от автоочистки
 🛡️ Симулированная нота F4 защищена от автоочистки
 🛡️ Симулированная нота F4 защищена от автоочистки
 🛡️ Симулированная нота F4 защищена от автоочистки
 🛡️ Симулированная нота F4 защищена от автоочистки
 🛡️ Симулированная нота F4 защищена от автоочистки
 🛡️ Симулированная нота F4 защищена от автоочистки
 🛡️ Симулированная нота F4 защищена от автоочистки
 🛡️ Симулированная нота D#4 защищена от автоочистки
 🛡️ Симулированная нота D#4 защищена от автоочистки
 🛡️ Симулированная нота D#4 защищена от автоочистки
 🛡️ Симулированная нота D#4 защищена от автоочистки
 🛡️ Симулированная нота D#4 защищена от автоочистки
 🛡️ Симулированная нота D#4 защищена от автоочистки
 🛡️ Симулированная нота D#4 защищена от автоочистки
 🛡️ Симулированная нота D#4 защищена от автоочистки
 🛡️ Симулированная нота D#4 защищена от автоочистки
 🛡️ Симулированная нота D#4 защищена от автоочистки
 🛡️ Симулированная нота D#4 защищена от автоочистки
 🛡️ Симулированная нота D#4 защищена от автоочистки
 🛡️ Симулированная нота D#4 защищена от автоочистки
 🛡️ Симулированная нота D#4 защищена от автоочистки
 🛡️ Симулированная нота D#4 защищена от автоочистки
 🛡️ Симулированная нота D#4 защищена от автоочистки
 🛡️ Симулированная нота D#4 защищена от автоочистки
 🛡️ Симулированная нота D#4 защищена от автоочистки
 🛡️ Симулированная нота D#4 защищена от автоочистки
 🛡️ Симулированная нота D#4 защищена от автоочистки
 🛡️ Симулированная нота D#4 защищена от автоочистки
 🛡️ Симулированная нота D#4 защищена от автоочистки
 🛡️ Симулированная нота D#4 защищена от автоочистки
 🛡️ Симулированная нота D#4 защищена от автоочистки
 🛡️ Симулированная нота D#4 защищена от автоочистки
 🛡️ Симулированная нота D#4 защищена от автоочистки
 🛡️ Симулированная нота D4 защищена от автоочистки
 🛡️ Симулированная нота D4 защищена от автоочистки
 🛡️ Симулированная нота D4 защищена от автоочистки
 🛡️ Симулированная нота D4 защищена от автоочистки
 🛡️ Симулированная нота D4 защищена от автоочистки
 🛡️ Симулированная нота D4 защищена от автоочистки
 🛡️ Симулированная нота D4 защищена от автоочистки
 🛡️ Симулированная нота D4 защищена от автоочистки
 🛡️ Симулированная нота D4 защищена от автоочистки
 🛡️ Симулированная нота D4 защищена от автоочистки
 🛡️ Симулированная нота D4 защищена от автоочистки
 🛡️ Симулированная нота D4 защищена от автоочистки
 🛡️ Симулированная нота D4 защищена от автоочистки
 🛡️ Симулированная нота D4 защищена от автоочистки
 🛡️ Симулированная нота D4 защищена от автоочистки
 🛡️ Симулированная нота D4 защищена от автоочистки
 🛡️ Симулированная нота D4 защищена от автоочистки
 🛡️ Симулированная нота D4 защищена от автоочистки
 🛡️ Симулированная нота D4 защищена от автоочистки
 🛡️ Симулированная нота D4 защищена от автоочистки
 🛡️ Симулированная нота D4 защищена от автоочистки
 🛡️ Симулированная нота D4 защищена от автоочистки
 🛡️ Симулированная нота D4 защищена от автоочистки
 🛡️ Симулированная нота D4 защищена от автоочистки
 🛡️ Симулированная нота D4 защищена от автоочистки
 🛡️ Симулированная нота C#4 защищена от автоочистки
 🛡️ Симулированная нота C4 защищена от автоочистки
 🛡️ Симулированная нота C4 защищена от автоочистки
 🛡️ Симулированная нота C4 защищена от автоочистки
 🛡️ Симулированная нота C4 защищена от автоочистки
 🛡️ Симулированная нота C4 защищена от автоочистки
 🛡️ Симулированная нота C4 защищена от автоочистки
 🛡️ Симулированная нота C4 защищена от автоочистки
 🛡️ Симулированная нота C4 защищена от автоочистки
 🛡️ Симулированная нота C4 защищена от автоочистки
 🛡️ Симулированная нота C4 защищена от автоочистки
 🛡️ Симулированная нота C4 защищена от автоочистки
 🛡️ Симулированная нота C4 защищена от автоочистки
 🛡️ Симулированная нота C4 защищена от автоочистки
 🛡️ Симулированная нота C4 защищена от автоочистки
 🛡️ Симулированная нота C4 защищена от автоочистки
 🛡️ Симулированная нота C4 защищена от автоочистки
 🛡️ Симулированная нота C4 защищена от автоочистки
 🛡️ Симулированная нота C4 защищена от автоочистки
 🛡️ Симулированная нота C4 защищена от автоочистки
 🛡️ Симулированная нота C4 защищена от автоочистки
 🛡️ Симулированная нота C4 защищена от автоочистки
 🛡️ Симулированная нота C4 защищена от автоочистки
 🛡️ Симулированная нота C4 защищена от автоочистки
 🛡️ Симулированная нота C4 защищена от автоочистки
 Rehearsal: Line changing from 32 to 33
 🔧 Block "Block 1": original=[0,1,2,3,4,5,6,7], sorted=[0,1,2,3,4,5,6,7]
 🔧 Block "Block 2": original=[8,9,10,11], sorted=[8,9,10,11]
 🔧 Block "Block 3": original=[12,13,14,15,16], sorted=[12,13,14,15,16]
 🔧 Block "Block 4": original=[17,18], sorted=[17,18]
 🔧 Block "Block 5": original=[19,20,21,22,23,24,25,26], sorted=[19,20,21,22,23,24,25,26]
 🔧 Block "Block 6": original=[27,28,29,30,31], sorted=[27,28,29,30,31]
 🔧 Block "Block 7": original=[32,33], sorted=[32,33]
 🔧 Block "Block 8": original=[34,35,36,37,38,39,40,41,42], sorted=[34,35,36,37,38,39,40,41,42]
 Splitting block "Block 8" (9 lines) into 2 parts with ~5 lines each
   Part 1: lines 0-4 (5 lines)
   Part 2: lines 5-8 (4 lines)
 🔧 Block "Block 9": original=[43,44,45,46], sorted=[43,44,45,46]
 Rehearsal: Current line 32 belongs to block: 6 Array(2)
 Rehearsal: New line 33 belongs to block: 6 Array(2)
 Rehearsal: Same block (6), updating active line from 32 to 33
 [SETACTIVE] Called with index 33. Current style: rehearsal
 Rehearsal mode: Setting active line 33
 Activating rehearsal line at index 33
 🔧 Block "Block 1": original=[0,1,2,3,4,5,6,7], sorted=[0,1,2,3,4,5,6,7]
 🔧 Block "Block 2": original=[8,9,10,11], sorted=[8,9,10,11]
 🔧 Block "Block 3": original=[12,13,14,15,16], sorted=[12,13,14,15,16]
 🔧 Block "Block 4": original=[17,18], sorted=[17,18]
 🔧 Block "Block 5": original=[19,20,21,22,23,24,25,26], sorted=[19,20,21,22,23,24,25,26]
 🔧 Block "Block 6": original=[27,28,29,30,31], sorted=[27,28,29,30,31]
 🔧 Block "Block 7": original=[32,33], sorted=[32,33]
 🔧 Block "Block 8": original=[34,35,36,37,38,39,40,41,42], sorted=[34,35,36,37,38,39,40,41,42]
 Splitting block "Block 8" (9 lines) into 2 parts with ~5 lines each
   Part 1: lines 0-4 (5 lines)
   Part 2: lines 5-8 (4 lines)
 🔧 Block "Block 9": original=[43,44,45,46], sorted=[43,44,45,46]
 ✅ Rehearsal Background: set Rehearsal/soty_obem_zheleznyj_167098_2560x1440.jpg
 🔧 Block "Block 1": original=[0,1,2,3,4,5,6,7], sorted=[0,1,2,3,4,5,6,7]
 🔧 Block "Block 2": original=[8,9,10,11], sorted=[8,9,10,11]
 🔧 Block "Block 3": original=[12,13,14,15,16], sorted=[12,13,14,15,16]
 🔧 Block "Block 4": original=[17,18], sorted=[17,18]
 🔧 Block "Block 5": original=[19,20,21,22,23,24,25,26], sorted=[19,20,21,22,23,24,25,26]
 🔧 Block "Block 6": original=[27,28,29,30,31], sorted=[27,28,29,30,31]
 🔧 Block "Block 7": original=[32,33], sorted=[32,33]
 🔧 Block "Block 8": original=[34,35,36,37,38,39,40,41,42], sorted=[34,35,36,37,38,39,40,41,42]
 Splitting block "Block 8" (9 lines) into 2 parts with ~5 lines each
   Part 1: lines 0-4 (5 lines)
   Part 2: lines 5-8 (4 lines)
 🔧 Block "Block 9": original=[43,44,45,46], sorted=[43,44,45,46]
 📡 BLOCK CHANGE EVENT received
    Current loop block: Block 1 (ID: block-1755272274088-0-q38zdfcow)
    New active block: Block 7 (ID: 6)
    Loop is active: false
    Seeking in progress: false
    Same block ID: false
    Same block name: false
    Current block lines: [0,1,2,3,4,5,6,7]
    New block lines: [32,33]
    Same lines: false
 BlockLoopControl: Calculating time range for block "Block 1" with lines [0,1,2,3,4,5,6,7]
 BlockLoopControl: Available markers count: 47
 BlockLoopControl: Block line range: 0 to 7
 BlockLoopControl: Found start marker for line 0: 53.77s
 BlockLoopControl: Searching for end marker after line 7
 BlockLoopControl: Found end marker (first of next block) for line 8: 74.64s
 BlockLoopControl: Block "Block 1" LOOP BOUNDS: START=53.77s END=74.64s (duration: 20.87s)
 BlockLoopControl: Calculating time range for block "Block 7" with lines [32,33]
 BlockLoopControl: Available markers count: 47
 BlockLoopControl: Block line range: 32 to 33
 BlockLoopControl: Found start marker for line 32: 153.00s
 BlockLoopControl: Searching for end marker after line 33
 BlockLoopControl: Found end marker (first of next block) for line 34: 184.72s
 BlockLoopControl: Block "Block 7" LOOP BOUNDS: START=153.00s END=184.72s (duration: 31.72s)
    Current time range: 53.773s - 74.642s
    New time range: 153.004s - 184.724s
    Time difference: 209.313s
    Same time range: false
 🔄 DIFFERENT BLOCK DETECTED: Proceeding with block change logic
    Was looping: false
 ℹ️ NO LOOP TO STOP: Loop was not active
 🔧 CREATING LOOP BUTTON: For new active block
 BlockLoopControl: _createLoopButtonForCurrentBlock called
 BlockLoopControl: lyricsDisplay.currentActiveBlock: Object
 BlockLoopControl: lyricsDisplay.textBlocks: Array(9)
 🔧 Block "Block 1": original=[0,1,2,3,4,5,6,7], sorted=[0,1,2,3,4,5,6,7]
 🔧 Block "Block 2": original=[8,9,10,11], sorted=[8,9,10,11]
 🔧 Block "Block 3": original=[12,13,14,15,16], sorted=[12,13,14,15,16]
 🔧 Block "Block 4": original=[17,18], sorted=[17,18]
 🔧 Block "Block 5": original=[19,20,21,22,23,24,25,26], sorted=[19,20,21,22,23,24,25,26]
 🔧 Block "Block 6": original=[27,28,29,30,31], sorted=[27,28,29,30,31]
 🔧 Block "Block 7": original=[32,33], sorted=[32,33]
 🔧 Block "Block 8": original=[34,35,36,37,38,39,40,41,42], sorted=[34,35,36,37,38,39,40,41,42]
 Splitting block "Block 8" (9 lines) into 2 parts with ~5 lines each
   Part 1: lines 0-4 (5 lines)
   Part 2: lines 5-8 (4 lines)
 🔧 Block "Block 9": original=[43,44,45,46], sorted=[43,44,45,46]
 🔧 Block "Block 1": original=[0,1,2,3,4,5,6,7], sorted=[0,1,2,3,4,5,6,7]
 🔧 Block "Block 2": original=[8,9,10,11], sorted=[8,9,10,11]
 🔧 Block "Block 3": original=[12,13,14,15,16], sorted=[12,13,14,15,16]
 🔧 Block "Block 4": original=[17,18], sorted=[17,18]
 🔧 Block "Block 5": original=[19,20,21,22,23,24,25,26], sorted=[19,20,21,22,23,24,25,26]
 🔧 Block "Block 6": original=[27,28,29,30,31], sorted=[27,28,29,30,31]
 🔧 Block "Block 7": original=[32,33], sorted=[32,33]
 🔧 Block "Block 8": original=[34,35,36,37,38,39,40,41,42], sorted=[34,35,36,37,38,39,40,41,42]
 Splitting block "Block 8" (9 lines) into 2 parts with ~5 lines each
   Part 1: lines 0-4 (5 lines)
   Part 2: lines 5-8 (4 lines)
 🔧 Block "Block 9": original=[43,44,45,46], sorted=[43,44,45,46]
 🛡️ Симулированная нота C4 защищена от автоочистки
 🛡️ Симулированная нота C#4 защищена от автоочистки
 🛡️ Симулированная нота C#4 защищена от автоочистки
 🛡️ Симулированная нота C#4 защищена от автоочистки
 🛡️ Симулированная нота C#4 защищена от автоочистки
 🛡️ Симулированная нота C4 защищена от автоочистки
 🛡️ Симулированная нота C4 защищена от автоочистки
 🛡️ Симулированная нота C#4 защищена от автоочистки
 🛡️ Симулированная нота C#4 защищена от автоочистки
 🛡️ Симулированная нота C#4 защищена от автоочистки
 🛡️ Симулированная нота C#4 защищена от автоочистки
 🛡️ Симулированная нота C#4 защищена от автоочистки
 🛡️ Симулированная нота C#4 защищена от автоочистки
 🔇 Глубокая тишина - очистка нот
 🛑 Принудительная остановка всех нот (deep_silence), активных: 1
 🛡️ Симулированная нота A#3 защищена от автоочистки
 🛡️ Симулированная нота A#3 защищена от автоочистки
 🛡️ Симулированная нота A#3 защищена от автоочистки
 🛡️ Симулированная нота A#3 защищена от автоочистки
 🛡️ Симулированная нота A#3 защищена от автоочистки
 🛡️ Симулированная нота D#4 защищена от автоочистки
 🛡️ Симулированная нота E4 защищена от автоочистки
 🛡️ Симулированная нота E4 защищена от автоочистки
 🛡️ Симулированная нота E4 защищена от автоочистки
 🛡️ Симулированная нота C4 защищена от автоочистки
 🛡️ Симулированная нота C4 защищена от автоочистки
 🛡️ Симулированная нота C4 защищена от автоочистки
 🛡️ Симулированная нота C4 защищена от автоочистки
 🛡️ Симулированная нота C4 защищена от автоочистки
 🛡️ Симулированная нота C4 защищена от автоочистки
 🛡️ Симулированная нота C4 защищена от автоочистки
 🛡️ Симулированная нота C4 защищена от автоочистки
 🛡️ Симулированная нота C4 защищена от автоочистки
 🛡️ Симулированная нота C4 защищена от автоочистки
 🛡️ Симулированная нота C4 защищена от автоочистки
 🛡️ Симулированная нота C4 защищена от автоочистки
 🛡️ Симулированная нота C4 защищена от автоочистки
 🛡️ Симулированная нота C4 защищена от автоочистки
 🛡️ Симулированная нота C4 защищена от автоочистки
 🛡️ Симулированная нота B3 защищена от автоочистки
 🛡️ Симулированная нота D#5 защищена от автоочистки
 🛡️ Симулированная нота D5 защищена от автоочистки
 🛡️ Симулированная нота D5 защищена от автоочистки
 🛡️ Симулированная нота D5 защищена от автоочистки
 🛡️ Симулированная нота D5 защищена от автоочистки
 🛡️ Симулированная нота D5 защищена от автоочистки
 🛡️ Симулированная нота D5 защищена от автоочистки
 🔇 Глубокая тишина - очистка нот
 🛑 Принудительная остановка всех нот (deep_silence), активных: 1
 🚫 Блокирована очевидная гармоника: 299.8Hz (0.50x от 601.6Hz, ясность: 87.0%)
 🎯 Высокая ясность (94.4%) - принимаем возможную гармонику: 306.3Hz
 🛡️ Симулированная нота D#4 защищена от автоочистки
 🛡️ Симулированная нота D#4 защищена от автоочистки
 ✅ Октавный переход разрешен: 310.7Hz → 644.1Hz за 45мс (ratio: 2.07)
 🛡️ Симулированная нота E5 защищена от автоочистки
 🚫 Октавный скачок заблокирован: 644.1Hz → 334.3Hz за 29мс (ratio: 0.52)
 🛡️ Симулированная нота E5 защищена от автоочистки
 ModalBlockEditor: Mouse move, isDragging: false draggedBlock: null
 ✅ Октавный переход разрешен: 644.1Hz → 342.2Hz за 71мс (ratio: 0.53)
 🛡️ Симулированная нота F4 защищена от автоочистки
 ModalBlockEditor: Mouse move, isDragging: false draggedBlock: null
 🛡️ Симулированная нота E4 защищена от автоочистки
 ModalBlockEditor: Mouse move, isDragging: false draggedBlock: null
 🛡️ Симулированная нота D5 защищена от автоочистки
 ModalBlockEditor: Mouse move, isDragging: false draggedBlock: null
 🛡️ Симулированная нота E5 защищена от автоочистки
 ModalBlockEditor: Mouse move, isDragging: false draggedBlock: null
 🛡️ Симулированная нота E5 защищена от автоочистки
 ModalBlockEditor: Mouse move, isDragging: false draggedBlock: null
 🛡️ Симулированная нота E5 защищена от автоочистки
 ModalBlockEditor: Mouse move, isDragging: false draggedBlock: null
 🔇 Глубокая тишина - очистка нот
 🛑 Принудительная остановка всех нот (deep_silence), активных: 1
 ModalBlockEditor: Mouse move, isDragging: false draggedBlock: null
 ModalBlockEditor: Mouse move, isDragging: false draggedBlock: null
 ModalBlockEditor: Mouse move, isDragging: false draggedBlock: null
 🛡️ Симулированная нота C4 защищена от автоочистки
 🛡️ Симулированная нота C4 защищена от автоочистки
 🛡️ Симулированная нота C4 защищена от автоочистки
 🛡️ Симулированная нота C4 защищена от автоочистки
 🛡️ Симулированная нота C4 защищена от автоочистки
 🛡️ Симулированная нота C4 защищена от автоочистки
 🛡️ Симулированная нота C4 защищена от автоочистки
 🛡️ Симулированная нота C4 защищена от автоочистки
 🛡️ Симулированная нота C4 защищена от автоочистки
 🛡️ Симулированная нота C4 защищена от автоочистки
 🛡️ Симулированная нота C4 защищена от автоочистки
 🛡️ Симулированная нота C4 защищена от автоочистки
 🛡️ Симулированная нота C4 защищена от автоочистки
 ModalBlockEditor: Mouse up, isDragging: false draggedBlock: null mergeTarget: null
 🎭 ViewManager: Переключение на Avatar Studio
 ✅ ViewManager: Avatar Studio активирован
 🎨 _hideColorDropdown вызван
 🛡️ Симулированная нота C4 защищена от автоочистки
 🛡️ Симулированная нота C4 защищена от автоочистки
 🛡️ Симулированная нота C4 защищена от автоочистки
 🛡️ Симулированная нота C4 защищена от автоочистки
 🛡️ Симулированная нота C4 защищена от автоочистки
 🛡️ Симулированная нота D4 защищена от автоочистки
 🛡️ Симулированная нота D4 защищена от автоочистки
 🛡️ Симулированная нота D4 защищена от автоочистки
 🛡️ Симулированная нота D#4 защищена от автоочистки
 🛡️ Симулированная нота D#4 защищена от автоочистки
 🛡️ Симулированная нота D#4 защищена от автоочистки
 🛡️ Симулированная нота D#4 защищена от автоочистки
 🛡️ Симулированная нота D#4 защищена от автоочистки
 🛡️ Симулированная нота D#4 защищена от автоочистки
 🛡️ Симулированная нота D#4 защищена от автоочистки
 🛡️ Симулированная нота D#4 защищена от автоочистки
 🛡️ Симулированная нота D#4 защищена от автоочистки
 🛡️ Симулированная нота D#4 защищена от автоочистки
 🛡️ Симулированная нота D#4 защищена от автоочистки
 🛡️ Симулированная нота D#4 защищена от автоочистки
 🛡️ Симулированная нота D#4 защищена от автоочистки
 🚫 Блокирована очевидная гармоника: 623.3Hz (2.00x от 311.7Hz, ясность: 88.7%)
 🛡️ Симулированная нота D#4 защищена от автоочистки
 🛡️ Симулированная нота D#4 защищена от автоочистки
 🛡️ Симулированная нота D#4 защищена от автоочистки
 ModalBlockEditor: Mouse move, isDragging: false draggedBlock: null
 🛡️ Симулированная нота D#4 защищена от автоочистки
 ModalBlockEditor: Mouse move, isDragging: false draggedBlock: null
 🛡️ Симулированная нота D#4 защищена от автоочистки
 ModalBlockEditor: Mouse move, isDragging: false draggedBlock: null
 🛡️ Симулированная нота F4 защищена от автоочистки
 ModalBlockEditor: Mouse move, isDragging: false draggedBlock: null
 🛡️ Симулированная нота F4 защищена от автоочистки
 ModalBlockEditor: Mouse move, isDragging: false draggedBlock: null
 🛡️ Симулированная нота F4 защищена от автоочистки
 ModalBlockEditor: Mouse move, isDragging: false draggedBlock: null
 🛡️ Симулированная нота F4 защищена от автоочистки
 ModalBlockEditor: Mouse move, isDragging: false draggedBlock: null
 🛡️ Симулированная нота F4 защищена от автоочистки
 ModalBlockEditor: Mouse move, isDragging: false draggedBlock: null
 🛡️ Симулированная нота F4 защищена от автоочистки
 🛡️ Симулированная нота F4 защищена от автоочистки
 🛡️ Симулированная нота F4 защищена от автоочистки
 🛡️ Симулированная нота F4 защищена от автоочистки
 🛡️ Симулированная нота F4 защищена от автоочистки
 🛡️ Симулированная нота F4 защищена от автоочистки
 🛡️ Симулированная нота F4 защищена от автоочистки
 🛡️ Симулированная нота F4 защищена от автоочистки
 🛡️ Симулированная нота F4 защищена от автоочистки
 🛡️ Симулированная нота F4 защищена от автоочистки
 🛡️ Симулированная нота F4 защищена от автоочистки
 🛡️ Симулированная нота F4 защищена от автоочистки
 🛡️ Симулированная нота F4 защищена от автоочистки
 🛡️ Симулированная нота F4 защищена от автоочистки
 🛡️ Симулированная нота F#4 защищена от автоочистки
 🛡️ Симулированная нота F#4 защищена от автоочистки
 🛡️ Симулированная нота G4 защищена от автоочистки
 🛡️ Симулированная нота G4 защищена от автоочистки
 🛡️ Симулированная нота G4 защищена от автоочистки
 🛡️ Симулированная нота G4 защищена от автоочистки
 🛡️ Симулированная нота G4 защищена от автоочистки
 🛡️ Симулированная нота G4 защищена от автоочистки
 🛡️ Симулированная нота G4 защищена от автоочистки
 🛡️ Симулированная нота G4 защищена от автоочистки
 🛡️ Симулированная нота G4 защищена от автоочистки
 🛡️ Симулированная нота G4 защищена от автоочистки
 🛡️ Симулированная нота G4 защищена от автоочистки
 🛡️ Симулированная нота G4 защищена от автоочистки
 🛡️ Симулированная нота G4 защищена от автоочистки
 🛡️ Симулированная нота G4 защищена от автоочистки
 🛡️ Симулированная нота G4 защищена от автоочистки
 🛡️ Симулированная нота G4 защищена от автоочистки
 🛡️ Симулированная нота G4 защищена от автоочистки
 🛡️ Симулированная нота G4 защищена от автоочистки
 🛡️ Симулированная нота G4 защищена от автоочистки
 🛡️ Симулированная нота G4 защищена от автоочистки
 🛡️ Симулированная нота G4 защищена от автоочистки
 🛡️ Симулированная нота G4 защищена от автоочистки
 🛡️ Симулированная нота G4 защищена от автоочистки
 🛡️ Симулированная нота G4 защищена от автоочистки
 🛡️ Симулированная нота G4 защищена от автоочистки
 🛡️ Симулированная нота G4 защищена от автоочистки
 🛡️ Симулированная нота G4 защищена от автоочистки
 🛡️ Симулированная нота G4 защищена от автоочистки
 🛡️ Симулированная нота G4 защищена от автоочистки
 🛡️ Симулированная нота G4 защищена от автоочистки
 🛡️ Симулированная нота G4 защищена от автоочистки
 🛡️ Симулированная нота G#4 защищена от автоочистки
 🛡️ Симулированная нота G#4 защищена от автоочистки
 🛡️ Симулированная нота G#4 защищена от автоочистки
 🛡️ Симулированная нота G4 защищена от автоочистки
 🛡️ Симулированная нота G4 защищена от автоочистки
 🛡️ Симулированная нота G4 защищена от автоочистки
 ✅ Октавный переход разрешен: 402.4Hz → 88.3Hz за 71мс (ratio: 0.22)
 🛡️ Симулированная нота F2 защищена от автоочистки
 🛡️ Симулированная нота F2 защищена от автоочистки
 🛡️ Симулированная нота F2 защищена от автоочистки
 🚫 Блокирована очевидная гармоника: 350.1Hz (3.99x от 87.6Hz, ясность: 83.6%)
 🛡️ Симулированная нота F2 защищена от автоочистки
 🎯 Высокая ясность (91.9%) - принимаем возможную гармонику: 349.5Hz
 ✅ Октавный переход разрешен: 87.6Hz → 349.5Hz за 94мс (ratio: 3.99)
 🛡️ Симулированная нота F4 защищена от автоочистки
 🛡️ Симулированная нота F4 защищена от автоочистки
 🛡️ Симулированная нота F4 защищена от автоочистки
 🛡️ Симулированная нота F4 защищена от автоочистки
 🛡️ Симулированная нота F4 защищена от автоочистки
 🛡️ Симулированная нота F4 защищена от автоочистки
 🛡️ Симулированная нота F4 защищена от автоочистки
 🛡️ Симулированная нота F4 защищена от автоочистки
 🛡️ Симулированная нота F4 защищена от автоочистки
 🛡️ Симулированная нота F4 защищена от автоочистки
 🛡️ Симулированная нота G3 защищена от автоочистки
 🚫 Блокирована очевидная гармоника: 397.1Hz (1.98x от 200.1Hz, ясность: 89.0%)
 🛡️ Симулированная нота G3 защищена от автоочистки
 🎯 Высокая ясность (94.2%) - принимаем возможную гармонику: 394.6Hz
 ✅ Октавный переход разрешен: 200.1Hz → 394.6Hz за 58мс (ratio: 1.97)
 🛡️ Симулированная нота G4 защищена от автоочистки
 🛡️ Симулированная нота G4 защищена от автоочистки
 🛡️ Симулированная нота G4 защищена от автоочистки
 🛡️ Симулированная нота G4 защищена от автоочистки
 🛡️ Симулированная нота G4 защищена от автоочистки
 🛡️ Симулированная нота G4 защищена от автоочистки
 🛡️ Симулированная нота G4 защищена от автоочистки
 🛡️ Симулированная нота G4 защищена от автоочистки
 🛡️ Симулированная нота G4 защищена от автоочистки
 🛡️ Симулированная нота G4 защищена от автоочистки
 🛡️ Симулированная нота G4 защищена от автоочистки
 🛡️ Симулированная нота G4 защищена от автоочистки
 🛡️ Симулированная нота G4 защищена от автоочистки
 🛡️ Симулированная нота G4 защищена от автоочистки
 🛡️ Симулированная нота G4 защищена от автоочистки
 🛡️ Симулированная нота G4 защищена от автоочистки
 🛡️ Симулированная нота G4 защищена от автоочистки
 🛡️ Симулированная нота G4 защищена от автоочистки
 🛡️ Симулированная нота G4 защищена от автоочистки
 🛡️ Симулированная нота G4 защищена от автоочистки
 🚫 Блокирована очевидная гармоника: 190.0Hz (0.49x от 386.1Hz, ясность: 85.6%)
 🛡️ Симулированная нота G4 защищена от автоочистки
 🛡️ Симулированная нота F#4 защищена от автоочистки
 🛡️ Симулированная нота F#4 защищена от автоочистки
 🛡️ Симулированная нота F4 защищена от автоочистки
 🛡️ Симулированная нота F4 защищена от автоочистки
 🛡️ Симулированная нота F4 защищена от автоочистки
 🛡️ Симулированная нота F4 защищена от автоочистки
 🛡️ Симулированная нота F4 защищена от автоочистки
 🛡️ Симулированная нота F4 защищена от автоочистки
 🔇 Глубокая тишина - очистка нот
 🛑 Принудительная остановка всех нот (deep_silence), активных: 1
 🛡️ Симулированная нота F#4 защищена от автоочистки
 🛡️ Симулированная нота F#4 защищена от автоочистки
 🛡️ Симулированная нота F#4 защищена от автоочистки
 🛡️ Симулированная нота G4 защищена от автоочистки
 🛡️ Симулированная нота G4 защищена от автоочистки
 🛡️ Симулированная нота G4 защищена от автоочистки
 🛡️ Симулированная нота G4 защищена от автоочистки
 🛡️ Симулированная нота G4 защищена от автоочистки
 🛡️ Симулированная нота G4 защищена от автоочистки
 🛡️ Симулированная нота G4 защищена от автоочистки
 🛡️ Симулированная нота G4 защищена от автоочистки
 🛡️ Симулированная нота G4 защищена от автоочистки
 🛡️ Симулированная нота G4 защищена от автоочистки
 🛡️ Симулированная нота G4 защищена от автоочистки
 🛡️ Симулированная нота G4 защищена от автоочистки
 🛡️ Симулированная нота G4 защищена от автоочистки
 🛡️ Симулированная нота G4 защищена от автоочистки
 🛡️ Симулированная нота G4 защищена от автоочистки
 🛡️ Симулированная нота G4 защищена от автоочистки
 🛡️ Симулированная нота G4 защищена от автоочистки
 🛡️ Симулированная нота G4 защищена от автоочистки
 🛡️ Симулированная нота G4 защищена от автоочистки
 🛡️ Симулированная нота G4 защищена от автоочистки
 🛡️ Симулированная нота G4 защищена от автоочистки
 🛡️ Симулированная нота G4 защищена от автоочистки
 🛡️ Симулированная нота G4 защищена от автоочистки
 🛡️ Симулированная нота G4 защищена от автоочистки
 🛡️ Симулированная нота G4 защищена от автоочистки
 🛡️ Симулированная нота G4 защищена от автоочистки
 🛡️ Симулированная нота G4 защищена от автоочистки
 🛡️ Симулированная нота F#4 защищена от автоочистки
 🛡️ Симулированная нота F#4 защищена от автоочистки
 🛡️ Симулированная нота F4 защищена от автоочистки
 🛡️ Симулированная нота F4 защищена от автоочистки
 🛡️ Симулированная нота F4 защищена от автоочистки
 🛡️ Симулированная нота F4 защищена от автоочистки
 🛡️ Симулированная нота F4 защищена от автоочистки
 🛡️ Симулированная нота F4 защищена от автоочистки
 🛡️ Симулированная нота F4 защищена от автоочистки
 🛡️ Симулированная нота F4 защищена от автоочистки
 🛡️ Симулированная нота F4 защищена от автоочистки
 🛡️ Симулированная нота F4 защищена от автоочистки
 🛡️ Симулированная нота F4 защищена от автоочистки
 🛡️ Симулированная нота D#4 защищена от автоочистки
 🚫 Блокирована очевидная гармоника: 155.5Hz (0.50x от 310.6Hz, ясность: 89.3%)
 🛡️ Симулированная нота D#4 защищена от автоочистки
 🛡️ Симулированная нота D#4 защищена от автоочистки
 🛡️ Симулированная нота D#4 защищена от автоочистки
 🛡️ Симулированная нота D#4 защищена от автоочистки
 🛡️ Симулированная нота D#4 защищена от автоочистки
 🎯 Высокая ясность (90.2%) - принимаем возможную гармонику: 155.2Hz
 ✅ Октавный переход разрешен: 310.7Hz → 155.2Hz за 183мс (ratio: 0.50)
 🛡️ Симулированная нота D#3 защищена от автоочистки
 🛡️ Симулированная нота D#3 защищена от автоочистки
 🎯 Высокая ясность (95.6%) - принимаем возможную гармонику: 310.3Hz
 ✅ Октавный переход разрешен: 155.1Hz → 310.3Hz за 57мс (ratio: 2.00)
 🛡️ Симулированная нота D#4 защищена от автоочистки
 🛡️ Симулированная нота D#4 защищена от автоочистки
 🛡️ Симулированная нота D#4 защищена от автоочистки
 🛡️ Симулированная нота D#4 защищена от автоочистки
 🛡️ Симулированная нота D#4 защищена от автоочистки
 🛡️ Симулированная нота D#4 защищена от автоочистки
 🛡️ Симулированная нота D#4 защищена от автоочистки
 🛡️ Симулированная нота D#4 защищена от автоочистки
 🛡️ Симулированная нота D#4 защищена от автоочистки
 🛡️ Симулированная нота D#4 защищена от автоочистки
 🛡️ Симулированная нота D#4 защищена от автоочистки
 🛡️ Симулированная нота D#4 защищена от автоочистки
 🛡️ Симулированная нота D#4 защищена от автоочистки
 🛡️ Симулированная нота D#4 защищена от автоочистки
 🛡️ Симулированная нота D#4 защищена от автоочистки
 🛡️ Симулированная нота D#4 защищена от автоочистки
 🛡️ Симулированная нота D#4 защищена от автоочистки
 🛡️ Симулированная нота D4 защищена от автоочистки
 🛡️ Симулированная нота D4 защищена от автоочистки
 🛡️ Симулированная нота D4 защищена от автоочистки
 🛡️ Симулированная нота D4 защищена от автоочистки
 🛡️ Симулированная нота D4 защищена от автоочистки
 🛡️ Симулированная нота D4 защищена от автоочистки
 🛡️ Симулированная нота D4 защищена от автоочистки
 🛡️ Симулированная нота D4 защищена от автоочистки
 🛡️ Симулированная нота D4 защищена от автоочистки
 🛡️ Симулированная нота D4 защищена от автоочистки
 🛡️ Симулированная нота D4 защищена от автоочистки
 🛡️ Симулированная нота D4 защищена от автоочистки
 🛡️ Симулированная нота D4 защищена от автоочистки
 🛡️ Симулированная нота D4 защищена от автоочистки
 🛡️ Симулированная нота D4 защищена от автоочистки
 🛡️ Симулированная нота D4 защищена от автоочистки
 🛡️ Симулированная нота D4 защищена от автоочистки
 🛡️ Симулированная нота D4 защищена от автоочистки
 🛡️ Симулированная нота D4 защищена от автоочистки
 🛡️ Симулированная нота D4 защищена от автоочистки
 🛡️ Симулированная нота D4 защищена от автоочистки
 🛡️ Симулированная нота D4 защищена от автоочистки
 Key pressed: ShiftLeft
 Key pressed: Shift, key code: 16, waveform active: false
 Key pressed: MetaLeft
 Key pressed: Meta, key code: 91, waveform active: false
 🛡️ Симулированная нота C4 защищена от автоочистки
 🛡️ Симулированная нота C4 защищена от автоочистки
 🛡️ Симулированная нота C4 защищена от автоочистки
 🛡️ Симулированная нота C4 защищена от автоочистки
 🛡️ Симулированная нота C4 защищена от автоочистки
 🛡️ Симулированная нота C4 защищена от автоочистки
 🛡️ Симулированная нота C4 защищена от автоочистки
 🛡️ Симулированная нота C4 защищена от автоочистки
 🛡️ Симулированная нота C4 защищена от автоочистки
 🛡️ Симулированная нота C4 защищена от автоочистки
 🛡️ Симулированная нота C4 защищена от автоочистки
 🛡️ Симулированная нота C4 защищена от автоочистки
 🛡️ Симулированная нота C4 защищена от автоочистки
 🛡️ Симулированная нота C4 защищена от автоочистки
 🛡️ Симулированная нота C4 защищена от автоочистки
 🛡️ Симулированная нота C4 защищена от автоочистки
 🛡️ Симулированная нота C4 защищена от автоочистки
 🛡️ Симулированная нота C4 защищена от автоочистки
 🛡️ Симулированная нота C4 защищена от автоочистки
 🛡️ Симулированная нота C4 защищена от автоочистки
 🛡️ Симулированная нота C4 защищена от автоочистки
 🛡️ Симулированная нота C4 защищена от автоочистки
 🛡️ Симулированная нота C4 защищена от автоочистки
 🛡️ Симулированная нота C4 защищена от автоочистки
 🛡️ Симулированная нота C4 защищена от автоочистки
 🛡️ Симулированная нота C4 защищена от автоочистки
rtf-parser.js:849 🛡️ Симулированная нота C#4 защищена от автоочистки
rtf-parser.js:849 🛡️ Симулированная нота C#4 защищена от автоочистки
rtf-parser.js:849 ModalBlockEditor: Mouse move, isDragging: false draggedBlock: null
rtf-parser.js:849 🛡️ Симулированная нота C#4 защищена от автоочистки
rtf-parser.js:849 ModalBlockEditor: Mouse move, isDragging: false draggedBlock: null
rtf-parser.js:849 🛡️ Симулированная нота C#4 защищена от автоочистки
rtf-parser.js:849 ModalBlockEditor: Mouse move, isDragging: false draggedBlock: null
rtf-parser.js:849 🛡️ Симулированная нота B3 защищена от автоочистки
rtf-parser.js:849 ModalBlockEditor: Mouse move, isDragging: false draggedBlock: null
rtf-parser.js:849 🛡️ Симулированная нота B3 защищена от автоочистки
rtf-parser.js:849 ModalBlockEditor: Mouse move, isDragging: false draggedBlock: null
rtf-parser.js:849 🛡️ Симулированная нота A#3 защищена от автоочистки
rtf-parser.js:849 ModalBlockEditor: Mouse move, isDragging: false draggedBlock: null
rtf-parser.js:849 🚫 Блокирована очевидная гармоника: 116.0Hz (0.49x от 235.5Hz, ясность: 75.5%)
rtf-parser.js:849 🛡️ Симулированная нота A#3 защищена от автоочистки
rtf-parser.js:849 🛡️ Симулированная нота A#3 защищена от автоочистки
rtf-parser.js:849 🛡️ Симулированная нота A#3 защищена от автоочистки
rtf-parser.js:849 🛡️ Симулированная нота A#3 защищена от автоочистки
rtf-parser.js:849 🛡️ Симулированная нота A#3 защищена от автоочистки
rtf-parser.js:849 🛡️ Симулированная нота A#3 защищена от автоочистки
rtf-parser.js:849 🛡️ Симулированная нота A#3 защищена от автоочистки
rtf-parser.js:849 🛡️ Симулированная нота A#3 защищена от автоочистки
rtf-parser.js:849 🛡️ Симулированная нота C4 защищена от автоочистки
rtf-parser.js:849 🛡️ Симулированная нота C4 защищена от автоочистки
rtf-parser.js:849 🛡️ Симулированная нота C4 защищена от автоочистки
rtf-parser.js:849 🛡️ Симулированная нота C4 защищена от автоочистки
rtf-parser.js:849 ModalBlockEditor: Mouse move, isDragging: false draggedBlock: null
rtf-parser.js:849 🛡️ Симулированная нота C4 защищена от автоочистки
rtf-parser.js:849 ModalBlockEditor: Mouse move, isDragging: false draggedBlock: null
rtf-parser.js:849 🛡️ Симулированная нота C4 защищена от автоочистки
rtf-parser.js:849 🛡️ Симулированная нота C4 защищена от автоочистки
rtf-parser.js:849 ModalBlockEditor: Mouse move, isDragging: false draggedBlock: null
rtf-parser.js:849 🛡️ Симулированная нота C4 защищена от автоочистки
rtf-parser.js:849 🛡️ Симулированная нота C4 защищена от автоочистки
rtf-parser.js:849 🛡️ Симулированная нота C4 защищена от автоочистки
rtf-parser.js:849 🛡️ Симулированная нота C4 защищена от автоочистки
rtf-parser.js:849 🛡️ Симулированная нота C4 защищена от автоочистки
rtf-parser.js:849 🛡️ Симулированная нота C4 защищена от автоочистки
rtf-parser.js:849 🛡️ Симулированная нота C4 защищена от автоочистки
rtf-parser.js:849 🛡️ Симулированная нота C4 защищена от автоочистки
rtf-parser.js:849 🛡️ Симулированная нота B3 защищена от автоочистки
rtf-parser.js:849 🛡️ Симулированная нота B3 защищена от автоочистки
rtf-parser.js:849 🛡️ Симулированная нота B3 защищена от автоочистки
rtf-parser.js:849 🛡️ Симулированная нота B3 защищена от автоочистки
rtf-parser.js:849 🛡️ Симулированная нота B3 защищена от автоочистки
rtf-parser.js:849 🛡️ Симулированная нота B3 защищена от автоочистки
rtf-parser.js:849 🔇 Глубокая тишина - очистка нот
rtf-parser.js:849 🛑 Принудительная остановка всех нот (deep_silence), активных: 1
rtf-parser.js:849 ModalBlockEditor: Mouse move, isDragging: false draggedBlock: null
rtf-parser.js:849 ModalBlockEditor: Mouse move, isDragging: false draggedBlock: null
rtf-parser.js:849 ModalBlockEditor: Mouse move, isDragging: false draggedBlock: null
rtf-parser.js:849 ModalBlockEditor: Mouse move, isDragging: false draggedBlock: null
rtf-parser.js:849 ModalBlockEditor: Mouse move, isDragging: false draggedBlock: null
rtf-parser.js:849 ModalBlockEditor: Mouse move, isDragging: false draggedBlock: null
rtf-parser.js:849 ModalBlockEditor: Mouse move, isDragging: false draggedBlock: null
rtf-parser.js:849 ModalBlockEditor: Mouse move, isDragging: false draggedBlock: null
rtf-parser.js:849 ModalBlockEditor: Mouse up, isDragging: false draggedBlock: null mergeTarget: null
rtf-parser.js:849 🎨 _hideColorDropdown вызван
rtf-parser.js:849 Key pressed: Space
rtf-parser.js:849 Space bar pressed, toggling playback
rtf-parser.js:849 ⏸️ ИНСТРУМЕНТАЛ: Пауза
rtf-parser.js:849 ⏸️ ВОКАЛ: Пауза
rtf-parser.js:849 isPlaying property set to: false
rtf-parser.js:849 Key pressed:  , key code: 32, waveform active: false
rtf-parser.js:849 🔍 Статический анализ: 22.3Hz (55.6%)
rtf-parser.js:849 Key pressed: MetaLeft
rtf-parser.js:849 Key pressed: Meta, key code: 91, waveform active: false
rtf-parser.js:849 Key pressed: AltLeft
rtf-parser.js:849 Key pressed: Alt, key code: 18, waveform active: false
rtf-parser.js:849 Key pressed: KeyJ
rtf-parser.js:849 Key pressed: j, key code: 74, waveform active: false
rtf-parser.js:849 🔧 Block "Block 1": original=[0,1,2,3,4,5,6,7], sorted=[0,1,2,3,4,5,6,7]
rtf-parser.js:849 🔧 Block "Block 2": original=[8,9,10,11], sorted=[8,9,10,11]
rtf-parser.js:849 🔧 Block "Block 3": original=[12,13,14,15,16], sorted=[12,13,14,15,16]
rtf-parser.js:849 🔧 Block "Block 4": original=[17,18], sorted=[17,18]
rtf-parser.js:849 🔧 Block "Block 5": original=[19,20,21,22,23,24,25,26], sorted=[19,20,21,22,23,24,25,26]
rtf-parser.js:849 🔧 Block "Block 6": original=[27,28,29,30,31], sorted=[27,28,29,30,31]
rtf-parser.js:849 🔧 Block "Block 7": original=[32,33], sorted=[32,33]
rtf-parser.js:849 🔧 Block "Block 8": original=[34,35,36,37,38,39,40,41,42], sorted=[34,35,36,37,38,39,40,41,42]
rtf-parser.js:849 Splitting block "Block 8" (9 lines) into 2 parts with ~5 lines each
rtf-parser.js:849   Part 1: lines 0-4 (5 lines)
rtf-parser.js:849   Part 2: lines 5-8 (4 lines)
rtf-parser.js:849 🔧 Block "Block 9": original=[43,44,45,46], sorted=[43,44,45,46]
rtf-parser.js:849 🔧 Block "Block 1": original=[0,1,2,3,4,5,6,7], sorted=[0,1,2,3,4,5,6,7]
rtf-parser.js:849 🔧 Block "Block 2": original=[8,9,10,11], sorted=[8,9,10,11]
rtf-parser.js:849 🔧 Block "Block 3": original=[12,13,14,15,16], sorted=[12,13,14,15,16]
rtf-parser.js:849 🔧 Block "Block 4": original=[17,18], sorted=[17,18]
rtf-parser.js:849 🔧 Block "Block 5": original=[19,20,21,22,23,24,25,26], sorted=[19,20,21,22,23,24,25,26]
rtf-parser.js:849 🔧 Block "Block 6": original=[27,28,29,30,31], sorted=[27,28,29,30,31]
rtf-parser.js:849 🔧 Block "Block 7": original=[32,33], sorted=[32,33]
rtf-parser.js:849 🔧 Block "Block 8": original=[34,35,36,37,38,39,40,41,42], sorted=[34,35,36,37,38,39,40,41,42]
rtf-parser.js:849 Splitting block "Block 8" (9 lines) into 2 parts with ~5 lines each
rtf-parser.js:849   Part 1: lines 0-4 (5 lines)
rtf-parser.js:849   Part 2: lines 5-8 (4 lines)
rtf-parser.js:849 🔧 Block "Block 9": original=[43,44,45,46], sorted=[43,44,45,46]
