 🔧 DEBUG_CONFIG загружен. Используйте toggleDebugLogs(true) для включения логов
 📦 Utils module loaded
 StateManager initialized
 📦 StateManager module loaded
 🚀 AudioEngine (Hybrid Engine) - Гибридная архитектура восстановлена
 Space bar handler attached
 LyricsDisplay initialized
 RtfParserAdapter: Инициализация
 - EnhancedRtfProcessor доступен: true
 - Стандартный RtfParser доступен: true
 TrackCatalog initialized
 MarkerManager initialized
 WaveformEditor loaded
 WaveformEditor initialized
 TrackCatalog: _finalizeUploadFromBlockEditor CALLED - should be obsolete now.
 BlockLoopControl: Класс загружен
 RTF Parser Integration: Инициализация интеграции улучшенного RTF-парсера (после определения объекта)
 RTF Parser Integration: Начало интеграции
 RTF Parser Integration: TrackCatalog уже использует RtfParserAdapter если он доступен
 RTF Parser Integration: Интеграция завершена успешно
 🎹 Инициализация клавиатуры...
 LiveFeed module loaded (placeholder)
 Загружено 5 треков из базы данных
 Проверка треков завершена успешно, проблем не обнаружено
 ✅ Pitchy библиотека загружена в beLive
 LiveMode: Автоматическая инициализация при загрузке документа
 LiveMode: Создание нового экземпляра
 LiveMode: Маски инициализированы без использования изображений
 LiveMode: getUserMedia поддерживается: true
 LiveMode: Безопасный контекст: true
 LiveMode: Определен localhost, разрешен HTTP
 LiveMode: Метод toggleStreaming не найден и не может быть привязан
(анонимная) @ live-mode.js:521
 LiveMode: Базовая инициализация завершена
 LiveMode: Предварительная инициализация камеры...
 LiveMode: экземпляр создан
 LiveFeed initialized
 DOM content loaded, waiting for components
 Application fully loaded, components initialized
 ✅ Pitchy готов для точной детекции
 🎹 Кнопка найдена
 🔗 Настройка интеграции для точной детекции...
 🎤 Статус для точной детекции: false
 🎯 КАЛИБРОВКА: A4 = 440.00Hz (должно быть 440.00Hz)
 🎹 Создано 48 клавиш для точной детекции
 🎹 Piano Keyboard инициализирован
 All components ready, initializing app...
 Initializing beLive App
 WordAlignerV2 not found, creating placeholder
App @ app.js:45
 LyricsDisplay: Setting style to Стандартный
 Rendering lyrics. Current style ID: default
 Applied style 'Стандартный'
 TextStyleManager: Проверка доступности LiveMode...
 TextStyleManager: Класс LiveMode найден, предварительная инициализация камеры...
 TextStyleManager: LiveMode уже инициализирован
 TextStyleManager initialized with 8 styles and 29 total transitions
 Text style manager initialized
 Initializing Microphone UI...
 Microphone UI initialized using existing DOM elements.
 LoopBlockManager: Checking audio initialization...
 LoopBlockManager: Audio buffer or context not available (check 0)
_checkAudioAndInitialize @ loopblock-manager.js:137
 LoopBlockManager: Initializing sync listeners
 LoopBlockManager: progressBarContainer found - width: 1050px, height: 10px, overflow: visible
 LoopBlockManager: progressBarContainer offsetWidth: 1050, offsetHeight: 10
 LoopBlockManager: progressBarContainer children: 3
 LoopBlockManager: Child 0: progress-bar-loaded, display: block, zIndex: 1
 LoopBlockManager: Child 1: progress-bar, display: block, zIndex: 2
 LoopBlockManager: Child 2: progress-tooltip, display: block, zIndex: 10
 LoopBlockManager initialized
 LoopBlockManager component ready
 BlockLoopControl: Инициализирован
 BlockLoopControl component ready
 🎭 MaskSystem: Инициализация продвинутой системы масок
 🎭 MaskSystem: Конструктор завершен
 🎭 MaskSystem создан
 🎭 MaskSystem component ready
 Initializing LoopBlock controls
 Audio not fully loaded yet, setting up delayed initialization
 🎭 MaskSystem: Обработчик кнопки подключен
 🚀 Инициализация Живой Ленты
 ✅ Живая Лента инициализирована
 🚀 Показываю Живую Ленту
 ✅ Живая Лента активирована
 beLive App initialized
 App initialized successfully
 🎭 MediaPipe: Начинаем загрузку библиотек...
 🎭 MediaPipe: Ожидание загрузки библиотек...
 🎭 MediaPipe: Все библиотеки загружены успешно
 🎭 MaskSystem: Официальный MediaPipe FaceMesh готов
 🏃 MaskSystem: MediaPipe Pose готов
 ✋ MaskSystem: MediaPipe Hands готов
 🤖 MaskSystem: MediaPipe Holistic готов
 🎨 MaskSystem: MediaPipe Selfie Segmentation готов
 🎭 MaskSystem: MediaPipe готов к использованию
 🎯 Background Effects Engine v2.0 инициализирован
 🔄 Инициализация Background Effects Engine...
 ✅ Background Effects Engine готов
 🎤 Запуск ТОЧНОГО анализа вокальной дорожки...
 🔊 Инициализация аудио для точной детекции...
 ✅ Используем audioEngine.audioContext
 ✅ Pitchy детектор готов для точной работы
 ✅ Подключен к ВОКАЛЬНОМУ узлу: GainNode
 ✅ ТОЧНЫЙ анализ запущен
 LiveMode: Запуск предварительной инициализации камеры
 LiveMode: Предварительная инициализация камеры...
 LoopBlockManager: Проверка доступности аудио (попытка 2/5)
 LoopBlockManager: Проверка доступности аудио (попытка 3/5)
 🎯 Начальная калибровка системы...
 🎯 ===== ЗАПУСК КАЛИБРОВОЧНЫХ ТЕСТОВ ПИТЧА =====
 📋 Тестируем расчет частот:
 ✅ C4: рассчитано=261.63Hz, ожидается=261.63Hz, ошибка=0.002%
 ✅ D4: рассчитано=293.66Hz, ожидается=293.66Hz, ошибка=0.002%
 ✅ E4: рассчитано=329.63Hz, ожидается=329.63Hz, ошибка=0.001%
 ✅ F4: рассчитано=349.23Hz, ожидается=349.23Hz, ошибка=0.001%
 ✅ G4: рассчитано=392.00Hz, ожидается=392Hz, ошибка=0.001%
 🎯 КАЛИБРОВКА: A4 = 440.00Hz (должно быть 440.00Hz)
 ✅ A4: рассчитано=440.00Hz, ожидается=440Hz, ошибка=0.000%
 ✅ B4: рассчитано=493.88Hz, ожидается=493.88Hz, ошибка=0.001%
 📋 Тестируем обратное преобразование:
 ✅ 261.63Hz → обнаружено="C4", ожидается="C4"
 ✅ 293.66Hz → обнаружено="D4", ожидается="D4"
 ✅ 329.63Hz → обнаружено="E4", ожидается="E4"
 ✅ 349.23Hz → обнаружено="F4", ожидается="F4"
 ✅ 392Hz → обнаружено="G4", ожидается="G4"
 ✅ 440Hz → обнаружено="A4", ожидается="A4"
 ✅ 493.88Hz → обнаружено="B4", ожидается="B4"
 📊 РЕЗУЛЬТАТЫ КАЛИБРОВКИ:
    Пройдено тестов: 14/14
    Процент успеха: 100.0%
    Средняя ошибка: 0.001%
 🎯 ✅ КАЛИБРОВКА ПИТЧА ПРОШЛА УСПЕШНО!
 🎯 ===== КАЛИБРОВОЧНЫЕ ТЕСТЫ ЗАВЕРШЕНЫ =====
 LiveMode: Доступ к камере получен при предварительной инициализации
 LiveMode: Получено 1 видеотреков. Активный: FaceTime HD Camera
 LiveMode: Предварительная инициализация камеры успешно завершена
 LiveMode: Доступ к камере получен при предварительной инициализации
 LiveMode: Получено 1 видеотреков. Активный: FaceTime HD Camera
 LiveMode: Предварительная инициализация камеры успешно завершена
 LiveMode: Предварительная инициализация камеры успешна
 LoopBlockManager: Аудио не загружено после 5 попыток. Для работы функций зацикливания необходимо загрузить аудиофайл.
_checkAudioAgain @ loopblock-manager.js:219
 🚀 Быстрый переход в режим: karaoke
 Switching to karaoke mode
 App: Сохраняем предыдущий режим: default
 Activating karaoke mode
 Karaoke Background Manager: Starting slideshow...
 Applying style: Караоке with scale 1.20
 TextStyleManager: Scaled font size from 1.4em to 1.68em
 LyricsDisplay: Setting style to Караоке
 [KARAOKE] DOM not found or empty in _renderLyrics, creating it.
 TextStyleManager: Scaled font size from 1.4em to 1.68em
 Applied style class to lyrics-container: style-karaoke
 🚀 Скрываю Живую Ленту
 ✅ Возврат в классический зал
 ✅ Karaoke Background Manager: SUCCESSFULLY set background to Karaoke/pexels-michiel-ton-2722948-4269570.jpg
 TrackCatalog: openCatalog() called
 TrackCatalog: catalogContainer exists: true
 TrackCatalog: catalogContainer classes before: hidden
 TrackCatalog: catalogContainer classes after: 
 TrackCatalog: Catalog should now be visible
 🔄 Loading track: "Linkin Park-With You [-]"
 🔄 StateManager: Starting HARD RESET of all components
 1. Resetting AudioEngine...
 AudioEngine: Starting reset...
 isPlaying property set to: false
 ⏹️ ГИБРИД: Остановлен и сброшен
 🧹 СПРИНТЕР: Ресурсы очищены
 AudioEngine: Reset completed successfully
 ✅ AudioEngine reset complete
 2. Resetting LyricsDisplay...
 💥 LyricsDisplay: Performing full reset.
 ✅ LyricsDisplay: Full reset complete. All lyric data and DOM elements cleared.
 ✅ LyricsDisplay full reset complete
 3. Resetting TextStyleManager...
 💥 TextStyleManager: Full reset initiated.
 ✅ TextStyleManager: Reset complete. All states and caches cleared.
 ✅ TextStyleManager reset complete.
 🎉 StateManager: HARD RESET completed successfully
 ✅ All components ready for new track
 ⏱️ HARD_RESET_TIME: 21.129150390625 ms
 TrackCatalog: Set waveformEditor.lastLoadedFile to Linkin Park - With You.rtf
 TrackCatalog: Set waveformEditor.currentTrackId to 1750326094019
 TrackCatalog: Found 8 blocks. Preparing them for rendering after audio load.
 LyricsDisplay: Loading 8 imported blocks.
 Block 0 loaded: id="block-1750381124473-0-bdpe4ja3gaf", name="Block 1", lines=8
 Block 1 loaded: id="1", name="Block 2", lines=6
 Block 2 loaded: id="2", name="Block 3", lines=5
 Block 3 loaded: id="3", name="Block 4", lines=8
 Block 4 loaded: id="4", name="Block 5", lines=6
 Block 5 loaded: id="5", name="Block 6", lines=10
 Block 6 loaded: id="6", name="Block 7", lines=4
 Block 7 loaded: id="7", name="Block 8", lines=10
 LyricsDisplay: Skipping render as requested by shouldRender=false
 LyricsDisplay: Successfully loaded 8 blocks, total lyric lines: 57.
 LyricsDisplay: Updated marker colors after loading blocks
 ⏱️ LYRICS_PREPARE_TIME: 8.128173828125 ms
 ⏱️ BLOB_CREATION_TIME: 35.725830078125 ms
 🚀 ГИБРИД: Загрузка двойного потока
 isPlaying property set to: false
 ⏹️ ГИБРИД: Остановлен и сброшен
 🎚️ МАСТЕР: Создание микшированной дорожки...
 🎚️ МАСТЕР: Инструментал URL: blob:null/638e0aaf-97ff-47c2-9e93-b3ef96da57f5...
 🎚️ МАСТЕР: Вокал URL: blob:null/d6d14407-4856-4d5d-a3fb-47dba2adbdb9...
 🎚️ МАСТЕР: Загружаем аудиофайлы...
 🎚️ МАСТЕР: Конвертируем в ArrayBuffer...
 🎚️ МАСТЕР: Инструментал размер: 8134574 байт
 🎚️ МАСТЕР: Вокал размер: 8134574 байт
 🎚️ МАСТЕР: Декодируем аудиоданные...
 ✅ ИНСТРУМЕНТАЛ ГОТОВ! Длительность: 203.29с
 ⏱️ HYBRID_ENGINE_LOAD_TIME: 208.885986328125 ms
 🎯 ГИБРИД: Рассинхронизация устранена!
 🚀 Скрываю Живую Ленту
 ✅ Возврат в классический зал
 Applying style: Караоке with scale 1.20
 TextStyleManager: Scaled font size from 1.4em to 1.68em
 LyricsDisplay: Setting style to Караоке
 [KARAOKE] DOM not found or empty in _renderLyrics, creating it.
 TextStyleManager: Scaled font size from 1.4em to 1.68em
 Track loaded event detected, initializing LoopBlockManager CustomEvent
 LoopBlockManager already initialized
 ⏱️ AUDIO_LOAD_TIME: 214.2109375 ms
 Loading 57 markers for track Linkin Park-With You [-]
 Validating 57 markers for 57 lyric lines
 Kept 57 valid markers out of 57
 🚀 Скрываю Живую Ленту
 ✅ Возврат в классический зал
 Applying style: Караоке with scale 1.20
 TextStyleManager: Scaled font size from 1.4em to 1.68em
 LyricsDisplay: Setting style to Караоке
 TextStyleManager: Scaled font size from 1.4em to 1.68em
 Track loaded event detected, initializing LoopBlockManager CustomEvent
 LoopBlockManager already initialized
 🎵 АВТОПЛЕЙ: Запуск воспроизведения...
 ✅ Track "Linkin Park-With You [-]" loaded successfully
 ✅ ВОКАЛ ГОТОВ! Длительность: 203.29с
 🎤 ВОКАЛ ПОДКЛЮЧЕН к аудио-контексту
 🎨 StateManager: Forcing text rerender in current mode
 🎤 Karaoke mode detected, should work correctly
 ⏱️ FINAL_RENDER_TIME: 113.39111328125 ms
 ⏱️ TOTAL_TRACK_LOAD_TIME: 398.951904296875 ms
 Audio ready detected via timer, initializing LoopBlockManager
 LoopBlockManager already initialized
 ▶️ ИНСТРУМЕНТАЛ: Воспроизведение начато
 🔍 Статический анализ: 203.1Hz (75.5%)
 🎤 ВОКАЛ: Синхронизирован и воспроизводится
 isPlaying property set to: true
 ✅ АВТОПЛЕЙ: Воспроизведение начато успешно
 🔇 Глубокая тишина - очистка нот
 🛑 Принудительная остановка всех нот (deep_silence), активных: 1
 🔇 Глубокая тишина - очистка нот
 🛑 Принудительная остановка всех нот (deep_silence), активных: 1
 🎚️ МАСТЕР: Инструментал - каналов: 2, длина: 8964911, частота: 44100Hz
 🎚️ МАСТЕР: Вокал - каналов: 2, длина: 8964911, частота: 44100Hz
 🎚️ МАСТЕР: Создан буфер - каналов: 2, длина: 8964911
 🎚️ МАСТЕР: Начинаем микширование каналов...
 🎚️ МАСТЕР: Микширование завершено, конвертируем в blob...
 🎚️ МАСТЕР: Микшированная дорожка создана! URL: blob:null/3e12ff79-9868-4ad0-a14b-3156bc57d320...
 🎚️ МАСТЕР: Размер blob: 35859688 байт
 🎚️ МАСТЕР: Обновляем URL после создания микшированной дорожки
 🎚️ МАСТЕР URL обновлен: blob:null/3e12ff79-9868-4ad0-a14b-3156bc57d320...
 🔇 Глубокая тишина - очистка нот
 🛑 Принудительная остановка всех нот (deep_silence), активных: 1
 🚫 Блокирована очевидная гармоника: 404.5Hz (1.98x от 204.1Hz, ясность: 89.9%)
 🚫 Блокирована очевидная гармоника: 405.8Hz (1.99x от 204.1Hz, ясность: 86.1%)
 🔇 Глубокая тишина - очистка нот
 🛑 Принудительная остановка всех нот (deep_silence), активных: 1
 🔇 Глубокая тишина - очистка нот
 🛑 Принудительная остановка всех нот (deep_silence), активных: 1
 ✅ Октавный переход разрешен: 581.5Hz → 181.3Hz за 64мс (ratio: 0.31)
 🚫 Блокирована очевидная гармоника: 364.6Hz (2.01x от 181.3Hz, ясность: 85.4%)
 🚫 Блокирована очевидная гармоника: 365.9Hz (2.02x от 181.3Hz, ясность: 89.5%)
 🎯 Высокая ясность (93.7%) - принимаем возможную гармонику: 362.1Hz
 ✅ Октавный переход разрешен: 181.3Hz → 362.1Hz за 52мс (ratio: 2.00)
 🎯 Высокая ясность (97.6%) - принимаем возможную гармонику: 1039.9Hz
 🚫 Октавный скачок заблокирован: 260.7Hz → 1009.2Hz за 39мс (ratio: 3.87)
 🔇 Глубокая тишина - очистка нот
 🛑 Принудительная остановка всех нот (deep_silence), активных: 1
 APP: Создаем вокальный URL для синхронизации трека: Linkin Park-With You [-]
 WaveformEditor: Starting high-fidelity audio load for sync: blob:null/12d15d98-ba8e-4671-a354-d96ae7d63e23
 🚫 Блокирована очевидная гармоника: 781.0Hz (1.97x от 395.5Hz, ясность: 80.1%)
 🔇 Глубокая тишина - очистка нот
 🛑 Принудительная остановка всех нот (deep_silence), активных: 1
 🔇 Глубокая тишина - очистка нот
 🛑 Принудительная остановка всех нот (deep_silence), активных: 1
 🎯 Высокая ясность (90.8%) - принимаем возможную гармонику: 817.6Hz
 ✅ Октавный переход разрешен: 409.0Hz → 817.6Hz за 59мс (ratio: 2.00)
 🎯 Высокая ясность (94.4%) - принимаем возможную гармонику: 407.5Hz
 ✅ Октавный переход разрешен: 815.0Hz → 407.5Hz за 105мс (ratio: 0.50)
 WaveformEditor: High-fidelity audio loaded successfully. Duration: 203.29s
 APP: Аудио для WaveformEditor загружено, открываем редактор.
 Sync Editor: Stored original style "karaoke" and scale 1.2. Applying "default" editor style and 0.8 scale.
 Applying style: Стандартный with scale 1.00
 TextStyleManager: Scaled font size from 1.8em to 1.80em
 LyricsDisplay: Setting style to Стандартный
 Rendering lyrics. Current style ID: default
 Rendering standard line [0]: 'I woke up in a dream today'
 Rendering standard line [1]: 'To the cold of the static and put my cold feet on the floor'
 Rendering standard line [2]: 'Forgot all about yesterday'
 Rendering standard line [3]: 'Remembering I'm pretending to be where I'm not anymore'
 Rendering standard line [4]: 'A little taste of hypocrisy'
 Rendering standard line [5]: 'And I'm left in the wake of the mistake, slow to react'
 Rendering standard line [6]: 'Even though you're so close to me'
 Rendering standard line [7]: 'You're still so distant and I can't bring you back'
 Rendering standard line [8]: 'It's true'
 Rendering standard line [9]: 'The way I feel'
 Rendering standard line [10]: 'Was promised by your face'
 Rendering standard line [11]: 'The sound of your voice'
 Rendering standard line [12]: 'Painted on my memories'
 Rendering standard line [13]: 'Even if you're not with me'
 Rendering standard line [14]: 'I'm with you'
 Rendering standard line [15]: 'You now I see'
 Rendering standard line [16]: 'Keeping everything inside (with you)'
 Rendering standard line [17]: 'You now I see'
 Rendering standard line [18]: 'Even when I close my eyes'
 Rendering standard line [19]: 'I hit you and you hit me back'
 Rendering standard line [20]: 'We fall to the floor, the rest of the day stands still'
 Rendering standard line [21]: 'Fine line between this and that'
 Rendering standard line [22]: 'When things go wrong I pretend that the past isn't real'
 Rendering standard line [23]: 'Now I'm trapped in this memory'
 Rendering standard line [24]: 'And I'm left in the wake of the mistake, slow to react'
 Rendering standard line [25]: 'So even though you're close to me'
 Rendering standard line [26]: 'You're still so distant and I can't bring you back'
 Rendering standard line [27]: 'It's true'
 Rendering standard line [28]: 'The way I feel'
 Rendering standard line [29]: 'Was promised by your face'
 Rendering standard line [30]: 'The sound of your voice'
 Rendering standard line [31]: 'Painted on my memories'
 Rendering standard line [32]: 'Even if you're not with me'
 Rendering standard line [33]: 'I'm with you'
 Rendering standard line [34]: 'You now I see'
 Rendering standard line [35]: 'Keeping everything inside (with you)'
 Rendering standard line [36]: 'You now I see'
 Rendering standard line [37]: 'Even when I close my eyes'
 Rendering standard line [38]: 'I'm with you'
 Rendering standard line [39]: 'You now I see'
 Rendering standard line [40]: 'Keeping everything inside (with you)'
 Rendering standard line [41]: 'You now I see'
 Rendering standard line [42]: 'Even when I close my eyes'
 Rendering standard line [43]: 'No, no matter how far we've come'
 Rendering standard line [44]: 'I can't wait to see tomorrow'
 Rendering standard line [45]: 'No matter how far we've come I'
 Rendering standard line [46]: 'I can't wait to see tomorrow'
 Rendering standard line [47]: 'With you'
 Rendering standard line [48]: 'You now I see'
 Rendering standard line [49]: 'Keeping everything inside (with you)'
 Rendering standard line [50]: 'You now I see'
 Rendering standard line [51]: 'Even when I close my eyes'
 Rendering standard line [52]: 'With you'
 Rendering standard line [53]: 'You now I see'
 Rendering standard line [54]: 'Keeping everything inside (with you)'
 Rendering standard line [55]: 'You now I see'
 Rendering standard line [56]: 'Even when I close my eyes'
 TextStyleManager: Font scale for default set to 0.80
 Applying style: Стандартный with scale 0.80
 TextStyleManager: Scaled font size from 1.8em to 1.44em
 LyricsDisplay: Setting style to Стандартный
 Rendering lyrics. Current style ID: default
 Rendering standard line [0]: 'I woke up in a dream today'
 Rendering standard line [1]: 'To the cold of the static and put my cold feet on the floor'
 Rendering standard line [2]: 'Forgot all about yesterday'
 Rendering standard line [3]: 'Remembering I'm pretending to be where I'm not anymore'
 Rendering standard line [4]: 'A little taste of hypocrisy'
 Rendering standard line [5]: 'And I'm left in the wake of the mistake, slow to react'
 Rendering standard line [6]: 'Even though you're so close to me'
 Rendering standard line [7]: 'You're still so distant and I can't bring you back'
 Rendering standard line [8]: 'It's true'
 Rendering standard line [9]: 'The way I feel'
 Rendering standard line [10]: 'Was promised by your face'
 Rendering standard line [11]: 'The sound of your voice'
 Rendering standard line [12]: 'Painted on my memories'
 Rendering standard line [13]: 'Even if you're not with me'
 Rendering standard line [14]: 'I'm with you'
 Rendering standard line [15]: 'You now I see'
 Rendering standard line [16]: 'Keeping everything inside (with you)'
 Rendering standard line [17]: 'You now I see'
 Rendering standard line [18]: 'Even when I close my eyes'
 Rendering standard line [19]: 'I hit you and you hit me back'
 Rendering standard line [20]: 'We fall to the floor, the rest of the day stands still'
 Rendering standard line [21]: 'Fine line between this and that'
 Rendering standard line [22]: 'When things go wrong I pretend that the past isn't real'
 Rendering standard line [23]: 'Now I'm trapped in this memory'
 Rendering standard line [24]: 'And I'm left in the wake of the mistake, slow to react'
 Rendering standard line [25]: 'So even though you're close to me'
 Rendering standard line [26]: 'You're still so distant and I can't bring you back'
 Rendering standard line [27]: 'It's true'
 Rendering standard line [28]: 'The way I feel'
 Rendering standard line [29]: 'Was promised by your face'
 Rendering standard line [30]: 'The sound of your voice'
 Rendering standard line [31]: 'Painted on my memories'
 Rendering standard line [32]: 'Even if you're not with me'
 Rendering standard line [33]: 'I'm with you'
 Rendering standard line [34]: 'You now I see'
 Rendering standard line [35]: 'Keeping everything inside (with you)'
 Rendering standard line [36]: 'You now I see'
 Rendering standard line [37]: 'Even when I close my eyes'
 Rendering standard line [38]: 'I'm with you'
 Rendering standard line [39]: 'You now I see'
 Rendering standard line [40]: 'Keeping everything inside (with you)'
 Rendering standard line [41]: 'You now I see'
 Rendering standard line [42]: 'Even when I close my eyes'
 Rendering standard line [43]: 'No, no matter how far we've come'
 Rendering standard line [44]: 'I can't wait to see tomorrow'
 Rendering standard line [45]: 'No matter how far we've come I'
 Rendering standard line [46]: 'I can't wait to see tomorrow'
 Rendering standard line [47]: 'With you'
 Rendering standard line [48]: 'You now I see'
 Rendering standard line [49]: 'Keeping everything inside (with you)'
 Rendering standard line [50]: 'You now I see'
 Rendering standard line [51]: 'Even when I close my eyes'
 Rendering standard line [52]: 'With you'
 Rendering standard line [53]: 'You now I see'
 Rendering standard line [54]: 'Keeping everything inside (with you)'
 Rendering standard line [55]: 'You now I see'
 Rendering standard line [56]: 'Even when I close my eyes'
 WaveformEditor: Shown
 WaveformEditor: No audio data found, trying to load...
 WaveformEditor: _loadAudioData is deprecated. Use loadAudioForSync() instead.
_loadAudioData @ waveform-editor.js:1194
 Палуба Дирижера: Создан временный трек с BPM 120
 WaveformEditor: _activateFirstUnmarkedLine called.
 WaveformEditor: Markers length: 57
 WaveformEditor: Total lyric lines from lyricsDisplay: 57
 [SETACTIVE] Called with index 0. Current style: default
 Sync Editor: Skipping standard scroll - using forced centering only
 Sync Editor: Positioned line 0 at TOP (teleprompter mode)
 LoopBlockManager: Sync editor opened event received
 WaveformEditor: Dispatched sync-editor-opened event Object
 🎯 Высокая ясность (96.6%) - принимаем возможную гармонику: 810.7Hz
 ✅ Октавный переход разрешен: 405.3Hz → 810.7Hz за 79мс (ratio: 2.00)
 Sync Editor: Positioned line 0 at TOP (teleprompter mode)
 🎯 Высокая ясность (95.1%) - принимаем возможную гармонику: 405.6Hz
 ✅ Октавный переход разрешен: 817.6Hz → 405.6Hz за 200мс (ratio: 0.50)
 🔇 Глубокая тишина - очистка нот
 🛑 Принудительная остановка всех нот (deep_silence), активных: 1
 🔇 Глубокая тишина - очистка нот
 🛑 Принудительная остановка всех нот (deep_silence), активных: 1
 🔇 Глубокая тишина - очистка нот
 🛑 Принудительная остановка всех нот (deep_silence), активных: 1
 Auto-scroll re-enabled after scroll event
 🔇 Глубокая тишина - очистка нот
 🛑 Принудительная остановка всех нот (deep_silence), активных: 1
 🔇 Глубокая тишина - очистка нот
 🛑 Принудительная остановка всех нот (deep_silence), активных: 1
 🔄 WaveformEditor: Начинаем переключение на источник: instrumental
 WaveformEditor notification: Загружаем Инструментал...
 🔇 Глубокая тишина - очистка нот
 🛑 Принудительная остановка всех нот (deep_silence), активных: 1
 🔇 Глубокая тишина - очистка нот
 🛑 Принудительная остановка всех нот (deep_silence), активных: 1
 🔇 Глубокая тишина - очистка нот
 🛑 Принудительная остановка всех нот (deep_silence), активных: 1
 ✅ Data loaded for instrumental
 WaveformEditor notification: Переключено на Инструментал
 🔇 Глубокая тишина - очистка нот
 🛑 Принудительная остановка всех нот (deep_silence), активных: 1
 🔄 WaveformEditor: Начинаем переключение на источник: master
 WaveformEditor notification: Загружаем компоненты для Мастер-вида...
 WaveformEditor notification: Переключено на Мастер
 🔇 Глубокая тишина - очистка нот
 🛑 Принудительная остановка всех нот (deep_silence), активных: 1
 🔇 Глубокая тишина - очистка нот
 🛑 Принудительная остановка всех нот (deep_silence), активных: 1
 [SETACTIVE] Called with index 1. Current style: default
 Sync Editor: Skipping standard scroll - using forced centering only
 Sync Editor: Positioned line 1 at TOP (teleprompter mode)
 🔇 Глубокая тишина - очистка нот
 🛑 Принудительная остановка всех нот (deep_silence), активных: 1
 🔇 Глубокая тишина - очистка нот
 🛑 Принудительная остановка всех нот (deep_silence), активных: 1
 ✅ Октавный переход разрешен: 178.8Hz → 83.5Hz за 42мс (ratio: 0.47)
 ✅ Октавный переход разрешен: 80.7Hz → 155.6Hz за 79мс (ratio: 1.93)
 🚫 Октавный скачок заблокирован: 186.9Hz → 365.8Hz за 34мс (ratio: 1.96)
 🚫 Блокирована очевидная гармоника: 174.2Hz (0.49x от 357.9Hz, ясность: 85.1%)
 ✅ Октавный переход разрешен: 357.9Hz → 170.8Hz за 49мс (ratio: 0.48)
 [SETACTIVE] Called with index 2. Current style: default
 Sync Editor: Skipping standard scroll - using forced centering only
 Sync Editor: Positioned line 2 at TOP (teleprompter mode)
 🔇 Глубокая тишина - очистка нот
 🛑 Принудительная остановка всех нот (deep_silence), активных: 1
 🔇 Глубокая тишина - очистка нот
 🛑 Принудительная остановка всех нот (deep_silence), активных: 1
 🔇 Глубокая тишина - очистка нот
 🛑 Принудительная остановка всех нот (deep_silence), активных: 1
 🔇 Глубокая тишина - очистка нот
 🛑 Принудительная остановка всех нот (deep_silence), активных: 1
 Auto-scroll re-enabled after scroll event
 [SETACTIVE] Called with index 3. Current style: default
 Sync Editor: Skipping standard scroll - using forced centering only
 Sync Editor: Positioned line 3 at TOP (teleprompter mode)
 🔇 Глубокая тишина - очистка нот
 🛑 Принудительная остановка всех нот (deep_silence), активных: 1
 🔇 Глубокая тишина - очистка нот
 🛑 Принудительная остановка всех нот (deep_silence), активных: 1
 [SETACTIVE] Called with index 4. Current style: default
 Sync Editor: Skipping standard scroll - using forced centering only
 Sync Editor: Positioned line 4 at TOP (teleprompter mode)
 🔇 Глубокая тишина - очистка нот
 🛑 Принудительная остановка всех нот (deep_silence), активных: 1
 Auto-scroll re-enabled after scroll event
 🔇 Глубокая тишина - очистка нот
 🛑 Принудительная остановка всех нот (deep_silence), активных: 1
 🚫 Блокирована очевидная гармоника: 97.9Hz (0.50x от 195.0Hz, ясность: 72.2%)
 [SETACTIVE] Called with index 5. Current style: default
 Sync Editor: Skipping standard scroll - using forced centering only
 Sync Editor: Positioned line 5 at TOP (teleprompter mode)
 🔇 Глубокая тишина - очистка нот
 🛑 Принудительная остановка всех нот (deep_silence), активных: 1
 ✅ Октавный переход разрешен: 451.1Hz → 215.7Hz за 54мс (ratio: 0.48)
 🔇 Глубокая тишина - очистка нот
 🛑 Принудительная остановка всех нот (deep_silence), активных: 1
 🔇 Глубокая тишина - очистка нот
 🛑 Принудительная остановка всех нот (deep_silence), активных: 1
 [SETACTIVE] Called with index 6. Current style: default
 Sync Editor: Skipping standard scroll - using forced centering only
 Sync Editor: Positioned line 6 at TOP (teleprompter mode)
 🚫 Блокирована очевидная гармоника: 104.7Hz (0.50x от 210.7Hz, ясность: 71.8%)
 🔇 Глубокая тишина - очистка нот
 🛑 Принудительная остановка всех нот (deep_silence), активных: 1
 🔇 Глубокая тишина - очистка нот
 🛑 Принудительная остановка всех нот (deep_silence), активных: 1
 ✅ Октавный переход разрешен: 557.4Hz → 179.8Hz за 60мс (ratio: 0.32)
 Auto-scroll re-enabled after scroll event
 🔇 Глубокая тишина - очистка нот
 🛑 Принудительная остановка всех нот (deep_silence), активных: 1
 [SETACTIVE] Called with index 7. Current style: default
 Sync Editor: Skipping standard scroll - using forced centering only
 Sync Editor: Positioned line 7 at TOP (teleprompter mode)
 🔇 Глубокая тишина - очистка нот
 🛑 Принудительная остановка всех нот (deep_silence), активных: 1
 🔇 Глубокая тишина - очистка нот
 🛑 Принудительная остановка всех нот (deep_silence), активных: 1
 🔇 Глубокая тишина - очистка нот
 🛑 Принудительная остановка всех нот (deep_silence), активных: 1
 🔇 Глубокая тишина - очистка нот
 🛑 Принудительная остановка всех нот (deep_silence), активных: 1
 🔇 Глубокая тишина - очистка нот
 🛑 Принудительная остановка всех нот (deep_silence), активных: 1
 Key pressed: ShiftLeft
 Key pressed: Shift, key code: 16, waveform active: true
 LoopBlockManager: Shift key pressed, multiple selection mode active
 Key pressed: MetaLeft
 Key pressed: Meta, key code: 91, waveform active: true
 [SETACTIVE] Called with index 8. Current style: default
 Sync Editor: Skipping standard scroll - using forced centering only
 Sync Editor: Positioned line 8 at TOP (teleprompter mode)
 🔇 Глубокая тишина - очистка нот
 🛑 Принудительная остановка всех нот (deep_silence), активных: 1
 LoopBlockManager: Shift key released, multiple selection mode deactivated
 Auto-scroll re-enabled after scroll event
 🚫 Блокирована очевидная гармоника: 443.0Hz (0.50x от 885.1Hz, ясность: 88.6%)
 🎯 Высокая ясность (91.0%) - принимаем возможную гармонику: 443.9Hz
 ✅ Октавный переход разрешен: 885.1Hz → 443.9Hz за 61мс (ratio: 0.50)
 [SETACTIVE] Called with index 9. Current style: default
 Sync Editor: Skipping standard scroll - using forced centering only
 Sync Editor: Positioned line 9 at TOP (teleprompter mode)
 🚫 Блокирована очевидная гармоника: 109.6Hz (0.25x от 440.0Hz, ясность: 79.3%)
 ✅ Октавный переход разрешен: 334.3Hz → 172.7Hz за 66мс (ratio: 0.52)
 ✅ Октавный переход разрешен: 172.7Hz → 334.7Hz за 75мс (ratio: 1.94)
 🔇 Глубокая тишина - очистка нот
 🛑 Принудительная остановка всех нот (deep_silence), активных: 1
 🔇 Глубокая тишина - очистка нот
 🛑 Принудительная остановка всех нот (deep_silence), активных: 1
 🚫 Блокирована очевидная гармоника: 749.3Hz (1.99x от 376.1Hz, ясность: 77.6%)
 🚫 Блокирована очевидная гармоника: 748.5Hz (2.00x от 373.4Hz, ясность: 77.4%)
 🚫 Блокирована очевидная гармоника: 187.8Hz (0.50x от 373.4Hz, ясность: 78.2%)
 🚫 Блокирована очевидная гармоника: 187.8Hz (0.50x от 373.4Hz, ясность: 81.0%)
 🔇 Глубокая тишина - очистка нот
 🛑 Принудительная остановка всех нот (deep_silence), активных: 1
 🚫 Блокирована очевидная гармоника: 94.0Hz (0.25x от 373.4Hz, ясность: 79.9%)
 [SETACTIVE] Called with index 10. Current style: default
 Sync Editor: Skipping standard scroll - using forced centering only
 Sync Editor: Positioned line 10 at TOP (teleprompter mode)
 🚫 Блокирована очевидная гармоника: 191.4Hz (0.51x от 378.0Hz, ясность: 76.9%)
 🔇 Глубокая тишина - очистка нот
 🛑 Принудительная остановка всех нот (deep_silence), активных: 1
 🔇 Глубокая тишина - очистка нот
 🛑 Принудительная остановка всех нот (deep_silence), активных: 1
 🔇 Глубокая тишина - очистка нот
 🛑 Принудительная остановка всех нот (deep_silence), активных: 1
 Auto-scroll re-enabled after scroll event
 🔇 Глубокая тишина - очистка нот
 🛑 Принудительная остановка всех нот (deep_silence), активных: 1
 🔇 Глубокая тишина - очистка нот
 🛑 Принудительная остановка всех нот (deep_silence), активных: 1
 ✅ Karaoke Background Manager: SUCCESSFULLY set background to Karaoke/pexels-amit-batra-3062797-4658541.jpg
 🔇 Глубокая тишина - очистка нот
 🛑 Принудительная остановка всех нот (deep_silence), активных: 1
 [SETACTIVE] Called with index 11. Current style: default
 Sync Editor: Skipping standard scroll - using forced centering only
 Sync Editor: Positioned line 11 at TOP (teleprompter mode)
 🔇 Глубокая тишина - очистка нот
 🛑 Принудительная остановка всех нот (deep_silence), активных: 1
 🔇 Глубокая тишина - очистка нот
 🛑 Принудительная остановка всех нот (deep_silence), активных: 1
 🔇 Глубокая тишина - очистка нот
 🛑 Принудительная остановка всех нот (deep_silence), активных: 1
 ✅ Октавный переход разрешен: 448.5Hz → 146.4Hz за 118мс (ratio: 0.33)
 🚫 Блокирована очевидная гармоника: 109.2Hz (0.25x от 442.2Hz, ясность: 86.8%)
 🔇 Глубокая тишина - очистка нот
 🛑 Принудительная остановка всех нот (deep_silence), активных: 1
 🔇 Глубокая тишина - очистка нот
 🛑 Принудительная остановка всех нот (deep_silence), активных: 1
 🔇 Глубокая тишина - очистка нот
 🛑 Принудительная остановка всех нот (deep_silence), активных: 1
 [SETACTIVE] Called with index 12. Current style: default
 Sync Editor: Skipping standard scroll - using forced centering only
 Sync Editor: Positioned line 12 at TOP (teleprompter mode)
 🔇 Глубокая тишина - очистка нот
 🛑 Принудительная остановка всех нот (deep_silence), активных: 1
 Auto-scroll re-enabled after scroll event
 🔇 Глубокая тишина - очистка нот
 🛑 Принудительная остановка всех нот (deep_silence), активных: 1
 🔇 Глубокая тишина - очистка нот
 🛑 Принудительная остановка всех нот (deep_silence), активных: 1
 🚫 Блокирована очевидная гармоника: 77.8Hz (0.24x от 318.2Hz, ясность: 70.3%)
 🔇 Глубокая тишина - очистка нот
 🛑 Принудительная остановка всех нот (deep_silence), активных: 1
 [SETACTIVE] Called with index 13. Current style: default
 Sync Editor: Skipping standard scroll - using forced centering only
 Sync Editor: Positioned line 13 at TOP (teleprompter mode)
 ✅ Октавный переход разрешен: 339.6Hz → 103.9Hz за 312мс (ratio: 0.31)
 Auto-scroll re-enabled after scroll event
 🚫 Блокирована очевидная гармоника: 77.9Hz (0.24x от 318.9Hz, ясность: 89.0%)
 ✅ Октавный переход разрешен: 318.9Hz → 103.9Hz за 143мс (ratio: 0.33)
 [SETACTIVE] Called with index 14. Current style: default
 Sync Editor: Skipping standard scroll - using forced centering only
 Sync Editor: Positioned line 14 at TOP (teleprompter mode)
 ✅ Октавный переход разрешен: 329.8Hz → 108.3Hz за 605мс (ratio: 0.33)
 🔇 Глубокая тишина - очистка нот
 🛑 Принудительная остановка всех нот (deep_silence), активных: 1
 🚫 Блокирована очевидная гармоника: 768.8Hz (1.99x от 386.5Hz, ясность: 80.6%)
 🚫 Октавный скачок заблокирован: 408.5Hz → 81.3Hz за 28мс (ratio: 0.20)
 🎯 Высокая ясность (91.4%) - принимаем возможную гармонику: 198.5Hz
 ✅ Октавный переход разрешен: 386.1Hz → 198.5Hz за 399мс (ratio: 0.51)
 🚫 Блокирована очевидная гармоника: 810.6Hz (4.08x от 198.5Hz, ясность: 86.7%)
 🚫 Блокирована очевидная гармоника: 806.8Hz (4.06x от 198.5Hz, ясность: 86.2%)
 🚫 Блокирована очевидная гармоника: 687.6Hz (2.03x от 339.5Hz, ясность: 79.8%)
 [SETACTIVE] Called with index 15. Current style: default
 Sync Editor: Skipping standard scroll - using forced centering only
 Sync Editor: Positioned line 15 at TOP (teleprompter mode)
 🔇 Глубокая тишина - очистка нот
 🛑 Принудительная остановка всех нот (deep_silence), активных: 1
 🚫 Блокирована очевидная гармоника: 168.2Hz (0.50x от 337.2Hz, ясность: 82.4%)
 🚫 Блокирована очевидная гармоника: 168.0Hz (0.50x от 337.2Hz, ясность: 83.6%)
 🔇 Глубокая тишина - очистка нот
 🛑 Принудительная остановка всех нот (deep_silence), активных: 1
 [SETACTIVE] Called with index 16. Current style: default
 Sync Editor: Skipping standard scroll - using forced centering only
 Sync Editor: Positioned line 16 at TOP (teleprompter mode)
 🚫 Блокирована очевидная гармоника: 167.1Hz (0.24x от 692.0Hz, ясность: 77.6%)
 🚫 Блокирована очевидная гармоника: 167.2Hz (0.24x от 692.0Hz, ясность: 84.7%)
 🚫 Блокирована очевидная гармоника: 167.5Hz (0.24x от 692.0Hz, ясность: 82.9%)
 Auto-scroll re-enabled after scroll event
 🚫 Блокирована очевидная гармоника: 165.5Hz (0.24x от 692.0Hz, ясность: 81.2%)
 🔇 Глубокая тишина - очистка нот
 🛑 Принудительная остановка всех нот (deep_silence), активных: 1
 🚫 Блокирована очевидная гармоника: 165.8Hz (0.24x от 692.0Hz, ясность: 79.9%)
 🚫 Блокирована очевидная гармоника: 339.3Hz (0.49x от 692.0Hz, ясность: 71.5%)
 🚫 Блокирована очевидная гармоника: 168.2Hz (0.24x от 692.0Hz, ясность: 70.7%)
 🔇 Глубокая тишина - очистка нот
 🛑 Принудительная остановка всех нот (deep_silence), активных: 1
 🔇 Глубокая тишина - очистка нот
 🛑 Принудительная остановка всех нот (deep_silence), активных: 1
 🔇 Глубокая тишина - очистка нот
 🛑 Принудительная остановка всех нот (deep_silence), активных: 1
 [SETACTIVE] Called with index 17. Current style: default
 Sync Editor: Skipping standard scroll - using forced centering only
 Sync Editor: Positioned line 17 at TOP (teleprompter mode)
 🚫 Блокирована очевидная гармоника: 295.8Hz (0.51x от 582.8Hz, ясность: 85.6%)
 🚫 Блокирована очевидная гармоника: 296.1Hz (0.51x от 582.8Hz, ясность: 80.8%)
 🔇 Глубокая тишина - очистка нот
 🛑 Принудительная остановка всех нот (deep_silence), активных: 1
 Auto-scroll re-enabled after scroll event
 🔇 Глубокая тишина - очистка нот
 🛑 Принудительная остановка всех нот (deep_silence), активных: 1
 🔇 Глубокая тишина - очистка нот
 🛑 Принудительная остановка всех нот (deep_silence), активных: 1
rtf-parser.js:849 [SETACTIVE] Called with index 18. Current style: default
rtf-parser.js:849 Sync Editor: Skipping standard scroll - using forced centering only
rtf-parser.js:849 Sync Editor: Positioned line 18 at TOP (teleprompter mode)
rtf-parser.js:849 ✅ Октавный переход разрешен: 293.9Hz → 598.8Hz за 227мс (ratio: 2.04)
rtf-parser.js:849 🎯 Высокая ясность (92.9%) - принимаем возможную гармонику: 294.9Hz
rtf-parser.js:849 🚫 Октавный скачок заблокирован: 598.8Hz → 294.9Hz за 17мс (ratio: 0.49)
rtf-parser.js:849 ✅ Октавный переход разрешен: 598.8Hz → 294.9Hz за 52мс (ratio: 0.49)
rtf-parser.js:849 🔇 Глубокая тишина - очистка нот
rtf-parser.js:849 🛑 Принудительная остановка всех нот (deep_silence), активных: 1
rtf-parser.js:849 [SETACTIVE] Called with index 19. Current style: default
rtf-parser.js:849 Sync Editor: Skipping standard scroll - using forced centering only
rtf-parser.js:849 Sync Editor: Positioned line 19 at TOP (teleprompter mode)
rtf-parser.js:849 🔇 Глубокая тишина - очистка нот
rtf-parser.js:849 🛑 Принудительная остановка всех нот (deep_silence), активных: 1
rtf-parser.js:849 🔇 Глубокая тишина - очистка нот
rtf-parser.js:849 🛑 Принудительная остановка всех нот (deep_silence), активных: 1
rtf-parser.js:849 [SETACTIVE] Called with index 20. Current style: default
rtf-parser.js:849 Sync Editor: Skipping standard scroll - using forced centering only
rtf-parser.js:849 Sync Editor: Positioned line 20 at TOP (teleprompter mode)
rtf-parser.js:849 Auto-scroll re-enabled after scroll event
rtf-parser.js:849 🔇 Глубокая тишина - очистка нот
rtf-parser.js:849 🛑 Принудительная остановка всех нот (deep_silence), активных: 1
rtf-parser.js:849 🔇 Глубокая тишина - очистка нот
rtf-parser.js:849 🛑 Принудительная остановка всех нот (deep_silence), активных: 1
rtf-parser.js:849 [SETACTIVE] Called with index 21. Current style: default
rtf-parser.js:849 Sync Editor: Skipping standard scroll - using forced centering only
rtf-parser.js:849 Sync Editor: Positioned line 21 at TOP (teleprompter mode)
rtf-parser.js:849 🔇 Глубокая тишина - очистка нот
rtf-parser.js:849 🛑 Принудительная остановка всех нот (deep_silence), активных: 1
rtf-parser.js:849 🔇 Глубокая тишина - очистка нот
rtf-parser.js:849 🛑 Принудительная остановка всех нот (deep_silence), активных: 1
rtf-parser.js:849 🔇 Глубокая тишина - очистка нот
rtf-parser.js:849 🛑 Принудительная остановка всех нот (deep_silence), активных: 1
rtf-parser.js:849 🔇 Глубокая тишина - очистка нот
rtf-parser.js:849 🛑 Принудительная остановка всех нот (deep_silence), активных: 1
rtf-parser.js:849 [SETACTIVE] Called with index 22. Current style: default
rtf-parser.js:849 Sync Editor: Skipping standard scroll - using forced centering only
rtf-parser.js:849 Sync Editor: Positioned line 22 at TOP (teleprompter mode)
rtf-parser.js:849 🔇 Глубокая тишина - очистка нот
rtf-parser.js:849 🛑 Принудительная остановка всех нот (deep_silence), активных: 1
rtf-parser.js:849 🔇 Глубокая тишина - очистка нот
rtf-parser.js:849 🛑 Принудительная остановка всех нот (deep_silence), активных: 1
rtf-parser.js:849 Auto-scroll re-enabled after scroll event
rtf-parser.js:849 🔇 Глубокая тишина - очистка нот
rtf-parser.js:849 🛑 Принудительная остановка всех нот (deep_silence), активных: 1
rtf-parser.js:849 [SETACTIVE] Called with index 23. Current style: default
rtf-parser.js:849 Sync Editor: Skipping standard scroll - using forced centering only
rtf-parser.js:849 Sync Editor: Positioned line 23 at TOP (teleprompter mode)
rtf-parser.js:849 🔇 Глубокая тишина - очистка нот
rtf-parser.js:849 🛑 Принудительная остановка всех нот (deep_silence), активных: 1
rtf-parser.js:849 🚫 Блокирована очевидная гармоника: 194.3Hz (0.51x от 381.0Hz, ясность: 70.3%)
rtf-parser.js:849 Key pressed: ShiftLeft
rtf-parser.js:849 Key pressed: Shift, key code: 16, waveform active: true
rtf-parser.js:849 LoopBlockManager: Shift key pressed, multiple selection mode active
rtf-parser.js:849 Key pressed: MetaLeft
rtf-parser.js:849 Key pressed: Meta, key code: 91, waveform active: true
rtf-parser.js:849 LoopBlockManager: Shift key released, multiple selection mode deactivated
rtf-parser.js:849 [SETACTIVE] Called with index 24. Current style: default
rtf-parser.js:849 Sync Editor: Skipping standard scroll - using forced centering only
rtf-parser.js:849 Sync Editor: Positioned line 24 at TOP (teleprompter mode)
rtf-parser.js:849 ✅ Октавный переход разрешен: 359.0Hz → 189.3Hz за 228мс (ratio: 0.53)
rtf-parser.js:849 🔇 Глубокая тишина - очистка нот
rtf-parser.js:849 🛑 Принудительная остановка всех нот (deep_silence), активных: 1
rtf-parser.js:849 ✅ Октавный переход разрешен: 238.7Hz → 73.8Hz за 69мс (ratio: 0.31)
rtf-parser.js:849 ✅ Октавный переход разрешен: 208.0Hz → 407.9Hz за 305мс (ratio: 1.96)
rtf-parser.js:849 Key pressed: Space
rtf-parser.js:849 Space bar pressed, toggling playback
rtf-parser.js:849 ⏸️ ИНСТРУМЕНТАЛ: Пауза
rtf-parser.js:849 ⏸️ ВОКАЛ: Пауза
rtf-parser.js:849 isPlaying property set to: false
rtf-parser.js:849 Key pressed:  , key code: 32, waveform active: true
rtf-parser.js:849 🔍 Статический анализ: 215.4Hz (68.0%)
rtf-parser.js:849 Key pressed: MetaLeft
rtf-parser.js:849 Key pressed: Meta, key code: 91, waveform active: true
rtf-parser.js:849 Key pressed: AltLeft
rtf-parser.js:849 Key pressed: Alt, key code: 18, waveform active: true
rtf-parser.js:849 Auto-scroll re-enabled after scroll event
rtf-parser.js:849 Key pressed: KeyJ
rtf-parser.js:849 Key pressed: j, key code: 74, waveform active: true
rtf-parser.js:849 Auto-scroll re-enabled after scroll event
