debug-config.js:69 🔧 DEBUG_CONFIG загружен. Используйте toggleDebugLogs(true) для включения логов
utils.js:91 📦 Utils module loaded
state-manager.js:9 StateManager initialized
state-manager.js:129 📦 StateManager module loaded
audio-engine.js:46 🚀 AudioEngine (Hybrid Engine) - Гибридная архитектура восстановлена
audio-engine.js:54 Space bar handler attached
rtf-parser.js:849 LyricsDisplay initialized
rtf-parser.js:849 RtfParserAdapter: Инициализация
rtf-parser.js:849 - EnhancedRtfProcessor доступен: true
rtf-parser.js:849 - Стандартный RtfParser доступен: true
rtf-parser.js:849 TrackCatalog initialized
rtf-parser.js:849 MarkerManager initialized
rtf-parser.js:849 WaveformEditor loaded
rtf-parser.js:849 🎨 Создаю кнопку выбора цвета, ColorService доступен: true
rtf-parser.js:849 🎨 ColorService найден, создаю схемы...
rtf-parser.js:849 🎨 Доступные схемы: 7
waveform-editor.js:1458 WaveformEditor: Vocal audio data not available
_drawWaveformData @ waveform-editor.js:1458
rtf-parser.js:849 WaveformEditor initialized
rtf-parser.js:849 TrackCatalog: _finalizeUploadFromBlockEditor CALLED - should be obsolete now.
rtf-parser.js:849 BlockLoopControl: Класс загружен
rtf-parser.js:849 RTF Parser Integration: Инициализация интеграции улучшенного RTF-парсера (после определения объекта)
rtf-parser.js:849 RTF Parser Integration: Начало интеграции
rtf-parser.js:849 RTF Parser Integration: TrackCatalog уже использует RtfParserAdapter если он доступен
rtf-parser.js:849 RTF Parser Integration: Интеграция завершена успешно
rtf-parser.js:849 🎹 Инициализация клавиатуры...
rtf-parser.js:849 LiveFeed module loaded (placeholder)
rtf-parser.js:849 ✅ Pitchy библиотека загружена в beLive
rtf-parser.js:849 LiveMode: Автоматическая инициализация при загрузке документа
rtf-parser.js:849 LiveMode: Создание нового экземпляра
rtf-parser.js:849 LiveMode: Маски инициализированы без использования изображений
rtf-parser.js:849 LiveMode: getUserMedia поддерживается: true
rtf-parser.js:849 LiveMode: Безопасный контекст: true
rtf-parser.js:849 LiveMode: Определен localhost, разрешен HTTP
live-mode.js:521 LiveMode: Метод toggleStreaming не найден и не может быть привязан
(анонимная) @ live-mode.js:521
rtf-parser.js:849 LiveMode: Базовая инициализация завершена
rtf-parser.js:849 LiveMode: Предварительная инициализация камеры...
rtf-parser.js:849 LiveMode: экземпляр создан
rtf-parser.js:849 LiveFeed initialized
rtf-parser.js:849 DOM content loaded, waiting for components
rtf-parser.js:849 Application fully loaded, components initialized
rtf-parser.js:849 ✅ Pitchy готов для точной детекции
rtf-parser.js:849 🎹 Кнопка найдена
rtf-parser.js:849 🔗 Настройка интеграции для точной детекции...
rtf-parser.js:849 🎤 Статус для точной детекции: false
rtf-parser.js:849 🎯 КАЛИБРОВКА: A4 = 440.00Hz (должно быть 440.00Hz)
rtf-parser.js:849 🎹 Создано 48 клавиш для точной детекции
rtf-parser.js:849 🎹 Piano Keyboard инициализирован
rtf-parser.js:849 All components ready, initializing app...
rtf-parser.js:849 Initializing beLive App
rtf-parser.js:849 StateManager initialized
rtf-parser.js:849 StateManager component ready
rtf-parser.js:849 🎛️ ViewManager: Конструктор выполнен
rtf-parser.js:849 🔗 ViewManager: Инициализация с зависимостями
rtf-parser.js:849 ✅ ViewManager: Зависимости успешно подключены
rtf-parser.js:849 ViewManager component ready
rtf-parser.js:849 🎯 ViewManager: Инициализация обработчиков событий
rtf-parser.js:849 ✅ ViewManager: Обработчик кнопки аватара (основное приложение) подключен
rtf-parser.js:849 ✅ ViewManager: Обработчик кнопки аватара в Live Feed подключен
rtf-parser.js:849 ✅ ViewManager: Обработчик кнопки возврата подключен
rtf-parser.js:849 ✅ ViewManager: Обработчик кнопки beLIVE в Avatar Studio подключен
rtf-parser.js:849 🎵 ViewManager: Карусель треков инициализирована
rtf-parser.js:849 🎵 ViewManager: Карусель треков инициализирована
rtf-parser.js:849 🎯 ViewManager: Все обработчики событий готовы
rtf-parser.js:849 🎯 ViewManager event handlers initialized
app.js:84 WordAlignerV2 not found, creating placeholder
App @ app.js:84
rtf-parser.js:849 LyricsDisplay: Setting style to Стандартный
rtf-parser.js:849 Rendering lyrics. Current style ID: default
rtf-parser.js:849 Applied style 'Стандартный'
rtf-parser.js:849 TextStyleManager: Проверка доступности LiveMode...
rtf-parser.js:849 TextStyleManager: Класс LiveMode найден, предварительная инициализация камеры...
rtf-parser.js:849 TextStyleManager: LiveMode уже инициализирован
rtf-parser.js:849 TextStyleManager initialized with 8 styles and 29 total transitions
rtf-parser.js:849 Text style manager initialized
rtf-parser.js:849 Initializing Microphone UI...
rtf-parser.js:849 Microphone UI initialized using existing DOM elements.
rtf-parser.js:849 LoopBlockManager: Checking audio initialization...
loopblock-manager.js:137 LoopBlockManager: Audio buffer or context not available (check 0)
_checkAudioAndInitialize @ loopblock-manager.js:137
rtf-parser.js:849 LoopBlockManager: Initializing sync listeners
rtf-parser.js:849 LoopBlockManager: progressBarContainer found - width: 1050px, height: 10px, overflow: visible
rtf-parser.js:849 LoopBlockManager: progressBarContainer offsetWidth: 1050, offsetHeight: 10
rtf-parser.js:849 LoopBlockManager: progressBarContainer children: 3
rtf-parser.js:849 LoopBlockManager: Child 0: progress-bar-loaded, display: block, zIndex: 1
rtf-parser.js:849 LoopBlockManager: Child 1: progress-bar, display: block, zIndex: 2
rtf-parser.js:849 LoopBlockManager: Child 2: progress-tooltip, display: block, zIndex: 10
rtf-parser.js:849 LoopBlockManager initialized
rtf-parser.js:849 LoopBlockManager component ready
rtf-parser.js:849 [DragBoundary] Инициализирован с интерактивными линиями и предпоказом
rtf-parser.js:849 🎛️ BlockLoopControl initialized with seeking flag and seek buffer
rtf-parser.js:849 BlockLoopControl component ready
rtf-parser.js:849 🎭 MaskSystem: Инициализация продвинутой системы масок
rtf-parser.js:849 🎭 MaskSystem: Конструктор завершен
rtf-parser.js:849 🎭 MaskSystem создан
rtf-parser.js:849 🎭 MaskSystem component ready
rtf-parser.js:849 Initializing LoopBlock controls
rtf-parser.js:849 Audio not fully loaded yet, setting up delayed initialization
rtf-parser.js:849 🎭 MaskSystem: Обработчик кнопки подключен
rtf-parser.js:849 🚀 Инициализация Живой Ленты
rtf-parser.js:849 ✅ Живая Лента инициализирована
rtf-parser.js:849 🚀 Показываю Живую Ленту
rtf-parser.js:849 ✅ Живая Лента активирована
rtf-parser.js:849 beLive App initialized
rtf-parser.js:849 App initialized successfully
rtf-parser.js:849 🎭 MediaPipe: Начинаем загрузку библиотек...
rtf-parser.js:849 🎭 MediaPipe: Ожидание загрузки библиотек...
rtf-parser.js:849 🎭 MediaPipe: Все библиотеки загружены успешно
rtf-parser.js:849 🎭 MaskSystem: Официальный MediaPipe FaceMesh готов
rtf-parser.js:849 🏃 MaskSystem: MediaPipe Pose готов
rtf-parser.js:849 ✋ MaskSystem: MediaPipe Hands готов
rtf-parser.js:849 🤖 MaskSystem: MediaPipe Holistic готов
rtf-parser.js:849 🎨 MaskSystem: MediaPipe Selfie Segmentation готов
rtf-parser.js:849 🎭 MaskSystem: MediaPipe готов к использованию
rtf-parser.js:849 🎯 Background Effects Engine v2.0 инициализирован
rtf-parser.js:849 🔄 Инициализация Background Effects Engine...
rtf-parser.js:849 ✅ Background Effects Engine готов
rtf-parser.js:849 🎤 Запуск ТОЧНОГО анализа вокальной дорожки...
rtf-parser.js:849 🔊 Инициализация аудио для точной детекции...
rtf-parser.js:849 ✅ Используем audioEngine.audioContext
rtf-parser.js:849 ✅ Pitchy детектор готов для точной работы
rtf-parser.js:849 ✅ Подключен к ВОКАЛЬНОМУ узлу: GainNode
rtf-parser.js:849 ✅ ТОЧНЫЙ анализ запущен
rtf-parser.js:849 LiveMode: Запуск предварительной инициализации камеры
rtf-parser.js:849 LiveMode: Предварительная инициализация камеры...
rtf-parser.js:849 LoopBlockManager: Проверка доступности аудио (попытка 2/5)
rtf-parser.js:849 LoopBlockManager: Проверка доступности аудио (попытка 3/5)
rtf-parser.js:849 🎯 Начальная калибровка системы...
rtf-parser.js:849 🎯 ===== ЗАПУСК КАЛИБРОВОЧНЫХ ТЕСТОВ ПИТЧА =====
rtf-parser.js:849 📋 Тестируем расчет частот:
rtf-parser.js:849 ✅ C4: рассчитано=261.63Hz, ожидается=261.63Hz, ошибка=0.002%
rtf-parser.js:849 ✅ D4: рассчитано=293.66Hz, ожидается=293.66Hz, ошибка=0.002%
rtf-parser.js:849 ✅ E4: рассчитано=329.63Hz, ожидается=329.63Hz, ошибка=0.001%
rtf-parser.js:849 ✅ F4: рассчитано=349.23Hz, ожидается=349.23Hz, ошибка=0.001%
rtf-parser.js:849 ✅ G4: рассчитано=392.00Hz, ожидается=392Hz, ошибка=0.001%
rtf-parser.js:849 🎯 КАЛИБРОВКА: A4 = 440.00Hz (должно быть 440.00Hz)
rtf-parser.js:849 ✅ A4: рассчитано=440.00Hz, ожидается=440Hz, ошибка=0.000%
rtf-parser.js:849 ✅ B4: рассчитано=493.88Hz, ожидается=493.88Hz, ошибка=0.001%
rtf-parser.js:849 📋 Тестируем обратное преобразование:
rtf-parser.js:849 ✅ 261.63Hz → обнаружено="C4", ожидается="C4"
rtf-parser.js:849 ✅ 293.66Hz → обнаружено="D4", ожидается="D4"
rtf-parser.js:849 ✅ 329.63Hz → обнаружено="E4", ожидается="E4"
rtf-parser.js:849 ✅ 349.23Hz → обнаружено="F4", ожидается="F4"
rtf-parser.js:849 ✅ 392Hz → обнаружено="G4", ожидается="G4"
rtf-parser.js:849 ✅ 440Hz → обнаружено="A4", ожидается="A4"
rtf-parser.js:849 ✅ 493.88Hz → обнаружено="B4", ожидается="B4"
rtf-parser.js:849 📊 РЕЗУЛЬТАТЫ КАЛИБРОВКИ:
rtf-parser.js:849    Пройдено тестов: 14/14
rtf-parser.js:849    Процент успеха: 100.0%
rtf-parser.js:849    Средняя ошибка: 0.001%
rtf-parser.js:849 🎯 ✅ КАЛИБРОВКА ПИТЧА ПРОШЛА УСПЕШНО!
rtf-parser.js:849 🎯 ===== КАЛИБРОВОЧНЫЕ ТЕСТЫ ЗАВЕРШЕНЫ =====
rtf-parser.js:849 LiveMode: Доступ к камере получен при предварительной инициализации
rtf-parser.js:849 LiveMode: Получено 1 видеотреков. Активный: FaceTime HD Camera
rtf-parser.js:849 LiveMode: Предварительная инициализация камеры успешно завершена
rtf-parser.js:849 Загружено 5 треков из базы данных
rtf-parser.js:849 🚀 Быстрый переход в режим: karaoke
rtf-parser.js:849 Switching to karaoke mode
rtf-parser.js:849 App: Сохраняем предыдущий режим: concert
rtf-parser.js:849 Activating karaoke mode
rtf-parser.js:849 Applying style: Караоке with scale 1.20
rtf-parser.js:849 TextStyleManager: Scaled font size from 1.4em to 1.68em
rtf-parser.js:849 LyricsDisplay: Setting style to Караоке
rtf-parser.js:849 [KARAOKE] DOM not found or empty in _renderLyrics, creating it.
rtf-parser.js:849 TextStyleManager: Scaled font size from 1.4em to 1.68em
rtf-parser.js:849 Applied style class to lyrics-container: style-karaoke
rtf-parser.js:849 Karaoke Background Manager: Starting slideshow...
rtf-parser.js:849 🚀 Скрываю Живую Ленту
rtf-parser.js:849 ✅ Возврат в классический зал
rtf-parser.js:849 🎨 _hideColorDropdown вызван
rtf-parser.js:849 🎨 _hideColorDropdown вызван
rtf-parser.js:849 ✅ Karaoke Background Manager: SUCCESSFULLY set background to Karaoke/pexels-suvan-chowdhury-37305-144429.jpg
rtf-parser.js:849 LiveMode: Доступ к камере получен при предварительной инициализации
rtf-parser.js:849 LiveMode: Получено 1 видеотреков. Активный: FaceTime HD Camera
rtf-parser.js:849 LiveMode: Предварительная инициализация камеры успешно завершена
rtf-parser.js:849 LiveMode: Предварительная инициализация камеры успешна
loopblock-manager.js:219 LoopBlockManager: Аудио не загружено после 5 попыток. Для работы функций зацикливания необходимо загрузить аудиофайл.
_checkAudioAgain @ loopblock-manager.js:219
rtf-parser.js:849 Проверка треков завершена успешно, проблем не обнаружено
rtf-parser.js:849 TrackCatalog: openCatalog() called
rtf-parser.js:849 TrackCatalog: catalogContainer exists: true
rtf-parser.js:849 TrackCatalog: catalogContainer classes before: hidden
rtf-parser.js:849 TrackCatalog: catalogContainer classes after: 
rtf-parser.js:849 TrackCatalog: Catalog should now be visible
rtf-parser.js:849 🎨 _hideColorDropdown вызван
rtf-parser.js:849 Key pressed: ShiftLeft
rtf-parser.js:849 Key pressed: Shift, key code: 16, waveform active: false
rtf-parser.js:849 LoopBlockManager: Shift key pressed, multiple selection mode active
rtf-parser.js:849 Key pressed: MetaLeft
rtf-parser.js:849 Key pressed: Meta, key code: 91, waveform active: false
rtf-parser.js:849 LoopBlockManager: Shift key released, multiple selection mode deactivated
rtf-parser.js:849 ✅ Karaoke Background Manager: SUCCESSFULLY set background to Karaoke/yichen-wang-aBeTfQ65ycQ-unsplash.jpg
rtf-parser.js:849 ✅ Karaoke Background Manager: SUCCESSFULLY set background to Karaoke/kane-reinholdtsen-LETdkk7wHQk-unsplash.jpg
rtf-parser.js:849 ✅ Karaoke Background Manager: SUCCESSFULLY set background to Karaoke/pexels-pixabay-164879.jpg
rtf-parser.js:849 🎨 _hideColorDropdown вызван
rtf-parser.js:849 TrackCatalog: openCatalog() called
rtf-parser.js:849 TrackCatalog: catalogContainer exists: true
rtf-parser.js:849 TrackCatalog: catalogContainer classes before: hidden
rtf-parser.js:849 TrackCatalog: catalogContainer classes after: 
rtf-parser.js:849 TrackCatalog: Catalog should now be visible
rtf-parser.js:849 🎨 _hideColorDropdown вызван
rtf-parser.js:849 🔄 Loading track: "Linkin Park - When They Come For Me[-]"
rtf-parser.js:849 🔄 StateManager: Starting HARD RESET of all components
rtf-parser.js:849 1. Resetting AudioEngine...
rtf-parser.js:849 AudioEngine: Starting reset...
rtf-parser.js:849 isPlaying property set to: false
rtf-parser.js:849 ⏹️ ГИБРИД: Остановлен и сброшен
rtf-parser.js:849 🧹 СПРИНТЕР: Ресурсы очищены
rtf-parser.js:849 AudioEngine: Reset completed successfully
rtf-parser.js:849 ✅ AudioEngine reset complete
rtf-parser.js:849 2. Resetting LyricsDisplay...
rtf-parser.js:849 💥 LyricsDisplay: Performing full reset.
rtf-parser.js:849 ✅ LyricsDisplay: Full reset complete. All lyric data and DOM elements cleared.
rtf-parser.js:849 ✅ LyricsDisplay full reset complete
rtf-parser.js:849 3. Resetting TextStyleManager...
rtf-parser.js:849 💥 TextStyleManager: Full reset initiated.
rtf-parser.js:849 ✅ TextStyleManager: Reset complete. All states and caches cleared.
rtf-parser.js:849 ✅ TextStyleManager reset complete.
rtf-parser.js:849 🎉 StateManager: HARD RESET completed successfully
rtf-parser.js:849 ✅ All components ready for new track
track-catalog.js:1259 ⏱️ HARD_RESET_TIME: 13.551025390625 ms
rtf-parser.js:849 TrackCatalog: Set waveformEditor.lastLoadedFile to Linkin Park-When They Come for Me.rtf
rtf-parser.js:849 TrackCatalog: Set waveformEditor.currentTrackId to 1750901713330
rtf-parser.js:849 TrackCatalog: Found 15 blocks. Preparing them for rendering after audio load.
rtf-parser.js:849 LyricsDisplay: Loading 15 imported blocks.
rtf-parser.js:849 Block 0 loaded: id="block-1752095266743-0-23t12gmf8xd", name="Block 1", lines=8
rtf-parser.js:849 Block 1 loaded: id="1", name="Block 2", lines=4
rtf-parser.js:849 Block 2 loaded: id="2", name="Block 3", lines=5
rtf-parser.js:849 Block 3 loaded: id="3", name="Block 4", lines=1
rtf-parser.js:849 Block 4 loaded: id="4", name="Block 5", lines=1
rtf-parser.js:849 Block 5 loaded: id="5", name="Block 6", lines=8
rtf-parser.js:849 Block 6 loaded: id="6", name="Block 7", lines=5
rtf-parser.js:849 Block 7 loaded: id="7", name="Block 8", lines=1
rtf-parser.js:849 Block 8 loaded: id="8", name="Block 9", lines=1
rtf-parser.js:849 Block 9 loaded: id="9", name="Block 10", lines=9
rtf-parser.js:849 Block 10 loaded: id="10", name="Block 11", lines=1
rtf-parser.js:849 Block 11 loaded: id="11", name="Block 12", lines=1
rtf-parser.js:849 Block 12 loaded: id="12", name="Block 13", lines=1
rtf-parser.js:849 Block 13 loaded: id="13", name="Block 14", lines=1
rtf-parser.js:849 Block 14 loaded: id="14", name="Block 15", lines=2
rtf-parser.js:849 LyricsDisplay: Skipping render as requested by shouldRender=false
rtf-parser.js:849 LyricsDisplay: Successfully loaded 15 blocks, total lyric lines: 49.
rtf-parser.js:849 LyricsDisplay: Updated marker colors after loading blocks
track-catalog.js:1292 ⏱️ LYRICS_PREPARE_TIME: 5.56005859375 ms
track-catalog.js:1304 ⏱️ BLOB_CREATION_TIME: 99.673095703125 ms
rtf-parser.js:849 🚀 ГИБРИД: Загрузка двойного потока
rtf-parser.js:849 isPlaying property set to: false
rtf-parser.js:849 ⏹️ ГИБРИД: Остановлен и сброшен
rtf-parser.js:849 🔧 БЕЗОПАСНЫЙ URL: Конвертируем blob:null в data URL: blob:null/ce6e2c97-ea63-43d9-bad8-bf1a5f8c2046...
rtf-parser.js:849 🎨 _hideColorDropdown вызван
rtf-parser.js:849 ✅ ИНСТРУМЕНТАЛ ГОТОВ! Длительность: 295.60с
audio-engine.js:747 ❌ БЕЗОПАСНЫЙ URL: Ошибка конвертации: TypeError: Failed to fetch
_createSafeUrlFromOriginal @ audio-engine.js:747
rtf-parser.js:849 🔧 БЕЗОПАСНЫЙ URL: Конвертируем blob:null в data URL: blob:null/558c57d8-b23d-4b87-a449-9d0cee01dced...
rtf-parser.js:849 ✅ БЕЗОПАСНЫЙ URL: Создан data URL размером 11826198 байт
audio-engine.js:267 ⏱️ HYBRID_ENGINE_LOAD_TIME: 854.77587890625 ms
rtf-parser.js:849 🎯 ГИБРИД: Рассинхронизация устранена!
waveform-editor.js:1458 WaveformEditor: Vocal audio data not available
_drawWaveformData @ waveform-editor.js:1458
rtf-parser.js:849 🚀 Скрываю Живую Ленту
rtf-parser.js:849 ✅ Возврат в классический зал
rtf-parser.js:849 Applying style: Караоке with scale 1.20
rtf-parser.js:849 TextStyleManager: Scaled font size from 1.4em to 1.68em
rtf-parser.js:849 LyricsDisplay: Setting style to Караоке
rtf-parser.js:849 [KARAOKE] DOM not found or empty in _renderLyrics, creating it.
rtf-parser.js:849 TextStyleManager: Scaled font size from 1.4em to 1.68em
rtf-parser.js:849 Track loaded event detected, initializing LoopBlockManager CustomEvent
rtf-parser.js:849 LoopBlockManager already initialized
track-catalog.js:1310 ⏱️ AUDIO_LOAD_TIME: 860.208984375 ms
rtf-parser.js:849 Loading 49 markers for track Linkin Park - When They Come For Me[-]
rtf-parser.js:849 Validating 49 markers for 49 lyric lines
rtf-parser.js:849 Kept 49 valid markers out of 49
waveform-editor.js:1458 WaveformEditor: Vocal audio data not available
_drawWaveformData @ waveform-editor.js:1458
rtf-parser.js:849 🚀 Скрываю Живую Ленту
rtf-parser.js:849 ✅ Возврат в классический зал
rtf-parser.js:849 Applying style: Караоке with scale 1.20
rtf-parser.js:849 TextStyleManager: Scaled font size from 1.4em to 1.68em
rtf-parser.js:849 LyricsDisplay: Setting style to Караоке
rtf-parser.js:849 TextStyleManager: Scaled font size from 1.4em to 1.68em
rtf-parser.js:849 Track loaded event detected, initializing LoopBlockManager CustomEvent
rtf-parser.js:849 LoopBlockManager already initialized
rtf-parser.js:849 🎵 АВТОПЛЕЙ: Запуск воспроизведения...
rtf-parser.js:849 ✅ Track "Linkin Park - When They Come For Me[-]" loaded successfully
rtf-parser.js:849 🎨 StateManager: Forcing text rerender in current mode
rtf-parser.js:849 🎤 Karaoke mode detected, should work correctly
track-catalog.js:1340 ⏱️ FINAL_RENDER_TIME: 164.6201171875 ms
track-catalog.js:1341 ⏱️ TOTAL_TRACK_LOAD_TIME: 1155.9541015625 ms
rtf-parser.js:849 Audio ready detected via timer, initializing LoopBlockManager
rtf-parser.js:849 LoopBlockManager already initialized
rtf-parser.js:849 ✅ ВОКАЛ ГОТОВ! Длительность: 295.60с
rtf-parser.js:849 🎤 ВОКАЛ ПОДКЛЮЧЕН к аудио-контексту
rtf-parser.js:849 ▶️ ИНСТРУМЕНТАЛ: Воспроизведение начато
rtf-parser.js:849 🎤 ВОКАЛ: Синхронизирован и воспроизводится
rtf-parser.js:849 isPlaying property set to: true
rtf-parser.js:849 ✅ АВТОПЛЕЙ: Воспроизведение начато успешно
rtf-parser.js:849 Key pressed: Space
rtf-parser.js:849 Space bar pressed, toggling playback
rtf-parser.js:849 ⏸️ ИНСТРУМЕНТАЛ: Пауза
rtf-parser.js:849 ⏸️ ВОКАЛ: Пауза
rtf-parser.js:849 isPlaying property set to: false
rtf-parser.js:849 Key pressed:  , key code: 32, waveform active: false
rtf-parser.js:849 Key pressed: MetaLeft
rtf-parser.js:849 Key pressed: Meta, key code: 91, waveform active: false
rtf-parser.js:849 Key pressed: ShiftLeft
rtf-parser.js:849 Key pressed: Shift, key code: 16, waveform active: false
rtf-parser.js:849 LoopBlockManager: Shift key pressed, multiple selection mode active
rtf-parser.js:849 LoopBlockManager: Shift key released, multiple selection mode deactivated
rtf-parser.js:849 Switching to rehearsal mode
rtf-parser.js:849 App: Сохраняем предыдущий режим: karaoke
rtf-parser.js:849 Activating rehearsal mode
rtf-parser.js:849 Karaoke Background Manager: Stopping slideshow...
rtf-parser.js:849 Applying style: Репетиция with scale 1.00
rtf-parser.js:849 LyricsDisplay: Setting style to Репетиция
rtf-parser.js:849 Activating Rehearsal Display with blocks: Array(15)
rtf-parser.js:849 Rendering lyrics. Current style ID: rehearsal
rtf-parser.js:849 🔧 Block "Block 1": original=[0,1,2,3,4,5,6,7], sorted=[0,1,2,3,4,5,6,7]
rtf-parser.js:849 🔧 Block "Block 2": original=[8,9,10,11], sorted=[8,9,10,11]
rtf-parser.js:849 🔧 Block "Block 3": original=[12,13,14,15,16], sorted=[12,13,14,15,16]
rtf-parser.js:849 🔧 Block "Block 4": original=[17], sorted=[17]
rtf-parser.js:849 🔧 Block "Block 5": original=[18], sorted=[18]
rtf-parser.js:849 🔧 Block "Block 6": original=[19,20,21,22,23,24,25,26], sorted=[19,20,21,22,23,24,25,26]
rtf-parser.js:849 🔧 Block "Block 7": original=[27,28,29,30,31], sorted=[27,28,29,30,31]
rtf-parser.js:849 🔧 Block "Block 8": original=[32], sorted=[32]
rtf-parser.js:849 🔧 Block "Block 9": original=[33], sorted=[33]
rtf-parser.js:849 🔧 Block "Block 10": original=[34,35,36,37,38,39,40,41,42], sorted=[34,35,36,37,38,39,40,41,42]
rtf-parser.js:849 Splitting block "Block 10" (9 lines) into 2 parts with ~5 lines each
rtf-parser.js:849   Part 1: lines 0-4 (5 lines)
rtf-parser.js:849   Part 2: lines 5-8 (4 lines)
rtf-parser.js:849 🔧 Block "Block 11": original=[43], sorted=[43]
rtf-parser.js:849 🔧 Block "Block 12": original=[44], sorted=[44]
rtf-parser.js:849 🔧 Block "Block 13": original=[45], sorted=[45]
rtf-parser.js:849 🔧 Block "Block 14": original=[46], sorted=[46]
rtf-parser.js:849 🔧 Block "Block 15": original=[47,48], sorted=[47,48]
rtf-parser.js:849 Rehearsal: Current line: 0, Total blocks: 16
rtf-parser.js:849 Rehearsal: DETAILED Block structure:
rtf-parser.js:849   Block 0 (block-1752095266743-0-23t12gmf8xd): name="Block 1", lines=[0,1,2,3,4,5,6,7]
rtf-parser.js:849     Content preview: "I am not a pattern to be followed
The pill that I'm on is a tough one to swallow
I'm not a criminal,"
rtf-parser.js:849       Line 0: "I am not a pattern to be followed"
rtf-parser.js:849       Line 1: "The pill that I'm on is a tough one to swallow"
rtf-parser.js:849       Line 2: "I'm not a criminal, not a role model"
rtf-parser.js:849       Line 3: "Not a born leader I'm a tough act to follow"
rtf-parser.js:849       Line 4: "I am not the fortune and the fame"
rtf-parser.js:849       Line 5: "Nor the same person telling you to forfeit the game"
rtf-parser.js:849       Line 6: "I came in the ring like a dog on a chain"
rtf-parser.js:849       Line 7: "And I found out the underbelly's sicker than it seems"
rtf-parser.js:849   Block 1 (1): name="Block 2", lines=[8,9,10,11]
rtf-parser.js:849     Content preview: "And it seems ugly, but it can get worse
use even a blueprint is a gift and a curse
use once you got "
rtf-parser.js:849       Line 8: "And it seems ugly, but it can get worse"
rtf-parser.js:849       Line 9: "use even a blueprint is a gift and a curse"
rtf-parser.js:849       Line 10: "use once you got a theory of how the thing works"
rtf-parser.js:849       Line 11: "Everybody wants the next thing to be just like the first"
rtf-parser.js:849   Block 2 (2): name="Block 3", lines=[12,13,14,15,16]
rtf-parser.js:849     Content preview: "And I'm not a robot
I'm not a monkey
I will not dance even if the beat's funky"
rtf-parser.js:849       Line 12: "And I'm not a robot"
rtf-parser.js:849       Line 13: "I'm not a monkey"
rtf-parser.js:849       Line 14: "I will not dance even if the beat's funky"
rtf-parser.js:849       Line 15: "Opposite of lazy, far from a punk"
rtf-parser.js:849       Line 16: "Ya'll ought to stop talking start trying to catch up motherfucker"
rtf-parser.js:849   Block 3 (3): name="Block 4", lines=[17]
rtf-parser.js:849     Content preview: "And all the people say"
rtf-parser.js:849       Line 17: "And all the people say"
rtf-parser.js:849   Block 4 (4): name="Block 5", lines=[18]
rtf-parser.js:849     Content preview: "Try to catch up motherfucker"
rtf-parser.js:849       Line 18: "Try to catch up motherfucker"
rtf-parser.js:849   Block 5 (5): name="Block 6", lines=[19,20,21,22,23,24,25,26]
rtf-parser.js:849     Content preview: "Lauryn said, money change a situation
Big said, it increase the complication
Kane said, don't step, "
rtf-parser.js:849       Line 19: "Lauryn said, money change a situation"
rtf-parser.js:849       Line 20: "Big said, it increase the complication"
rtf-parser.js:849       Line 21: "Kane said, don't step, I ain't the one"
rtf-parser.js:849       Line 22: "Chuck said, that uzi weigh a motherfuckin' ton"
rtf-parser.js:849       Line 23: "And I'm just a student of the game that they taught me"
rtf-parser.js:849       Line 24: "Rockin' every stage in every place that it brought me"
rtf-parser.js:849       Line 25: "I'm awfully underrated, but came here to correct it"
rtf-parser.js:849       Line 26: "And so it ain't mistaken I'ma state it for the record"
rtf-parser.js:849   Block 6 (6): name="Block 7", lines=[27,28,29,30,31]
rtf-parser.js:849     Content preview: "I am the opposite of wack, opposite of weak
Opposite of slack, synonym of heat
Synonym of crack, clo"
rtf-parser.js:849       Line 27: "I am the opposite of wack, opposite of weak"
rtf-parser.js:849       Line 28: "Opposite of slack, synonym of heat"
rtf-parser.js:849       Line 29: "Synonym of crack, closest to a peak"
rtf-parser.js:849       Line 30: "Far from a punk"
rtf-parser.js:849       Line 31: "Ya'll ought to stop talking, start trying to catch up motherfucker"
rtf-parser.js:849   Block 7 (7): name="Block 8", lines=[32]
rtf-parser.js:849     Content preview: "And all the people say"
rtf-parser.js:849       Line 32: "And all the people say"
rtf-parser.js:849   Block 8 (8): name="Block 9", lines=[33]
rtf-parser.js:849     Content preview: "Try to catch up motherfucker"
rtf-parser.js:849       Line 33: "Try to catch up motherfucker"
rtf-parser.js:849   Block 9 (9-part-0): name="Block 10", lines=[34,35,36,37,38]
rtf-parser.js:849     Content preview: "Oh, when they come for me
Come for me
I'll be gone"
rtf-parser.js:849       Line 34: "Oh, when they come for me"
rtf-parser.js:849       Line 35: "Come for me"
rtf-parser.js:849       Line 36: "I'll be gone"
rtf-parser.js:849       Line 37: "Oh, when they come for me"
rtf-parser.js:849       Line 38: "Come for me"
rtf-parser.js:849   Block 10 (9-part-1): name="Block 10 (продолжение 2)", lines=[39,40,41,42]
rtf-parser.js:849     Content preview: "I'll be gone
Oh, when they come for me
Come for me"
rtf-parser.js:849       Line 39: "I'll be gone"
rtf-parser.js:849       Line 40: "Oh, when they come for me"
rtf-parser.js:849       Line 41: "Come for me"
rtf-parser.js:849       Line 42: "I'll be gone"
rtf-parser.js:849   Block 11 (10): name="Block 11", lines=[43]
rtf-parser.js:849     Content preview: "And all the people say"
rtf-parser.js:849       Line 43: "And all the people say"
rtf-parser.js:849   Block 12 (11): name="Block 12", lines=[44]
rtf-parser.js:849     Content preview: "Try to catch up motherfucker"
rtf-parser.js:849       Line 44: "Try to catch up motherfucker"
rtf-parser.js:849   Block 13 (12): name="Block 13", lines=[45]
rtf-parser.js:849     Content preview: "And all the people say"
rtf-parser.js:849       Line 45: "And all the people say"
rtf-parser.js:849   Block 14 (13): name="Block 14", lines=[46]
rtf-parser.js:849     Content preview: "Try to catch up motherfucker"
rtf-parser.js:849       Line 46: "Try to catch up motherfucker"
rtf-parser.js:849   Block 15 (14): name="Block 15", lines=[47,48]
rtf-parser.js:849     Content preview: "Presten atenciуn todos
Toda la gente preste atenciуn, escъchenme ahora mismo"
rtf-parser.js:849       Line 47: "Presten atenciуn todos"
rtf-parser.js:849       Line 48: "Toda la gente preste atenciуn, escъchenme ahora mismo"
rtf-parser.js:849 Rehearsal: Looking for block containing line 0
rtf-parser.js:849   Checking block 0: lineIndices=[0,1,2,3,4,5,6,7]
rtf-parser.js:849   ✓ Found! Block 0 contains line 0
rtf-parser.js:849 Rehearsal: Found active block at index 0 with lines: Array(8)
rtf-parser.js:849 Rehearsal: Active block 0: Object
rtf-parser.js:849 >>> FONT_CALC_DEBUG >>> Lines: 8, FontSize: 2.10rem, LineHeight: 2.72rem
rtf-parser.js:849 Rehearsal: Activated line 0 in block with transition: none
rtf-parser.js:849 Rehearsal: Next block preview for block 1: Object
rtf-parser.js:849 Rehearsal: Preview lines: Array(2)
rtf-parser.js:849 Rehearsal: Adding preview line 8: "And it seems ugly, but it can get worse"
rtf-parser.js:849 Rehearsal: Adding preview line 9: "use even a blueprint is a gift and a curse"
rtf-parser.js:849 Rehearsal: Preview container added with 2 lines
rtf-parser.js:849 Rehearsal mode: Rendered active block 0 with next block preview
rtf-parser.js:849 BlockLoopControl: Активирован
rtf-parser.js:849 BlockLoopControl: _createLoopButtonForCurrentBlock called
rtf-parser.js:849 BlockLoopControl: lyricsDisplay.currentActiveBlock: Object
rtf-parser.js:849 BlockLoopControl: lyricsDisplay.textBlocks: Array(15)
rtf-parser.js:849 BlockLoopControl: Создаем кнопку для активного блока репетиции: Block 1
rtf-parser.js:849 BlockLoopControl: _createLoopButton called for block: Block 1
rtf-parser.js:849 BlockLoopControl: Кнопка удалена, drag boundaries остаются активными
rtf-parser.js:849 BlockLoopControl: blockElement found: true
rtf-parser.js:849 ✅ DragBoundaryController activated for block: Block 1
rtf-parser.js:849 📊 Block line indices: [0,1,2,3,4,5,6,7]
rtf-parser.js:849 🎯 Initial boundaries received: null
rtf-parser.js:849 ✅ Set default boundaries from sorted indices: start=0, end=7
rtf-parser.js:849 [DragBoundary] ✅ Применены переданные границы: Object
rtf-parser.js:849 [DragBoundary] 🎯 Создание интерактивных линий границ
rtf-parser.js:849 [DragBoundary] 📍 Блок: Block 1, границы: 0-7
rtf-parser.js:849 [DragBoundary] 📋 Найдено строк в блоке: 8
rtf-parser.js:849 [DragBoundary] 📝 Строка 0: data-index="0", текст: "I am not a pattern to be follo"
rtf-parser.js:849 [DragBoundary] 📝 Строка 1: data-index="1", текст: "The pill that I'm on is a toug"
rtf-parser.js:849 [DragBoundary] 📝 Строка 2: data-index="2", текст: "I'm not a criminal, not a role"
rtf-parser.js:849 [DragBoundary] 📝 Строка 3: data-index="3", текст: "Not a born leader I'm a tough "
rtf-parser.js:849 [DragBoundary] 📝 Строка 4: data-index="4", текст: "I am not the fortune and the f"
rtf-parser.js:849 [DragBoundary] 📝 Строка 5: data-index="5", текст: "Nor the same person telling yo"
rtf-parser.js:849 [DragBoundary] 📝 Строка 6: data-index="6", текст: "I came in the ring like a dog "
rtf-parser.js:849 [DragBoundary] 📝 Строка 7: data-index="7", текст: "And I found out the underbelly"
rtf-parser.js:849 [DragBoundary] 🎯 Поиск startLine (index 0): ✅ найден
rtf-parser.js:849 [DragBoundary] 📝 StartLine текст: "I am not a pattern to be followed"
rtf-parser.js:849 [DragBoundary] 📐 StartLine rect: DOMRect
rtf-parser.js:849 [DragBoundary] 🎯 Поиск endLine (index 7): ✅ найден
rtf-parser.js:849 [DragBoundary] 📝 EndLine текст: "And I found out the underbelly's sicker than it se"
rtf-parser.js:849 [DragBoundary] 📐 EndLine rect: DOMRect
rtf-parser.js:849 [DragBoundary] ✅ Создана стартовая линия для строки 0
rtf-parser.js:849 [DragBoundary] ✅ Создана конечная линия для строки 7
rtf-parser.js:849 [DragBoundary] ✅ Обе линии успешно созданы
rtf-parser.js:849 [DragBoundary] 📐 StartLine позиция: top=148.4765625, bottom=152.4765625
rtf-parser.js:849 [DragBoundary] 📐 EndLine позиция: top=541.9140625, bottom=545.9140625
rtf-parser.js:849 [DragBoundary] Обновлены визуальные состояния. Диапазон: 0-7
rtf-parser.js:849 [DragBoundary] ✅ Контроллер активирован
rtf-parser.js:849 BlockLoopControl: Создана кнопка для блока: Block 1
rtf-parser.js:849 BlockLoopControl: Кнопка создана для блока: Block 1
rtf-parser.js:849 🛡️ AUTO RECOVERY: System started (checking every 2s)
rtf-parser.js:849 🚀 Скрываю Живую Ленту
rtf-parser.js:849 ✅ Возврат в классический зал
rtf-parser.js:849 🎨 _hideColorDropdown вызван
rtf-parser.js:849 Rehearsal: Auto-scrolling to active line in large block
rtf-parser.js:849 Key pressed: ShiftLeft
rtf-parser.js:849 Key pressed: Shift, key code: 16, waveform active: false
rtf-parser.js:849 LoopBlockManager: Shift key pressed, multiple selection mode active
rtf-parser.js:849 Key pressed: MetaLeft
rtf-parser.js:849 Key pressed: Meta, key code: 91, waveform active: false
rtf-parser.js:849 LoopBlockManager: Shift key released, multiple selection mode deactivated
rtf-parser.js:849 Switching to concert mode
rtf-parser.js:849 App: Сохраняем предыдущий режим: rehearsal
rtf-parser.js:849 Activating concert mode
rtf-parser.js:849 Karaoke Background Manager: Stopping slideshow...
rtf-parser.js:849 Applying style: Концертный with scale 1.20
rtf-parser.js:849 TextStyleManager: Scaled font size from 1.6em to 1.92em
rtf-parser.js:849 Deactivating Rehearsal Display
rtf-parser.js:849 LyricsDisplay: Setting style to Концертный
rtf-parser.js:849 Rendering lyrics. Current style ID: concert
rtf-parser.js:849 Rendering standard line [0]: 'I am not a pattern to be followed'
rtf-parser.js:849 Rendering standard line [1]: 'The pill that I'm on is a tough one to swallow'
rtf-parser.js:849 Rendering standard line [2]: 'I'm not a criminal, not a role model'
rtf-parser.js:849 Rendering standard line [3]: 'Not a born leader I'm a tough act to follow'
rtf-parser.js:849 Rendering standard line [4]: 'I am not the fortune and the fame'
rtf-parser.js:849 Rendering standard line [5]: 'Nor the same person telling you to forfeit the game'
rtf-parser.js:849 Rendering standard line [6]: 'I came in the ring like a dog on a chain'
rtf-parser.js:849 Rendering standard line [7]: 'And I found out the underbelly's sicker than it seems'
rtf-parser.js:849 Rendering standard line [8]: 'And it seems ugly, but it can get worse'
rtf-parser.js:849 Rendering standard line [9]: 'use even a blueprint is a gift and a curse'
rtf-parser.js:849 Rendering standard line [10]: 'use once you got a theory of how the thing works'
rtf-parser.js:849 Rendering standard line [11]: 'Everybody wants the next thing to be just like the first'
rtf-parser.js:849 Rendering standard line [12]: 'And I'm not a robot'
rtf-parser.js:849 Rendering standard line [13]: 'I'm not a monkey'
rtf-parser.js:849 Rendering standard line [14]: 'I will not dance even if the beat's funky'
rtf-parser.js:849 Rendering standard line [15]: 'Opposite of lazy, far from a punk'
rtf-parser.js:849 Rendering standard line [16]: 'Ya'll ought to stop talking start trying to catch up motherfucker'
rtf-parser.js:849 Rendering standard line [17]: 'And all the people say'
rtf-parser.js:849 Rendering standard line [18]: 'Try to catch up motherfucker'
rtf-parser.js:849 Rendering standard line [19]: 'Lauryn said, money change a situation'
rtf-parser.js:849 Rendering standard line [20]: 'Big said, it increase the complication'
rtf-parser.js:849 Rendering standard line [21]: 'Kane said, don't step, I ain't the one'
rtf-parser.js:849 Rendering standard line [22]: 'Chuck said, that uzi weigh a motherfuckin' ton'
rtf-parser.js:849 Rendering standard line [23]: 'And I'm just a student of the game that they taught me'
rtf-parser.js:849 Rendering standard line [24]: 'Rockin' every stage in every place that it brought me'
rtf-parser.js:849 Rendering standard line [25]: 'I'm awfully underrated, but came here to correct it'
rtf-parser.js:849 Rendering standard line [26]: 'And so it ain't mistaken I'ma state it for the record'
rtf-parser.js:849 Rendering standard line [27]: 'I am the opposite of wack, opposite of weak'
rtf-parser.js:849 Rendering standard line [28]: 'Opposite of slack, synonym of heat'
rtf-parser.js:849 Rendering standard line [29]: 'Synonym of crack, closest to a peak'
rtf-parser.js:849 Rendering standard line [30]: 'Far from a punk'
rtf-parser.js:849 Rendering standard line [31]: 'Ya'll ought to stop talking, start trying to catch up motherfucker'
rtf-parser.js:849 Rendering standard line [32]: 'And all the people say'
rtf-parser.js:849 Rendering standard line [33]: 'Try to catch up motherfucker'
rtf-parser.js:849 Rendering standard line [34]: 'Oh, when they come for me'
rtf-parser.js:849 Rendering standard line [35]: 'Come for me'
rtf-parser.js:849 Rendering standard line [36]: 'I'll be gone'
rtf-parser.js:849 Rendering standard line [37]: 'Oh, when they come for me'
rtf-parser.js:849 Rendering standard line [38]: 'Come for me'
rtf-parser.js:849 Rendering standard line [39]: 'I'll be gone'
rtf-parser.js:849 Rendering standard line [40]: 'Oh, when they come for me'
rtf-parser.js:849 Rendering standard line [41]: 'Come for me'
rtf-parser.js:849 Rendering standard line [42]: 'I'll be gone'
rtf-parser.js:849 Rendering standard line [43]: 'And all the people say'
rtf-parser.js:849 Rendering standard line [44]: 'Try to catch up motherfucker'
rtf-parser.js:849 Rendering standard line [45]: 'And all the people say'
rtf-parser.js:849 Rendering standard line [46]: 'Try to catch up motherfucker'
rtf-parser.js:849 Rendering standard line [47]: 'Presten atenciуn todos'
rtf-parser.js:849 Rendering standard line [48]: 'Toda la gente preste atenciуn, escъchenme ahora mismo'
rtf-parser.js:849 Applied style class to lyrics-container: style-concert
rtf-parser.js:849 BlockLoopControl: Деактивирован
rtf-parser.js:849 🛡️ AUTO RECOVERY: System stopped
rtf-parser.js:849 [DragBoundary] Деактивация
rtf-parser.js:849 [DragBoundary] Деактивирован
rtf-parser.js:849 BlockLoopControl: Кнопка удалена, drag boundaries остаются активными
rtf-parser.js:849 🚀 Скрываю Живую Ленту
rtf-parser.js:849 ✅ Возврат в классический зал
rtf-parser.js:849 🎨 _hideColorDropdown вызван
rtf-parser.js:849 Key pressed: MetaLeft
rtf-parser.js:849 Key pressed: Meta, key code: 91, waveform active: false
rtf-parser.js:849 Key pressed: ShiftLeft
rtf-parser.js:849 Key pressed: Shift, key code: 16, waveform active: false
rtf-parser.js:849 LoopBlockManager: Shift key pressed, multiple selection mode active
rtf-parser.js:849 LoopBlockManager: Shift key released, multiple selection mode deactivated
rtf-parser.js:849 ⏰ СИНХРО: Позиция установлена 59.96с
rtf-parser.js:849 🎨 _hideColorDropdown вызван
rtf-parser.js:849 [SETACTIVE] Called with index 2. Current style: concert
rtf-parser.js:849 ▶️ ИНСТРУМЕНТАЛ: Воспроизведение начато
rtf-parser.js:849 🎤 ВОКАЛ: Синхронизирован и воспроизводится
rtf-parser.js:849 isPlaying property set to: true
rtf-parser.js:849 Key pressed: Space
rtf-parser.js:849 Space bar pressed, toggling playback
rtf-parser.js:849 ⏸️ ИНСТРУМЕНТАЛ: Пауза
rtf-parser.js:849 ⏸️ ВОКАЛ: Пауза
rtf-parser.js:849 isPlaying property set to: false
rtf-parser.js:849 Key pressed:  , key code: 32, waveform active: false
rtf-parser.js:849 Key pressed: ShiftLeft
rtf-parser.js:849 Key pressed: Shift, key code: 16, waveform active: false
rtf-parser.js:849 LoopBlockManager: Shift key pressed, multiple selection mode active
rtf-parser.js:849 Key pressed: MetaLeft
rtf-parser.js:849 Key pressed: Meta, key code: 91, waveform active: false
rtf-parser.js:849 LoopBlockManager: Shift key released, multiple selection mode deactivated
rtf-parser.js:849 🚀 Показываю Живую Ленту
rtf-parser.js:849 ✅ Живая Лента активирована
rtf-parser.js:849 🎨 _hideColorDropdown вызван
rtf-parser.js:849 Auto-scroll re-enabled after scroll event
rtf-parser.js:849 🎭 ViewManager: Переключение на Avatar Studio
rtf-parser.js:849 ✅ ViewManager: Avatar Studio активирован
rtf-parser.js:849 🎨 _hideColorDropdown вызван
rtf-parser.js:849 Key pressed: ShiftLeft
rtf-parser.js:849 Key pressed: Shift, key code: 16, waveform active: false
rtf-parser.js:849 LoopBlockManager: Shift key pressed, multiple selection mode active
rtf-parser.js:849 Key pressed: MetaLeft
rtf-parser.js:849 Key pressed: Meta, key code: 91, waveform active: false
rtf-parser.js:849 LoopBlockManager: Shift key released, multiple selection mode deactivated
rtf-parser.js:849 🎯 ViewManager: Переключение в режим karaoke
rtf-parser.js:849 📺 ViewManager: Переключение на Live Feed
rtf-parser.js:849 ✅ ViewManager: Live Feed активирован
rtf-parser.js:849 Switching to karaoke mode
rtf-parser.js:849 App: Сохраняем предыдущий режим: concert
rtf-parser.js:849 Activating karaoke mode
rtf-parser.js:849 Applying style: Караоке with scale 1.20
rtf-parser.js:849 TextStyleManager: Scaled font size from 1.4em to 1.68em
rtf-parser.js:849 LyricsDisplay: Setting style to Караоке
rtf-parser.js:849 [KARAOKE] DOM not found or empty in _renderLyrics, creating it.
rtf-parser.js:849 TextStyleManager: Scaled font size from 1.4em to 1.68em
rtf-parser.js:849 Applied style class to lyrics-container: style-karaoke
rtf-parser.js:849 Karaoke Background Manager: Starting slideshow...
rtf-parser.js:849 🚀 Скрываю Живую Ленту
rtf-parser.js:849 ✅ Возврат в классический зал
rtf-parser.js:849 🎨 _hideColorDropdown вызван
rtf-parser.js:849 ✅ Karaoke Background Manager: SUCCESSFULLY set background to Karaoke/boliviainteligente-NFY0BeronrE-unsplash.jpg
rtf-parser.js:849 🎨 _hideColorDropdown вызван
rtf-parser.js:849 Auto-scroll re-enabled after scroll event
rtf-parser.js:849 Key pressed: MetaLeft
rtf-parser.js:849 Key pressed: Meta, key code: 91, waveform active: false
rtf-parser.js:849 Key pressed: AltLeft
rtf-parser.js:849 Key pressed: Alt, key code: 18, waveform active: false
rtf-parser.js:849 Key pressed: KeyJ
rtf-parser.js:849 Key pressed: j, key code: 74, waveform active: false
waveform-editor.js:1458 WaveformEditor: Vocal audio data not available
_drawWaveformData @ waveform-editor.js:1458
rtf-parser.js:849 ✅ Karaoke Background Manager: SUCCESSFULLY set background to Karaoke/pexels-clemlep-13659549.jpg
