 BlockLoopControl: _createLoopButtonForCurrentBlock called
 BlockLoopControl: lyricsDisplay.currentActiveBlock: Object
 BlockLoopControl: lyricsDisplay.textBlocks: Array(11)
 BlockLoopControl: Создаем кнопку для активного блока репетиции: Block 4
 BlockLoopControl: _createLoopButton called for block: Block 4
 BlockLoopControl: blockElement found: true
 BlockLoopControl: Кнопка создана для блока: Block 4
 🚫 Блокирована очевидная гармоника: 174.4Hz (0.50x от 348.8Hz, ясность: 87.3%)
 🚫 Блокирована очевидная гармоника: 174.7Hz (0.50x от 348.8Hz, ясность: 88.3%)
 🚫 Блокирована очевидная гармоника: 174.7Hz (0.50x от 348.8Hz, ясность: 88.7%)
 ✅ Октавный переход разрешен: 584.2Hz → 304.8Hz за 166мс (ratio: 0.52)
 🔇 Глубокая тишина - очистка нот
 🛑 Принудительная остановка всех нот (deep_silence), активных: 1
 ⏰ СИНХРО: Позиция установлена 79.52с
 🚫 Блокирована очевидная гармоника: 156.5Hz (0.51x от 304.8Hz, ясность: 71.7%)
 ⏰ СИНХРО: Позиция установлена 89.30с
 Rehearsal: Line changing from 25 to 27
 Splitting block "Block 2" (9 lines) into 2 parts with ~5 lines each
   Part 1: lines 0-4 (5 lines)
   Part 2: lines 5-8 (4 lines)
 Splitting block "Block 3" (10 lines) into 2 parts with ~5 lines each
   Part 1: lines 0-4 (5 lines)
   Part 2: lines 5-9 (5 lines)
 Splitting block "Block 5" (10 lines) into 2 parts with ~5 lines each
   Part 1: lines 0-4 (5 lines)
   Part 2: lines 5-9 (5 lines)
 Splitting block "Block 6" (10 lines) into 2 parts with ~5 lines each
   Part 1: lines 0-4 (5 lines)
   Part 2: lines 5-9 (5 lines)
 Splitting block "Block 10" (9 lines) into 2 parts with ~5 lines each
   Part 1: lines 0-4 (5 lines)
   Part 2: lines 5-8 (4 lines)
 Rehearsal: Current line 25 belongs to block: block-1750414608640-3-zl4hcpnkfho Array(6)
 Rehearsal: New line 27 belongs to block: block-1750414608640-3-zl4hcpnkfho Array(6)
 Rehearsal: Same block (block-1750414608640-3-zl4hcpnkfho), updating active line from 25 to 27
 [SETACTIVE] Called with index 27. Current style: rehearsal
 Rehearsal mode: Setting active line 27
 Activating rehearsal line at index 27
 BlockLoopControl: Активный блок изменился
 BlockLoopControl: _createLoopButtonForCurrentBlock called
 BlockLoopControl: lyricsDisplay.currentActiveBlock: Object
 BlockLoopControl: lyricsDisplay.textBlocks: Array(11)
 BlockLoopControl: Создаем кнопку для активного блока репетиции: Block 4
 BlockLoopControl: _createLoopButton called for block: Block 4
 BlockLoopControl: blockElement found: true
 BlockLoopControl: Кнопка создана для блока: Block 4
 🚫 Блокирована очевидная гармоника: 131.1Hz (0.50x от 261.4Hz, ясность: 80.4%)
 🚫 Блокирована очевидная гармоника: 131.2Hz (0.50x от 261.4Hz, ясность: 82.3%)
 🚫 Блокирована очевидная гармоника: 131.2Hz (0.50x от 261.4Hz, ясность: 88.7%)
 🚫 Блокирована очевидная гармоника: 131.1Hz (0.50x от 261.4Hz, ясность: 89.9%)
 🎯 Высокая ясность (91.6%) - принимаем возможную гармонику: 131.0Hz
 ✅ Октавный переход разрешен: 261.4Hz → 131.0Hz за 436мс (ratio: 0.50)
 🚫 Блокирована очевидная гармоника: 260.8Hz (2.00x от 130.4Hz, ясность: 81.5%)
 ⏰ СИНХРО: Позиция установлена 100.34с
 🚫 Блокирована очевидная гармоника: 259.7Hz (1.99x от 130.4Hz, ясность: 82.9%)
 🚫 Блокирована очевидная гармоника: 259.6Hz (1.99x от 130.4Hz, ясность: 81.9%)
 Rehearsal: Line changing from 27 to 29
 Splitting block "Block 2" (9 lines) into 2 parts with ~5 lines each
   Part 1: lines 0-4 (5 lines)
   Part 2: lines 5-8 (4 lines)
 Splitting block "Block 3" (10 lines) into 2 parts with ~5 lines each
   Part 1: lines 0-4 (5 lines)
   Part 2: lines 5-9 (5 lines)
 Splitting block "Block 5" (10 lines) into 2 parts with ~5 lines each
   Part 1: lines 0-4 (5 lines)
   Part 2: lines 5-9 (5 lines)
 Splitting block "Block 6" (10 lines) into 2 parts with ~5 lines each
   Part 1: lines 0-4 (5 lines)
   Part 2: lines 5-9 (5 lines)
 Splitting block "Block 10" (9 lines) into 2 parts with ~5 lines each
   Part 1: lines 0-4 (5 lines)
   Part 2: lines 5-8 (4 lines)
 Rehearsal: Current line 27 belongs to block: block-1750414608640-3-zl4hcpnkfho Array(6)
 Rehearsal: New line 29 belongs to block: block-1750414608640-3-zl4hcpnkfho Array(6)
 Rehearsal: Same block (block-1750414608640-3-zl4hcpnkfho), updating active line from 27 to 29
 [SETACTIVE] Called with index 29. Current style: rehearsal
 Rehearsal mode: Setting active line 29
 Activating rehearsal line at index 29
 BlockLoopControl: Активный блок изменился
 BlockLoopControl: _createLoopButtonForCurrentBlock called
 BlockLoopControl: lyricsDisplay.currentActiveBlock: Object
 BlockLoopControl: lyricsDisplay.textBlocks: Array(11)
 BlockLoopControl: Создаем кнопку для активного блока репетиции: Block 4
 BlockLoopControl: _createLoopButton called for block: Block 4
 BlockLoopControl: blockElement found: true
 BlockLoopControl: Кнопка создана для блока: Block 4
 🔇 Глубокая тишина - очистка нот
 🛑 Принудительная остановка всех нот (deep_silence), активных: 1
 ⏰ СИНХРО: Позиция установлена 112.38с
 Rehearsal: Line changing from 29 to 34
 Splitting block "Block 2" (9 lines) into 2 parts with ~5 lines each
   Part 1: lines 0-4 (5 lines)
   Part 2: lines 5-8 (4 lines)
 Splitting block "Block 3" (10 lines) into 2 parts with ~5 lines each
   Part 1: lines 0-4 (5 lines)
   Part 2: lines 5-9 (5 lines)
 Splitting block "Block 5" (10 lines) into 2 parts with ~5 lines each
   Part 1: lines 0-4 (5 lines)
   Part 2: lines 5-9 (5 lines)
 Splitting block "Block 6" (10 lines) into 2 parts with ~5 lines each
   Part 1: lines 0-4 (5 lines)
   Part 2: lines 5-9 (5 lines)
 Splitting block "Block 10" (9 lines) into 2 parts with ~5 lines each
   Part 1: lines 0-4 (5 lines)
   Part 2: lines 5-8 (4 lines)
 Rehearsal: Current line 29 belongs to block: block-1750414608640-3-zl4hcpnkfho Array(6)
 Rehearsal: New line 34 belongs to block: block-1750414608641-4-h7grxu7mu24-part-0 Array(5)
 Rehearsal: *** BLOCK CHANGED *** from block-1750414608640-3-zl4hcpnkfho to block-1750414608641-4-h7grxu7mu24-part-0
 Rehearsal: Line changed from 29 to 34
 Rehearsal: Current block lines: Array(6)
 Rehearsal: New block lines: Array(5)
 Splitting block "Block 2" (9 lines) into 2 parts with ~5 lines each
   Part 1: lines 0-4 (5 lines)
   Part 2: lines 5-8 (4 lines)
 Splitting block "Block 3" (10 lines) into 2 parts with ~5 lines each
   Part 1: lines 0-4 (5 lines)
   Part 2: lines 5-9 (5 lines)
 Splitting block "Block 5" (10 lines) into 2 parts with ~5 lines each
   Part 1: lines 0-4 (5 lines)
   Part 2: lines 5-9 (5 lines)
 Splitting block "Block 6" (10 lines) into 2 parts with ~5 lines each
   Part 1: lines 0-4 (5 lines)
   Part 2: lines 5-9 (5 lines)
 Splitting block "Block 10" (9 lines) into 2 parts with ~5 lines each
   Part 1: lines 0-4 (5 lines)
   Part 2: lines 5-8 (4 lines)
 Rehearsal: Current line: 34, Total blocks: 16
 Rehearsal: DETAILED Block structure:
   Block 0 (block-1750414608639-0-ypcffvlnwc): name="Block 1", lines=[0,1,2,3,4]
     Content preview: "Just gonna stand there and watch me burn?
Well, that's alright because I like the way it hurts
Just "
       Line 0: "Just gonna stand there and watch me burn?"
       Line 1: "Well, that's alright because I like the way it hurts"
       Line 2: "Just gonna stand there and hear me cry?"
       Line 3: "Well, that's alright because I love the way you lie"
       Line 4: "I love the way you lie"
   Block 1 (block-1750414608640-1-7zatky019lm-part-0): name="Block 2", lines=[5,6,7,8,9]
     Content preview: "I can't tell you what it really is
I can only tell you what it feels like
And right now, there's a s"
       Line 5: "I can't tell you what it really is"
       Line 6: "I can only tell you what it feels like"
       Line 7: "And right now, there's a steel knife in my windpipe"
       Line 8: "I can't breathe, but I still fight while I can fight"
       Line 9: "As long as the wrong feels right, it's like I'm in flight"
   Block 2 (block-1750414608640-1-7zatky019lm-part-1): name="Block 2 (продолжение 2)", lines=[10,11,12,13]
     Content preview: "High off her love, drunk from her hate
It's like I'm huffin' paint, and I love her the more I suffer"
       Line 10: "High off her love, drunk from her hate"
       Line 11: "It's like I'm huffin' paint, and I love her the more I suffer, I suffocate"
       Line 12: "And right before I'm about to drown, she resuscitates me"
       Line 13: "She f- hates me, and I love it"
   Block 3 (block-1750414608640-2-q5bsgipos4a-part-0): name="Block 3", lines=[14,15,16,17,18]
     Content preview: ""Wait! Where you going?" "I'm leaving you"
"No, you ain't, come back"
We're running right back, here"
       Line 14: ""Wait! Where you going?" "I'm leaving you""
       Line 15: ""No, you ain't, come back""
       Line 16: "We're running right back, here we go again"
       Line 17: "It's so insane 'cause when it's going good, it's going great"
       Line 18: "I'm Superman with the wind at his back, she's Lois Lane"
   Block 4 (block-1750414608640-2-q5bsgipos4a-part-1): name="Block 3 (продолжение 2)", lines=[19,20,21,22,23]
     Content preview: "But when it's bad, it's awful
I feel so ashamed, I snapped, "Who's that dude?"
I don't even know his"
       Line 19: "But when it's bad, it's awful"
       Line 20: "I feel so ashamed, I snapped, "Who's that dude?""
       Line 21: "I don't even know his name"
       Line 22: "I laid hands on her, I'll never stoop so low again"
       Line 23: "I guess I don't know my own strength"
   Block 5 (block-1750414608640-3-zl4hcpnkfho): name="Block 4", lines=[24,25,26,27,28,29]
     Content preview: "Just gonna stand there and watch me burn?
Well, that's alright because I like the way it hurts
Just "
       Line 24: "Just gonna stand there and watch me burn?"
       Line 25: "Well, that's alright because I like the way it hurts"
       Line 26: "Just gonna stand there and hear me cry?"
       Line 27: "Well, that's alright because I love the way you lie"
       Line 28: "I love the way you lie"
       Line 29: "I love the way you lie"
   Block 6 (block-1750414608641-4-h7grxu7mu24-part-0): name="Block 5", lines=[30,31,32,33,34]
     Content preview: "You ever loved somebody so much
You can barely breathe when you're with 'em?
You meet and neither on"
       Line 30: "You ever loved somebody so much"
       Line 31: "You can barely breathe when you're with 'em?"
       Line 32: "You meet and neither one of you even know what hit 'em"
       Line 33: "Got that warm fuzzy feelin', yeah, them chills, used to get 'em"
       Line 34: "Now you're gettin' f- sick of lookin' at 'em?"
   Block 7 (block-1750414608641-4-h7grxu7mu24-part-1): name="Block 5 (продолжение 2)", lines=[35,36,37,38,39]
     Content preview: "You swore you'd never hit 'em, never do nothin' to hurt 'em
Now you're in each other's face, spewin'"
       Line 35: "You swore you'd never hit 'em, never do nothin' to hurt 'em"
       Line 36: "Now you're in each other's face, spewin' venom in your words when you spit 'em"
       Line 37: "You push, pull each other's hair, scratch, claw, bit 'em"
       Line 38: "Throw 'em down, pin 'em"
       Line 39: "So lost in them moments when you're in 'em"
   Block 8 (block-1750414608642-5-mruc0mjwti-part-0): name="Block 6", lines=[40,41,42,43,44]
     Content preview: "It's the rage that took over, it controls you both
So they say you're best to go your separate ways
"
       Line 40: "It's the rage that took over, it controls you both"
       Line 41: "So they say you're best to go your separate ways"
       Line 42: "Guess that they don't know you 'cause today, that was yesterday"
       Line 43: "Yesterday is over, it's a different day"
       Line 44: "Sound like broken records playin' over, but you promised her"
   Block 9 (block-1750414608642-5-mruc0mjwti-part-1): name="Block 6 (продолжение 2)", lines=[45,46,47,48,49]
     Content preview: "Next time, you'll show restraint
You don't get another chance
Life is no Nintendo game, but you lied"
       Line 45: "Next time, you'll show restraint"
       Line 46: "You don't get another chance"
       Line 47: "Life is no Nintendo game, but you lied again"
       Line 48: "Now you get to watch her leave out the window"
       Line 49: "Guess that's why they call it windowpane"
   Block 10 (block-1750414608642-6-thsq2g45ng): name="Block 7", lines=[50,51,52,53,54]
     Content preview: "Just gonna stand there and watch me burn?
Well, that's alright because I like the way it hurts
Just "
       Line 50: "Just gonna stand there and watch me burn?"
       Line 51: "Well, that's alright because I like the way it hurts"
       Line 52: "Just gonna stand there and hear me cry?"
       Line 53: "Well, that's alright because I love the way you lie"
       Line 54: "I love the way you lie"
   Block 11 (block-1750414608643-7-6yiznjq4t3n): name="Block 8", lines=[55]
     Content preview: "I love the way you lie"
       Line 55: "I love the way you lie"
   Block 12 (block-1750414608643-8-8j094shwwsa): name="Block 9", lines=[56,57,58,59,60,61,62,63]
     Content preview: "Now I know we said things, did things that we didn't mean
Then we fall back into the same patterns, "
       Line 56: "Now I know we said things, did things that we didn't mean"
       Line 57: "Then we fall back into the same patterns, same routine"
       Line 58: "But your temper's just as bad as mine is"
       Line 59: "You're the same as me, when it comes to love, you're just as blinded"
       Line 60: "Baby, please come back, it wasn't you, baby, it was me"
       Line 61: "Maybe our relationship isn't as crazy as it seems"
       Line 62: "Maybe that's what happens when a tornado meets a volcano"
       Line 63: "All I know is I love you too much to walk away, though"
   Block 13 (block-1750414608643-9-6iiwftt1kwq-part-0): name="Block 10", lines=[64,65,66,67,68]
     Content preview: "Come inside, pick up your bags off the sidewalk
Don't you hear sincerity in my voice when I talk?
To"
       Line 64: "Come inside, pick up your bags off the sidewalk"
       Line 65: "Don't you hear sincerity in my voice when I talk?"
       Line 66: "Told you this is my fault, look me in the eyeball"
       Line 67: "Next time I'm p-, I'll aim my fist at the drywall"
       Line 68: ""Next time? There won't be no next time""
   Block 14 (block-1750414608643-9-6iiwftt1kwq-part-1): name="Block 10 (продолжение 2)", lines=[69,70,71,72]
     Content preview: "I apologize, even though I know it's lies
I'm tired of the games, I just want her back
I know I'm a "
       Line 69: "I apologize, even though I know it's lies"
       Line 70: "I'm tired of the games, I just want her back"
       Line 71: "I know I'm a liar, if she ever tries to f- leave again"
       Line 72: "I'ma tie her to the bed and set this house on fire"
   Block 15 (block-1750414608643-10-si5i4izc80d): name="Block 11", lines=[73,74,75,76,77,78]
     Content preview: "Just gonna stand there and watch me burn?
Well, that's alright because I like the way it hurts
Just "
       Line 73: "Just gonna stand there and watch me burn?"
       Line 74: "Well, that's alright because I like the way it hurts"
       Line 75: "Just gonna stand there and hear me cry?"
       Line 76: "Well, that's alright, because I love the way you lie"
       Line 77: "I love the way you lie"
       Line 78: "I love the way you lie"
 Rehearsal: Looking for block containing line 34
   Checking block 0: lineIndices=[0,1,2,3,4]
   ✗ Block 0 does NOT contain line 34
   Checking block 1: lineIndices=[5,6,7,8,9]
   ✗ Block 1 does NOT contain line 34
   Checking block 2: lineIndices=[10,11,12,13]
   ✗ Block 2 does NOT contain line 34
   Checking block 3: lineIndices=[14,15,16,17,18]
   ✗ Block 3 does NOT contain line 34
   Checking block 4: lineIndices=[19,20,21,22,23]
   ✗ Block 4 does NOT contain line 34
   Checking block 5: lineIndices=[24,25,26,27,28,29]
   ✗ Block 5 does NOT contain line 34
   Checking block 6: lineIndices=[30,31,32,33,34]
   ✓ Found! Block 6 contains line 34
 Rehearsal: Found active block at index 6 with lines: Array(5)
 Rehearsal: Active block 6: Object
 >>> FONT_CALC_DEBUG >>> Lines: 5, FontSize: 2.66rem, LineHeight: 3.23rem
 Rehearsal: Activated line 34 in block with transition: none
 Rehearsal: Next block preview for block 7: Object
 Rehearsal: Preview lines: Array(2)
 Rehearsal: Adding preview line 35: "You swore you'd never hit 'em, never do nothin' to hurt 'em"
 Rehearsal: Adding preview line 36: "Now you're in each other's face, spewin' venom in your words when you spit 'em"
 Rehearsal: Preview container added with 2 lines
 Rehearsal mode: Rendered active block 6 with next block preview
 BlockLoopControl: Обновление для текущего блока
 BlockLoopControl: Блок изменился, останавливаем зацикливание
 BlockLoopControl: _createLoopButtonForCurrentBlock called
 BlockLoopControl: lyricsDisplay.currentActiveBlock: Object
 BlockLoopControl: lyricsDisplay.textBlocks: Array(11)
 BlockLoopControl: Создаем кнопку для активного блока репетиции: Block 5
 BlockLoopControl: _createLoopButton called for block: Block 5
 BlockLoopControl: blockElement found: true
 BlockLoopControl: Кнопка создана для блока: Block 5
 🔇 Глубокая тишина - очистка нот
 🛑 Принудительная остановка всех нот (deep_silence), активных: 1
 Rehearsal: Line changing from 34 to 35
 Splitting block "Block 2" (9 lines) into 2 parts with ~5 lines each
   Part 1: lines 0-4 (5 lines)
   Part 2: lines 5-8 (4 lines)
 Splitting block "Block 3" (10 lines) into 2 parts with ~5 lines each
   Part 1: lines 0-4 (5 lines)
   Part 2: lines 5-9 (5 lines)
 Splitting block "Block 5" (10 lines) into 2 parts with ~5 lines each
   Part 1: lines 0-4 (5 lines)
   Part 2: lines 5-9 (5 lines)
 Splitting block "Block 6" (10 lines) into 2 parts with ~5 lines each
   Part 1: lines 0-4 (5 lines)
   Part 2: lines 5-9 (5 lines)
 Splitting block "Block 10" (9 lines) into 2 parts with ~5 lines each
   Part 1: lines 0-4 (5 lines)
   Part 2: lines 5-8 (4 lines)
 Rehearsal: Current line 34 belongs to block: block-1750414608641-4-h7grxu7mu24-part-0 Array(5)
 Rehearsal: New line 35 belongs to block: block-1750414608641-4-h7grxu7mu24-part-1 Array(5)
 Rehearsal: *** BLOCK CHANGED *** from block-1750414608641-4-h7grxu7mu24-part-0 to block-1750414608641-4-h7grxu7mu24-part-1
 Rehearsal: Line changed from 34 to 35
 Rehearsal: Current block lines: Array(5)
 Rehearsal: New block lines: Array(5)
 Splitting block "Block 2" (9 lines) into 2 parts with ~5 lines each
   Part 1: lines 0-4 (5 lines)
   Part 2: lines 5-8 (4 lines)
 Splitting block "Block 3" (10 lines) into 2 parts with ~5 lines each
   Part 1: lines 0-4 (5 lines)
   Part 2: lines 5-9 (5 lines)
 Splitting block "Block 5" (10 lines) into 2 parts with ~5 lines each
   Part 1: lines 0-4 (5 lines)
   Part 2: lines 5-9 (5 lines)
 Splitting block "Block 6" (10 lines) into 2 parts with ~5 lines each
   Part 1: lines 0-4 (5 lines)
   Part 2: lines 5-9 (5 lines)
 Splitting block "Block 10" (9 lines) into 2 parts with ~5 lines each
   Part 1: lines 0-4 (5 lines)
   Part 2: lines 5-8 (4 lines)
 Rehearsal: Current line: 35, Total blocks: 16
 Rehearsal: DETAILED Block structure:
   Block 0 (block-1750414608639-0-ypcffvlnwc): name="Block 1", lines=[0,1,2,3,4]
     Content preview: "Just gonna stand there and watch me burn?
Well, that's alright because I like the way it hurts
Just "
       Line 0: "Just gonna stand there and watch me burn?"
       Line 1: "Well, that's alright because I like the way it hurts"
       Line 2: "Just gonna stand there and hear me cry?"
       Line 3: "Well, that's alright because I love the way you lie"
       Line 4: "I love the way you lie"
   Block 1 (block-1750414608640-1-7zatky019lm-part-0): name="Block 2", lines=[5,6,7,8,9]
     Content preview: "I can't tell you what it really is
I can only tell you what it feels like
And right now, there's a s"
       Line 5: "I can't tell you what it really is"
       Line 6: "I can only tell you what it feels like"
       Line 7: "And right now, there's a steel knife in my windpipe"
       Line 8: "I can't breathe, but I still fight while I can fight"
       Line 9: "As long as the wrong feels right, it's like I'm in flight"
   Block 2 (block-1750414608640-1-7zatky019lm-part-1): name="Block 2 (продолжение 2)", lines=[10,11,12,13]
     Content preview: "High off her love, drunk from her hate
It's like I'm huffin' paint, and I love her the more I suffer"
       Line 10: "High off her love, drunk from her hate"
       Line 11: "It's like I'm huffin' paint, and I love her the more I suffer, I suffocate"
       Line 12: "And right before I'm about to drown, she resuscitates me"
       Line 13: "She f- hates me, and I love it"
   Block 3 (block-1750414608640-2-q5bsgipos4a-part-0): name="Block 3", lines=[14,15,16,17,18]
     Content preview: ""Wait! Where you going?" "I'm leaving you"
"No, you ain't, come back"
We're running right back, here"
       Line 14: ""Wait! Where you going?" "I'm leaving you""
       Line 15: ""No, you ain't, come back""
       Line 16: "We're running right back, here we go again"
       Line 17: "It's so insane 'cause when it's going good, it's going great"
       Line 18: "I'm Superman with the wind at his back, she's Lois Lane"
   Block 4 (block-1750414608640-2-q5bsgipos4a-part-1): name="Block 3 (продолжение 2)", lines=[19,20,21,22,23]
     Content preview: "But when it's bad, it's awful
I feel so ashamed, I snapped, "Who's that dude?"
I don't even know his"
       Line 19: "But when it's bad, it's awful"
       Line 20: "I feel so ashamed, I snapped, "Who's that dude?""
       Line 21: "I don't even know his name"
       Line 22: "I laid hands on her, I'll never stoop so low again"
       Line 23: "I guess I don't know my own strength"
   Block 5 (block-1750414608640-3-zl4hcpnkfho): name="Block 4", lines=[24,25,26,27,28,29]
     Content preview: "Just gonna stand there and watch me burn?
Well, that's alright because I like the way it hurts
Just "
       Line 24: "Just gonna stand there and watch me burn?"
       Line 25: "Well, that's alright because I like the way it hurts"
       Line 26: "Just gonna stand there and hear me cry?"
       Line 27: "Well, that's alright because I love the way you lie"
       Line 28: "I love the way you lie"
       Line 29: "I love the way you lie"
   Block 6 (block-1750414608641-4-h7grxu7mu24-part-0): name="Block 5", lines=[30,31,32,33,34]
     Content preview: "You ever loved somebody so much
You can barely breathe when you're with 'em?
You meet and neither on"
       Line 30: "You ever loved somebody so much"
       Line 31: "You can barely breathe when you're with 'em?"
       Line 32: "You meet and neither one of you even know what hit 'em"
       Line 33: "Got that warm fuzzy feelin', yeah, them chills, used to get 'em"
       Line 34: "Now you're gettin' f- sick of lookin' at 'em?"
   Block 7 (block-1750414608641-4-h7grxu7mu24-part-1): name="Block 5 (продолжение 2)", lines=[35,36,37,38,39]
     Content preview: "You swore you'd never hit 'em, never do nothin' to hurt 'em
Now you're in each other's face, spewin'"
       Line 35: "You swore you'd never hit 'em, never do nothin' to hurt 'em"
       Line 36: "Now you're in each other's face, spewin' venom in your words when you spit 'em"
       Line 37: "You push, pull each other's hair, scratch, claw, bit 'em"
       Line 38: "Throw 'em down, pin 'em"
       Line 39: "So lost in them moments when you're in 'em"
   Block 8 (block-1750414608642-5-mruc0mjwti-part-0): name="Block 6", lines=[40,41,42,43,44]
     Content preview: "It's the rage that took over, it controls you both
So they say you're best to go your separate ways
"
       Line 40: "It's the rage that took over, it controls you both"
       Line 41: "So they say you're best to go your separate ways"
       Line 42: "Guess that they don't know you 'cause today, that was yesterday"
       Line 43: "Yesterday is over, it's a different day"
       Line 44: "Sound like broken records playin' over, but you promised her"
   Block 9 (block-1750414608642-5-mruc0mjwti-part-1): name="Block 6 (продолжение 2)", lines=[45,46,47,48,49]
     Content preview: "Next time, you'll show restraint
You don't get another chance
Life is no Nintendo game, but you lied"
       Line 45: "Next time, you'll show restraint"
       Line 46: "You don't get another chance"
       Line 47: "Life is no Nintendo game, but you lied again"
       Line 48: "Now you get to watch her leave out the window"
       Line 49: "Guess that's why they call it windowpane"
   Block 10 (block-1750414608642-6-thsq2g45ng): name="Block 7", lines=[50,51,52,53,54]
     Content preview: "Just gonna stand there and watch me burn?
Well, that's alright because I like the way it hurts
Just "
       Line 50: "Just gonna stand there and watch me burn?"
       Line 51: "Well, that's alright because I like the way it hurts"
       Line 52: "Just gonna stand there and hear me cry?"
       Line 53: "Well, that's alright because I love the way you lie"
       Line 54: "I love the way you lie"
   Block 11 (block-1750414608643-7-6yiznjq4t3n): name="Block 8", lines=[55]
     Content preview: "I love the way you lie"
       Line 55: "I love the way you lie"
   Block 12 (block-1750414608643-8-8j094shwwsa): name="Block 9", lines=[56,57,58,59,60,61,62,63]
     Content preview: "Now I know we said things, did things that we didn't mean
Then we fall back into the same patterns, "
       Line 56: "Now I know we said things, did things that we didn't mean"
       Line 57: "Then we fall back into the same patterns, same routine"
       Line 58: "But your temper's just as bad as mine is"
       Line 59: "You're the same as me, when it comes to love, you're just as blinded"
       Line 60: "Baby, please come back, it wasn't you, baby, it was me"
       Line 61: "Maybe our relationship isn't as crazy as it seems"
       Line 62: "Maybe that's what happens when a tornado meets a volcano"
       Line 63: "All I know is I love you too much to walk away, though"
   Block 13 (block-1750414608643-9-6iiwftt1kwq-part-0): name="Block 10", lines=[64,65,66,67,68]
     Content preview: "Come inside, pick up your bags off the sidewalk
Don't you hear sincerity in my voice when I talk?
To"
       Line 64: "Come inside, pick up your bags off the sidewalk"
       Line 65: "Don't you hear sincerity in my voice when I talk?"
       Line 66: "Told you this is my fault, look me in the eyeball"
       Line 67: "Next time I'm p-, I'll aim my fist at the drywall"
       Line 68: ""Next time? There won't be no next time""
   Block 14 (block-1750414608643-9-6iiwftt1kwq-part-1): name="Block 10 (продолжение 2)", lines=[69,70,71,72]
     Content preview: "I apologize, even though I know it's lies
I'm tired of the games, I just want her back
I know I'm a "
       Line 69: "I apologize, even though I know it's lies"
       Line 70: "I'm tired of the games, I just want her back"
       Line 71: "I know I'm a liar, if she ever tries to f- leave again"
       Line 72: "I'ma tie her to the bed and set this house on fire"
   Block 15 (block-1750414608643-10-si5i4izc80d): name="Block 11", lines=[73,74,75,76,77,78]
     Content preview: "Just gonna stand there and watch me burn?
Well, that's alright because I like the way it hurts
Just "
       Line 73: "Just gonna stand there and watch me burn?"
       Line 74: "Well, that's alright because I like the way it hurts"
       Line 75: "Just gonna stand there and hear me cry?"
       Line 76: "Well, that's alright, because I love the way you lie"
       Line 77: "I love the way you lie"
       Line 78: "I love the way you lie"
 Rehearsal: Looking for block containing line 35
   Checking block 0: lineIndices=[0,1,2,3,4]
   ✗ Block 0 does NOT contain line 35
   Checking block 1: lineIndices=[5,6,7,8,9]
   ✗ Block 1 does NOT contain line 35
   Checking block 2: lineIndices=[10,11,12,13]
   ✗ Block 2 does NOT contain line 35
   Checking block 3: lineIndices=[14,15,16,17,18]
   ✗ Block 3 does NOT contain line 35
   Checking block 4: lineIndices=[19,20,21,22,23]
   ✗ Block 4 does NOT contain line 35
   Checking block 5: lineIndices=[24,25,26,27,28,29]
   ✗ Block 5 does NOT contain line 35
   Checking block 6: lineIndices=[30,31,32,33,34]
   ✗ Block 6 does NOT contain line 35
   Checking block 7: lineIndices=[35,36,37,38,39]
   ✓ Found! Block 7 contains line 35
 Rehearsal: Found active block at index 7 with lines: Array(5)
 Rehearsal: Active block 7: Object
 >>> FONT_CALC_DEBUG >>> Lines: 5, FontSize: 2.66rem, LineHeight: 3.23rem
 Rehearsal: Activated line 35 in block with transition: none
 Rehearsal: Next block preview for block 8: Object
 Rehearsal: Preview lines: Array(2)
 Rehearsal: Adding preview line 40: "It's the rage that took over, it controls you both"
 Rehearsal: Adding preview line 41: "So they say you're best to go your separate ways"
 Rehearsal: Preview container added with 2 lines
 Rehearsal mode: Rendered active block 7 with next block preview
 BlockLoopControl: Обновление для текущего блока
 BlockLoopControl: Блок изменился, останавливаем зацикливание
 BlockLoopControl: _createLoopButtonForCurrentBlock called
 BlockLoopControl: lyricsDisplay.currentActiveBlock: Object
 BlockLoopControl: lyricsDisplay.textBlocks: Array(11)
 BlockLoopControl: Создаем кнопку для активного блока репетиции: Block 5 (продолжение 2)
 BlockLoopControl: _createLoopButton called for block: Block 5 (продолжение 2)
 BlockLoopControl: blockElement found: true
 BlockLoopControl: Кнопка создана для блока: Block 5 (продолжение 2)
 ⏰ СИНХРО: Позиция установлена 121.16с
 Rehearsal: Line changing from 35 to 37
 Splitting block "Block 2" (9 lines) into 2 parts with ~5 lines each
   Part 1: lines 0-4 (5 lines)
   Part 2: lines 5-8 (4 lines)
 Splitting block "Block 3" (10 lines) into 2 parts with ~5 lines each
   Part 1: lines 0-4 (5 lines)
   Part 2: lines 5-9 (5 lines)
 Splitting block "Block 5" (10 lines) into 2 parts with ~5 lines each
   Part 1: lines 0-4 (5 lines)
   Part 2: lines 5-9 (5 lines)
 Splitting block "Block 6" (10 lines) into 2 parts with ~5 lines each
   Part 1: lines 0-4 (5 lines)
   Part 2: lines 5-9 (5 lines)
 Splitting block "Block 10" (9 lines) into 2 parts with ~5 lines each
   Part 1: lines 0-4 (5 lines)
   Part 2: lines 5-8 (4 lines)
 Rehearsal: Current line 35 belongs to block: block-1750414608641-4-h7grxu7mu24-part-1 Array(5)
 Rehearsal: New line 37 belongs to block: block-1750414608641-4-h7grxu7mu24-part-1 Array(5)
 Rehearsal: Same block (block-1750414608641-4-h7grxu7mu24-part-1), updating active line from 35 to 37
 [SETACTIVE] Called with index 37. Current style: rehearsal
 Rehearsal mode: Setting active line 37
 Activating rehearsal line at index 37
 BlockLoopControl: Активный блок изменился
 BlockLoopControl: _createLoopButtonForCurrentBlock called
 BlockLoopControl: lyricsDisplay.currentActiveBlock: Object
 BlockLoopControl: lyricsDisplay.textBlocks: Array(11)
 BlockLoopControl: Создаем кнопку для активного блока репетиции: Block 5 (продолжение 2)
 BlockLoopControl: _createLoopButton called for block: Block 5 (продолжение 2)
 BlockLoopControl: blockElement found: true
 BlockLoopControl: Кнопка создана для блока: Block 5 (продолжение 2)
 🔇 Глубокая тишина - очистка нот
 🛑 Принудительная остановка всех нот (deep_silence), активных: 1
 🔇 Глубокая тишина - очистка нот
 🛑 Принудительная остановка всех нот (deep_silence), активных: 1
 🔇 Глубокая тишина - очистка нот
 🛑 Принудительная остановка всех нот (deep_silence), активных: 1
 ⏰ СИНХРО: Позиция установлена 113.64с
 Rehearsal: Line changing from 37 to 35
 Splitting block "Block 2" (9 lines) into 2 parts with ~5 lines each
   Part 1: lines 0-4 (5 lines)
   Part 2: lines 5-8 (4 lines)
 Splitting block "Block 3" (10 lines) into 2 parts with ~5 lines each
   Part 1: lines 0-4 (5 lines)
   Part 2: lines 5-9 (5 lines)
 Splitting block "Block 5" (10 lines) into 2 parts with ~5 lines each
   Part 1: lines 0-4 (5 lines)
   Part 2: lines 5-9 (5 lines)
 Splitting block "Block 6" (10 lines) into 2 parts with ~5 lines each
   Part 1: lines 0-4 (5 lines)
   Part 2: lines 5-9 (5 lines)
 Splitting block "Block 10" (9 lines) into 2 parts with ~5 lines each
   Part 1: lines 0-4 (5 lines)
   Part 2: lines 5-8 (4 lines)
 Rehearsal: Current line 37 belongs to block: block-1750414608641-4-h7grxu7mu24-part-1 Array(5)
 Rehearsal: New line 35 belongs to block: block-1750414608641-4-h7grxu7mu24-part-1 Array(5)
 Rehearsal: Same block (block-1750414608641-4-h7grxu7mu24-part-1), updating active line from 37 to 35
 [SETACTIVE] Called with index 35. Current style: rehearsal
 Rehearsal mode: Setting active line 35
 Activating rehearsal line at index 35
 BlockLoopControl: Активный блок изменился
 BlockLoopControl: _createLoopButtonForCurrentBlock called
 BlockLoopControl: lyricsDisplay.currentActiveBlock: Object
 BlockLoopControl: lyricsDisplay.textBlocks: Array(11)
 BlockLoopControl: Создаем кнопку для активного блока репетиции: Block 5 (продолжение 2)
 BlockLoopControl: _createLoopButton called for block: Block 5 (продолжение 2)
 BlockLoopControl: blockElement found: true
 BlockLoopControl: Кнопка создана для блока: Block 5 (продолжение 2)
 ⏰ СИНХРО: Позиция установлена 107.11с
 Rehearsal: Line changing from 35 to 32
 Splitting block "Block 2" (9 lines) into 2 parts with ~5 lines each
   Part 1: lines 0-4 (5 lines)
   Part 2: lines 5-8 (4 lines)
 Splitting block "Block 3" (10 lines) into 2 parts with ~5 lines each
   Part 1: lines 0-4 (5 lines)
   Part 2: lines 5-9 (5 lines)
 Splitting block "Block 5" (10 lines) into 2 parts with ~5 lines each
   Part 1: lines 0-4 (5 lines)
   Part 2: lines 5-9 (5 lines)
 Splitting block "Block 6" (10 lines) into 2 parts with ~5 lines each
   Part 1: lines 0-4 (5 lines)
   Part 2: lines 5-9 (5 lines)
 Splitting block "Block 10" (9 lines) into 2 parts with ~5 lines each
   Part 1: lines 0-4 (5 lines)
   Part 2: lines 5-8 (4 lines)
 Rehearsal: Current line 35 belongs to block: block-1750414608641-4-h7grxu7mu24-part-1 Array(5)
 Rehearsal: New line 32 belongs to block: block-1750414608641-4-h7grxu7mu24-part-0 Array(5)
 Rehearsal: *** BLOCK CHANGED *** from block-1750414608641-4-h7grxu7mu24-part-1 to block-1750414608641-4-h7grxu7mu24-part-0
 Rehearsal: Line changed from 35 to 32
 Rehearsal: Current block lines: Array(5)
 Rehearsal: New block lines: Array(5)
 Splitting block "Block 2" (9 lines) into 2 parts with ~5 lines each
   Part 1: lines 0-4 (5 lines)
   Part 2: lines 5-8 (4 lines)
 Splitting block "Block 3" (10 lines) into 2 parts with ~5 lines each
   Part 1: lines 0-4 (5 lines)
   Part 2: lines 5-9 (5 lines)
 Splitting block "Block 5" (10 lines) into 2 parts with ~5 lines each
   Part 1: lines 0-4 (5 lines)
   Part 2: lines 5-9 (5 lines)
 Splitting block "Block 6" (10 lines) into 2 parts with ~5 lines each
   Part 1: lines 0-4 (5 lines)
   Part 2: lines 5-9 (5 lines)
 Splitting block "Block 10" (9 lines) into 2 parts with ~5 lines each
   Part 1: lines 0-4 (5 lines)
   Part 2: lines 5-8 (4 lines)
 Rehearsal: Current line: 32, Total blocks: 16
 Rehearsal: DETAILED Block structure:
   Block 0 (block-1750414608639-0-ypcffvlnwc): name="Block 1", lines=[0,1,2,3,4]
     Content preview: "Just gonna stand there and watch me burn?
Well, that's alright because I like the way it hurts
Just "
       Line 0: "Just gonna stand there and watch me burn?"
       Line 1: "Well, that's alright because I like the way it hurts"
       Line 2: "Just gonna stand there and hear me cry?"
       Line 3: "Well, that's alright because I love the way you lie"
       Line 4: "I love the way you lie"
   Block 1 (block-1750414608640-1-7zatky019lm-part-0): name="Block 2", lines=[5,6,7,8,9]
     Content preview: "I can't tell you what it really is
I can only tell you what it feels like
And right now, there's a s"
       Line 5: "I can't tell you what it really is"
       Line 6: "I can only tell you what it feels like"
       Line 7: "And right now, there's a steel knife in my windpipe"
       Line 8: "I can't breathe, but I still fight while I can fight"
       Line 9: "As long as the wrong feels right, it's like I'm in flight"
   Block 2 (block-1750414608640-1-7zatky019lm-part-1): name="Block 2 (продолжение 2)", lines=[10,11,12,13]
     Content preview: "High off her love, drunk from her hate
It's like I'm huffin' paint, and I love her the more I suffer"
       Line 10: "High off her love, drunk from her hate"
       Line 11: "It's like I'm huffin' paint, and I love her the more I suffer, I suffocate"
       Line 12: "And right before I'm about to drown, she resuscitates me"
       Line 13: "She f- hates me, and I love it"
   Block 3 (block-1750414608640-2-q5bsgipos4a-part-0): name="Block 3", lines=[14,15,16,17,18]
     Content preview: ""Wait! Where you going?" "I'm leaving you"
"No, you ain't, come back"
We're running right back, here"
       Line 14: ""Wait! Where you going?" "I'm leaving you""
       Line 15: ""No, you ain't, come back""
       Line 16: "We're running right back, here we go again"
       Line 17: "It's so insane 'cause when it's going good, it's going great"
       Line 18: "I'm Superman with the wind at his back, she's Lois Lane"
   Block 4 (block-1750414608640-2-q5bsgipos4a-part-1): name="Block 3 (продолжение 2)", lines=[19,20,21,22,23]
     Content preview: "But when it's bad, it's awful
I feel so ashamed, I snapped, "Who's that dude?"
I don't even know his"
       Line 19: "But when it's bad, it's awful"
       Line 20: "I feel so ashamed, I snapped, "Who's that dude?""
       Line 21: "I don't even know his name"
       Line 22: "I laid hands on her, I'll never stoop so low again"
       Line 23: "I guess I don't know my own strength"
   Block 5 (block-1750414608640-3-zl4hcpnkfho): name="Block 4", lines=[24,25,26,27,28,29]
     Content preview: "Just gonna stand there and watch me burn?
Well, that's alright because I like the way it hurts
Just "
       Line 24: "Just gonna stand there and watch me burn?"
       Line 25: "Well, that's alright because I like the way it hurts"
       Line 26: "Just gonna stand there and hear me cry?"
       Line 27: "Well, that's alright because I love the way you lie"
       Line 28: "I love the way you lie"
       Line 29: "I love the way you lie"
   Block 6 (block-1750414608641-4-h7grxu7mu24-part-0): name="Block 5", lines=[30,31,32,33,34]
     Content preview: "You ever loved somebody so much
You can barely breathe when you're with 'em?
You meet and neither on"
       Line 30: "You ever loved somebody so much"
       Line 31: "You can barely breathe when you're with 'em?"
       Line 32: "You meet and neither one of you even know what hit 'em"
       Line 33: "Got that warm fuzzy feelin', yeah, them chills, used to get 'em"
       Line 34: "Now you're gettin' f- sick of lookin' at 'em?"
   Block 7 (block-1750414608641-4-h7grxu7mu24-part-1): name="Block 5 (продолжение 2)", lines=[35,36,37,38,39]
     Content preview: "You swore you'd never hit 'em, never do nothin' to hurt 'em
Now you're in each other's face, spewin'"
       Line 35: "You swore you'd never hit 'em, never do nothin' to hurt 'em"
       Line 36: "Now you're in each other's face, spewin' venom in your words when you spit 'em"
       Line 37: "You push, pull each other's hair, scratch, claw, bit 'em"
       Line 38: "Throw 'em down, pin 'em"
       Line 39: "So lost in them moments when you're in 'em"
   Block 8 (block-1750414608642-5-mruc0mjwti-part-0): name="Block 6", lines=[40,41,42,43,44]
     Content preview: "It's the rage that took over, it controls you both
So they say you're best to go your separate ways
"
       Line 40: "It's the rage that took over, it controls you both"
       Line 41: "So they say you're best to go your separate ways"
       Line 42: "Guess that they don't know you 'cause today, that was yesterday"
       Line 43: "Yesterday is over, it's a different day"
       Line 44: "Sound like broken records playin' over, but you promised her"
   Block 9 (block-1750414608642-5-mruc0mjwti-part-1): name="Block 6 (продолжение 2)", lines=[45,46,47,48,49]
     Content preview: "Next time, you'll show restraint
You don't get another chance
Life is no Nintendo game, but you lied"
       Line 45: "Next time, you'll show restraint"
       Line 46: "You don't get another chance"
       Line 47: "Life is no Nintendo game, but you lied again"
       Line 48: "Now you get to watch her leave out the window"
       Line 49: "Guess that's why they call it windowpane"
   Block 10 (block-1750414608642-6-thsq2g45ng): name="Block 7", lines=[50,51,52,53,54]
     Content preview: "Just gonna stand there and watch me burn?
Well, that's alright because I like the way it hurts
Just "
       Line 50: "Just gonna stand there and watch me burn?"
       Line 51: "Well, that's alright because I like the way it hurts"
       Line 52: "Just gonna stand there and hear me cry?"
       Line 53: "Well, that's alright because I love the way you lie"
       Line 54: "I love the way you lie"
   Block 11 (block-1750414608643-7-6yiznjq4t3n): name="Block 8", lines=[55]
     Content preview: "I love the way you lie"
       Line 55: "I love the way you lie"
   Block 12 (block-1750414608643-8-8j094shwwsa): name="Block 9", lines=[56,57,58,59,60,61,62,63]
     Content preview: "Now I know we said things, did things that we didn't mean
Then we fall back into the same patterns, "
       Line 56: "Now I know we said things, did things that we didn't mean"
       Line 57: "Then we fall back into the same patterns, same routine"
       Line 58: "But your temper's just as bad as mine is"
       Line 59: "You're the same as me, when it comes to love, you're just as blinded"
       Line 60: "Baby, please come back, it wasn't you, baby, it was me"
       Line 61: "Maybe our relationship isn't as crazy as it seems"
       Line 62: "Maybe that's what happens when a tornado meets a volcano"
       Line 63: "All I know is I love you too much to walk away, though"
   Block 13 (block-1750414608643-9-6iiwftt1kwq-part-0): name="Block 10", lines=[64,65,66,67,68]
     Content preview: "Come inside, pick up your bags off the sidewalk
Don't you hear sincerity in my voice when I talk?
To"
       Line 64: "Come inside, pick up your bags off the sidewalk"
       Line 65: "Don't you hear sincerity in my voice when I talk?"
       Line 66: "Told you this is my fault, look me in the eyeball"
       Line 67: "Next time I'm p-, I'll aim my fist at the drywall"
       Line 68: ""Next time? There won't be no next time""
   Block 14 (block-1750414608643-9-6iiwftt1kwq-part-1): name="Block 10 (продолжение 2)", lines=[69,70,71,72]
     Content preview: "I apologize, even though I know it's lies
I'm tired of the games, I just want her back
I know I'm a "
       Line 69: "I apologize, even though I know it's lies"
       Line 70: "I'm tired of the games, I just want her back"
       Line 71: "I know I'm a liar, if she ever tries to f- leave again"
       Line 72: "I'ma tie her to the bed and set this house on fire"
   Block 15 (block-1750414608643-10-si5i4izc80d): name="Block 11", lines=[73,74,75,76,77,78]
     Content preview: "Just gonna stand there and watch me burn?
Well, that's alright because I like the way it hurts
Just "
       Line 73: "Just gonna stand there and watch me burn?"
       Line 74: "Well, that's alright because I like the way it hurts"
       Line 75: "Just gonna stand there and hear me cry?"
       Line 76: "Well, that's alright, because I love the way you lie"
       Line 77: "I love the way you lie"
       Line 78: "I love the way you lie"
 Rehearsal: Looking for block containing line 32
   Checking block 0: lineIndices=[0,1,2,3,4]
   ✗ Block 0 does NOT contain line 32
   Checking block 1: lineIndices=[5,6,7,8,9]
   ✗ Block 1 does NOT contain line 32
   Checking block 2: lineIndices=[10,11,12,13]
   ✗ Block 2 does NOT contain line 32
   Checking block 3: lineIndices=[14,15,16,17,18]
   ✗ Block 3 does NOT contain line 32
   Checking block 4: lineIndices=[19,20,21,22,23]
   ✗ Block 4 does NOT contain line 32
   Checking block 5: lineIndices=[24,25,26,27,28,29]
   ✗ Block 5 does NOT contain line 32
   Checking block 6: lineIndices=[30,31,32,33,34]
   ✓ Found! Block 6 contains line 32
 Rehearsal: Found active block at index 6 with lines: Array(5)
 Rehearsal: Active block 6: Object
 >>> FONT_CALC_DEBUG >>> Lines: 5, FontSize: 2.66rem, LineHeight: 3.23rem
 Rehearsal: Activated line 32 in block with transition: none
 Rehearsal: Next block preview for block 7: Object
 Rehearsal: Preview lines: Array(2)
 Rehearsal: Adding preview line 35: "You swore you'd never hit 'em, never do nothin' to hurt 'em"
 Rehearsal: Adding preview line 36: "Now you're in each other's face, spewin' venom in your words when you spit 'em"
 Rehearsal: Preview container added with 2 lines
 Rehearsal mode: Rendered active block 6 with next block preview
 BlockLoopControl: Обновление для текущего блока
 BlockLoopControl: Блок изменился, останавливаем зацикливание
 BlockLoopControl: _createLoopButtonForCurrentBlock called
 BlockLoopControl: lyricsDisplay.currentActiveBlock: Object
 BlockLoopControl: lyricsDisplay.textBlocks: Array(11)
 BlockLoopControl: Создаем кнопку для активного блока репетиции: Block 5
 BlockLoopControl: _createLoopButton called for block: Block 5
 BlockLoopControl: blockElement found: true
 BlockLoopControl: Кнопка создана для блока: Block 5
 🔇 Глубокая тишина - очистка нот
 🛑 Принудительная остановка всех нот (deep_silence), активных: 1
 Rehearsal: Line changing from 32 to 33
 Splitting block "Block 2" (9 lines) into 2 parts with ~5 lines each
   Part 1: lines 0-4 (5 lines)
   Part 2: lines 5-8 (4 lines)
 Splitting block "Block 3" (10 lines) into 2 parts with ~5 lines each
   Part 1: lines 0-4 (5 lines)
   Part 2: lines 5-9 (5 lines)
 Splitting block "Block 5" (10 lines) into 2 parts with ~5 lines each
   Part 1: lines 0-4 (5 lines)
   Part 2: lines 5-9 (5 lines)
 Splitting block "Block 6" (10 lines) into 2 parts with ~5 lines each
   Part 1: lines 0-4 (5 lines)
   Part 2: lines 5-9 (5 lines)
 Splitting block "Block 10" (9 lines) into 2 parts with ~5 lines each
   Part 1: lines 0-4 (5 lines)
   Part 2: lines 5-8 (4 lines)
 Rehearsal: Current line 32 belongs to block: block-1750414608641-4-h7grxu7mu24-part-0 Array(5)
 Rehearsal: New line 33 belongs to block: block-1750414608641-4-h7grxu7mu24-part-0 Array(5)
 Rehearsal: Same block (block-1750414608641-4-h7grxu7mu24-part-0), updating active line from 32 to 33
 [SETACTIVE] Called with index 33. Current style: rehearsal
 Rehearsal mode: Setting active line 33
 Activating rehearsal line at index 33
 BlockLoopControl: Активный блок изменился
 BlockLoopControl: _createLoopButtonForCurrentBlock called
 BlockLoopControl: lyricsDisplay.currentActiveBlock: Object
 BlockLoopControl: lyricsDisplay.textBlocks: Array(11)
 BlockLoopControl: Создаем кнопку для активного блока репетиции: Block 5
 BlockLoopControl: _createLoopButton called for block: Block 5
 BlockLoopControl: blockElement found: true
 BlockLoopControl: Кнопка создана для блока: Block 5
 🔇 Глубокая тишина - очистка нот
 🛑 Принудительная остановка всех нот (deep_silence), активных: 1
 🔇 Глубокая тишина - очистка нот
 🛑 Принудительная остановка всех нот (deep_silence), активных: 1
 Rehearsal: Line changing from 33 to 34
 Splitting block "Block 2" (9 lines) into 2 parts with ~5 lines each
   Part 1: lines 0-4 (5 lines)
   Part 2: lines 5-8 (4 lines)
 Splitting block "Block 3" (10 lines) into 2 parts with ~5 lines each
   Part 1: lines 0-4 (5 lines)
   Part 2: lines 5-9 (5 lines)
 Splitting block "Block 5" (10 lines) into 2 parts with ~5 lines each
   Part 1: lines 0-4 (5 lines)
   Part 2: lines 5-9 (5 lines)
 Splitting block "Block 6" (10 lines) into 2 parts with ~5 lines each
   Part 1: lines 0-4 (5 lines)
   Part 2: lines 5-9 (5 lines)
 Splitting block "Block 10" (9 lines) into 2 parts with ~5 lines each
   Part 1: lines 0-4 (5 lines)
   Part 2: lines 5-8 (4 lines)
 Rehearsal: Current line 33 belongs to block: block-1750414608641-4-h7grxu7mu24-part-0 Array(5)
 Rehearsal: New line 34 belongs to block: block-1750414608641-4-h7grxu7mu24-part-0 Array(5)
 Rehearsal: Same block (block-1750414608641-4-h7grxu7mu24-part-0), updating active line from 33 to 34
 [SETACTIVE] Called with index 34. Current style: rehearsal
 Rehearsal mode: Setting active line 34
 Activating rehearsal line at index 34
 BlockLoopControl: Активный блок изменился
 BlockLoopControl: _createLoopButtonForCurrentBlock called
 BlockLoopControl: lyricsDisplay.currentActiveBlock: Object
 BlockLoopControl: lyricsDisplay.textBlocks: Array(11)
 BlockLoopControl: Создаем кнопку для активного блока репетиции: Block 5
 BlockLoopControl: _createLoopButton called for block: Block 5
 BlockLoopControl: blockElement found: true
 BlockLoopControl: Кнопка создана для блока: Block 5
 🔇 Глубокая тишина - очистка нот
 🛑 Принудительная остановка всех нот (deep_silence), активных: 1
 🔇 Глубокая тишина - очистка нот
 🛑 Принудительная остановка всех нот (deep_silence), активных: 1
 🔇 Глубокая тишина - очистка нот
 🛑 Принудительная остановка всех нот (deep_silence), активных: 1
 Rehearsal: Line changing from 34 to 35
 Splitting block "Block 2" (9 lines) into 2 parts with ~5 lines each
   Part 1: lines 0-4 (5 lines)
   Part 2: lines 5-8 (4 lines)
 Splitting block "Block 3" (10 lines) into 2 parts with ~5 lines each
   Part 1: lines 0-4 (5 lines)
   Part 2: lines 5-9 (5 lines)
 Splitting block "Block 5" (10 lines) into 2 parts with ~5 lines each
   Part 1: lines 0-4 (5 lines)
   Part 2: lines 5-9 (5 lines)
 Splitting block "Block 6" (10 lines) into 2 parts with ~5 lines each
   Part 1: lines 0-4 (5 lines)
   Part 2: lines 5-9 (5 lines)
 Splitting block "Block 10" (9 lines) into 2 parts with ~5 lines each
   Part 1: lines 0-4 (5 lines)
   Part 2: lines 5-8 (4 lines)
 Rehearsal: Current line 34 belongs to block: block-1750414608641-4-h7grxu7mu24-part-0 Array(5)
 Rehearsal: New line 35 belongs to block: block-1750414608641-4-h7grxu7mu24-part-1 Array(5)
 Rehearsal: *** BLOCK CHANGED *** from block-1750414608641-4-h7grxu7mu24-part-0 to block-1750414608641-4-h7grxu7mu24-part-1
 Rehearsal: Line changed from 34 to 35
 Rehearsal: Current block lines: Array(5)
 Rehearsal: New block lines: Array(5)
 Splitting block "Block 2" (9 lines) into 2 parts with ~5 lines each
   Part 1: lines 0-4 (5 lines)
   Part 2: lines 5-8 (4 lines)
 Splitting block "Block 3" (10 lines) into 2 parts with ~5 lines each
   Part 1: lines 0-4 (5 lines)
   Part 2: lines 5-9 (5 lines)
 Splitting block "Block 5" (10 lines) into 2 parts with ~5 lines each
   Part 1: lines 0-4 (5 lines)
   Part 2: lines 5-9 (5 lines)
 Splitting block "Block 6" (10 lines) into 2 parts with ~5 lines each
   Part 1: lines 0-4 (5 lines)
   Part 2: lines 5-9 (5 lines)
 Splitting block "Block 10" (9 lines) into 2 parts with ~5 lines each
   Part 1: lines 0-4 (5 lines)
   Part 2: lines 5-8 (4 lines)
 Rehearsal: Current line: 35, Total blocks: 16
 Rehearsal: DETAILED Block structure:
   Block 0 (block-1750414608639-0-ypcffvlnwc): name="Block 1", lines=[0,1,2,3,4]
     Content preview: "Just gonna stand there and watch me burn?
Well, that's alright because I like the way it hurts
Just "
       Line 0: "Just gonna stand there and watch me burn?"
       Line 1: "Well, that's alright because I like the way it hurts"
       Line 2: "Just gonna stand there and hear me cry?"
       Line 3: "Well, that's alright because I love the way you lie"
       Line 4: "I love the way you lie"
   Block 1 (block-1750414608640-1-7zatky019lm-part-0): name="Block 2", lines=[5,6,7,8,9]
     Content preview: "I can't tell you what it really is
I can only tell you what it feels like
And right now, there's a s"
       Line 5: "I can't tell you what it really is"
       Line 6: "I can only tell you what it feels like"
       Line 7: "And right now, there's a steel knife in my windpipe"
       Line 8: "I can't breathe, but I still fight while I can fight"
       Line 9: "As long as the wrong feels right, it's like I'm in flight"
   Block 2 (block-1750414608640-1-7zatky019lm-part-1): name="Block 2 (продолжение 2)", lines=[10,11,12,13]
     Content preview: "High off her love, drunk from her hate
It's like I'm huffin' paint, and I love her the more I suffer"
       Line 10: "High off her love, drunk from her hate"
       Line 11: "It's like I'm huffin' paint, and I love her the more I suffer, I suffocate"
       Line 12: "And right before I'm about to drown, she resuscitates me"
       Line 13: "She f- hates me, and I love it"
   Block 3 (block-1750414608640-2-q5bsgipos4a-part-0): name="Block 3", lines=[14,15,16,17,18]
     Content preview: ""Wait! Where you going?" "I'm leaving you"
"No, you ain't, come back"
We're running right back, here"
       Line 14: ""Wait! Where you going?" "I'm leaving you""
       Line 15: ""No, you ain't, come back""
       Line 16: "We're running right back, here we go again"
       Line 17: "It's so insane 'cause when it's going good, it's going great"
       Line 18: "I'm Superman with the wind at his back, she's Lois Lane"
   Block 4 (block-1750414608640-2-q5bsgipos4a-part-1): name="Block 3 (продолжение 2)", lines=[19,20,21,22,23]
     Content preview: "But when it's bad, it's awful
I feel so ashamed, I snapped, "Who's that dude?"
I don't even know his"
       Line 19: "But when it's bad, it's awful"
       Line 20: "I feel so ashamed, I snapped, "Who's that dude?""
       Line 21: "I don't even know his name"
       Line 22: "I laid hands on her, I'll never stoop so low again"
       Line 23: "I guess I don't know my own strength"
   Block 5 (block-1750414608640-3-zl4hcpnkfho): name="Block 4", lines=[24,25,26,27,28,29]
     Content preview: "Just gonna stand there and watch me burn?
Well, that's alright because I like the way it hurts
Just "
       Line 24: "Just gonna stand there and watch me burn?"
       Line 25: "Well, that's alright because I like the way it hurts"
       Line 26: "Just gonna stand there and hear me cry?"
       Line 27: "Well, that's alright because I love the way you lie"
       Line 28: "I love the way you lie"
       Line 29: "I love the way you lie"
   Block 6 (block-1750414608641-4-h7grxu7mu24-part-0): name="Block 5", lines=[30,31,32,33,34]
     Content preview: "You ever loved somebody so much
You can barely breathe when you're with 'em?
You meet and neither on"
       Line 30: "You ever loved somebody so much"
       Line 31: "You can barely breathe when you're with 'em?"
       Line 32: "You meet and neither one of you even know what hit 'em"
       Line 33: "Got that warm fuzzy feelin', yeah, them chills, used to get 'em"
       Line 34: "Now you're gettin' f- sick of lookin' at 'em?"
   Block 7 (block-1750414608641-4-h7grxu7mu24-part-1): name="Block 5 (продолжение 2)", lines=[35,36,37,38,39]
     Content preview: "You swore you'd never hit 'em, never do nothin' to hurt 'em
Now you're in each other's face, spewin'"
       Line 35: "You swore you'd never hit 'em, never do nothin' to hurt 'em"
       Line 36: "Now you're in each other's face, spewin' venom in your words when you spit 'em"
       Line 37: "You push, pull each other's hair, scratch, claw, bit 'em"
       Line 38: "Throw 'em down, pin 'em"
       Line 39: "So lost in them moments when you're in 'em"
   Block 8 (block-1750414608642-5-mruc0mjwti-part-0): name="Block 6", lines=[40,41,42,43,44]
     Content preview: "It's the rage that took over, it controls you both
So they say you're best to go your separate ways
"
       Line 40: "It's the rage that took over, it controls you both"
       Line 41: "So they say you're best to go your separate ways"
       Line 42: "Guess that they don't know you 'cause today, that was yesterday"
       Line 43: "Yesterday is over, it's a different day"
       Line 44: "Sound like broken records playin' over, but you promised her"
   Block 9 (block-1750414608642-5-mruc0mjwti-part-1): name="Block 6 (продолжение 2)", lines=[45,46,47,48,49]
     Content preview: "Next time, you'll show restraint
You don't get another chance
Life is no Nintendo game, but you lied"
       Line 45: "Next time, you'll show restraint"
       Line 46: "You don't get another chance"
       Line 47: "Life is no Nintendo game, but you lied again"
       Line 48: "Now you get to watch her leave out the window"
       Line 49: "Guess that's why they call it windowpane"
   Block 10 (block-1750414608642-6-thsq2g45ng): name="Block 7", lines=[50,51,52,53,54]
     Content preview: "Just gonna stand there and watch me burn?
Well, that's alright because I like the way it hurts
Just "
       Line 50: "Just gonna stand there and watch me burn?"
       Line 51: "Well, that's alright because I like the way it hurts"
       Line 52: "Just gonna stand there and hear me cry?"
       Line 53: "Well, that's alright because I love the way you lie"
       Line 54: "I love the way you lie"
   Block 11 (block-1750414608643-7-6yiznjq4t3n): name="Block 8", lines=[55]
     Content preview: "I love the way you lie"
       Line 55: "I love the way you lie"
   Block 12 (block-1750414608643-8-8j094shwwsa): name="Block 9", lines=[56,57,58,59,60,61,62,63]
     Content preview: "Now I know we said things, did things that we didn't mean
Then we fall back into the same patterns, "
       Line 56: "Now I know we said things, did things that we didn't mean"
       Line 57: "Then we fall back into the same patterns, same routine"
       Line 58: "But your temper's just as bad as mine is"
       Line 59: "You're the same as me, when it comes to love, you're just as blinded"
       Line 60: "Baby, please come back, it wasn't you, baby, it was me"
       Line 61: "Maybe our relationship isn't as crazy as it seems"
       Line 62: "Maybe that's what happens when a tornado meets a volcano"
       Line 63: "All I know is I love you too much to walk away, though"
   Block 13 (block-1750414608643-9-6iiwftt1kwq-part-0): name="Block 10", lines=[64,65,66,67,68]
     Content preview: "Come inside, pick up your bags off the sidewalk
Don't you hear sincerity in my voice when I talk?
To"
       Line 64: "Come inside, pick up your bags off the sidewalk"
       Line 65: "Don't you hear sincerity in my voice when I talk?"
       Line 66: "Told you this is my fault, look me in the eyeball"
       Line 67: "Next time I'm p-, I'll aim my fist at the drywall"
rtf-parser.js:849       Line 68: ""Next time? There won't be no next time""
rtf-parser.js:849   Block 14 (block-1750414608643-9-6iiwftt1kwq-part-1): name="Block 10 (продолжение 2)", lines=[69,70,71,72]
rtf-parser.js:849     Content preview: "I apologize, even though I know it's lies
I'm tired of the games, I just want her back
I know I'm a "
rtf-parser.js:849       Line 69: "I apologize, even though I know it's lies"
rtf-parser.js:849       Line 70: "I'm tired of the games, I just want her back"
rtf-parser.js:849       Line 71: "I know I'm a liar, if she ever tries to f- leave again"
rtf-parser.js:849       Line 72: "I'ma tie her to the bed and set this house on fire"
rtf-parser.js:849   Block 15 (block-1750414608643-10-si5i4izc80d): name="Block 11", lines=[73,74,75,76,77,78]
rtf-parser.js:849     Content preview: "Just gonna stand there and watch me burn?
Well, that's alright because I like the way it hurts
Just "
rtf-parser.js:849       Line 73: "Just gonna stand there and watch me burn?"
rtf-parser.js:849       Line 74: "Well, that's alright because I like the way it hurts"
rtf-parser.js:849       Line 75: "Just gonna stand there and hear me cry?"
rtf-parser.js:849       Line 76: "Well, that's alright, because I love the way you lie"
rtf-parser.js:849       Line 77: "I love the way you lie"
rtf-parser.js:849       Line 78: "I love the way you lie"
rtf-parser.js:849 Rehearsal: Looking for block containing line 35
rtf-parser.js:849   Checking block 0: lineIndices=[0,1,2,3,4]
rtf-parser.js:849   ✗ Block 0 does NOT contain line 35
rtf-parser.js:849   Checking block 1: lineIndices=[5,6,7,8,9]
rtf-parser.js:849   ✗ Block 1 does NOT contain line 35
rtf-parser.js:849   Checking block 2: lineIndices=[10,11,12,13]
rtf-parser.js:849   ✗ Block 2 does NOT contain line 35
rtf-parser.js:849   Checking block 3: lineIndices=[14,15,16,17,18]
rtf-parser.js:849   ✗ Block 3 does NOT contain line 35
rtf-parser.js:849   Checking block 4: lineIndices=[19,20,21,22,23]
rtf-parser.js:849   ✗ Block 4 does NOT contain line 35
rtf-parser.js:849   Checking block 5: lineIndices=[24,25,26,27,28,29]
rtf-parser.js:849   ✗ Block 5 does NOT contain line 35
rtf-parser.js:849   Checking block 6: lineIndices=[30,31,32,33,34]
rtf-parser.js:849   ✗ Block 6 does NOT contain line 35
rtf-parser.js:849   Checking block 7: lineIndices=[35,36,37,38,39]
rtf-parser.js:849   ✓ Found! Block 7 contains line 35
rtf-parser.js:849 Rehearsal: Found active block at index 7 with lines: Array(5)
rtf-parser.js:849 Rehearsal: Active block 7: Object
rtf-parser.js:849 >>> FONT_CALC_DEBUG >>> Lines: 5, FontSize: 2.66rem, LineHeight: 3.23rem
rtf-parser.js:849 Rehearsal: Activated line 35 in block with transition: none
rtf-parser.js:849 Rehearsal: Next block preview for block 8: Object
rtf-parser.js:849 Rehearsal: Preview lines: Array(2)
rtf-parser.js:849 Rehearsal: Adding preview line 40: "It's the rage that took over, it controls you both"
rtf-parser.js:849 Rehearsal: Adding preview line 41: "So they say you're best to go your separate ways"
rtf-parser.js:849 Rehearsal: Preview container added with 2 lines
rtf-parser.js:849 Rehearsal mode: Rendered active block 7 with next block preview
rtf-parser.js:849 BlockLoopControl: Обновление для текущего блока
rtf-parser.js:849 BlockLoopControl: Блок изменился, останавливаем зацикливание
rtf-parser.js:849 BlockLoopControl: _createLoopButtonForCurrentBlock called
rtf-parser.js:849 BlockLoopControl: lyricsDisplay.currentActiveBlock: Object
rtf-parser.js:849 BlockLoopControl: lyricsDisplay.textBlocks: Array(11)
rtf-parser.js:849 BlockLoopControl: Создаем кнопку для активного блока репетиции: Block 5 (продолжение 2)
rtf-parser.js:849 BlockLoopControl: _createLoopButton called for block: Block 5 (продолжение 2)
rtf-parser.js:849 BlockLoopControl: blockElement found: true
rtf-parser.js:849 BlockLoopControl: Кнопка создана для блока: Block 5 (продолжение 2)
rtf-parser.js:849 Key pressed: ShiftLeft
rtf-parser.js:849 Key pressed: Shift, key code: 16, waveform active: false
rtf-parser.js:849 LoopBlockManager: Shift key pressed, multiple selection mode active
rtf-parser.js:849 Key pressed: MetaLeft
rtf-parser.js:849 Key pressed: Meta, key code: 91, waveform active: false
rtf-parser.js:849 LoopBlockManager: Shift key released, multiple selection mode deactivated
rtf-parser.js:849 🔇 Глубокая тишина - очистка нот
rtf-parser.js:849 🛑 Принудительная остановка всех нот (deep_silence), активных: 1
rtf-parser.js:849 🔇 Глубокая тишина - очистка нот
rtf-parser.js:849 🛑 Принудительная остановка всех нот (deep_silence), активных: 1
rtf-parser.js:849 🎯 Высокая ясность (93.0%) - принимаем возможную гармонику: 145.9Hz
rtf-parser.js:849 🎯 Высокая ясность (92.9%) - принимаем возможную гармонику: 291.3Hz
rtf-parser.js:849 🚫 Октавный скачок заблокирован: 145.9Hz → 291.3Hz за 12мс (ratio: 2.00)
rtf-parser.js:849 🚫 Октавный скачок заблокирован: 145.9Hz → 291.0Hz за 37мс (ratio: 1.99)
rtf-parser.js:849 ✅ Октавный переход разрешен: 145.9Hz → 290.6Hz за 54мс (ratio: 1.99)
rtf-parser.js:849 Key pressed: Space
rtf-parser.js:849 Space bar pressed, toggling playback
rtf-parser.js:849 ⏸️ ИНСТРУМЕНТАЛ: Пауза
rtf-parser.js:849 ⏸️ ВОКАЛ: Пауза
rtf-parser.js:849 isPlaying property set to: false
rtf-parser.js:849 Key pressed:  , key code: 32, waveform active: false
rtf-parser.js:849 🔍 Статический анализ: 289.0Hz (54.4%)
rtf-parser.js:849 Key pressed: AltLeft
rtf-parser.js:849 Key pressed: Alt, key code: 18, waveform active: false
rtf-parser.js:849 Key pressed: MetaLeft
rtf-parser.js:849 Key pressed: Meta, key code: 91, waveform active: false
rtf-parser.js:849 Key pressed: KeyJ
rtf-parser.js:849 Key pressed: j, key code: 74, waveform active: false
