 🔧 DEBUG_CONFIG загружен. Используйте toggleDebugLogs(true) для включения логов
 📦 Utils module loaded
 StateManager initialized
 📦 StateManager module loaded
 🚀 AudioEngine (Hybrid Engine) - Гибридная архитектура восстановлена
 Space bar handler attached
 LyricsDisplay initialized
 RtfParserAdapter: Инициализация
 - EnhancedRtfProcessor доступен: true
 - Стандартный RtfParser доступен: true
 TrackCatalog initialized
 MarkerManager initialized
 WaveformEditor loaded
 WaveformEditor initialized
 BlockLoopControl: Класс загружен
 TrackCatalog: _finalizeUploadFromBlockEditor CALLED - should be obsolete now.
 RTF Parser Integration: Инициализация интеграции улучшенного RTF-парсера (после определения объекта)
 RTF Parser Integration: Начало интеграции
 RTF Parser Integration: TrackCatalog уже использует RtfParserAdapter если он доступен
 RTF Parser Integration: Интеграция завершена успешно
 🎹 Инициализация клавиатуры...
 LiveFeed module loaded (placeholder)
 Загружено 5 треков из базы данных
 ✅ Pitchy библиотека загружена в beLive
 LiveMode: Автоматическая инициализация при загрузке документа
 LiveMode: Создание нового экземпляра
 LiveMode: Маски инициализированы без использования изображений
 LiveMode: getUserMedia поддерживается: true
 LiveMode: Безопасный контекст: true
 LiveMode: Определен localhost, разрешен HTTP
 LiveMode: Метод toggleStreaming не найден и не может быть привязан
(анонимная) @ live-mode.js:521
 LiveMode: Базовая инициализация завершена
 LiveMode: Предварительная инициализация камеры...
 LiveMode: экземпляр создан
 LiveFeed initialized
 DOM content loaded, waiting for components
 ✅ Pitchy готов для точной детекции
 🎹 Кнопка найдена
 🔗 Настройка интеграции для точной детекции...
 🎤 Статус для точной детекции: false
 🎯 КАЛИБРОВКА: A4 = 440.00Hz (должно быть 440.00Hz)
 🎹 Создано 48 клавиш для точной детекции
 🎹 Piano Keyboard инициализирован
 Проверка треков завершена успешно, проблем не обнаружено
 All components ready, initializing app...
 Initializing beLive App
 WordAlignerV2 not found, creating placeholder
App @ app.js:45
 LyricsDisplay: Setting style to Стандартный
 Rendering lyrics. Current style ID: default
 Applied style 'Стандартный'
 TextStyleManager: Проверка доступности LiveMode...
 TextStyleManager: Класс LiveMode найден, предварительная инициализация камеры...
 TextStyleManager: LiveMode уже инициализирован
 TextStyleManager initialized with 8 styles and 29 total transitions
 Text style manager initialized
 Initializing Microphone UI...
 Microphone UI initialized using existing DOM elements.
 LoopBlockManager: Checking audio initialization...
 LoopBlockManager: Audio buffer or context not available (check 0)
_checkAudioAndInitialize @ loopblock-manager.js:137
 LoopBlockManager: Initializing sync listeners
 LoopBlockManager: progressBarContainer found - width: 1054.4375px, height: 10px, overflow: visible
 LoopBlockManager: progressBarContainer offsetWidth: 1054, offsetHeight: 10
 LoopBlockManager: progressBarContainer children: 3
 LoopBlockManager: Child 0: progress-bar-loaded, display: block, zIndex: 1
 LoopBlockManager: Child 1: progress-bar, display: block, zIndex: 2
 LoopBlockManager: Child 2: progress-tooltip, display: block, zIndex: 10
 LoopBlockManager initialized
 LoopBlockManager component ready
 BlockLoopControl: Инициализирован
 BlockLoopControl component ready
 🎭 MaskSystem: Инициализация продвинутой системы масок
 🎭 MaskSystem: Конструктор завершен
 🎭 MaskSystem создан
 🎭 MaskSystem component ready
 Initializing LoopBlock controls
 Audio not fully loaded yet, setting up delayed initialization
 🎭 MaskSystem: Обработчик кнопки подключен
 🚀 Инициализация Живой Ленты
 ✅ Живая Лента инициализирована
 🚀 Показываю Живую Ленту
 ✅ Живая Лента активирована
 beLive App initialized
 App initialized successfully
 🎭 MediaPipe: Начинаем загрузку библиотек...
 🎭 MediaPipe: Ожидание загрузки библиотек...
 🎭 MediaPipe: Все библиотеки загружены успешно
 🎭 MaskSystem: Официальный MediaPipe FaceMesh готов
 🏃 MaskSystem: MediaPipe Pose готов
 ✋ MaskSystem: MediaPipe Hands готов
 🤖 MaskSystem: MediaPipe Holistic готов
 🎨 MaskSystem: MediaPipe Selfie Segmentation готов
 🎭 MaskSystem: MediaPipe готов к использованию
 🎯 Background Effects Engine v2.0 инициализирован
 🔄 Инициализация Background Effects Engine...
 ✅ Background Effects Engine готов
 🎤 Запуск ТОЧНОГО анализа вокальной дорожки...
 🔊 Инициализация аудио для точной детекции...
 ✅ Используем audioEngine.audioContext
 ✅ Pitchy детектор готов для точной работы
 ✅ Подключен к ВОКАЛЬНОМУ узлу: GainNode
 ✅ ТОЧНЫЙ анализ запущен
 LiveMode: Запуск предварительной инициализации камеры
 LiveMode: Предварительная инициализация камеры...
 Application fully loaded, components initialized
 LoopBlockManager: Проверка доступности аудио (попытка 2/5)
 🎯 Начальная калибровка системы...
 🎯 ===== ЗАПУСК КАЛИБРОВОЧНЫХ ТЕСТОВ ПИТЧА =====
 📋 Тестируем расчет частот:
 ✅ C4: рассчитано=261.63Hz, ожидается=261.63Hz, ошибка=0.002%
 ✅ D4: рассчитано=293.66Hz, ожидается=293.66Hz, ошибка=0.002%
 ✅ E4: рассчитано=329.63Hz, ожидается=329.63Hz, ошибка=0.001%
 ✅ F4: рассчитано=349.23Hz, ожидается=349.23Hz, ошибка=0.001%
 ✅ G4: рассчитано=392.00Hz, ожидается=392Hz, ошибка=0.001%
 🎯 КАЛИБРОВКА: A4 = 440.00Hz (должно быть 440.00Hz)
 ✅ A4: рассчитано=440.00Hz, ожидается=440Hz, ошибка=0.000%
 ✅ B4: рассчитано=493.88Hz, ожидается=493.88Hz, ошибка=0.001%
 📋 Тестируем обратное преобразование:
 ✅ 261.63Hz → обнаружено="C4", ожидается="C4"
 ✅ 293.66Hz → обнаружено="D4", ожидается="D4"
 ✅ 329.63Hz → обнаружено="E4", ожидается="E4"
 ✅ 349.23Hz → обнаружено="F4", ожидается="F4"
 ✅ 392Hz → обнаружено="G4", ожидается="G4"
 ✅ 440Hz → обнаружено="A4", ожидается="A4"
 ✅ 493.88Hz → обнаружено="B4", ожидается="B4"
 📊 РЕЗУЛЬТАТЫ КАЛИБРОВКИ:
    Пройдено тестов: 14/14
    Процент успеха: 100.0%
    Средняя ошибка: 0.001%
 🎯 ✅ КАЛИБРОВКА ПИТЧА ПРОШЛА УСПЕШНО!
 🎯 ===== КАЛИБРОВОЧНЫЕ ТЕСТЫ ЗАВЕРШЕНЫ =====
 LoopBlockManager: Проверка доступности аудио (попытка 3/5)
 LoopBlockManager: Аудио не загружено после 5 попыток. Для работы функций зацикливания необходимо загрузить аудиофайл.
_checkAudioAgain @ loopblock-manager.js:219
 LiveMode: Доступ к камере получен при предварительной инициализации
 LiveMode: Получено 1 видеотреков. Активный: FaceTime HD Camera
 LiveMode: Предварительная инициализация камеры успешно завершена
 LiveMode: Доступ к камере получен при предварительной инициализации
 LiveMode: Получено 1 видеотреков. Активный: FaceTime HD Camera
 LiveMode: Предварительная инициализация камеры успешно завершена
 LiveMode: Предварительная инициализация камеры успешна
 🚀 Быстрый переход в режим: karaoke
 Switching to karaoke mode
 App: Сохраняем предыдущий режим: default
 Activating karaoke mode
 Karaoke Background Manager: Starting slideshow...
 Applying style: Караоке with scale 1.20
 TextStyleManager: Scaled font size from 1.4em to 1.68em
 LyricsDisplay: Setting style to Караоке
 [KARAOKE] DOM not found or empty in _renderLyrics, creating it.
 TextStyleManager: Scaled font size from 1.4em to 1.68em
 Applied style class to lyrics-container: style-karaoke
 🚀 Скрываю Живую Ленту
 ✅ Возврат в классический зал
 ✅ Karaoke Background Manager: SUCCESSFULLY set background to Karaoke/pexels-suvan-chowdhury-37305-144429.jpg
 TrackCatalog: openCatalog() called
 TrackCatalog: catalogContainer exists: true
 TrackCatalog: catalogContainer classes before: hidden
 TrackCatalog: catalogContainer classes after: 
 TrackCatalog: Catalog should now be visible
 🔄 Loading track: "Eminem feat. Rihanna-Love The Way You Lie [-]"
 🔄 StateManager: Starting HARD RESET of all components
 1. Resetting AudioEngine...
 AudioEngine: Starting reset...
 isPlaying property set to: false
 ⏹️ ГИБРИД: Остановлен и сброшен
 🧹 СПРИНТЕР: Ресурсы очищены
 AudioEngine: Reset completed successfully
 ✅ AudioEngine reset complete
 2. Resetting LyricsDisplay...
 💥 LyricsDisplay: Performing full reset.
 ✅ LyricsDisplay: Full reset complete. All lyric data and DOM elements cleared.
 ✅ LyricsDisplay full reset complete
 3. Resetting TextStyleManager...
 💥 TextStyleManager: Full reset initiated.
 ✅ TextStyleManager: Reset complete. All states and caches cleared.
 ✅ TextStyleManager reset complete.
 🎉 StateManager: HARD RESET completed successfully
 ✅ All components ready for new track
 ⏱️ HARD_RESET_TIME: 5.199951171875 ms
 TrackCatalog: Set waveformEditor.lastLoadedFile to Eminem Feat. Rihanna - Love The Way You Lie.rtf
 TrackCatalog: Set waveformEditor.currentTrackId to 1750226067980
 TrackCatalog: Found 11 blocks. Preparing them for rendering after audio load.
 LyricsDisplay: Loading 11 imported blocks.
 Block 0 loaded: id="block-1750359141437-0-fltjp6xdduk", name="Block 1", lines=5
 Block 1 loaded: id="block-1750359141437-1-sgalpmw2vud", name="Block 2", lines=9
 Block 2 loaded: id="block-1750359141438-2-jn14ivngifo", name="Block 3", lines=10
 Block 3 loaded: id="block-1750359141438-3-5pzodv8qgqg", name="Block 4", lines=6
 Block 4 loaded: id="block-1750359141438-4-k5ni543dwfl", name="Block 5", lines=10
 Block 5 loaded: id="block-1750359141438-5-eukay5h0tsm", name="Block 6", lines=10
 Block 6 loaded: id="block-1750359141438-6-ul3lcwbyohd", name="Block 7", lines=5
 Block 7 loaded: id="block-1750359141438-7-9v1qdjny11m", name="Block 8", lines=1
 Block 8 loaded: id="block-1750359141438-8-43nibwgxrhc", name="Block 9", lines=8
 Block 9 loaded: id="block-1750359141438-9-01dao84u11ze", name="Block 10", lines=9
 Block 10 loaded: id="block-1750359141438-10-q3ni1npcxeh", name="Block 11", lines=6
 LyricsDisplay: Skipping render as requested by shouldRender=false
 LyricsDisplay: Successfully loaded 11 blocks, total lyric lines: 79.
 LyricsDisplay: Updated marker colors after loading blocks
 ⏱️ LYRICS_PREPARE_TIME: 3.04296875 ms
 ⏱️ BLOB_CREATION_TIME: 47.65380859375 ms
 🚀 ГИБРИД: Загрузка двойного потока
 isPlaying property set to: false
 ⏹️ ГИБРИД: Остановлен и сброшен
 🎚️ МАСТЕР: Создание микшированной дорожки...
 🎚️ МАСТЕР: Инструментал URL: blob:null/5abbaac0-edcd-4e6a-8b1f-c9a9224c1e57...
 🎚️ МАСТЕР: Вокал URL: blob:null/759d1b03-c5b0-46ec-aa71-dc4a2b4c895f...
 🎚️ МАСТЕР: Загружаем аудиофайлы...
 🎚️ МАСТЕР: Конвертируем в ArrayBuffer...
 🎚️ МАСТЕР: Инструментал размер: 10538885 байт
 🎚️ МАСТЕР: Вокал размер: 10538885 байт
 🎚️ МАСТЕР: Декодируем аудиоданные...
 ✅ ИНСТРУМЕНТАЛ ГОТОВ! Длительность: 263.39с
 ⏱️ HYBRID_ENGINE_LOAD_TIME: 342.0810546875 ms
 🎯 ГИБРИД: Рассинхронизация устранена!
 🚀 Скрываю Живую Ленту
 ✅ Возврат в классический зал
 Applying style: Караоке with scale 1.20
 TextStyleManager: Scaled font size from 1.4em to 1.68em
 LyricsDisplay: Setting style to Караоке
 [KARAOKE] DOM not found or empty in _renderLyrics, creating it.
 TextStyleManager: Scaled font size from 1.4em to 1.68em
 Track loaded event detected, initializing LoopBlockManager CustomEvent
 LoopBlockManager already initialized
 ⏱️ AUDIO_LOAD_TIME: 348.947021484375 ms
 Loading 79 markers for track Eminem feat. Rihanna-Love The Way You Lie [-]
 Validating 79 markers for 79 lyric lines
 Kept 79 valid markers out of 79
 🚀 Скрываю Живую Ленту
 ✅ Возврат в классический зал
 Applying style: Караоке with scale 1.20
 TextStyleManager: Scaled font size from 1.4em to 1.68em
 LyricsDisplay: Setting style to Караоке
 TextStyleManager: Scaled font size from 1.4em to 1.68em
 Track loaded event detected, initializing LoopBlockManager CustomEvent
 LoopBlockManager already initialized
 🎵 АВТОПЛЕЙ: Запуск воспроизведения...
 ✅ Track "Eminem feat. Rihanna-Love The Way You Lie [-]" loaded successfully
 ✅ ВОКАЛ ГОТОВ! Длительность: 263.39с
 🎤 ВОКАЛ ПОДКЛЮЧЕН к аудио-контексту
 Audio ready detected via timer, initializing LoopBlockManager
 LoopBlockManager already initialized
 🎨 StateManager: Forcing text rerender in current mode
 🎤 Karaoke mode detected, should work correctly
 ⏱️ FINAL_RENDER_TIME: 104.18017578125 ms
 ⏱️ TOTAL_TRACK_LOAD_TIME: 548.93798828125 ms
 ▶️ ИНСТРУМЕНТАЛ: Воспроизведение начато
 🔍 Статический анализ: 179.4Hz (60.6%)
 🎤 ВОКАЛ: Синхронизирован и воспроизводится
 isPlaying property set to: true
 ✅ АВТОПЛЕЙ: Воспроизведение начато успешно
 🔇 Глубокая тишина - очистка нот
 🛑 Принудительная остановка всех нот (deep_silence), активных: 1
 🔇 Глубокая тишина - очистка нот
 🛑 Принудительная остановка всех нот (deep_silence), активных: 1
 🎚️ МАСТЕР: Инструментал - каналов: 2, длина: 11615663, частота: 44100Hz
 🎚️ МАСТЕР: Вокал - каналов: 2, длина: 11615663, частота: 44100Hz
 🎚️ МАСТЕР: Создан буфер - каналов: 2, длина: 11615663
 🎚️ МАСТЕР: Начинаем микширование каналов...
 🎚️ МАСТЕР: Микширование завершено, конвертируем в blob...
 🎚️ МАСТЕР: Микшированная дорожка создана! URL: blob:null/d896207b-c7ec-4763-b936-4480f2edc172...
 🎚️ МАСТЕР: Размер blob: 46462696 байт
 🎚️ МАСТЕР: Обновляем URL после создания микшированной дорожки
 🎚️ МАСТЕР URL обновлен: blob:null/d896207b-c7ec-4763-b936-4480f2edc172...
 APP: Создаем вокальный URL для синхронизации трека: Eminem feat. Rihanna-Love The Way You Lie [-]
 WaveformEditor: Starting high-fidelity audio load for sync: blob:null/98a6f5e2-42b2-43b5-a8ab-8c2168581387
 TextStyleManager: Scaled font size from 1.4em to 1.68em
 🔇 Глубокая тишина - очистка нот
 🛑 Принудительная остановка всех нот (deep_silence), активных: 1
 🔇 Глубокая тишина - очистка нот
 🛑 Принудительная остановка всех нот (deep_silence), активных: 1
 WaveformEditor: High-fidelity audio loaded successfully. Duration: 263.39s
 APP: Аудио для WaveformEditor загружено, открываем редактор.
 Sync Editor: Stored original style "karaoke" and scale 1.2. Applying "default" editor style and 0.8 scale.
 Applying style: Стандартный with scale 1.00
 TextStyleManager: Scaled font size from 1.8em to 1.80em
 LyricsDisplay: Setting style to Стандартный
 Rendering lyrics. Current style ID: default
 Rendering standard line [0]: 'Just gonna stand there and watch me burn?'
 Rendering standard line [1]: 'Well, that's alright because I like the way it hurts'
 Rendering standard line [2]: 'Just gonna stand there and hear me cry?'
 Rendering standard line [3]: 'Well, that's alright because I love the way you lie'
 Rendering standard line [4]: 'I love the way you lie'
 Rendering standard line [5]: 'I can't tell you what it really is'
 Rendering standard line [6]: 'I can only tell you what it feels like'
 Rendering standard line [7]: 'And right now, there's a steel knife in my windpipe'
 Rendering standard line [8]: 'I can't breathe, but I still fight while I can fight'
 Rendering standard line [9]: 'As long as the wrong feels right, it's like I'm in flight'
 Rendering standard line [10]: 'High off her love, drunk from her hate'
 Rendering standard line [11]: 'It's like I'm huffin' paint, and I love her the more I suffer, I suffocate'
 Rendering standard line [12]: 'And right before I'm about to drown, she resuscitates me'
 Rendering standard line [13]: 'She f- hates me, and I love it'
 Rendering standard line [14]: '"Wait! Where you going?" "I'm leaving you"'
 Rendering standard line [15]: '"No, you ain't, come back"'
 Rendering standard line [16]: 'We're running right back, here we go again'
 Rendering standard line [17]: 'It's so insane 'cause when it's going good, it's going great'
 Rendering standard line [18]: 'I'm Superman with the wind at his back, she's Lois Lane'
 Rendering standard line [19]: 'But when it's bad, it's awful'
 Rendering standard line [20]: 'I feel so ashamed, I snapped, "Who's that dude?"'
 Rendering standard line [21]: 'I don't even know his name'
 Rendering standard line [22]: 'I laid hands on her, I'll never stoop so low again'
 Rendering standard line [23]: 'I guess I don't know my own strength'
 Rendering standard line [24]: 'Just gonna stand there and watch me burn?'
 Rendering standard line [25]: 'Well, that's alright because I like the way it hurts'
 Rendering standard line [26]: 'Just gonna stand there and hear me cry?'
 Rendering standard line [27]: 'Well, that's alright because I love the way you lie'
 Rendering standard line [28]: 'I love the way you lie'
 Rendering standard line [29]: 'I love the way you lie'
 Rendering standard line [30]: 'You ever loved somebody so much'
 Rendering standard line [31]: 'You can barely breathe when you're with 'em?'
 Rendering standard line [32]: 'You meet and neither one of you even know what hit 'em'
 Rendering standard line [33]: 'Got that warm fuzzy feelin', yeah, them chills, used to get 'em'
 Rendering standard line [34]: 'Now you're gettin' f- sick of lookin' at 'em?'
 Rendering standard line [35]: 'You swore you'd never hit 'em, never do nothin' to hurt 'em'
 Rendering standard line [36]: 'Now you're in each other's face, spewin' venom in your words when you spit 'em'
 Rendering standard line [37]: 'You push, pull each other's hair, scratch, claw, bit 'em'
 Rendering standard line [38]: 'Throw 'em down, pin 'em'
 Rendering standard line [39]: 'So lost in them moments when you're in 'em'
 Rendering standard line [40]: 'It's the rage that took over, it controls you both'
 Rendering standard line [41]: 'So they say you're best to go your separate ways'
 Rendering standard line [42]: 'Guess that they don't know you 'cause today, that was yesterday'
 Rendering standard line [43]: 'Yesterday is over, it's a different day'
 Rendering standard line [44]: 'Sound like broken records playin' over, but you promised her'
 Rendering standard line [45]: 'Next time, you'll show restraint'
 Rendering standard line [46]: 'You don't get another chance'
 Rendering standard line [47]: 'Life is no Nintendo game, but you lied again'
 Rendering standard line [48]: 'Now you get to watch her leave out the window'
 Rendering standard line [49]: 'Guess that's why they call it windowpane'
 Rendering standard line [50]: 'Just gonna stand there and watch me burn?'
 Rendering standard line [51]: 'Well, that's alright because I like the way it hurts'
 Rendering standard line [52]: 'Just gonna stand there and hear me cry?'
 Rendering standard line [53]: 'Well, that's alright because I love the way you lie'
 Rendering standard line [54]: 'I love the way you lie'
 Rendering standard line [55]: 'I love the way you lie'
 Rendering standard line [56]: 'Now I know we said things, did things that we didn't mean'
 Rendering standard line [57]: 'Then we fall back into the same patterns, same routine'
 Rendering standard line [58]: 'But your temper's just as bad as mine is'
 Rendering standard line [59]: 'You're the same as me, when it comes to love, you're just as blinded'
 Rendering standard line [60]: 'Baby, please come back, it wasn't you, baby, it was me'
 Rendering standard line [61]: 'Maybe our relationship isn't as crazy as it seems'
 Rendering standard line [62]: 'Maybe that's what happens when a tornado meets a volcano'
 Rendering standard line [63]: 'All I know is I love you too much to walk away, though'
 Rendering standard line [64]: 'Come inside, pick up your bags off the sidewalk'
 Rendering standard line [65]: 'Don't you hear sincerity in my voice when I talk?'
 Rendering standard line [66]: 'Told you this is my fault, look me in the eyeball'
 Rendering standard line [67]: 'Next time I'm p-, I'll aim my fist at the drywall'
 Rendering standard line [68]: '"Next time? There won't be no next time"'
 Rendering standard line [69]: 'I apologize, even though I know it's lies'
 Rendering standard line [70]: 'I'm tired of the games, I just want her back'
 Rendering standard line [71]: 'I know I'm a liar, if she ever tries to f- leave again'
 Rendering standard line [72]: 'I'ma tie her to the bed and set this house on fire'
 Rendering standard line [73]: 'Just gonna stand there and watch me burn?'
 Rendering standard line [74]: 'Well, that's alright because I like the way it hurts'
 Rendering standard line [75]: 'Just gonna stand there and hear me cry?'
 Rendering standard line [76]: 'Well, that's alright, because I love the way you lie'
 Rendering standard line [77]: 'I love the way you lie'
 Rendering standard line [78]: 'I love the way you lie'
 [SETACTIVE] Called with index 1. Current style: default
 Scrolled to active line: 206px (line 1)
 TextStyleManager: Font scale for default set to 0.80
 Applying style: Стандартный with scale 0.80
 TextStyleManager: Scaled font size from 1.8em to 1.44em
 LyricsDisplay: Setting style to Стандартный
 Rendering lyrics. Current style ID: default
 Rendering standard line [0]: 'Just gonna stand there and watch me burn?'
 Rendering standard line [1]: 'Well, that's alright because I like the way it hurts'
 Rendering standard line [2]: 'Just gonna stand there and hear me cry?'
 Rendering standard line [3]: 'Well, that's alright because I love the way you lie'
 Rendering standard line [4]: 'I love the way you lie'
 Rendering standard line [5]: 'I can't tell you what it really is'
 Rendering standard line [6]: 'I can only tell you what it feels like'
 Rendering standard line [7]: 'And right now, there's a steel knife in my windpipe'
 Rendering standard line [8]: 'I can't breathe, but I still fight while I can fight'
 Rendering standard line [9]: 'As long as the wrong feels right, it's like I'm in flight'
 Rendering standard line [10]: 'High off her love, drunk from her hate'
 Rendering standard line [11]: 'It's like I'm huffin' paint, and I love her the more I suffer, I suffocate'
 Rendering standard line [12]: 'And right before I'm about to drown, she resuscitates me'
 Rendering standard line [13]: 'She f- hates me, and I love it'
 Rendering standard line [14]: '"Wait! Where you going?" "I'm leaving you"'
 Rendering standard line [15]: '"No, you ain't, come back"'
 Rendering standard line [16]: 'We're running right back, here we go again'
 Rendering standard line [17]: 'It's so insane 'cause when it's going good, it's going great'
 Rendering standard line [18]: 'I'm Superman with the wind at his back, she's Lois Lane'
 Rendering standard line [19]: 'But when it's bad, it's awful'
 Rendering standard line [20]: 'I feel so ashamed, I snapped, "Who's that dude?"'
 Rendering standard line [21]: 'I don't even know his name'
 Rendering standard line [22]: 'I laid hands on her, I'll never stoop so low again'
 Rendering standard line [23]: 'I guess I don't know my own strength'
 Rendering standard line [24]: 'Just gonna stand there and watch me burn?'
 Rendering standard line [25]: 'Well, that's alright because I like the way it hurts'
 Rendering standard line [26]: 'Just gonna stand there and hear me cry?'
 Rendering standard line [27]: 'Well, that's alright because I love the way you lie'
 Rendering standard line [28]: 'I love the way you lie'
 Rendering standard line [29]: 'I love the way you lie'
 Rendering standard line [30]: 'You ever loved somebody so much'
 Rendering standard line [31]: 'You can barely breathe when you're with 'em?'
 Rendering standard line [32]: 'You meet and neither one of you even know what hit 'em'
 Rendering standard line [33]: 'Got that warm fuzzy feelin', yeah, them chills, used to get 'em'
 Rendering standard line [34]: 'Now you're gettin' f- sick of lookin' at 'em?'
 Rendering standard line [35]: 'You swore you'd never hit 'em, never do nothin' to hurt 'em'
 Rendering standard line [36]: 'Now you're in each other's face, spewin' venom in your words when you spit 'em'
 Rendering standard line [37]: 'You push, pull each other's hair, scratch, claw, bit 'em'
 Rendering standard line [38]: 'Throw 'em down, pin 'em'
 Rendering standard line [39]: 'So lost in them moments when you're in 'em'
 Rendering standard line [40]: 'It's the rage that took over, it controls you both'
 Rendering standard line [41]: 'So they say you're best to go your separate ways'
 Rendering standard line [42]: 'Guess that they don't know you 'cause today, that was yesterday'
 Rendering standard line [43]: 'Yesterday is over, it's a different day'
 Rendering standard line [44]: 'Sound like broken records playin' over, but you promised her'
rtf-parser.js:849 Rendering standard line [45]: 'Next time, you'll show restraint'
rtf-parser.js:849 Rendering standard line [46]: 'You don't get another chance'
rtf-parser.js:849 Rendering standard line [47]: 'Life is no Nintendo game, but you lied again'
rtf-parser.js:849 Rendering standard line [48]: 'Now you get to watch her leave out the window'
rtf-parser.js:849 Rendering standard line [49]: 'Guess that's why they call it windowpane'
rtf-parser.js:849 Rendering standard line [50]: 'Just gonna stand there and watch me burn?'
rtf-parser.js:849 Rendering standard line [51]: 'Well, that's alright because I like the way it hurts'
rtf-parser.js:849 Rendering standard line [52]: 'Just gonna stand there and hear me cry?'
rtf-parser.js:849 Rendering standard line [53]: 'Well, that's alright because I love the way you lie'
rtf-parser.js:849 Rendering standard line [54]: 'I love the way you lie'
rtf-parser.js:849 Rendering standard line [55]: 'I love the way you lie'
rtf-parser.js:849 Rendering standard line [56]: 'Now I know we said things, did things that we didn't mean'
rtf-parser.js:849 Rendering standard line [57]: 'Then we fall back into the same patterns, same routine'
rtf-parser.js:849 Rendering standard line [58]: 'But your temper's just as bad as mine is'
rtf-parser.js:849 Rendering standard line [59]: 'You're the same as me, when it comes to love, you're just as blinded'
rtf-parser.js:849 Rendering standard line [60]: 'Baby, please come back, it wasn't you, baby, it was me'
rtf-parser.js:849 Rendering standard line [61]: 'Maybe our relationship isn't as crazy as it seems'
rtf-parser.js:849 Rendering standard line [62]: 'Maybe that's what happens when a tornado meets a volcano'
rtf-parser.js:849 Rendering standard line [63]: 'All I know is I love you too much to walk away, though'
rtf-parser.js:849 Rendering standard line [64]: 'Come inside, pick up your bags off the sidewalk'
rtf-parser.js:849 Rendering standard line [65]: 'Don't you hear sincerity in my voice when I talk?'
rtf-parser.js:849 Rendering standard line [66]: 'Told you this is my fault, look me in the eyeball'
rtf-parser.js:849 Rendering standard line [67]: 'Next time I'm p-, I'll aim my fist at the drywall'
rtf-parser.js:849 Rendering standard line [68]: '"Next time? There won't be no next time"'
rtf-parser.js:849 Rendering standard line [69]: 'I apologize, even though I know it's lies'
rtf-parser.js:849 Rendering standard line [70]: 'I'm tired of the games, I just want her back'
rtf-parser.js:849 Rendering standard line [71]: 'I know I'm a liar, if she ever tries to f- leave again'
rtf-parser.js:849 Rendering standard line [72]: 'I'ma tie her to the bed and set this house on fire'
rtf-parser.js:849 Rendering standard line [73]: 'Just gonna stand there and watch me burn?'
rtf-parser.js:849 Rendering standard line [74]: 'Well, that's alright because I like the way it hurts'
rtf-parser.js:849 Rendering standard line [75]: 'Just gonna stand there and hear me cry?'
rtf-parser.js:849 Rendering standard line [76]: 'Well, that's alright, because I love the way you lie'
rtf-parser.js:849 Rendering standard line [77]: 'I love the way you lie'
rtf-parser.js:849 Rendering standard line [78]: 'I love the way you lie'
rtf-parser.js:849 [SETACTIVE] Called with index 1. Current style: default
rtf-parser.js:849 Scrolled to active line: 0px (line 1)
rtf-parser.js:849 WaveformEditor: Shown
rtf-parser.js:849 WaveformEditor: No audio data found, trying to load...
waveform-editor.js:1075 WaveformEditor: _loadAudioData is deprecated. Use loadAudioForSync() instead.
_loadAudioData @ waveform-editor.js:1075
rtf-parser.js:849 [SETACTIVE] Called with index 1. Current style: default
rtf-parser.js:849 Sync Editor: Skipping standard scroll - using forced centering only
rtf-parser.js:849 Sync Editor: Positioned line 1 at TOP (teleprompter mode)
rtf-parser.js:849 Sync mode: activating line at current time position: 1
rtf-parser.js:849 LoopBlockManager: Sync editor opened event received
rtf-parser.js:849 WaveformEditor: Dispatched sync-editor-opened event Object
rtf-parser.js:849 Sync Editor: Positioned line 1 at TOP (teleprompter mode)
rtf-parser.js:849 🚫 Блокирована очевидная гармоника: 123.0Hz (0.50x от 247.9Hz, ясность: 79.6%)
rtf-parser.js:849 🔇 Глубокая тишина - очистка нот
rtf-parser.js:849 🛑 Принудительная остановка всех нот (deep_silence), активных: 1
rtf-parser.js:849 [SETACTIVE] Called with index 2. Current style: default
rtf-parser.js:849 Sync Editor: Skipping standard scroll - using forced centering only
rtf-parser.js:849 Sync Editor: Positioned line 2 at TOP (teleprompter mode)
rtf-parser.js:849 ✅ Октавный переход разрешен: 224.3Hz → 431.7Hz за 102мс (ratio: 1.92)
rtf-parser.js:849 🔇 Глубокая тишина - очистка нот
rtf-parser.js:849 🛑 Принудительная остановка всех нот (deep_silence), активных: 1
rtf-parser.js:849 🔇 Глубокая тишина - очистка нот
rtf-parser.js:849 🛑 Принудительная остановка всех нот (deep_silence), активных: 1
rtf-parser.js:849 🔄 WaveformEditor: Начинаем переключение на источник: instrumental
rtf-parser.js:849 WaveformEditor notification: Загружаем Инструментал...
rtf-parser.js:849 Auto-scroll re-enabled after scroll event
rtf-parser.js:849 🚫 Блокирована очевидная гармоника: 176.2Hz (0.50x от 350.3Hz, ясность: 77.9%)
rtf-parser.js:849 🔇 Глубокая тишина - очистка нот
rtf-parser.js:849 🛑 Принудительная остановка всех нот (deep_silence), активных: 1
rtf-parser.js:849 🔇 Глубокая тишина - очистка нот
rtf-parser.js:849 🛑 Принудительная остановка всех нот (deep_silence), активных: 1
rtf-parser.js:849 🔇 Глубокая тишина - очистка нот
rtf-parser.js:849 🛑 Принудительная остановка всех нот (deep_silence), активных: 1
rtf-parser.js:849 [SETACTIVE] Called with index 3. Current style: default
rtf-parser.js:849 Sync Editor: Skipping standard scroll - using forced centering only
rtf-parser.js:849 Sync Editor: Positioned line 3 at TOP (teleprompter mode)
rtf-parser.js:849 🔇 Глубокая тишина - очистка нот
rtf-parser.js:849 🛑 Принудительная остановка всех нот (deep_silence), активных: 1
rtf-parser.js:849 ✅ Data loaded for instrumental
rtf-parser.js:849 WaveformEditor notification: Переключено на Инструментал
rtf-parser.js:849 🔄 WaveformEditor: Начинаем переключение на источник: master
rtf-parser.js:849 WaveformEditor notification: Загружаем компоненты для Мастер-вида...
rtf-parser.js:849 WaveformEditor notification: Переключено на Мастер
rtf-parser.js:849 Auto-scroll re-enabled after scroll event
rtf-parser.js:849 🔇 Глубокая тишина - очистка нот
rtf-parser.js:849 🛑 Принудительная остановка всех нот (deep_silence), активных: 1
rtf-parser.js:849 [SETACTIVE] Called with index 4. Current style: default
rtf-parser.js:849 Sync Editor: Skipping standard scroll - using forced centering only
rtf-parser.js:849 Sync Editor: Positioned line 4 at TOP (teleprompter mode)
rtf-parser.js:849 🚫 Октавный скачок заблокирован: 137.5Hz → 284.6Hz за 22мс (ratio: 2.07)
rtf-parser.js:849 🚫 Октавный скачок заблокирован: 137.5Hz → 285.7Hz за 29мс (ratio: 2.08)
rtf-parser.js:849 🔇 Глубокая тишина - очистка нот
rtf-parser.js:849 🛑 Принудительная остановка всех нот (deep_silence), активных: 1
rtf-parser.js:849 [SETACTIVE] Called with index 5. Current style: default
rtf-parser.js:849 Sync Editor: Skipping standard scroll - using forced centering only
rtf-parser.js:849 Sync Editor: Positioned line 5 at TOP (teleprompter mode)
rtf-parser.js:849 🔇 Глубокая тишина - очистка нот
rtf-parser.js:849 🛑 Принудительная остановка всех нот (deep_silence), активных: 1
rtf-parser.js:849 🔇 Глубокая тишина - очистка нот
rtf-parser.js:849 🛑 Принудительная остановка всех нот (deep_silence), активных: 1
rtf-parser.js:849 Auto-scroll re-enabled after scroll event
rtf-parser.js:849 🔇 Глубокая тишина - очистка нот
rtf-parser.js:849 🛑 Принудительная остановка всех нот (deep_silence), активных: 1
rtf-parser.js:849 🔇 Глубокая тишина - очистка нот
rtf-parser.js:849 🛑 Принудительная остановка всех нот (deep_silence), активных: 1
rtf-parser.js:849 [SETACTIVE] Called with index 6. Current style: default
rtf-parser.js:849 Sync Editor: Skipping standard scroll - using forced centering only
rtf-parser.js:849 Sync Editor: Positioned line 6 at TOP (teleprompter mode)
rtf-parser.js:849 🔇 Глубокая тишина - очистка нот
rtf-parser.js:849 🛑 Принудительная остановка всех нот (deep_silence), активных: 1
rtf-parser.js:849 🔇 Глубокая тишина - очистка нот
rtf-parser.js:849 🛑 Принудительная остановка всех нот (deep_silence), активных: 1
rtf-parser.js:849 🚫 Блокирована очевидная гармоника: 478.8Hz (2.02x от 237.2Hz, ясность: 70.5%)
rtf-parser.js:849 [SETACTIVE] Called with index 7. Current style: default
rtf-parser.js:849 Sync Editor: Skipping standard scroll - using forced centering only
rtf-parser.js:849 Sync Editor: Positioned line 7 at TOP (teleprompter mode)
rtf-parser.js:849 🔇 Глубокая тишина - очистка нот
rtf-parser.js:849 🛑 Принудительная остановка всех нот (deep_silence), активных: 1
rtf-parser.js:849 Key pressed: ShiftLeft
rtf-parser.js:849 Key pressed: Shift, key code: 16, waveform active: true
rtf-parser.js:849 LoopBlockManager: Shift key pressed, multiple selection mode active
rtf-parser.js:849 Key pressed: MetaLeft
rtf-parser.js:849 Key pressed: Meta, key code: 91, waveform active: true
rtf-parser.js:849 🚫 Блокирована очевидная гармоника: 527.8Hz (2.01x от 262.4Hz, ясность: 89.0%)
rtf-parser.js:849 🚫 Блокирована очевидная гармоника: 525.5Hz (2.00x от 262.4Hz, ясность: 88.6%)
rtf-parser.js:849 LoopBlockManager: Shift key released, multiple selection mode deactivated
rtf-parser.js:849 🔇 Глубокая тишина - очистка нот
rtf-parser.js:849 🛑 Принудительная остановка всех нот (deep_silence), активных: 1
rtf-parser.js:849 Auto-scroll re-enabled after scroll event
rtf-parser.js:849 [SETACTIVE] Called with index 8. Current style: default
rtf-parser.js:849 Sync Editor: Skipping standard scroll - using forced centering only
rtf-parser.js:849 Sync Editor: Positioned line 8 at TOP (teleprompter mode)
rtf-parser.js:849 🔇 Глубокая тишина - очистка нот
rtf-parser.js:849 🛑 Принудительная остановка всех нот (deep_silence), активных: 1
rtf-parser.js:849 🔇 Глубокая тишина - очистка нот
rtf-parser.js:849 🛑 Принудительная остановка всех нот (deep_silence), активных: 1
rtf-parser.js:849 🔇 Глубокая тишина - очистка нот
rtf-parser.js:849 🛑 Принудительная остановка всех нот (deep_silence), активных: 1
rtf-parser.js:849 Key pressed: Space
rtf-parser.js:849 Space bar pressed, toggling playback
rtf-parser.js:849 ⏸️ ИНСТРУМЕНТАЛ: Пауза
rtf-parser.js:849 ⏸️ ВОКАЛ: Пауза
rtf-parser.js:849 isPlaying property set to: false
rtf-parser.js:849 Key pressed:  , key code: 32, waveform active: true
rtf-parser.js:849 🔍 Статический анализ: 8917.4Hz (57.0%)
rtf-parser.js:849 🔍 Статический анализ: 9129.3Hz (61.0%)
rtf-parser.js:849 Key pressed: AltLeft
rtf-parser.js:849 Key pressed: Alt, key code: 18, waveform active: true
rtf-parser.js:849 Key pressed: MetaLeft
rtf-parser.js:849 Key pressed: Meta, key code: 91, waveform active: true
rtf-parser.js:849 Key pressed: KeyJ
rtf-parser.js:849 Key pressed: j, key code: 74, waveform active: true
rtf-parser.js:849 Auto-scroll re-enabled after scroll event
rtf-parser.js:849 Auto-scroll re-enabled after scroll event
