 🔧 DEBUG_CONFIG загружен. Используйте toggleDebugLogs(true) для включения логов
 📦 Utils module loaded
 StateManager initialized
 📦 StateManager module loaded
 🚀 AudioEngine (Hybrid Engine) - Гибридная архитектура восстановлена
 Space bar handler attached
 LyricsDisplay initialized
 RtfParserAdapter: Инициализация
 - EnhancedRtfProcessor доступен: true
 - Стандартный RtfParser доступен: true
 TrackCatalog initialized
 MarkerManager initialized
 WaveformEditor loaded
 WaveformEditor initialized
 TrackCatalog: _finalizeUploadFromBlockEditor CALLED - should be obsolete now.
 BlockLoopControl: Класс загружен
 RTF Parser Integration: Инициализация интеграции улучшенного RTF-парсера (после определения объекта)
 RTF Parser Integration: Начало интеграции
 RTF Parser Integration: TrackCatalog уже использует RtfParserAdapter если он доступен
 RTF Parser Integration: Интеграция завершена успешно
 🎹 Инициализация клавиатуры...
 LiveFeed module loaded (placeholder)
 Загружено 5 треков из базы данных
 Проверка треков завершена успешно, проблем не обнаружено
 ✅ Pitchy библиотека загружена в beLive
 LiveMode: Автоматическая инициализация при загрузке документа
 LiveMode: Создание нового экземпляра
 LiveMode: Маски инициализированы без использования изображений
 LiveMode: getUserMedia поддерживается: true
 LiveMode: Безопасный контекст: true
 LiveMode: Определен localhost, разрешен HTTP
 LiveMode: Метод toggleStreaming не найден и не может быть привязан
(анонимная) @ live-mode.js:521
 LiveMode: Базовая инициализация завершена
 LiveMode: Предварительная инициализация камеры...
 LiveMode: экземпляр создан
 LiveFeed initialized
 DOM content loaded, waiting for components
 Application fully loaded, components initialized
 ✅ Pitchy готов для точной детекции
 🎹 Кнопка найдена
 🔗 Настройка интеграции для точной детекции...
 🎤 Статус для точной детекции: false
 🎯 КАЛИБРОВКА: A4 = 440.00Hz (должно быть 440.00Hz)
 🎹 Создано 48 клавиш для точной детекции
 🎹 Piano Keyboard инициализирован
 All components ready, initializing app...
 Initializing beLive App
 WordAlignerV2 not found, creating placeholder
App @ app.js:45
 LyricsDisplay: Setting style to Стандартный
 Rendering lyrics. Current style ID: default
 Applied style 'Стандартный'
 TextStyleManager: Проверка доступности LiveMode...
 TextStyleManager: Класс LiveMode найден, предварительная инициализация камеры...
 TextStyleManager: LiveMode уже инициализирован
 TextStyleManager initialized with 8 styles and 29 total transitions
 Text style manager initialized
 Initializing Microphone UI...
 Microphone UI initialized using existing DOM elements.
 LoopBlockManager: Checking audio initialization...
 LoopBlockManager: Audio buffer or context not available (check 0)
_checkAudioAndInitialize @ loopblock-manager.js:137
 LoopBlockManager: Initializing sync listeners
 LoopBlockManager: progressBarContainer found - width: 1050px, height: 10px, overflow: visible
 LoopBlockManager: progressBarContainer offsetWidth: 1050, offsetHeight: 10
 LoopBlockManager: progressBarContainer children: 3
 LoopBlockManager: Child 0: progress-bar-loaded, display: block, zIndex: 1
 LoopBlockManager: Child 1: progress-bar, display: block, zIndex: 2
 LoopBlockManager: Child 2: progress-tooltip, display: block, zIndex: 10
 LoopBlockManager initialized
 LoopBlockManager component ready
 BlockLoopControl: Инициализирован
 BlockLoopControl component ready
 🎭 MaskSystem: Инициализация продвинутой системы масок
 🎭 MaskSystem: Конструктор завершен
 🎭 MaskSystem создан
 🎭 MaskSystem component ready
 Initializing LoopBlock controls
 Audio not fully loaded yet, setting up delayed initialization
 🎭 MaskSystem: Обработчик кнопки подключен
 🚀 Инициализация Живой Ленты
 ✅ Живая Лента инициализирована
 🚀 Показываю Живую Ленту
 ✅ Живая Лента активирована
 beLive App initialized
 App initialized successfully
 🎭 MediaPipe: Начинаем загрузку библиотек...
 🎭 MediaPipe: Ожидание загрузки библиотек...
 🎭 MediaPipe: Все библиотеки загружены успешно
 🎭 MaskSystem: Официальный MediaPipe FaceMesh готов
 🏃 MaskSystem: MediaPipe Pose готов
 ✋ MaskSystem: MediaPipe Hands готов
 🤖 MaskSystem: MediaPipe Holistic готов
 🎨 MaskSystem: MediaPipe Selfie Segmentation готов
 🎭 MaskSystem: MediaPipe готов к использованию
 🎯 Background Effects Engine v2.0 инициализирован
 🔄 Инициализация Background Effects Engine...
 ✅ Background Effects Engine готов
 🎤 Запуск ТОЧНОГО анализа вокальной дорожки...
 🔊 Инициализация аудио для точной детекции...
 ✅ Используем audioEngine.audioContext
 ✅ Pitchy детектор готов для точной работы
 ✅ Подключен к ВОКАЛЬНОМУ узлу: GainNode
 ✅ ТОЧНЫЙ анализ запущен
 LiveMode: Запуск предварительной инициализации камеры
 LiveMode: Предварительная инициализация камеры...
 LoopBlockManager: Проверка доступности аудио (попытка 2/5)
 LoopBlockManager: Проверка доступности аудио (попытка 3/5)
 LiveMode: Доступ к камере получен при предварительной инициализации
 LiveMode: Получено 1 видеотреков. Активный: FaceTime HD Camera
 LiveMode: Предварительная инициализация камеры успешно завершена
 🎯 Начальная калибровка системы...
 🎯 ===== ЗАПУСК КАЛИБРОВОЧНЫХ ТЕСТОВ ПИТЧА =====
 📋 Тестируем расчет частот:
 ✅ C4: рассчитано=261.63Hz, ожидается=261.63Hz, ошибка=0.002%
 ✅ D4: рассчитано=293.66Hz, ожидается=293.66Hz, ошибка=0.002%
 ✅ E4: рассчитано=329.63Hz, ожидается=329.63Hz, ошибка=0.001%
 ✅ F4: рассчитано=349.23Hz, ожидается=349.23Hz, ошибка=0.001%
 ✅ G4: рассчитано=392.00Hz, ожидается=392Hz, ошибка=0.001%
 🎯 КАЛИБРОВКА: A4 = 440.00Hz (должно быть 440.00Hz)
 ✅ A4: рассчитано=440.00Hz, ожидается=440Hz, ошибка=0.000%
 ✅ B4: рассчитано=493.88Hz, ожидается=493.88Hz, ошибка=0.001%
 📋 Тестируем обратное преобразование:
 ✅ 261.63Hz → обнаружено="C4", ожидается="C4"
 ✅ 293.66Hz → обнаружено="D4", ожидается="D4"
 ✅ 329.63Hz → обнаружено="E4", ожидается="E4"
 ✅ 349.23Hz → обнаружено="F4", ожидается="F4"
 ✅ 392Hz → обнаружено="G4", ожидается="G4"
 ✅ 440Hz → обнаружено="A4", ожидается="A4"
 ✅ 493.88Hz → обнаружено="B4", ожидается="B4"
 📊 РЕЗУЛЬТАТЫ КАЛИБРОВКИ:
    Пройдено тестов: 14/14
    Процент успеха: 100.0%
    Средняя ошибка: 0.001%
 🎯 ✅ КАЛИБРОВКА ПИТЧА ПРОШЛА УСПЕШНО!
 🎯 ===== КАЛИБРОВОЧНЫЕ ТЕСТЫ ЗАВЕРШЕНЫ =====
 LiveMode: Доступ к камере получен при предварительной инициализации
 LiveMode: Получено 1 видеотреков. Активный: FaceTime HD Camera
 LiveMode: Предварительная инициализация камеры успешно завершена
 LiveMode: Предварительная инициализация камеры успешна
 🚀 Быстрый переход в режим: karaoke
 Switching to karaoke mode
 App: Сохраняем предыдущий режим: default
 Activating karaoke mode
 Karaoke Background Manager: Starting slideshow...
 Applying style: Караоке with scale 1.20
 TextStyleManager: Scaled font size from 1.4em to 1.68em
 LyricsDisplay: Setting style to Караоке
 [KARAOKE] DOM not found or empty in _renderLyrics, creating it.
 TextStyleManager: Scaled font size from 1.4em to 1.68em
 Applied style class to lyrics-container: style-karaoke
 🚀 Скрываю Живую Ленту
 ✅ Возврат в классический зал
 ✅ Karaoke Background Manager: SUCCESSFULLY set background to Karaoke/pexels-pixabay-164960.jpg
 LoopBlockManager: Аудио не загружено после 5 попыток. Для работы функций зацикливания необходимо загрузить аудиофайл.
_checkAudioAgain @ loopblock-manager.js:219
 TrackCatalog: openCatalog() called
 TrackCatalog: catalogContainer exists: true
 TrackCatalog: catalogContainer classes before: hidden
 TrackCatalog: catalogContainer classes after: 
 TrackCatalog: Catalog should now be visible
 🔄 Loading track: "Бумбокс – Вахтерам"
 🔄 StateManager: Starting HARD RESET of all components
 1. Resetting AudioEngine...
 AudioEngine: Starting reset...
 isPlaying property set to: false
 ⏹️ ГИБРИД: Остановлен и сброшен
 🧹 СПРИНТЕР: Ресурсы очищены
 AudioEngine: Reset completed successfully
 ✅ AudioEngine reset complete
 2. Resetting LyricsDisplay...
 💥 LyricsDisplay: Performing full reset.
 ✅ LyricsDisplay: Full reset complete. All lyric data and DOM elements cleared.
 ✅ LyricsDisplay full reset complete
 3. Resetting TextStyleManager...
 💥 TextStyleManager: Full reset initiated.
 ✅ TextStyleManager: Reset complete. All states and caches cleared.
 ✅ TextStyleManager reset complete.
 🎉 StateManager: HARD RESET completed successfully
 ✅ All components ready for new track
 ⏱️ HARD_RESET_TIME: 7.284912109375 ms
 TrackCatalog: Set waveformEditor.lastLoadedFile to Бумбокс – Вахтерам.rtf
 TrackCatalog: Set waveformEditor.currentTrackId to 1750298619469
 TrackCatalog: Found 6 blocks. Preparing them for rendering after audio load.
 LyricsDisplay: Loading 6 imported blocks.
 Block 0 loaded: id="block-1750382726118-0-55vp96tqs08", name="Block 1", lines=16
 Block 1 loaded: id="1", name="Block 2", lines=6
 Block 2 loaded: id="2", name="Block 3", lines=16
 Block 3 loaded: id="3", name="Block 4", lines=6
 Block 4 loaded: id="4", name="Block 5", lines=6
 Block 5 loaded: id="5", name="Block 6", lines=6
 LyricsDisplay: Skipping render as requested by shouldRender=false
 LyricsDisplay: Successfully loaded 6 blocks, total lyric lines: 56.
 LyricsDisplay: Updated marker colors after loading blocks
 ⏱️ LYRICS_PREPARE_TIME: 2.156982421875 ms
 ⏱️ BLOB_CREATION_TIME: 23.490966796875 ms
 🚀 ГИБРИД: Загрузка двойного потока
 isPlaying property set to: false
 ⏹️ ГИБРИД: Остановлен и сброшен
 🎚️ МАСТЕР: Создание микшированной дорожки...
 🎚️ МАСТЕР: Инструментал URL: blob:null/63c0d137-db0d-4f01-a026-156ac45d3a04...
 🎚️ МАСТЕР: Вокал URL: blob:null/88ff8f3d-0003-4216-a652-0aa961c2c519...
 🎚️ МАСТЕР: Загружаем аудиофайлы...
 🎚️ МАСТЕР: Конвертируем в ArrayBuffer...
 🎚️ МАСТЕР: Инструментал размер: 9630868 байт
 🎚️ МАСТЕР: Вокал размер: 9630868 байт
 🎚️ МАСТЕР: Декодируем аудиоданные...
 ✅ ИНСТРУМЕНТАЛ ГОТОВ! Длительность: 240.69с
 ⏱️ HYBRID_ENGINE_LOAD_TIME: 262.611083984375 ms
 🎯 ГИБРИД: Рассинхронизация устранена!
 🚀 Скрываю Живую Ленту
 ✅ Возврат в классический зал
 Applying style: Караоке with scale 1.20
 TextStyleManager: Scaled font size from 1.4em to 1.68em
 LyricsDisplay: Setting style to Караоке
 [KARAOKE] DOM not found or empty in _renderLyrics, creating it.
 TextStyleManager: Scaled font size from 1.4em to 1.68em
 Track loaded event detected, initializing LoopBlockManager CustomEvent
 LoopBlockManager already initialized
 ⏱️ AUDIO_LOAD_TIME: 268.291015625 ms
 Loading 56 markers for track Бумбокс – Вахтерам
 Validating 56 markers for 56 lyric lines
 Kept 56 valid markers out of 56
 🚀 Скрываю Живую Ленту
 ✅ Возврат в классический зал
 Applying style: Караоке with scale 1.20
 TextStyleManager: Scaled font size from 1.4em to 1.68em
 LyricsDisplay: Setting style to Караоке
 TextStyleManager: Scaled font size from 1.4em to 1.68em
 Track loaded event detected, initializing LoopBlockManager CustomEvent
 LoopBlockManager already initialized
 🎵 АВТОПЛЕЙ: Запуск воспроизведения...
 ✅ Track "Бумбокс – Вахтерам" loaded successfully
 ✅ ВОКАЛ ГОТОВ! Длительность: 240.69с
 🎤 ВОКАЛ ПОДКЛЮЧЕН к аудио-контексту
 🎨 StateManager: Forcing text rerender in current mode
 🎤 Karaoke mode detected, should work correctly
 ⏱️ FINAL_RENDER_TIME: 101.64111328125 ms
 ⏱️ TOTAL_TRACK_LOAD_TIME: 408.39794921875 ms
 ▶️ ИНСТРУМЕНТАЛ: Воспроизведение начато
 🎤 ВОКАЛ: Синхронизирован и воспроизводится
 isPlaying property set to: true
 ✅ АВТОПЛЕЙ: Воспроизведение начато успешно
 Audio ready detected via timer, initializing LoopBlockManager
 LoopBlockManager already initialized
 ✅ Октавный переход разрешен: 151.3Hz → 296.9Hz за 126мс (ratio: 1.96)
 APP: Создаем вокальный URL для синхронизации трека: Бумбокс – Вахтерам
 WaveformEditor: Starting high-fidelity audio load for sync: blob:null/21d5b4e4-ab77-474e-945b-37a9f6748c84
 🎚️ МАСТЕР: Инструментал - каналов: 2, длина: 10614575, частота: 44100Hz
 🎚️ МАСТЕР: Вокал - каналов: 2, длина: 10614575, частота: 44100Hz
 🎚️ МАСТЕР: Создан буфер - каналов: 2, длина: 10614575
 🎚️ МАСТЕР: Начинаем микширование каналов...
 🎚️ МАСТЕР: Микширование завершено, конвертируем в blob...
 🎚️ МАСТЕР: Микшированная дорожка создана! URL: blob:null/e2cdced2-46a0-4ed8-853c-3c82e023b017...
 🎚️ МАСТЕР: Размер blob: 42458344 байт
 🎚️ МАСТЕР: Обновляем URL после создания микшированной дорожки
 🎚️ МАСТЕР URL обновлен: blob:null/e2cdced2-46a0-4ed8-853c-3c82e023b017...
 WaveformEditor: High-fidelity audio loaded successfully. Duration: 240.69s
 APP: Аудио для WaveformEditor загружено, открываем редактор.
 Sync Editor: Stored original style "karaoke" and scale 1.2. Applying "default" editor style and 0.8 scale.
 Applying style: Стандартный with scale 1.00
 TextStyleManager: Scaled font size from 1.8em to 1.80em
 LyricsDisplay: Setting style to Стандартный
 Rendering lyrics. Current style ID: default
 Rendering standard line [0]: 'Тебе нравится дым!...Черт с ним...'
 Rendering standard line [1]: 'Он убивает слова, кругом голова.'
 Rendering standard line [2]: 'Уже разносит молва по дворам'
 Rendering standard line [3]: 'Что между нами чи-уа-уа!'
 Rendering standard line [4]: 'О чем с тобой говорить? Потеряли нить...'
 Rendering standard line [5]: 'Быть не собой перестать и дома спать.'
 Rendering standard line [6]: 'Нас не измерить на глаз, а сейчас'
 Rendering standard line [7]: 'Зачем мы давим на тормоз, не на газ?'
 Rendering standard line [8]: 'Вопрос извечный: зачем да почему?'
 Rendering standard line [9]: 'Я понемногу с ума, ты не сама...'
 Rendering standard line [10]: 'А это ночи в Крыму теперь кому?'
 Rendering standard line [11]: 'Я, если встречу, потом передам ему...'
 Rendering standard line [12]: 'Писклявый твой голосок, как электрошок.'
 Rendering standard line [13]: 'Что я бухой без вина - твоя вина.'
 Rendering standard line [14]: 'Теперь узнает страна до темна'
 Rendering standard line [15]: 'Им обо всем донесут на FM волнах...'
 Rendering standard line [16]: 'Я помню: белые обои, черная посуда...'
 Rendering standard line [17]: 'Нас в хрущевке двое...'
 Rendering standard line [18]: 'Кто мы и откуда...откуда?'
 Rendering standard line [19]: 'Задвигаем шторы, кофеек, плюшки стынут'
 Rendering standard line [20]: 'Объясните теперь нам вахтеры'
 Rendering standard line [21]: 'Почему я на ней так сдвинут?'
 Rendering standard line [22]: 'Давай вот так просидим до утра!'
 Rendering standard line [23]: 'Не уходи, погоди...Но мне пора!'
 Rendering standard line [24]: 'И если выход один впереди'
 Rendering standard line [25]: 'То почему мы то холод, то жара?'
 Rendering standard line [26]: 'Раскладывать по местам я устал'
 Rendering standard line [27]: 'И поворачивать вспять, но вот опять!...'
 Rendering standard line [28]: 'Прикосновения плавили мой метал'
 Rendering standard line [29]: 'Ты - элемент номер 5, не дать - не взять!'
 Rendering standard line [30]: 'Идет к финалуиграв этот раз'
 Rendering standard line [31]: 'А ты все также молчишь, я - говорю.'
 Rendering standard line [32]: 'Минут 15 осталось до утра.'
 Rendering standard line [33]: 'Не вызывай, так словлю и свалю!'
 Rendering standard line [34]: 'Попробуем все подшить, не ворошить'
 Rendering standard line [35]: 'Мобильные номера постирать.'
 Rendering standard line [36]: 'А уходить неспросив нету сил!'
 Rendering standard line [37]: 'Давай попробуем заново все собрать!'
 Rendering standard line [38]: 'Белые обои, черную посуду'
 Rendering standard line [39]: 'Нас в хрущевке двое...'
 Rendering standard line [40]: 'Кто мы и откуда...откуда?'
 Rendering standard line [41]: 'Задвигаем шторы, кофеек, плюшки стынут'
 Rendering standard line [42]: 'Объясните теперь нам вахтеры'
 Rendering standard line [43]: 'Почему я на ней так сдвинут?'
 Rendering standard line [44]: 'Я помню: белые обои, черная посуда...'
 Rendering standard line [45]: 'Нас в хрущевке двое...'
 Rendering standard line [46]: 'Кто мы и откуда...откуда?'
 Rendering standard line [47]: 'Задвигаем шторы, кофеек, плюшки стынут'
 Rendering standard line [48]: 'Объясните теперь нам вахтеры'
 Rendering standard line [49]: 'Почему я на ней так сдвинут?'
 Rendering standard line [50]: 'Я помню: белые обои, черная посуда...'
 Rendering standard line [51]: 'Нас в хрущевке двое...'
 Rendering standard line [52]: 'Кто мы и откуда...откуда?'
 Rendering standard line [53]: 'Задвигаем шторы, кофеек, плюшки стынут'
 Rendering standard line [54]: 'Объясните теперь нам вахтеры'
 Rendering standard line [55]: 'Почему я на ней так сдвинут?'
 TextStyleManager: Font scale for default set to 0.80
 Applying style: Стандартный with scale 0.80
 TextStyleManager: Scaled font size from 1.8em to 1.44em
 LyricsDisplay: Setting style to Стандартный
 Rendering lyrics. Current style ID: default
 Rendering standard line [0]: 'Тебе нравится дым!...Черт с ним...'
 Rendering standard line [1]: 'Он убивает слова, кругом голова.'
 Rendering standard line [2]: 'Уже разносит молва по дворам'
 Rendering standard line [3]: 'Что между нами чи-уа-уа!'
 Rendering standard line [4]: 'О чем с тобой говорить? Потеряли нить...'
 Rendering standard line [5]: 'Быть не собой перестать и дома спать.'
 Rendering standard line [6]: 'Нас не измерить на глаз, а сейчас'
 Rendering standard line [7]: 'Зачем мы давим на тормоз, не на газ?'
 Rendering standard line [8]: 'Вопрос извечный: зачем да почему?'
 Rendering standard line [9]: 'Я понемногу с ума, ты не сама...'
 Rendering standard line [10]: 'А это ночи в Крыму теперь кому?'
 Rendering standard line [11]: 'Я, если встречу, потом передам ему...'
 Rendering standard line [12]: 'Писклявый твой голосок, как электрошок.'
 Rendering standard line [13]: 'Что я бухой без вина - твоя вина.'
 Rendering standard line [14]: 'Теперь узнает страна до темна'
 Rendering standard line [15]: 'Им обо всем донесут на FM волнах...'
 Rendering standard line [16]: 'Я помню: белые обои, черная посуда...'
 Rendering standard line [17]: 'Нас в хрущевке двое...'
 Rendering standard line [18]: 'Кто мы и откуда...откуда?'
 Rendering standard line [19]: 'Задвигаем шторы, кофеек, плюшки стынут'
 Rendering standard line [20]: 'Объясните теперь нам вахтеры'
 Rendering standard line [21]: 'Почему я на ней так сдвинут?'
 Rendering standard line [22]: 'Давай вот так просидим до утра!'
 Rendering standard line [23]: 'Не уходи, погоди...Но мне пора!'
 Rendering standard line [24]: 'И если выход один впереди'
 Rendering standard line [25]: 'То почему мы то холод, то жара?'
 Rendering standard line [26]: 'Раскладывать по местам я устал'
 Rendering standard line [27]: 'И поворачивать вспять, но вот опять!...'
 Rendering standard line [28]: 'Прикосновения плавили мой метал'
 Rendering standard line [29]: 'Ты - элемент номер 5, не дать - не взять!'
 Rendering standard line [30]: 'Идет к финалуиграв этот раз'
 Rendering standard line [31]: 'А ты все также молчишь, я - говорю.'
 Rendering standard line [32]: 'Минут 15 осталось до утра.'
 Rendering standard line [33]: 'Не вызывай, так словлю и свалю!'
 Rendering standard line [34]: 'Попробуем все подшить, не ворошить'
 Rendering standard line [35]: 'Мобильные номера постирать.'
 Rendering standard line [36]: 'А уходить неспросив нету сил!'
 Rendering standard line [37]: 'Давай попробуем заново все собрать!'
 Rendering standard line [38]: 'Белые обои, черную посуду'
 Rendering standard line [39]: 'Нас в хрущевке двое...'
 Rendering standard line [40]: 'Кто мы и откуда...откуда?'
 Rendering standard line [41]: 'Задвигаем шторы, кофеек, плюшки стынут'
 Rendering standard line [42]: 'Объясните теперь нам вахтеры'
 Rendering standard line [43]: 'Почему я на ней так сдвинут?'
 Rendering standard line [44]: 'Я помню: белые обои, черная посуда...'
 Rendering standard line [45]: 'Нас в хрущевке двое...'
 Rendering standard line [46]: 'Кто мы и откуда...откуда?'
 Rendering standard line [47]: 'Задвигаем шторы, кофеек, плюшки стынут'
 Rendering standard line [48]: 'Объясните теперь нам вахтеры'
 Rendering standard line [49]: 'Почему я на ней так сдвинут?'
 Rendering standard line [50]: 'Я помню: белые обои, черная посуда...'
 Rendering standard line [51]: 'Нас в хрущевке двое...'
 Rendering standard line [52]: 'Кто мы и откуда...откуда?'
 Rendering standard line [53]: 'Задвигаем шторы, кофеек, плюшки стынут'
 Rendering standard line [54]: 'Объясните теперь нам вахтеры'
 Rendering standard line [55]: 'Почему я на ней так сдвинут?'
 WaveformEditor: Shown
 WaveformEditor: No audio data found, trying to load...
 WaveformEditor: _loadAudioData is deprecated. Use loadAudioForSync() instead.
_loadAudioData @ waveform-editor.js:1153
rtf-parser.js:849 WaveformEditor: _activateFirstUnmarkedLine called.
rtf-parser.js:849 WaveformEditor: Markers length: 56
rtf-parser.js:849 WaveformEditor: Total lyric lines from lyricsDisplay: 56
rtf-parser.js:849 [SETACTIVE] Called with index 0. Current style: default
rtf-parser.js:849 Sync Editor: Skipping standard scroll - using forced centering only
rtf-parser.js:849 Sync Editor: Positioned line 0 at TOP (teleprompter mode)
rtf-parser.js:849 LoopBlockManager: Sync editor opened event received
rtf-parser.js:849 WaveformEditor: Dispatched sync-editor-opened event Object
rtf-parser.js:849 Sync Editor: Positioned line 0 at TOP (teleprompter mode)
rtf-parser.js:849 Auto-scroll re-enabled after scroll event
rtf-parser.js:849 🔇 Глубокая тишина - очистка нот
rtf-parser.js:849 🛑 Принудительная остановка всех нот (deep_silence), активных: 1
rtf-parser.js:849 🎯 Высокая ясность (92.1%) - принимаем возможную гармонику: 587.1Hz
rtf-parser.js:849 ✅ Октавный переход разрешен: 293.7Hz → 587.1Hz за 587мс (ratio: 2.00)
rtf-parser.js:849 🎯 Высокая ясность (99.1%) - принимаем возможную гармонику: 292.8Hz
rtf-parser.js:849 🚫 Октавный скачок заблокирован: 586.0Hz → 292.8Hz за 39мс (ratio: 0.50)
rtf-parser.js:849 ✅ Октавный переход разрешен: 586.0Hz → 292.7Hz за 52мс (ratio: 0.50)
rtf-parser.js:849 🔇 Глубокая тишина - очистка нот
rtf-parser.js:849 🛑 Принудительная остановка всех нот (deep_silence), активных: 1
rtf-parser.js:849 🔄 WaveformEditor: Начинаем переключение на источник: instrumental
rtf-parser.js:849 WaveformEditor notification: Загружаем Инструментал...
rtf-parser.js:849 🔇 Глубокая тишина - очистка нот
rtf-parser.js:849 🛑 Принудительная остановка всех нот (deep_silence), активных: 1
rtf-parser.js:849 🚫 Блокирована очевидная гармоника: 335.8Hz (0.49x от 691.5Hz, ясность: 89.8%)
rtf-parser.js:849 🎯 Высокая ясность (96.9%) - принимаем возможную гармонику: 373.5Hz
rtf-parser.js:849 ✅ Октавный переход разрешен: 189.6Hz → 373.5Hz за 98мс (ratio: 1.97)
rtf-parser.js:849 🎯 Высокая ясность (99.2%) - принимаем возможную гармонику: 406.0Hz
rtf-parser.js:849 🚫 Октавный скачок заблокирован: 205.1Hz → 406.0Hz за 38мс (ratio: 1.98)
rtf-parser.js:849 ✅ Октавный переход разрешен: 205.1Hz → 399.4Hz за 59мс (ratio: 1.95)
rtf-parser.js:849 ✅ Октавный переход разрешен: 536.7Hz → 176.1Hz за 64мс (ratio: 0.33)
rtf-parser.js:849 ✅ Data loaded for instrumental
rtf-parser.js:849 WaveformEditor notification: Переключено на Инструментал
rtf-parser.js:849 ✅ Октавный переход разрешен: 361.5Hz → 192.9Hz за 48мс (ratio: 0.53)
rtf-parser.js:849 🚫 Октавный скачок заблокирован: 193.7Hz → 380.7Hz за 30мс (ratio: 1.97)
rtf-parser.js:849 ✅ Октавный переход разрешен: 193.7Hz → 384.3Hz за 60мс (ratio: 1.98)
rtf-parser.js:849 🎯 Высокая ясность (97.4%) - принимаем возможную гармонику: 194.3Hz
rtf-parser.js:849 ✅ Октавный переход разрешен: 394.4Hz → 194.3Hz за 70мс (ratio: 0.49)
rtf-parser.js:849 ✅ Октавный переход разрешен: 867.3Hz → 416.9Hz за 129мс (ratio: 0.48)
rtf-parser.js:849 🔇 Глубокая тишина - очистка нот
rtf-parser.js:849 🛑 Принудительная остановка всех нот (deep_silence), активных: 1
rtf-parser.js:849 🔄 WaveformEditor: Начинаем переключение на источник: master
rtf-parser.js:849 WaveformEditor notification: Загружаем компоненты для Мастер-вида...
rtf-parser.js:849 WaveformEditor notification: Переключено на Мастер
rtf-parser.js:849 🔇 Глубокая тишина - очистка нот
rtf-parser.js:849 🛑 Принудительная остановка всех нот (deep_silence), активных: 1
rtf-parser.js:849 ✅ Октавный переход разрешен: 276.6Hz → 543.8Hz за 56мс (ratio: 1.97)
rtf-parser.js:849 [SETACTIVE] Called with index 1. Current style: default
rtf-parser.js:849 Sync Editor: Skipping standard scroll - using forced centering only
rtf-parser.js:849 Sync Editor: Positioned line 1 at TOP (teleprompter mode)
rtf-parser.js:849 🔇 Глубокая тишина - очистка нот
rtf-parser.js:849 🛑 Принудительная остановка всех нот (deep_silence), активных: 1
rtf-parser.js:849 [SETACTIVE] Called with index 2. Current style: default
rtf-parser.js:849 Sync Editor: Skipping standard scroll - using forced centering only
rtf-parser.js:849 Sync Editor: Positioned line 2 at TOP (teleprompter mode)
rtf-parser.js:849 🔇 Глубокая тишина - очистка нот
rtf-parser.js:849 🛑 Принудительная остановка всех нот (deep_silence), активных: 1
rtf-parser.js:849 🎯 Высокая ясность (92.7%) - принимаем возможную гармонику: 387.4Hz
rtf-parser.js:849 🚫 Октавный скачок заблокирован: 763.0Hz → 387.4Hz за 35мс (ratio: 0.51)
rtf-parser.js:849 ✅ Октавный переход разрешен: 763.0Hz → 387.7Hz за 42мс (ratio: 0.51)
rtf-parser.js:849 Auto-scroll re-enabled after scroll event
rtf-parser.js:849 WaveformEditor notification: BPM сброшен на 120
rtf-parser.js:849 [SETACTIVE] Called with index 3. Current style: default
rtf-parser.js:849 Sync Editor: Skipping standard scroll - using forced centering only
rtf-parser.js:849 Sync Editor: Positioned line 3 at TOP (teleprompter mode)
rtf-parser.js:849 🔇 Глубокая тишина - очистка нот
rtf-parser.js:849 🛑 Принудительная остановка всех нот (deep_silence), активных: 1
rtf-parser.js:849 [SETACTIVE] Called with index 4. Current style: default
rtf-parser.js:849 Sync Editor: Skipping standard scroll - using forced centering only
rtf-parser.js:849 Sync Editor: Positioned line 4 at TOP (teleprompter mode)
rtf-parser.js:849 WaveformEditor notification: Привязка к сетке включена
rtf-parser.js:849 Auto-scroll re-enabled after scroll event
rtf-parser.js:849 [SETACTIVE] Called with index 5. Current style: default
rtf-parser.js:849 Sync Editor: Skipping standard scroll - using forced centering only
rtf-parser.js:849 Sync Editor: Positioned line 5 at TOP (teleprompter mode)
rtf-parser.js:849 🔇 Глубокая тишина - очистка нот
rtf-parser.js:849 🛑 Принудительная остановка всех нот (deep_silence), активных: 1
rtf-parser.js:849 🔇 Глубокая тишина - очистка нот
rtf-parser.js:849 🛑 Принудительная остановка всех нот (deep_silence), активных: 1
rtf-parser.js:849 🔇 Глубокая тишина - очистка нот
 🛑 Принудительная остановка всех нот (deep_silence), активных: 1
 WaveformEditor notification: Сетка выключена
 🔇 Глубокая тишина - очистка нот
 🛑 Принудительная остановка всех нот (deep_silence), активных: 1
 [SETACTIVE] Called with index 6. Current style: default
 Sync Editor: Skipping standard scroll - using forced centering only
 Sync Editor: Positioned line 6 at TOP (teleprompter mode)
 🔇 Глубокая тишина - очистка нот
 🛑 Принудительная остановка всех нот (deep_silence), активных: 1
 WaveformEditor notification: Сетка включена
 Auto-scroll re-enabled after scroll event
 WaveformEditor notification: Сетка выключена
 🚫 Блокирована очевидная гармоника: 700.7Hz (1.99x от 352.1Hz, ясность: 89.3%)
 [SETACTIVE] Called with index 7. Current style: default
 Sync Editor: Skipping standard scroll - using forced centering only
 Sync Editor: Positioned line 7 at TOP (teleprompter mode)
 🔇 Глубокая тишина - очистка нот
 🛑 Принудительная остановка всех нот (deep_silence), активных: 1
 [SETACTIVE] Called with index 8. Current style: default
 Sync Editor: Skipping standard scroll - using forced centering only
 Sync Editor: Positioned line 8 at TOP (teleprompter mode)
 🔇 Глубокая тишина - очистка нот
 🛑 Принудительная остановка всех нот (deep_silence), активных: 1
 🚫 Блокирована очевидная гармоника: 157.8Hz (0.51x от 308.3Hz, ясность: 78.4%)
 🎯 Высокая ясность (95.1%) - принимаем возможную гармонику: 299.6Hz
 🚫 Октавный скачок заблокирован: 582.9Hz → 299.6Hz за 27мс (ratio: 0.51)
 🚫 Октавный скачок заблокирован: 582.9Hz → 299.7Hz за 31мс (ratio: 0.51)
 ✅ Октавный переход разрешен: 582.9Hz → 304.1Hz за 49мс (ratio: 0.52)
 Auto-scroll re-enabled after scroll event
 🔇 Глубокая тишина - очистка нот
 🛑 Принудительная остановка всех нот (deep_silence), активных: 1
 WaveformEditor notification: Метроном включен
 [SETACTIVE] Called with index 9. Current style: default
 Sync Editor: Skipping standard scroll - using forced centering only
 Sync Editor: Positioned line 9 at TOP (teleprompter mode)
 🔇 Глубокая тишина - очистка нот
 🛑 Принудительная остановка всех нот (deep_silence), активных: 1
 🔇 Глубокая тишина - очистка нот
 🛑 Принудительная остановка всех нот (deep_silence), активных: 1
 [SETACTIVE] Called with index 10. Current style: default
 Sync Editor: Skipping standard scroll - using forced centering only
 Sync Editor: Positioned line 10 at TOP (teleprompter mode)
 🔇 Глубокая тишина - очистка нот
 🛑 Принудительная остановка всех нот (deep_silence), активных: 1
 Auto-scroll re-enabled after scroll event
 [SETACTIVE] Called with index 11. Current style: default
 Sync Editor: Skipping standard scroll - using forced centering only
 Sync Editor: Positioned line 11 at TOP (teleprompter mode)
 WaveformEditor notification: Метроном выключен
 [SETACTIVE] Called with index 12. Current style: default
 Sync Editor: Skipping standard scroll - using forced centering only
 Sync Editor: Positioned line 12 at TOP (teleprompter mode)
 🔇 Глубокая тишина - очистка нот
 🛑 Принудительная остановка всех нот (deep_silence), активных: 1
 🔇 Глубокая тишина - очистка нот
 🛑 Принудительная остановка всех нот (deep_silence), активных: 1
 WaveformEditor notification: Метроном включен
 WaveformEditor notification: Метроном выключен
 🔇 Глубокая тишина - очистка нот
 🛑 Принудительная остановка всех нот (deep_silence), активных: 1
 Auto-scroll re-enabled after scroll event
 WaveformEditor notification: Сетка включена
 [SETACTIVE] Called with index 13. Current style: default
 Sync Editor: Skipping standard scroll - using forced centering only
 Sync Editor: Positioned line 13 at TOP (teleprompter mode)
 🚫 Блокирована очевидная гармоника: 500.3Hz (1.98x от 253.3Hz, ясность: 87.0%)
 🔇 Глубокая тишина - очистка нот
 🛑 Принудительная остановка всех нот (deep_silence), активных: 1
 WaveformEditor notification: Сетка выключена
 WaveformEditor notification: Привязка к сетке выключена
 🔇 Глубокая тишина - очистка нот
 🛑 Принудительная остановка всех нот (deep_silence), активных: 1
 ✅ Karaoke Background Manager: SUCCESSFULLY set background to Karaoke/pexels-capturexpression-26530062.jpg
 [SETACTIVE] Called with index 14. Current style: default
 Sync Editor: Skipping standard scroll - using forced centering only
 Sync Editor: Positioned line 14 at TOP (teleprompter mode)
 ✅ Октавный переход разрешен: 387.8Hz → 745.5Hz за 80мс (ratio: 1.92)
 🎯 Высокая ясность (93.0%) - принимаем возможную гармонику: 364.3Hz
 🚫 Октавный скачок заблокирован: 745.5Hz → 364.3Hz за 22мс (ratio: 0.49)
 🔇 Глубокая тишина - очистка нот
 🛑 Принудительная остановка всех нот (deep_silence), активных: 1
 Auto-scroll re-enabled after scroll event
 WaveformEditor notification: BPM сброшен на 120
 [SETACTIVE] Called with index 15. Current style: default
 Sync Editor: Skipping standard scroll - using forced centering only
 Sync Editor: Positioned line 15 at TOP (teleprompter mode)
 🔇 Глубокая тишина - очистка нот
 🛑 Принудительная остановка всех нот (deep_silence), активных: 1
 🔇 Глубокая тишина - очистка нот
 🛑 Принудительная остановка всех нот (deep_silence), активных: 1
 🔇 Глубокая тишина - очистка нот
 🛑 Принудительная остановка всех нот (deep_silence), активных: 1
 Auto-scroll re-enabled after scroll event
 [SETACTIVE] Called with index 16. Current style: default
 Sync Editor: Skipping standard scroll - using forced centering only
 Sync Editor: Positioned line 16 at TOP (teleprompter mode)
 🚫 Октавный скачок заблокирован: 617.9Hz → 327.9Hz за 30мс (ratio: 0.53)
 ✅ Октавный переход разрешен: 617.9Hz → 331.1Hz за 69мс (ratio: 0.54)
 🚫 Блокирована очевидная гармоника: 596.2Hz (1.98x от 301.2Hz, ясность: 81.7%)
 🚫 Блокирована очевидная гармоника: 603.3Hz (2.00x от 301.2Hz, ясность: 82.2%)
 🚫 Блокирована очевидная гармоника: 606.8Hz (2.01x от 301.2Hz, ясность: 76.9%)
 🎯 Высокая ясность (94.6%) - принимаем возможную гармонику: 162.5Hz
 🚫 Октавный скачок заблокирован: 322.4Hz → 162.5Hz за 19мс (ratio: 0.50)
 🚫 Октавный скачок заблокирован: 322.4Hz → 162.8Hz за 36мс (ratio: 0.50)
 ✅ Октавный переход разрешен: 322.4Hz → 163.0Hz за 59мс (ratio: 0.51)
 🚫 Блокирована очевидная гармоника: 324.0Hz (2.01x от 160.9Hz, ясность: 85.8%)
 ✅ Октавный переход разрешен: 160.9Hz → 327.2Hz за 310мс (ratio: 2.03)
 🚫 Блокирована очевидная гармоника: 258.9Hz (2.00x от 129.4Hz, ясность: 86.9%)
 🔇 Глубокая тишина - очистка нот
 🛑 Принудительная остановка всех нот (deep_silence), активных: 1
 Auto-scroll re-enabled after scroll event
 🔇 Глубокая тишина - очистка нот
 🛑 Принудительная остановка всех нот (deep_silence), активных: 1
 🚫 Октавный скачок заблокирован: 303.3Hz → 628.7Hz за 17мс (ratio: 2.07)
 🔇 Глубокая тишина - очистка нот
 🛑 Принудительная остановка всех нот (deep_silence), активных: 1
 [SETACTIVE] Called with index 17. Current style: default
 Sync Editor: Skipping standard scroll - using forced centering only
 Sync Editor: Positioned line 17 at TOP (teleprompter mode)
 🔇 Глубокая тишина - очистка нот
 🛑 Принудительная остановка всех нот (deep_silence), активных: 1
 🔇 Глубокая тишина - очистка нот
 🛑 Принудительная остановка всех нот (deep_silence), активных: 1
 ✅ Октавный переход разрешен: 341.5Hz → 672.0Hz за 85мс (ratio: 1.97)
 🎯 Высокая ясность (98.6%) - принимаем возможную гармонику: 335.0Hz
 🚫 Октавный скачок заблокирован: 672.0Hz → 335.0Hz за 8мс (ratio: 0.50)
 🚫 Октавный скачок заблокирован: 672.0Hz → 334.4Hz за 19мс (ratio: 0.50)
 ✅ Октавный переход разрешен: 672.0Hz → 332.9Hz за 44мс (ratio: 0.50)
 [SETACTIVE] Called with index 18. Current style: default
 Sync Editor: Skipping standard scroll - using forced centering only
 Sync Editor: Positioned line 18 at TOP (teleprompter mode)
 🔇 Глубокая тишина - очистка нот
 🛑 Принудительная остановка всех нот (deep_silence), активных: 1
 🔇 Глубокая тишина - очистка нот
 🛑 Принудительная остановка всех нот (deep_silence), активных: 1
 Auto-scroll re-enabled after scroll event
 🚫 Октавный скачок заблокирован: 123.5Hz → 251.4Hz за 30мс (ratio: 2.03)
 🚫 Октавный скачок заблокирован: 123.5Hz → 253.4Hz за 35мс (ratio: 2.05)
 ✅ Октавный переход разрешен: 675.1Hz → 149.3Hz за 186мс (ratio: 0.22)
 ✅ Октавный переход разрешен: 149.3Hz → 291.1Hz за 120мс (ratio: 1.95)
 [SETACTIVE] Called with index 19. Current style: default
 Sync Editor: Skipping standard scroll - using forced centering only
 Sync Editor: Positioned line 19 at TOP (teleprompter mode)
 🔇 Глубокая тишина - очистка нот
 🛑 Принудительная остановка всех нот (deep_silence), активных: 1
 🚫 Октавный скачок заблокирован: 268.9Hz → 81.8Hz за 26мс (ratio: 0.30)
 🚫 Блокирована очевидная гармоника: 616.4Hz (1.97x от 312.5Hz, ясность: 86.4%)
 🔇 Глубокая тишина - очистка нот
 🛑 Принудительная остановка всех нот (deep_silence), активных: 1
 🚫 Блокирована очевидная гармоника: 574.7Hz (1.98x от 289.6Hz, ясность: 83.8%)
 🚫 Блокирована очевидная гармоника: 572.2Hz (1.98x от 289.6Hz, ясность: 82.8%)
 🔇 Глубокая тишина - очистка нот
 🛑 Принудительная остановка всех нот (deep_silence), активных: 1
 🚫 Блокирована очевидная гармоника: 641.1Hz (2.01x от 318.3Hz, ясность: 80.9%)
 🚫 Блокирована очевидная гармоника: 636.3Hz (2.00x от 318.3Hz, ясность: 79.7%)
 🚫 Блокирована очевидная гармоника: 635.3Hz (2.00x от 318.3Hz, ясность: 74.5%)
 🎯 Высокая ясность (91.7%) - принимаем возможную гармонику: 642.8Hz
 ✅ Октавный переход разрешен: 321.9Hz → 642.8Hz за 271мс (ratio: 2.00)
 🎯 Высокая ясность (99.4%) - принимаем возможную гармонику: 324.0Hz
 🚫 Октавный скачок заблокирован: 645.8Hz → 324.0Hz за 29мс (ratio: 0.50)
 ✅ Октавный переход разрешен: 645.8Hz → 324.3Hz за 54мс (ratio: 0.50)
 Auto-scroll re-enabled after scroll event
 🔇 Глубокая тишина - очистка нот
 🛑 Принудительная остановка всех нот (deep_silence), активных: 1
 [SETACTIVE] Called with index 20. Current style: default
 Sync Editor: Skipping standard scroll - using forced centering only
 Sync Editor: Positioned line 20 at TOP (teleprompter mode)
 ✅ Октавный переход разрешен: 258.2Hz → 120.8Hz за 166мс (ratio: 0.47)
 🎯 Высокая ясность (90.6%) - принимаем возможную гармонику: 669.1Hz
 ✅ Октавный переход разрешен: 332.4Hz → 669.1Hz за 64мс (ratio: 2.01)
 🎯 Высокая ясность (90.9%) - принимаем возможную гармонику: 340.3Hz
 ✅ Октавный переход разрешен: 669.7Hz → 340.3Hz за 41мс (ratio: 0.51)
 🔇 Глубокая тишина - очистка нот
 🛑 Принудительная остановка всех нот (deep_silence), активных: 1
 ✅ Октавный переход разрешен: 322.0Hz → 632.9Hz за 71мс (ratio: 1.97)
 🎯 Высокая ясность (99.0%) - принимаем возможную гармонику: 313.9Hz
 🚫 Октавный скачок заблокирован: 632.9Hz → 313.9Hz за 26мс (ratio: 0.50)
 🚫 Октавный скачок заблокирован: 632.9Hz → 313.9Hz за 30мс (ratio: 0.50)
 ✅ Октавный переход разрешен: 632.9Hz → 316.3Hz за 50мс (ratio: 0.50)
 🚫 Блокирована очевидная гармоника: 638.7Hz (1.99x от 320.8Hz, ясность: 87.9%)
 🎯 Высокая ясность (91.1%) - принимаем возможную гармонику: 637.6Hz
 ✅ Октавный переход разрешен: 320.8Hz → 637.6Hz за 117мс (ratio: 1.99)
 🚫 Октавный скачок заблокирован: 637.6Hz → 330.0Hz за 27мс (ratio: 0.52)
 🚫 Октавный скачок заблокирован: 637.6Hz → 327.9Hz за 34мс (ratio: 0.51)
 [SETACTIVE] Called with index 21. Current style: default
 Sync Editor: Skipping standard scroll - using forced centering only
 Sync Editor: Positioned line 21 at TOP (teleprompter mode)
 ✅ Октавный переход разрешен: 637.6Hz → 324.9Hz за 50мс (ratio: 0.51)
 🔇 Глубокая тишина - очистка нот
 🛑 Принудительная остановка всех нот (deep_silence), активных: 1
 🔇 Глубокая тишина - очистка нот
 🛑 Принудительная остановка всех нот (deep_silence), активных: 1
 Auto-scroll re-enabled after scroll event
 🔇 Глубокая тишина - очистка нот
 🛑 Принудительная остановка всех нот (deep_silence), активных: 1
 🚫 Блокирована очевидная гармоника: 123.1Hz (0.49x от 252.1Hz, ясность: 83.1%)
 ✅ Октавный переход разрешен: 236.3Hz → 480.7Hz за 42мс (ratio: 2.03)
 🚫 Блокирована очевидная гармоника: 245.1Hz (0.51x от 480.7Hz, ясность: 70.4%)
 🚫 Октавный скачок заблокирован: 480.7Hz → 253.5Hz за 21мс (ratio: 0.53)
 ✅ Октавный переход разрешен: 480.7Hz → 258.0Hz за 45мс (ratio: 0.54)
 🔇 Глубокая тишина - очистка нот
 🛑 Принудительная остановка всех нот (deep_silence), активных: 1
 [SETACTIVE] Called with index 22. Current style: default
 Sync Editor: Skipping standard scroll - using forced centering only
 Sync Editor: Positioned line 22 at TOP (teleprompter mode)
 🚫 Блокирована очевидная гармоника: 646.2Hz (1.97x от 327.9Hz, ясность: 84.1%)
 ✅ Октавный переход разрешен: 327.9Hz → 639.9Hz за 52мс (ratio: 1.95)
 🎯 Высокая ясность (95.5%) - принимаем возможную гармонику: 317.4Hz
 🚫 Октавный скачок заблокирован: 635.1Hz → 317.4Hz за 36мс (ratio: 0.50)
 ✅ Октавный переход разрешен: 635.1Hz → 322.0Hz за 50мс (ratio: 0.51)
 [SETACTIVE] Called with index 23. Current style: default
 Sync Editor: Skipping standard scroll - using forced centering only
 Sync Editor: Positioned line 23 at TOP (teleprompter mode)
 🔇 Глубокая тишина - очистка нот
 🛑 Принудительная остановка всех нот (deep_silence), активных: 1
 Auto-scroll re-enabled after scroll event
 [SETACTIVE] Called with index 24. Current style: default
 Sync Editor: Skipping standard scroll - using forced centering only
 Sync Editor: Positioned line 24 at TOP (teleprompter mode)
 🔇 Глубокая тишина - очистка нот
 🛑 Принудительная остановка всех нот (deep_silence), активных: 1
 🔇 Глубокая тишина - очистка нот
 🛑 Принудительная остановка всех нот (deep_silence), активных: 1
 ✅ Октавный переход разрешен: 348.5Hz → 69.8Hz за 182мс (ratio: 0.20)
 [SETACTIVE] Called with index 25. Current style: default
 Sync Editor: Skipping standard scroll - using forced centering only
 Sync Editor: Positioned line 25 at TOP (teleprompter mode)
 Auto-scroll re-enabled after scroll event
 ✅ Октавный переход разрешен: 976.0Hz → 313.3Hz за 114мс (ratio: 0.32)
 🔇 Глубокая тишина - очистка нот
 🛑 Принудительная остановка всех нот (deep_silence), активных: 1
 [SETACTIVE] Called with index 26. Current style: default
 Sync Editor: Skipping standard scroll - using forced centering only
 Sync Editor: Positioned line 26 at TOP (teleprompter mode)
 🔇 Глубокая тишина - очистка нот
 🛑 Принудительная остановка всех нот (deep_silence), активных: 1
 ✅ Октавный переход разрешен: 630.0Hz → 293.0Hz за 47мс (ratio: 0.47)
 🔇 Глубокая тишина - очистка нот
 🛑 Принудительная остановка всех нот (deep_silence), активных: 1
 🔇 Глубокая тишина - очистка нот
 🛑 Принудительная остановка всех нот (deep_silence), активных: 1
 [SETACTIVE] Called with index 27. Current style: default
 Sync Editor: Skipping standard scroll - using forced centering only
 Sync Editor: Positioned line 27 at TOP (teleprompter mode)
 🔇 Глубокая тишина - очистка нот
 🛑 Принудительная остановка всех нот (deep_silence), активных: 1
 ✅ Октавный переход разрешен: 146.0Hz → 282.5Hz за 70мс (ratio: 1.93)
 Auto-scroll re-enabled after scroll event
 🔇 Глубокая тишина - очистка нот
 🛑 Принудительная остановка всех нот (deep_silence), активных: 1
 ✅ Октавный переход разрешен: 784.0Hz → 248.7Hz за 55мс (ratio: 0.32)
 [SETACTIVE] Called with index 28. Current style: default
 Sync Editor: Skipping standard scroll - using forced centering only
 Sync Editor: Positioned line 28 at TOP (teleprompter mode)
 🔇 Глубокая тишина - очистка нот
 🛑 Принудительная остановка всех нот (deep_silence), активных: 1
 🚫 Блокирована очевидная гармоника: 377.4Hz (0.50x от 760.8Hz, ясность: 81.2%)
 🚫 Блокирована очевидная гармоника: 377.4Hz (0.50x от 760.8Hz, ясность: 81.2%)
 ✅ Октавный переход разрешен: 760.8Hz → 399.8Hz за 193мс (ratio: 0.53)
 [SETACTIVE] Called with index 29. Current style: default
 Sync Editor: Skipping standard scroll - using forced centering only
 Sync Editor: Positioned line 29 at TOP (teleprompter mode)
 ✅ Karaoke Background Manager: SUCCESSFULLY set background to Karaoke/istockphoto-1206780681-1024x1024.jpg
 Auto-scroll re-enabled after scroll event
 🔇 Глубокая тишина - очистка нот
 🛑 Принудительная остановка всех нот (deep_silence), активных: 1
 [SETACTIVE] Called with index 30. Current style: default
 Sync Editor: Skipping standard scroll - using forced centering only
 Sync Editor: Positioned line 30 at TOP (teleprompter mode)
 🔇 Глубокая тишина - очистка нот
 🛑 Принудительная остановка всех нот (deep_silence), активных: 1
 🔇 Глубокая тишина - очистка нот
 🛑 Принудительная остановка всех нот (deep_silence), активных: 1
 [SETACTIVE] Called with index 31. Current style: default
 Sync Editor: Skipping standard scroll - using forced centering only
 Sync Editor: Positioned line 31 at TOP (teleprompter mode)
 🔇 Глубокая тишина - очистка нот
 🛑 Принудительная остановка всех нот (deep_silence), активных: 1
 🔇 Глубокая тишина - очистка нот
 🛑 Принудительная остановка всех нот (deep_silence), активных: 1
 Auto-scroll re-enabled after scroll event
 🔇 Глубокая тишина - очистка нот
 🛑 Принудительная остановка всех нот (deep_silence), активных: 1
 [SETACTIVE] Called with index 32. Current style: default
 Sync Editor: Skipping standard scroll - using forced centering only
 Sync Editor: Positioned line 32 at TOP (teleprompter mode)
 🔇 Глубокая тишина - очистка нот
 🛑 Принудительная остановка всех нот (deep_silence), активных: 1
 [SETACTIVE] Called with index 33. Current style: default
 Sync Editor: Skipping standard scroll - using forced centering only
 Sync Editor: Positioned line 33 at TOP (teleprompter mode)
 🚫 Блокирована очевидная гармоника: 626.4Hz (2.00x от 313.4Hz, ясность: 77.8%)
 🚫 Октавный скачок заблокирован: 712.5Hz → 337.9Hz за 22мс (ratio: 0.47)
 Auto-scroll re-enabled after scroll event
 🔇 Глубокая тишина - очистка нот
 🛑 Принудительная остановка всех нот (deep_silence), активных: 1
 [SETACTIVE] Called with index 34. Current style: default
 Sync Editor: Skipping standard scroll - using forced centering only
 Sync Editor: Positioned line 34 at TOP (teleprompter mode)
 🎯 Высокая ясность (96.8%) - принимаем возможную гармонику: 299.7Hz
 ✅ Октавный переход разрешен: 598.6Hz → 299.7Hz за 178мс (ratio: 0.50)
 🔇 Глубокая тишина - очистка нот
 🛑 Принудительная остановка всех нот (deep_silence), активных: 1
 🔇 Глубокая тишина - очистка нот
 🛑 Принудительная остановка всех нот (deep_silence), активных: 1
 🔇 Глубокая тишина - очистка нот
 🛑 Принудительная остановка всех нот (deep_silence), активных: 1
 [SETACTIVE] Called with index 35. Current style: default
 Sync Editor: Skipping standard scroll - using forced centering only
 Sync Editor: Positioned line 35 at TOP (teleprompter mode)
 🔇 Глубокая тишина - очистка нот
 🛑 Принудительная остановка всех нот (deep_silence), активных: 1
 🚫 Блокирована очевидная гармоника: 301.4Hz (1.98x от 152.3Hz, ясность: 80.8%)
 🚫 Блокирована очевидная гармоника: 303.3Hz (1.99x от 152.3Hz, ясность: 89.0%)
 🔇 Глубокая тишина - очистка нот
 🛑 Принудительная остановка всех нот (deep_silence), активных: 1
 Auto-scroll re-enabled after scroll event
 🔇 Глубокая тишина - очистка нот
 🛑 Принудительная остановка всех нот (deep_silence), активных: 1
 🔇 Глубокая тишина - очистка нот
 🛑 Принудительная остановка всех нот (deep_silence), активных: 1
 [SETACTIVE] Called with index 36. Current style: default
 Sync Editor: Skipping standard scroll - using forced centering only
 Sync Editor: Positioned line 36 at TOP (teleprompter mode)
 🔇 Глубокая тишина - очистка нот
 🛑 Принудительная остановка всех нот (deep_silence), активных: 1
 🔇 Глубокая тишина - очистка нот
 🛑 Принудительная остановка всех нот (deep_silence), активных: 1
 [SETACTIVE] Called with index 37. Current style: default
 Sync Editor: Skipping standard scroll - using forced centering only
 Sync Editor: Positioned line 37 at TOP (teleprompter mode)
 🚫 Блокирована очевидная гармоника: 641.6Hz (1.99x от 322.5Hz, ясность: 86.7%)
 Auto-scroll re-enabled after scroll event
 🔇 Глубокая тишина - очистка нот
 🛑 Принудительная остановка всех нот (deep_silence), активных: 1
 [SETACTIVE] Called with index 38. Current style: default
 Sync Editor: Skipping standard scroll - using forced centering only
 Sync Editor: Positioned line 38 at TOP (teleprompter mode)
 ✅ Октавный переход разрешен: 298.5Hz → 160.3Hz за 56мс (ratio: 0.54)
 🚫 Блокирована очевидная гармоника: 319.7Hz (2.00x от 159.8Hz, ясность: 84.7%)
 ✅ Октавный переход разрешен: 159.8Hz → 311.4Hz за 126мс (ratio: 1.95)
 🎯 Высокая ясность (94.4%) - принимаем возможную гармонику: 299.5Hz
 🚫 Октавный скачок заблокирован: 599.1Hz → 299.5Hz за 15мс (ratio: 0.50)
 ✅ Октавный переход разрешен: 599.1Hz → 280.4Hz за 70мс (ratio: 0.47)
 🔇 Глубокая тишина - очистка нот
 🛑 Принудительная остановка всех нот (deep_silence), активных: 1
 Auto-scroll re-enabled after scroll event
 🔇 Глубокая тишина - очистка нот
 🛑 Принудительная остановка всех нот (deep_silence), активных: 1
 🔇 Глубокая тишина - очистка нот
 🛑 Принудительная остановка всех нот (deep_silence), активных: 1
 [SETACTIVE] Called with index 39. Current style: default
 Sync Editor: Skipping standard scroll - using forced centering only
 Sync Editor: Positioned line 39 at TOP (teleprompter mode)
rtf-parser.js:849 🔇 Глубокая тишина - очистка нот
rtf-parser.js:849 🛑 Принудительная остановка всех нот (deep_silence), активных: 1
rtf-parser.js:849 🔇 Глубокая тишина - очистка нот
rtf-parser.js:849 🛑 Принудительная остановка всех нот (deep_silence), активных: 1
rtf-parser.js:849 🔇 Глубокая тишина - очистка нот
rtf-parser.js:849 🛑 Принудительная остановка всех нот (deep_silence), активных: 1
rtf-parser.js:849 🚫 Блокирована очевидная гармоника: 624.6Hz (2.00x от 312.6Hz, ясность: 80.6%)
rtf-parser.js:849 [SETACTIVE] Called with index 40. Current style: default
rtf-parser.js:849 Sync Editor: Skipping standard scroll - using forced centering only
rtf-parser.js:849 Sync Editor: Positioned line 40 at TOP (teleprompter mode)
rtf-parser.js:849 🚫 Блокирована очевидная гармоника: 252.7Hz (2.01x от 125.5Hz, ясность: 84.2%)
rtf-parser.js:849 🚫 Блокирована очевидная гармоника: 252.7Hz (2.01x от 125.5Hz, ясность: 84.2%)
rtf-parser.js:849 🚫 Блокирована очевидная гармоника: 254.7Hz (2.03x от 125.5Hz, ясность: 86.9%)
rtf-parser.js:849 🚫 Блокирована очевидная гармоника: 254.1Hz (2.02x от 125.5Hz, ясность: 81.0%)
rtf-parser.js:849 🔇 Глубокая тишина - очистка нот
rtf-parser.js:849 🛑 Принудительная остановка всех нот (deep_silence), активных: 1
rtf-parser.js:849 🚫 Блокирована очевидная гармоника: 250.6Hz (2.00x от 125.5Hz, ясность: 75.1%)
rtf-parser.js:849 🚫 Блокирована очевидная гармоника: 248.4Hz (1.98x от 125.5Hz, ясность: 84.7%)
rtf-parser.js:849 Auto-scroll re-enabled after scroll event
rtf-parser.js:849 🔇 Глубокая тишина - очистка нот
rtf-parser.js:849 🛑 Принудительная остановка всех нот (deep_silence), активных: 1
rtf-parser.js:849 🔇 Глубокая тишина - очистка нот
rtf-parser.js:849 🛑 Принудительная остановка всех нот (deep_silence), активных: 1
rtf-parser.js:849 [SETACTIVE] Called with index 41. Current style: default
rtf-parser.js:849 Sync Editor: Skipping standard scroll - using forced centering only
rtf-parser.js:849 Sync Editor: Positioned line 41 at TOP (teleprompter mode)
rtf-parser.js:849 🔇 Глубокая тишина - очистка нот
rtf-parser.js:849 🛑 Принудительная остановка всех нот (deep_silence), активных: 1
rtf-parser.js:849 🔇 Глубокая тишина - очистка нот
rtf-parser.js:849 🛑 Принудительная остановка всех нот (deep_silence), активных: 1
rtf-parser.js:849 🎯 Высокая ясность (96.8%) - принимаем возможную гармонику: 263.2Hz
rtf-parser.js:849 🚫 Октавный скачок заблокирован: 522.2Hz → 263.2Hz за 33мс (ratio: 0.50)
rtf-parser.js:849 🚫 Октавный скачок заблокирован: 522.2Hz → 263.2Hz за 36мс (ratio: 0.50)
rtf-parser.js:849 ✅ Октавный переход разрешен: 522.2Hz → 263.0Hz за 57мс (ratio: 0.50)
rtf-parser.js:849 ✅ Октавный переход разрешен: 654.6Hz → 304.2Hz за 64мс (ratio: 0.46)
rtf-parser.js:849 🚫 Блокирована очевидная гармоника: 166.5Hz (0.51x от 323.5Hz, ясность: 70.6%)
rtf-parser.js:849 ✅ Октавный переход разрешен: 326.5Hz → 640.6Hz за 452мс (ratio: 1.96)
rtf-parser.js:849 🚫 Блокирована очевидная гармоника: 324.8Hz (0.51x от 632.9Hz, ясность: 86.3%)
rtf-parser.js:849 🔇 Глубокая тишина - очистка нот
rtf-parser.js:849 🛑 Принудительная остановка всех нот (deep_silence), активных: 1
rtf-parser.js:849 Auto-scroll re-enabled after scroll event
rtf-parser.js:849 🔇 Глубокая тишина - очистка нот
rtf-parser.js:849 🛑 Принудительная остановка всех нот (deep_silence), активных: 1
rtf-parser.js:849 🔇 Глубокая тишина - очистка нот
rtf-parser.js:849 🛑 Принудительная остановка всех нот (deep_silence), активных: 1
rtf-parser.js:849 ✅ Октавный переход разрешен: 332.1Hz → 99.7Hz за 126мс (ratio: 0.30)
rtf-parser.js:849 [SETACTIVE] Called with index 42. Current style: default
rtf-parser.js:849 Sync Editor: Skipping standard scroll - using forced centering only
rtf-parser.js:849 Sync Editor: Positioned line 42 at TOP (teleprompter mode)
rtf-parser.js:849 🔇 Глубокая тишина - очистка нот
rtf-parser.js:849 🛑 Принудительная остановка всех нот (deep_silence), активных: 1
rtf-parser.js:849 🚫 Блокирована очевидная гармоника: 690.1Hz (2.01x от 342.7Hz, ясность: 82.2%)
rtf-parser.js:849 [SETACTIVE] Called with index 43. Current style: default
rtf-parser.js:849 Sync Editor: Skipping standard scroll - using forced centering only
rtf-parser.js:849 Sync Editor: Positioned line 43 at TOP (teleprompter mode)
rtf-parser.js:849 🔇 Глубокая тишина - очистка нот
rtf-parser.js:849 🛑 Принудительная остановка всех нот (deep_silence), активных: 1
rtf-parser.js:849 Auto-scroll re-enabled after scroll event
rtf-parser.js:849 🔇 Глубокая тишина - очистка нот
rtf-parser.js:849 🛑 Принудительная остановка всех нот (deep_silence), активных: 1
rtf-parser.js:849 Key pressed: MetaLeft
rtf-parser.js:849 Key pressed: Meta, key code: 91, waveform active: true
rtf-parser.js:849 Key pressed: ShiftLeft
rtf-parser.js:849 Key pressed: Shift, key code: 16, waveform active: true
rtf-parser.js:849 LoopBlockManager: Shift key pressed, multiple selection mode active
rtf-parser.js:849 LoopBlockManager: Shift key released, multiple selection mode deactivated
rtf-parser.js:849 Key pressed: Space
rtf-parser.js:849 Space bar pressed, toggling playback
rtf-parser.js:849 ⏸️ ИНСТРУМЕНТАЛ: Пауза
rtf-parser.js:849 ⏸️ ВОКАЛ: Пауза
rtf-parser.js:849 isPlaying property set to: false
rtf-parser.js:849 Key pressed:  , key code: 32, waveform active: true
rtf-parser.js:849 🔍 Статический анализ: 21.6Hz (66.7%)
rtf-parser.js:849 Key pressed: AltLeft
rtf-parser.js:849 Key pressed: Alt, key code: 18, waveform active: true
rtf-parser.js:849 Key pressed: MetaLeft
rtf-parser.js:849 Key pressed: Meta, key code: 91, waveform active: true
rtf-parser.js:849 Key pressed: KeyJ
rtf-parser.js:849 Key pressed: ∆, key code: 74, waveform active: true
rtf-parser.js:849 ✅ Karaoke Background Manager: SUCCESSFULLY set background to Karaoke/pexels-suvan-chowdhury-37305-144429.jpg
rtf-parser.js:849 Auto-scroll re-enabled after scroll event
