 BlockLoopControl: blockElement found: true
 BlockLoopControl: Кнопка создана для блока: Block 5
 🔇 Глубокая тишина - очистка нот
 🛑 Принудительная остановка всех нот (deep_silence), активных: 1
 🔇 Глубокая тишина - очистка нот
 🛑 Принудительная остановка всех нот (deep_silence), активных: 1
 🔇 Глубокая тишина - очистка нот
 🛑 Принудительная остановка всех нот (deep_silence), активных: 1
 Rehearsal: Line changing from 34 to 35
 Splitting block "Block 2" (9 lines) into 2 parts with ~5 lines each
   Part 1: lines 0-4 (5 lines)
   Part 2: lines 5-8 (4 lines)
 Splitting block "Block 3" (10 lines) into 2 parts with ~5 lines each
   Part 1: lines 0-4 (5 lines)
   Part 2: lines 5-9 (5 lines)
 Splitting block "Block 5" (10 lines) into 2 parts with ~5 lines each
   Part 1: lines 0-4 (5 lines)
   Part 2: lines 5-9 (5 lines)
 Splitting block "Block 6" (10 lines) into 2 parts with ~5 lines each
   Part 1: lines 0-4 (5 lines)
   Part 2: lines 5-9 (5 lines)
 Splitting block "Block 10" (9 lines) into 2 parts with ~5 lines each
   Part 1: lines 0-4 (5 lines)
   Part 2: lines 5-8 (4 lines)
 Rehearsal: Current line 34 belongs to block: block-1750414608641-4-h7grxu7mu24-part-0 Array(5)
 Rehearsal: New line 35 belongs to block: block-1750414608641-4-h7grxu7mu24-part-1 Array(5)
 Rehearsal: *** BLOCK CHANGED *** from block-1750414608641-4-h7grxu7mu24-part-0 to block-1750414608641-4-h7grxu7mu24-part-1
 Rehearsal: Line changed from 34 to 35
 Rehearsal: Current block lines: Array(5)
 Rehearsal: New block lines: Array(5)
 Splitting block "Block 2" (9 lines) into 2 parts with ~5 lines each
   Part 1: lines 0-4 (5 lines)
   Part 2: lines 5-8 (4 lines)
 Splitting block "Block 3" (10 lines) into 2 parts with ~5 lines each
   Part 1: lines 0-4 (5 lines)
   Part 2: lines 5-9 (5 lines)
 Splitting block "Block 5" (10 lines) into 2 parts with ~5 lines each
   Part 1: lines 0-4 (5 lines)
   Part 2: lines 5-9 (5 lines)
 Splitting block "Block 6" (10 lines) into 2 parts with ~5 lines each
   Part 1: lines 0-4 (5 lines)
   Part 2: lines 5-9 (5 lines)
 Splitting block "Block 10" (9 lines) into 2 parts with ~5 lines each
   Part 1: lines 0-4 (5 lines)
   Part 2: lines 5-8 (4 lines)
 Rehearsal: Current line: 35, Total blocks: 16
 Rehearsal: DETAILED Block structure:
   Block 0 (block-1750414608639-0-ypcffvlnwc): name="Block 1", lines=[0,1,2,3,4]
     Content preview: "Just gonna stand there and watch me burn?
Well, that's alright because I like the way it hurts
Just "
       Line 0: "Just gonna stand there and watch me burn?"
       Line 1: "Well, that's alright because I like the way it hurts"
       Line 2: "Just gonna stand there and hear me cry?"
       Line 3: "Well, that's alright because I love the way you lie"
       Line 4: "I love the way you lie"
   Block 1 (block-1750414608640-1-7zatky019lm-part-0): name="Block 2", lines=[5,6,7,8,9]
     Content preview: "I can't tell you what it really is
I can only tell you what it feels like
And right now, there's a s"
       Line 5: "I can't tell you what it really is"
       Line 6: "I can only tell you what it feels like"
       Line 7: "And right now, there's a steel knife in my windpipe"
       Line 8: "I can't breathe, but I still fight while I can fight"
       Line 9: "As long as the wrong feels right, it's like I'm in flight"
   Block 2 (block-1750414608640-1-7zatky019lm-part-1): name="Block 2 (продолжение 2)", lines=[10,11,12,13]
     Content preview: "High off her love, drunk from her hate
It's like I'm huffin' paint, and I love her the more I suffer"
       Line 10: "High off her love, drunk from her hate"
       Line 11: "It's like I'm huffin' paint, and I love her the more I suffer, I suffocate"
       Line 12: "And right before I'm about to drown, she resuscitates me"
       Line 13: "She f- hates me, and I love it"
   Block 3 (block-1750414608640-2-q5bsgipos4a-part-0): name="Block 3", lines=[14,15,16,17,18]
     Content preview: ""Wait! Where you going?" "I'm leaving you"
"No, you ain't, come back"
We're running right back, here"
       Line 14: ""Wait! Where you going?" "I'm leaving you""
       Line 15: ""No, you ain't, come back""
       Line 16: "We're running right back, here we go again"
       Line 17: "It's so insane 'cause when it's going good, it's going great"
       Line 18: "I'm Superman with the wind at his back, she's Lois Lane"
   Block 4 (block-1750414608640-2-q5bsgipos4a-part-1): name="Block 3 (продолжение 2)", lines=[19,20,21,22,23]
     Content preview: "But when it's bad, it's awful
I feel so ashamed, I snapped, "Who's that dude?"
I don't even know his"
       Line 19: "But when it's bad, it's awful"
       Line 20: "I feel so ashamed, I snapped, "Who's that dude?""
       Line 21: "I don't even know his name"
       Line 22: "I laid hands on her, I'll never stoop so low again"
       Line 23: "I guess I don't know my own strength"
   Block 5 (block-1750414608640-3-zl4hcpnkfho): name="Block 4", lines=[24,25,26,27,28,29]
     Content preview: "Just gonna stand there and watch me burn?
Well, that's alright because I like the way it hurts
Just "
       Line 24: "Just gonna stand there and watch me burn?"
       Line 25: "Well, that's alright because I like the way it hurts"
       Line 26: "Just gonna stand there and hear me cry?"
       Line 27: "Well, that's alright because I love the way you lie"
       Line 28: "I love the way you lie"
       Line 29: "I love the way you lie"
   Block 6 (block-1750414608641-4-h7grxu7mu24-part-0): name="Block 5", lines=[30,31,32,33,34]
     Content preview: "You ever loved somebody so much
You can barely breathe when you're with 'em?
You meet and neither on"
       Line 30: "You ever loved somebody so much"
       Line 31: "You can barely breathe when you're with 'em?"
       Line 32: "You meet and neither one of you even know what hit 'em"
       Line 33: "Got that warm fuzzy feelin', yeah, them chills, used to get 'em"
       Line 34: "Now you're gettin' f- sick of lookin' at 'em?"
   Block 7 (block-1750414608641-4-h7grxu7mu24-part-1): name="Block 5 (продолжение 2)", lines=[35,36,37,38,39]
     Content preview: "You swore you'd never hit 'em, never do nothin' to hurt 'em
Now you're in each other's face, spewin'"
       Line 35: "You swore you'd never hit 'em, never do nothin' to hurt 'em"
       Line 36: "Now you're in each other's face, spewin' venom in your words when you spit 'em"
       Line 37: "You push, pull each other's hair, scratch, claw, bit 'em"
       Line 38: "Throw 'em down, pin 'em"
       Line 39: "So lost in them moments when you're in 'em"
   Block 8 (block-1750414608642-5-mruc0mjwti-part-0): name="Block 6", lines=[40,41,42,43,44]
     Content preview: "It's the rage that took over, it controls you both
So they say you're best to go your separate ways
"
       Line 40: "It's the rage that took over, it controls you both"
       Line 41: "So they say you're best to go your separate ways"
       Line 42: "Guess that they don't know you 'cause today, that was yesterday"
       Line 43: "Yesterday is over, it's a different day"
       Line 44: "Sound like broken records playin' over, but you promised her"
   Block 9 (block-1750414608642-5-mruc0mjwti-part-1): name="Block 6 (продолжение 2)", lines=[45,46,47,48,49]
     Content preview: "Next time, you'll show restraint
You don't get another chance
Life is no Nintendo game, but you lied"
       Line 45: "Next time, you'll show restraint"
       Line 46: "You don't get another chance"
       Line 47: "Life is no Nintendo game, but you lied again"
       Line 48: "Now you get to watch her leave out the window"
       Line 49: "Guess that's why they call it windowpane"
   Block 10 (block-1750414608642-6-thsq2g45ng): name="Block 7", lines=[50,51,52,53,54]
     Content preview: "Just gonna stand there and watch me burn?
Well, that's alright because I like the way it hurts
Just "
       Line 50: "Just gonna stand there and watch me burn?"
       Line 51: "Well, that's alright because I like the way it hurts"
       Line 52: "Just gonna stand there and hear me cry?"
       Line 53: "Well, that's alright because I love the way you lie"
       Line 54: "I love the way you lie"
   Block 11 (block-1750414608643-7-6yiznjq4t3n): name="Block 8", lines=[55]
     Content preview: "I love the way you lie"
       Line 55: "I love the way you lie"
   Block 12 (block-1750414608643-8-8j094shwwsa): name="Block 9", lines=[56,57,58,59,60,61,62,63]
     Content preview: "Now I know we said things, did things that we didn't mean
Then we fall back into the same patterns, "
       Line 56: "Now I know we said things, did things that we didn't mean"
       Line 57: "Then we fall back into the same patterns, same routine"
       Line 58: "But your temper's just as bad as mine is"
       Line 59: "You're the same as me, when it comes to love, you're just as blinded"
       Line 60: "Baby, please come back, it wasn't you, baby, it was me"
       Line 61: "Maybe our relationship isn't as crazy as it seems"
       Line 62: "Maybe that's what happens when a tornado meets a volcano"
       Line 63: "All I know is I love you too much to walk away, though"
   Block 13 (block-1750414608643-9-6iiwftt1kwq-part-0): name="Block 10", lines=[64,65,66,67,68]
     Content preview: "Come inside, pick up your bags off the sidewalk
Don't you hear sincerity in my voice when I talk?
To"
       Line 64: "Come inside, pick up your bags off the sidewalk"
       Line 65: "Don't you hear sincerity in my voice when I talk?"
       Line 66: "Told you this is my fault, look me in the eyeball"
       Line 67: "Next time I'm p-, I'll aim my fist at the drywall"
       Line 68: ""Next time? There won't be no next time""
   Block 14 (block-1750414608643-9-6iiwftt1kwq-part-1): name="Block 10 (продолжение 2)", lines=[69,70,71,72]
     Content preview: "I apologize, even though I know it's lies
I'm tired of the games, I just want her back
I know I'm a "
       Line 69: "I apologize, even though I know it's lies"
       Line 70: "I'm tired of the games, I just want her back"
       Line 71: "I know I'm a liar, if she ever tries to f- leave again"
       Line 72: "I'ma tie her to the bed and set this house on fire"
   Block 15 (block-1750414608643-10-si5i4izc80d): name="Block 11", lines=[73,74,75,76,77,78]
     Content preview: "Just gonna stand there and watch me burn?
Well, that's alright because I like the way it hurts
Just "
       Line 73: "Just gonna stand there and watch me burn?"
       Line 74: "Well, that's alright because I like the way it hurts"
       Line 75: "Just gonna stand there and hear me cry?"
       Line 76: "Well, that's alright, because I love the way you lie"
       Line 77: "I love the way you lie"
       Line 78: "I love the way you lie"
 Rehearsal: Looking for block containing line 35
   Checking block 0: lineIndices=[0,1,2,3,4]
   ✗ Block 0 does NOT contain line 35
   Checking block 1: lineIndices=[5,6,7,8,9]
   ✗ Block 1 does NOT contain line 35
   Checking block 2: lineIndices=[10,11,12,13]
   ✗ Block 2 does NOT contain line 35
   Checking block 3: lineIndices=[14,15,16,17,18]
   ✗ Block 3 does NOT contain line 35
   Checking block 4: lineIndices=[19,20,21,22,23]
   ✗ Block 4 does NOT contain line 35
   Checking block 5: lineIndices=[24,25,26,27,28,29]
   ✗ Block 5 does NOT contain line 35
   Checking block 6: lineIndices=[30,31,32,33,34]
   ✗ Block 6 does NOT contain line 35
   Checking block 7: lineIndices=[35,36,37,38,39]
   ✓ Found! Block 7 contains line 35
 Rehearsal: Found active block at index 7 with lines: Array(5)
 Rehearsal: Active block 7: Object
 >>> FONT_CALC_DEBUG >>> Lines: 5, FontSize: 2.66rem, LineHeight: 3.23rem
 Rehearsal: Activated line 35 in block with transition: none
 Rehearsal: Next block preview for block 8: Object
 Rehearsal: Preview lines: Array(2)
 Rehearsal: Adding preview line 40: "It's the rage that took over, it controls you both"
 Rehearsal: Adding preview line 41: "So they say you're best to go your separate ways"
 Rehearsal: Preview container added with 2 lines
 Rehearsal mode: Rendered active block 7 with next block preview
 BlockLoopControl: Обновление для текущего блока
 BlockLoopControl: Блок изменился, останавливаем зацикливание
 BlockLoopControl: _createLoopButtonForCurrentBlock called
 BlockLoopControl: lyricsDisplay.currentActiveBlock: Object
 BlockLoopControl: lyricsDisplay.textBlocks: Array(11)
 BlockLoopControl: Создаем кнопку для активного блока репетиции: Block 5 (продолжение 2)
 BlockLoopControl: _createLoopButton called for block: Block 5 (продолжение 2)
 BlockLoopControl: blockElement found: true
 BlockLoopControl: Кнопка создана для блока: Block 5 (продолжение 2)
 Key pressed: ShiftLeft
 Key pressed: Shift, key code: 16, waveform active: false
 LoopBlockManager: Shift key pressed, multiple selection mode active
 Key pressed: MetaLeft
 Key pressed: Meta, key code: 91, waveform active: false
 LoopBlockManager: Shift key released, multiple selection mode deactivated
 🔇 Глубокая тишина - очистка нот
 🛑 Принудительная остановка всех нот (deep_silence), активных: 1
 🔇 Глубокая тишина - очистка нот
 🛑 Принудительная остановка всех нот (deep_silence), активных: 1
 🎯 Высокая ясность (93.0%) - принимаем возможную гармонику: 145.9Hz
 🎯 Высокая ясность (92.9%) - принимаем возможную гармонику: 291.3Hz
 🚫 Октавный скачок заблокирован: 145.9Hz → 291.3Hz за 12мс (ratio: 2.00)
 🚫 Октавный скачок заблокирован: 145.9Hz → 291.0Hz за 37мс (ratio: 1.99)
 ✅ Октавный переход разрешен: 145.9Hz → 290.6Hz за 54мс (ratio: 1.99)
 Key pressed: Space
 Space bar pressed, toggling playback
 ⏸️ ИНСТРУМЕНТАЛ: Пауза
 ⏸️ ВОКАЛ: Пауза
 isPlaying property set to: false
 Key pressed:  , key code: 32, waveform active: false
 🔍 Статический анализ: 289.0Hz (54.4%)
 Key pressed: AltLeft
 Key pressed: Alt, key code: 18, waveform active: false
 Key pressed: MetaLeft
 Key pressed: Meta, key code: 91, waveform active: false
 Key pressed: KeyJ
 Key pressed: j, key code: 74, waveform active: false
 TrackCatalog: openCatalog() called
 TrackCatalog: catalogContainer exists: true
 TrackCatalog: catalogContainer classes before: hidden
 TrackCatalog: catalogContainer classes after: 
 TrackCatalog: Catalog should now be visible
 🔄 Loading track: "Бумбокс – Вахтерам"
 🔄 StateManager: Starting HARD RESET of all components
 1. Resetting AudioEngine...
 AudioEngine: Starting reset...
 isPlaying property set to: false
 ⏹️ ГИБРИД: Остановлен и сброшен
 🧹 СПРИНТЕР: Ресурсы очищены
 AudioEngine: Reset completed successfully
 ✅ AudioEngine reset complete
 2. Resetting LyricsDisplay...
 💥 LyricsDisplay: Performing full reset.
 ✅ LyricsDisplay: Full reset complete. All lyric data and DOM elements cleared.
 ✅ LyricsDisplay full reset complete
 3. Resetting TextStyleManager...
 💥 TextStyleManager: Full reset initiated.
 ✅ TextStyleManager: Reset complete. All states and caches cleared.
 ✅ TextStyleManager reset complete.
 🎉 StateManager: HARD RESET completed successfully
 ✅ All components ready for new track
 ⏱️ HARD_RESET_TIME: 6.81201171875 ms
 TrackCatalog: Set waveformEditor.lastLoadedFile to Бумбокс – Вахтерам.rtf
 TrackCatalog: Set waveformEditor.currentTrackId to 1750298619469
 TrackCatalog: Found 6 blocks. Preparing them for rendering after audio load.
 LyricsDisplay: Loading 6 imported blocks.
 Block 0 loaded: id="block-1750414779020-0-isrv4w1948i", name="Block 1", lines=16
 Block 1 loaded: id="1", name="Block 2", lines=6
 Block 2 loaded: id="2", name="Block 3", lines=16
 Block 3 loaded: id="3", name="Block 4", lines=6
 Block 4 loaded: id="4", name="Block 5", lines=6
 Block 5 loaded: id="5", name="Block 6", lines=6
 LyricsDisplay: Skipping render as requested by shouldRender=false
 LyricsDisplay: Successfully loaded 6 blocks, total lyric lines: 56.
 Updated marker for line 0: type=verse, color=#4CAF50
 Updated marker for line 1: type=verse, color=#4CAF50
 Updated marker for line 2: type=verse, color=#4CAF50
 Updated marker for line 3: type=verse, color=#4CAF50
 Updated marker for line 4: type=verse, color=#4CAF50
 Updated marker for line 16: type=chorus, color=#F44336
 Updated marker for line 17: type=chorus, color=#F44336
 Updated marker for line 18: type=chorus, color=#F44336
 Updated marker for line 19: type=chorus, color=#F44336
 Updated marker for line 20: type=chorus, color=#F44336
 Updated marker for line 21: type=chorus, color=#F44336
 Updated marker for line 24: type=verse, color=#4CAF50
 Updated marker for line 25: type=verse, color=#4CAF50
 Updated marker for line 26: type=verse, color=#4CAF50
 Updated marker for line 27: type=verse, color=#4CAF50
 Updated marker for line 28: type=verse, color=#4CAF50
 Updated marker for line 29: type=verse, color=#4CAF50
 Updated marker for line 38: type=chorus, color=#F44336
 Updated marker for line 39: type=chorus, color=#F44336
 Updated marker for line 40: type=chorus, color=#F44336
 Updated marker for line 41: type=chorus, color=#F44336
 Updated marker for line 42: type=chorus, color=#F44336
 Updated marker for line 43: type=chorus, color=#F44336
 Updated marker for line 44: type=chorus, color=#F44336
 Updated marker for line 45: type=chorus, color=#F44336
 Updated marker for line 46: type=chorus, color=#F44336
 Updated marker for line 47: type=chorus, color=#F44336
 Updated marker for line 48: type=chorus, color=#F44336
 Updated marker for line 49: type=chorus, color=#F44336
 Updated marker for line 56: type=unknown, color=#4CAF50
 Updated marker for line 57: type=unknown, color=#4CAF50
 Updated marker for line 58: type=unknown, color=#4CAF50
 Updated marker for line 59: type=unknown, color=#4CAF50
 Updated marker for line 60: type=unknown, color=#4CAF50
 Updated marker for line 61: type=unknown, color=#4CAF50
 Updated marker for line 62: type=unknown, color=#4CAF50
 Updated marker for line 63: type=unknown, color=#4CAF50
 Updated marker for line 64: type=unknown, color=#4CAF50
 Updated marker for line 65: type=unknown, color=#4CAF50
 Updated marker for line 66: type=unknown, color=#4CAF50
 Updated marker for line 67: type=unknown, color=#4CAF50
 Updated marker for line 68: type=unknown, color=#4CAF50
 Updated marker for line 69: type=unknown, color=#4CAF50
 Updated marker for line 70: type=unknown, color=#4CAF50
 Updated marker for line 71: type=unknown, color=#4CAF50
 Updated marker for line 72: type=unknown, color=#4CAF50
 Updated marker for line 73: type=unknown, color=#4CAF50
 Updated marker for line 74: type=unknown, color=#4CAF50
 Updated marker for line 75: type=unknown, color=#4CAF50
 Updated marker for line 76: type=unknown, color=#4CAF50
 Updated marker for line 77: type=unknown, color=#4CAF50
 Updated marker for line 78: type=unknown, color=#4CAF50
 LyricsDisplay: Updated marker colors after loading blocks
 ⏱️ LYRICS_PREPARE_TIME: 20.3779296875 ms
 ⏱️ BLOB_CREATION_TIME: 74.8681640625 ms
 🚀 ГИБРИД: Загрузка двойного потока
 isPlaying property set to: false
 ⏹️ ГИБРИД: Остановлен и сброшен
 🎚️ МАСТЕР: Создание микшированной дорожки...
 🎚️ МАСТЕР: Инструментал URL: blob:null/658df48d-906c-4a3f-83e3-bae67932a086...
 🎚️ МАСТЕР: Вокал URL: blob:null/cadbbf1d-8090-410b-a082-5769631d257c...
 🎚️ МАСТЕР: Загружаем аудиофайлы...
index.html:1 Not allowed to load local resource: blob:null/5e86f5c8-9b8a-45da-8c30-87cec0220593
 🎚️ МАСТЕР: Конвертируем в ArrayBuffer...
 🎚️ МАСТЕР: Инструментал размер: 9630868 байт
 🎚️ МАСТЕР: Вокал размер: 9630868 байт
 🎚️ МАСТЕР: Декодируем аудиоданные...
 ✅ ИНСТРУМЕНТАЛ ГОТОВ! Длительность: 240.69с
 ⏱️ HYBRID_ENGINE_LOAD_TIME: 364.241943359375 ms
 🎯 ГИБРИД: Рассинхронизация устранена!
 🚀 Скрываю Живую Ленту
 ✅ Возврат в классический зал
 Applying style: Репетиция with scale 1.00
 LyricsDisplay: Setting style to Репетиция
 Activating Rehearsal Display with blocks: Array(6)
 Rendering lyrics. Current style ID: rehearsal
 Splitting block "Block 1" (16 lines) into 2 parts with ~8 lines each
   Part 1: lines 0-7 (8 lines)
   Part 2: lines 8-15 (8 lines)
 Splitting block "Block 3" (16 lines) into 2 parts with ~8 lines each
   Part 1: lines 0-7 (8 lines)
   Part 2: lines 8-15 (8 lines)
 Rehearsal: Current line: 0, Total blocks: 8
 Rehearsal: DETAILED Block structure:
   Block 0 (block-1750414779020-0-isrv4w1948i-part-0): name="Block 1", lines=[0,1,2,3,4,5,6,7]
     Content preview: "Тебе нравится дым!...Черт с ним...
Он убивает слова, кругом голова.
Уже разносит молва по дворам"
       Line 0: "Тебе нравится дым!...Черт с ним..."
       Line 1: "Он убивает слова, кругом голова."
       Line 2: "Уже разносит молва по дворам"
       Line 3: "Что между нами чи-уа-уа!"
       Line 4: "О чем с тобой говорить? Потеряли нить..."
       Line 5: "Быть не собой перестать и дома спать."
       Line 6: "Нас не измерить на глаз, а сейчас"
       Line 7: "Зачем мы давим на тормоз, не на газ?"
   Block 1 (block-1750414779020-0-isrv4w1948i-part-1): name="Block 1 (продолжение 2)", lines=[8,9,10,11,12,13,14,15]
     Content preview: "Вопрос извечный: зачем да почему?
Я понемногу с ума, ты не сама...
А это ночи в Крыму теперь кому?"
       Line 8: "Вопрос извечный: зачем да почему?"
       Line 9: "Я понемногу с ума, ты не сама..."
       Line 10: "А это ночи в Крыму теперь кому?"
       Line 11: "Я, если встречу, потом передам ему..."
       Line 12: "Писклявый твой голосок, как электрошок."
       Line 13: "Что я бухой без вина - твоя вина."
       Line 14: "Теперь узнает страна до темна"
       Line 15: "Им обо всем донесут на FM волнах..."
   Block 2 (1): name="Block 2", lines=[16,17,18,19,20,21]
     Content preview: "Я помню: белые обои, черная посуда...
Нас в хрущевке двое...
Кто мы и откуда...откуда?"
       Line 16: "Я помню: белые обои, черная посуда..."
       Line 17: "Нас в хрущевке двое..."
       Line 18: "Кто мы и откуда...откуда?"
       Line 19: "Задвигаем шторы, кофеек, плюшки стынут"
       Line 20: "Объясните теперь нам вахтеры"
       Line 21: "Почему я на ней так сдвинут?"
   Block 3 (2-part-0): name="Block 3", lines=[22,23,24,25,26,27,28,29]
     Content preview: "Давай вот так просидим до утра!
Не уходи, погоди...Но мне пора!
И если выход один впереди"
       Line 22: "Давай вот так просидим до утра!"
       Line 23: "Не уходи, погоди...Но мне пора!"
       Line 24: "И если выход один впереди"
       Line 25: "То почему мы то холод, то жара?"
       Line 26: "Раскладывать по местам я устал"
       Line 27: "И поворачивать вспять, но вот опять!..."
       Line 28: "Прикосновения плавили мой метал"
       Line 29: "Ты - элемент номер 5, не дать - не взять!"
   Block 4 (2-part-1): name="Block 3 (продолжение 2)", lines=[30,31,32,33,34,35,36,37]
     Content preview: "Идет к финалуиграв этот раз
А ты все также молчишь, я - говорю.
Минут 15 осталось до утра."
       Line 30: "Идет к финалуиграв этот раз"
       Line 31: "А ты все также молчишь, я - говорю."
       Line 32: "Минут 15 осталось до утра."
       Line 33: "Не вызывай, так словлю и свалю!"
       Line 34: "Попробуем все подшить, не ворошить"
       Line 35: "Мобильные номера постирать."
       Line 36: "А уходить неспросив нету сил!"
       Line 37: "Давай попробуем заново все собрать!"
   Block 5 (3): name="Block 4", lines=[38,39,40,41,42,43]
     Content preview: "Белые обои, черную посуду
Нас в хрущевке двое...
Кто мы и откуда...откуда?"
       Line 38: "Белые обои, черную посуду"
       Line 39: "Нас в хрущевке двое..."
       Line 40: "Кто мы и откуда...откуда?"
       Line 41: "Задвигаем шторы, кофеек, плюшки стынут"
       Line 42: "Объясните теперь нам вахтеры"
       Line 43: "Почему я на ней так сдвинут?"
   Block 6 (4): name="Block 5", lines=[44,45,46,47,48,49]
     Content preview: "Я помню: белые обои, черная посуда...
Нас в хрущевке двое...
Кто мы и откуда...откуда?"
       Line 44: "Я помню: белые обои, черная посуда..."
       Line 45: "Нас в хрущевке двое..."
       Line 46: "Кто мы и откуда...откуда?"
       Line 47: "Задвигаем шторы, кофеек, плюшки стынут"
       Line 48: "Объясните теперь нам вахтеры"
       Line 49: "Почему я на ней так сдвинут?"
   Block 7 (5): name="Block 6", lines=[50,51,52,53,54,55]
     Content preview: "Я помню: белые обои, черная посуда...
Нас в хрущевке двое...
Кто мы и откуда...откуда?"
       Line 50: "Я помню: белые обои, черная посуда..."
       Line 51: "Нас в хрущевке двое..."
       Line 52: "Кто мы и откуда...откуда?"
       Line 53: "Задвигаем шторы, кофеек, плюшки стынут"
       Line 54: "Объясните теперь нам вахтеры"
       Line 55: "Почему я на ней так сдвинут?"
 Rehearsal: Looking for block containing line 0
   Checking block 0: lineIndices=[0,1,2,3,4,5,6,7]
   ✓ Found! Block 0 contains line 0
 Rehearsal: Found active block at index 0 with lines: Array(8)
 Rehearsal: Active block 0: Object
 >>> FONT_CALC_DEBUG >>> Lines: 8, FontSize: 2.10rem, LineHeight: 2.72rem
 Rehearsal: Activated line 0 in block with transition: none
 Rehearsal: Next block preview for block 1: Object
 Rehearsal: Preview lines: Array(2)
 Rehearsal: Adding preview line 8: "Вопрос извечный: зачем да почему?"
 Rehearsal: Adding preview line 9: "Я понемногу с ума, ты не сама..."
 Rehearsal: Preview container added with 2 lines
 Rehearsal mode: Rendered active block 0 with next block preview
 BlockLoopControl: Обновление для текущего блока
 BlockLoopControl: Блок изменился, останавливаем зацикливание
 BlockLoopControl: _createLoopButtonForCurrentBlock called
 BlockLoopControl: lyricsDisplay.currentActiveBlock: Object
 BlockLoopControl: lyricsDisplay.textBlocks: Array(6)
 BlockLoopControl: Создаем кнопку для активного блока репетиции: Block 1
 BlockLoopControl: _createLoopButton called for block: Block 1
 BlockLoopControl: blockElement found: true
 BlockLoopControl: Кнопка создана для блока: Block 1
 ⏱️ AUDIO_LOAD_TIME: 388.97509765625 ms
 Loading 56 markers for track Бумбокс – Вахтерам
 Validating 56 markers for 56 lyric lines
 Kept 56 valid markers out of 56
 🚀 Скрываю Живую Ленту
 ✅ Возврат в классический зал
 Applying style: Репетиция with scale 1.00
 LyricsDisplay: Setting style to Репетиция
 Activating Rehearsal Display with blocks: Array(6)
 Rendering lyrics. Current style ID: rehearsal
 Splitting block "Block 1" (16 lines) into 2 parts with ~8 lines each
   Part 1: lines 0-7 (8 lines)
   Part 2: lines 8-15 (8 lines)
 Splitting block "Block 3" (16 lines) into 2 parts with ~8 lines each
   Part 1: lines 0-7 (8 lines)
   Part 2: lines 8-15 (8 lines)
 Rehearsal: Current line: 0, Total blocks: 8
 Rehearsal: DETAILED Block structure:
   Block 0 (block-1750414779020-0-isrv4w1948i-part-0): name="Block 1", lines=[0,1,2,3,4,5,6,7]
     Content preview: "Тебе нравится дым!...Черт с ним...
Он убивает слова, кругом голова.
Уже разносит молва по дворам"
       Line 0: "Тебе нравится дым!...Черт с ним..."
       Line 1: "Он убивает слова, кругом голова."
       Line 2: "Уже разносит молва по дворам"
       Line 3: "Что между нами чи-уа-уа!"
       Line 4: "О чем с тобой говорить? Потеряли нить..."
       Line 5: "Быть не собой перестать и дома спать."
       Line 6: "Нас не измерить на глаз, а сейчас"
       Line 7: "Зачем мы давим на тормоз, не на газ?"
   Block 1 (block-1750414779020-0-isrv4w1948i-part-1): name="Block 1 (продолжение 2)", lines=[8,9,10,11,12,13,14,15]
     Content preview: "Вопрос извечный: зачем да почему?
Я понемногу с ума, ты не сама...
А это ночи в Крыму теперь кому?"
       Line 8: "Вопрос извечный: зачем да почему?"
       Line 9: "Я понемногу с ума, ты не сама..."
       Line 10: "А это ночи в Крыму теперь кому?"
       Line 11: "Я, если встречу, потом передам ему..."
       Line 12: "Писклявый твой голосок, как электрошок."
       Line 13: "Что я бухой без вина - твоя вина."
       Line 14: "Теперь узнает страна до темна"
       Line 15: "Им обо всем донесут на FM волнах..."
   Block 2 (1): name="Block 2", lines=[16,17,18,19,20,21]
     Content preview: "Я помню: белые обои, черная посуда...
Нас в хрущевке двое...
Кто мы и откуда...откуда?"
       Line 16: "Я помню: белые обои, черная посуда..."
       Line 17: "Нас в хрущевке двое..."
       Line 18: "Кто мы и откуда...откуда?"
       Line 19: "Задвигаем шторы, кофеек, плюшки стынут"
       Line 20: "Объясните теперь нам вахтеры"
       Line 21: "Почему я на ней так сдвинут?"
   Block 3 (2-part-0): name="Block 3", lines=[22,23,24,25,26,27,28,29]
     Content preview: "Давай вот так просидим до утра!
Не уходи, погоди...Но мне пора!
И если выход один впереди"
       Line 22: "Давай вот так просидим до утра!"
       Line 23: "Не уходи, погоди...Но мне пора!"
       Line 24: "И если выход один впереди"
       Line 25: "То почему мы то холод, то жара?"
       Line 26: "Раскладывать по местам я устал"
       Line 27: "И поворачивать вспять, но вот опять!..."
       Line 28: "Прикосновения плавили мой метал"
       Line 29: "Ты - элемент номер 5, не дать - не взять!"
   Block 4 (2-part-1): name="Block 3 (продолжение 2)", lines=[30,31,32,33,34,35,36,37]
     Content preview: "Идет к финалуиграв этот раз
А ты все также молчишь, я - говорю.
Минут 15 осталось до утра."
       Line 30: "Идет к финалуиграв этот раз"
       Line 31: "А ты все также молчишь, я - говорю."
       Line 32: "Минут 15 осталось до утра."
       Line 33: "Не вызывай, так словлю и свалю!"
       Line 34: "Попробуем все подшить, не ворошить"
       Line 35: "Мобильные номера постирать."
       Line 36: "А уходить неспросив нету сил!"
       Line 37: "Давай попробуем заново все собрать!"
   Block 5 (3): name="Block 4", lines=[38,39,40,41,42,43]
     Content preview: "Белые обои, черную посуду
Нас в хрущевке двое...
Кто мы и откуда...откуда?"
       Line 38: "Белые обои, черную посуду"
       Line 39: "Нас в хрущевке двое..."
       Line 40: "Кто мы и откуда...откуда?"
       Line 41: "Задвигаем шторы, кофеек, плюшки стынут"
       Line 42: "Объясните теперь нам вахтеры"
       Line 43: "Почему я на ней так сдвинут?"
   Block 6 (4): name="Block 5", lines=[44,45,46,47,48,49]
     Content preview: "Я помню: белые обои, черная посуда...
Нас в хрущевке двое...
Кто мы и откуда...откуда?"
       Line 44: "Я помню: белые обои, черная посуда..."
       Line 45: "Нас в хрущевке двое..."
       Line 46: "Кто мы и откуда...откуда?"
       Line 47: "Задвигаем шторы, кофеек, плюшки стынут"
       Line 48: "Объясните теперь нам вахтеры"
       Line 49: "Почему я на ней так сдвинут?"
   Block 7 (5): name="Block 6", lines=[50,51,52,53,54,55]
     Content preview: "Я помню: белые обои, черная посуда...
Нас в хрущевке двое...
Кто мы и откуда...откуда?"
       Line 50: "Я помню: белые обои, черная посуда..."
       Line 51: "Нас в хрущевке двое..."
       Line 52: "Кто мы и откуда...откуда?"
       Line 53: "Задвигаем шторы, кофеек, плюшки стынут"
       Line 54: "Объясните теперь нам вахтеры"
       Line 55: "Почему я на ней так сдвинут?"
 Rehearsal: Looking for block containing line 0
   Checking block 0: lineIndices=[0,1,2,3,4,5,6,7]
   ✓ Found! Block 0 contains line 0
 Rehearsal: Found active block at index 0 with lines: Array(8)
 Rehearsal: Active block 0: Object
 >>> FONT_CALC_DEBUG >>> Lines: 8, FontSize: 2.10rem, LineHeight: 2.72rem
 Rehearsal: Activated line 0 in block with transition: none
 Rehearsal: Next block preview for block 1: Object
 Rehearsal: Preview lines: Array(2)
 Rehearsal: Adding preview line 8: "Вопрос извечный: зачем да почему?"
 Rehearsal: Adding preview line 9: "Я понемногу с ума, ты не сама..."
 Rehearsal: Preview container added with 2 lines
 Rehearsal mode: Rendered active block 0 with next block preview
 BlockLoopControl: Обновление для текущего блока
 BlockLoopControl: Тот же блок, зацикливание продолжается
 🎵 АВТОПЛЕЙ: Запуск воспроизведения...
 ✅ Track "Бумбокс – Вахтерам" loaded successfully
 ✅ ВОКАЛ ГОТОВ! Длительность: 240.69с
index.html:1 Not allowed to load local resource: blob:null/5e86f5c8-9b8a-45da-8c30-87cec0220593
 Rehearsal: Auto-scrolling to active line in large block
 Rehearsal: Auto-scrolling to active line in large block
 🎨 StateManager: Forcing text rerender in current mode
 ⏱️ FINAL_RENDER_TIME: 129.327880859375 ms
 ⏱️ TOTAL_TRACK_LOAD_TIME: 647.634033203125 ms
 ▶️ ИНСТРУМЕНТАЛ: Воспроизведение начато
 🎤 ВОКАЛ: Синхронизирован и воспроизводится
 isPlaying property set to: true
 ✅ АВТОПЛЕЙ: Воспроизведение начато успешно
 🔇 Глубокая тишина - очистка нот
 🛑 Принудительная остановка всех нот (deep_silence), активных: 1
index.html:1 Not allowed to load local resource: blob:null/5e86f5c8-9b8a-45da-8c30-87cec0220593
index.html:1 Not allowed to load local resource: blob:null/5e86f5c8-9b8a-45da-8c30-87cec0220593
index.html:1 Not allowed to load local resource: blob:null/5e86f5c8-9b8a-45da-8c30-87cec0220593
index.html:1 Not allowed to load local resource: blob:null/5e86f5c8-9b8a-45da-8c30-87cec0220593
index.html:1 Not allowed to load local resource: blob:null/5e86f5c8-9b8a-45da-8c30-87cec0220593
 ⏰ СИНХРО: Позиция установлена 30.03с
 Rehearsal: Line changing from 0 to 3
 Splitting block "Block 1" (16 lines) into 2 parts with ~8 lines each
   Part 1: lines 0-7 (8 lines)
   Part 2: lines 8-15 (8 lines)
 Splitting block "Block 3" (16 lines) into 2 parts with ~8 lines each
   Part 1: lines 0-7 (8 lines)
   Part 2: lines 8-15 (8 lines)
 Rehearsal: Current line 0 belongs to block: block-1750414779020-0-isrv4w1948i-part-0 Array(8)
 Rehearsal: New line 3 belongs to block: block-1750414779020-0-isrv4w1948i-part-0 Array(8)
 Rehearsal: Same block (block-1750414779020-0-isrv4w1948i-part-0), updating active line from 0 to 3
 [SETACTIVE] Called with index 3. Current style: rehearsal
 Rehearsal mode: Setting active line 3
 Activating rehearsal line at index 3
 BlockLoopControl: Активный блок изменился
 BlockLoopControl: _createLoopButtonForCurrentBlock called
 BlockLoopControl: lyricsDisplay.currentActiveBlock: Object
 BlockLoopControl: lyricsDisplay.textBlocks: Array(6)
 BlockLoopControl: Создаем кнопку для активного блока репетиции: Block 1
 BlockLoopControl: _createLoopButton called for block: Block 1
 BlockLoopControl: blockElement found: true
 BlockLoopControl: Кнопка создана для блока: Block 1
index.html:1 Not allowed to load local resource: blob:null/5e86f5c8-9b8a-45da-8c30-87cec0220593
 ⏰ СИНХРО: Позиция установлена 38.97с
 Rehearsal: Line changing from 3 to 6
 Splitting block "Block 1" (16 lines) into 2 parts with ~8 lines each
   Part 1: lines 0-7 (8 lines)
   Part 2: lines 8-15 (8 lines)
 Splitting block "Block 3" (16 lines) into 2 parts with ~8 lines each
   Part 1: lines 0-7 (8 lines)
   Part 2: lines 8-15 (8 lines)
 Rehearsal: Current line 3 belongs to block: block-1750414779020-0-isrv4w1948i-part-0 Array(8)
 Rehearsal: New line 6 belongs to block: block-1750414779020-0-isrv4w1948i-part-0 Array(8)
 Rehearsal: Same block (block-1750414779020-0-isrv4w1948i-part-0), updating active line from 3 to 6
 [SETACTIVE] Called with index 6. Current style: rehearsal
 Rehearsal mode: Setting active line 6
 Activating rehearsal line at index 6
 BlockLoopControl: Активный блок изменился
 BlockLoopControl: _createLoopButtonForCurrentBlock called
 BlockLoopControl: lyricsDisplay.currentActiveBlock: Object
 BlockLoopControl: lyricsDisplay.textBlocks: Array(6)
 BlockLoopControl: Создаем кнопку для активного блока репетиции: Block 1
 BlockLoopControl: _createLoopButton called for block: Block 1
 BlockLoopControl: blockElement found: true
 BlockLoopControl: Кнопка создана для блока: Block 1
index.html:1 Not allowed to load local resource: blob:null/5e86f5c8-9b8a-45da-8c30-87cec0220593
 Rehearsal: Line changing from 6 to 7
 Splitting block "Block 1" (16 lines) into 2 parts with ~8 lines each
   Part 1: lines 0-7 (8 lines)
   Part 2: lines 8-15 (8 lines)
 Splitting block "Block 3" (16 lines) into 2 parts with ~8 lines each
   Part 1: lines 0-7 (8 lines)
   Part 2: lines 8-15 (8 lines)
 Rehearsal: Current line 6 belongs to block: block-1750414779020-0-isrv4w1948i-part-0 Array(8)
 Rehearsal: New line 7 belongs to block: block-1750414779020-0-isrv4w1948i-part-0 Array(8)
 Rehearsal: Same block (block-1750414779020-0-isrv4w1948i-part-0), updating active line from 6 to 7
 [SETACTIVE] Called with index 7. Current style: rehearsal
 Rehearsal mode: Setting active line 7
 Activating rehearsal line at index 7
 BlockLoopControl: Активный блок изменился
 BlockLoopControl: _createLoopButtonForCurrentBlock called
 BlockLoopControl: lyricsDisplay.currentActiveBlock: Object
 BlockLoopControl: lyricsDisplay.textBlocks: Array(6)
 BlockLoopControl: Создаем кнопку для активного блока репетиции: Block 1
 BlockLoopControl: _createLoopButton called for block: Block 1
 BlockLoopControl: blockElement found: true
 BlockLoopControl: Кнопка создана для блока: Block 1
index.html:1 Not allowed to load local resource: blob:null/5e86f5c8-9b8a-45da-8c30-87cec0220593
 ⏰ СИНХРО: Позиция установлена 49.28с
 Rehearsal: Line changing from 7 to 10
 Splitting block "Block 1" (16 lines) into 2 parts with ~8 lines each
   Part 1: lines 0-7 (8 lines)
   Part 2: lines 8-15 (8 lines)
 Splitting block "Block 3" (16 lines) into 2 parts with ~8 lines each
   Part 1: lines 0-7 (8 lines)
   Part 2: lines 8-15 (8 lines)
 Rehearsal: Current line 7 belongs to block: block-1750414779020-0-isrv4w1948i-part-0 Array(8)
 Rehearsal: New line 10 belongs to block: block-1750414779020-0-isrv4w1948i-part-1 Array(8)
 Rehearsal: *** BLOCK CHANGED *** from block-1750414779020-0-isrv4w1948i-part-0 to block-1750414779020-0-isrv4w1948i-part-1
 Rehearsal: Line changed from 7 to 10
 Rehearsal: Current block lines: Array(8)
 Rehearsal: New block lines: Array(8)
 Splitting block "Block 1" (16 lines) into 2 parts with ~8 lines each
   Part 1: lines 0-7 (8 lines)
   Part 2: lines 8-15 (8 lines)
 Splitting block "Block 3" (16 lines) into 2 parts with ~8 lines each
   Part 1: lines 0-7 (8 lines)
   Part 2: lines 8-15 (8 lines)
 Rehearsal: Current line: 10, Total blocks: 8
 Rehearsal: DETAILED Block structure:
   Block 0 (block-1750414779020-0-isrv4w1948i-part-0): name="Block 1", lines=[0,1,2,3,4,5,6,7]
     Content preview: "Тебе нравится дым!...Черт с ним...
Он убивает слова, кругом голова.
Уже разносит молва по дворам"
       Line 0: "Тебе нравится дым!...Черт с ним..."
       Line 1: "Он убивает слова, кругом голова."
       Line 2: "Уже разносит молва по дворам"
       Line 3: "Что между нами чи-уа-уа!"
       Line 4: "О чем с тобой говорить? Потеряли нить..."
       Line 5: "Быть не собой перестать и дома спать."
       Line 6: "Нас не измерить на глаз, а сейчас"
       Line 7: "Зачем мы давим на тормоз, не на газ?"
   Block 1 (block-1750414779020-0-isrv4w1948i-part-1): name="Block 1 (продолжение 2)", lines=[8,9,10,11,12,13,14,15]
     Content preview: "Вопрос извечный: зачем да почему?
Я понемногу с ума, ты не сама...
А это ночи в Крыму теперь кому?"
       Line 8: "Вопрос извечный: зачем да почему?"
       Line 9: "Я понемногу с ума, ты не сама..."
       Line 10: "А это ночи в Крыму теперь кому?"
       Line 11: "Я, если встречу, потом передам ему..."
       Line 12: "Писклявый твой голосок, как электрошок."
       Line 13: "Что я бухой без вина - твоя вина."
       Line 14: "Теперь узнает страна до темна"
       Line 15: "Им обо всем донесут на FM волнах..."
   Block 2 (1): name="Block 2", lines=[16,17,18,19,20,21]
     Content preview: "Я помню: белые обои, черная посуда...
Нас в хрущевке двое...
Кто мы и откуда...откуда?"
       Line 16: "Я помню: белые обои, черная посуда..."
       Line 17: "Нас в хрущевке двое..."
       Line 18: "Кто мы и откуда...откуда?"
       Line 19: "Задвигаем шторы, кофеек, плюшки стынут"
       Line 20: "Объясните теперь нам вахтеры"
       Line 21: "Почему я на ней так сдвинут?"
   Block 3 (2-part-0): name="Block 3", lines=[22,23,24,25,26,27,28,29]
     Content preview: "Давай вот так просидим до утра!
Не уходи, погоди...Но мне пора!
И если выход один впереди"
       Line 22: "Давай вот так просидим до утра!"
       Line 23: "Не уходи, погоди...Но мне пора!"
       Line 24: "И если выход один впереди"
       Line 25: "То почему мы то холод, то жара?"
       Line 26: "Раскладывать по местам я устал"
       Line 27: "И поворачивать вспять, но вот опять!..."
       Line 28: "Прикосновения плавили мой метал"
       Line 29: "Ты - элемент номер 5, не дать - не взять!"
   Block 4 (2-part-1): name="Block 3 (продолжение 2)", lines=[30,31,32,33,34,35,36,37]
     Content preview: "Идет к финалуиграв этот раз
А ты все также молчишь, я - говорю.
Минут 15 осталось до утра."
       Line 30: "Идет к финалуиграв этот раз"
       Line 31: "А ты все также молчишь, я - говорю."
       Line 32: "Минут 15 осталось до утра."
       Line 33: "Не вызывай, так словлю и свалю!"
       Line 34: "Попробуем все подшить, не ворошить"
       Line 35: "Мобильные номера постирать."
       Line 36: "А уходить неспросив нету сил!"
       Line 37: "Давай попробуем заново все собрать!"
   Block 5 (3): name="Block 4", lines=[38,39,40,41,42,43]
     Content preview: "Белые обои, черную посуду
Нас в хрущевке двое...
Кто мы и откуда...откуда?"
       Line 38: "Белые обои, черную посуду"
       Line 39: "Нас в хрущевке двое..."
       Line 40: "Кто мы и откуда...откуда?"
       Line 41: "Задвигаем шторы, кофеек, плюшки стынут"
       Line 42: "Объясните теперь нам вахтеры"
       Line 43: "Почему я на ней так сдвинут?"
   Block 6 (4): name="Block 5", lines=[44,45,46,47,48,49]
     Content preview: "Я помню: белые обои, черная посуда...
Нас в хрущевке двое...
Кто мы и откуда...откуда?"
       Line 44: "Я помню: белые обои, черная посуда..."
       Line 45: "Нас в хрущевке двое..."
       Line 46: "Кто мы и откуда...откуда?"
       Line 47: "Задвигаем шторы, кофеек, плюшки стынут"
       Line 48: "Объясните теперь нам вахтеры"
       Line 49: "Почему я на ней так сдвинут?"
   Block 7 (5): name="Block 6", lines=[50,51,52,53,54,55]
     Content preview: "Я помню: белые обои, черная посуда...
Нас в хрущевке двое...
Кто мы и откуда...откуда?"
       Line 50: "Я помню: белые обои, черная посуда..."
       Line 51: "Нас в хрущевке двое..."
       Line 52: "Кто мы и откуда...откуда?"
       Line 53: "Задвигаем шторы, кофеек, плюшки стынут"
       Line 54: "Объясните теперь нам вахтеры"
       Line 55: "Почему я на ней так сдвинут?"
 Rehearsal: Looking for block containing line 10
   Checking block 0: lineIndices=[0,1,2,3,4,5,6,7]
   ✗ Block 0 does NOT contain line 10
   Checking block 1: lineIndices=[8,9,10,11,12,13,14,15]
   ✓ Found! Block 1 contains line 10
 Rehearsal: Found active block at index 1 with lines: Array(8)
 Rehearsal: Active block 1: Object
 >>> FONT_CALC_DEBUG >>> Lines: 8, FontSize: 2.10rem, LineHeight: 2.72rem
 Rehearsal: Activated line 10 in block with transition: none
 Rehearsal: Next block preview for block 2: Object
 Rehearsal: Preview lines: Array(2)
 Rehearsal: Adding preview line 16: "Я помню: белые обои, черная посуда..."
 Rehearsal: Adding preview line 17: "Нас в хрущевке двое..."
 Rehearsal: Preview container added with 2 lines
 Rehearsal mode: Rendered active block 1 with next block preview
 BlockLoopControl: Обновление для текущего блока
 BlockLoopControl: Блок изменился, останавливаем зацикливание
 BlockLoopControl: _createLoopButtonForCurrentBlock called
 BlockLoopControl: lyricsDisplay.currentActiveBlock: Object
 BlockLoopControl: lyricsDisplay.textBlocks: Array(6)
 BlockLoopControl: Создаем кнопку для активного блока репетиции: Block 1 (продолжение 2)
 BlockLoopControl: _createLoopButton called for block: Block 1 (продолжение 2)
 BlockLoopControl: blockElement found: true
 BlockLoopControl: Кнопка создана для блока: Block 1 (продолжение 2)
 Rehearsal: Auto-scrolling to active line in large block
 🎚️ МАСТЕР: Инструментал - каналов: 2, длина: 10614575, частота: 44100Hz
 🎚️ МАСТЕР: Вокал - каналов: 2, длина: 10614575, частота: 44100Hz
 🎚️ МАСТЕР: Создан буфер - каналов: 2, длина: 10614575
 🎚️ МАСТЕР: Начинаем микширование каналов...
 🎚️ МАСТЕР: Микширование завершено, конвертируем в blob...
 🎚️ МАСТЕР: Микшированная дорожка создана! URL: blob:null/935f0993-4db6-42f9-b069-352ae639214f...
 🎚️ МАСТЕР: Размер blob: 42458344 байт
 🎚️ МАСТЕР: Обновляем URL после создания микшированной дорожки
 🎚️ МАСТЕР URL обновлен: blob:null/935f0993-4db6-42f9-b069-352ae639214f...
 Key pressed: ShiftLeft
 Key pressed: Shift, key code: 16, waveform active: false
 LoopBlockManager: Shift key pressed, multiple selection mode active
 Key pressed: MetaLeft
 Key pressed: Meta, key code: 91, waveform active: false
 Rehearsal: Line changing from 10 to 11
 Splitting block "Block 1" (16 lines) into 2 parts with ~8 lines each
   Part 1: lines 0-7 (8 lines)
   Part 2: lines 8-15 (8 lines)
 Splitting block "Block 3" (16 lines) into 2 parts with ~8 lines each
   Part 1: lines 0-7 (8 lines)
   Part 2: lines 8-15 (8 lines)
 Rehearsal: Current line 10 belongs to block: block-1750414779020-0-isrv4w1948i-part-1 Array(8)
 Rehearsal: New line 11 belongs to block: block-1750414779020-0-isrv4w1948i-part-1 Array(8)
 Rehearsal: Same block (block-1750414779020-0-isrv4w1948i-part-1), updating active line from 10 to 11
 [SETACTIVE] Called with index 11. Current style: rehearsal
 Rehearsal mode: Setting active line 11
 Activating rehearsal line at index 11
 BlockLoopControl: Активный блок изменился
 BlockLoopControl: _createLoopButtonForCurrentBlock called
 BlockLoopControl: lyricsDisplay.currentActiveBlock: Object
 BlockLoopControl: lyricsDisplay.textBlocks: Array(6)
 BlockLoopControl: Создаем кнопку для активного блока репетиции: Block 1 (продолжение 2)
 BlockLoopControl: _createLoopButton called for block: Block 1 (продолжение 2)
 BlockLoopControl: blockElement found: true
 BlockLoopControl: Кнопка создана для блока: Block 1 (продолжение 2)
index.html:1 Not allowed to load local resource: blob:null/5e86f5c8-9b8a-45da-8c30-87cec0220593
 LoopBlockManager: Shift key released, multiple selection mode deactivated
 Rehearsal: Line changing from 11 to 12
 Splitting block "Block 1" (16 lines) into 2 parts with ~8 lines each
   Part 1: lines 0-7 (8 lines)
   Part 2: lines 8-15 (8 lines)
 Splitting block "Block 3" (16 lines) into 2 parts with ~8 lines each
   Part 1: lines 0-7 (8 lines)
   Part 2: lines 8-15 (8 lines)
 Rehearsal: Current line 11 belongs to block: block-1750414779020-0-isrv4w1948i-part-1 Array(8)
 Rehearsal: New line 12 belongs to block: block-1750414779020-0-isrv4w1948i-part-1 Array(8)
 Rehearsal: Same block (block-1750414779020-0-isrv4w1948i-part-1), updating active line from 11 to 12
 [SETACTIVE] Called with index 12. Current style: rehearsal
 Rehearsal mode: Setting active line 12
 Activating rehearsal line at index 12
 BlockLoopControl: Активный блок изменился
 BlockLoopControl: _createLoopButtonForCurrentBlock called
 BlockLoopControl: lyricsDisplay.currentActiveBlock: Object
 BlockLoopControl: lyricsDisplay.textBlocks: Array(6)
 BlockLoopControl: Создаем кнопку для активного блока репетиции: Block 1 (продолжение 2)
 BlockLoopControl: _createLoopButton called for block: Block 1 (продолжение 2)
 BlockLoopControl: blockElement found: true
 BlockLoopControl: Кнопка создана для блока: Block 1 (продолжение 2)
index.html:1 Not allowed to load local resource: blob:null/5e86f5c8-9b8a-45da-8c30-87cec0220593
index.html:1 Not allowed to load local resource: blob:null/5e86f5c8-9b8a-45da-8c30-87cec0220593
 ⏰ СИНХРО: Позиция установлена 65.10с
 Rehearsal: Line changing from 12 to 15
 Splitting block "Block 1" (16 lines) into 2 parts with ~8 lines each
   Part 1: lines 0-7 (8 lines)
   Part 2: lines 8-15 (8 lines)
 Splitting block "Block 3" (16 lines) into 2 parts with ~8 lines each
   Part 1: lines 0-7 (8 lines)
   Part 2: lines 8-15 (8 lines)
 Rehearsal: Current line 12 belongs to block: block-1750414779020-0-isrv4w1948i-part-1 Array(8)
 Rehearsal: New line 15 belongs to block: block-1750414779020-0-isrv4w1948i-part-1 Array(8)
 Rehearsal: Same block (block-1750414779020-0-isrv4w1948i-part-1), updating active line from 12 to 15
 [SETACTIVE] Called with index 15. Current style: rehearsal
 Rehearsal mode: Setting active line 15
 Activating rehearsal line at index 15
 BlockLoopControl: Активный блок изменился
 BlockLoopControl: _createLoopButtonForCurrentBlock called
 BlockLoopControl: lyricsDisplay.currentActiveBlock: Object
 BlockLoopControl: lyricsDisplay.textBlocks: Array(6)
 BlockLoopControl: Создаем кнопку для активного блока репетиции: Block 1 (продолжение 2)
 BlockLoopControl: _createLoopButton called for block: Block 1 (продолжение 2)
 BlockLoopControl: blockElement found: true
 BlockLoopControl: Кнопка создана для блока: Block 1 (продолжение 2)
index.html:1 Not allowed to load local resource: blob:null/5e86f5c8-9b8a-45da-8c30-87cec0220593
 ⏰ СИНХРО: Позиция установлена 73.81с
 Rehearsal: Line changing from 15 to 17
 Splitting block "Block 1" (16 lines) into 2 parts with ~8 lines each
   Part 1: lines 0-7 (8 lines)
   Part 2: lines 8-15 (8 lines)
 Splitting block "Block 3" (16 lines) into 2 parts with ~8 lines each
   Part 1: lines 0-7 (8 lines)
   Part 2: lines 8-15 (8 lines)
 Rehearsal: Current line 15 belongs to block: block-1750414779020-0-isrv4w1948i-part-1 Array(8)
 Rehearsal: New line 17 belongs to block: 1 Array(6)
 Rehearsal: *** BLOCK CHANGED *** from block-1750414779020-0-isrv4w1948i-part-1 to 1
 Rehearsal: Line changed from 15 to 17
 Rehearsal: Current block lines: Array(8)
 Rehearsal: New block lines: Array(6)
 Splitting block "Block 1" (16 lines) into 2 parts with ~8 lines each
   Part 1: lines 0-7 (8 lines)
   Part 2: lines 8-15 (8 lines)
 Splitting block "Block 3" (16 lines) into 2 parts with ~8 lines each
   Part 1: lines 0-7 (8 lines)
   Part 2: lines 8-15 (8 lines)
 Rehearsal: Current line: 17, Total blocks: 8
 Rehearsal: DETAILED Block structure:
   Block 0 (block-1750414779020-0-isrv4w1948i-part-0): name="Block 1", lines=[0,1,2,3,4,5,6,7]
     Content preview: "Тебе нравится дым!...Черт с ним...
Он убивает слова, кругом голова.
Уже разносит молва по дворам"
       Line 0: "Тебе нравится дым!...Черт с ним..."
       Line 1: "Он убивает слова, кругом голова."
       Line 2: "Уже разносит молва по дворам"
       Line 3: "Что между нами чи-уа-уа!"
       Line 4: "О чем с тобой говорить? Потеряли нить..."
       Line 5: "Быть не собой перестать и дома спать."
       Line 6: "Нас не измерить на глаз, а сейчас"
       Line 7: "Зачем мы давим на тормоз, не на газ?"
   Block 1 (block-1750414779020-0-isrv4w1948i-part-1): name="Block 1 (продолжение 2)", lines=[8,9,10,11,12,13,14,15]
     Content preview: "Вопрос извечный: зачем да почему?
Я понемногу с ума, ты не сама...
А это ночи в Крыму теперь кому?"
       Line 8: "Вопрос извечный: зачем да почему?"
       Line 9: "Я понемногу с ума, ты не сама..."
       Line 10: "А это ночи в Крыму теперь кому?"
       Line 11: "Я, если встречу, потом передам ему..."
       Line 12: "Писклявый твой голосок, как электрошок."
       Line 13: "Что я бухой без вина - твоя вина."
       Line 14: "Теперь узнает страна до темна"
       Line 15: "Им обо всем донесут на FM волнах..."
   Block 2 (1): name="Block 2", lines=[16,17,18,19,20,21]
     Content preview: "Я помню: белые обои, черная посуда...
Нас в хрущевке двое...
Кто мы и откуда...откуда?"
       Line 16: "Я помню: белые обои, черная посуда..."
       Line 17: "Нас в хрущевке двое..."
       Line 18: "Кто мы и откуда...откуда?"
       Line 19: "Задвигаем шторы, кофеек, плюшки стынут"
       Line 20: "Объясните теперь нам вахтеры"
       Line 21: "Почему я на ней так сдвинут?"
   Block 3 (2-part-0): name="Block 3", lines=[22,23,24,25,26,27,28,29]
     Content preview: "Давай вот так просидим до утра!
Не уходи, погоди...Но мне пора!
И если выход один впереди"
       Line 22: "Давай вот так просидим до утра!"
       Line 23: "Не уходи, погоди...Но мне пора!"
       Line 24: "И если выход один впереди"
       Line 25: "То почему мы то холод, то жара?"
       Line 26: "Раскладывать по местам я устал"
       Line 27: "И поворачивать вспять, но вот опять!..."
       Line 28: "Прикосновения плавили мой метал"
       Line 29: "Ты - элемент номер 5, не дать - не взять!"
   Block 4 (2-part-1): name="Block 3 (продолжение 2)", lines=[30,31,32,33,34,35,36,37]
     Content preview: "Идет к финалуиграв этот раз
А ты все также молчишь, я - говорю.
Минут 15 осталось до утра."
       Line 30: "Идет к финалуиграв этот раз"
       Line 31: "А ты все также молчишь, я - говорю."
       Line 32: "Минут 15 осталось до утра."
       Line 33: "Не вызывай, так словлю и свалю!"
       Line 34: "Попробуем все подшить, не ворошить"
       Line 35: "Мобильные номера постирать."
       Line 36: "А уходить неспросив нету сил!"
       Line 37: "Давай попробуем заново все собрать!"
   Block 5 (3): name="Block 4", lines=[38,39,40,41,42,43]
     Content preview: "Белые обои, черную посуду
Нас в хрущевке двое...
Кто мы и откуда...откуда?"
       Line 38: "Белые обои, черную посуду"
       Line 39: "Нас в хрущевке двое..."
       Line 40: "Кто мы и откуда...откуда?"
       Line 41: "Задвигаем шторы, кофеек, плюшки стынут"
       Line 42: "Объясните теперь нам вахтеры"
       Line 43: "Почему я на ней так сдвинут?"
   Block 6 (4): name="Block 5", lines=[44,45,46,47,48,49]
     Content preview: "Я помню: белые обои, черная посуда...
Нас в хрущевке двое...
Кто мы и откуда...откуда?"
       Line 44: "Я помню: белые обои, черная посуда..."
       Line 45: "Нас в хрущевке двое..."
       Line 46: "Кто мы и откуда...откуда?"
       Line 47: "Задвигаем шторы, кофеек, плюшки стынут"
       Line 48: "Объясните теперь нам вахтеры"
       Line 49: "Почему я на ней так сдвинут?"
   Block 7 (5): name="Block 6", lines=[50,51,52,53,54,55]
     Content preview: "Я помню: белые обои, черная посуда...
Нас в хрущевке двое...
Кто мы и откуда...откуда?"
       Line 50: "Я помню: белые обои, черная посуда..."
       Line 51: "Нас в хрущевке двое..."
       Line 52: "Кто мы и откуда...откуда?"
       Line 53: "Задвигаем шторы, кофеек, плюшки стынут"
       Line 54: "Объясните теперь нам вахтеры"
       Line 55: "Почему я на ней так сдвинут?"
 Rehearsal: Looking for block containing line 17
   Checking block 0: lineIndices=[0,1,2,3,4,5,6,7]
   ✗ Block 0 does NOT contain line 17
   Checking block 1: lineIndices=[8,9,10,11,12,13,14,15]
   ✗ Block 1 does NOT contain line 17
   Checking block 2: lineIndices=[16,17,18,19,20,21]
   ✓ Found! Block 2 contains line 17
 Rehearsal: Found active block at index 2 with lines: Array(6)
 Rehearsal: Active block 2: Object
rtf-parser.js:849 >>> FONT_CALC_DEBUG >>> Lines: 6, FontSize: 2.38rem, LineHeight: 3.06rem
rtf-parser.js:849 Rehearsal: Activated line 17 in block with transition: none
rtf-parser.js:849 Rehearsal: Next block preview for block 3: Object
rtf-parser.js:849 Rehearsal: Preview lines: Array(2)
rtf-parser.js:849 Rehearsal: Adding preview line 22: "Давай вот так просидим до утра!"
rtf-parser.js:849 Rehearsal: Adding preview line 23: "Не уходи, погоди...Но мне пора!"
rtf-parser.js:849 Rehearsal: Preview container added with 2 lines
rtf-parser.js:849 Rehearsal mode: Rendered active block 2 with next block preview
rtf-parser.js:849 BlockLoopControl: Обновление для текущего блока
rtf-parser.js:849 BlockLoopControl: Блок изменился, останавливаем зацикливание
rtf-parser.js:849 BlockLoopControl: _createLoopButtonForCurrentBlock called
rtf-parser.js:849 BlockLoopControl: lyricsDisplay.currentActiveBlock: Object
rtf-parser.js:849 BlockLoopControl: lyricsDisplay.textBlocks: Array(6)
rtf-parser.js:849 BlockLoopControl: Создаем кнопку для активного блока репетиции: Block 2
rtf-parser.js:849 BlockLoopControl: _createLoopButton called for block: Block 2
rtf-parser.js:849 BlockLoopControl: blockElement found: true
rtf-parser.js:849 BlockLoopControl: Кнопка создана для блока: Block 2
index.html:1 Not allowed to load local resource: blob:null/5e86f5c8-9b8a-45da-8c30-87cec0220593
index.html:1 Not allowed to load local resource: blob:null/5e86f5c8-9b8a-45da-8c30-87cec0220593
rtf-parser.js:849 Rehearsal: Line changing from 17 to 18
rtf-parser.js:849 Splitting block "Block 1" (16 lines) into 2 parts with ~8 lines each
rtf-parser.js:849   Part 1: lines 0-7 (8 lines)
rtf-parser.js:849   Part 2: lines 8-15 (8 lines)
rtf-parser.js:849 Splitting block "Block 3" (16 lines) into 2 parts with ~8 lines each
rtf-parser.js:849   Part 1: lines 0-7 (8 lines)
rtf-parser.js:849   Part 2: lines 8-15 (8 lines)
rtf-parser.js:849 Rehearsal: Current line 17 belongs to block: 1 Array(6)
rtf-parser.js:849 Rehearsal: New line 18 belongs to block: 1 Array(6)
rtf-parser.js:849 Rehearsal: Same block (1), updating active line from 17 to 18
rtf-parser.js:849 [SETACTIVE] Called with index 18. Current style: rehearsal
rtf-parser.js:849 Rehearsal mode: Setting active line 18
rtf-parser.js:849 Activating rehearsal line at index 18
rtf-parser.js:849 BlockLoopControl: Активный блок изменился
rtf-parser.js:849 BlockLoopControl: _createLoopButtonForCurrentBlock called
rtf-parser.js:849 BlockLoopControl: lyricsDisplay.currentActiveBlock: Object
rtf-parser.js:849 BlockLoopControl: lyricsDisplay.textBlocks: Array(6)
rtf-parser.js:849 BlockLoopControl: Создаем кнопку для активного блока репетиции: Block 2
rtf-parser.js:849 BlockLoopControl: _createLoopButton called for block: Block 2
rtf-parser.js:849 BlockLoopControl: blockElement found: true
rtf-parser.js:849 BlockLoopControl: Кнопка создана для блока: Block 2
rtf-parser.js:849 Key pressed: ShiftLeft
rtf-parser.js:849 Key pressed: Shift, key code: 16, waveform active: false
rtf-parser.js:849 LoopBlockManager: Shift key pressed, multiple selection mode active
rtf-parser.js:849 Key pressed: MetaLeft
rtf-parser.js:849 Key pressed: Meta, key code: 91, waveform active: false
rtf-parser.js:849 LoopBlockManager: Shift key released, multiple selection mode deactivated
index.html:1 Not allowed to load local resource: blob:null/5e86f5c8-9b8a-45da-8c30-87cec0220593
index.html:1 Not allowed to load local resource: blob:null/5e86f5c8-9b8a-45da-8c30-87cec0220593
rtf-parser.js:849 Key pressed: KeyV
rtf-parser.js:849 Key pressed: м, key code: 86, waveform active: false
rtf-parser.js:849 Rehearsal: Line changing from 18 to 19
rtf-parser.js:849 Splitting block "Block 1" (16 lines) into 2 parts with ~8 lines each
rtf-parser.js:849   Part 1: lines 0-7 (8 lines)
rtf-parser.js:849   Part 2: lines 8-15 (8 lines)
rtf-parser.js:849 Splitting block "Block 3" (16 lines) into 2 parts with ~8 lines each
rtf-parser.js:849   Part 1: lines 0-7 (8 lines)
rtf-parser.js:849   Part 2: lines 8-15 (8 lines)
rtf-parser.js:849 Rehearsal: Current line 18 belongs to block: 1 Array(6)
rtf-parser.js:849 Rehearsal: New line 19 belongs to block: 1 Array(6)
rtf-parser.js:849 Rehearsal: Same block (1), updating active line from 18 to 19
rtf-parser.js:849 [SETACTIVE] Called with index 19. Current style: rehearsal
rtf-parser.js:849 Rehearsal mode: Setting active line 19
rtf-parser.js:849 Activating rehearsal line at index 19
rtf-parser.js:849 BlockLoopControl: Активный блок изменился
rtf-parser.js:849 BlockLoopControl: _createLoopButtonForCurrentBlock called
rtf-parser.js:849 BlockLoopControl: lyricsDisplay.currentActiveBlock: Object
rtf-parser.js:849 BlockLoopControl: lyricsDisplay.textBlocks: Array(6)
rtf-parser.js:849 BlockLoopControl: Создаем кнопку для активного блока репетиции: Block 2
rtf-parser.js:849 BlockLoopControl: _createLoopButton called for block: Block 2
rtf-parser.js:849 BlockLoopControl: blockElement found: true
rtf-parser.js:849 BlockLoopControl: Кнопка создана для блока: Block 2
rtf-parser.js:849 Key pressed: Space
rtf-parser.js:849 Space bar pressed, toggling playback
rtf-parser.js:849 ⏸️ ИНСТРУМЕНТАЛ: Пауза
rtf-parser.js:849 ⏸️ ВОКАЛ: Пауза
rtf-parser.js:849 isPlaying property set to: false
rtf-parser.js:849 Key pressed:  , key code: 32, waveform active: false
rtf-parser.js:849 Key pressed: AltLeft
rtf-parser.js:849 Key pressed: Alt, key code: 18, waveform active: false
rtf-parser.js:849 Key pressed: MetaLeft
rtf-parser.js:849 Key pressed: Meta, key code: 91, waveform active: false
index.html:1 Not allowed to load local resource: blob:null/5e86f5c8-9b8a-45da-8c30-87cec0220593
rtf-parser.js:849 Key pressed: KeyJ
rtf-parser.js:849 Key pressed: j, key code: 74, waveform active: false
index.html:1 Not allowed to load local resource: blob:null/5e86f5c8-9b8a-45da-8c30-87cec0220593
index.html:1 Not allowed to load local resource: blob:null/5e86f5c8-9b8a-45da-8c30-87cec0220593
index.html:1 Not allowed to load local resource: blob:null/5e86f5c8-9b8a-45da-8c30-87cec0220593
index.html:1 Not allowed to load local resource: blob:null/5e86f5c8-9b8a-45da-8c30-87cec0220593
index.html:1 Not allowed to load local resource: blob:null/5e86f5c8-9b8a-45da-8c30-87cec0220593
index.html:1 Not allowed to load local resource: blob:null/5e86f5c8-9b8a-45da-8c30-87cec0220593
index.html:1 Not allowed to load local resource: blob:null/5e86f5c8-9b8a-45da-8c30-87cec0220593
index.html:1 Not allowed to load local resource: blob:null/5e86f5c8-9b8a-45da-8c30-87cec0220593
index.html:1 Not allowed to load local resource: blob:null/5e86f5c8-9b8a-45da-8c30-87cec0220593
index.html:1 Not allowed to load local resource: blob:null/5e86f5c8-9b8a-45da-8c30-87cec0220593
index.html:1 Not allowed to load local resource: blob:null/5e86f5c8-9b8a-45da-8c30-87cec0220593
index.html:1 Not allowed to load local resource: blob:null/5e86f5c8-9b8a-45da-8c30-87cec0220593
