 RTF Parser Integration: TrackCatalog уже использует RtfParserAdapter если он доступен
 RTF Parser Integration: Интеграция завершена успешно
 🎹 Инициализация клавиатуры...
 LiveFeed module loaded (placeholder)
 Загружено 5 треков из базы данных
 ✅ Pitchy библиотека загружена в beLive
 LiveMode: Автоматическая инициализация при загрузке документа
 LiveMode: Создание нового экземпляра
 LiveMode: Маски инициализированы без использования изображений
 LiveMode: getUserMedia поддерживается: true
 LiveMode: Безопасный контекст: true
 LiveMode: Определен localhost, разрешен HTTP
 LiveMode: Метод toggleStreaming не найден и не может быть привязан
(анонимная) @ live-mode.js:521
 LiveMode: Базовая инициализация завершена
 LiveMode: Предварительная инициализация камеры...
 LiveMode: экземпляр создан
 LiveFeed initialized
 DOM content loaded, waiting for components
 ✅ Pitchy готов для точной детекции
 🎹 Кнопка найдена
 🔗 Настройка интеграции для точной детекции...
 🎤 Статус для точной детекции: false
 🎯 КАЛИБРОВКА: A4 = 440.00Hz (должно быть 440.00Hz)
 🎹 Создано 48 клавиш для точной детекции
 🎹 Piano Keyboard инициализирован
 Проверка треков завершена успешно, проблем не обнаружено
 All components ready, initializing app...
 Initializing beLive App
 WordAlignerV2 not found, creating placeholder
App @ app.js:53
 LyricsDisplay: Setting style to Стандартный
 Rendering lyrics. Current style ID: default
 Applied style 'Стандартный'
 TextStyleManager: Проверка доступности LiveMode...
 TextStyleManager: Класс LiveMode найден, предварительная инициализация камеры...
 TextStyleManager: LiveMode уже инициализирован
 TextStyleManager initialized with 8 styles and 29 total transitions
 Text style manager initialized
 Initializing Microphone UI...
 Microphone UI initialized using existing DOM elements.
 LoopBlockManager: Checking audio initialization...
 LoopBlockManager: Audio buffer or context not available (check 0)
_checkAudioAndInitialize @ loopblock-manager.js:137
 LoopBlockManager: Initializing sync listeners
 LoopBlockManager: progressBarContainer found - width: 1054.4375px, height: 10px, overflow: visible
 LoopBlockManager: progressBarContainer offsetWidth: 1054, offsetHeight: 10
 LoopBlockManager: progressBarContainer children: 3
 LoopBlockManager: Child 0: progress-bar-loaded, display: block, zIndex: 1
 LoopBlockManager: Child 1: progress-bar, display: block, zIndex: 2
 LoopBlockManager: Child 2: progress-tooltip, display: block, zIndex: 10
 LoopBlockManager initialized
 LoopBlockManager component ready
 BlockLoopControl: Инициализирован
 BlockLoopControl component ready
 🎭 MaskSystem: Инициализация продвинутой системы масок
 🎭 MaskSystem: Конструктор завершен
 🎭 MaskSystem создан
 🎭 MaskSystem component ready
 Initializing LoopBlock controls
 Audio not fully loaded yet, setting up delayed initialization
 🎭 MaskSystem: Обработчик кнопки подключен
 🚀 Инициализация Живой Ленты
 ✅ Живая Лента инициализирована
 🚀 Показываю Живую Ленту
 ✅ Живая Лента активирована
 beLive App initialized
 App initialized successfully
 🎭 MediaPipe: Начинаем загрузку библиотек...
 🎭 MediaPipe: Ожидание загрузки библиотек...
 🎭 MediaPipe: Все библиотеки загружены успешно
 🎭 MaskSystem: Официальный MediaPipe FaceMesh готов
 🏃 MaskSystem: MediaPipe Pose готов
 ✋ MaskSystem: MediaPipe Hands готов
 🤖 MaskSystem: MediaPipe Holistic готов
 🎨 MaskSystem: MediaPipe Selfie Segmentation готов
 🎭 MaskSystem: MediaPipe готов к использованию
 🎯 Background Effects Engine v2.0 инициализирован
 🔄 Инициализация Background Effects Engine...
 ✅ Background Effects Engine готов
 🎤 Запуск ТОЧНОГО анализа вокальной дорожки...
 🔊 Инициализация аудио для точной детекции...
 ✅ Используем audioEngine.audioContext
 ✅ Pitchy детектор готов для точной работы
 ✅ Подключен к ВОКАЛЬНОМУ узлу: GainNode
 ✅ ТОЧНЫЙ анализ запущен
 LiveMode: Запуск предварительной инициализации камеры
 LiveMode: Предварительная инициализация камеры...
 LoopBlockManager: Проверка доступности аудио (попытка 2/5)
 🎯 Начальная калибровка системы...
 🎯 ===== ЗАПУСК КАЛИБРОВОЧНЫХ ТЕСТОВ ПИТЧА =====
 📋 Тестируем расчет частот:
 ✅ C4: рассчитано=261.63Hz, ожидается=261.63Hz, ошибка=0.002%
 ✅ D4: рассчитано=293.66Hz, ожидается=293.66Hz, ошибка=0.002%
 ✅ E4: рассчитано=329.63Hz, ожидается=329.63Hz, ошибка=0.001%
 ✅ F4: рассчитано=349.23Hz, ожидается=349.23Hz, ошибка=0.001%
 ✅ G4: рассчитано=392.00Hz, ожидается=392Hz, ошибка=0.001%
 🎯 КАЛИБРОВКА: A4 = 440.00Hz (должно быть 440.00Hz)
 ✅ A4: рассчитано=440.00Hz, ожидается=440Hz, ошибка=0.000%
 ✅ B4: рассчитано=493.88Hz, ожидается=493.88Hz, ошибка=0.001%
 📋 Тестируем обратное преобразование:
 ✅ 261.63Hz → обнаружено="C4", ожидается="C4"
 ✅ 293.66Hz → обнаружено="D4", ожидается="D4"
 ✅ 329.63Hz → обнаружено="E4", ожидается="E4"
 ✅ 349.23Hz → обнаружено="F4", ожидается="F4"
 ✅ 392Hz → обнаружено="G4", ожидается="G4"
 ✅ 440Hz → обнаружено="A4", ожидается="A4"
 ✅ 493.88Hz → обнаружено="B4", ожидается="B4"
 📊 РЕЗУЛЬТАТЫ КАЛИБРОВКИ:
    Пройдено тестов: 14/14
    Процент успеха: 100.0%
    Средняя ошибка: 0.001%
 🎯 ✅ КАЛИБРОВКА ПИТЧА ПРОШЛА УСПЕШНО!
 🎯 ===== КАЛИБРОВОЧНЫЕ ТЕСТЫ ЗАВЕРШЕНЫ =====
 LoopBlockManager: Проверка доступности аудио (попытка 3/5)
 Application fully loaded, components initialized
 LiveMode: Доступ к камере получен при предварительной инициализации
 LiveMode: Получено 1 видеотреков. Активный: FaceTime HD Camera
 LiveMode: Предварительная инициализация камеры успешно завершена
 LoopBlockManager: Аудио не загружено после 5 попыток. Для работы функций зацикливания необходимо загрузить аудиофайл.
_checkAudioAgain @ loopblock-manager.js:219
 LiveMode: Доступ к камере получен при предварительной инициализации
 LiveMode: Получено 1 видеотреков. Активный: FaceTime HD Camera
 LiveMode: Предварительная инициализация камеры успешно завершена
 LiveMode: Предварительная инициализация камеры успешна
 🚀 Быстрый переход в режим: karaoke
 Switching to karaoke mode
 App: Сохраняем предыдущий режим: concert
 Activating karaoke mode
 Karaoke Background Manager: Starting slideshow...
 Applying style: Караоке with scale 1.20
 TextStyleManager: Scaled font size from 1.4em to 1.68em
 LyricsDisplay: Setting style to Караоке
 [KARAOKE] DOM not found or empty in _renderLyrics, creating it.
 TextStyleManager: Scaled font size from 1.4em to 1.68em
 Applied style class to lyrics-container: style-karaoke
 🚀 Скрываю Живую Ленту
 ✅ Возврат в классический зал
 ✅ Karaoke Background Manager: SUCCESSFULLY set background to Karaoke/pexels-pixabay-164879.jpg
 TrackCatalog: openCatalog() called
 TrackCatalog: catalogContainer exists: true
 TrackCatalog: catalogContainer classes before: hidden
 TrackCatalog: catalogContainer classes after: 
 TrackCatalog: Catalog should now be visible
 🔄 Loading track: "Бумбокс – Вахтерам"
 🔄 StateManager: Starting HARD RESET of all components
 1. Resetting AudioEngine...
 AudioEngine: Starting reset...
 isPlaying property set to: false
 ⏹️ ГИБРИД: Остановлен и сброшен
 🧹 СПРИНТЕР: Ресурсы очищены
 AudioEngine: Reset completed successfully
 ✅ AudioEngine reset complete
 2. Resetting LyricsDisplay...
 💥 LyricsDisplay: Performing full reset.
 ✅ LyricsDisplay: Full reset complete. All lyric data and DOM elements cleared.
 ✅ LyricsDisplay full reset complete
 3. Resetting TextStyleManager...
 💥 TextStyleManager: Full reset initiated.
 ✅ TextStyleManager: Reset complete. All states and caches cleared.
 ✅ TextStyleManager reset complete.
 🎉 StateManager: HARD RESET completed successfully
 ✅ All components ready for new track
 ⏱️ HARD_RESET_TIME: 2.785888671875 ms
 TrackCatalog: Set waveformEditor.lastLoadedFile to Бумбокс – Вахтерам.rtf
 TrackCatalog: Set waveformEditor.currentTrackId to 1750298619469
 TrackCatalog: Found 6 blocks. Preparing them for rendering after audio load.
 LyricsDisplay: Loading 6 imported blocks.
 Block 0 loaded: id="block-1750409551100-0-w4767gt2e", name="Block 1", lines=16
 Block 1 loaded: id="1", name="Block 2", lines=6
 Block 2 loaded: id="2", name="Block 3", lines=16
 Block 3 loaded: id="3", name="Block 4", lines=6
 Block 4 loaded: id="4", name="Block 5", lines=6
 Block 5 loaded: id="5", name="Block 6", lines=6
 LyricsDisplay: Skipping render as requested by shouldRender=false
 LyricsDisplay: Successfully loaded 6 blocks, total lyric lines: 56.
 LyricsDisplay: Updated marker colors after loading blocks
 ⏱️ LYRICS_PREPARE_TIME: 7.52099609375 ms
 ⏱️ BLOB_CREATION_TIME: 32.408935546875 ms
 🚀 ГИБРИД: Загрузка двойного потока
 isPlaying property set to: false
 ⏹️ ГИБРИД: Остановлен и сброшен
 🎚️ МАСТЕР: Создание микшированной дорожки...
 🎚️ МАСТЕР: Инструментал URL: blob:null/46d0b3c0-948c-49c6-bafb-a2490ae11cee...
 🎚️ МАСТЕР: Вокал URL: blob:null/93b38fa6-3d15-4452-bbe6-020832a51f13...
 🎚️ МАСТЕР: Загружаем аудиофайлы...
 ✅ ИНСТРУМЕНТАЛ ГОТОВ! Длительность: 240.69с
 ⏱️ HYBRID_ENGINE_LOAD_TIME: 55.0810546875 ms
 🎯 ГИБРИД: Рассинхронизация устранена!
 🚀 Скрываю Живую Ленту
 ✅ Возврат в классический зал
 Applying style: Караоке with scale 1.20
 TextStyleManager: Scaled font size from 1.4em to 1.68em
 LyricsDisplay: Setting style to Караоке
 [KARAOKE] DOM not found or empty in _renderLyrics, creating it.
 TextStyleManager: Scaled font size from 1.4em to 1.68em
 Track loaded event detected, initializing LoopBlockManager CustomEvent
 LoopBlockManager already initialized
 ⏱️ AUDIO_LOAD_TIME: 88.5009765625 ms
 Loading 56 markers for track Бумбокс – Вахтерам
 Validating 56 markers for 56 lyric lines
 Kept 56 valid markers out of 56
 🚀 Скрываю Живую Ленту
 ✅ Возврат в классический зал
 Applying style: Караоке with scale 1.20
 TextStyleManager: Scaled font size from 1.4em to 1.68em
 LyricsDisplay: Setting style to Караоке
 TextStyleManager: Scaled font size from 1.4em to 1.68em
 Track loaded event detected, initializing LoopBlockManager CustomEvent
 LoopBlockManager already initialized
 🎵 АВТОПЛЕЙ: Запуск воспроизведения...
 ✅ Track "Бумбокс – Вахтерам" loaded successfully
 🎚️ МАСТЕР: Конвертируем в ArrayBuffer...
 🎚️ МАСТЕР: Инструментал размер: 9630868 байт
 🎚️ МАСТЕР: Вокал размер: 9630868 байт
 🎚️ МАСТЕР: Декодируем аудиоданные...
 🎨 StateManager: Forcing text rerender in current mode
 🎤 Karaoke mode detected, should work correctly
 ⏱️ FINAL_RENDER_TIME: 200.7548828125 ms
 ⏱️ TOTAL_TRACK_LOAD_TIME: 339.762939453125 ms
 ✅ ВОКАЛ ГОТОВ! Длительность: 240.69с
 🎤 ВОКАЛ ПОДКЛЮЧЕН к аудио-контексту
 ▶️ ИНСТРУМЕНТАЛ: Воспроизведение начато
 🔍 Статический анализ: 6330.6Hz (77.8%)
 🔍 Статический анализ: 6337.8Hz (72.3%)
 🎤 ВОКАЛ: Синхронизирован и воспроизводится
 isPlaying property set to: true
 ✅ АВТОПЛЕЙ: Воспроизведение начато успешно
 Audio ready detected via timer, initializing LoopBlockManager
 LoopBlockManager already initialized
 TrackCatalog: openCatalog() called
 TrackCatalog: catalogContainer exists: true
 TrackCatalog: catalogContainer classes before: hidden
 TrackCatalog: catalogContainer classes after: 
 TrackCatalog: Catalog should now be visible
 🔄 Loading track: "Eminem feat. Rihanna-Love The Way You Lie [-]"
 🔄 StateManager: Starting HARD RESET of all components
 1. Resetting AudioEngine...
 AudioEngine: Starting reset...
 isPlaying property set to: false
 ⏹️ ГИБРИД: Остановлен и сброшен
 🧹 СПРИНТЕР: Ресурсы очищены
 AudioEngine: Reset completed successfully
 ✅ AudioEngine reset complete
 2. Resetting LyricsDisplay...
 💥 LyricsDisplay: Performing full reset.
 ✅ LyricsDisplay: Full reset complete. All lyric data and DOM elements cleared.
 ✅ LyricsDisplay full reset complete
 3. Resetting TextStyleManager...
 💥 TextStyleManager: Full reset initiated.
 ✅ TextStyleManager: Reset complete. All states and caches cleared.
 ✅ TextStyleManager reset complete.
 🎉 StateManager: HARD RESET completed successfully
 ✅ All components ready for new track
 ⏱️ HARD_RESET_TIME: 75.629150390625 ms
 TrackCatalog: Set waveformEditor.lastLoadedFile to Eminem Feat. Rihanna - Love The Way You Lie.rtf
 TrackCatalog: Set waveformEditor.currentTrackId to 1750226067980
 TrackCatalog: Found 11 blocks. Preparing them for rendering after audio load.
 LyricsDisplay: Loading 11 imported blocks.
 Block 0 loaded: id="block-1750409553290-0-akvjyawoqh", name="Block 1", lines=5
 Block 1 loaded: id="block-1750409553290-1-483bgeygrv2", name="Block 2", lines=9
 Block 2 loaded: id="block-1750409553290-2-zywhxgumlub", name="Block 3", lines=10
 Block 3 loaded: id="block-1750409553291-3-e38mr1ugeiw", name="Block 4", lines=6
 Block 4 loaded: id="block-1750409553291-4-fpktighxy5s", name="Block 5", lines=10
 Block 5 loaded: id="block-1750409553291-5-9jjk0ubysg5", name="Block 6", lines=10
 Block 6 loaded: id="block-1750409553291-6-18ieox0laza", name="Block 7", lines=5
 Block 7 loaded: id="block-1750409553291-7-627l8n1x0qn", name="Block 8", lines=1
 Block 8 loaded: id="block-1750409553291-8-r0l5fq28mm", name="Block 9", lines=8
 Block 9 loaded: id="block-1750409553291-9-yzffyi9f0ld", name="Block 10", lines=9
 Block 10 loaded: id="block-1750409553291-10-ewch98h1di", name="Block 11", lines=6
 LyricsDisplay: Skipping render as requested by shouldRender=false
 LyricsDisplay: Successfully loaded 11 blocks, total lyric lines: 79.
 Updated marker for line 0: type=chorus, color=#F44336
 Updated marker for line 1: type=chorus, color=#F44336
 Updated marker for line 2: type=chorus, color=#F44336
 Updated marker for line 3: type=chorus, color=#F44336
 Updated marker for line 4: type=chorus, color=#F44336
 Updated marker for line 16: type=verse, color=#4CAF50
 Updated marker for line 17: type=verse, color=#4CAF50
 Updated marker for line 18: type=verse, color=#4CAF50
 Updated marker for line 19: type=verse, color=#4CAF50
 Updated marker for line 20: type=verse, color=#4CAF50
 Updated marker for line 21: type=verse, color=#4CAF50
 Updated marker for line 24: type=chorus, color=#F44336
 Updated marker for line 25: type=chorus, color=#F44336
 Updated marker for line 26: type=chorus, color=#F44336
 Updated marker for line 27: type=chorus, color=#F44336
 Updated marker for line 28: type=chorus, color=#F44336
 Updated marker for line 29: type=chorus, color=#F44336
 Updated marker for line 38: type=verse, color=#4CAF50
 Updated marker for line 39: type=verse, color=#4CAF50
 Updated marker for line 40: type=verse, color=#4CAF50
 Updated marker for line 41: type=verse, color=#4CAF50
 Updated marker for line 42: type=verse, color=#4CAF50
 Updated marker for line 43: type=verse, color=#4CAF50
 Updated marker for line 44: type=verse, color=#4CAF50
 Updated marker for line 45: type=verse, color=#4CAF50
 Updated marker for line 46: type=verse, color=#4CAF50
 Updated marker for line 47: type=verse, color=#4CAF50
 Updated marker for line 48: type=verse, color=#4CAF50
 Updated marker for line 49: type=verse, color=#4CAF50
 LyricsDisplay: Updated marker colors after loading blocks
 ⏱️ LYRICS_PREPARE_TIME: 7.210205078125 ms
 ⏱️ BLOB_CREATION_TIME: 112.740966796875 ms
 🚀 ГИБРИД: Загрузка двойного потока
 isPlaying property set to: false
 ⏹️ ГИБРИД: Остановлен и сброшен
 🎚️ МАСТЕР: Создание микшированной дорожки...
 🎚️ МАСТЕР: Инструментал URL: blob:null/e779ad81-c708-4645-aca1-81ff5428857c...
 🎚️ МАСТЕР: Вокал URL: blob:null/948e4863-b5e5-4828-bf81-eea0ba6838e1...
 🎚️ МАСТЕР: Загружаем аудиофайлы...
 🎚️ МАСТЕР: Конвертируем в ArrayBuffer...
 🎚️ МАСТЕР: Инструментал размер: 10538885 байт
 🎚️ МАСТЕР: Вокал размер: 10538885 байт
 🎚️ МАСТЕР: Декодируем аудиоданные...
 ✅ ИНСТРУМЕНТАЛ ГОТОВ! Длительность: 263.39с
 ⏱️ HYBRID_ENGINE_LOAD_TIME: 327.535888671875 ms
 🎯 ГИБРИД: Рассинхронизация устранена!
 🚀 Скрываю Живую Ленту
 ✅ Возврат в классический зал
 Applying style: Караоке with scale 1.20
 TextStyleManager: Scaled font size from 1.4em to 1.68em
 LyricsDisplay: Setting style to Караоке
 [KARAOKE] DOM not found or empty in _renderLyrics, creating it.
 TextStyleManager: Scaled font size from 1.4em to 1.68em
 ⏱️ AUDIO_LOAD_TIME: 329.30615234375 ms
 Loading 79 markers for track Eminem feat. Rihanna-Love The Way You Lie [-]
 Validating 79 markers for 79 lyric lines
 Kept 79 valid markers out of 79
 🚀 Скрываю Живую Ленту
 ✅ Возврат в классический зал
 Applying style: Караоке with scale 1.20
 TextStyleManager: Scaled font size from 1.4em to 1.68em
 LyricsDisplay: Setting style to Караоке
 TextStyleManager: Scaled font size from 1.4em to 1.68em
 🎵 АВТОПЛЕЙ: Запуск воспроизведения...
 ✅ Track "Eminem feat. Rihanna-Love The Way You Lie [-]" loaded successfully
 🎨 StateManager: Forcing text rerender in current mode
 🎤 Karaoke mode detected, should work correctly
 ⏱️ FINAL_RENDER_TIME: 563.21484375 ms
 ⏱️ TOTAL_TRACK_LOAD_TIME: 1091.68798828125 ms
 ▶️ ИНСТРУМЕНТАЛ: Воспроизведение начато
 isPlaying property set to: true
 ✅ АВТОПЛЕЙ: Воспроизведение начато успешно
 🎚️ МАСТЕР: Инструментал - каналов: 2, длина: 10614575, частота: 44100Hz
 🎚️ МАСТЕР: Вокал - каналов: 2, длина: 10614575, частота: 44100Hz
 🎚️ МАСТЕР: Создан буфер - каналов: 2, длина: 10614575
 🎚️ МАСТЕР: Начинаем микширование каналов...
 🎚️ МАСТЕР: Микширование завершено, конвертируем в blob...
 🎚️ МАСТЕР: Микшированная дорожка создана! URL: blob:null/80eb9a98-0d97-4dc6-8d0f-45137841b779...
 🎚️ МАСТЕР: Размер blob: 42458344 байт
 🎚️ МАСТЕР: Обновляем URL после создания микшированной дорожки
 🎚️ МАСТЕР URL обновлен: blob:null/80eb9a98-0d97-4dc6-8d0f-45137841b779...
 Switching to rehearsal mode
 App: Сохраняем предыдущий режим: karaoke
 Activating rehearsal mode
 Karaoke Background Manager: Stopping slideshow...
 Applying style: Репетиция with scale 1.00
 LyricsDisplay: Setting style to Репетиция
 Activating Rehearsal Display with blocks: Array(11)
 Rendering lyrics. Current style ID: rehearsal
 Splitting block "Block 2" (9 lines) into 2 parts with ~5 lines each
   Part 1: lines 0-4 (5 lines)
   Part 2: lines 5-8 (4 lines)
 Splitting block "Block 3" (10 lines) into 2 parts with ~5 lines each
   Part 1: lines 0-4 (5 lines)
   Part 2: lines 5-9 (5 lines)
 Splitting block "Block 5" (10 lines) into 2 parts with ~5 lines each
   Part 1: lines 0-4 (5 lines)
   Part 2: lines 5-9 (5 lines)
 Splitting block "Block 6" (10 lines) into 2 parts with ~5 lines each
   Part 1: lines 0-4 (5 lines)
   Part 2: lines 5-9 (5 lines)
 Splitting block "Block 10" (9 lines) into 2 parts with ~5 lines each
   Part 1: lines 0-4 (5 lines)
   Part 2: lines 5-8 (4 lines)
 Rehearsal: Current line: 0, Total blocks: 16
 Rehearsal: DETAILED Block structure:
   Block 0 (block-1750409553290-0-akvjyawoqh): name="Block 1", lines=[0,1,2,3,4]
     Content preview: "Just gonna stand there and watch me burn?
Well, that's alright because I like the way it hurts
Just "
       Line 0: "Just gonna stand there and watch me burn?"
       Line 1: "Well, that's alright because I like the way it hurts"
       Line 2: "Just gonna stand there and hear me cry?"
       Line 3: "Well, that's alright because I love the way you lie"
       Line 4: "I love the way you lie"
   Block 1 (block-1750409553290-1-483bgeygrv2-part-0): name="Block 2", lines=[5,6,7,8,9]
     Content preview: "I can't tell you what it really is
I can only tell you what it feels like
And right now, there's a s"
       Line 5: "I can't tell you what it really is"
       Line 6: "I can only tell you what it feels like"
       Line 7: "And right now, there's a steel knife in my windpipe"
       Line 8: "I can't breathe, but I still fight while I can fight"
       Line 9: "As long as the wrong feels right, it's like I'm in flight"
   Block 2 (block-1750409553290-1-483bgeygrv2-part-1): name="Block 2 (продолжение 2)", lines=[10,11,12,13]
     Content preview: "High off her love, drunk from her hate
It's like I'm huffin' paint, and I love her the more I suffer"
       Line 10: "High off her love, drunk from her hate"
       Line 11: "It's like I'm huffin' paint, and I love her the more I suffer, I suffocate"
       Line 12: "And right before I'm about to drown, she resuscitates me"
       Line 13: "She f- hates me, and I love it"
   Block 3 (block-1750409553290-2-zywhxgumlub-part-0): name="Block 3", lines=[14,15,16,17,18]
     Content preview: ""Wait! Where you going?" "I'm leaving you"
"No, you ain't, come back"
We're running right back, here"
       Line 14: ""Wait! Where you going?" "I'm leaving you""
       Line 15: ""No, you ain't, come back""
       Line 16: "We're running right back, here we go again"
       Line 17: "It's so insane 'cause when it's going good, it's going great"
       Line 18: "I'm Superman with the wind at his back, she's Lois Lane"
   Block 4 (block-1750409553290-2-zywhxgumlub-part-1): name="Block 3 (продолжение 2)", lines=[19,20,21,22,23]
     Content preview: "But when it's bad, it's awful
I feel so ashamed, I snapped, "Who's that dude?"
I don't even know his"
       Line 19: "But when it's bad, it's awful"
       Line 20: "I feel so ashamed, I snapped, "Who's that dude?""
       Line 21: "I don't even know his name"
       Line 22: "I laid hands on her, I'll never stoop so low again"
       Line 23: "I guess I don't know my own strength"
   Block 5 (block-1750409553291-3-e38mr1ugeiw): name="Block 4", lines=[24,25,26,27,28,29]
     Content preview: "Just gonna stand there and watch me burn?
Well, that's alright because I like the way it hurts
Just "
       Line 24: "Just gonna stand there and watch me burn?"
       Line 25: "Well, that's alright because I like the way it hurts"
       Line 26: "Just gonna stand there and hear me cry?"
       Line 27: "Well, that's alright because I love the way you lie"
       Line 28: "I love the way you lie"
       Line 29: "I love the way you lie"
   Block 6 (block-1750409553291-4-fpktighxy5s-part-0): name="Block 5", lines=[30,31,32,33,34]
     Content preview: "You ever loved somebody so much
You can barely breathe when you're with 'em?
You meet and neither on"
       Line 30: "You ever loved somebody so much"
       Line 31: "You can barely breathe when you're with 'em?"
       Line 32: "You meet and neither one of you even know what hit 'em"
       Line 33: "Got that warm fuzzy feelin', yeah, them chills, used to get 'em"
       Line 34: "Now you're gettin' f- sick of lookin' at 'em?"
   Block 7 (block-1750409553291-4-fpktighxy5s-part-1): name="Block 5 (продолжение 2)", lines=[35,36,37,38,39]
     Content preview: "You swore you'd never hit 'em, never do nothin' to hurt 'em
Now you're in each other's face, spewin'"
       Line 35: "You swore you'd never hit 'em, never do nothin' to hurt 'em"
       Line 36: "Now you're in each other's face, spewin' venom in your words when you spit 'em"
       Line 37: "You push, pull each other's hair, scratch, claw, bit 'em"
       Line 38: "Throw 'em down, pin 'em"
       Line 39: "So lost in them moments when you're in 'em"
   Block 8 (block-1750409553291-5-9jjk0ubysg5-part-0): name="Block 6", lines=[40,41,42,43,44]
     Content preview: "It's the rage that took over, it controls you both
So they say you're best to go your separate ways
"
       Line 40: "It's the rage that took over, it controls you both"
       Line 41: "So they say you're best to go your separate ways"
       Line 42: "Guess that they don't know you 'cause today, that was yesterday"
       Line 43: "Yesterday is over, it's a different day"
       Line 44: "Sound like broken records playin' over, but you promised her"
   Block 9 (block-1750409553291-5-9jjk0ubysg5-part-1): name="Block 6 (продолжение 2)", lines=[45,46,47,48,49]
     Content preview: "Next time, you'll show restraint
You don't get another chance
Life is no Nintendo game, but you lied"
       Line 45: "Next time, you'll show restraint"
       Line 46: "You don't get another chance"
       Line 47: "Life is no Nintendo game, but you lied again"
       Line 48: "Now you get to watch her leave out the window"
       Line 49: "Guess that's why they call it windowpane"
   Block 10 (block-1750409553291-6-18ieox0laza): name="Block 7", lines=[50,51,52,53,54]
     Content preview: "Just gonna stand there and watch me burn?
Well, that's alright because I like the way it hurts
Just "
       Line 50: "Just gonna stand there and watch me burn?"
       Line 51: "Well, that's alright because I like the way it hurts"
       Line 52: "Just gonna stand there and hear me cry?"
       Line 53: "Well, that's alright because I love the way you lie"
       Line 54: "I love the way you lie"
   Block 11 (block-1750409553291-7-627l8n1x0qn): name="Block 8", lines=[55]
     Content preview: "I love the way you lie"
       Line 55: "I love the way you lie"
   Block 12 (block-1750409553291-8-r0l5fq28mm): name="Block 9", lines=[56,57,58,59,60,61,62,63]
     Content preview: "Now I know we said things, did things that we didn't mean
Then we fall back into the same patterns, "
       Line 56: "Now I know we said things, did things that we didn't mean"
       Line 57: "Then we fall back into the same patterns, same routine"
       Line 58: "But your temper's just as bad as mine is"
       Line 59: "You're the same as me, when it comes to love, you're just as blinded"
       Line 60: "Baby, please come back, it wasn't you, baby, it was me"
       Line 61: "Maybe our relationship isn't as crazy as it seems"
       Line 62: "Maybe that's what happens when a tornado meets a volcano"
       Line 63: "All I know is I love you too much to walk away, though"
   Block 13 (block-1750409553291-9-yzffyi9f0ld-part-0): name="Block 10", lines=[64,65,66,67,68]
     Content preview: "Come inside, pick up your bags off the sidewalk
Don't you hear sincerity in my voice when I talk?
To"
       Line 64: "Come inside, pick up your bags off the sidewalk"
       Line 65: "Don't you hear sincerity in my voice when I talk?"
       Line 66: "Told you this is my fault, look me in the eyeball"
       Line 67: "Next time I'm p-, I'll aim my fist at the drywall"
       Line 68: ""Next time? There won't be no next time""
   Block 14 (block-1750409553291-9-yzffyi9f0ld-part-1): name="Block 10 (продолжение 2)", lines=[69,70,71,72]
     Content preview: "I apologize, even though I know it's lies
I'm tired of the games, I just want her back
I know I'm a "
       Line 69: "I apologize, even though I know it's lies"
       Line 70: "I'm tired of the games, I just want her back"
       Line 71: "I know I'm a liar, if she ever tries to f- leave again"
       Line 72: "I'ma tie her to the bed and set this house on fire"
   Block 15 (block-1750409553291-10-ewch98h1di): name="Block 11", lines=[73,74,75,76,77,78]
     Content preview: "Just gonna stand there and watch me burn?
Well, that's alright because I like the way it hurts
Just "
       Line 73: "Just gonna stand there and watch me burn?"
       Line 74: "Well, that's alright because I like the way it hurts"
       Line 75: "Just gonna stand there and hear me cry?"
       Line 76: "Well, that's alright, because I love the way you lie"
       Line 77: "I love the way you lie"
       Line 78: "I love the way you lie"
 Rehearsal: Looking for block containing line 0
   Checking block 0: lineIndices=[0,1,2,3,4]
   ✓ Found! Block 0 contains line 0
 Rehearsal: Found active block at index 0 with lines: Array(5)
 Rehearsal: Active block 0: Object
 >>> FONT_CALC_DEBUG >>> Lines: 5, FontSize: 2.66rem, LineHeight: 3.23rem
 Rehearsal: Activated line 0 in block with transition: none
 Rehearsal: Next block preview for block 1: Object
 Rehearsal: Preview lines: Array(2)
 Rehearsal: Adding preview line 5: "I can't tell you what it really is"
 Rehearsal: Adding preview line 6: "I can only tell you what it feels like"
 Rehearsal: Preview container added with 2 lines
 Rehearsal mode: Rendered active block 0 with next block preview
 BlockLoopControl: Активирован
 BlockLoopControl: _createLoopButtonForCurrentBlock called
 BlockLoopControl: lyricsDisplay.currentActiveBlock: Object
 BlockLoopControl: lyricsDisplay.textBlocks: Array(11)
 BlockLoopControl: Создаем кнопку для активного блока репетиции: Block 1
 BlockLoopControl: _createLoopButton called for block: Block 1
 BlockLoopControl: blockElement found: true
 BlockLoopControl: Кнопка создана для блока: Block 1
 🚀 Скрываю Живую Ленту
 ✅ Возврат в классический зал
 🎚️ МАСТЕР: Инструментал - каналов: 2, длина: 11615663, частота: 44100Hz
 🎚️ МАСТЕР: Вокал - каналов: 2, длина: 11615663, частота: 44100Hz
 🎚️ МАСТЕР: Создан буфер - каналов: 2, длина: 11615663
 🎚️ МАСТЕР: Начинаем микширование каналов...
 🎚️ МАСТЕР: Микширование завершено, конвертируем в blob...
 🎚️ МАСТЕР: Микшированная дорожка создана! URL: blob:null/2e808029-eecb-40f2-a7bf-fd13d4a0970d...
 🎚️ МАСТЕР: Размер blob: 46462696 байт
 🎚️ МАСТЕР: Обновляем URL после создания микшированной дорожки
 🎚️ МАСТЕР URL обновлен: blob:null/2e808029-eecb-40f2-a7bf-fd13d4a0970d...
 ✅ ВОКАЛ ГОТОВ! Длительность: 263.39с
 Rehearsal: Line changing from 0 to 1
 Splitting block "Block 2" (9 lines) into 2 parts with ~5 lines each
   Part 1: lines 0-4 (5 lines)
   Part 2: lines 5-8 (4 lines)
 Splitting block "Block 3" (10 lines) into 2 parts with ~5 lines each
   Part 1: lines 0-4 (5 lines)
   Part 2: lines 5-9 (5 lines)
 Splitting block "Block 5" (10 lines) into 2 parts with ~5 lines each
   Part 1: lines 0-4 (5 lines)
   Part 2: lines 5-9 (5 lines)
 Splitting block "Block 6" (10 lines) into 2 parts with ~5 lines each
   Part 1: lines 0-4 (5 lines)
   Part 2: lines 5-9 (5 lines)
 Splitting block "Block 10" (9 lines) into 2 parts with ~5 lines each
   Part 1: lines 0-4 (5 lines)
   Part 2: lines 5-8 (4 lines)
 Rehearsal: Current line 0 belongs to block: block-1750409553290-0-akvjyawoqh Array(5)
 Rehearsal: New line 1 belongs to block: block-1750409553290-0-akvjyawoqh Array(5)
 Rehearsal: Same block (block-1750409553290-0-akvjyawoqh), updating active line from 0 to 1
 [SETACTIVE] Called with index 1. Current style: rehearsal
 Rehearsal mode: Setting active line 1
 Activating rehearsal line at index 1
 BlockLoopControl: Активный блок изменился
 BlockLoopControl: _createLoopButtonForCurrentBlock called
 BlockLoopControl: lyricsDisplay.currentActiveBlock: Object
 BlockLoopControl: lyricsDisplay.textBlocks: Array(11)
 BlockLoopControl: Создаем кнопку для активного блока репетиции: Block 1
 BlockLoopControl: _createLoopButton called for block: Block 1
 BlockLoopControl: blockElement found: true
 BlockLoopControl: Кнопка создана для блока: Block 1
 🎤 ВОКАЛ: Громкость установлена 98%
 🎤 ВОКАЛ: Громкость установлена 94%
 🎤 ВОКАЛ: Громкость установлена 86%
 🎤 ВОКАЛ: Громкость установлена 69%
 🎤 ВОКАЛ: Громкость установлена 58%
 🎤 ВОКАЛ: Громкость установлена 50%
 🎤 ВОКАЛ: Громкость установлена 38%
 🎤 ВОКАЛ: Громкость установлена 35%
 🎤 ВОКАЛ: Громкость установлена 30%
 🎤 ВОКАЛ: Громкость установлена 26%
 🎤 ВОКАЛ: Громкость установлена 24%
 🎤 ВОКАЛ: Громкость установлена 25%
 🎤 ВОКАЛ: Громкость установлена 27%
 🎤 ВОКАЛ: Громкость установлена 34%
 🎤 ВОКАЛ: Громкость установлена 47%
 🎤 ВОКАЛ: Громкость установлена 83%
 🎤 ВОКАЛ: Громкость установлена 100%
 Rehearsal: Line changing from 1 to 2
 Splitting block "Block 2" (9 lines) into 2 parts with ~5 lines each
   Part 1: lines 0-4 (5 lines)
   Part 2: lines 5-8 (4 lines)
 Splitting block "Block 3" (10 lines) into 2 parts with ~5 lines each
   Part 1: lines 0-4 (5 lines)
   Part 2: lines 5-9 (5 lines)
 Splitting block "Block 5" (10 lines) into 2 parts with ~5 lines each
   Part 1: lines 0-4 (5 lines)
   Part 2: lines 5-9 (5 lines)
 Splitting block "Block 6" (10 lines) into 2 parts with ~5 lines each
   Part 1: lines 0-4 (5 lines)
   Part 2: lines 5-9 (5 lines)
 Splitting block "Block 10" (9 lines) into 2 parts with ~5 lines each
   Part 1: lines 0-4 (5 lines)
   Part 2: lines 5-8 (4 lines)
 Rehearsal: Current line 1 belongs to block: block-1750409553290-0-akvjyawoqh Array(5)
 Rehearsal: New line 2 belongs to block: block-1750409553290-0-akvjyawoqh Array(5)
 Rehearsal: Same block (block-1750409553290-0-akvjyawoqh), updating active line from 1 to 2
 [SETACTIVE] Called with index 2. Current style: rehearsal
 Rehearsal mode: Setting active line 2
 Activating rehearsal line at index 2
 BlockLoopControl: Активный блок изменился
 BlockLoopControl: _createLoopButtonForCurrentBlock called
 BlockLoopControl: lyricsDisplay.currentActiveBlock: Object
 BlockLoopControl: lyricsDisplay.textBlocks: Array(11)
 BlockLoopControl: Создаем кнопку для активного блока репетиции: Block 1
 BlockLoopControl: _createLoopButton called for block: Block 1
 BlockLoopControl: blockElement found: true
 BlockLoopControl: Кнопка создана для блока: Block 1
 🎤 ВОКАЛ: Громкость установлена 90%
 🎤 ВОКАЛ: Громкость установлена 75%
 🎤 ВОКАЛ: Громкость установлена 63%
 🎤 ВОКАЛ: Громкость установлена 36%
 🎤 ВОКАЛ: Громкость установлена 24%
 🎤 ВОКАЛ: Громкость установлена 20%
 🎤 ВОКАЛ: Громкость установлена 13%
 🎤 ВОКАЛ: Громкость установлена 12%
 🎤 ВОКАЛ: Громкость установлена 11%
 🎤 ВОКАЛ: Громкость установлена 10%
 🎤 ВОКАЛ: Громкость установлена 11%
 🎤 ВОКАЛ: Громкость установлена 13%
 🎤 ВОКАЛ: Громкость установлена 19%
 🎤 ВОКАЛ: Громкость установлена 40%
 🎤 ВОКАЛ: Громкость установлена 74%
 🎤 ВОКАЛ: Громкость установлена 93%
 🎤 ВОКАЛ: Громкость установлена 100%
 Rehearsal: Line changing from 2 to 3
rtf-parser.js:849 Splitting block "Block 2" (9 lines) into 2 parts with ~5 lines each
rtf-parser.js:849   Part 1: lines 0-4 (5 lines)
rtf-parser.js:849   Part 2: lines 5-8 (4 lines)
rtf-parser.js:849 Splitting block "Block 3" (10 lines) into 2 parts with ~5 lines each
rtf-parser.js:849   Part 1: lines 0-4 (5 lines)
rtf-parser.js:849   Part 2: lines 5-9 (5 lines)
rtf-parser.js:849 Splitting block "Block 5" (10 lines) into 2 parts with ~5 lines each
rtf-parser.js:849   Part 1: lines 0-4 (5 lines)
rtf-parser.js:849   Part 2: lines 5-9 (5 lines)
rtf-parser.js:849 Splitting block "Block 6" (10 lines) into 2 parts with ~5 lines each
rtf-parser.js:849   Part 1: lines 0-4 (5 lines)
rtf-parser.js:849   Part 2: lines 5-9 (5 lines)
rtf-parser.js:849 Splitting block "Block 10" (9 lines) into 2 parts with ~5 lines each
rtf-parser.js:849   Part 1: lines 0-4 (5 lines)
rtf-parser.js:849   Part 2: lines 5-8 (4 lines)
rtf-parser.js:849 Rehearsal: Current line 2 belongs to block: block-1750409553290-0-akvjyawoqh Array(5)
rtf-parser.js:849 Rehearsal: New line 3 belongs to block: block-1750409553290-0-akvjyawoqh Array(5)
rtf-parser.js:849 Rehearsal: Same block (block-1750409553290-0-akvjyawoqh), updating active line from 2 to 3
rtf-parser.js:849 [SETACTIVE] Called with index 3. Current style: rehearsal
rtf-parser.js:849 Rehearsal mode: Setting active line 3
rtf-parser.js:849 Activating rehearsal line at index 3
rtf-parser.js:849 BlockLoopControl: Активный блок изменился
rtf-parser.js:849 BlockLoopControl: _createLoopButtonForCurrentBlock called
rtf-parser.js:849 BlockLoopControl: lyricsDisplay.currentActiveBlock: Object
rtf-parser.js:849 BlockLoopControl: lyricsDisplay.textBlocks: Array(11)
rtf-parser.js:849 BlockLoopControl: Создаем кнопку для активного блока репетиции: Block 1
rtf-parser.js:849 BlockLoopControl: _createLoopButton called for block: Block 1
rtf-parser.js:849 BlockLoopControl: blockElement found: true
rtf-parser.js:849 BlockLoopControl: Кнопка создана для блока: Block 1
rtf-parser.js:849 TrackCatalog: openCatalog() called
rtf-parser.js:849 TrackCatalog: catalogContainer exists: true
rtf-parser.js:849 TrackCatalog: catalogContainer classes before: hidden
rtf-parser.js:849 TrackCatalog: catalogContainer classes after: 
rtf-parser.js:849 TrackCatalog: Catalog should now be visible
rtf-parser.js:849 🔄 Loading track: "Бумбокс – Вахтерам"
rtf-parser.js:849 🔄 StateManager: Starting HARD RESET of all components
rtf-parser.js:849 1. Resetting AudioEngine...
rtf-parser.js:849 AudioEngine: Starting reset...
rtf-parser.js:849 isPlaying property set to: false
rtf-parser.js:849 ⏹️ ГИБРИД: Остановлен и сброшен
rtf-parser.js:849 🧹 СПРИНТЕР: Ресурсы очищены
rtf-parser.js:849 AudioEngine: Reset completed successfully
rtf-parser.js:849 ✅ AudioEngine reset complete
rtf-parser.js:849 2. Resetting LyricsDisplay...
rtf-parser.js:849 💥 LyricsDisplay: Performing full reset.
rtf-parser.js:849 ✅ LyricsDisplay: Full reset complete. All lyric data and DOM elements cleared.
rtf-parser.js:849 ✅ LyricsDisplay full reset complete
rtf-parser.js:849 3. Resetting TextStyleManager...
rtf-parser.js:849 💥 TextStyleManager: Full reset initiated.
rtf-parser.js:849 ✅ TextStyleManager: Reset complete. All states and caches cleared.
rtf-parser.js:849 ✅ TextStyleManager reset complete.
rtf-parser.js:849 🎉 StateManager: HARD RESET completed successfully
rtf-parser.js:849 ✅ All components ready for new track
track-catalog.js:1259 ⏱️ HARD_RESET_TIME: 32.10498046875 ms
rtf-parser.js:849 TrackCatalog: Set waveformEditor.lastLoadedFile to Бумбокс – Вахтерам.rtf
rtf-parser.js:849 TrackCatalog: Set waveformEditor.currentTrackId to 1750298619469
rtf-parser.js:849 TrackCatalog: Found 6 blocks. Preparing them for rendering after audio load.
rtf-parser.js:849 LyricsDisplay: Loading 6 imported blocks.
rtf-parser.js:849 Block 0 loaded: id="block-1750409574716-0-46rgvukzxec", name="Block 1", lines=16
rtf-parser.js:849 Block 1 loaded: id="1", name="Block 2", lines=6
rtf-parser.js:849 Block 2 loaded: id="2", name="Block 3", lines=16
rtf-parser.js:849 Block 3 loaded: id="3", name="Block 4", lines=6
rtf-parser.js:849 Block 4 loaded: id="4", name="Block 5", lines=6
rtf-parser.js:849 Block 5 loaded: id="5", name="Block 6", lines=6
rtf-parser.js:849 LyricsDisplay: Skipping render as requested by shouldRender=false
rtf-parser.js:849 LyricsDisplay: Successfully loaded 6 blocks, total lyric lines: 56.
rtf-parser.js:849 Updated marker for line 0: type=verse, color=#4CAF50
rtf-parser.js:849 Updated marker for line 1: type=verse, color=#4CAF50
rtf-parser.js:849 Updated marker for line 2: type=verse, color=#4CAF50
rtf-parser.js:849 Updated marker for line 3: type=verse, color=#4CAF50
rtf-parser.js:849 Updated marker for line 4: type=verse, color=#4CAF50
rtf-parser.js:849 Updated marker for line 16: type=chorus, color=#F44336
rtf-parser.js:849 Updated marker for line 17: type=chorus, color=#F44336
rtf-parser.js:849 Updated marker for line 18: type=chorus, color=#F44336
rtf-parser.js:849 Updated marker for line 19: type=chorus, color=#F44336
rtf-parser.js:849 Updated marker for line 20: type=chorus, color=#F44336
rtf-parser.js:849 Updated marker for line 21: type=chorus, color=#F44336
rtf-parser.js:849 Updated marker for line 24: type=verse, color=#4CAF50
rtf-parser.js:849 Updated marker for line 25: type=verse, color=#4CAF50
 Updated marker for line 26: type=verse, color=#4CAF50
 Updated marker for line 27: type=verse, color=#4CAF50
 Updated marker for line 28: type=verse, color=#4CAF50
 Updated marker for line 29: type=verse, color=#4CAF50
 Updated marker for line 38: type=chorus, color=#F44336
 Updated marker for line 39: type=chorus, color=#F44336
 Updated marker for line 40: type=chorus, color=#F44336
 Updated marker for line 41: type=chorus, color=#F44336
 Updated marker for line 42: type=chorus, color=#F44336
 Updated marker for line 43: type=chorus, color=#F44336
 Updated marker for line 44: type=chorus, color=#F44336
 Updated marker for line 45: type=chorus, color=#F44336
 Updated marker for line 46: type=chorus, color=#F44336
 Updated marker for line 47: type=chorus, color=#F44336
 Updated marker for line 48: type=chorus, color=#F44336
 Updated marker for line 49: type=chorus, color=#F44336
 Updated marker for line 56: type=unknown, color=#4CAF50
 Updated marker for line 57: type=unknown, color=#4CAF50
 Updated marker for line 58: type=unknown, color=#4CAF50
 Updated marker for line 59: type=unknown, color=#4CAF50
 Updated marker for line 60: type=unknown, color=#4CAF50
 Updated marker for line 61: type=unknown, color=#4CAF50
 Updated marker for line 62: type=unknown, color=#4CAF50
 Updated marker for line 63: type=unknown, color=#4CAF50
 Updated marker for line 64: type=unknown, color=#4CAF50
 Updated marker for line 65: type=unknown, color=#4CAF50
 Updated marker for line 66: type=unknown, color=#4CAF50
 Updated marker for line 67: type=unknown, color=#4CAF50
 Updated marker for line 68: type=unknown, color=#4CAF50
 Updated marker for line 69: type=unknown, color=#4CAF50
 Updated marker for line 70: type=unknown, color=#4CAF50
 Updated marker for line 71: type=unknown, color=#4CAF50
 Updated marker for line 72: type=unknown, color=#4CAF50
 Updated marker for line 73: type=unknown, color=#4CAF50
 Updated marker for line 74: type=unknown, color=#4CAF50
 Updated marker for line 75: type=unknown, color=#4CAF50
 Updated marker for line 76: type=unknown, color=#4CAF50
 Updated marker for line 77: type=unknown, color=#4CAF50
 Updated marker for line 78: type=unknown, color=#4CAF50
 LyricsDisplay: Updated marker colors after loading blocks
 ⏱️ LYRICS_PREPARE_TIME: 21.046142578125 ms
 ⏱️ BLOB_CREATION_TIME: 42.1708984375 ms
 🚀 ГИБРИД: Загрузка двойного потока
 isPlaying property set to: false
 ⏹️ ГИБРИД: Остановлен и сброшен
 🎚️ МАСТЕР: Создание микшированной дорожки...
 🎚️ МАСТЕР: Инструментал URL: blob:null/1743e042-358e-4246-9760-c2614f1af0bf...
 🎚️ МАСТЕР: Вокал URL: blob:null/5fa3b30d-3856-4812-8447-6414214166b8...
 🎚️ МАСТЕР: Загружаем аудиофайлы...
index.html:1 Not allowed to load local resource: blob:null/948e4863-b5e5-4828-bf81-eea0ba6838e1
 🎚️ МАСТЕР: Конвертируем в ArrayBuffer...
 🎚️ МАСТЕР: Инструментал размер: 9630868 байт
 🎚️ МАСТЕР: Вокал размер: 9630868 байт
 🎚️ МАСТЕР: Декодируем аудиоданные...
 ✅ ИНСТРУМЕНТАЛ ГОТОВ! Длительность: 240.69с
 ⏱️ HYBRID_ENGINE_LOAD_TIME: 351.7490234375 ms
 🎯 ГИБРИД: Рассинхронизация устранена!
 🚀 Скрываю Живую Ленту
 ✅ Возврат в классический зал
 Applying style: Репетиция with scale 1.00
 LyricsDisplay: Setting style to Репетиция
 Activating Rehearsal Display with blocks: Array(6)
 Rendering lyrics. Current style ID: rehearsal
 Splitting block "Block 1" (16 lines) into 2 parts with ~8 lines each
   Part 1: lines 0-7 (8 lines)
   Part 2: lines 8-15 (8 lines)
 Splitting block "Block 3" (16 lines) into 2 parts with ~8 lines each
   Part 1: lines 0-7 (8 lines)
   Part 2: lines 8-15 (8 lines)
 Rehearsal: Current line: 0, Total blocks: 8
 Rehearsal: DETAILED Block structure:
   Block 0 (block-1750409574716-0-46rgvukzxec-part-0): name="Block 1", lines=[0,1,2,3,4,5,6,7]
     Content preview: "Тебе нравится дым!...Черт с ним...
Он убивает слова, кругом голова.
Уже разносит молва по дворам"
       Line 0: "Тебе нравится дым!...Черт с ним..."
       Line 1: "Он убивает слова, кругом голова."
       Line 2: "Уже разносит молва по дворам"
       Line 3: "Что между нами чи-уа-уа!"
       Line 4: "О чем с тобой говорить? Потеряли нить..."
       Line 5: "Быть не собой перестать и дома спать."
       Line 6: "Нас не измерить на глаз, а сейчас"
       Line 7: "Зачем мы давим на тормоз, не на газ?"
   Block 1 (block-1750409574716-0-46rgvukzxec-part-1): name="Block 1 (продолжение 2)", lines=[8,9,10,11,12,13,14,15]
     Content preview: "Вопрос извечный: зачем да почему?
Я понемногу с ума, ты не сама...
А это ночи в Крыму теперь кому?"
       Line 8: "Вопрос извечный: зачем да почему?"
       Line 9: "Я понемногу с ума, ты не сама..."
       Line 10: "А это ночи в Крыму теперь кому?"
       Line 11: "Я, если встречу, потом передам ему..."
       Line 12: "Писклявый твой голосок, как электрошок."
       Line 13: "Что я бухой без вина - твоя вина."
       Line 14: "Теперь узнает страна до темна"
       Line 15: "Им обо всем донесут на FM волнах..."
   Block 2 (1): name="Block 2", lines=[16,17,18,19,20,21]
     Content preview: "Я помню: белые обои, черная посуда...
Нас в хрущевке двое...
Кто мы и откуда...откуда?"
       Line 16: "Я помню: белые обои, черная посуда..."
       Line 17: "Нас в хрущевке двое..."
       Line 18: "Кто мы и откуда...откуда?"
       Line 19: "Задвигаем шторы, кофеек, плюшки стынут"
       Line 20: "Объясните теперь нам вахтеры"
       Line 21: "Почему я на ней так сдвинут?"
   Block 3 (2-part-0): name="Block 3", lines=[22,23,24,25,26,27,28,29]
     Content preview: "Давай вот так просидим до утра!
Не уходи, погоди...Но мне пора!
И если выход один впереди"
       Line 22: "Давай вот так просидим до утра!"
       Line 23: "Не уходи, погоди...Но мне пора!"
       Line 24: "И если выход один впереди"
       Line 25: "То почему мы то холод, то жара?"
       Line 26: "Раскладывать по местам я устал"
       Line 27: "И поворачивать вспять, но вот опять!..."
       Line 28: "Прикосновения плавили мой метал"
       Line 29: "Ты - элемент номер 5, не дать - не взять!"
   Block 4 (2-part-1): name="Block 3 (продолжение 2)", lines=[30,31,32,33,34,35,36,37]
     Content preview: "Идет к финалуиграв этот раз
А ты все также молчишь, я - говорю.
Минут 15 осталось до утра."
       Line 30: "Идет к финалуиграв этот раз"
       Line 31: "А ты все также молчишь, я - говорю."
       Line 32: "Минут 15 осталось до утра."
       Line 33: "Не вызывай, так словлю и свалю!"
       Line 34: "Попробуем все подшить, не ворошить"
       Line 35: "Мобильные номера постирать."
       Line 36: "А уходить неспросив нету сил!"
       Line 37: "Давай попробуем заново все собрать!"
   Block 5 (3): name="Block 4", lines=[38,39,40,41,42,43]
     Content preview: "Белые обои, черную посуду
Нас в хрущевке двое...
Кто мы и откуда...откуда?"
       Line 38: "Белые обои, черную посуду"
       Line 39: "Нас в хрущевке двое..."
       Line 40: "Кто мы и откуда...откуда?"
       Line 41: "Задвигаем шторы, кофеек, плюшки стынут"
       Line 42: "Объясните теперь нам вахтеры"
       Line 43: "Почему я на ней так сдвинут?"
   Block 6 (4): name="Block 5", lines=[44,45,46,47,48,49]
     Content preview: "Я помню: белые обои, черная посуда...
Нас в хрущевке двое...
Кто мы и откуда...откуда?"
       Line 44: "Я помню: белые обои, черная посуда..."
       Line 45: "Нас в хрущевке двое..."
       Line 46: "Кто мы и откуда...откуда?"
       Line 47: "Задвигаем шторы, кофеек, плюшки стынут"
       Line 48: "Объясните теперь нам вахтеры"
       Line 49: "Почему я на ней так сдвинут?"
   Block 7 (5): name="Block 6", lines=[50,51,52,53,54,55]
     Content preview: "Я помню: белые обои, черная посуда...
Нас в хрущевке двое...
Кто мы и откуда...откуда?"
       Line 50: "Я помню: белые обои, черная посуда..."
       Line 51: "Нас в хрущевке двое..."
       Line 52: "Кто мы и откуда...откуда?"
       Line 53: "Задвигаем шторы, кофеек, плюшки стынут"
       Line 54: "Объясните теперь нам вахтеры"
       Line 55: "Почему я на ней так сдвинут?"
 Rehearsal: Looking for block containing line 0
   Checking block 0: lineIndices=[0,1,2,3,4,5,6,7]
   ✓ Found! Block 0 contains line 0
 Rehearsal: Found active block at index 0 with lines: Array(8)
 Rehearsal: Active block 0: Object
 >>> FONT_CALC_DEBUG >>> Lines: 8, FontSize: 2.10rem, LineHeight: 2.72rem
 Rehearsal: Activated line 0 in block with transition: none
 Rehearsal: Next block preview for block 1: Object
 Rehearsal: Preview lines: Array(2)
 Rehearsal: Adding preview line 8: "Вопрос извечный: зачем да почему?"
 Rehearsal: Adding preview line 9: "Я понемногу с ума, ты не сама..."
 Rehearsal: Preview container added with 2 lines
 Rehearsal mode: Rendered active block 0 with next block preview
 BlockLoopControl: Обновление для текущего блока
 BlockLoopControl: Блок изменился, останавливаем зацикливание
 BlockLoopControl: _createLoopButtonForCurrentBlock called
 BlockLoopControl: lyricsDisplay.currentActiveBlock: Object
 BlockLoopControl: lyricsDisplay.textBlocks: Array(6)
 BlockLoopControl: Создаем кнопку для активного блока репетиции: Block 1
 BlockLoopControl: _createLoopButton called for block: Block 1
 BlockLoopControl: blockElement found: true
 BlockLoopControl: Кнопка создана для блока: Block 1
 ⏱️ AUDIO_LOAD_TIME: 362.595947265625 ms
 Loading 56 markers for track Бумбокс – Вахтерам
 Validating 56 markers for 56 lyric lines
 Kept 56 valid markers out of 56
 🚀 Скрываю Живую Ленту
 ✅ Возврат в классический зал
 Applying style: Репетиция with scale 1.00
 LyricsDisplay: Setting style to Репетиция
 Activating Rehearsal Display with blocks: Array(6)
 Rendering lyrics. Current style ID: rehearsal
 Splitting block "Block 1" (16 lines) into 2 parts with ~8 lines each
   Part 1: lines 0-7 (8 lines)
   Part 2: lines 8-15 (8 lines)
 Splitting block "Block 3" (16 lines) into 2 parts with ~8 lines each
   Part 1: lines 0-7 (8 lines)
   Part 2: lines 8-15 (8 lines)
 Rehearsal: Current line: 0, Total blocks: 8
 Rehearsal: DETAILED Block structure:
   Block 0 (block-1750409574716-0-46rgvukzxec-part-0): name="Block 1", lines=[0,1,2,3,4,5,6,7]
     Content preview: "Тебе нравится дым!...Черт с ним...
Он убивает слова, кругом голова.
Уже разносит молва по дворам"
       Line 0: "Тебе нравится дым!...Черт с ним..."
       Line 1: "Он убивает слова, кругом голова."
       Line 2: "Уже разносит молва по дворам"
       Line 3: "Что между нами чи-уа-уа!"
       Line 4: "О чем с тобой говорить? Потеряли нить..."
       Line 5: "Быть не собой перестать и дома спать."
       Line 6: "Нас не измерить на глаз, а сейчас"
       Line 7: "Зачем мы давим на тормоз, не на газ?"
   Block 1 (block-1750409574716-0-46rgvukzxec-part-1): name="Block 1 (продолжение 2)", lines=[8,9,10,11,12,13,14,15]
     Content preview: "Вопрос извечный: зачем да почему?
Я понемногу с ума, ты не сама...
А это ночи в Крыму теперь кому?"
       Line 8: "Вопрос извечный: зачем да почему?"
       Line 9: "Я понемногу с ума, ты не сама..."
       Line 10: "А это ночи в Крыму теперь кому?"
       Line 11: "Я, если встречу, потом передам ему..."
       Line 12: "Писклявый твой голосок, как электрошок."
       Line 13: "Что я бухой без вина - твоя вина."
       Line 14: "Теперь узнает страна до темна"
       Line 15: "Им обо всем донесут на FM волнах..."
   Block 2 (1): name="Block 2", lines=[16,17,18,19,20,21]
     Content preview: "Я помню: белые обои, черная посуда...
Нас в хрущевке двое...
Кто мы и откуда...откуда?"
       Line 16: "Я помню: белые обои, черная посуда..."
       Line 17: "Нас в хрущевке двое..."
       Line 18: "Кто мы и откуда...откуда?"
       Line 19: "Задвигаем шторы, кофеек, плюшки стынут"
       Line 20: "Объясните теперь нам вахтеры"
       Line 21: "Почему я на ней так сдвинут?"
   Block 3 (2-part-0): name="Block 3", lines=[22,23,24,25,26,27,28,29]
     Content preview: "Давай вот так просидим до утра!
Не уходи, погоди...Но мне пора!
И если выход один впереди"
       Line 22: "Давай вот так просидим до утра!"
       Line 23: "Не уходи, погоди...Но мне пора!"
       Line 24: "И если выход один впереди"
       Line 25: "То почему мы то холод, то жара?"
       Line 26: "Раскладывать по местам я устал"
       Line 27: "И поворачивать вспять, но вот опять!..."
       Line 28: "Прикосновения плавили мой метал"
       Line 29: "Ты - элемент номер 5, не дать - не взять!"
   Block 4 (2-part-1): name="Block 3 (продолжение 2)", lines=[30,31,32,33,34,35,36,37]
     Content preview: "Идет к финалуиграв этот раз
А ты все также молчишь, я - говорю.
Минут 15 осталось до утра."
       Line 30: "Идет к финалуиграв этот раз"
       Line 31: "А ты все также молчишь, я - говорю."
       Line 32: "Минут 15 осталось до утра."
       Line 33: "Не вызывай, так словлю и свалю!"
       Line 34: "Попробуем все подшить, не ворошить"
       Line 35: "Мобильные номера постирать."
       Line 36: "А уходить неспросив нету сил!"
       Line 37: "Давай попробуем заново все собрать!"
   Block 5 (3): name="Block 4", lines=[38,39,40,41,42,43]
     Content preview: "Белые обои, черную посуду
Нас в хрущевке двое...
Кто мы и откуда...откуда?"
rtf-parser.js:849       Line 38: "Белые обои, черную посуду"
rtf-parser.js:849       Line 39: "Нас в хрущевке двое..."
rtf-parser.js:849       Line 40: "Кто мы и откуда...откуда?"
rtf-parser.js:849       Line 41: "Задвигаем шторы, кофеек, плюшки стынут"
rtf-parser.js:849       Line 42: "Объясните теперь нам вахтеры"
rtf-parser.js:849       Line 43: "Почему я на ней так сдвинут?"
rtf-parser.js:849   Block 6 (4): name="Block 5", lines=[44,45,46,47,48,49]
rtf-parser.js:849     Content preview: "Я помню: белые обои, черная посуда...
Нас в хрущевке двое...
Кто мы и откуда...откуда?"
rtf-parser.js:849       Line 44: "Я помню: белые обои, черная посуда..."
rtf-parser.js:849       Line 45: "Нас в хрущевке двое..."
rtf-parser.js:849       Line 46: "Кто мы и откуда...откуда?"
rtf-parser.js:849       Line 47: "Задвигаем шторы, кофеек, плюшки стынут"
rtf-parser.js:849       Line 48: "Объясните теперь нам вахтеры"
rtf-parser.js:849       Line 49: "Почему я на ней так сдвинут?"
rtf-parser.js:849   Block 7 (5): name="Block 6", lines=[50,51,52,53,54,55]
rtf-parser.js:849     Content preview: "Я помню: белые обои, черная посуда...
Нас в хрущевке двое...
Кто мы и откуда...откуда?"
rtf-parser.js:849       Line 50: "Я помню: белые обои, черная посуда..."
rtf-parser.js:849       Line 51: "Нас в хрущевке двое..."
rtf-parser.js:849       Line 52: "Кто мы и откуда...откуда?"
rtf-parser.js:849       Line 53: "Задвигаем шторы, кофеек, плюшки стынут"
rtf-parser.js:849       Line 54: "Объясните теперь нам вахтеры"
rtf-parser.js:849       Line 55: "Почему я на ней так сдвинут?"
rtf-parser.js:849 Rehearsal: Looking for block containing line 0
rtf-parser.js:849   Checking block 0: lineIndices=[0,1,2,3,4,5,6,7]
rtf-parser.js:849   ✓ Found! Block 0 contains line 0
rtf-parser.js:849 Rehearsal: Found active block at index 0 with lines: Array(8)
rtf-parser.js:849 Rehearsal: Active block 0: Object
rtf-parser.js:849 >>> FONT_CALC_DEBUG >>> Lines: 8, FontSize: 2.10rem, LineHeight: 2.72rem
rtf-parser.js:849 Rehearsal: Activated line 0 in block with transition: none
rtf-parser.js:849 Rehearsal: Next block preview for block 1: Object
rtf-parser.js:849 Rehearsal: Preview lines: Array(2)
rtf-parser.js:849 Rehearsal: Adding preview line 8: "Вопрос извечный: зачем да почему?"
rtf-parser.js:849 Rehearsal: Adding preview line 9: "Я понемногу с ума, ты не сама..."
rtf-parser.js:849 Rehearsal: Preview container added with 2 lines
rtf-parser.js:849 Rehearsal mode: Rendered active block 0 with next block preview
rtf-parser.js:849 BlockLoopControl: Обновление для текущего блока
rtf-parser.js:849 BlockLoopControl: Тот же блок, зацикливание продолжается
rtf-parser.js:849 🎵 АВТОПЛЕЙ: Запуск воспроизведения...
rtf-parser.js:849 ✅ Track "Бумбокс – Вахтерам" loaded successfully
index.html:1 Not allowed to load local resource: blob:null/948e4863-b5e5-4828-bf81-eea0ba6838e1
rtf-parser.js:849 ✅ ВОКАЛ ГОТОВ! Длительность: 240.69с
rtf-parser.js:849 Rehearsal: Auto-scrolling to active line in large block
rtf-parser.js:849 Rehearsal: Auto-scrolling to active line in large block
rtf-parser.js:849 🎨 StateManager: Forcing text rerender in current mode
track-catalog.js:1340 ⏱️ FINAL_RENDER_TIME: 214.830078125 ms
track-catalog.js:1341 ⏱️ TOTAL_TRACK_LOAD_TIME: 696.089111328125 ms
rtf-parser.js:849 ▶️ ИНСТРУМЕНТАЛ: Воспроизведение начато
rtf-parser.js:849 🎤 ВОКАЛ: Синхронизирован и воспроизводится
rtf-parser.js:849 isPlaying property set to: true
rtf-parser.js:849 ✅ АВТОПЛЕЙ: Воспроизведение начато успешно
index.html:1 Not allowed to load local resource: blob:null/948e4863-b5e5-4828-bf81-eea0ba6838e1
index.html:1 Not allowed to load local resource: blob:null/948e4863-b5e5-4828-bf81-eea0ba6838e1
index.html:1 Not allowed to load local resource: blob:null/948e4863-b5e5-4828-bf81-eea0ba6838e1
rtf-parser.js:849 🎚️ МАСТЕР: Инструментал - каналов: 2, длина: 10614575, частота: 44100Hz
rtf-parser.js:849 🎚️ МАСТЕР: Вокал - каналов: 2, длина: 10614575, частота: 44100Hz
rtf-parser.js:849 🎚️ МАСТЕР: Создан буфер - каналов: 2, длина: 10614575
rtf-parser.js:849 🎚️ МАСТЕР: Начинаем микширование каналов...
rtf-parser.js:849 🎚️ МАСТЕР: Микширование завершено, конвертируем в blob...
rtf-parser.js:849 🎚️ МАСТЕР: Микшированная дорожка создана! URL: blob:null/892123b5-d45c-4777-b0ff-d8729980ec4c...
rtf-parser.js:849 🎚️ МАСТЕР: Размер blob: 42458344 байт
rtf-parser.js:849 🎚️ МАСТЕР: Обновляем URL после создания микшированной дорожки
rtf-parser.js:849 🎚️ МАСТЕР URL обновлен: blob:null/892123b5-d45c-4777-b0ff-d8729980ec4c...
rtf-parser.js:849 Key pressed: ShiftLeft
rtf-parser.js:849 Key pressed: Shift, key code: 16, waveform active: false
rtf-parser.js:849 LoopBlockManager: Shift key pressed, multiple selection mode active
rtf-parser.js:849 Key pressed: MetaLeft
rtf-parser.js:849 Key pressed: Meta, key code: 91, waveform active: false
rtf-parser.js:849 LoopBlockManager: Shift key released, multiple selection mode deactivated
rtf-parser.js:849 Key pressed: Space
rtf-parser.js:849 Space bar pressed, toggling playback
rtf-parser.js:849 ⏸️ ИНСТРУМЕНТАЛ: Пауза
rtf-parser.js:849 ⏸️ ВОКАЛ: Пауза
rtf-parser.js:849 isPlaying property set to: false
rtf-parser.js:849 Key pressed:  , key code: 32, waveform active: false
rtf-parser.js:849 Key pressed: AltLeft
rtf-parser.js:849 Key pressed: Alt, key code: 18, waveform active: false
rtf-parser.js:849 Key pressed: MetaLeft
rtf-parser.js:849 Key pressed: Meta, key code: 91, waveform active: false
rtf-parser.js:849 Key pressed: KeyJ
rtf-parser.js:849 Key pressed: j, key code: 74, waveform active: false
