css/block-mode.css:1  Failed to load resource: net::ERR_FILE_NOT_FOUND
css/karaoke-mode.css:1  Failed to load resource: net::ERR_FILE_NOT_FOUND
   Part 2: lines 5-8 (4 lines)
 Splitting block "Block 3" (10 lines) into 2 parts with ~5 lines each
   Part 1: lines 0-4 (5 lines)
   Part 2: lines 5-9 (5 lines)
 Splitting block "Block 5" (10 lines) into 2 parts with ~5 lines each
   Part 1: lines 0-4 (5 lines)
   Part 2: lines 5-9 (5 lines)
 Splitting block "Block 6" (10 lines) into 2 parts with ~5 lines each
   Part 1: lines 0-4 (5 lines)
   Part 2: lines 5-9 (5 lines)
 Splitting block "Block 10" (9 lines) into 2 parts with ~5 lines each
   Part 1: lines 0-4 (5 lines)
   Part 2: lines 5-8 (4 lines)
 Rehearsal: Current line 23 belongs to block: block-1750419822982-2-fn9tf10bgq-part-1 Array(5)
 Rehearsal: New line 19 belongs to block: block-1750419822982-2-fn9tf10bgq-part-1 Array(5)
 Rehearsal: Same block (block-1750419822982-2-fn9tf10bgq-part-1), updating active line from 23 to 19
 [SETACTIVE] Called with index 19. Current style: rehearsal
 Rehearsal mode: Setting active line 19
 Rehearsal line with index 19 not found
_activateLineInBlock @ lyrics-display.js:3243
 BlockLoopControl: Активный блок изменился
 BlockLoopControl: Строка 19 принадлежит текущему зацикленному блоку Block 3 (продолжение 2), зацикливание продолжается
 BlockLoopControl: LOOP CHECK - Current: 59.50s, Start: 59.25s, End: 69.14s
 BlockLoopControl: LOOP CHECK - Current: 59.99s, Start: 59.25s, End: 69.14s
 BlockLoopControl: LOOP CHECK - Current: 60.55s, Start: 59.25s, End: 69.14s
 Rehearsal: Line changing from 19 to 20
 Splitting block "Block 2" (9 lines) into 2 parts with ~5 lines each
   Part 1: lines 0-4 (5 lines)
   Part 2: lines 5-8 (4 lines)
 Splitting block "Block 3" (10 lines) into 2 parts with ~5 lines each
   Part 1: lines 0-4 (5 lines)
   Part 2: lines 5-9 (5 lines)
 Splitting block "Block 5" (10 lines) into 2 parts with ~5 lines each
   Part 1: lines 0-4 (5 lines)
   Part 2: lines 5-9 (5 lines)
 Splitting block "Block 6" (10 lines) into 2 parts with ~5 lines each
   Part 1: lines 0-4 (5 lines)
   Part 2: lines 5-9 (5 lines)
 Splitting block "Block 10" (9 lines) into 2 parts with ~5 lines each
   Part 1: lines 0-4 (5 lines)
   Part 2: lines 5-8 (4 lines)
 Rehearsal: Current line 19 belongs to block: block-1750419822982-2-fn9tf10bgq-part-1 Array(5)
 Rehearsal: New line 20 belongs to block: block-1750419822982-2-fn9tf10bgq-part-1 Array(5)
 Rehearsal: Same block (block-1750419822982-2-fn9tf10bgq-part-1), updating active line from 19 to 20
 [SETACTIVE] Called with index 20. Current style: rehearsal
 Rehearsal mode: Setting active line 20
 Rehearsal line with index 20 not found
_activateLineInBlock @ lyrics-display.js:3243
 BlockLoopControl: Активный блок изменился
 BlockLoopControl: Строка 20 принадлежит текущему зацикленному блоку Block 3 (продолжение 2), зацикливание продолжается
 BlockLoopControl: LOOP CHECK - Current: 61.05s, Start: 59.25s, End: 69.14s
 BlockLoopControl: LOOP CHECK - Current: 61.54s, Start: 59.25s, End: 69.14s
 BlockLoopControl: LOOP CHECK - Current: 62.23s, Start: 59.25s, End: 69.14s
 BlockLoopControl: LOOP CHECK - Current: 62.75s, Start: 59.25s, End: 69.14s
 BlockLoopControl: LOOP CHECK - Current: 63.30s, Start: 59.25s, End: 69.14s
 Rehearsal: Line changing from 20 to 21
 Splitting block "Block 2" (9 lines) into 2 parts with ~5 lines each
   Part 1: lines 0-4 (5 lines)
   Part 2: lines 5-8 (4 lines)
 Splitting block "Block 3" (10 lines) into 2 parts with ~5 lines each
   Part 1: lines 0-4 (5 lines)
   Part 2: lines 5-9 (5 lines)
 Splitting block "Block 5" (10 lines) into 2 parts with ~5 lines each
   Part 1: lines 0-4 (5 lines)
   Part 2: lines 5-9 (5 lines)
 Splitting block "Block 6" (10 lines) into 2 parts with ~5 lines each
   Part 1: lines 0-4 (5 lines)
   Part 2: lines 5-9 (5 lines)
 Splitting block "Block 10" (9 lines) into 2 parts with ~5 lines each
   Part 1: lines 0-4 (5 lines)
   Part 2: lines 5-8 (4 lines)
 Rehearsal: Current line 20 belongs to block: block-1750419822982-2-fn9tf10bgq-part-1 Array(5)
 Rehearsal: New line 21 belongs to block: block-1750419822982-2-fn9tf10bgq-part-1 Array(5)
 Rehearsal: Same block (block-1750419822982-2-fn9tf10bgq-part-1), updating active line from 20 to 21
 [SETACTIVE] Called with index 21. Current style: rehearsal
 Rehearsal mode: Setting active line 21
 Rehearsal line with index 21 not found
_activateLineInBlock @ lyrics-display.js:3243
 BlockLoopControl: Активный блок изменился
 BlockLoopControl: Строка 21 принадлежит текущему зацикленному блоку Block 3 (продолжение 2), зацикливание продолжается
 BlockLoopControl: LOOP CHECK - Current: 63.95s, Start: 59.25s, End: 69.14s
 BlockLoopControl: Остановка зацикливания
 Rehearsal: Line changing from 21 to 22
 Splitting block "Block 2" (9 lines) into 2 parts with ~5 lines each
   Part 1: lines 0-4 (5 lines)
   Part 2: lines 5-8 (4 lines)
 Splitting block "Block 3" (10 lines) into 2 parts with ~5 lines each
   Part 1: lines 0-4 (5 lines)
   Part 2: lines 5-9 (5 lines)
 Splitting block "Block 5" (10 lines) into 2 parts with ~5 lines each
   Part 1: lines 0-4 (5 lines)
   Part 2: lines 5-9 (5 lines)
 Splitting block "Block 6" (10 lines) into 2 parts with ~5 lines each
   Part 1: lines 0-4 (5 lines)
   Part 2: lines 5-9 (5 lines)
 Splitting block "Block 10" (9 lines) into 2 parts with ~5 lines each
   Part 1: lines 0-4 (5 lines)
   Part 2: lines 5-8 (4 lines)
 Rehearsal: Current line 21 belongs to block: block-1750419822982-2-fn9tf10bgq-part-1 Array(5)
 Rehearsal: New line 22 belongs to block: block-1750419822982-2-fn9tf10bgq-part-1 Array(5)
 Rehearsal: Same block (block-1750419822982-2-fn9tf10bgq-part-1), updating active line from 21 to 22
 [SETACTIVE] Called with index 22. Current style: rehearsal
 Rehearsal mode: Setting active line 22
 Rehearsal line with index 22 not found
_activateLineInBlock @ lyrics-display.js:3243
 BlockLoopControl: Активный блок изменился
 BlockLoopControl: _createLoopButtonForCurrentBlock called
 BlockLoopControl: lyricsDisplay.currentActiveBlock: Object
 BlockLoopControl: lyricsDisplay.textBlocks: Array(11)
 BlockLoopControl: Создаем кнопку для активного блока репетиции: Block 3 (продолжение 2)
 BlockLoopControl: _createLoopButton called for block: Block 3 (продолжение 2)
 BlockLoopControl: blockElement found: true
 BlockLoopControl: Кнопка создана для блока: Block 3 (продолжение 2)
 ⏰ СИНХРО: Позиция установлена 45.15с
 Rehearsal: Line changing from 22 to 12
 Splitting block "Block 2" (9 lines) into 2 parts with ~5 lines each
   Part 1: lines 0-4 (5 lines)
   Part 2: lines 5-8 (4 lines)
 Splitting block "Block 3" (10 lines) into 2 parts with ~5 lines each
   Part 1: lines 0-4 (5 lines)
   Part 2: lines 5-9 (5 lines)
 Splitting block "Block 5" (10 lines) into 2 parts with ~5 lines each
   Part 1: lines 0-4 (5 lines)
   Part 2: lines 5-9 (5 lines)
 Splitting block "Block 6" (10 lines) into 2 parts with ~5 lines each
   Part 1: lines 0-4 (5 lines)
   Part 2: lines 5-9 (5 lines)
 Splitting block "Block 10" (9 lines) into 2 parts with ~5 lines each
   Part 1: lines 0-4 (5 lines)
   Part 2: lines 5-8 (4 lines)
 Rehearsal: Current line 22 belongs to block: block-1750419822982-2-fn9tf10bgq-part-1 Array(5)
 Rehearsal: New line 12 belongs to block: block-1750419822981-1-xxnqgdasede-part-1 Array(4)
 Rehearsal: *** BLOCK CHANGED *** from block-1750419822982-2-fn9tf10bgq-part-1 to block-1750419822981-1-xxnqgdasede-part-1
 Rehearsal: Line changed from 22 to 12
 Rehearsal: Current block lines: Array(5)
 Rehearsal: New block lines: Array(4)
 Splitting block "Block 2" (9 lines) into 2 parts with ~5 lines each
   Part 1: lines 0-4 (5 lines)
   Part 2: lines 5-8 (4 lines)
 Splitting block "Block 3" (10 lines) into 2 parts with ~5 lines each
   Part 1: lines 0-4 (5 lines)
   Part 2: lines 5-9 (5 lines)
 Splitting block "Block 5" (10 lines) into 2 parts with ~5 lines each
   Part 1: lines 0-4 (5 lines)
   Part 2: lines 5-9 (5 lines)
 Splitting block "Block 6" (10 lines) into 2 parts with ~5 lines each
   Part 1: lines 0-4 (5 lines)
   Part 2: lines 5-9 (5 lines)
 Splitting block "Block 10" (9 lines) into 2 parts with ~5 lines each
   Part 1: lines 0-4 (5 lines)
   Part 2: lines 5-8 (4 lines)
 >>> FONT_CALC_DEBUG >>> Lines: 4, FontSize: 2.66rem, LineHeight: 3.23rem
 Rehearsal: Line changing from 12 to 13
 Splitting block "Block 2" (9 lines) into 2 parts with ~5 lines each
   Part 1: lines 0-4 (5 lines)
   Part 2: lines 5-8 (4 lines)
 Splitting block "Block 3" (10 lines) into 2 parts with ~5 lines each
   Part 1: lines 0-4 (5 lines)
   Part 2: lines 5-9 (5 lines)
 Splitting block "Block 5" (10 lines) into 2 parts with ~5 lines each
   Part 1: lines 0-4 (5 lines)
   Part 2: lines 5-9 (5 lines)
 Splitting block "Block 6" (10 lines) into 2 parts with ~5 lines each
   Part 1: lines 0-4 (5 lines)
   Part 2: lines 5-9 (5 lines)
 Splitting block "Block 10" (9 lines) into 2 parts with ~5 lines each
   Part 1: lines 0-4 (5 lines)
   Part 2: lines 5-8 (4 lines)
 Rehearsal: Current line 12 belongs to block: block-1750419822981-1-xxnqgdasede-part-1 Array(4)
 Rehearsal: New line 13 belongs to block: block-1750419822981-1-xxnqgdasede-part-1 Array(4)
 Rehearsal: Same block (block-1750419822981-1-xxnqgdasede-part-1), updating active line from 12 to 13
 [SETACTIVE] Called with index 13. Current style: rehearsal
 Rehearsal mode: Setting active line 13
 Rehearsal line with index 13 not found
_activateLineInBlock @ lyrics-display.js:3243
 BlockLoopControl: Активный блок изменился
 BlockLoopControl: _createLoopButtonForCurrentBlock called
 BlockLoopControl: lyricsDisplay.currentActiveBlock: Object
 BlockLoopControl: lyricsDisplay.textBlocks: Array(11)
 BlockLoopControl: Создаем кнопку для активного блока репетиции: Block 2 (продолжение 2)
 BlockLoopControl: _createLoopButton called for block: Block 2 (продолжение 2)
 BlockLoopControl: blockElement found: true
 BlockLoopControl: Кнопка создана для блока: Block 2 (продолжение 2)
 TrackCatalog: openCatalog() called
 TrackCatalog: catalogContainer exists: true
 TrackCatalog: catalogContainer classes before: hidden
 TrackCatalog: catalogContainer classes after: 
 TrackCatalog: Catalog should now be visible
 Rehearsal: Line changing from 13 to 14
 Splitting block "Block 2" (9 lines) into 2 parts with ~5 lines each
   Part 1: lines 0-4 (5 lines)
   Part 2: lines 5-8 (4 lines)
 Splitting block "Block 3" (10 lines) into 2 parts with ~5 lines each
   Part 1: lines 0-4 (5 lines)
   Part 2: lines 5-9 (5 lines)
 Splitting block "Block 5" (10 lines) into 2 parts with ~5 lines each
   Part 1: lines 0-4 (5 lines)
   Part 2: lines 5-9 (5 lines)
 Splitting block "Block 6" (10 lines) into 2 parts with ~5 lines each
   Part 1: lines 0-4 (5 lines)
   Part 2: lines 5-9 (5 lines)
 Splitting block "Block 10" (9 lines) into 2 parts with ~5 lines each
   Part 1: lines 0-4 (5 lines)
   Part 2: lines 5-8 (4 lines)
 Rehearsal: Current line 13 belongs to block: block-1750419822981-1-xxnqgdasede-part-1 Array(4)
 Rehearsal: New line 14 belongs to block: block-1750419822982-2-fn9tf10bgq-part-0 Array(5)
 Rehearsal: *** BLOCK CHANGED *** from block-1750419822981-1-xxnqgdasede-part-1 to block-1750419822982-2-fn9tf10bgq-part-0
 Rehearsal: Line changed from 13 to 14
 Rehearsal: Current block lines: Array(4)
 Rehearsal: New block lines: Array(5)
 Splitting block "Block 2" (9 lines) into 2 parts with ~5 lines each
   Part 1: lines 0-4 (5 lines)
   Part 2: lines 5-8 (4 lines)
 Splitting block "Block 3" (10 lines) into 2 parts with ~5 lines each
   Part 1: lines 0-4 (5 lines)
   Part 2: lines 5-9 (5 lines)
 Splitting block "Block 5" (10 lines) into 2 parts with ~5 lines each
   Part 1: lines 0-4 (5 lines)
   Part 2: lines 5-9 (5 lines)
 Splitting block "Block 6" (10 lines) into 2 parts with ~5 lines each
   Part 1: lines 0-4 (5 lines)
   Part 2: lines 5-9 (5 lines)
 Splitting block "Block 10" (9 lines) into 2 parts with ~5 lines each
   Part 1: lines 0-4 (5 lines)
   Part 2: lines 5-8 (4 lines)
 >>> FONT_CALC_DEBUG >>> Lines: 5, FontSize: 2.66rem, LineHeight: 3.23rem
 Rehearsal: Line changing from 14 to 15
 Splitting block "Block 2" (9 lines) into 2 parts with ~5 lines each
   Part 1: lines 0-4 (5 lines)
   Part 2: lines 5-8 (4 lines)
 Splitting block "Block 3" (10 lines) into 2 parts with ~5 lines each
   Part 1: lines 0-4 (5 lines)
   Part 2: lines 5-9 (5 lines)
 Splitting block "Block 5" (10 lines) into 2 parts with ~5 lines each
   Part 1: lines 0-4 (5 lines)
   Part 2: lines 5-9 (5 lines)
 Splitting block "Block 6" (10 lines) into 2 parts with ~5 lines each
   Part 1: lines 0-4 (5 lines)
   Part 2: lines 5-9 (5 lines)
 Splitting block "Block 10" (9 lines) into 2 parts with ~5 lines each
   Part 1: lines 0-4 (5 lines)
   Part 2: lines 5-8 (4 lines)
 Rehearsal: Current line 14 belongs to block: block-1750419822982-2-fn9tf10bgq-part-0 Array(5)
 Rehearsal: New line 15 belongs to block: block-1750419822982-2-fn9tf10bgq-part-0 Array(5)
 Rehearsal: Same block (block-1750419822982-2-fn9tf10bgq-part-0), updating active line from 14 to 15
 [SETACTIVE] Called with index 15. Current style: rehearsal
 Rehearsal mode: Setting active line 15
 Rehearsal line with index 15 not found
_activateLineInBlock @ lyrics-display.js:3243
 BlockLoopControl: Активный блок изменился
 BlockLoopControl: _createLoopButtonForCurrentBlock called
 BlockLoopControl: lyricsDisplay.currentActiveBlock: Object
 BlockLoopControl: lyricsDisplay.textBlocks: Array(11)
 BlockLoopControl: Создаем кнопку для активного блока репетиции: Block 3
 BlockLoopControl: _createLoopButton called for block: Block 3
 BlockLoopControl: blockElement found: true
 BlockLoopControl: Кнопка создана для блока: Block 3
 ⏰ СИНХРО: Позиция установлена 38.38с
 Rehearsal: Line changing from 15 to 10
 Splitting block "Block 2" (9 lines) into 2 parts with ~5 lines each
   Part 1: lines 0-4 (5 lines)
   Part 2: lines 5-8 (4 lines)
 Splitting block "Block 3" (10 lines) into 2 parts with ~5 lines each
   Part 1: lines 0-4 (5 lines)
   Part 2: lines 5-9 (5 lines)
 Splitting block "Block 5" (10 lines) into 2 parts with ~5 lines each
   Part 1: lines 0-4 (5 lines)
   Part 2: lines 5-9 (5 lines)
 Splitting block "Block 6" (10 lines) into 2 parts with ~5 lines each
   Part 1: lines 0-4 (5 lines)
   Part 2: lines 5-9 (5 lines)
 Splitting block "Block 10" (9 lines) into 2 parts with ~5 lines each
   Part 1: lines 0-4 (5 lines)
   Part 2: lines 5-8 (4 lines)
 Rehearsal: Current line 15 belongs to block: block-1750419822982-2-fn9tf10bgq-part-0 Array(5)
 Rehearsal: New line 10 belongs to block: block-1750419822981-1-xxnqgdasede-part-1 Array(4)
 Rehearsal: *** BLOCK CHANGED *** from block-1750419822982-2-fn9tf10bgq-part-0 to block-1750419822981-1-xxnqgdasede-part-1
 Rehearsal: Line changed from 15 to 10
 Rehearsal: Current block lines: Array(5)
 Rehearsal: New block lines: Array(4)
 Splitting block "Block 2" (9 lines) into 2 parts with ~5 lines each
   Part 1: lines 0-4 (5 lines)
   Part 2: lines 5-8 (4 lines)
 Splitting block "Block 3" (10 lines) into 2 parts with ~5 lines each
   Part 1: lines 0-4 (5 lines)
   Part 2: lines 5-9 (5 lines)
 Splitting block "Block 5" (10 lines) into 2 parts with ~5 lines each
   Part 1: lines 0-4 (5 lines)
   Part 2: lines 5-9 (5 lines)
 Splitting block "Block 6" (10 lines) into 2 parts with ~5 lines each
   Part 1: lines 0-4 (5 lines)
   Part 2: lines 5-9 (5 lines)
 Splitting block "Block 10" (9 lines) into 2 parts with ~5 lines each
   Part 1: lines 0-4 (5 lines)
   Part 2: lines 5-8 (4 lines)
 >>> FONT_CALC_DEBUG >>> Lines: 4, FontSize: 2.66rem, LineHeight: 3.23rem
 Rehearsal: Line changing from 10 to 11
 Splitting block "Block 2" (9 lines) into 2 parts with ~5 lines each
   Part 1: lines 0-4 (5 lines)
   Part 2: lines 5-8 (4 lines)
 Splitting block "Block 3" (10 lines) into 2 parts with ~5 lines each
   Part 1: lines 0-4 (5 lines)
   Part 2: lines 5-9 (5 lines)
 Splitting block "Block 5" (10 lines) into 2 parts with ~5 lines each
   Part 1: lines 0-4 (5 lines)
   Part 2: lines 5-9 (5 lines)
 Splitting block "Block 6" (10 lines) into 2 parts with ~5 lines each
   Part 1: lines 0-4 (5 lines)
   Part 2: lines 5-9 (5 lines)
 Splitting block "Block 10" (9 lines) into 2 parts with ~5 lines each
   Part 1: lines 0-4 (5 lines)
   Part 2: lines 5-8 (4 lines)
 Rehearsal: Current line 10 belongs to block: block-1750419822981-1-xxnqgdasede-part-1 Array(4)
 Rehearsal: New line 11 belongs to block: block-1750419822981-1-xxnqgdasede-part-1 Array(4)
 Rehearsal: Same block (block-1750419822981-1-xxnqgdasede-part-1), updating active line from 10 to 11
 [SETACTIVE] Called with index 11. Current style: rehearsal
 Rehearsal mode: Setting active line 11
 Rehearsal line with index 11 not found
_activateLineInBlock @ lyrics-display.js:3243
 BlockLoopControl: Активный блок изменился
 BlockLoopControl: _createLoopButtonForCurrentBlock called
 BlockLoopControl: lyricsDisplay.currentActiveBlock: Object
 BlockLoopControl: lyricsDisplay.textBlocks: Array(11)
 BlockLoopControl: Создаем кнопку для активного блока репетиции: Block 2 (продолжение 2)
 BlockLoopControl: _createLoopButton called for block: Block 2 (продолжение 2)
 BlockLoopControl: blockElement found: true
 BlockLoopControl: Кнопка создана для блока: Block 2 (продолжение 2)
 BlockLoopControl: Запуск зацикливания блока: Block 2 (продолжение 2)
 BlockLoopControl: Calculating time range for block "Block 2 (продолжение 2)" with lines [10,11,12,13]
 BlockLoopControl: Available markers count: 79
 BlockLoopControl: Block line range: 10 to 13
 BlockLoopControl: Found start marker for line 10: 37.21s
 BlockLoopControl: Searching for end marker after line 13
 BlockLoopControl: Found end marker (first of next block) for line 14: 47.83s
 BlockLoopControl: Block "Block 2 (продолжение 2)" LOOP BOUNDS: START=37.21s END=47.83s (duration: 10.62s)
 BlockLoopControl: Временные границы блока: 37.21s - 47.83s
 BlockLoopControl: Зацикливание установлено, воспроизведение продолжается без прерывания
 BlockLoopControl: Добавлена оранжевая окантовка блока
 BlockLoopControl: Зацикливание активно 37.209977324263036s - 47.83310657596371s (без прерывания воспроизведения)
 BlockLoopControl: LOOP CHECK - Current: 41.18s, Start: 37.21s, End: 47.83s
 BlockLoopControl: LOOP CHECK - Current: 41.78s, Start: 37.21s, End: 47.83s
 BlockLoopControl: LOOP CHECK - Current: 42.28s, Start: 37.21s, End: 47.83s
 Rehearsal: Line changing from 11 to 12
 Splitting block "Block 2" (9 lines) into 2 parts with ~5 lines each
   Part 1: lines 0-4 (5 lines)
   Part 2: lines 5-8 (4 lines)
 Splitting block "Block 3" (10 lines) into 2 parts with ~5 lines each
   Part 1: lines 0-4 (5 lines)
   Part 2: lines 5-9 (5 lines)
 Splitting block "Block 5" (10 lines) into 2 parts with ~5 lines each
   Part 1: lines 0-4 (5 lines)
   Part 2: lines 5-9 (5 lines)
 Splitting block "Block 6" (10 lines) into 2 parts with ~5 lines each
   Part 1: lines 0-4 (5 lines)
   Part 2: lines 5-9 (5 lines)
 Splitting block "Block 10" (9 lines) into 2 parts with ~5 lines each
   Part 1: lines 0-4 (5 lines)
   Part 2: lines 5-8 (4 lines)
 Rehearsal: Current line 11 belongs to block: block-1750419822981-1-xxnqgdasede-part-1 Array(4)
 Rehearsal: New line 12 belongs to block: block-1750419822981-1-xxnqgdasede-part-1 Array(4)
 Rehearsal: Same block (block-1750419822981-1-xxnqgdasede-part-1), updating active line from 11 to 12
 [SETACTIVE] Called with index 12. Current style: rehearsal
 Rehearsal mode: Setting active line 12
 Rehearsal line with index 12 not found
_activateLineInBlock @ lyrics-display.js:3243
 BlockLoopControl: Активный блок изменился
 BlockLoopControl: Строка 12 принадлежит текущему зацикленному блоку Block 2 (продолжение 2), зацикливание продолжается
 BlockLoopControl: LOOP CHECK - Current: 42.78s, Start: 37.21s, End: 47.83s
 BlockLoopControl: LOOP CHECK - Current: 43.28s, Start: 37.21s, End: 47.83s
 BlockLoopControl: LOOP CHECK - Current: 43.78s, Start: 37.21s, End: 47.83s
 BlockLoopControl: LOOP CHECK - Current: 44.39s, Start: 37.21s, End: 47.83s
 BlockLoopControl: LOOP CHECK - Current: 44.88s, Start: 37.21s, End: 47.83s
 BlockLoopControl: LOOP CHECK - Current: 45.38s, Start: 37.21s, End: 47.83s
 BlockLoopControl: LOOP CHECK - Current: 45.87s, Start: 37.21s, End: 47.83s
 Rehearsal: Line changing from 12 to 13
 Splitting block "Block 2" (9 lines) into 2 parts with ~5 lines each
   Part 1: lines 0-4 (5 lines)
   Part 2: lines 5-8 (4 lines)
 Splitting block "Block 3" (10 lines) into 2 parts with ~5 lines each
   Part 1: lines 0-4 (5 lines)
   Part 2: lines 5-9 (5 lines)
 Splitting block "Block 5" (10 lines) into 2 parts with ~5 lines each
   Part 1: lines 0-4 (5 lines)
   Part 2: lines 5-9 (5 lines)
 Splitting block "Block 6" (10 lines) into 2 parts with ~5 lines each
   Part 1: lines 0-4 (5 lines)
   Part 2: lines 5-9 (5 lines)
 Splitting block "Block 10" (9 lines) into 2 parts with ~5 lines each
   Part 1: lines 0-4 (5 lines)
   Part 2: lines 5-8 (4 lines)
 Rehearsal: Current line 12 belongs to block: block-1750419822981-1-xxnqgdasede-part-1 Array(4)
 Rehearsal: New line 13 belongs to block: block-1750419822981-1-xxnqgdasede-part-1 Array(4)
 Rehearsal: Same block (block-1750419822981-1-xxnqgdasede-part-1), updating active line from 12 to 13
 [SETACTIVE] Called with index 13. Current style: rehearsal
 Rehearsal mode: Setting active line 13
 Rehearsal line with index 13 not found
_activateLineInBlock @ lyrics-display.js:3243
 BlockLoopControl: Активный блок изменился
 BlockLoopControl: Строка 13 принадлежит текущему зацикленному блоку Block 2 (продолжение 2), зацикливание продолжается
 BlockLoopControl: LOOP CHECK - Current: 46.38s, Start: 37.21s, End: 47.83s
 BlockLoopControl: LOOP CHECK - Current: 46.88s, Start: 37.21s, End: 47.83s
 BlockLoopControl: LOOP CHECK - Current: 47.38s, Start: 37.21s, End: 47.83s
 🔄 BlockLoopControl: LOOP TRIGGER! End reached at 47.78s, jumping to start 37.21s
 ⏰ СИНХРО: Позиция установлена 37.21с
 Rehearsal: Line changing from 13 to 10
 Splitting block "Block 2" (9 lines) into 2 parts with ~5 lines each
   Part 1: lines 0-4 (5 lines)
   Part 2: lines 5-8 (4 lines)
 Splitting block "Block 3" (10 lines) into 2 parts with ~5 lines each
   Part 1: lines 0-4 (5 lines)
   Part 2: lines 5-9 (5 lines)
 Splitting block "Block 5" (10 lines) into 2 parts with ~5 lines each
   Part 1: lines 0-4 (5 lines)
   Part 2: lines 5-9 (5 lines)
 Splitting block "Block 6" (10 lines) into 2 parts with ~5 lines each
   Part 1: lines 0-4 (5 lines)
   Part 2: lines 5-9 (5 lines)
 Splitting block "Block 10" (9 lines) into 2 parts with ~5 lines each
   Part 1: lines 0-4 (5 lines)
   Part 2: lines 5-8 (4 lines)
 Rehearsal: Current line 13 belongs to block: block-1750419822981-1-xxnqgdasede-part-1 Array(4)
 Rehearsal: New line 10 belongs to block: block-1750419822981-1-xxnqgdasede-part-1 Array(4)
 Rehearsal: Same block (block-1750419822981-1-xxnqgdasede-part-1), updating active line from 13 to 10
 [SETACTIVE] Called with index 10. Current style: rehearsal
 Rehearsal mode: Setting active line 10
 Rehearsal line with index 10 not found
_activateLineInBlock @ lyrics-display.js:3243
 BlockLoopControl: Активный блок изменился
 BlockLoopControl: Строка 10 принадлежит текущему зацикленному блоку Block 2 (продолжение 2), зацикливание продолжается
 BlockLoopControl: LOOP CHECK - Current: 37.33s, Start: 37.21s, End: 47.83s
 BlockLoopControl: LOOP CHECK - Current: 37.82s, Start: 37.21s, End: 47.83s
 BlockLoopControl: LOOP CHECK - Current: 38.30s, Start: 37.21s, End: 47.83s
 BlockLoopControl: LOOP CHECK - Current: 38.80s, Start: 37.21s, End: 47.83s
 Rehearsal: Line changing from 10 to 11
 Splitting block "Block 2" (9 lines) into 2 parts with ~5 lines each
   Part 1: lines 0-4 (5 lines)
   Part 2: lines 5-8 (4 lines)
 Splitting block "Block 3" (10 lines) into 2 parts with ~5 lines each
   Part 1: lines 0-4 (5 lines)
   Part 2: lines 5-9 (5 lines)
 Splitting block "Block 5" (10 lines) into 2 parts with ~5 lines each
   Part 1: lines 0-4 (5 lines)
   Part 2: lines 5-9 (5 lines)
 Splitting block "Block 6" (10 lines) into 2 parts with ~5 lines each
   Part 1: lines 0-4 (5 lines)
   Part 2: lines 5-9 (5 lines)
 Splitting block "Block 10" (9 lines) into 2 parts with ~5 lines each
   Part 1: lines 0-4 (5 lines)
   Part 2: lines 5-8 (4 lines)
 Rehearsal: Current line 10 belongs to block: block-1750419822981-1-xxnqgdasede-part-1 Array(4)
 Rehearsal: New line 11 belongs to block: block-1750419822981-1-xxnqgdasede-part-1 Array(4)
 Rehearsal: Same block (block-1750419822981-1-xxnqgdasede-part-1), updating active line from 10 to 11
 [SETACTIVE] Called with index 11. Current style: rehearsal
 Rehearsal mode: Setting active line 11
 Rehearsal line with index 11 not found
_activateLineInBlock @ lyrics-display.js:3243
 BlockLoopControl: Активный блок изменился
 BlockLoopControl: Строка 11 принадлежит текущему зацикленному блоку Block 2 (продолжение 2), зацикливание продолжается
 BlockLoopControl: LOOP CHECK - Current: 39.30s, Start: 37.21s, End: 47.83s
 BlockLoopControl: LOOP CHECK - Current: 39.80s, Start: 37.21s, End: 47.83s
 BlockLoopControl: LOOP CHECK - Current: 40.31s, Start: 37.21s, End: 47.83s
 BlockLoopControl: LOOP CHECK - Current: 40.81s, Start: 37.21s, End: 47.83s
 BlockLoopControl: LOOP CHECK - Current: 41.34s, Start: 37.21s, End: 47.83s
 🎵 AudioEngine: Установка скорости воспроизведения: 95%
 BlockLoopControl: LOOP CHECK - Current: 41.78s, Start: 37.21s, End: 47.83s
 BlockLoopControl: LOOP CHECK - Current: 42.26s, Start: 37.21s, End: 47.83s
 🎵 AudioEngine: Установка скорости воспроизведения: 90%
 BlockLoopControl: LOOP CHECK - Current: 42.71s, Start: 37.21s, End: 47.83s
 Rehearsal: Line changing from 11 to 12
 Splitting block "Block 2" (9 lines) into 2 parts with ~5 lines each
   Part 1: lines 0-4 (5 lines)
   Part 2: lines 5-8 (4 lines)
 Splitting block "Block 3" (10 lines) into 2 parts with ~5 lines each
   Part 1: lines 0-4 (5 lines)
   Part 2: lines 5-9 (5 lines)
 Splitting block "Block 5" (10 lines) into 2 parts with ~5 lines each
   Part 1: lines 0-4 (5 lines)
   Part 2: lines 5-9 (5 lines)
 Splitting block "Block 6" (10 lines) into 2 parts with ~5 lines each
   Part 1: lines 0-4 (5 lines)
   Part 2: lines 5-9 (5 lines)
 Splitting block "Block 10" (9 lines) into 2 parts with ~5 lines each
   Part 1: lines 0-4 (5 lines)
   Part 2: lines 5-8 (4 lines)
 Rehearsal: Current line 11 belongs to block: block-1750419822981-1-xxnqgdasede-part-1 Array(4)
 Rehearsal: New line 12 belongs to block: block-1750419822981-1-xxnqgdasede-part-1 Array(4)
 Rehearsal: Same block (block-1750419822981-1-xxnqgdasede-part-1), updating active line from 11 to 12
 [SETACTIVE] Called with index 12. Current style: rehearsal
 Rehearsal mode: Setting active line 12
 Rehearsal line with index 12 not found
_activateLineInBlock @ lyrics-display.js:3243
 BlockLoopControl: Активный блок изменился
 BlockLoopControl: Строка 12 принадлежит текущему зацикленному блоку Block 2 (продолжение 2), зацикливание продолжается
 🎵 AudioEngine: Установка скорости воспроизведения: 85%
 BlockLoopControl: LOOP CHECK - Current: 43.14s, Start: 37.21s, End: 47.83s
 BlockLoopControl: LOOP CHECK - Current: 43.57s, Start: 37.21s, End: 47.83s
 🎵 AudioEngine: Установка скорости воспроизведения: 80%
 BlockLoopControl: LOOP CHECK - Current: 43.98s, Start: 37.21s, End: 47.83s
 BlockLoopControl: LOOP CHECK - Current: 44.39s, Start: 37.21s, End: 47.83s
 BlockLoopControl: LOOP CHECK - Current: 44.79s, Start: 37.21s, End: 47.83s
 BlockLoopControl: LOOP CHECK - Current: 45.19s, Start: 37.21s, End: 47.83s
 BlockLoopControl: LOOP CHECK - Current: 45.59s, Start: 37.21s, End: 47.83s
 BlockLoopControl: LOOP CHECK - Current: 46.03s, Start: 37.21s, End: 47.83s
 Rehearsal: Line changing from 12 to 13
 Splitting block "Block 2" (9 lines) into 2 parts with ~5 lines each
   Part 1: lines 0-4 (5 lines)
   Part 2: lines 5-8 (4 lines)
 Splitting block "Block 3" (10 lines) into 2 parts with ~5 lines each
   Part 1: lines 0-4 (5 lines)
   Part 2: lines 5-9 (5 lines)
 Splitting block "Block 5" (10 lines) into 2 parts with ~5 lines each
   Part 1: lines 0-4 (5 lines)
   Part 2: lines 5-9 (5 lines)
 Splitting block "Block 6" (10 lines) into 2 parts with ~5 lines each
   Part 1: lines 0-4 (5 lines)
   Part 2: lines 5-9 (5 lines)
 Splitting block "Block 10" (9 lines) into 2 parts with ~5 lines each
   Part 1: lines 0-4 (5 lines)
   Part 2: lines 5-8 (4 lines)
 Rehearsal: Current line 12 belongs to block: block-1750419822981-1-xxnqgdasede-part-1 Array(4)
 Rehearsal: New line 13 belongs to block: block-1750419822981-1-xxnqgdasede-part-1 Array(4)
 Rehearsal: Same block (block-1750419822981-1-xxnqgdasede-part-1), updating active line from 12 to 13
 [SETACTIVE] Called with index 13. Current style: rehearsal
 Rehearsal mode: Setting active line 13
 Rehearsal line with index 13 not found
_activateLineInBlock @ lyrics-display.js:3243
 BlockLoopControl: Активный блок изменился
 BlockLoopControl: Строка 13 принадлежит текущему зацикленному блоку Block 2 (продолжение 2), зацикливание продолжается
 BlockLoopControl: LOOP CHECK - Current: 46.47s, Start: 37.21s, End: 47.83s
 BlockLoopControl: LOOP CHECK - Current: 46.95s, Start: 37.21s, End: 47.83s
 BlockLoopControl: LOOP CHECK - Current: 47.38s, Start: 37.21s, End: 47.83s
 🔄 BlockLoopControl: LOOP TRIGGER! End reached at 47.74s, jumping to start 37.21s
 ⏰ СИНХРО: Позиция установлена 37.21с
 Rehearsal: Line changing from 13 to 9
 Splitting block "Block 2" (9 lines) into 2 parts with ~5 lines each
   Part 1: lines 0-4 (5 lines)
   Part 2: lines 5-8 (4 lines)
 Splitting block "Block 3" (10 lines) into 2 parts with ~5 lines each
   Part 1: lines 0-4 (5 lines)
   Part 2: lines 5-9 (5 lines)
 Splitting block "Block 5" (10 lines) into 2 parts with ~5 lines each
   Part 1: lines 0-4 (5 lines)
   Part 2: lines 5-9 (5 lines)
 Splitting block "Block 6" (10 lines) into 2 parts with ~5 lines each
   Part 1: lines 0-4 (5 lines)
   Part 2: lines 5-9 (5 lines)
 Splitting block "Block 10" (9 lines) into 2 parts with ~5 lines each
   Part 1: lines 0-4 (5 lines)
   Part 2: lines 5-8 (4 lines)
 Rehearsal: Current line 13 belongs to block: block-1750419822981-1-xxnqgdasede-part-1 Array(4)
 Rehearsal: New line 9 belongs to block: block-1750419822981-1-xxnqgdasede-part-0 Array(5)
 Rehearsal: *** BLOCK CHANGED *** from block-1750419822981-1-xxnqgdasede-part-1 to block-1750419822981-1-xxnqgdasede-part-0
 Rehearsal: Line changed from 13 to 9
 Rehearsal: Current block lines: Array(4)
 Rehearsal: New block lines: Array(5)
 Splitting block "Block 2" (9 lines) into 2 parts with ~5 lines each
   Part 1: lines 0-4 (5 lines)
   Part 2: lines 5-8 (4 lines)
 Splitting block "Block 3" (10 lines) into 2 parts with ~5 lines each
   Part 1: lines 0-4 (5 lines)
   Part 2: lines 5-9 (5 lines)
 Splitting block "Block 5" (10 lines) into 2 parts with ~5 lines each
   Part 1: lines 0-4 (5 lines)
   Part 2: lines 5-9 (5 lines)
 Splitting block "Block 6" (10 lines) into 2 parts with ~5 lines each
   Part 1: lines 0-4 (5 lines)
   Part 2: lines 5-9 (5 lines)
 Splitting block "Block 10" (9 lines) into 2 parts with ~5 lines each
   Part 1: lines 0-4 (5 lines)
   Part 2: lines 5-8 (4 lines)
 >>> FONT_CALC_DEBUG >>> Lines: 5, FontSize: 2.66rem, LineHeight: 3.23rem
 Rehearsal: Line changing from 9 to 10
 Splitting block "Block 2" (9 lines) into 2 parts with ~5 lines each
   Part 1: lines 0-4 (5 lines)
   Part 2: lines 5-8 (4 lines)
 Splitting block "Block 3" (10 lines) into 2 parts with ~5 lines each
   Part 1: lines 0-4 (5 lines)
   Part 2: lines 5-9 (5 lines)
 Splitting block "Block 5" (10 lines) into 2 parts with ~5 lines each
   Part 1: lines 0-4 (5 lines)
   Part 2: lines 5-9 (5 lines)
 Splitting block "Block 6" (10 lines) into 2 parts with ~5 lines each
   Part 1: lines 0-4 (5 lines)
   Part 2: lines 5-9 (5 lines)
 Splitting block "Block 10" (9 lines) into 2 parts with ~5 lines each
   Part 1: lines 0-4 (5 lines)
   Part 2: lines 5-8 (4 lines)
 Rehearsal: Current line 9 belongs to block: block-1750419822981-1-xxnqgdasede-part-0 Array(5)
 Rehearsal: New line 10 belongs to block: block-1750419822981-1-xxnqgdasede-part-1 Array(4)
 Rehearsal: *** BLOCK CHANGED *** from block-1750419822981-1-xxnqgdasede-part-0 to block-1750419822981-1-xxnqgdasede-part-1
 Rehearsal: Line changed from 9 to 10
 Rehearsal: Current block lines: Array(5)
 Rehearsal: New block lines: Array(4)
 Splitting block "Block 2" (9 lines) into 2 parts with ~5 lines each
   Part 1: lines 0-4 (5 lines)
   Part 2: lines 5-8 (4 lines)
 Splitting block "Block 3" (10 lines) into 2 parts with ~5 lines each
   Part 1: lines 0-4 (5 lines)
   Part 2: lines 5-9 (5 lines)
 Splitting block "Block 5" (10 lines) into 2 parts with ~5 lines each
   Part 1: lines 0-4 (5 lines)
   Part 2: lines 5-9 (5 lines)
 Splitting block "Block 6" (10 lines) into 2 parts with ~5 lines each
   Part 1: lines 0-4 (5 lines)
   Part 2: lines 5-9 (5 lines)
 Splitting block "Block 10" (9 lines) into 2 parts with ~5 lines each
   Part 1: lines 0-4 (5 lines)
   Part 2: lines 5-8 (4 lines)
 >>> FONT_CALC_DEBUG >>> Lines: 4, FontSize: 2.66rem, LineHeight: 3.23rem
 BlockLoopControl: LOOP CHECK - Current: 37.31s, Start: 37.21s, End: 47.83s
 BlockLoopControl: LOOP CHECK - Current: 37.71s, Start: 37.21s, End: 47.83s
 BlockLoopControl: LOOP CHECK - Current: 38.11s, Start: 37.21s, End: 47.83s
 BlockLoopControl: LOOP CHECK - Current: 38.50s, Start: 37.21s, End: 47.83s
 BlockLoopControl: LOOP CHECK - Current: 38.93s, Start: 37.21s, End: 47.83s
 Rehearsal: Line changing from 10 to 11
 Splitting block "Block 2" (9 lines) into 2 parts with ~5 lines each
   Part 1: lines 0-4 (5 lines)
   Part 2: lines 5-8 (4 lines)
 Splitting block "Block 3" (10 lines) into 2 parts with ~5 lines each
   Part 1: lines 0-4 (5 lines)
   Part 2: lines 5-9 (5 lines)
 Splitting block "Block 5" (10 lines) into 2 parts with ~5 lines each
   Part 1: lines 0-4 (5 lines)
   Part 2: lines 5-9 (5 lines)
 Splitting block "Block 6" (10 lines) into 2 parts with ~5 lines each
   Part 1: lines 0-4 (5 lines)
   Part 2: lines 5-9 (5 lines)
 Splitting block "Block 10" (9 lines) into 2 parts with ~5 lines each
   Part 1: lines 0-4 (5 lines)
   Part 2: lines 5-8 (4 lines)
 Rehearsal: Current line 10 belongs to block: block-1750419822981-1-xxnqgdasede-part-1 Array(4)
 Rehearsal: New line 11 belongs to block: block-1750419822981-1-xxnqgdasede-part-1 Array(4)
 Rehearsal: Same block (block-1750419822981-1-xxnqgdasede-part-1), updating active line from 10 to 11
 [SETACTIVE] Called with index 11. Current style: rehearsal
 Rehearsal mode: Setting active line 11
 Rehearsal line with index 11 not found
_activateLineInBlock @ lyrics-display.js:3243
 BlockLoopControl: Активный блок изменился
 BlockLoopControl: Строка 11 принадлежит текущему зацикленному блоку Block 2 (продолжение 2), зацикливание продолжается
 BlockLoopControl: LOOP CHECK - Current: 39.36s, Start: 37.21s, End: 47.83s
 BlockLoopControl: LOOP CHECK - Current: 39.74s, Start: 37.21s, End: 47.83s
 BlockLoopControl: LOOP CHECK - Current: 40.14s, Start: 37.21s, End: 47.83s
 BlockLoopControl: LOOP CHECK - Current: 40.54s, Start: 37.21s, End: 47.83s
 BlockLoopControl: LOOP CHECK - Current: 40.94s, Start: 37.21s, End: 47.83s
 BlockLoopControl: LOOP CHECK - Current: 41.35s, Start: 37.21s, End: 47.83s
 BlockLoopControl: LOOP CHECK - Current: 41.75s, Start: 37.21s, End: 47.83s
 BlockLoopControl: LOOP CHECK - Current: 42.15s, Start: 37.21s, End: 47.83s
 BlockLoopControl: LOOP CHECK - Current: 42.55s, Start: 37.21s, End: 47.83s
 Rehearsal: Line changing from 11 to 12
 Splitting block "Block 2" (9 lines) into 2 parts with ~5 lines each
   Part 1: lines 0-4 (5 lines)
   Part 2: lines 5-8 (4 lines)
 Splitting block "Block 3" (10 lines) into 2 parts with ~5 lines each
   Part 1: lines 0-4 (5 lines)
   Part 2: lines 5-9 (5 lines)
 Splitting block "Block 5" (10 lines) into 2 parts with ~5 lines each
   Part 1: lines 0-4 (5 lines)
   Part 2: lines 5-9 (5 lines)
 Splitting block "Block 6" (10 lines) into 2 parts with ~5 lines each
   Part 1: lines 0-4 (5 lines)
   Part 2: lines 5-9 (5 lines)
 Splitting block "Block 10" (9 lines) into 2 parts with ~5 lines each
   Part 1: lines 0-4 (5 lines)
   Part 2: lines 5-8 (4 lines)
 Rehearsal: Current line 11 belongs to block: block-1750419822981-1-xxnqgdasede-part-1 Array(4)
 Rehearsal: New line 12 belongs to block: block-1750419822981-1-xxnqgdasede-part-1 Array(4)
 Rehearsal: Same block (block-1750419822981-1-xxnqgdasede-part-1), updating active line from 11 to 12
 [SETACTIVE] Called with index 12. Current style: rehearsal
 Rehearsal mode: Setting active line 12
 Rehearsal line with index 12 not found
_activateLineInBlock @ lyrics-display.js:3243
 BlockLoopControl: Активный блок изменился
 BlockLoopControl: Строка 12 принадлежит текущему зацикленному блоку Block 2 (продолжение 2), зацикливание продолжается
 BlockLoopControl: LOOP CHECK - Current: 42.99s, Start: 37.21s, End: 47.83s
 BlockLoopControl: LOOP CHECK - Current: 43.39s, Start: 37.21s, End: 47.83s
 BlockLoopControl: LOOP CHECK - Current: 43.79s, Start: 37.21s, End: 47.83s
 BlockLoopControl: LOOP CHECK - Current: 44.26s, Start: 37.21s, End: 47.83s
 BlockLoopControl: LOOP CHECK - Current: 44.78s, Start: 37.21s, End: 47.83s
 🚫 Перемещение по прогресс-бару заблокировано: активен луп блока
 BlockLoopControl: LOOP CHECK - Current: 45.22s, Start: 37.21s, End: 47.83s
 BlockLoopControl: LOOP CHECK - Current: 45.62s, Start: 37.21s, End: 47.83s
 Rehearsal: Line changing from 12 to 13
 Splitting block "Block 2" (9 lines) into 2 parts with ~5 lines each
   Part 1: lines 0-4 (5 lines)
   Part 2: lines 5-8 (4 lines)
 Splitting block "Block 3" (10 lines) into 2 parts with ~5 lines each
   Part 1: lines 0-4 (5 lines)
   Part 2: lines 5-9 (5 lines)
 Splitting block "Block 5" (10 lines) into 2 parts with ~5 lines each
   Part 1: lines 0-4 (5 lines)
   Part 2: lines 5-9 (5 lines)
 Splitting block "Block 6" (10 lines) into 2 parts with ~5 lines each
   Part 1: lines 0-4 (5 lines)
   Part 2: lines 5-9 (5 lines)
 Splitting block "Block 10" (9 lines) into 2 parts with ~5 lines each
   Part 1: lines 0-4 (5 lines)
   Part 2: lines 5-8 (4 lines)
 Rehearsal: Current line 12 belongs to block: block-1750419822981-1-xxnqgdasede-part-1 Array(4)
 Rehearsal: New line 13 belongs to block: block-1750419822981-1-xxnqgdasede-part-1 Array(4)
 Rehearsal: Same block (block-1750419822981-1-xxnqgdasede-part-1), updating active line from 12 to 13
 [SETACTIVE] Called with index 13. Current style: rehearsal
 Rehearsal mode: Setting active line 13
 Rehearsal line with index 13 not found
_activateLineInBlock @ lyrics-display.js:3243
 BlockLoopControl: Активный блок изменился
 BlockLoopControl: Строка 13 принадлежит текущему зацикленному блоку Block 2 (продолжение 2), зацикливание продолжается
 BlockLoopControl: LOOP CHECK - Current: 46.11s, Start: 37.21s, End: 47.83s
 BlockLoopControl: LOOP CHECK - Current: 46.55s, Start: 37.21s, End: 47.83s
 BlockLoopControl: LOOP CHECK - Current: 46.94s, Start: 37.21s, End: 47.83s
 BlockLoopControl: LOOP CHECK - Current: 47.41s, Start: 37.21s, End: 47.83s
 🔄 BlockLoopControl: LOOP TRIGGER! End reached at 47.74s, jumping to start 37.21s
 ⏰ СИНХРО: Позиция установлена 37.21с
 Rehearsal: Line changing from 13 to 10
 Splitting block "Block 2" (9 lines) into 2 parts with ~5 lines each
   Part 1: lines 0-4 (5 lines)
   Part 2: lines 5-8 (4 lines)
 Splitting block "Block 3" (10 lines) into 2 parts with ~5 lines each
   Part 1: lines 0-4 (5 lines)
   Part 2: lines 5-9 (5 lines)
 Splitting block "Block 5" (10 lines) into 2 parts with ~5 lines each
   Part 1: lines 0-4 (5 lines)
   Part 2: lines 5-9 (5 lines)
 Splitting block "Block 6" (10 lines) into 2 parts with ~5 lines each
   Part 1: lines 0-4 (5 lines)
   Part 2: lines 5-9 (5 lines)
 Splitting block "Block 10" (9 lines) into 2 parts with ~5 lines each
   Part 1: lines 0-4 (5 lines)
   Part 2: lines 5-8 (4 lines)
 Rehearsal: Current line 13 belongs to block: block-1750419822981-1-xxnqgdasede-part-1 Array(4)
 Rehearsal: New line 10 belongs to block: block-1750419822981-1-xxnqgdasede-part-1 Array(4)
 Rehearsal: Same block (block-1750419822981-1-xxnqgdasede-part-1), updating active line from 13 to 10
 [SETACTIVE] Called with index 10. Current style: rehearsal
 Rehearsal mode: Setting active line 10
 Rehearsal line with index 10 not found
_activateLineInBlock @ lyrics-display.js:3243
 BlockLoopControl: Активный блок изменился
 BlockLoopControl: Строка 10 принадлежит текущему зацикленному блоку Block 2 (продолжение 2), зацикливание продолжается
 BlockLoopControl: LOOP CHECK - Current: 37.27s, Start: 37.21s, End: 47.83s
 BlockLoopControl: LOOP CHECK - Current: 37.75s, Start: 37.21s, End: 47.83s
 BlockLoopControl: LOOP CHECK - Current: 38.15s, Start: 37.21s, End: 47.83s
 BlockLoopControl: LOOP CHECK - Current: 38.59s, Start: 37.21s, End: 47.83s
 BlockLoopControl: LOOP CHECK - Current: 39.03s, Start: 37.21s, End: 47.83s
 Rehearsal: Line changing from 10 to 11
 Splitting block "Block 2" (9 lines) into 2 parts with ~5 lines each
   Part 1: lines 0-4 (5 lines)
   Part 2: lines 5-8 (4 lines)
 Splitting block "Block 3" (10 lines) into 2 parts with ~5 lines each
   Part 1: lines 0-4 (5 lines)
   Part 2: lines 5-9 (5 lines)
 Splitting block "Block 5" (10 lines) into 2 parts with ~5 lines each
   Part 1: lines 0-4 (5 lines)
   Part 2: lines 5-9 (5 lines)
 Splitting block "Block 6" (10 lines) into 2 parts with ~5 lines each
   Part 1: lines 0-4 (5 lines)
   Part 2: lines 5-9 (5 lines)
 Splitting block "Block 10" (9 lines) into 2 parts with ~5 lines each
   Part 1: lines 0-4 (5 lines)
   Part 2: lines 5-8 (4 lines)
 Rehearsal: Current line 10 belongs to block: block-1750419822981-1-xxnqgdasede-part-1 Array(4)
 Rehearsal: New line 11 belongs to block: block-1750419822981-1-xxnqgdasede-part-1 Array(4)
 Rehearsal: Same block (block-1750419822981-1-xxnqgdasede-part-1), updating active line from 10 to 11
 [SETACTIVE] Called with index 11. Current style: rehearsal
 Rehearsal mode: Setting active line 11
 Rehearsal line with index 11 not found
_activateLineInBlock @ lyrics-display.js:3243
 BlockLoopControl: Активный блок изменился
 BlockLoopControl: Строка 11 принадлежит текущему зацикленному блоку Block 2 (продолжение 2), зацикливание продолжается
 BlockLoopControl: LOOP CHECK - Current: 39.51s, Start: 37.21s, End: 47.83s
 BlockLoopControl: LOOP CHECK - Current: 40.00s, Start: 37.21s, End: 47.83s
 BlockLoopControl: LOOP CHECK - Current: 40.41s, Start: 37.21s, End: 47.83s
 Switching to karaoke mode
 App: Сохраняем предыдущий режим: rehearsal
 Activating karaoke mode
 Karaoke Background Manager: Starting slideshow...
 Applying style: Караоке with scale 1.20
 TextStyleManager: Scaled font size from 1.4em to 1.68em
 Deactivating Rehearsal Display
 LyricsDisplay: Setting style to Караоке
 [KARAOKE] DOM not found or empty in _renderLyrics, creating it.
 TextStyleManager: Scaled font size from 1.4em to 1.68em
 BlockLoopControl: Активный блок изменился
 BlockLoopControl: Строка 11 принадлежит текущему зацикленному блоку Block 2 (продолжение 2), зацикливание продолжается
 Applied style class to lyrics-container: style-karaoke
 BlockLoopControl: Деактивирован
 BlockLoopControl: Остановка зацикливания
 🚀 Скрываю Живую Ленту
 ✅ Возврат в классический зал
 ✅ Karaoke Background Manager: SUCCESSFULLY set background to Karaoke/pexels-katriengrevendonck-2101487.jpg
 Switching to rehearsal mode
 App: Сохраняем предыдущий режим: karaoke
 Activating rehearsal mode
 Karaoke Background Manager: Stopping slideshow...
 Applying style: Репетиция with scale 1.00
 LyricsDisplay: Setting style to Репетиция
 Activating Rehearsal Display with blocks: Array(11)
 Rendering lyrics. Current style ID: rehearsal
 Splitting block "Block 2" (9 lines) into 2 parts with ~5 lines each
   Part 1: lines 0-4 (5 lines)
   Part 2: lines 5-8 (4 lines)
 Splitting block "Block 3" (10 lines) into 2 parts with ~5 lines each
   Part 1: lines 0-4 (5 lines)
   Part 2: lines 5-9 (5 lines)
 Splitting block "Block 5" (10 lines) into 2 parts with ~5 lines each
   Part 1: lines 0-4 (5 lines)
   Part 2: lines 5-9 (5 lines)
 Splitting block "Block 6" (10 lines) into 2 parts with ~5 lines each
   Part 1: lines 0-4 (5 lines)
   Part 2: lines 5-9 (5 lines)
 Splitting block "Block 10" (9 lines) into 2 parts with ~5 lines each
   Part 1: lines 0-4 (5 lines)
   Part 2: lines 5-8 (4 lines)
 >>> FONT_CALC_DEBUG >>> Lines: 4, FontSize: 2.66rem, LineHeight: 3.23rem
 [SETACTIVE] Called with index 11. Current style: rehearsal
 Rehearsal mode: Setting active line 11
 Rehearsal line with index 11 not found
_activateLineInBlock @ lyrics-display.js:3243
 BlockLoopControl: Активирован
 BlockLoopControl: _createLoopButtonForCurrentBlock called
 BlockLoopControl: lyricsDisplay.currentActiveBlock: Object
 BlockLoopControl: lyricsDisplay.textBlocks: Array(11)
 BlockLoopControl: Создаем кнопку для активного блока репетиции: Block 2 (продолжение 2)
 BlockLoopControl: _createLoopButton called for block: Block 2 (продолжение 2)
 BlockLoopControl: blockElement found: true
 BlockLoopControl: Кнопка создана для блока: Block 2 (продолжение 2)
 🚀 Скрываю Живую Ленту
 ✅ Возврат в классический зал
 Rehearsal: Line changing from 11 to 12
 Splitting block "Block 2" (9 lines) into 2 parts with ~5 lines each
   Part 1: lines 0-4 (5 lines)
   Part 2: lines 5-8 (4 lines)
 Splitting block "Block 3" (10 lines) into 2 parts with ~5 lines each
   Part 1: lines 0-4 (5 lines)
   Part 2: lines 5-9 (5 lines)
 Splitting block "Block 5" (10 lines) into 2 parts with ~5 lines each
   Part 1: lines 0-4 (5 lines)
   Part 2: lines 5-9 (5 lines)
 Splitting block "Block 6" (10 lines) into 2 parts with ~5 lines each
   Part 1: lines 0-4 (5 lines)
   Part 2: lines 5-9 (5 lines)
 Splitting block "Block 10" (9 lines) into 2 parts with ~5 lines each
   Part 1: lines 0-4 (5 lines)
   Part 2: lines 5-8 (4 lines)
 Rehearsal: Current line 11 belongs to block: block-1750419822981-1-xxnqgdasede-part-1 Array(4)
 Rehearsal: New line 12 belongs to block: block-1750419822981-1-xxnqgdasede-part-1 Array(4)
 Rehearsal: Same block (block-1750419822981-1-xxnqgdasede-part-1), updating active line from 11 to 12
 [SETACTIVE] Called with index 12. Current style: rehearsal
 Rehearsal mode: Setting active line 12
 Rehearsal line with index 12 not found
_activateLineInBlock @ lyrics-display.js:3243
 BlockLoopControl: Активный блок изменился
 BlockLoopControl: _createLoopButtonForCurrentBlock called
 BlockLoopControl: lyricsDisplay.currentActiveBlock: Object
 BlockLoopControl: lyricsDisplay.textBlocks: Array(11)
 BlockLoopControl: Создаем кнопку для активного блока репетиции: Block 2 (продолжение 2)
 BlockLoopControl: _createLoopButton called for block: Block 2 (продолжение 2)
 BlockLoopControl: blockElement found: true
 BlockLoopControl: Кнопка создана для блока: Block 2 (продолжение 2)
 BlockLoopControl: Запуск зацикливания блока: Block 2 (продолжение 2)
 BlockLoopControl: Calculating time range for block "Block 2 (продолжение 2)" with lines [10,11,12,13]
 BlockLoopControl: Available markers count: 79
 BlockLoopControl: Block line range: 10 to 13
 BlockLoopControl: Found start marker for line 10: 37.21s
 BlockLoopControl: Searching for end marker after line 13
 BlockLoopControl: Found end marker (first of next block) for line 14: 47.83s
 BlockLoopControl: Block "Block 2 (продолжение 2)" LOOP BOUNDS: START=37.21s END=47.83s (duration: 10.62s)
 BlockLoopControl: Временные границы блока: 37.21s - 47.83s
 BlockLoopControl: Зацикливание установлено, воспроизведение продолжается без прерывания
 BlockLoopControl: Добавлена оранжевая окантовка блока
 BlockLoopControl: Зацикливание активно 37.209977324263036s - 47.83310657596371s (без прерывания воспроизведения)
 BlockLoopControl: LOOP CHECK - Current: 43.99s, Start: 37.21s, End: 47.83s
 BlockLoopControl: LOOP CHECK - Current: 44.41s, Start: 37.21s, End: 47.83s
 BlockLoopControl: LOOP CHECK - Current: 44.83s, Start: 37.21s, End: 47.83s
 BlockLoopControl: LOOP CHECK - Current: 45.27s, Start: 37.21s, End: 47.83s
 BlockLoopControl: Остановка зацикливания
 Rehearsal: Line changing from 12 to 13
 Splitting block "Block 2" (9 lines) into 2 parts with ~5 lines each
   Part 1: lines 0-4 (5 lines)
   Part 2: lines 5-8 (4 lines)
 Splitting block "Block 3" (10 lines) into 2 parts with ~5 lines each
   Part 1: lines 0-4 (5 lines)
   Part 2: lines 5-9 (5 lines)
 Splitting block "Block 5" (10 lines) into 2 parts with ~5 lines each
   Part 1: lines 0-4 (5 lines)
   Part 2: lines 5-9 (5 lines)
 Splitting block "Block 6" (10 lines) into 2 parts with ~5 lines each
   Part 1: lines 0-4 (5 lines)
   Part 2: lines 5-9 (5 lines)
 Splitting block "Block 10" (9 lines) into 2 parts with ~5 lines each
   Part 1: lines 0-4 (5 lines)
   Part 2: lines 5-8 (4 lines)
 Rehearsal: Current line 12 belongs to block: block-1750419822981-1-xxnqgdasede-part-1 Array(4)
 Rehearsal: New line 13 belongs to block: block-1750419822981-1-xxnqgdasede-part-1 Array(4)
 Rehearsal: Same block (block-1750419822981-1-xxnqgdasede-part-1), updating active line from 12 to 13
 [SETACTIVE] Called with index 13. Current style: rehearsal
 Rehearsal mode: Setting active line 13
 Rehearsal line with index 13 not found
_activateLineInBlock @ lyrics-display.js:3243
 BlockLoopControl: Активный блок изменился
 BlockLoopControl: _createLoopButtonForCurrentBlock called
 BlockLoopControl: lyricsDisplay.currentActiveBlock: Object
 BlockLoopControl: lyricsDisplay.textBlocks: Array(11)
 BlockLoopControl: Создаем кнопку для активного блока репетиции: Block 2 (продолжение 2)
 BlockLoopControl: _createLoopButton called for block: Block 2 (продолжение 2)
 BlockLoopControl: blockElement found: true
 BlockLoopControl: Кнопка создана для блока: Block 2 (продолжение 2)
 Rehearsal: Line changing from 13 to 14
 Splitting block "Block 2" (9 lines) into 2 parts with ~5 lines each
   Part 1: lines 0-4 (5 lines)
   Part 2: lines 5-8 (4 lines)
 Splitting block "Block 3" (10 lines) into 2 parts with ~5 lines each
   Part 1: lines 0-4 (5 lines)
   Part 2: lines 5-9 (5 lines)
 Splitting block "Block 5" (10 lines) into 2 parts with ~5 lines each
   Part 1: lines 0-4 (5 lines)
   Part 2: lines 5-9 (5 lines)
 Splitting block "Block 6" (10 lines) into 2 parts with ~5 lines each
   Part 1: lines 0-4 (5 lines)
   Part 2: lines 5-9 (5 lines)
 Splitting block "Block 10" (9 lines) into 2 parts with ~5 lines each
   Part 1: lines 0-4 (5 lines)
   Part 2: lines 5-8 (4 lines)
 Rehearsal: Current line 13 belongs to block: block-1750419822981-1-xxnqgdasede-part-1 Array(4)
 Rehearsal: New line 14 belongs to block: block-1750419822982-2-fn9tf10bgq-part-0 Array(5)
 Rehearsal: *** BLOCK CHANGED *** from block-1750419822981-1-xxnqgdasede-part-1 to block-1750419822982-2-fn9tf10bgq-part-0
 Rehearsal: Line changed from 13 to 14
 Rehearsal: Current block lines: Array(4)
 Rehearsal: New block lines: Array(5)
 Splitting block "Block 2" (9 lines) into 2 parts with ~5 lines each
   Part 1: lines 0-4 (5 lines)
   Part 2: lines 5-8 (4 lines)
 Splitting block "Block 3" (10 lines) into 2 parts with ~5 lines each
   Part 1: lines 0-4 (5 lines)
   Part 2: lines 5-9 (5 lines)
 Splitting block "Block 5" (10 lines) into 2 parts with ~5 lines each
   Part 1: lines 0-4 (5 lines)
   Part 2: lines 5-9 (5 lines)
 Splitting block "Block 6" (10 lines) into 2 parts with ~5 lines each
   Part 1: lines 0-4 (5 lines)
   Part 2: lines 5-9 (5 lines)
 Splitting block "Block 10" (9 lines) into 2 parts with ~5 lines each
   Part 1: lines 0-4 (5 lines)
   Part 2: lines 5-8 (4 lines)
rtf-parser.js:849 >>> FONT_CALC_DEBUG >>> Lines: 5, FontSize: 2.66rem, LineHeight: 3.23rem
rtf-parser.js:849 Rehearsal: Line changing from 14 to 15
rtf-parser.js:849 Splitting block "Block 2" (9 lines) into 2 parts with ~5 lines each
rtf-parser.js:849   Part 1: lines 0-4 (5 lines)
rtf-parser.js:849   Part 2: lines 5-8 (4 lines)
rtf-parser.js:849 Splitting block "Block 3" (10 lines) into 2 parts with ~5 lines each
rtf-parser.js:849   Part 1: lines 0-4 (5 lines)
rtf-parser.js:849   Part 2: lines 5-9 (5 lines)
rtf-parser.js:849 Splitting block "Block 5" (10 lines) into 2 parts with ~5 lines each
rtf-parser.js:849   Part 1: lines 0-4 (5 lines)
rtf-parser.js:849   Part 2: lines 5-9 (5 lines)
rtf-parser.js:849 Splitting block "Block 6" (10 lines) into 2 parts with ~5 lines each
rtf-parser.js:849   Part 1: lines 0-4 (5 lines)
rtf-parser.js:849   Part 2: lines 5-9 (5 lines)
rtf-parser.js:849 Splitting block "Block 10" (9 lines) into 2 parts with ~5 lines each
rtf-parser.js:849   Part 1: lines 0-4 (5 lines)
rtf-parser.js:849   Part 2: lines 5-8 (4 lines)
rtf-parser.js:849 Rehearsal: Current line 14 belongs to block: block-1750419822982-2-fn9tf10bgq-part-0 Array(5)
rtf-parser.js:849 Rehearsal: New line 15 belongs to block: block-1750419822982-2-fn9tf10bgq-part-0 Array(5)
rtf-parser.js:849 Rehearsal: Same block (block-1750419822982-2-fn9tf10bgq-part-0), updating active line from 14 to 15
rtf-parser.js:849 [SETACTIVE] Called with index 15. Current style: rehearsal
rtf-parser.js:849 Rehearsal mode: Setting active line 15
lyrics-display.js:3243 Rehearsal line with index 15 not found
_activateLineInBlock @ lyrics-display.js:3243
rtf-parser.js:849 BlockLoopControl: Активный блок изменился
rtf-parser.js:849 BlockLoopControl: _createLoopButtonForCurrentBlock called
rtf-parser.js:849 BlockLoopControl: lyricsDisplay.currentActiveBlock: Object
rtf-parser.js:849 BlockLoopControl: lyricsDisplay.textBlocks: Array(11)
rtf-parser.js:849 BlockLoopControl: Создаем кнопку для активного блока репетиции: Block 3
rtf-parser.js:849 BlockLoopControl: _createLoopButton called for block: Block 3
rtf-parser.js:849 BlockLoopControl: blockElement found: true
rtf-parser.js:849 BlockLoopControl: Кнопка создана для блока: Block 3
rtf-parser.js:849 Key pressed: MetaLeft
rtf-parser.js:849 Key pressed: Meta, key code: 91, waveform active: false
rtf-parser.js:849 Key pressed: ShiftLeft
rtf-parser.js:849 Key pressed: Shift, key code: 16, waveform active: false
rtf-parser.js:849 LoopBlockManager: Shift key pressed, multiple selection mode active
rtf-parser.js:849 LoopBlockManager: Shift key released, multiple selection mode deactivated
rtf-parser.js:849 Rehearsal: Line changing from 15 to 16
rtf-parser.js:849 Splitting block "Block 2" (9 lines) into 2 parts with ~5 lines each
rtf-parser.js:849   Part 1: lines 0-4 (5 lines)
rtf-parser.js:849   Part 2: lines 5-8 (4 lines)
rtf-parser.js:849 Splitting block "Block 3" (10 lines) into 2 parts with ~5 lines each
rtf-parser.js:849   Part 1: lines 0-4 (5 lines)
rtf-parser.js:849   Part 2: lines 5-9 (5 lines)
rtf-parser.js:849 Splitting block "Block 5" (10 lines) into 2 parts with ~5 lines each
rtf-parser.js:849   Part 1: lines 0-4 (5 lines)
rtf-parser.js:849   Part 2: lines 5-9 (5 lines)
rtf-parser.js:849 Splitting block "Block 6" (10 lines) into 2 parts with ~5 lines each
rtf-parser.js:849   Part 1: lines 0-4 (5 lines)
rtf-parser.js:849   Part 2: lines 5-9 (5 lines)
rtf-parser.js:849 Splitting block "Block 10" (9 lines) into 2 parts with ~5 lines each
rtf-parser.js:849   Part 1: lines 0-4 (5 lines)
rtf-parser.js:849   Part 2: lines 5-8 (4 lines)
rtf-parser.js:849 Rehearsal: Current line 15 belongs to block: block-1750419822982-2-fn9tf10bgq-part-0 Array(5)
rtf-parser.js:849 Rehearsal: New line 16 belongs to block: block-1750419822982-2-fn9tf10bgq-part-0 Array(5)
rtf-parser.js:849 Rehearsal: Same block (block-1750419822982-2-fn9tf10bgq-part-0), updating active line from 15 to 16
rtf-parser.js:849 [SETACTIVE] Called with index 16. Current style: rehearsal
rtf-parser.js:849 Rehearsal mode: Setting active line 16
lyrics-display.js:3243 Rehearsal line with index 16 not found
_activateLineInBlock @ lyrics-display.js:3243
rtf-parser.js:849 BlockLoopControl: Активный блок изменился
rtf-parser.js:849 BlockLoopControl: _createLoopButtonForCurrentBlock called
rtf-parser.js:849 BlockLoopControl: lyricsDisplay.currentActiveBlock: Object
rtf-parser.js:849 BlockLoopControl: lyricsDisplay.textBlocks: Array(11)
rtf-parser.js:849 BlockLoopControl: Создаем кнопку для активного блока репетиции: Block 3
rtf-parser.js:849 BlockLoopControl: _createLoopButton called for block: Block 3
rtf-parser.js:849 BlockLoopControl: blockElement found: true
rtf-parser.js:849 BlockLoopControl: Кнопка создана для блока: Block 3
rtf-parser.js:849 Key pressed: Space
rtf-parser.js:849 Space bar pressed, toggling playback
rtf-parser.js:849 ⏸️ ИНСТРУМЕНТАЛ: Пауза
rtf-parser.js:849 ⏸️ ВОКАЛ: Пауза
rtf-parser.js:849 isPlaying property set to: false
rtf-parser.js:849 Key pressed:  , key code: 32, waveform active: false
rtf-parser.js:849 Key pressed: MetaLeft
rtf-parser.js:849 Key pressed: Meta, key code: 91, waveform active: false
rtf-parser.js:849 Key pressed: AltLeft
rtf-parser.js:849 Key pressed: Alt, key code: 18, waveform active: false
rtf-parser.js:849 Key pressed: KeyJ
rtf-parser.js:849 Key pressed: ∆, key code: 74, waveform active: false
