 🔧 DEBUG_CONFIG загружен. Используйте toggleDebugLogs(true) для включения логов
 📦 Utils module loaded
 StateManager initialized
 📦 StateManager module loaded
 🚀 AudioEngine (Hybrid Engine) - Гибридная архитектура восстановлена
 Space bar handler attached
 LyricsDisplay initialized
 RtfParserAdapter: Инициализация
 - EnhancedRtfProcessor доступен: true
 - Стандартный RtfParser доступен: true
 TrackCatalog initialized
 MarkerManager initialized
 WaveformEditor loaded
 🎨 Создаю кнопку выбора цвета, ColorService доступен: true
 🎨 ColorService найден, создаю схемы...
 🎨 Доступные схемы: 7
 WaveformEditor: Vocal audio data not available
_drawWaveformData @ waveform-editor.js:1479
 WaveformEditor initialized
 TrackCatalog: _finalizeUploadFromBlockEditor CALLED - should be obsolete now.
 BlockLoopControl: Класс загружен
 RTF Parser Integration: Инициализация интеграции улучшенного RTF-парсера (после определения объекта)
 RTF Parser Integration: Начало интеграции
 RTF Parser Integration: TrackCatalog уже использует RtfParserAdapter если он доступен
 RTF Parser Integration: Интеграция завершена успешно
 🎹 Инициализация клавиатуры...
 LiveFeed module loaded (placeholder)
 Загружено 3 треков из базы данных
 Проверка треков завершена успешно, проблем не обнаружено
 ✅ Pitchy библиотека загружена в beLive
 LiveMode: Автоматическая инициализация при загрузке документа
 LiveMode: Создание нового экземпляра
 LiveMode: Маски инициализированы без использования изображений
 LiveMode: getUserMedia поддерживается: true
 LiveMode: Безопасный контекст: true
 LiveMode: Определен localhost, разрешен HTTP
 LiveMode: Метод toggleStreaming не найден и не может быть привязан
(анонимная) @ live-mode.js:521
 LiveMode: Базовая инициализация завершена
 LiveMode: Предварительная инициализация камеры...
 LiveMode: экземпляр создан
 LiveFeed initialized
 DOM content loaded, waiting for components
 Application fully loaded, components initialized
 ✅ Pitchy готов для точной детекции
 🎹 Кнопка найдена
 🔗 Настройка интеграции для точной детекции...
 🎤 Статус для точной детекции: false
 🎯 КАЛИБРОВКА: A4 = 440.00Hz (должно быть 440.00Hz)
 🎹 Создано 48 клавиш для точной детекции
 🎹 Piano Keyboard инициализирован
 All components ready, initializing app...
 Initializing beLive App
 StateManager initialized
 StateManager component ready
 🎛️ ViewManager: Конструктор выполнен
 🔗 ViewManager: Инициализация с зависимостями
 ✅ ViewManager: Зависимости успешно подключены
 ViewManager component ready
 🎯 ViewManager: Инициализация обработчиков событий
 ✅ ViewManager: Обработчик кнопки аватара (основное приложение) подключен
 ✅ ViewManager: Обработчик кнопки аватара в Live Feed подключен
 ✅ ViewManager: Обработчик кнопки возврата подключен
 ✅ ViewManager: Обработчик кнопки beLIVE в Avatar Studio подключен
 🎵 ViewManager: Карусель треков инициализирована
 🎵 ViewManager: Карусель треков инициализирована
 🎯 ViewManager: Все обработчики событий готовы
 🎯 ViewManager event handlers initialized
 WordAlignerV2 not found, creating placeholder
App @ app.js:84
 LyricsDisplay: Setting style to Стандартный
 Rendering lyrics. Current style ID: default
 Applied style 'Стандартный'
 TextStyleManager: Проверка доступности LiveMode...
 TextStyleManager: Класс LiveMode найден, предварительная инициализация камеры...
 TextStyleManager: LiveMode уже инициализирован
 TextStyleManager initialized with 8 styles and 29 total transitions
 Text style manager initialized
 Initializing Microphone UI...
 Microphone UI initialized using existing DOM elements.
 LoopBlockManager: Checking audio initialization...
 LoopBlockManager: Audio buffer or context not available (check 0)
_checkAudioAndInitialize @ loopblock-manager.js:137
 LoopBlockManager: Initializing sync listeners
 LoopBlockManager: progressBarContainer found - width: 1050px, height: 10px, overflow: visible
 LoopBlockManager: progressBarContainer offsetWidth: 1050, offsetHeight: 10
 LoopBlockManager: progressBarContainer children: 3
 LoopBlockManager: Child 0: progress-bar-loaded, display: block, zIndex: 1
 LoopBlockManager: Child 1: progress-bar, display: block, zIndex: 2
 LoopBlockManager: Child 2: progress-tooltip, display: block, zIndex: 10
 LoopBlockManager initialized
 LoopBlockManager component ready
 [DragBoundary] Инициализирован с интерактивными линиями и предпоказом
 🎛️ BlockLoopControl initialized with seeking flag and seek buffer
 BlockLoopControl component ready
 🎭 MaskSystem: Инициализация продвинутой системы масок
 🎭 MaskSystem: Конструктор завершен
 🎭 MaskSystem создан
 🎭 MaskSystem component ready
 Initializing LoopBlock controls
 Audio not fully loaded yet, setting up delayed initialization
 🎭 MaskSystem: Обработчик кнопки подключен
 🚀 Инициализация Живой Ленты
 ✅ Живая Лента инициализирована
 🚀 Показываю Живую Ленту
 ✅ Живая Лента активирована
 beLive App initialized
 App initialized successfully
 🎭 MediaPipe: Начинаем загрузку библиотек...
 🎭 MediaPipe: Ожидание загрузки библиотек...
 🎭 MediaPipe: Все библиотеки загружены успешно
 🎭 MaskSystem: Официальный MediaPipe FaceMesh готов
 🏃 MaskSystem: MediaPipe Pose готов
 ✋ MaskSystem: MediaPipe Hands готов
 🤖 MaskSystem: MediaPipe Holistic готов
 🎨 MaskSystem: MediaPipe Selfie Segmentation готов
 🎭 MaskSystem: MediaPipe готов к использованию
 🎯 Background Effects Engine v2.0 инициализирован
 🔄 Инициализация Background Effects Engine...
 ✅ Background Effects Engine готов
 🎤 Запуск ТОЧНОГО анализа вокальной дорожки...
 🔊 Инициализация аудио для точной детекции...
 ✅ Используем audioEngine.audioContext
 ✅ Pitchy детектор готов для точной работы
 ✅ Подключен к ВОКАЛЬНОМУ узлу: GainNode
 ✅ ТОЧНЫЙ анализ запущен
 LiveMode: Запуск предварительной инициализации камеры
 LiveMode: Предварительная инициализация камеры...
 LoopBlockManager: Проверка доступности аудио (попытка 2/5)
 LiveMode: Доступ к камере получен при предварительной инициализации
 LiveMode: Получено 1 видеотреков. Активный: FaceTime HD Camera
 LiveMode: Предварительная инициализация камеры успешно завершена
 LoopBlockManager: Проверка доступности аудио (попытка 3/5)
 🎯 Начальная калибровка системы...
 🎯 ===== ЗАПУСК КАЛИБРОВОЧНЫХ ТЕСТОВ ПИТЧА =====
 📋 Тестируем расчет частот:
 ✅ C4: рассчитано=261.63Hz, ожидается=261.63Hz, ошибка=0.002%
 ✅ D4: рассчитано=293.66Hz, ожидается=293.66Hz, ошибка=0.002%
 ✅ E4: рассчитано=329.63Hz, ожидается=329.63Hz, ошибка=0.001%
 ✅ F4: рассчитано=349.23Hz, ожидается=349.23Hz, ошибка=0.001%
 ✅ G4: рассчитано=392.00Hz, ожидается=392Hz, ошибка=0.001%
 🎯 КАЛИБРОВКА: A4 = 440.00Hz (должно быть 440.00Hz)
 ✅ A4: рассчитано=440.00Hz, ожидается=440Hz, ошибка=0.000%
 ✅ B4: рассчитано=493.88Hz, ожидается=493.88Hz, ошибка=0.001%
 📋 Тестируем обратное преобразование:
 ✅ 261.63Hz → обнаружено="C4", ожидается="C4"
 ✅ 293.66Hz → обнаружено="D4", ожидается="D4"
 ✅ 329.63Hz → обнаружено="E4", ожидается="E4"
 ✅ 349.23Hz → обнаружено="F4", ожидается="F4"
 ✅ 392Hz → обнаружено="G4", ожидается="G4"
 ✅ 440Hz → обнаружено="A4", ожидается="A4"
 ✅ 493.88Hz → обнаружено="B4", ожидается="B4"
 📊 РЕЗУЛЬТАТЫ КАЛИБРОВКИ:
    Пройдено тестов: 14/14
    Процент успеха: 100.0%
    Средняя ошибка: 0.001%
 🎯 ✅ КАЛИБРОВКА ПИТЧА ПРОШЛА УСПЕШНО!
 🎯 ===== КАЛИБРОВОЧНЫЕ ТЕСТЫ ЗАВЕРШЕНЫ =====
 LiveMode: Доступ к камере получен при предварительной инициализации
 LiveMode: Получено 1 видеотреков. Активный: FaceTime HD Camera
 LiveMode: Предварительная инициализация камеры успешно завершена
 LiveMode: Предварительная инициализация камеры успешна
 🚀 Быстрый переход в режим: karaoke
 Switching to karaoke mode
 App: Сохраняем предыдущий режим: concert
 Activating karaoke mode
 Applying style: Караоке with scale 1.20
 TextStyleManager: Scaled font size from 1.4em to 1.68em
 LyricsDisplay: Setting style to Караоке
 [KARAOKE] DOM not found or empty in _renderLyrics, creating it.
 TextStyleManager: Scaled font size from 1.4em to 1.68em
 Applied style class to lyrics-container: style-karaoke
 Karaoke Background Manager: Starting slideshow...
 🚀 Скрываю Живую Ленту
 ✅ Возврат в классический зал
 🎨 _hideColorDropdown вызван
 ✅ Karaoke Background Manager: SUCCESSFULLY set background to Karaoke/pexels-amit-batra-3062797-4658541.jpg
 LoopBlockManager: Аудио не загружено после 5 попыток. Для работы функций зацикливания необходимо загрузить аудиофайл.
_checkAudioAgain @ loopblock-manager.js:219
 TrackCatalog: openCatalog() called
 TrackCatalog: catalogContainer exists: true
 TrackCatalog: catalogContainer classes before: hidden
 TrackCatalog: catalogContainer classes after: 
 TrackCatalog: Catalog should now be visible
 🎨 _hideColorDropdown вызван
 🔄 Loading track: "Linkin Park - When They Come For Me[-]"
 🔄 StateManager: Starting HARD RESET of all components
 1. Resetting AudioEngine...
 AudioEngine: Starting reset...
 isPlaying property set to: false
 ⏹️ ГИБРИД: Остановлен и сброшен
 🧹 СПРИНТЕР: Ресурсы очищены
 AudioEngine: Reset completed successfully
 ✅ AudioEngine reset complete
 2. Resetting LyricsDisplay...
 💥 LyricsDisplay: Performing full reset.
 ✅ LyricsDisplay: Full reset complete. All lyric data and DOM elements cleared.
 ✅ LyricsDisplay full reset complete
 3. Resetting TextStyleManager...
 💥 TextStyleManager: Full reset initiated.
 ✅ TextStyleManager: Reset complete. All states and caches cleared.
 ✅ TextStyleManager reset complete.
 🎉 StateManager: HARD RESET completed successfully
 ✅ All components ready for new track
 ⏱️ HARD_RESET_TIME: 17.297119140625 ms
 TrackCatalog: Set waveformEditor.lastLoadedFile to Linkin Park-When They Come for Me.rtf
 TrackCatalog: Set waveformEditor.currentTrackId to 1750901713330
 TrackCatalog: Found 15 blocks. Preparing them for rendering after audio load.
 LyricsDisplay: Loading 15 imported blocks.
 Block 0 loaded: id="block-1750937056634-0-hp9qrmub8ge", name="Block 1", lines=8
 Block 1 loaded: id="1", name="Block 2", lines=4
 Block 2 loaded: id="2", name="Block 3", lines=5
 Block 3 loaded: id="3", name="Block 4", lines=1
 Block 4 loaded: id="4", name="Block 5", lines=1
 Block 5 loaded: id="5", name="Block 6", lines=8
 Block 6 loaded: id="6", name="Block 7", lines=5
 Block 7 loaded: id="7", name="Block 8", lines=1
 Block 8 loaded: id="8", name="Block 9", lines=1
 Block 9 loaded: id="9", name="Block 10", lines=9
 Block 10 loaded: id="10", name="Block 11", lines=1
 Block 11 loaded: id="11", name="Block 12", lines=1
 Block 12 loaded: id="12", name="Block 13", lines=1
 Block 13 loaded: id="13", name="Block 14", lines=1
 Block 14 loaded: id="14", name="Block 15", lines=2
 LyricsDisplay: Skipping render as requested by shouldRender=false
 LyricsDisplay: Successfully loaded 15 blocks, total lyric lines: 49.
 LyricsDisplay: Updated marker colors after loading blocks
 ⏱️ LYRICS_PREPARE_TIME: 7.2158203125 ms
 ⏱️ BLOB_CREATION_TIME: 120.19677734375 ms
 🚀 ГИБРИД: Загрузка двойного потока
 isPlaying property set to: false
 ⏹️ ГИБРИД: Остановлен и сброшен
 🔧 БЕЗОПАСНЫЙ URL: Конвертируем blob:null в data URL: blob:null/85899884-3dac-4ace-a88c-7e3b25120a01...
 🎨 _hideColorDropdown вызван
 ✅ ИНСТРУМЕНТАЛ ГОТОВ! Длительность: 295.60с
 Audio ready detected via timer, initializing LoopBlockManager
 LoopBlockManager already initialized
 ✅ БЕЗОПАСНЫЙ URL: Создан data URL размером 58360130 байт
 🔧 БЕЗОПАСНЫЙ URL: Конвертируем blob:null в data URL: blob:null/784d5885-84a3-4864-8dac-65c184c301eb...
 ✅ БЕЗОПАСНЫЙ URL: Создан data URL размером 11826198 байт
 ⏱️ HYBRID_ENGINE_LOAD_TIME: 1329.048095703125 ms
 🎯 ГИБРИД: Рассинхронизация устранена!
 WaveformEditor: Vocal audio data not available
_drawWaveformData @ waveform-editor.js:1479
 🚀 Скрываю Живую Ленту
 ✅ Возврат в классический зал
 Applying style: Караоке with scale 1.20
 TextStyleManager: Scaled font size from 1.4em to 1.68em
 LyricsDisplay: Setting style to Караоке
 [KARAOKE] DOM not found or empty in _renderLyrics, creating it.
 TextStyleManager: Scaled font size from 1.4em to 1.68em
 ⏱️ AUDIO_LOAD_TIME: 1332.129150390625 ms
 Loading 49 markers for track Linkin Park - When They Come For Me[-]
 Validating 49 markers for 49 lyric lines
 Kept 49 valid markers out of 49
 WaveformEditor: Vocal audio data not available
_drawWaveformData @ waveform-editor.js:1479
 🚀 Скрываю Живую Ленту
 ✅ Возврат в классический зал
 Applying style: Караоке with scale 1.20
 TextStyleManager: Scaled font size from 1.4em to 1.68em
 LyricsDisplay: Setting style to Караоке
 TextStyleManager: Scaled font size from 1.4em to 1.68em
 🎵 АВТОПЛЕЙ: Запуск воспроизведения...
 ✅ Track "Linkin Park - When They Come For Me[-]" loaded successfully
 ✅ ВОКАЛ ГОТОВ! Длительность: 295.60с
 🎤 ВОКАЛ ПОДКЛЮЧЕН к аудио-контексту
 🎨 StateManager: Forcing text rerender in current mode
 🎤 Karaoke mode detected, should work correctly
 ⏱️ FINAL_RENDER_TIME: 109.761962890625 ms
 ⏱️ TOTAL_TRACK_LOAD_TIME: 1593.3359375 ms
 ▶️ ИНСТРУМЕНТАЛ: Воспроизведение начато
 🎤 ВОКАЛ: Синхронизирован и воспроизводится
 isPlaying property set to: true
 ✅ АВТОПЛЕЙ: Воспроизведение начато успешно
 🎨 _hideColorDropdown вызван
 APP: Создаем вокальный URL для синхронизации трека: Linkin Park - When They Come For Me[-]
 WaveformEditor: Starting high-fidelity audio load for sync: blob:null/cebed8a7-be18-4ece-9ac2-609700f95bd0
 🎨 _hideColorDropdown вызван
 WaveformEditor: High-fidelity audio loaded successfully. Duration: 295.60s
 APP: Аудио для WaveformEditor загружено, открываем редактор.
 Sync Editor: Stored original style "karaoke" and scale 1.2. Applying "default" editor style and 0.8 scale.
 Applying style: Стандартный with scale 1.00
 TextStyleManager: Scaled font size from 1.8em to 1.80em
 LyricsDisplay: Setting style to Стандартный
 Rendering lyrics. Current style ID: default
 Rendering standard line [0]: 'I am not a pattern to be followed'
 Rendering standard line [1]: 'The pill that I'm on is a tough one to swallow'
 Rendering standard line [2]: 'I'm not a criminal, not a role model'
 Rendering standard line [3]: 'Not a born leader I'm a tough act to follow'
 Rendering standard line [4]: 'I am not the fortune and the fame'
 Rendering standard line [5]: 'Nor the same person telling you to forfeit the game'
 Rendering standard line [6]: 'I came in the ring like a dog on a chain'
 Rendering standard line [7]: 'And I found out the underbelly's sicker than it seems'
 Rendering standard line [8]: 'And it seems ugly, but it can get worse'
 Rendering standard line [9]: 'use even a blueprint is a gift and a curse'
 Rendering standard line [10]: 'use once you got a theory of how the thing works'
 Rendering standard line [11]: 'Everybody wants the next thing to be just like the first'
 Rendering standard line [12]: 'And I'm not a robot'
 Rendering standard line [13]: 'I'm not a monkey'
 Rendering standard line [14]: 'I will not dance even if the beat's funky'
 Rendering standard line [15]: 'Opposite of lazy, far from a punk'
 Rendering standard line [16]: 'Ya'll ought to stop talking start trying to catch up motherfucker'
 Rendering standard line [17]: 'And all the people say'
 Rendering standard line [18]: 'Try to catch up motherfucker'
 Rendering standard line [19]: 'Lauryn said, money change a situation'
 Rendering standard line [20]: 'Big said, it increase the complication'
 Rendering standard line [21]: 'Kane said, don't step, I ain't the one'
 Rendering standard line [22]: 'Chuck said, that uzi weigh a motherfuckin' ton'
 Rendering standard line [23]: 'And I'm just a student of the game that they taught me'
 Rendering standard line [24]: 'Rockin' every stage in every place that it brought me'
 Rendering standard line [25]: 'I'm awfully underrated, but came here to correct it'
 Rendering standard line [26]: 'And so it ain't mistaken I'ma state it for the record'
 Rendering standard line [27]: 'I am the opposite of wack, opposite of weak'
 Rendering standard line [28]: 'Opposite of slack, synonym of heat'
 Rendering standard line [29]: 'Synonym of crack, closest to a peak'
 Rendering standard line [30]: 'Far from a punk'
 Rendering standard line [31]: 'Ya'll ought to stop talking, start trying to catch up motherfucker'
 Rendering standard line [32]: 'And all the people say'
 Rendering standard line [33]: 'Try to catch up motherfucker'
 Rendering standard line [34]: 'Oh, when they come for me'
 Rendering standard line [35]: 'Come for me'
 Rendering standard line [36]: 'I'll be gone'
 Rendering standard line [37]: 'Oh, when they come for me'
 Rendering standard line [38]: 'Come for me'
 Rendering standard line [39]: 'I'll be gone'
 Rendering standard line [40]: 'Oh, when they come for me'
 Rendering standard line [41]: 'Come for me'
 Rendering standard line [42]: 'I'll be gone'
 Rendering standard line [43]: 'And all the people say'
 Rendering standard line [44]: 'Try to catch up motherfucker'
 Rendering standard line [45]: 'And all the people say'
 Rendering standard line [46]: 'Try to catch up motherfucker'
 Rendering standard line [47]: 'Presten atenciуn todos'
 Rendering standard line [48]: 'Toda la gente preste atenciуn, escъchenme ahora mismo'
 TextStyleManager: Font scale for default set to 0.80
 Applying style: Стандартный with scale 0.80
 TextStyleManager: Scaled font size from 1.8em to 1.44em
 LyricsDisplay: Setting style to Стандартный
 Rendering lyrics. Current style ID: default
 Rendering standard line [0]: 'I am not a pattern to be followed'
 Rendering standard line [1]: 'The pill that I'm on is a tough one to swallow'
 Rendering standard line [2]: 'I'm not a criminal, not a role model'
 Rendering standard line [3]: 'Not a born leader I'm a tough act to follow'
 Rendering standard line [4]: 'I am not the fortune and the fame'
 Rendering standard line [5]: 'Nor the same person telling you to forfeit the game'
 Rendering standard line [6]: 'I came in the ring like a dog on a chain'
 Rendering standard line [7]: 'And I found out the underbelly's sicker than it seems'
 Rendering standard line [8]: 'And it seems ugly, but it can get worse'
 Rendering standard line [9]: 'use even a blueprint is a gift and a curse'
 Rendering standard line [10]: 'use once you got a theory of how the thing works'
 Rendering standard line [11]: 'Everybody wants the next thing to be just like the first'
 Rendering standard line [12]: 'And I'm not a robot'
 Rendering standard line [13]: 'I'm not a monkey'
 Rendering standard line [14]: 'I will not dance even if the beat's funky'
 Rendering standard line [15]: 'Opposite of lazy, far from a punk'
 Rendering standard line [16]: 'Ya'll ought to stop talking start trying to catch up motherfucker'
 Rendering standard line [17]: 'And all the people say'
 Rendering standard line [18]: 'Try to catch up motherfucker'
 Rendering standard line [19]: 'Lauryn said, money change a situation'
 Rendering standard line [20]: 'Big said, it increase the complication'
 Rendering standard line [21]: 'Kane said, don't step, I ain't the one'
 Rendering standard line [22]: 'Chuck said, that uzi weigh a motherfuckin' ton'
 Rendering standard line [23]: 'And I'm just a student of the game that they taught me'
 Rendering standard line [24]: 'Rockin' every stage in every place that it brought me'
 Rendering standard line [25]: 'I'm awfully underrated, but came here to correct it'
 Rendering standard line [26]: 'And so it ain't mistaken I'ma state it for the record'
 Rendering standard line [27]: 'I am the opposite of wack, opposite of weak'
 Rendering standard line [28]: 'Opposite of slack, synonym of heat'
 Rendering standard line [29]: 'Synonym of crack, closest to a peak'
 Rendering standard line [30]: 'Far from a punk'
 Rendering standard line [31]: 'Ya'll ought to stop talking, start trying to catch up motherfucker'
 Rendering standard line [32]: 'And all the people say'
 Rendering standard line [33]: 'Try to catch up motherfucker'
 Rendering standard line [34]: 'Oh, when they come for me'
 Rendering standard line [35]: 'Come for me'
 Rendering standard line [36]: 'I'll be gone'
 Rendering standard line [37]: 'Oh, when they come for me'
 Rendering standard line [38]: 'Come for me'
 Rendering standard line [39]: 'I'll be gone'
 Rendering standard line [40]: 'Oh, when they come for me'
 Rendering standard line [41]: 'Come for me'
 Rendering standard line [42]: 'I'll be gone'
 Rendering standard line [43]: 'And all the people say'
 Rendering standard line [44]: 'Try to catch up motherfucker'
 Rendering standard line [45]: 'And all the people say'
 Rendering standard line [46]: 'Try to catch up motherfucker'
 Rendering standard line [47]: 'Presten atenciуn todos'
 Rendering standard line [48]: 'Toda la gente preste atenciуn, escъchenme ahora mismo'
 WaveformEditor: Shown
 WaveformEditor: Audio data already loaded, skipping _loadAudioData
 WaveformEditor: _activateFirstUnmarkedLine called.
 WaveformEditor: Markers length: 49
 WaveformEditor: Total lyric lines from lyricsDisplay: 49
 [SETACTIVE] Called with index 0. Current style: default
 Sync Editor: Skipping standard scroll - using forced centering only
 Sync Editor: Positioned line 0 at TOP (teleprompter mode)
 LoopBlockManager: Sync editor opened event received
 WaveformEditor: Dispatched sync-editor-opened event Object
 Sync Editor: Positioned line 0 at TOP (teleprompter mode)
 🔄 WaveformEditor: Начинаем переключение на источник: instrumental
 WaveformEditor notification: Загружаем Инструментал...
 🔄 WaveformEditor: Загружаем аудио из URL: data:audio/flac;base64,ZkxhQwAAACISABIAACefAFrJCsR...
 📊 WaveformEditor: Обрабатываем data URL...
 🎨 _hideColorDropdown вызван
 Auto-scroll re-enabled after scroll event
 ✅ WaveformEditor: Data URL декодирован, длительность: 295.60с
 ✅ Data loaded for instrumental
 WaveformEditor notification: Переключено на Инструментал
 🔄 WaveformEditor: Начинаем переключение на источник: master
 WaveformEditor notification: Загружаем компоненты для Мастер-вида...
 ✅ WaveformEditor: Master view prepared with overlay waves
 ❌ WaveformEditor: Ошибка переключения на источник master: 
_switchWaveformSource @ waveform-editor.js:3037
 WaveformEditor notification: Ошибка загрузки Мастер
 🎨 _hideColorDropdown вызван
 Key pressed: MetaLeft
 Key pressed: Meta, key code: 91, waveform active: true
 Key pressed: ShiftLeft
 Key pressed: Shift, key code: 16, waveform active: true
 LoopBlockManager: Shift key pressed, multiple selection mode active
 LoopBlockManager: Shift key released, multiple selection mode deactivated
 🎨 Клик по кнопке выбора цвета
 🎨 _toggleColorDropdown вызван, colorDropdown: true
rtf-parser.js:849 🎨 Текущее состояние меню: скрыто
rtf-parser.js:849 🎨 Меню открыто
rtf-parser.js:849 🎨 Позиция меню: Object
rtf-parser.js:849 ✅ Октавный переход разрешен: 268.6Hz → 519.7Hz за 60мс (ratio: 1.94)
rtf-parser.js:849 ✅ Октавный переход разрешен: 401.8Hz → 75.3Hz за 58мс (ratio: 0.19)
rtf-parser.js:849 🔇 Глубокая тишина - очистка нот
rtf-parser.js:849 🛑 Принудительная остановка всех нот (deep_silence), активных: 1
rtf-parser.js:849 🔄 WaveformEditor: Начинаем переключение на источник: instrumental
rtf-parser.js:849 ✅ Using cached data for instrumental
rtf-parser.js:849 WaveformEditor notification: Переключено на Инструментал
rtf-parser.js:849 🎨 _hideColorDropdown вызван
rtf-parser.js:849 🎨 Клик по кнопке выбора цвета
rtf-parser.js:849 🎨 _toggleColorDropdown вызван, colorDropdown: true
rtf-parser.js:849 🎨 Текущее состояние меню: скрыто
rtf-parser.js:849 🎨 Меню открыто
rtf-parser.js:849 🎨 Позиция меню: Object
rtf-parser.js:849 🎨 Выбрана схема: Neon Cyber
rtf-parser.js:849 🎨 Цветовая схема обновлена: Neon Cyber
rtf-parser.js:849 🎨 Цветовая схема изменена на: Neon Cyber
rtf-parser.js:849 🎨 Цветовая схема обновлена: Neon Cyber
rtf-parser.js:849 🎨 _hideColorDropdown вызван
rtf-parser.js:849 🎨 Клик по кнопке выбора цвета
rtf-parser.js:849 🎨 _toggleColorDropdown вызван, colorDropdown: true
rtf-parser.js:849 🎨 Текущее состояние меню: скрыто
rtf-parser.js:849 🎨 Меню открыто
rtf-parser.js:849 🎨 Позиция меню: Object
rtf-parser.js:849 🎨 Выбрана схема: Sunset Vibes
rtf-parser.js:849 🎨 Цветовая схема обновлена: Sunset Vibes
rtf-parser.js:849 🎨 Цветовая схема изменена на: Sunset Vibes
rtf-parser.js:849 🎨 Цветовая схема обновлена: Sunset Vibes
rtf-parser.js:849 🎨 _hideColorDropdown вызван
rtf-parser.js:849 🔄 WaveformEditor: Начинаем переключение на источник: vocals
rtf-parser.js:849 ✅ Using cached data for vocals
rtf-parser.js:849 WaveformEditor notification: Переключено на Вокал
rtf-parser.js:849 🎨 _hideColorDropdown вызван
rtf-parser.js:849 🎨 Клик по кнопке выбора цвета
rtf-parser.js:849 🎨 _toggleColorDropdown вызван, colorDropdown: true
rtf-parser.js:849 🎨 Текущее состояние меню: скрыто
rtf-parser.js:849 🎨 Меню открыто
rtf-parser.js:849 🎨 Позиция меню: Object
rtf-parser.js:849 🎨 Выбрана схема: Ocean Deep
rtf-parser.js:849 🎨 Цветовая схема обновлена: Ocean Deep
rtf-parser.js:849 🎨 Цветовая схема изменена на: Ocean Deep
rtf-parser.js:849 🎨 Цветовая схема обновлена: Ocean Deep
rtf-parser.js:849 🎨 _hideColorDropdown вызван
rtf-parser.js:849 🎨 Клик по кнопке выбора цвета
rtf-parser.js:849 🎨 _toggleColorDropdown вызван, colorDropdown: true
rtf-parser.js:849 🎨 Текущее состояние меню: скрыто
rtf-parser.js:849 🎨 Меню открыто
rtf-parser.js:849 🎨 Позиция меню: Object
rtf-parser.js:849 🎨 Выбрана схема: Forest Fire
rtf-parser.js:849 🎨 Цветовая схема обновлена: Forest Fire
rtf-parser.js:849 🎨 Цветовая схема изменена на: Forest Fire
rtf-parser.js:849 🎨 Цветовая схема обновлена: Forest Fire
rtf-parser.js:849 🎨 _hideColorDropdown вызван
rtf-parser.js:849 🎨 Клик по кнопке выбора цвета
rtf-parser.js:849 🎨 _toggleColorDropdown вызван, colorDropdown: true
rtf-parser.js:849 🎨 Текущее состояние меню: скрыто
rtf-parser.js:849 🎨 Меню открыто
rtf-parser.js:849 🎨 Позиция меню: Object
rtf-parser.js:849 🔄 WaveformEditor: Начинаем переключение на источник: master
rtf-parser.js:849 WaveformEditor notification: Загружаем компоненты для Мастер-вида...
rtf-parser.js:849 ✅ WaveformEditor: Master view prepared with overlay waves
waveform-editor.js:3037 ❌ WaveformEditor: Ошибка переключения на источник master: SyntaxError: Failed to execute 'addColorStop' on 'CanvasGradient': The value provided ('rgba(65, 150, 255, NaN)') could not be parsed as a color.
    at WaveformEditor._drawSingleWaveform (waveform-editor.js:1516:18)
    at WaveformEditor._drawWaveformData (waveform-editor.js:1438:26)
    at WaveformEditor._drawWaveform (waveform-editor.js:1289:18)
    at WaveformEditor._switchWaveformSource (waveform-editor.js:3007:22)
    at HTMLButtonElement.<anonymous> (waveform-editor.js:515:28)
_switchWaveformSource @ waveform-editor.js:3037
rtf-parser.js:849 WaveformEditor notification: Ошибка загрузки Мастер
rtf-parser.js:849 🎨 _hideColorDropdown вызван
rtf-parser.js:849 Key pressed: Space
rtf-parser.js:849 Space bar pressed, toggling playback
rtf-parser.js:849 ⏸️ ИНСТРУМЕНТАЛ: Пауза
rtf-parser.js:849 ⏸️ ВОКАЛ: Пауза
rtf-parser.js:849 isPlaying property set to: false
rtf-parser.js:849 Key pressed:  , key code: 32, waveform active: true
rtf-parser.js:849 Key pressed: AltLeft
rtf-parser.js:849 Key pressed: Alt, key code: 18, waveform active: true
rtf-parser.js:849 Key pressed: MetaLeft
rtf-parser.js:849 Key pressed: Meta, key code: 91, waveform active: true
rtf-parser.js:849 Key pressed: KeyJ
rtf-parser.js:849 Key pressed: j, key code: 74, waveform active: true
waveform-editor.js:1516 Uncaught SyntaxError: Failed to execute 'addColorStop' on 'CanvasGradient': The value provided ('rgba(65, 150, 255, NaN)') could not be parsed as a color.
    at WaveformEditor._drawSingleWaveform (waveform-editor.js:1516:18)
    at WaveformEditor._drawWaveformData (waveform-editor.js:1438:26)
    at WaveformEditor._drawWaveform (waveform-editor.js:1289:18)
    at waveform-editor.js:1082:18
rtf-parser.js:849 ✅ Karaoke Background Manager: SUCCESSFULLY set background to Karaoke/yichen-wang-aBeTfQ65ycQ-unsplash.jpg
