 🔧 DEBUG_CONFIG загружен. Используйте toggleDebugLogs(true) для включения логов
 📦 Utils module loaded
 StateManager initialized
 📦 StateManager module loaded
 🚀 AudioEngine (Hybrid Engine) - Гибридная архитектура восстановлена
 Space bar handler attached
 LyricsDisplay initialized
 RtfParserAdapter: Инициализация
 - EnhancedRtfProcessor доступен: true
 - Стандартный RtfParser доступен: true
 TrackCatalog initialized
 MarkerManager initialized
 WaveformEditor loaded
 WaveformEditor initialized
 BlockLoopControl: Класс загружен
 RTF Parser Integration: Инициализация интеграции улучшенного RTF-парсера (после определения объекта)
 RTF Parser Integration: Начало интеграции
 RTF Parser Integration: TrackCatalog уже использует RtfParserAdapter если он доступен
 RTF Parser Integration: Интеграция завершена успешно
 🎹 Инициализация клавиатуры...
 LiveFeed module loaded (placeholder)
 TrackCatalog: _finalizeUploadFromBlockEditor CALLED - should be obsolete now.
 Загружено 5 треков из базы данных
 Проверка треков завершена успешно, проблем не обнаружено
 ✅ Pitchy библиотека загружена в beLive
 LiveMode: Автоматическая инициализация при загрузке документа
 LiveMode: Создание нового экземпляра
 LiveMode: Маски инициализированы без использования изображений
 LiveMode: getUserMedia поддерживается: true
 LiveMode: Безопасный контекст: true
 LiveMode: Определен localhost, разрешен HTTP
 LiveMode: Метод toggleStreaming не найден и не может быть привязан
(анонимная) @ live-mode.js:521
 LiveMode: Базовая инициализация завершена
 LiveMode: Предварительная инициализация камеры...
 LiveMode: экземпляр создан
 LiveFeed initialized
 DOM content loaded, waiting for components
 Application fully loaded, components initialized
 ✅ Pitchy готов для точной детекции
 🎹 Кнопка найдена
 🔗 Настройка интеграции для точной детекции...
 🎤 Статус для точной детекции: false
 🎯 КАЛИБРОВКА: A4 = 440.00Hz (должно быть 440.00Hz)
 🎹 Создано 48 клавиш для точной детекции
 🎹 Piano Keyboard инициализирован
 All components ready, initializing app...
 Initializing beLive App
 WordAlignerV2 not found, creating placeholder
App @ app.js:53
 LyricsDisplay: Setting style to Стандартный
 Rendering lyrics. Current style ID: default
 Applied style 'Стандартный'
 TextStyleManager: Проверка доступности LiveMode...
 TextStyleManager: Класс LiveMode найден, предварительная инициализация камеры...
 TextStyleManager: LiveMode уже инициализирован
 TextStyleManager initialized with 8 styles and 29 total transitions
 Text style manager initialized
 Initializing Microphone UI...
 Microphone UI initialized using existing DOM elements.
 LoopBlockManager: Checking audio initialization...
 LoopBlockManager: Audio buffer or context not available (check 0)
_checkAudioAndInitialize @ loopblock-manager.js:137
 LoopBlockManager: Initializing sync listeners
 LoopBlockManager: progressBarContainer found - width: 1050px, height: 10px, overflow: visible
 LoopBlockManager: progressBarContainer offsetWidth: 1050, offsetHeight: 10
 LoopBlockManager: progressBarContainer children: 3
 LoopBlockManager: Child 0: progress-bar-loaded, display: block, zIndex: 1
 LoopBlockManager: Child 1: progress-bar, display: block, zIndex: 2
 LoopBlockManager: Child 2: progress-tooltip, display: block, zIndex: 10
 LoopBlockManager initialized
 LoopBlockManager component ready
 BlockLoopControl: Инициализирован
 BlockLoopControl component ready
 🎭 MaskSystem: Инициализация продвинутой системы масок
 🎭 MaskSystem: Конструктор завершен
 🎭 MaskSystem создан
 🎭 MaskSystem component ready
 Initializing LoopBlock controls
 Audio not fully loaded yet, setting up delayed initialization
 🎭 MaskSystem: Обработчик кнопки подключен
 🚀 Инициализация Живой Ленты
 ✅ Живая Лента инициализирована
 🚀 Показываю Живую Ленту
 ✅ Живая Лента активирована
 beLive App initialized
 App initialized successfully
 🎭 MediaPipe: Начинаем загрузку библиотек...
 🎭 MediaPipe: Ожидание загрузки библиотек...
 🎭 MediaPipe: Все библиотеки загружены успешно
 🎭 MaskSystem: Официальный MediaPipe FaceMesh готов
 🏃 MaskSystem: MediaPipe Pose готов
 ✋ MaskSystem: MediaPipe Hands готов
 🤖 MaskSystem: MediaPipe Holistic готов
 🎨 MaskSystem: MediaPipe Selfie Segmentation готов
 🎭 MaskSystem: MediaPipe готов к использованию
 🎯 Background Effects Engine v2.0 инициализирован
 🔄 Инициализация Background Effects Engine...
 ✅ Background Effects Engine готов
 🎤 Запуск ТОЧНОГО анализа вокальной дорожки...
 🔊 Инициализация аудио для точной детекции...
 ✅ Используем audioEngine.audioContext
 ✅ Pitchy детектор готов для точной работы
 ✅ Подключен к ВОКАЛЬНОМУ узлу: GainNode
 ✅ ТОЧНЫЙ анализ запущен
 LiveMode: Запуск предварительной инициализации камеры
 LiveMode: Предварительная инициализация камеры...
 LoopBlockManager: Проверка доступности аудио (попытка 2/5)
 LoopBlockManager: Проверка доступности аудио (попытка 3/5)
 🎯 Начальная калибровка системы...
 🎯 ===== ЗАПУСК КАЛИБРОВОЧНЫХ ТЕСТОВ ПИТЧА =====
 📋 Тестируем расчет частот:
 ✅ C4: рассчитано=261.63Hz, ожидается=261.63Hz, ошибка=0.002%
 ✅ D4: рассчитано=293.66Hz, ожидается=293.66Hz, ошибка=0.002%
 ✅ E4: рассчитано=329.63Hz, ожидается=329.63Hz, ошибка=0.001%
 ✅ F4: рассчитано=349.23Hz, ожидается=349.23Hz, ошибка=0.001%
 ✅ G4: рассчитано=392.00Hz, ожидается=392Hz, ошибка=0.001%
 🎯 КАЛИБРОВКА: A4 = 440.00Hz (должно быть 440.00Hz)
 ✅ A4: рассчитано=440.00Hz, ожидается=440Hz, ошибка=0.000%
 ✅ B4: рассчитано=493.88Hz, ожидается=493.88Hz, ошибка=0.001%
 📋 Тестируем обратное преобразование:
 ✅ 261.63Hz → обнаружено="C4", ожидается="C4"
 ✅ 293.66Hz → обнаружено="D4", ожидается="D4"
 ✅ 329.63Hz → обнаружено="E4", ожидается="E4"
 ✅ 349.23Hz → обнаружено="F4", ожидается="F4"
 ✅ 392Hz → обнаружено="G4", ожидается="G4"
 ✅ 440Hz → обнаружено="A4", ожидается="A4"
 ✅ 493.88Hz → обнаружено="B4", ожидается="B4"
 📊 РЕЗУЛЬТАТЫ КАЛИБРОВКИ:
    Пройдено тестов: 14/14
    Процент успеха: 100.0%
    Средняя ошибка: 0.001%
 🎯 ✅ КАЛИБРОВКА ПИТЧА ПРОШЛА УСПЕШНО!
 🎯 ===== КАЛИБРОВОЧНЫЕ ТЕСТЫ ЗАВЕРШЕНЫ =====
 LiveMode: Доступ к камере получен при предварительной инициализации
 LiveMode: Получено 1 видеотреков. Активный: FaceTime HD Camera
 LiveMode: Предварительная инициализация камеры успешно завершена
 LiveMode: Доступ к камере получен при предварительной инициализации
 LiveMode: Получено 1 видеотреков. Активный: FaceTime HD Camera
 LiveMode: Предварительная инициализация камеры успешно завершена
 LiveMode: Предварительная инициализация камеры успешна
 🚀 Быстрый переход в режим: karaoke
 Switching to karaoke mode
 App: Сохраняем предыдущий режим: concert
 Activating karaoke mode
 Karaoke Background Manager: Starting slideshow...
 Applying style: Караоке with scale 1.20
 TextStyleManager: Scaled font size from 1.4em to 1.68em
 LyricsDisplay: Setting style to Караоке
 [KARAOKE] DOM not found or empty in _renderLyrics, creating it.
 TextStyleManager: Scaled font size from 1.4em to 1.68em
 Applied style class to lyrics-container: style-karaoke
 🚀 Скрываю Живую Ленту
 ✅ Возврат в классический зал
 ✅ Karaoke Background Manager: SUCCESSFULLY set background to Karaoke/pexels-suvan-chowdhury-37305-144429.jpg
 LoopBlockManager: Аудио не загружено после 5 попыток. Для работы функций зацикливания необходимо загрузить аудиофайл.
_checkAudioAgain @ loopblock-manager.js:219
 TrackCatalog: openCatalog() called
 TrackCatalog: catalogContainer exists: true
 TrackCatalog: catalogContainer classes before: hidden
 TrackCatalog: catalogContainer classes after: 
 TrackCatalog: Catalog should now be visible
 🔄 Loading track: "Linkin Park-With You [-]"
 🔄 StateManager: Starting HARD RESET of all components
 1. Resetting AudioEngine...
 AudioEngine: Starting reset...
 isPlaying property set to: false
 ⏹️ ГИБРИД: Остановлен и сброшен
 🧹 СПРИНТЕР: Ресурсы очищены
 AudioEngine: Reset completed successfully
 ✅ AudioEngine reset complete
 2. Resetting LyricsDisplay...
 💥 LyricsDisplay: Performing full reset.
 ✅ LyricsDisplay: Full reset complete. All lyric data and DOM elements cleared.
 ✅ LyricsDisplay full reset complete
 3. Resetting TextStyleManager...
 💥 TextStyleManager: Full reset initiated.
 ✅ TextStyleManager: Reset complete. All states and caches cleared.
 ✅ TextStyleManager reset complete.
 🎉 StateManager: HARD RESET completed successfully
 ✅ All components ready for new track
 ⏱️ HARD_RESET_TIME: 1.0419921875 ms
 TrackCatalog: Set waveformEditor.lastLoadedFile to Linkin Park - With You.rtf
 TrackCatalog: Set waveformEditor.currentTrackId to 1750326094019
 TrackCatalog: Found 8 blocks. Preparing them for rendering after audio load.
 LyricsDisplay: Loading 8 imported blocks.
 Block 0 loaded: id="block-1750410565106-0-r57h852bw5", name="Block 1", lines=8
 Block 1 loaded: id="1", name="Block 2", lines=6
 Block 2 loaded: id="2", name="Block 3", lines=5
 Block 3 loaded: id="3", name="Block 4", lines=8
 Block 4 loaded: id="4", name="Block 5", lines=6
 Block 5 loaded: id="5", name="Block 6", lines=10
 Block 6 loaded: id="6", name="Block 7", lines=4
 Block 7 loaded: id="7", name="Block 8", lines=10
 LyricsDisplay: Skipping render as requested by shouldRender=false
 LyricsDisplay: Successfully loaded 8 blocks, total lyric lines: 57.
 LyricsDisplay: Updated marker colors after loading blocks
 ⏱️ LYRICS_PREPARE_TIME: 1.087890625 ms
 ⏱️ BLOB_CREATION_TIME: 22.5478515625 ms
 🚀 ГИБРИД: Загрузка двойного потока
 isPlaying property set to: false
 ⏹️ ГИБРИД: Остановлен и сброшен
 🎚️ МАСТЕР: Создание микшированной дорожки...
 🎚️ МАСТЕР: Инструментал URL: blob:null/b53da382-8cba-435c-93e1-6292edf40591...
 🎚️ МАСТЕР: Вокал URL: blob:null/7a39e216-61ab-4c02-a641-3a05f41ba93b...
 🎚️ МАСТЕР: Загружаем аудиофайлы...
 🎚️ МАСТЕР: Конвертируем в ArrayBuffer...
 ✅ ИНСТРУМЕНТАЛ ГОТОВ! Длительность: 203.29с
 ⏱️ HYBRID_ENGINE_LOAD_TIME: 95.64697265625 ms
 🎯 ГИБРИД: Рассинхронизация устранена!
 🚀 Скрываю Живую Ленту
 ✅ Возврат в классический зал
 Applying style: Караоке with scale 1.20
 TextStyleManager: Scaled font size from 1.4em to 1.68em
 LyricsDisplay: Setting style to Караоке
 [KARAOKE] DOM not found or empty in _renderLyrics, creating it.
 TextStyleManager: Scaled font size from 1.4em to 1.68em
 Track loaded event detected, initializing LoopBlockManager CustomEvent
 LoopBlockManager already initialized
 ⏱️ AUDIO_LOAD_TIME: 101.615966796875 ms
 Loading 57 markers for track Linkin Park-With You [-]
 Validating 57 markers for 57 lyric lines
 Kept 57 valid markers out of 57
 🚀 Скрываю Живую Ленту
 ✅ Возврат в классический зал
 Applying style: Караоке with scale 1.20
 TextStyleManager: Scaled font size from 1.4em to 1.68em
 LyricsDisplay: Setting style to Караоке
 TextStyleManager: Scaled font size from 1.4em to 1.68em
 Track loaded event detected, initializing LoopBlockManager CustomEvent
 LoopBlockManager already initialized
 🎵 АВТОПЛЕЙ: Запуск воспроизведения...
 ✅ Track "Linkin Park-With You [-]" loaded successfully
 🎚️ МАСТЕР: Инструментал размер: 8134574 байт
 🎚️ МАСТЕР: Вокал размер: 8134574 байт
 🎚️ МАСТЕР: Декодируем аудиоданные...
 ✅ ВОКАЛ ГОТОВ! Длительность: 203.29с
 🎤 ВОКАЛ ПОДКЛЮЧЕН к аудио-контексту
 🎨 StateManager: Forcing text rerender in current mode
 🎤 Karaoke mode detected, should work correctly
 ⏱️ FINAL_RENDER_TIME: 112.572998046875 ms
 ⏱️ TOTAL_TRACK_LOAD_TIME: 241.8779296875 ms
 Audio ready detected via timer, initializing LoopBlockManager
 LoopBlockManager already initialized
 ▶️ ИНСТРУМЕНТАЛ: Воспроизведение начато
 🎤 ВОКАЛ: Синхронизирован и воспроизводится
 isPlaying property set to: true
 ✅ АВТОПЛЕЙ: Воспроизведение начато успешно
 ✅ Октавный переход разрешен: 244.0Hz → 497.4Hz за 165мс (ratio: 2.04)
 🔇 Глубокая тишина - очистка нот
 🛑 Принудительная остановка всех нот (deep_silence), активных: 1
 Switching to rehearsal mode
 App: Сохраняем предыдущий режим: karaoke
 Activating rehearsal mode
 Karaoke Background Manager: Stopping slideshow...
 Applying style: Репетиция with scale 1.00
 LyricsDisplay: Setting style to Репетиция
 Activating Rehearsal Display with blocks: Array(8)
 Rendering lyrics. Current style ID: rehearsal
 Splitting block "Block 6" (10 lines) into 2 parts with ~5 lines each
   Part 1: lines 0-4 (5 lines)
   Part 2: lines 5-9 (5 lines)
 Splitting block "Block 8" (10 lines) into 2 parts with ~5 lines each
   Part 1: lines 0-4 (5 lines)
   Part 2: lines 5-9 (5 lines)
 Rehearsal: Current line: 0, Total blocks: 10
 Rehearsal: DETAILED Block structure:
   Block 0 (block-1750410565106-0-r57h852bw5): name="Block 1", lines=[0,1,2,3,4,5,6,7]
     Content preview: "I woke up in a dream today
To the cold of the static and put my cold feet on the floor
Forgot all ab"
       Line 0: "I woke up in a dream today"
       Line 1: "To the cold of the static and put my cold feet on the floor"
       Line 2: "Forgot all about yesterday"
       Line 3: "Remembering I'm pretending to be where I'm not anymore"
       Line 4: "A little taste of hypocrisy"
       Line 5: "And I'm left in the wake of the mistake, slow to react"
       Line 6: "Even though you're so close to me"
       Line 7: "You're still so distant and I can't bring you back"
   Block 1 (1): name="Block 2", lines=[8,9,10,11,12,13]
     Content preview: "It's true
The way I feel
Was promised by your face"
       Line 8: "It's true"
       Line 9: "The way I feel"
       Line 10: "Was promised by your face"
       Line 11: "The sound of your voice"
       Line 12: "Painted on my memories"
       Line 13: "Even if you're not with me"
   Block 2 (2): name="Block 3", lines=[14,15,16,17,18]
     Content preview: "I'm with you
You now I see
Keeping everything inside (with you)"
       Line 14: "I'm with you"
       Line 15: "You now I see"
       Line 16: "Keeping everything inside (with you)"
       Line 17: "You now I see"
       Line 18: "Even when I close my eyes"
   Block 3 (3): name="Block 4", lines=[19,20,21,22,23,24,25,26]
     Content preview: "I hit you and you hit me back
We fall to the floor, the rest of the day stands still
Fine line betwe"
       Line 19: "I hit you and you hit me back"
       Line 20: "We fall to the floor, the rest of the day stands still"
       Line 21: "Fine line between this and that"
       Line 22: "When things go wrong I pretend that the past isn't real"
       Line 23: "Now I'm trapped in this memory"
       Line 24: "And I'm left in the wake of the mistake, slow to react"
       Line 25: "So even though you're close to me"
       Line 26: "You're still so distant and I can't bring you back"
   Block 4 (4): name="Block 5", lines=[27,28,29,30,31,32]
     Content preview: "It's true
The way I feel
Was promised by your face"
       Line 27: "It's true"
       Line 28: "The way I feel"
       Line 29: "Was promised by your face"
       Line 30: "The sound of your voice"
       Line 31: "Painted on my memories"
       Line 32: "Even if you're not with me"
   Block 5 (5-part-0): name="Block 6", lines=[33,34,35,36,37]
     Content preview: "I'm with you
You now I see
Keeping everything inside (with you)"
       Line 33: "I'm with you"
       Line 34: "You now I see"
       Line 35: "Keeping everything inside (with you)"
       Line 36: "You now I see"
       Line 37: "Even when I close my eyes"
   Block 6 (5-part-1): name="Block 6 (продолжение 2)", lines=[38,39,40,41,42]
     Content preview: "I'm with you
You now I see
Keeping everything inside (with you)"
       Line 38: "I'm with you"
       Line 39: "You now I see"
       Line 40: "Keeping everything inside (with you)"
       Line 41: "You now I see"
rtf-parser.js:849       Line 42: "Even when I close my eyes"
rtf-parser.js:849   Block 7 (6): name="Block 7", lines=[43,44,45,46]
rtf-parser.js:849     Content preview: "No, no matter how far we've come
I can't wait to see tomorrow
No matter how far we've come I"
rtf-parser.js:849       Line 43: "No, no matter how far we've come"
rtf-parser.js:849       Line 44: "I can't wait to see tomorrow"
rtf-parser.js:849       Line 45: "No matter how far we've come I"
rtf-parser.js:849       Line 46: "I can't wait to see tomorrow"
rtf-parser.js:849   Block 8 (7-part-0): name="Block 8", lines=[47,48,49,50,51]
rtf-parser.js:849     Content preview: "With you
You now I see
Keeping everything inside (with you)"
rtf-parser.js:849       Line 47: "With you"
rtf-parser.js:849       Line 48: "You now I see"
rtf-parser.js:849       Line 49: "Keeping everything inside (with you)"
rtf-parser.js:849       Line 50: "You now I see"
rtf-parser.js:849       Line 51: "Even when I close my eyes"
rtf-parser.js:849   Block 9 (7-part-1): name="Block 8 (продолжение 2)", lines=[52,53,54,55,56]
rtf-parser.js:849     Content preview: "With you
You now I see
Keeping everything inside (with you)"
rtf-parser.js:849       Line 52: "With you"
rtf-parser.js:849       Line 53: "You now I see"
rtf-parser.js:849       Line 54: "Keeping everything inside (with you)"
rtf-parser.js:849       Line 55: "You now I see"
rtf-parser.js:849       Line 56: "Even when I close my eyes"
rtf-parser.js:849 Rehearsal: Looking for block containing line 0
rtf-parser.js:849   Checking block 0: lineIndices=[0,1,2,3,4,5,6,7]
rtf-parser.js:849   ✓ Found! Block 0 contains line 0
rtf-parser.js:849 Rehearsal: Found active block at index 0 with lines: Array(8)
rtf-parser.js:849 Rehearsal: Active block 0: Object
rtf-parser.js:849 >>> FONT_CALC_DEBUG >>> Lines: 8, FontSize: 2.10rem, LineHeight: 2.72rem
rtf-parser.js:849 Rehearsal: Activated line 0 in block with transition: none
rtf-parser.js:849 Rehearsal: Next block preview for block 1: Object
rtf-parser.js:849 Rehearsal: Preview lines: Array(2)
rtf-parser.js:849 Rehearsal: Adding preview line 8: "It's true"
rtf-parser.js:849 Rehearsal: Adding preview line 9: "The way I feel"
rtf-parser.js:849 Rehearsal: Preview container added with 2 lines
rtf-parser.js:849 Rehearsal mode: Rendered active block 0 with next block preview
rtf-parser.js:849 BlockLoopControl: Активирован
rtf-parser.js:849 BlockLoopControl: _createLoopButtonForCurrentBlock called
rtf-parser.js:849 BlockLoopControl: lyricsDisplay.currentActiveBlock: Object
rtf-parser.js:849 BlockLoopControl: lyricsDisplay.textBlocks: Array(8)
rtf-parser.js:849 BlockLoopControl: Создаем кнопку для активного блока репетиции: Block 1
rtf-parser.js:849 BlockLoopControl: _createLoopButton called for block: Block 1
rtf-parser.js:849 BlockLoopControl: blockElement found: true
rtf-parser.js:849 BlockLoopControl: Кнопка создана для блока: Block 1
rtf-parser.js:849 🚀 Скрываю Живую Ленту
rtf-parser.js:849 ✅ Возврат в классический зал
rtf-parser.js:849 Rehearsal: Auto-scrolling to active line in large block
rtf-parser.js:849 🎚️ МАСТЕР: Инструментал - каналов: 2, длина: 8964911, частота: 44100Hz
rtf-parser.js:849 🎚️ МАСТЕР: Вокал - каналов: 2, длина: 8964911, частота: 44100Hz
rtf-parser.js:849 🎚️ МАСТЕР: Создан буфер - каналов: 2, длина: 8964911
rtf-parser.js:849 🎚️ МАСТЕР: Начинаем микширование каналов...
rtf-parser.js:849 🎚️ МАСТЕР: Микширование завершено, конвертируем в blob...
rtf-parser.js:849 🎚️ МАСТЕР: Микшированная дорожка создана! URL: blob:null/c7ce458a-162f-4870-ab72-3a075408206c...
rtf-parser.js:849 🎚️ МАСТЕР: Размер blob: 35859688 байт
rtf-parser.js:849 🎚️ МАСТЕР: Обновляем URL после создания микшированной дорожки
rtf-parser.js:849 🎚️ МАСТЕР URL обновлен: blob:null/c7ce458a-162f-4870-ab72-3a075408206c...
rtf-parser.js:849 Key pressed: ShiftLeft
rtf-parser.js:849 Key pressed: Shift, key code: 16, waveform active: false
rtf-parser.js:849 LoopBlockManager: Shift key pressed, multiple selection mode active
rtf-parser.js:849 Key pressed: MetaLeft
rtf-parser.js:849 Key pressed: Meta, key code: 91, waveform active: false
rtf-parser.js:849 🔇 Глубокая тишина - очистка нот
rtf-parser.js:849 🛑 Принудительная остановка всех нот (deep_silence), активных: 1
rtf-parser.js:849 🚫 Блокирована очевидная гармоника: 404.7Hz (1.99x от 203.8Hz, ясность: 89.9%)
rtf-parser.js:849 🚫 Блокирована очевидная гармоника: 405.9Hz (1.99x от 203.8Hz, ясность: 85.6%)
rtf-parser.js:849 LoopBlockManager: Shift key released, multiple selection mode deactivated
rtf-parser.js:849 🔇 Глубокая тишина - очистка нот
rtf-parser.js:849 🛑 Принудительная остановка всех нот (deep_silence), активных: 1
rtf-parser.js:849 Key pressed: Space
rtf-parser.js:849 Space bar pressed, toggling playback
rtf-parser.js:849 ⏸️ ИНСТРУМЕНТАЛ: Пауза
rtf-parser.js:849 ⏸️ ВОКАЛ: Пауза
rtf-parser.js:849 isPlaying property set to: false
rtf-parser.js:849 Key pressed:  , key code: 32, waveform active: false
rtf-parser.js:849 🔍 Статический анализ: 284.5Hz (50.8%)
rtf-parser.js:849 Key pressed: MetaLeft
rtf-parser.js:849 Key pressed: Meta, key code: 91, waveform active: false
rtf-parser.js:849 Key pressed: AltLeft
rtf-parser.js:849 Key pressed: Alt, key code: 18, waveform active: false
rtf-parser.js:849 Key pressed: KeyJ
rtf-parser.js:849 Key pressed: j, key code: 74, waveform active: false
