css/block-mode.css:1  Failed to load resource: net::ERR_FILE_NOT_FOUND
css/karaoke-mode.css:1  Failed to load resource: net::ERR_FILE_NOT_FOUND
 ✅ Track "Eminem feat. Rihanna-Love The Way You Lie [-]" loaded successfully
 ✅ ВОКАЛ ГОТОВ! Длительность: 263.39с
 🎤 ВОКАЛ ПОДКЛЮЧЕН к аудио-контексту
 🎚️ МАСТЕР: Инструментал размер: 10538885 байт
 🎚️ МАСТЕР: Вокал размер: 10538885 байт
 🎚️ МАСТЕР: Декодируем аудиоданные...
 🎨 StateManager: Forcing text rerender in current mode
 🎤 Karaoke mode detected, should work correctly
 ⏱️ FINAL_RENDER_TIME: 166.8369140625 ms
 ⏱️ TOTAL_TRACK_LOAD_TIME: 416.657958984375 ms
 ▶️ ИНСТРУМЕНТАЛ: Воспроизведение начато
 🎤 ВОКАЛ: Синхронизирован и воспроизводится
 isPlaying property set to: true
 ✅ АВТОПЛЕЙ: Воспроизведение начато успешно
 Audio ready detected via timer, initializing LoopBlockManager
 LoopBlockManager already initialized
 Switching to rehearsal mode
 App: Сохраняем предыдущий режим: karaoke
 Activating rehearsal mode
 Karaoke Background Manager: Stopping slideshow...
 Applying style: Репетиция with scale 1.00
 LyricsDisplay: Setting style to Репетиция
 Activating Rehearsal Display with blocks: Array(11)
 Rendering lyrics. Current style ID: rehearsal
 Splitting block "Block 2" (9 lines) into 2 parts with ~5 lines each
   Part 1: lines 0-4 (5 lines)
   Part 2: lines 5-8 (4 lines)
 Splitting block "Block 3" (10 lines) into 2 parts with ~5 lines each
   Part 1: lines 0-4 (5 lines)
   Part 2: lines 5-9 (5 lines)
 Splitting block "Block 5" (10 lines) into 2 parts with ~5 lines each
   Part 1: lines 0-4 (5 lines)
   Part 2: lines 5-9 (5 lines)
 Splitting block "Block 6" (10 lines) into 2 parts with ~5 lines each
   Part 1: lines 0-4 (5 lines)
   Part 2: lines 5-9 (5 lines)
 Splitting block "Block 10" (9 lines) into 2 parts with ~5 lines each
   Part 1: lines 0-4 (5 lines)
   Part 2: lines 5-8 (4 lines)
 >>> FONT_CALC_DEBUG >>> Lines: 5, FontSize: 2.66rem, LineHeight: 3.23rem
 BlockLoopControl: Активирован
 BlockLoopControl: _createLoopButtonForCurrentBlock called
 BlockLoopControl: lyricsDisplay.currentActiveBlock: Object
 BlockLoopControl: lyricsDisplay.textBlocks: Array(11)
 BlockLoopControl: Создаем кнопку для активного блока репетиции: Block 1
 BlockLoopControl: _createLoopButton called for block: Block 1
 BlockLoopControl: blockElement found: true
 BlockLoopControl: Кнопка создана для блока: Block 1
 🚀 Скрываю Живую Ленту
 ✅ Возврат в классический зал
 🔇 Глубокая тишина - очистка нот
 🛑 Принудительная остановка всех нот (deep_silence), активных: 1
 ⏰ СИНХРО: Позиция установлена 47.16с
 Rehearsal: Line changing from 0 to 13
 Splitting block "Block 2" (9 lines) into 2 parts with ~5 lines each
   Part 1: lines 0-4 (5 lines)
   Part 2: lines 5-8 (4 lines)
 Splitting block "Block 3" (10 lines) into 2 parts with ~5 lines each
   Part 1: lines 0-4 (5 lines)
   Part 2: lines 5-9 (5 lines)
 Splitting block "Block 5" (10 lines) into 2 parts with ~5 lines each
   Part 1: lines 0-4 (5 lines)
   Part 2: lines 5-9 (5 lines)
 Splitting block "Block 6" (10 lines) into 2 parts with ~5 lines each
   Part 1: lines 0-4 (5 lines)
   Part 2: lines 5-9 (5 lines)
 Splitting block "Block 10" (9 lines) into 2 parts with ~5 lines each
   Part 1: lines 0-4 (5 lines)
   Part 2: lines 5-8 (4 lines)
 Rehearsal: Current line 0 belongs to block: block-1750420566248-0-dnmtv7xv37c Array(5)
 Rehearsal: New line 13 belongs to block: block-1750420566248-1-cbzr3h53zqb-part-1 Array(4)
 Rehearsal: *** BLOCK CHANGED *** from block-1750420566248-0-dnmtv7xv37c to block-1750420566248-1-cbzr3h53zqb-part-1
 Rehearsal: Line changed from 0 to 13
 Rehearsal: Current block lines: Array(5)
 Rehearsal: New block lines: Array(4)
 Splitting block "Block 2" (9 lines) into 2 parts with ~5 lines each
   Part 1: lines 0-4 (5 lines)
   Part 2: lines 5-8 (4 lines)
 Splitting block "Block 3" (10 lines) into 2 parts with ~5 lines each
   Part 1: lines 0-4 (5 lines)
   Part 2: lines 5-9 (5 lines)
 Splitting block "Block 5" (10 lines) into 2 parts with ~5 lines each
   Part 1: lines 0-4 (5 lines)
   Part 2: lines 5-9 (5 lines)
 Splitting block "Block 6" (10 lines) into 2 parts with ~5 lines each
   Part 1: lines 0-4 (5 lines)
   Part 2: lines 5-9 (5 lines)
 Splitting block "Block 10" (9 lines) into 2 parts with ~5 lines each
   Part 1: lines 0-4 (5 lines)
   Part 2: lines 5-8 (4 lines)
 >>> FONT_CALC_DEBUG >>> Lines: 4, FontSize: 2.66rem, LineHeight: 3.23rem
 🚫 Блокирована очевидная гармоника: 304.6Hz (0.51x от 595.2Hz, ясность: 72.2%)
 🚫 Блокирована очевидная гармоника: 304.6Hz (0.51x от 595.2Hz, ясность: 72.2%)
 Rehearsal: Line changing from 13 to 14
 Splitting block "Block 2" (9 lines) into 2 parts with ~5 lines each
   Part 1: lines 0-4 (5 lines)
   Part 2: lines 5-8 (4 lines)
 Splitting block "Block 3" (10 lines) into 2 parts with ~5 lines each
   Part 1: lines 0-4 (5 lines)
   Part 2: lines 5-9 (5 lines)
 Splitting block "Block 5" (10 lines) into 2 parts with ~5 lines each
   Part 1: lines 0-4 (5 lines)
   Part 2: lines 5-9 (5 lines)
 Splitting block "Block 6" (10 lines) into 2 parts with ~5 lines each
   Part 1: lines 0-4 (5 lines)
   Part 2: lines 5-9 (5 lines)
 Splitting block "Block 10" (9 lines) into 2 parts with ~5 lines each
   Part 1: lines 0-4 (5 lines)
   Part 2: lines 5-8 (4 lines)
 Rehearsal: Current line 13 belongs to block: block-1750420566248-1-cbzr3h53zqb-part-1 Array(4)
 Rehearsal: New line 14 belongs to block: block-1750420566248-2-zc0sb7hao9-part-0 Array(5)
 Rehearsal: *** BLOCK CHANGED *** from block-1750420566248-1-cbzr3h53zqb-part-1 to block-1750420566248-2-zc0sb7hao9-part-0
 Rehearsal: Line changed from 13 to 14
 Rehearsal: Current block lines: Array(4)
 Rehearsal: New block lines: Array(5)
 Splitting block "Block 2" (9 lines) into 2 parts with ~5 lines each
   Part 1: lines 0-4 (5 lines)
   Part 2: lines 5-8 (4 lines)
 Splitting block "Block 3" (10 lines) into 2 parts with ~5 lines each
   Part 1: lines 0-4 (5 lines)
   Part 2: lines 5-9 (5 lines)
 Splitting block "Block 5" (10 lines) into 2 parts with ~5 lines each
   Part 1: lines 0-4 (5 lines)
   Part 2: lines 5-9 (5 lines)
 Splitting block "Block 6" (10 lines) into 2 parts with ~5 lines each
   Part 1: lines 0-4 (5 lines)
   Part 2: lines 5-9 (5 lines)
 Splitting block "Block 10" (9 lines) into 2 parts with ~5 lines each
   Part 1: lines 0-4 (5 lines)
   Part 2: lines 5-8 (4 lines)
 >>> FONT_CALC_DEBUG >>> Lines: 5, FontSize: 2.66rem, LineHeight: 3.23rem
 🚫 Блокирована очевидная гармоника: 94.0Hz (0.25x от 379.5Hz, ясность: 72.4%)
 🚫 Блокирована очевидная гармоника: 164.0Hz (0.51x от 322.6Hz, ясность: 81.3%)
 🎚️ МАСТЕР: Инструментал - каналов: 2, длина: 11615663, частота: 44100Hz
 🎚️ МАСТЕР: Вокал - каналов: 2, длина: 11615663, частота: 44100Hz
 🎚️ МАСТЕР: Создан буфер - каналов: 2, длина: 11615663
 🎚️ МАСТЕР: Начинаем микширование каналов...
 🎚️ МАСТЕР: Микширование завершено, конвертируем в blob...
 🎚️ МАСТЕР: Микшированная дорожка создана! URL: blob:null/2e1a9e21-abff-49fe-ae88-5666fa3f6176...
 🎚️ МАСТЕР: Размер blob: 46462696 байт
 🎚️ МАСТЕР: Обновляем URL после создания микшированной дорожки
 🎚️ МАСТЕР URL обновлен: blob:null/2e1a9e21-abff-49fe-ae88-5666fa3f6176...
 Rehearsal: Line changing from 14 to 15
 Splitting block "Block 2" (9 lines) into 2 parts with ~5 lines each
   Part 1: lines 0-4 (5 lines)
   Part 2: lines 5-8 (4 lines)
 Splitting block "Block 3" (10 lines) into 2 parts with ~5 lines each
   Part 1: lines 0-4 (5 lines)
   Part 2: lines 5-9 (5 lines)
 Splitting block "Block 5" (10 lines) into 2 parts with ~5 lines each
   Part 1: lines 0-4 (5 lines)
   Part 2: lines 5-9 (5 lines)
 Splitting block "Block 6" (10 lines) into 2 parts with ~5 lines each
   Part 1: lines 0-4 (5 lines)
   Part 2: lines 5-9 (5 lines)
 Splitting block "Block 10" (9 lines) into 2 parts with ~5 lines each
   Part 1: lines 0-4 (5 lines)
   Part 2: lines 5-8 (4 lines)
 Rehearsal: Current line 14 belongs to block: block-1750420566248-2-zc0sb7hao9-part-0 Array(5)
 Rehearsal: New line 15 belongs to block: block-1750420566248-2-zc0sb7hao9-part-0 Array(5)
 Rehearsal: Same block (block-1750420566248-2-zc0sb7hao9-part-0), updating active line from 14 to 15
 [SETACTIVE] Called with index 15. Current style: rehearsal
 Rehearsal mode: Setting active line 15
 Rehearsal line with index 15 not found
_activateLineInBlock @ lyrics-display.js:3243
 BlockLoopControl: Активный блок изменился
 BlockLoopControl: _createLoopButtonForCurrentBlock called
 BlockLoopControl: lyricsDisplay.currentActiveBlock: Object
 BlockLoopControl: lyricsDisplay.textBlocks: Array(11)
 BlockLoopControl: Создаем кнопку для активного блока репетиции: Block 3
 BlockLoopControl: _createLoopButton called for block: Block 3
 BlockLoopControl: blockElement found: true
 BlockLoopControl: Кнопка создана для блока: Block 3
 🔇 Глубокая тишина - очистка нот
 🛑 Принудительная остановка всех нот (deep_silence), активных: 1
 🚫 Блокирована очевидная гармоника: 187.4Hz (0.50x от 376.4Hz, ясность: 84.0%)
 🔇 Глубокая тишина - очистка нот
 🛑 Принудительная остановка всех нот (deep_silence), активных: 1
 🔇 Глубокая тишина - очистка нот
 🛑 Принудительная остановка всех нот (deep_silence), активных: 1
 Rehearsal: Line changing from 15 to 16
 Splitting block "Block 2" (9 lines) into 2 parts with ~5 lines each
   Part 1: lines 0-4 (5 lines)
   Part 2: lines 5-8 (4 lines)
 Splitting block "Block 3" (10 lines) into 2 parts with ~5 lines each
   Part 1: lines 0-4 (5 lines)
   Part 2: lines 5-9 (5 lines)
 Splitting block "Block 5" (10 lines) into 2 parts with ~5 lines each
   Part 1: lines 0-4 (5 lines)
   Part 2: lines 5-9 (5 lines)
 Splitting block "Block 6" (10 lines) into 2 parts with ~5 lines each
   Part 1: lines 0-4 (5 lines)
   Part 2: lines 5-9 (5 lines)
 Splitting block "Block 10" (9 lines) into 2 parts with ~5 lines each
   Part 1: lines 0-4 (5 lines)
   Part 2: lines 5-8 (4 lines)
 Rehearsal: Current line 15 belongs to block: block-1750420566248-2-zc0sb7hao9-part-0 Array(5)
 Rehearsal: New line 16 belongs to block: block-1750420566248-2-zc0sb7hao9-part-0 Array(5)
 Rehearsal: Same block (block-1750420566248-2-zc0sb7hao9-part-0), updating active line from 15 to 16
 [SETACTIVE] Called with index 16. Current style: rehearsal
 Rehearsal mode: Setting active line 16
 Rehearsal line with index 16 not found
_activateLineInBlock @ lyrics-display.js:3243
 BlockLoopControl: Активный блок изменился
 BlockLoopControl: _createLoopButtonForCurrentBlock called
 BlockLoopControl: lyricsDisplay.currentActiveBlock: Object
 BlockLoopControl: lyricsDisplay.textBlocks: Array(11)
 BlockLoopControl: Создаем кнопку для активного блока репетиции: Block 3
 BlockLoopControl: _createLoopButton called for block: Block 3
 BlockLoopControl: blockElement found: true
 BlockLoopControl: Кнопка создана для блока: Block 3
 🔇 Глубокая тишина - очистка нот
 🛑 Принудительная остановка всех нот (deep_silence), активных: 1
 🔇 Глубокая тишина - очистка нот
 🛑 Принудительная остановка всех нот (deep_silence), активных: 1
 Rehearsal: Line changing from 16 to 17
 Splitting block "Block 2" (9 lines) into 2 parts with ~5 lines each
   Part 1: lines 0-4 (5 lines)
   Part 2: lines 5-8 (4 lines)
 Splitting block "Block 3" (10 lines) into 2 parts with ~5 lines each
   Part 1: lines 0-4 (5 lines)
   Part 2: lines 5-9 (5 lines)
 Splitting block "Block 5" (10 lines) into 2 parts with ~5 lines each
   Part 1: lines 0-4 (5 lines)
   Part 2: lines 5-9 (5 lines)
 Splitting block "Block 6" (10 lines) into 2 parts with ~5 lines each
   Part 1: lines 0-4 (5 lines)
   Part 2: lines 5-9 (5 lines)
 Splitting block "Block 10" (9 lines) into 2 parts with ~5 lines each
   Part 1: lines 0-4 (5 lines)
   Part 2: lines 5-8 (4 lines)
 Rehearsal: Current line 16 belongs to block: block-1750420566248-2-zc0sb7hao9-part-0 Array(5)
 Rehearsal: New line 17 belongs to block: block-1750420566248-2-zc0sb7hao9-part-0 Array(5)
 Rehearsal: Same block (block-1750420566248-2-zc0sb7hao9-part-0), updating active line from 16 to 17
 [SETACTIVE] Called with index 17. Current style: rehearsal
 Rehearsal mode: Setting active line 17
 Rehearsal line with index 17 not found
_activateLineInBlock @ lyrics-display.js:3243
 BlockLoopControl: Активный блок изменился
 BlockLoopControl: _createLoopButtonForCurrentBlock called
 BlockLoopControl: lyricsDisplay.currentActiveBlock: Object
 BlockLoopControl: lyricsDisplay.textBlocks: Array(11)
 BlockLoopControl: Создаем кнопку для активного блока репетиции: Block 3
 BlockLoopControl: _createLoopButton called for block: Block 3
 BlockLoopControl: blockElement found: true
 BlockLoopControl: Кнопка создана для блока: Block 3
 🔇 Глубокая тишина - очистка нот
 🛑 Принудительная остановка всех нот (deep_silence), активных: 1
 ⏰ СИНХРО: Позиция установлена 65.97с
 Rehearsal: Line changing from 17 to 22
 Splitting block "Block 2" (9 lines) into 2 parts with ~5 lines each
   Part 1: lines 0-4 (5 lines)
   Part 2: lines 5-8 (4 lines)
 Splitting block "Block 3" (10 lines) into 2 parts with ~5 lines each
   Part 1: lines 0-4 (5 lines)
   Part 2: lines 5-9 (5 lines)
 Splitting block "Block 5" (10 lines) into 2 parts with ~5 lines each
   Part 1: lines 0-4 (5 lines)
   Part 2: lines 5-9 (5 lines)
 Splitting block "Block 6" (10 lines) into 2 parts with ~5 lines each
   Part 1: lines 0-4 (5 lines)
   Part 2: lines 5-9 (5 lines)
 Splitting block "Block 10" (9 lines) into 2 parts with ~5 lines each
   Part 1: lines 0-4 (5 lines)
   Part 2: lines 5-8 (4 lines)
 Rehearsal: Current line 17 belongs to block: block-1750420566248-2-zc0sb7hao9-part-0 Array(5)
 Rehearsal: New line 22 belongs to block: block-1750420566248-2-zc0sb7hao9-part-1 Array(5)
 Rehearsal: *** BLOCK CHANGED *** from block-1750420566248-2-zc0sb7hao9-part-0 to block-1750420566248-2-zc0sb7hao9-part-1
 Rehearsal: Line changed from 17 to 22
 Rehearsal: Current block lines: Array(5)
 Rehearsal: New block lines: Array(5)
 Splitting block "Block 2" (9 lines) into 2 parts with ~5 lines each
   Part 1: lines 0-4 (5 lines)
   Part 2: lines 5-8 (4 lines)
 Splitting block "Block 3" (10 lines) into 2 parts with ~5 lines each
   Part 1: lines 0-4 (5 lines)
   Part 2: lines 5-9 (5 lines)
 Splitting block "Block 5" (10 lines) into 2 parts with ~5 lines each
   Part 1: lines 0-4 (5 lines)
   Part 2: lines 5-9 (5 lines)
 Splitting block "Block 6" (10 lines) into 2 parts with ~5 lines each
   Part 1: lines 0-4 (5 lines)
   Part 2: lines 5-9 (5 lines)
 Splitting block "Block 10" (9 lines) into 2 parts with ~5 lines each
   Part 1: lines 0-4 (5 lines)
   Part 2: lines 5-8 (4 lines)
 >>> FONT_CALC_DEBUG >>> Lines: 5, FontSize: 2.66rem, LineHeight: 3.23rem
 🔇 Глубокая тишина - очистка нот
 🛑 Принудительная остановка всех нот (deep_silence), активных: 1
 ⏰ СИНХРО: Позиция установлена 81.53с
 Rehearsal: Line changing from 22 to 26
 Splitting block "Block 2" (9 lines) into 2 parts with ~5 lines each
   Part 1: lines 0-4 (5 lines)
   Part 2: lines 5-8 (4 lines)
 Splitting block "Block 3" (10 lines) into 2 parts with ~5 lines each
   Part 1: lines 0-4 (5 lines)
   Part 2: lines 5-9 (5 lines)
 Splitting block "Block 5" (10 lines) into 2 parts with ~5 lines each
   Part 1: lines 0-4 (5 lines)
   Part 2: lines 5-9 (5 lines)
 Splitting block "Block 6" (10 lines) into 2 parts with ~5 lines each
   Part 1: lines 0-4 (5 lines)
   Part 2: lines 5-9 (5 lines)
 Splitting block "Block 10" (9 lines) into 2 parts with ~5 lines each
   Part 1: lines 0-4 (5 lines)
   Part 2: lines 5-8 (4 lines)
 Rehearsal: Current line 22 belongs to block: block-1750420566248-2-zc0sb7hao9-part-1 Array(5)
 Rehearsal: New line 26 belongs to block: block-1750420566249-3-bstfrml2quf Array(6)
 Rehearsal: *** BLOCK CHANGED *** from block-1750420566248-2-zc0sb7hao9-part-1 to block-1750420566249-3-bstfrml2quf
 Rehearsal: Line changed from 22 to 26
 Rehearsal: Current block lines: Array(5)
 Rehearsal: New block lines: Array(6)
 Splitting block "Block 2" (9 lines) into 2 parts with ~5 lines each
   Part 1: lines 0-4 (5 lines)
   Part 2: lines 5-8 (4 lines)
 Splitting block "Block 3" (10 lines) into 2 parts with ~5 lines each
   Part 1: lines 0-4 (5 lines)
   Part 2: lines 5-9 (5 lines)
 Splitting block "Block 5" (10 lines) into 2 parts with ~5 lines each
   Part 1: lines 0-4 (5 lines)
   Part 2: lines 5-9 (5 lines)
 Splitting block "Block 6" (10 lines) into 2 parts with ~5 lines each
   Part 1: lines 0-4 (5 lines)
   Part 2: lines 5-9 (5 lines)
 Splitting block "Block 10" (9 lines) into 2 parts with ~5 lines each
   Part 1: lines 0-4 (5 lines)
   Part 2: lines 5-8 (4 lines)
 >>> FONT_CALC_DEBUG >>> Lines: 6, FontSize: 2.38rem, LineHeight: 3.06rem
 🎯 Высокая ясность (91.6%) - принимаем возможную гармонику: 292.4Hz
 ✅ Октавный переход разрешен: 583.5Hz → 292.4Hz за 41мс (ratio: 0.50)
 ⏰ СИНХРО: Позиция установлена 96.08с
 Rehearsal: Line changing from 26 to 29
 Splitting block "Block 2" (9 lines) into 2 parts with ~5 lines each
   Part 1: lines 0-4 (5 lines)
   Part 2: lines 5-8 (4 lines)
 Splitting block "Block 3" (10 lines) into 2 parts with ~5 lines each
   Part 1: lines 0-4 (5 lines)
   Part 2: lines 5-9 (5 lines)
 Splitting block "Block 5" (10 lines) into 2 parts with ~5 lines each
   Part 1: lines 0-4 (5 lines)
   Part 2: lines 5-9 (5 lines)
 Splitting block "Block 6" (10 lines) into 2 parts with ~5 lines each
   Part 1: lines 0-4 (5 lines)
   Part 2: lines 5-9 (5 lines)
 Splitting block "Block 10" (9 lines) into 2 parts with ~5 lines each
   Part 1: lines 0-4 (5 lines)
   Part 2: lines 5-8 (4 lines)
 Rehearsal: Current line 26 belongs to block: block-1750420566249-3-bstfrml2quf Array(6)
 Rehearsal: New line 29 belongs to block: block-1750420566249-3-bstfrml2quf Array(6)
 Rehearsal: Same block (block-1750420566249-3-bstfrml2quf), updating active line from 26 to 29
 [SETACTIVE] Called with index 29. Current style: rehearsal
 Rehearsal mode: Setting active line 29
 Rehearsal line with index 29 not found
_activateLineInBlock @ lyrics-display.js:3243
 BlockLoopControl: Активный блок изменился
 BlockLoopControl: _createLoopButtonForCurrentBlock called
 BlockLoopControl: lyricsDisplay.currentActiveBlock: Object
 BlockLoopControl: lyricsDisplay.textBlocks: Array(11)
 BlockLoopControl: Создаем кнопку для активного блока репетиции: Block 4
 BlockLoopControl: _createLoopButton called for block: Block 4
 BlockLoopControl: blockElement found: true
 BlockLoopControl: Кнопка создана для блока: Block 4
 🔇 Глубокая тишина - очистка нот
 🛑 Принудительная остановка всех нот (deep_silence), активных: 1
 🚫 Блокирована очевидная гармоника: 78.4Hz (0.49x от 160.7Hz, ясность: 80.0%)
 🚫 Блокирована очевидная гармоника: 78.7Hz (0.49x от 160.7Hz, ясность: 75.6%)
 🔇 Глубокая тишина - очистка нот
 🛑 Принудительная остановка всех нот (deep_silence), активных: 1
 🎯 Высокая ясность (92.0%) - принимаем возможную гармонику: 286.2Hz
 🚫 Октавный скачок заблокирован: 143.0Hz → 286.2Hz за 15мс (ratio: 2.00)
 🚫 Октавный скачок заблокирован: 143.0Hz → 289.7Hz за 39мс (ratio: 2.03)
 ✅ Октавный переход разрешен: 143.0Hz → 293.5Hz за 48мс (ratio: 2.05)
 ⏰ СИНХРО: Позиция установлена 110.63с
 Rehearsal: Line changing from 29 to 33
 Splitting block "Block 2" (9 lines) into 2 parts with ~5 lines each
   Part 1: lines 0-4 (5 lines)
   Part 2: lines 5-8 (4 lines)
 Splitting block "Block 3" (10 lines) into 2 parts with ~5 lines each
   Part 1: lines 0-4 (5 lines)
   Part 2: lines 5-9 (5 lines)
 Splitting block "Block 5" (10 lines) into 2 parts with ~5 lines each
   Part 1: lines 0-4 (5 lines)
   Part 2: lines 5-9 (5 lines)
 Splitting block "Block 6" (10 lines) into 2 parts with ~5 lines each
   Part 1: lines 0-4 (5 lines)
   Part 2: lines 5-9 (5 lines)
 Splitting block "Block 10" (9 lines) into 2 parts with ~5 lines each
   Part 1: lines 0-4 (5 lines)
   Part 2: lines 5-8 (4 lines)
 Rehearsal: Current line 29 belongs to block: block-1750420566249-3-bstfrml2quf Array(6)
 Rehearsal: New line 33 belongs to block: block-1750420566249-4-dva8ry6xnfj-part-0 Array(5)
 Rehearsal: *** BLOCK CHANGED *** from block-1750420566249-3-bstfrml2quf to block-1750420566249-4-dva8ry6xnfj-part-0
 Rehearsal: Line changed from 29 to 33
 Rehearsal: Current block lines: Array(6)
 Rehearsal: New block lines: Array(5)
 Splitting block "Block 2" (9 lines) into 2 parts with ~5 lines each
   Part 1: lines 0-4 (5 lines)
   Part 2: lines 5-8 (4 lines)
 Splitting block "Block 3" (10 lines) into 2 parts with ~5 lines each
   Part 1: lines 0-4 (5 lines)
   Part 2: lines 5-9 (5 lines)
 Splitting block "Block 5" (10 lines) into 2 parts with ~5 lines each
   Part 1: lines 0-4 (5 lines)
   Part 2: lines 5-9 (5 lines)
 Splitting block "Block 6" (10 lines) into 2 parts with ~5 lines each
   Part 1: lines 0-4 (5 lines)
   Part 2: lines 5-9 (5 lines)
 Splitting block "Block 10" (9 lines) into 2 parts with ~5 lines each
   Part 1: lines 0-4 (5 lines)
   Part 2: lines 5-8 (4 lines)
 >>> FONT_CALC_DEBUG >>> Lines: 5, FontSize: 2.66rem, LineHeight: 3.23rem
 Rehearsal: Line changing from 33 to 34
 Splitting block "Block 2" (9 lines) into 2 parts with ~5 lines each
   Part 1: lines 0-4 (5 lines)
   Part 2: lines 5-8 (4 lines)
 Splitting block "Block 3" (10 lines) into 2 parts with ~5 lines each
   Part 1: lines 0-4 (5 lines)
   Part 2: lines 5-9 (5 lines)
 Splitting block "Block 5" (10 lines) into 2 parts with ~5 lines each
   Part 1: lines 0-4 (5 lines)
   Part 2: lines 5-9 (5 lines)
 Splitting block "Block 6" (10 lines) into 2 parts with ~5 lines each
   Part 1: lines 0-4 (5 lines)
   Part 2: lines 5-9 (5 lines)
 Splitting block "Block 10" (9 lines) into 2 parts with ~5 lines each
   Part 1: lines 0-4 (5 lines)
   Part 2: lines 5-8 (4 lines)
 Rehearsal: Current line 33 belongs to block: block-1750420566249-4-dva8ry6xnfj-part-0 Array(5)
 Rehearsal: New line 34 belongs to block: block-1750420566249-4-dva8ry6xnfj-part-0 Array(5)
 Rehearsal: Same block (block-1750420566249-4-dva8ry6xnfj-part-0), updating active line from 33 to 34
 [SETACTIVE] Called with index 34. Current style: rehearsal
 Rehearsal mode: Setting active line 34
 Rehearsal line with index 34 not found
_activateLineInBlock @ lyrics-display.js:3243
 BlockLoopControl: Активный блок изменился
 BlockLoopControl: _createLoopButtonForCurrentBlock called
 BlockLoopControl: lyricsDisplay.currentActiveBlock: Object
 BlockLoopControl: lyricsDisplay.textBlocks: Array(11)
 BlockLoopControl: Создаем кнопку для активного блока репетиции: Block 5
 BlockLoopControl: _createLoopButton called for block: Block 5
 BlockLoopControl: blockElement found: true
 BlockLoopControl: Кнопка создана для блока: Block 5
 🔇 Глубокая тишина - очистка нот
 🛑 Принудительная остановка всех нот (deep_silence), активных: 1
 🔇 Глубокая тишина - очистка нот
 🛑 Принудительная остановка всех нот (deep_silence), активных: 1
 🔇 Глубокая тишина - очистка нот
 🛑 Принудительная остановка всех нот (deep_silence), активных: 1
 Rehearsal: Line changing from 34 to 35
 Splitting block "Block 2" (9 lines) into 2 parts with ~5 lines each
   Part 1: lines 0-4 (5 lines)
   Part 2: lines 5-8 (4 lines)
 Splitting block "Block 3" (10 lines) into 2 parts with ~5 lines each
   Part 1: lines 0-4 (5 lines)
   Part 2: lines 5-9 (5 lines)
 Splitting block "Block 5" (10 lines) into 2 parts with ~5 lines each
   Part 1: lines 0-4 (5 lines)
   Part 2: lines 5-9 (5 lines)
 Splitting block "Block 6" (10 lines) into 2 parts with ~5 lines each
   Part 1: lines 0-4 (5 lines)
   Part 2: lines 5-9 (5 lines)
 Splitting block "Block 10" (9 lines) into 2 parts with ~5 lines each
   Part 1: lines 0-4 (5 lines)
   Part 2: lines 5-8 (4 lines)
 Rehearsal: Current line 34 belongs to block: block-1750420566249-4-dva8ry6xnfj-part-0 Array(5)
 Rehearsal: New line 35 belongs to block: block-1750420566249-4-dva8ry6xnfj-part-1 Array(5)
 Rehearsal: *** BLOCK CHANGED *** from block-1750420566249-4-dva8ry6xnfj-part-0 to block-1750420566249-4-dva8ry6xnfj-part-1
 Rehearsal: Line changed from 34 to 35
 Rehearsal: Current block lines: Array(5)
 Rehearsal: New block lines: Array(5)
 Splitting block "Block 2" (9 lines) into 2 parts with ~5 lines each
   Part 1: lines 0-4 (5 lines)
   Part 2: lines 5-8 (4 lines)
 Splitting block "Block 3" (10 lines) into 2 parts with ~5 lines each
   Part 1: lines 0-4 (5 lines)
   Part 2: lines 5-9 (5 lines)
 Splitting block "Block 5" (10 lines) into 2 parts with ~5 lines each
   Part 1: lines 0-4 (5 lines)
   Part 2: lines 5-9 (5 lines)
 Splitting block "Block 6" (10 lines) into 2 parts with ~5 lines each
   Part 1: lines 0-4 (5 lines)
   Part 2: lines 5-9 (5 lines)
 Splitting block "Block 10" (9 lines) into 2 parts with ~5 lines each
   Part 1: lines 0-4 (5 lines)
   Part 2: lines 5-8 (4 lines)
 >>> FONT_CALC_DEBUG >>> Lines: 5, FontSize: 2.66rem, LineHeight: 3.23rem
 🚫 Октавный скачок заблокирован: 274.4Hz → 146.3Hz за 18мс (ratio: 0.53)
 🚫 Блокирована очевидная гармоника: 292.1Hz (2.00x от 146.3Hz, ясность: 84.4%)
 🎯 Высокая ясность (97.8%) - принимаем возможную гармонику: 291.0Hz
 Rehearsal: Line changing from 35 to 36
 Splitting block "Block 2" (9 lines) into 2 parts with ~5 lines each
   Part 1: lines 0-4 (5 lines)
   Part 2: lines 5-8 (4 lines)
 Splitting block "Block 3" (10 lines) into 2 parts with ~5 lines each
   Part 1: lines 0-4 (5 lines)
   Part 2: lines 5-9 (5 lines)
 Splitting block "Block 5" (10 lines) into 2 parts with ~5 lines each
   Part 1: lines 0-4 (5 lines)
   Part 2: lines 5-9 (5 lines)
 Splitting block "Block 6" (10 lines) into 2 parts with ~5 lines each
   Part 1: lines 0-4 (5 lines)
   Part 2: lines 5-9 (5 lines)
 Splitting block "Block 10" (9 lines) into 2 parts with ~5 lines each
   Part 1: lines 0-4 (5 lines)
   Part 2: lines 5-8 (4 lines)
 Rehearsal: Current line 35 belongs to block: block-1750420566249-4-dva8ry6xnfj-part-1 Array(5)
 Rehearsal: New line 36 belongs to block: block-1750420566249-4-dva8ry6xnfj-part-1 Array(5)
 Rehearsal: Same block (block-1750420566249-4-dva8ry6xnfj-part-1), updating active line from 35 to 36
 [SETACTIVE] Called with index 36. Current style: rehearsal
 Rehearsal mode: Setting active line 36
 Rehearsal line with index 36 not found
_activateLineInBlock @ lyrics-display.js:3243
 BlockLoopControl: Активный блок изменился
 BlockLoopControl: _createLoopButtonForCurrentBlock called
 BlockLoopControl: lyricsDisplay.currentActiveBlock: Object
 BlockLoopControl: lyricsDisplay.textBlocks: Array(11)
 BlockLoopControl: Создаем кнопку для активного блока репетиции: Block 5 (продолжение 2)
 BlockLoopControl: _createLoopButton called for block: Block 5 (продолжение 2)
 BlockLoopControl: blockElement found: true
 BlockLoopControl: Кнопка создана для блока: Block 5 (продолжение 2)
 ⏰ СИНХРО: Позиция установлена 128.69с
 Rehearsal: Line changing from 36 to 41
 Splitting block "Block 2" (9 lines) into 2 parts with ~5 lines each
   Part 1: lines 0-4 (5 lines)
   Part 2: lines 5-8 (4 lines)
 Splitting block "Block 3" (10 lines) into 2 parts with ~5 lines each
   Part 1: lines 0-4 (5 lines)
   Part 2: lines 5-9 (5 lines)
 Splitting block "Block 5" (10 lines) into 2 parts with ~5 lines each
   Part 1: lines 0-4 (5 lines)
   Part 2: lines 5-9 (5 lines)
 Splitting block "Block 6" (10 lines) into 2 parts with ~5 lines each
   Part 1: lines 0-4 (5 lines)
   Part 2: lines 5-9 (5 lines)
 Splitting block "Block 10" (9 lines) into 2 parts with ~5 lines each
   Part 1: lines 0-4 (5 lines)
   Part 2: lines 5-8 (4 lines)
 Rehearsal: Current line 36 belongs to block: block-1750420566249-4-dva8ry6xnfj-part-1 Array(5)
 Rehearsal: New line 41 belongs to block: block-1750420566249-5-qdajilukzyp-part-0 Array(5)
 Rehearsal: *** BLOCK CHANGED *** from block-1750420566249-4-dva8ry6xnfj-part-1 to block-1750420566249-5-qdajilukzyp-part-0
 Rehearsal: Line changed from 36 to 41
 Rehearsal: Current block lines: Array(5)
 Rehearsal: New block lines: Array(5)
 Splitting block "Block 2" (9 lines) into 2 parts with ~5 lines each
   Part 1: lines 0-4 (5 lines)
   Part 2: lines 5-8 (4 lines)
 Splitting block "Block 3" (10 lines) into 2 parts with ~5 lines each
   Part 1: lines 0-4 (5 lines)
   Part 2: lines 5-9 (5 lines)
 Splitting block "Block 5" (10 lines) into 2 parts with ~5 lines each
   Part 1: lines 0-4 (5 lines)
   Part 2: lines 5-9 (5 lines)
 Splitting block "Block 6" (10 lines) into 2 parts with ~5 lines each
   Part 1: lines 0-4 (5 lines)
   Part 2: lines 5-9 (5 lines)
 Splitting block "Block 10" (9 lines) into 2 parts with ~5 lines each
   Part 1: lines 0-4 (5 lines)
   Part 2: lines 5-8 (4 lines)
 >>> FONT_CALC_DEBUG >>> Lines: 5, FontSize: 2.66rem, LineHeight: 3.23rem
 ✅ Октавный переход разрешен: 291.4Hz → 568.8Hz за 629мс (ratio: 1.95)
 🎯 Высокая ясность (96.2%) - принимаем возможную гармонику: 289.1Hz
 🚫 Октавный скачок заблокирован: 568.8Hz → 289.1Hz за 20мс (ratio: 0.51)
 🚫 Октавный скачок заблокирован: 568.8Hz → 289.3Hz за 30мс (ratio: 0.51)
 ✅ Октавный переход разрешен: 568.8Hz → 302.4Hz за 80мс (ratio: 0.53)
 🔇 Глубокая тишина - очистка нот
 🛑 Принудительная остановка всех нот (deep_silence), активных: 1
 Rehearsal: Line changing from 41 to 42
 Splitting block "Block 2" (9 lines) into 2 parts with ~5 lines each
   Part 1: lines 0-4 (5 lines)
   Part 2: lines 5-8 (4 lines)
 Splitting block "Block 3" (10 lines) into 2 parts with ~5 lines each
   Part 1: lines 0-4 (5 lines)
   Part 2: lines 5-9 (5 lines)
 Splitting block "Block 5" (10 lines) into 2 parts with ~5 lines each
   Part 1: lines 0-4 (5 lines)
   Part 2: lines 5-9 (5 lines)
 Splitting block "Block 6" (10 lines) into 2 parts with ~5 lines each
   Part 1: lines 0-4 (5 lines)
   Part 2: lines 5-9 (5 lines)
 Splitting block "Block 10" (9 lines) into 2 parts with ~5 lines each
   Part 1: lines 0-4 (5 lines)
   Part 2: lines 5-8 (4 lines)
 Rehearsal: Current line 41 belongs to block: block-1750420566249-5-qdajilukzyp-part-0 Array(5)
 Rehearsal: New line 42 belongs to block: block-1750420566249-5-qdajilukzyp-part-0 Array(5)
 Rehearsal: Same block (block-1750420566249-5-qdajilukzyp-part-0), updating active line from 41 to 42
 [SETACTIVE] Called with index 42. Current style: rehearsal
 Rehearsal mode: Setting active line 42
 Rehearsal line with index 42 not found
_activateLineInBlock @ lyrics-display.js:3243
 BlockLoopControl: Активный блок изменился
 BlockLoopControl: _createLoopButtonForCurrentBlock called
 BlockLoopControl: lyricsDisplay.currentActiveBlock: Object
 BlockLoopControl: lyricsDisplay.textBlocks: Array(11)
 BlockLoopControl: Создаем кнопку для активного блока репетиции: Block 6
 BlockLoopControl: _createLoopButton called for block: Block 6
 BlockLoopControl: blockElement found: true
 BlockLoopControl: Кнопка создана для блока: Block 6
 🔇 Глубокая тишина - очистка нот
 🛑 Принудительная остановка всех нот (deep_silence), активных: 1
 ⏰ СИНХРО: Позиция установлена 141.98с
 Rehearsal: Line changing from 42 to 48
 Splitting block "Block 2" (9 lines) into 2 parts with ~5 lines each
   Part 1: lines 0-4 (5 lines)
   Part 2: lines 5-8 (4 lines)
 Splitting block "Block 3" (10 lines) into 2 parts with ~5 lines each
   Part 1: lines 0-4 (5 lines)
   Part 2: lines 5-9 (5 lines)
 Splitting block "Block 5" (10 lines) into 2 parts with ~5 lines each
   Part 1: lines 0-4 (5 lines)
   Part 2: lines 5-9 (5 lines)
 Splitting block "Block 6" (10 lines) into 2 parts with ~5 lines each
   Part 1: lines 0-4 (5 lines)
   Part 2: lines 5-9 (5 lines)
 Splitting block "Block 10" (9 lines) into 2 parts with ~5 lines each
   Part 1: lines 0-4 (5 lines)
   Part 2: lines 5-8 (4 lines)
 Rehearsal: Current line 42 belongs to block: block-1750420566249-5-qdajilukzyp-part-0 Array(5)
 Rehearsal: New line 48 belongs to block: block-1750420566249-5-qdajilukzyp-part-1 Array(5)
 Rehearsal: *** BLOCK CHANGED *** from block-1750420566249-5-qdajilukzyp-part-0 to block-1750420566249-5-qdajilukzyp-part-1
 Rehearsal: Line changed from 42 to 48
 Rehearsal: Current block lines: Array(5)
 Rehearsal: New block lines: Array(5)
 Splitting block "Block 2" (9 lines) into 2 parts with ~5 lines each
   Part 1: lines 0-4 (5 lines)
   Part 2: lines 5-8 (4 lines)
 Splitting block "Block 3" (10 lines) into 2 parts with ~5 lines each
   Part 1: lines 0-4 (5 lines)
   Part 2: lines 5-9 (5 lines)
 Splitting block "Block 5" (10 lines) into 2 parts with ~5 lines each
   Part 1: lines 0-4 (5 lines)
   Part 2: lines 5-9 (5 lines)
 Splitting block "Block 6" (10 lines) into 2 parts with ~5 lines each
   Part 1: lines 0-4 (5 lines)
   Part 2: lines 5-9 (5 lines)
 Splitting block "Block 10" (9 lines) into 2 parts with ~5 lines each
   Part 1: lines 0-4 (5 lines)
   Part 2: lines 5-8 (4 lines)
 >>> FONT_CALC_DEBUG >>> Lines: 5, FontSize: 2.66rem, LineHeight: 3.23rem
 🔇 Глубокая тишина - очистка нот
 🛑 Принудительная остановка всех нот (deep_silence), активных: 1
 Rehearsal: Line changing from 48 to 49
 Splitting block "Block 2" (9 lines) into 2 parts with ~5 lines each
   Part 1: lines 0-4 (5 lines)
   Part 2: lines 5-8 (4 lines)
 Splitting block "Block 3" (10 lines) into 2 parts with ~5 lines each
   Part 1: lines 0-4 (5 lines)
   Part 2: lines 5-9 (5 lines)
 Splitting block "Block 5" (10 lines) into 2 parts with ~5 lines each
   Part 1: lines 0-4 (5 lines)
   Part 2: lines 5-9 (5 lines)
 Splitting block "Block 6" (10 lines) into 2 parts with ~5 lines each
   Part 1: lines 0-4 (5 lines)
   Part 2: lines 5-9 (5 lines)
 Splitting block "Block 10" (9 lines) into 2 parts with ~5 lines each
   Part 1: lines 0-4 (5 lines)
   Part 2: lines 5-8 (4 lines)
 Rehearsal: Current line 48 belongs to block: block-1750420566249-5-qdajilukzyp-part-1 Array(5)
 Rehearsal: New line 49 belongs to block: block-1750420566249-5-qdajilukzyp-part-1 Array(5)
 Rehearsal: Same block (block-1750420566249-5-qdajilukzyp-part-1), updating active line from 48 to 49
 [SETACTIVE] Called with index 49. Current style: rehearsal
 Rehearsal mode: Setting active line 49
 Rehearsal line with index 49 not found
_activateLineInBlock @ lyrics-display.js:3243
 BlockLoopControl: Активный блок изменился
 BlockLoopControl: _createLoopButtonForCurrentBlock called
 BlockLoopControl: lyricsDisplay.currentActiveBlock: Object
 BlockLoopControl: lyricsDisplay.textBlocks: Array(11)
 BlockLoopControl: Создаем кнопку для активного блока репетиции: Block 6 (продолжение 2)
 BlockLoopControl: _createLoopButton called for block: Block 6 (продолжение 2)
 BlockLoopControl: blockElement found: true
 BlockLoopControl: Кнопка создана для блока: Block 6 (продолжение 2)
 🔇 Глубокая тишина - очистка нот
 🛑 Принудительная остановка всех нот (deep_silence), активных: 1
 ✅ Октавный переход разрешен: 106.4Hz → 205.7Hz за 44мс (ratio: 1.93)
 BlockLoopControl: Запуск зацикливания блока: Block 6 (продолжение 2)
 BlockLoopControl: Calculating time range for block "Block 6 (продолжение 2)" with lines [45,46,47,48,49]
 BlockLoopControl: Available markers count: 79
 BlockLoopControl: Block line range: 45 to 49
 BlockLoopControl: Found start marker for line 45: 137.14s
 BlockLoopControl: Searching for end marker after line 49
 BlockLoopControl: Found end marker (first of next block) for line 50: 146.37s
 BlockLoopControl: Block "Block 6 (продолжение 2)" LOOP BOUNDS: START=137.14s END=146.37s (duration: 9.23s)
 BlockLoopControl: Временные границы блока: 137.14s - 146.37s
 BlockLoopControl: Зацикливание установлено, воспроизведение продолжается без прерывания
 BlockLoopControl: Добавлена оранжевая окантовка блока
 BlockLoopControl: Зацикливание активно 137.13705215419498s - 146.3669841269841s (без прерывания воспроизведения)
 🚫 Блокирована очевидная гармоника: 613.0Hz (2.00x от 306.1Hz, ясность: 83.3%)
 BlockLoopControl: LOOP CHECK - Current: 146.24s, Start: 137.14s, End: 146.37s
 🔄 BlockLoopControl: LOOP TRIGGER! End reached at 146.29s, jumping to start 137.14s
 ⏰ СИНХРО: Позиция установлена 137.14с
 Rehearsal: Line changing from 49 to 45
 Splitting block "Block 2" (9 lines) into 2 parts with ~5 lines each
   Part 1: lines 0-4 (5 lines)
   Part 2: lines 5-8 (4 lines)
 Splitting block "Block 3" (10 lines) into 2 parts with ~5 lines each
   Part 1: lines 0-4 (5 lines)
   Part 2: lines 5-9 (5 lines)
 Splitting block "Block 5" (10 lines) into 2 parts with ~5 lines each
   Part 1: lines 0-4 (5 lines)
   Part 2: lines 5-9 (5 lines)
 Splitting block "Block 6" (10 lines) into 2 parts with ~5 lines each
   Part 1: lines 0-4 (5 lines)
   Part 2: lines 5-9 (5 lines)
 Splitting block "Block 10" (9 lines) into 2 parts with ~5 lines each
   Part 1: lines 0-4 (5 lines)
   Part 2: lines 5-8 (4 lines)
 Rehearsal: Current line 49 belongs to block: block-1750420566249-5-qdajilukzyp-part-1 Array(5)
 Rehearsal: New line 45 belongs to block: block-1750420566249-5-qdajilukzyp-part-1 Array(5)
 Rehearsal: Same block (block-1750420566249-5-qdajilukzyp-part-1), updating active line from 49 to 45
 [SETACTIVE] Called with index 45. Current style: rehearsal
 Rehearsal mode: Setting active line 45
 Rehearsal line with index 45 not found
_activateLineInBlock @ lyrics-display.js:3243
 BlockLoopControl: Активный блок изменился
 BlockLoopControl: Строка 45 принадлежит текущему зацикленному блоку Block 6 (продолжение 2), зацикливание продолжается
 🔇 Глубокая тишина - очистка нот
 🛑 Принудительная остановка всех нот (deep_silence), активных: 1
 BlockLoopControl: LOOP CHECK - Current: 137.58s, Start: 137.14s, End: 146.37s
 🔇 Глубокая тишина - очистка нот
 🛑 Принудительная остановка всех нот (deep_silence), активных: 1
 BlockLoopControl: LOOP CHECK - Current: 138.08s, Start: 137.14s, End: 146.37s
 🔇 Глубокая тишина - очистка нот
 🛑 Принудительная остановка всех нот (deep_silence), активных: 1
 BlockLoopControl: LOOP CHECK - Current: 138.58s, Start: 137.14s, End: 146.37s
 Rehearsal: Line changing from 45 to 46
 Splitting block "Block 2" (9 lines) into 2 parts with ~5 lines each
   Part 1: lines 0-4 (5 lines)
   Part 2: lines 5-8 (4 lines)
 Splitting block "Block 3" (10 lines) into 2 parts with ~5 lines each
   Part 1: lines 0-4 (5 lines)
   Part 2: lines 5-9 (5 lines)
 Splitting block "Block 5" (10 lines) into 2 parts with ~5 lines each
   Part 1: lines 0-4 (5 lines)
   Part 2: lines 5-9 (5 lines)
 Splitting block "Block 6" (10 lines) into 2 parts with ~5 lines each
   Part 1: lines 0-4 (5 lines)
   Part 2: lines 5-9 (5 lines)
 Splitting block "Block 10" (9 lines) into 2 parts with ~5 lines each
   Part 1: lines 0-4 (5 lines)
   Part 2: lines 5-8 (4 lines)
 Rehearsal: Current line 45 belongs to block: block-1750420566249-5-qdajilukzyp-part-1 Array(5)
 Rehearsal: New line 46 belongs to block: block-1750420566249-5-qdajilukzyp-part-1 Array(5)
 Rehearsal: Same block (block-1750420566249-5-qdajilukzyp-part-1), updating active line from 45 to 46
 [SETACTIVE] Called with index 46. Current style: rehearsal
 Rehearsal mode: Setting active line 46
 Rehearsal line with index 46 not found
_activateLineInBlock @ lyrics-display.js:3243
 BlockLoopControl: Активный блок изменился
 BlockLoopControl: Строка 46 принадлежит текущему зацикленному блоку Block 6 (продолжение 2), зацикливание продолжается
 🔇 Глубокая тишина - очистка нот
 🛑 Принудительная остановка всех нот (deep_silence), активных: 1
 BlockLoopControl: LOOP CHECK - Current: 139.08s, Start: 137.14s, End: 146.37s
 BlockLoopControl: LOOP CHECK - Current: 139.58s, Start: 137.14s, End: 146.37s
 🔇 Глубокая тишина - очистка нот
 🛑 Принудительная остановка всех нот (deep_silence), активных: 1
 Rehearsal: Line changing from 46 to 47
 Splitting block "Block 2" (9 lines) into 2 parts with ~5 lines each
   Part 1: lines 0-4 (5 lines)
   Part 2: lines 5-8 (4 lines)
 Splitting block "Block 3" (10 lines) into 2 parts with ~5 lines each
   Part 1: lines 0-4 (5 lines)
   Part 2: lines 5-9 (5 lines)
 Splitting block "Block 5" (10 lines) into 2 parts with ~5 lines each
   Part 1: lines 0-4 (5 lines)
   Part 2: lines 5-9 (5 lines)
 Splitting block "Block 6" (10 lines) into 2 parts with ~5 lines each
   Part 1: lines 0-4 (5 lines)
   Part 2: lines 5-9 (5 lines)
 Splitting block "Block 10" (9 lines) into 2 parts with ~5 lines each
   Part 1: lines 0-4 (5 lines)
   Part 2: lines 5-8 (4 lines)
 Rehearsal: Current line 46 belongs to block: block-1750420566249-5-qdajilukzyp-part-1 Array(5)
 Rehearsal: New line 47 belongs to block: block-1750420566249-5-qdajilukzyp-part-1 Array(5)
 Rehearsal: Same block (block-1750420566249-5-qdajilukzyp-part-1), updating active line from 46 to 47
 [SETACTIVE] Called with index 47. Current style: rehearsal
 Rehearsal mode: Setting active line 47
 Rehearsal line with index 47 not found
_activateLineInBlock @ lyrics-display.js:3243
 BlockLoopControl: Активный блок изменился
 BlockLoopControl: Строка 47 принадлежит текущему зацикленному блоку Block 6 (продолжение 2), зацикливание продолжается
 BlockLoopControl: LOOP CHECK - Current: 140.09s, Start: 137.14s, End: 146.37s
 BlockLoopControl: LOOP CHECK - Current: 140.58s, Start: 137.14s, End: 146.37s
 BlockLoopControl: LOOP CHECK - Current: 141.11s, Start: 137.14s, End: 146.37s
 Rehearsal: Line changing from 47 to 48
 Splitting block "Block 2" (9 lines) into 2 parts with ~5 lines each
   Part 1: lines 0-4 (5 lines)
   Part 2: lines 5-8 (4 lines)
 Splitting block "Block 3" (10 lines) into 2 parts with ~5 lines each
   Part 1: lines 0-4 (5 lines)
   Part 2: lines 5-9 (5 lines)
 Splitting block "Block 5" (10 lines) into 2 parts with ~5 lines each
   Part 1: lines 0-4 (5 lines)
   Part 2: lines 5-9 (5 lines)
 Splitting block "Block 6" (10 lines) into 2 parts with ~5 lines each
   Part 1: lines 0-4 (5 lines)
   Part 2: lines 5-9 (5 lines)
 Splitting block "Block 10" (9 lines) into 2 parts with ~5 lines each
   Part 1: lines 0-4 (5 lines)
   Part 2: lines 5-8 (4 lines)
 Rehearsal: Current line 47 belongs to block: block-1750420566249-5-qdajilukzyp-part-1 Array(5)
 Rehearsal: New line 48 belongs to block: block-1750420566249-5-qdajilukzyp-part-1 Array(5)
 Rehearsal: Same block (block-1750420566249-5-qdajilukzyp-part-1), updating active line from 47 to 48
 [SETACTIVE] Called with index 48. Current style: rehearsal
 Rehearsal mode: Setting active line 48
 Rehearsal line with index 48 not found
_activateLineInBlock @ lyrics-display.js:3243
 BlockLoopControl: Активный блок изменился
 BlockLoopControl: Строка 48 принадлежит текущему зацикленному блоку Block 6 (продолжение 2), зацикливание продолжается
 BlockLoopControl: LOOP CHECK - Current: 141.58s, Start: 137.14s, End: 146.37s
 BlockLoopControl: LOOP CHECK - Current: 142.13s, Start: 137.14s, End: 146.37s
 BlockLoopControl: LOOP CHECK - Current: 142.63s, Start: 137.14s, End: 146.37s
 BlockLoopControl: LOOP CHECK - Current: 143.14s, Start: 137.14s, End: 146.37s
 BlockLoopControl: LOOP CHECK - Current: 143.68s, Start: 137.14s, End: 146.37s
 BlockLoopControl: LOOP CHECK - Current: 144.19s, Start: 137.14s, End: 146.37s
 Rehearsal: Line changing from 48 to 49
 Splitting block "Block 2" (9 lines) into 2 parts with ~5 lines each
   Part 1: lines 0-4 (5 lines)
   Part 2: lines 5-8 (4 lines)
 Splitting block "Block 3" (10 lines) into 2 parts with ~5 lines each
   Part 1: lines 0-4 (5 lines)
   Part 2: lines 5-9 (5 lines)
 Splitting block "Block 5" (10 lines) into 2 parts with ~5 lines each
   Part 1: lines 0-4 (5 lines)
   Part 2: lines 5-9 (5 lines)
 Splitting block "Block 6" (10 lines) into 2 parts with ~5 lines each
   Part 1: lines 0-4 (5 lines)
   Part 2: lines 5-9 (5 lines)
 Splitting block "Block 10" (9 lines) into 2 parts with ~5 lines each
   Part 1: lines 0-4 (5 lines)
   Part 2: lines 5-8 (4 lines)
 Rehearsal: Current line 48 belongs to block: block-1750420566249-5-qdajilukzyp-part-1 Array(5)
 Rehearsal: New line 49 belongs to block: block-1750420566249-5-qdajilukzyp-part-1 Array(5)
 Rehearsal: Same block (block-1750420566249-5-qdajilukzyp-part-1), updating active line from 48 to 49
 [SETACTIVE] Called with index 49. Current style: rehearsal
 Rehearsal mode: Setting active line 49
 Rehearsal line with index 49 not found
_activateLineInBlock @ lyrics-display.js:3243
 BlockLoopControl: Активный блок изменился
 BlockLoopControl: Строка 49 принадлежит текущему зацикленному блоку Block 6 (продолжение 2), зацикливание продолжается
 BlockLoopControl: LOOP CHECK - Current: 144.69s, Start: 137.14s, End: 146.37s
 BlockLoopControl: LOOP CHECK - Current: 145.18s, Start: 137.14s, End: 146.37s
 🔇 Глубокая тишина - очистка нот
 🛑 Принудительная остановка всех нот (deep_silence), активных: 1
 BlockLoopControl: LOOP CHECK - Current: 145.68s, Start: 137.14s, End: 146.37s
 🚫 Блокирована очевидная гармоника: 613.5Hz (2.01x от 305.6Hz, ясность: 82.8%)
 🔇 Глубокая тишина - очистка нот
 🛑 Принудительная остановка всех нот (deep_silence), активных: 1
 BlockLoopControl: LOOP CHECK - Current: 146.23s, Start: 137.14s, End: 146.37s
 🔄 BlockLoopControl: LOOP TRIGGER! End reached at 146.28s, jumping to start 137.14s
 ⏰ СИНХРО: Позиция установлена 137.14с
 Rehearsal: Line changing from 49 to 45
 Splitting block "Block 2" (9 lines) into 2 parts with ~5 lines each
   Part 1: lines 0-4 (5 lines)
   Part 2: lines 5-8 (4 lines)
 Splitting block "Block 3" (10 lines) into 2 parts with ~5 lines each
   Part 1: lines 0-4 (5 lines)
   Part 2: lines 5-9 (5 lines)
 Splitting block "Block 5" (10 lines) into 2 parts with ~5 lines each
   Part 1: lines 0-4 (5 lines)
   Part 2: lines 5-9 (5 lines)
 Splitting block "Block 6" (10 lines) into 2 parts with ~5 lines each
   Part 1: lines 0-4 (5 lines)
   Part 2: lines 5-9 (5 lines)
 Splitting block "Block 10" (9 lines) into 2 parts with ~5 lines each
   Part 1: lines 0-4 (5 lines)
   Part 2: lines 5-8 (4 lines)
 Rehearsal: Current line 49 belongs to block: block-1750420566249-5-qdajilukzyp-part-1 Array(5)
 Rehearsal: New line 45 belongs to block: block-1750420566249-5-qdajilukzyp-part-1 Array(5)
 Rehearsal: Same block (block-1750420566249-5-qdajilukzyp-part-1), updating active line from 49 to 45
 [SETACTIVE] Called with index 45. Current style: rehearsal
 Rehearsal mode: Setting active line 45
 Rehearsal line with index 45 not found
_activateLineInBlock @ lyrics-display.js:3243
 BlockLoopControl: Активный блок изменился
 BlockLoopControl: Строка 45 принадлежит текущему зацикленному блоку Block 6 (продолжение 2), зацикливание продолжается
 🔇 Глубокая тишина - очистка нот
 🛑 Принудительная остановка всех нот (deep_silence), активных: 1
 BlockLoopControl: LOOP CHECK - Current: 137.64s, Start: 137.14s, End: 146.37s
 🔇 Глубокая тишина - очистка нот
 🛑 Принудительная остановка всех нот (deep_silence), активных: 1
 BlockLoopControl: Остановка зацикливания
 🔇 Глубокая тишина - очистка нот
 🛑 Принудительная остановка всех нот (deep_silence), активных: 1
 🔇 Глубокая тишина - очистка нот
 🛑 Принудительная остановка всех нот (deep_silence), активных: 1
 Rehearsal: Line changing from 45 to 46
 Splitting block "Block 2" (9 lines) into 2 parts with ~5 lines each
   Part 1: lines 0-4 (5 lines)
   Part 2: lines 5-8 (4 lines)
 Splitting block "Block 3" (10 lines) into 2 parts with ~5 lines each
   Part 1: lines 0-4 (5 lines)
   Part 2: lines 5-9 (5 lines)
 Splitting block "Block 5" (10 lines) into 2 parts with ~5 lines each
   Part 1: lines 0-4 (5 lines)
   Part 2: lines 5-9 (5 lines)
 Splitting block "Block 6" (10 lines) into 2 parts with ~5 lines each
   Part 1: lines 0-4 (5 lines)
   Part 2: lines 5-9 (5 lines)
 Splitting block "Block 10" (9 lines) into 2 parts with ~5 lines each
   Part 1: lines 0-4 (5 lines)
   Part 2: lines 5-8 (4 lines)
 Rehearsal: Current line 45 belongs to block: block-1750420566249-5-qdajilukzyp-part-1 Array(5)
 Rehearsal: New line 46 belongs to block: block-1750420566249-5-qdajilukzyp-part-1 Array(5)
 Rehearsal: Same block (block-1750420566249-5-qdajilukzyp-part-1), updating active line from 45 to 46
 [SETACTIVE] Called with index 46. Current style: rehearsal
 Rehearsal mode: Setting active line 46
 Rehearsal line with index 46 not found
_activateLineInBlock @ lyrics-display.js:3243
 BlockLoopControl: Активный блок изменился
 BlockLoopControl: _createLoopButtonForCurrentBlock called
 BlockLoopControl: lyricsDisplay.currentActiveBlock: Object
 BlockLoopControl: lyricsDisplay.textBlocks: Array(11)
 BlockLoopControl: Создаем кнопку для активного блока репетиции: Block 6 (продолжение 2)
 BlockLoopControl: _createLoopButton called for block: Block 6 (продолжение 2)
 BlockLoopControl: blockElement found: true
 BlockLoopControl: Кнопка создана для блока: Block 6 (продолжение 2)
 🔇 Глубокая тишина - очистка нот
 🛑 Принудительная остановка всех нот (deep_silence), активных: 1
 ⏰ СИНХРО: Позиция установлена 54.94с
 Rehearsal: Line changing from 46 to 17
 Splitting block "Block 2" (9 lines) into 2 parts with ~5 lines each
   Part 1: lines 0-4 (5 lines)
   Part 2: lines 5-8 (4 lines)
 Splitting block "Block 3" (10 lines) into 2 parts with ~5 lines each
   Part 1: lines 0-4 (5 lines)
   Part 2: lines 5-9 (5 lines)
 Splitting block "Block 5" (10 lines) into 2 parts with ~5 lines each
   Part 1: lines 0-4 (5 lines)
   Part 2: lines 5-9 (5 lines)
 Splitting block "Block 6" (10 lines) into 2 parts with ~5 lines each
   Part 1: lines 0-4 (5 lines)
   Part 2: lines 5-9 (5 lines)
 Splitting block "Block 10" (9 lines) into 2 parts with ~5 lines each
   Part 1: lines 0-4 (5 lines)
   Part 2: lines 5-8 (4 lines)
 Rehearsal: Current line 46 belongs to block: block-1750420566249-5-qdajilukzyp-part-1 Array(5)
rtf-parser.js:849 Rehearsal: New line 17 belongs to block: block-1750420566248-2-zc0sb7hao9-part-0 Array(5)
rtf-parser.js:849 Rehearsal: *** BLOCK CHANGED *** from block-1750420566249-5-qdajilukzyp-part-1 to block-1750420566248-2-zc0sb7hao9-part-0
rtf-parser.js:849 Rehearsal: Line changed from 46 to 17
rtf-parser.js:849 Rehearsal: Current block lines: Array(5)
rtf-parser.js:849 Rehearsal: New block lines: Array(5)
rtf-parser.js:849 Splitting block "Block 2" (9 lines) into 2 parts with ~5 lines each
rtf-parser.js:849   Part 1: lines 0-4 (5 lines)
rtf-parser.js:849   Part 2: lines 5-8 (4 lines)
rtf-parser.js:849 Splitting block "Block 3" (10 lines) into 2 parts with ~5 lines each
rtf-parser.js:849   Part 1: lines 0-4 (5 lines)
rtf-parser.js:849   Part 2: lines 5-9 (5 lines)
rtf-parser.js:849 Splitting block "Block 5" (10 lines) into 2 parts with ~5 lines each
rtf-parser.js:849   Part 1: lines 0-4 (5 lines)
rtf-parser.js:849   Part 2: lines 5-9 (5 lines)
rtf-parser.js:849 Splitting block "Block 6" (10 lines) into 2 parts with ~5 lines each
rtf-parser.js:849   Part 1: lines 0-4 (5 lines)
rtf-parser.js:849   Part 2: lines 5-9 (5 lines)
rtf-parser.js:849 Splitting block "Block 10" (9 lines) into 2 parts with ~5 lines each
rtf-parser.js:849   Part 1: lines 0-4 (5 lines)
rtf-parser.js:849   Part 2: lines 5-8 (4 lines)
rtf-parser.js:849 >>> FONT_CALC_DEBUG >>> Lines: 5, FontSize: 2.66rem, LineHeight: 3.23rem
rtf-parser.js:849 🔇 Глубокая тишина - очистка нот
rtf-parser.js:849 🛑 Принудительная остановка всех нот (deep_silence), активных: 1
rtf-parser.js:849 🔇 Глубокая тишина - очистка нот
rtf-parser.js:849 🛑 Принудительная остановка всех нот (deep_silence), активных: 1
rtf-parser.js:849 Rehearsal: Line changing from 17 to 18
rtf-parser.js:849 Splitting block "Block 2" (9 lines) into 2 parts with ~5 lines each
rtf-parser.js:849   Part 1: lines 0-4 (5 lines)
rtf-parser.js:849   Part 2: lines 5-8 (4 lines)
rtf-parser.js:849 Splitting block "Block 3" (10 lines) into 2 parts with ~5 lines each
rtf-parser.js:849   Part 1: lines 0-4 (5 lines)
rtf-parser.js:849   Part 2: lines 5-9 (5 lines)
rtf-parser.js:849 Splitting block "Block 5" (10 lines) into 2 parts with ~5 lines each
rtf-parser.js:849   Part 1: lines 0-4 (5 lines)
rtf-parser.js:849   Part 2: lines 5-9 (5 lines)
rtf-parser.js:849 Splitting block "Block 6" (10 lines) into 2 parts with ~5 lines each
rtf-parser.js:849   Part 1: lines 0-4 (5 lines)
rtf-parser.js:849   Part 2: lines 5-9 (5 lines)
rtf-parser.js:849 Splitting block "Block 10" (9 lines) into 2 parts with ~5 lines each
rtf-parser.js:849   Part 1: lines 0-4 (5 lines)
rtf-parser.js:849   Part 2: lines 5-8 (4 lines)
rtf-parser.js:849 Rehearsal: Current line 17 belongs to block: block-1750420566248-2-zc0sb7hao9-part-0 Array(5)
rtf-parser.js:849 Rehearsal: New line 18 belongs to block: block-1750420566248-2-zc0sb7hao9-part-0 Array(5)
rtf-parser.js:849 Rehearsal: Same block (block-1750420566248-2-zc0sb7hao9-part-0), updating active line from 17 to 18
rtf-parser.js:849 [SETACTIVE] Called with index 18. Current style: rehearsal
rtf-parser.js:849 Rehearsal mode: Setting active line 18
lyrics-display.js:3243 Rehearsal line with index 18 not found
_activateLineInBlock @ lyrics-display.js:3243
rtf-parser.js:849 BlockLoopControl: Активный блок изменился
rtf-parser.js:849 BlockLoopControl: _createLoopButtonForCurrentBlock called
rtf-parser.js:849 BlockLoopControl: lyricsDisplay.currentActiveBlock: Object
rtf-parser.js:849 BlockLoopControl: lyricsDisplay.textBlocks: Array(11)
rtf-parser.js:849 BlockLoopControl: Создаем кнопку для активного блока репетиции: Block 3
rtf-parser.js:849 BlockLoopControl: _createLoopButton called for block: Block 3
rtf-parser.js:849 BlockLoopControl: blockElement found: true
rtf-parser.js:849 BlockLoopControl: Кнопка создана для блока: Block 3
rtf-parser.js:849 🔇 Глубокая тишина - очистка нот
rtf-parser.js:849 🛑 Принудительная остановка всех нот (deep_silence), активных: 1
rtf-parser.js:849 🔇 Глубокая тишина - очистка нот
rtf-parser.js:849 🛑 Принудительная остановка всех нот (deep_silence), активных: 1
rtf-parser.js:849 Key pressed: Space
rtf-parser.js:849 Space bar pressed, toggling playback
rtf-parser.js:849 ⏸️ ИНСТРУМЕНТАЛ: Пауза
rtf-parser.js:849 ⏸️ ВОКАЛ: Пауза
rtf-parser.js:849 isPlaying property set to: false
rtf-parser.js:849 Key pressed:  , key code: 32, waveform active: false
rtf-parser.js:849 🔍 Статический анализ: 379.9Hz (63.9%)
rtf-parser.js:849 🔍 Статический анализ: 368.9Hz (66.0%)
rtf-parser.js:849 Key pressed: MetaLeft
rtf-parser.js:849 Key pressed: Meta, key code: 91, waveform active: false
rtf-parser.js:849 Key pressed: ShiftLeft
rtf-parser.js:849 Key pressed: Shift, key code: 16, waveform active: false
rtf-parser.js:849 LoopBlockManager: Shift key pressed, multiple selection mode active
rtf-parser.js:849 LoopBlockManager: Shift key released, multiple selection mode deactivated
rtf-parser.js:849 Key pressed: MetaLeft
rtf-parser.js:849 Key pressed: Meta, key code: 91, waveform active: false
rtf-parser.js:849 Key pressed: AltLeft
rtf-parser.js:849 Key pressed: Alt, key code: 18, waveform active: false
rtf-parser.js:849 Key pressed: KeyJ
rtf-parser.js:849 Key pressed: j, key code: 74, waveform active: false
