 Initializing LoopBlock controls
 Audio not fully loaded yet, setting up delayed initialization
 🎭 MaskSystem: Обработчик кнопки подключен
 🚀 Инициализация Живой Ленты
 ✅ Живая Лента инициализирована
 🚀 Показываю Живую Ленту
 ✅ Живая Лента активирована
 beLive App initialized
 App initialized successfully
 🎭 MediaPipe: Начинаем загрузку библиотек...
 🎭 MediaPipe: Ожидание загрузки библиотек...
 🎭 MediaPipe: Все библиотеки загружены успешно
 🎭 MaskSystem: Официальный MediaPipe FaceMesh готов
 🏃 MaskSystem: MediaPipe Pose готов
 ✋ MaskSystem: MediaPipe Hands готов
 🤖 MaskSystem: MediaPipe Holistic готов
 🎨 MaskSystem: MediaPipe Selfie Segmentation готов
 🎭 MaskSystem: MediaPipe готов к использованию
 🎯 Background Effects Engine v2.0 инициализирован
 🔄 Инициализация Background Effects Engine...
 ✅ Background Effects Engine готов
 Загружено 3 треков из базы данных
 🎤 Запуск ТОЧНОГО анализа вокальной дорожки...
 🔊 Инициализация аудио для точной детекции...
 ✅ Используем audioEngine.audioContext
 ✅ Pitchy детектор готов для точной работы
 ✅ Подключен к ВОКАЛЬНОМУ узлу: GainNode
 ✅ ТОЧНЫЙ анализ запущен
 LiveMode: Запуск предварительной инициализации камеры
 LiveMode: Предварительная инициализация камеры...
 LoopBlockManager: Проверка доступности аудио (попытка 2/5)
 Проверка треков завершена успешно, проблем не обнаружено
 LoopBlockManager: Проверка доступности аудио (попытка 3/5)
 🎯 Начальная калибровка системы...
 🎯 ===== ЗАПУСК КАЛИБРОВОЧНЫХ ТЕСТОВ ПИТЧА =====
 📋 Тестируем расчет частот:
 ✅ C4: рассчитано=261.63Hz, ожидается=261.63Hz, ошибка=0.002%
 ✅ D4: рассчитано=293.66Hz, ожидается=293.66Hz, ошибка=0.002%
 ✅ E4: рассчитано=329.63Hz, ожидается=329.63Hz, ошибка=0.001%
 ✅ F4: рассчитано=349.23Hz, ожидается=349.23Hz, ошибка=0.001%
 ✅ G4: рассчитано=392.00Hz, ожидается=392Hz, ошибка=0.001%
 🎯 КАЛИБРОВКА: A4 = 440.00Hz (должно быть 440.00Hz)
 ✅ A4: рассчитано=440.00Hz, ожидается=440Hz, ошибка=0.000%
 ✅ B4: рассчитано=493.88Hz, ожидается=493.88Hz, ошибка=0.001%
 📋 Тестируем обратное преобразование:
 ✅ 261.63Hz → обнаружено="C4", ожидается="C4"
 ✅ 293.66Hz → обнаружено="D4", ожидается="D4"
 ✅ 329.63Hz → обнаружено="E4", ожидается="E4"
 ✅ 349.23Hz → обнаружено="F4", ожидается="F4"
 ✅ 392Hz → обнаружено="G4", ожидается="G4"
 ✅ 440Hz → обнаружено="A4", ожидается="A4"
 ✅ 493.88Hz → обнаружено="B4", ожидается="B4"
 📊 РЕЗУЛЬТАТЫ КАЛИБРОВКИ:
    Пройдено тестов: 14/14
    Процент успеха: 100.0%
    Средняя ошибка: 0.001%
 🎯 ✅ КАЛИБРОВКА ПИТЧА ПРОШЛА УСПЕШНО!
 🎯 ===== КАЛИБРОВОЧНЫЕ ТЕСТЫ ЗАВЕРШЕНЫ =====
 LiveMode: Доступ к камере получен при предварительной инициализации
 LiveMode: Получено 1 видеотреков. Активный: FaceTime HD Camera
 LiveMode: Предварительная инициализация камеры успешно завершена
 LiveMode: Доступ к камере получен при предварительной инициализации
 LiveMode: Получено 1 видеотреков. Активный: FaceTime HD Camera
 LiveMode: Предварительная инициализация камеры успешно завершена
 LiveMode: Предварительная инициализация камеры успешна
 🚀 Быстрый переход в режим: karaoke
 Switching to karaoke mode
 App: Сохраняем предыдущий режим: concert
 Activating karaoke mode
 Applying style: Караоке with scale 1.20
 TextStyleManager: Scaled font size from 1.4em to 1.68em
 LyricsDisplay: Setting style to Караоке
 [KARAOKE] DOM not found or empty in _renderLyrics, creating it.
 TextStyleManager: Scaled font size from 1.4em to 1.68em
 Applied style class to lyrics-container: style-karaoke
 Karaoke Background Manager: Starting slideshow...
 🚀 Скрываю Живую Ленту
 ✅ Возврат в классический зал
 🎨 _hideColorDropdown вызван
 ✅ Karaoke Background Manager: SUCCESSFULLY set background to Karaoke/prince-abid-LeZItQhwFks-unsplash.jpg
 LoopBlockManager: Аудио не загружено после 5 попыток. Для работы функций зацикливания необходимо загрузить аудиофайл.
_checkAudioAgain @ loopblock-manager.js:219
 TrackCatalog: openCatalog() called
 TrackCatalog: catalogContainer exists: true
 TrackCatalog: catalogContainer classes before: hidden
 TrackCatalog: catalogContainer classes after: 
 TrackCatalog: Catalog should now be visible
 🎨 _hideColorDropdown вызван
 🔄 Loading track: "Linkin Park - When They Come For Me[-]"
 🔄 StateManager: Starting HARD RESET of all components
 1. Resetting AudioEngine...
 AudioEngine: Starting reset...
 isPlaying property set to: false
 ⏹️ ГИБРИД: Остановлен и сброшен
 🧹 СПРИНТЕР: Ресурсы очищены
 AudioEngine: Reset completed successfully
 ✅ AudioEngine reset complete
 2. Resetting LyricsDisplay...
 💥 LyricsDisplay: Performing full reset.
 ✅ LyricsDisplay: Full reset complete. All lyric data and DOM elements cleared.
 ✅ LyricsDisplay full reset complete
 3. Resetting TextStyleManager...
 💥 TextStyleManager: Full reset initiated.
 ✅ TextStyleManager: Reset complete. All states and caches cleared.
 ✅ TextStyleManager reset complete.
 🎉 StateManager: HARD RESET completed successfully
 ✅ All components ready for new track
 ⏱️ HARD_RESET_TIME: 1.132080078125 ms
 TrackCatalog: Set waveformEditor.lastLoadedFile to Linkin Park-When They Come for Me.rtf
 TrackCatalog: Set waveformEditor.currentTrackId to 1750901713330
 TrackCatalog: Found 15 blocks. Preparing them for rendering after audio load.
 LyricsDisplay: Loading 15 imported blocks.
 Block 0 loaded: id="block-1750955814266-0-nzbolfhttj", name="Block 1", lines=8
 Block 1 loaded: id="1", name="Block 2", lines=4
 Block 2 loaded: id="2", name="Block 3", lines=5
 Block 3 loaded: id="3", name="Block 4", lines=1
 Block 4 loaded: id="4", name="Block 5", lines=1
 Block 5 loaded: id="5", name="Block 6", lines=8
 Block 6 loaded: id="6", name="Block 7", lines=5
 Block 7 loaded: id="7", name="Block 8", lines=1
 Block 8 loaded: id="8", name="Block 9", lines=1
 Block 9 loaded: id="9", name="Block 10", lines=9
 Block 10 loaded: id="10", name="Block 11", lines=1
 Block 11 loaded: id="11", name="Block 12", lines=1
 Block 12 loaded: id="12", name="Block 13", lines=1
 Block 13 loaded: id="13", name="Block 14", lines=1
 Block 14 loaded: id="14", name="Block 15", lines=2
 LyricsDisplay: Skipping render as requested by shouldRender=false
 LyricsDisplay: Successfully loaded 15 blocks, total lyric lines: 49.
 LyricsDisplay: Updated marker colors after loading blocks
 ⏱️ LYRICS_PREPARE_TIME: 4.633056640625 ms
 ⏱️ BLOB_CREATION_TIME: 101.403076171875 ms
 🚀 ГИБРИД: Загрузка двойного потока
 isPlaying property set to: false
 ⏹️ ГИБРИД: Остановлен и сброшен
 🔧 БЕЗОПАСНЫЙ URL: Конвертируем blob:null в data URL: blob:null/1d47d10e-61af-47c2-aeb8-72e3bbf48b95...
 🎨 _hideColorDropdown вызван
 ✅ ИНСТРУМЕНТАЛ ГОТОВ! Длительность: 295.60с
 Audio ready detected via timer, initializing LoopBlockManager
 LoopBlockManager already initialized
 ✅ БЕЗОПАСНЫЙ URL: Создан data URL размером 58360130 байт
 🔧 БЕЗОПАСНЫЙ URL: Конвертируем blob:null в data URL: blob:null/41d4bd76-3564-4143-9da6-0a6b4e64d157...
 ✅ БЕЗОПАСНЫЙ URL: Создан data URL размером 11826198 байт
 ⏱️ HYBRID_ENGINE_LOAD_TIME: 1054.922119140625 ms
 🎯 ГИБРИД: Рассинхронизация устранена!
 WaveformEditor: Vocal audio data not available
_drawWaveformData @ waveform-editor.js:1458
 🚀 Скрываю Живую Ленту
 ✅ Возврат в классический зал
 Applying style: Караоке with scale 1.20
 TextStyleManager: Scaled font size from 1.4em to 1.68em
 LyricsDisplay: Setting style to Караоке
 [KARAOKE] DOM not found or empty in _renderLyrics, creating it.
 TextStyleManager: Scaled font size from 1.4em to 1.68em
 ⏱️ AUDIO_LOAD_TIME: 1057.343017578125 ms
 Loading 49 markers for track Linkin Park - When They Come For Me[-]
 Validating 49 markers for 49 lyric lines
 Kept 49 valid markers out of 49
 WaveformEditor: Vocal audio data not available
_drawWaveformData @ waveform-editor.js:1458
 🚀 Скрываю Живую Ленту
 ✅ Возврат в классический зал
 Applying style: Караоке with scale 1.20
 TextStyleManager: Scaled font size from 1.4em to 1.68em
 LyricsDisplay: Setting style to Караоке
 TextStyleManager: Scaled font size from 1.4em to 1.68em
 🎵 АВТОПЛЕЙ: Запуск воспроизведения...
 ✅ Track "Linkin Park - When They Come For Me[-]" loaded successfully
 ✅ ВОКАЛ ГОТОВ! Длительность: 295.60с
 🎤 ВОКАЛ ПОДКЛЮЧЕН к аудио-контексту
 🎨 StateManager: Forcing text rerender in current mode
 🎤 Karaoke mode detected, should work correctly
 ⏱️ FINAL_RENDER_TIME: 104.26708984375 ms
 ⏱️ TOTAL_TRACK_LOAD_TIME: 1271.2158203125 ms
 ▶️ ИНСТРУМЕНТАЛ: Воспроизведение начато
 🎤 ВОКАЛ: Синхронизирован и воспроизводится
 isPlaying property set to: true
 ✅ АВТОПЛЕЙ: Воспроизведение начато успешно
 ⏰ СИНХРО: Позиция установлена 63.34с
 🎨 _hideColorDropdown вызван
 TextStyleManager: Scaled font size from 1.4em to 1.68em
 🚫 Октавный скачок заблокирован: 857.5Hz → 238.0Hz за 39мс (ratio: 0.28)
 ✅ Октавный переход разрешен: 857.5Hz → 234.7Hz за 57мс (ratio: 0.27)
 🔇 Глубокая тишина - очистка нот
 🛑 Принудительная остановка всех нот (deep_silence), активных: 1
 TextStyleManager: Scaled font size from 1.4em to 1.68em
 Switching to rehearsal mode
 App: Сохраняем предыдущий режим: karaoke
 Activating rehearsal mode
 Karaoke Background Manager: Stopping slideshow...
 Applying style: Репетиция with scale 1.00
 LyricsDisplay: Setting style to Репетиция
 Activating Rehearsal Display with blocks: Array(15)
 Rendering lyrics. Current style ID: rehearsal
 Splitting block "Block 10" (9 lines) into 2 parts with ~5 lines each
   Part 1: lines 0-4 (5 lines)
   Part 2: lines 5-8 (4 lines)
 Rehearsal: Current line: 4, Total blocks: 16
 Rehearsal: DETAILED Block structure:
   Block 0 (block-1750955814266-0-nzbolfhttj): name="Block 1", lines=[0,1,2,3,4,5,6,7]
     Content preview: "I am not a pattern to be followed
The pill that I'm on is a tough one to swallow
I'm not a criminal,"
       Line 0: "I am not a pattern to be followed"
       Line 1: "The pill that I'm on is a tough one to swallow"
       Line 2: "I'm not a criminal, not a role model"
       Line 3: "Not a born leader I'm a tough act to follow"
       Line 4: "I am not the fortune and the fame"
       Line 5: "Nor the same person telling you to forfeit the game"
       Line 6: "I came in the ring like a dog on a chain"
       Line 7: "And I found out the underbelly's sicker than it seems"
   Block 1 (1): name="Block 2", lines=[8,9,10,11]
     Content preview: "And it seems ugly, but it can get worse
use even a blueprint is a gift and a curse
use once you got "
       Line 8: "And it seems ugly, but it can get worse"
       Line 9: "use even a blueprint is a gift and a curse"
       Line 10: "use once you got a theory of how the thing works"
       Line 11: "Everybody wants the next thing to be just like the first"
   Block 2 (2): name="Block 3", lines=[12,13,14,15,16]
     Content preview: "And I'm not a robot
I'm not a monkey
I will not dance even if the beat's funky"
       Line 12: "And I'm not a robot"
       Line 13: "I'm not a monkey"
       Line 14: "I will not dance even if the beat's funky"
       Line 15: "Opposite of lazy, far from a punk"
       Line 16: "Ya'll ought to stop talking start trying to catch up motherfucker"
   Block 3 (3): name="Block 4", lines=[17]
     Content preview: "And all the people say"
       Line 17: "And all the people say"
   Block 4 (4): name="Block 5", lines=[18]
     Content preview: "Try to catch up motherfucker"
       Line 18: "Try to catch up motherfucker"
   Block 5 (5): name="Block 6", lines=[19,20,21,22,23,24,25,26]
     Content preview: "Lauryn said, money change a situation
Big said, it increase the complication
Kane said, don't step, "
       Line 19: "Lauryn said, money change a situation"
       Line 20: "Big said, it increase the complication"
       Line 21: "Kane said, don't step, I ain't the one"
       Line 22: "Chuck said, that uzi weigh a motherfuckin' ton"
       Line 23: "And I'm just a student of the game that they taught me"
       Line 24: "Rockin' every stage in every place that it brought me"
       Line 25: "I'm awfully underrated, but came here to correct it"
       Line 26: "And so it ain't mistaken I'ma state it for the record"
   Block 6 (6): name="Block 7", lines=[27,28,29,30,31]
     Content preview: "I am the opposite of wack, opposite of weak
Opposite of slack, synonym of heat
Synonym of crack, clo"
       Line 27: "I am the opposite of wack, opposite of weak"
       Line 28: "Opposite of slack, synonym of heat"
       Line 29: "Synonym of crack, closest to a peak"
       Line 30: "Far from a punk"
       Line 31: "Ya'll ought to stop talking, start trying to catch up motherfucker"
   Block 7 (7): name="Block 8", lines=[32]
     Content preview: "And all the people say"
       Line 32: "And all the people say"
   Block 8 (8): name="Block 9", lines=[33]
     Content preview: "Try to catch up motherfucker"
       Line 33: "Try to catch up motherfucker"
   Block 9 (9-part-0): name="Block 10", lines=[34,35,36,37,38]
     Content preview: "Oh, when they come for me
Come for me
I'll be gone"
       Line 34: "Oh, when they come for me"
       Line 35: "Come for me"
       Line 36: "I'll be gone"
       Line 37: "Oh, when they come for me"
       Line 38: "Come for me"
   Block 10 (9-part-1): name="Block 10 (продолжение 2)", lines=[39,40,41,42]
     Content preview: "I'll be gone
Oh, when they come for me
Come for me"
       Line 39: "I'll be gone"
       Line 40: "Oh, when they come for me"
       Line 41: "Come for me"
       Line 42: "I'll be gone"
   Block 11 (10): name="Block 11", lines=[43]
     Content preview: "And all the people say"
       Line 43: "And all the people say"
   Block 12 (11): name="Block 12", lines=[44]
     Content preview: "Try to catch up motherfucker"
       Line 44: "Try to catch up motherfucker"
   Block 13 (12): name="Block 13", lines=[45]
     Content preview: "And all the people say"
       Line 45: "And all the people say"
   Block 14 (13): name="Block 14", lines=[46]
     Content preview: "Try to catch up motherfucker"
       Line 46: "Try to catch up motherfucker"
   Block 15 (14): name="Block 15", lines=[47,48]
     Content preview: "Presten atenciуn todos
Toda la gente preste atenciуn, escъchenme ahora mismo"
       Line 47: "Presten atenciуn todos"
       Line 48: "Toda la gente preste atenciуn, escъchenme ahora mismo"
 Rehearsal: Looking for block containing line 4
   Checking block 0: lineIndices=[0,1,2,3,4,5,6,7]
   ✓ Found! Block 0 contains line 4
 Rehearsal: Found active block at index 0 with lines: Array(8)
 Rehearsal: Active block 0: Object
 >>> FONT_CALC_DEBUG >>> Lines: 8, FontSize: 2.10rem, LineHeight: 2.72rem
 Rehearsal: Activated line 4 in block with transition: none
 Rehearsal: Next block preview for block 1: Object
 Rehearsal: Preview lines: Array(2)
 Rehearsal: Adding preview line 8: "And it seems ugly, but it can get worse"
 Rehearsal: Adding preview line 9: "use even a blueprint is a gift and a curse"
 Rehearsal: Preview container added with 2 lines
 Rehearsal mode: Rendered active block 0 with next block preview
 [SETACTIVE] Called with index 4. Current style: rehearsal
 Rehearsal mode: Setting active line 4
 Activating rehearsal line at index 4
 BlockLoopControl: Активирован
 BlockLoopControl: _createLoopButtonForCurrentBlock called
 BlockLoopControl: lyricsDisplay.currentActiveBlock: Object
 BlockLoopControl: lyricsDisplay.textBlocks: Array(15)
 BlockLoopControl: Создаем кнопку для активного блока репетиции: Block 1
 BlockLoopControl: _createLoopButton called for block: Block 1
 BlockLoopControl: Кнопка удалена, drag boundaries остаются активными
 BlockLoopControl: blockElement found: true
 [DragBoundary] Активация для блока: Block 1
 [DragBoundary] Установлены границы по умолчанию: 0 - 7
 [DragBoundary] Создание интерактивных линий границ
 [DragBoundary] Создана стартовая линия для строки 0
 [DragBoundary] Создана финишная линия для строки 7
 [DragBoundary] Обновлены визуальные состояния. Диапазон: 0-7
 [DragBoundary] Контроллер активирован
 BlockLoopControl: Создана кнопка для блока: Block 1
 BlockLoopControl: Кнопка создана для блока: Block 1
 🛡️ AUTO RECOVERY: System started (checking every 2s)
 🚀 Скрываю Живую Ленту
 ✅ Возврат в классический зал
 🎨 _hideColorDropdown вызван
 Rehearsal: Auto-scrolling to active line in large block
 🔇 Глубокая тишина - очистка нот
 🛑 Принудительная остановка всех нот (deep_silence), активных: 1
 🔇 Глубокая тишина - очистка нот
 🛑 Принудительная остановка всех нот (deep_silence), активных: 1
 BlockLoopControl: Запуск зацикливания блока: Block 1
 🎯 USING USER BOUNDARIES: Lines 0-7 = 53.98s-74.75s
 BlockLoopControl: Временные границы лупа: 53.98s - 74.75s
 BlockLoopControl: Зацикливание установлено, воспроизведение продолжается без прерывания
 BlockLoopControl: Добавлена оранжевая окантовка блока
 BlockLoopControl: Зацикливание активно 53.97683974339682s - 74.745106s (без прерывания воспроизведения)
 🎨 _hideColorDropdown вызван
 🚫 Блокирована очевидная гармоника: 502.9Hz (1.99x от 253.2Hz, ясность: 89.2%)
 🚫 Блокирована очевидная гармоника: 499.2Hz (1.97x от 253.2Hz, ясность: 88.2%)
 Rehearsal: Line changing from 4 to 5
 Splitting block "Block 10" (9 lines) into 2 parts with ~5 lines each
   Part 1: lines 0-4 (5 lines)
   Part 2: lines 5-8 (4 lines)
 Rehearsal: Current line 4 belongs to block: block-1750955814266-0-nzbolfhttj Array(8)
 Rehearsal: New line 5 belongs to block: block-1750955814266-0-nzbolfhttj Array(8)
 Rehearsal: Same block (block-1750955814266-0-nzbolfhttj), updating active line from 4 to 5
 [SETACTIVE] Called with index 5. Current style: rehearsal
 Rehearsal mode: Setting active line 5
 Activating rehearsal line at index 5
 📡 BLOCK CHANGE EVENT received
    Current loop block: Block 1 (ID: block-1750955814266-0-nzbolfhttj)
    New active block: Block 1 (ID: block-1750955814266-0-nzbolfhttj)
    Loop is active: true
    Seeking in progress: false
 🎯 LOOP IS ACTIVE: Checking user boundaries
    DragBoundaryController exists: true
    DragBoundaryController is active: true
    Has user defined boundaries: false
 🎯 USER BOUNDARY DETAILED CHECK:
    Current line index: -1
    Boundaries object: Object
 🎯 USER BOUNDARY CHECK:
    Current line: -1
    User boundaries: 0 - 7
    Within boundaries: false
 🚨 LINE OUTSIDE USER BOUNDARIES: Line -1 is outside user range 0-7, checking other conditions
    Same block ID: true
    Same block name: true
    Current block lines: [0,1,2,3,4,5,6,7]
    New block lines: [0,1,2,3,4,5,6,7]
    Same lines: true
 BlockLoopControl: Calculating time range for block "Block 1" with lines [0,1,2,3,4,5,6,7]
 BlockLoopControl: Available markers count: 49
 BlockLoopControl: Block line range: 0 to 7
 BlockLoopControl: Found start marker for line 0: 53.98s
 BlockLoopControl: Searching for end marker after line 7
 BlockLoopControl: Found end marker (first of next block) for line 8: 74.75s
 BlockLoopControl: Block "Block 1" LOOP BOUNDS: START=53.98s END=74.75s (duration: 20.77s)
 BlockLoopControl: Calculating time range for block "Block 1" with lines [0,1,2,3,4,5,6,7]
 BlockLoopControl: Available markers count: 49
 BlockLoopControl: Block line range: 0 to 7
 BlockLoopControl: Found start marker for line 0: 53.98s
 BlockLoopControl: Searching for end marker after line 7
 BlockLoopControl: Found end marker (first of next block) for line 8: 74.75s
 BlockLoopControl: Block "Block 1" LOOP BOUNDS: START=53.98s END=74.75s (duration: 20.77s)
    Current time range: 53.977s - 74.745s
    New time range: 53.977s - 74.745s
    Time difference: 0.000s
    Same time range: true
 ✅ SAME BLOCK CONFIRMED: Not stopping loop - this is the same block
 🎯 Высокая ясность (90.6%) - принимаем возможную гармонику: 121.8Hz
 ✅ Октавный переход разрешен: 241.6Hz → 121.8Hz за 220мс (ratio: 0.50)
 🚫 Октавный скачок заблокирован: 121.8Hz → 238.0Hz за 29мс (ratio: 1.95)
 🔍 LOOP DIAGNOSTIC #10:
      Current: 66.733s
      Loop Range: 53.977s - 74.745s
      End Threshold: 74.695s
      Time Since Last Jump: 1750955821.245s
      Audio State: playing
 ✅ LOOP SAFE: 8.0s until loop end
 Rehearsal mode: Auto-returned to top after scroll event
 🔍 LOOP DIAGNOSTIC #20:
      Current: 67.235s
      Loop Range: 53.977s - 74.745s
      End Threshold: 74.695s
      Time Since Last Jump: 1750955821.746s
      Audio State: playing
 ✅ LOOP SAFE: 7.5s until loop end
 🔍 LOOP DIAGNOSTIC #30:
      Current: 67.735s
      Loop Range: 53.977s - 74.745s
      End Threshold: 74.695s
      Time Since Last Jump: 1750955822.25s
      Audio State: playing
 ✅ LOOP SAFE: 7.0s until loop end
 ⏰ СИНХРО: Позиция установлена 55.18с
 🎨 _hideColorDropdown вызван
 Rehearsal: Line changing from 5 to 0
 Splitting block "Block 10" (9 lines) into 2 parts with ~5 lines each
   Part 1: lines 0-4 (5 lines)
   Part 2: lines 5-8 (4 lines)
 Rehearsal: Current line 5 belongs to block: block-1750955814266-0-nzbolfhttj Array(8)
 Rehearsal: New line 0 belongs to block: block-1750955814266-0-nzbolfhttj Array(8)
 Rehearsal: Same block (block-1750955814266-0-nzbolfhttj), updating active line from 5 to 0
 [SETACTIVE] Called with index 0. Current style: rehearsal
 Rehearsal mode: Setting active line 0
 Activating rehearsal line at index 0
 📡 BLOCK CHANGE EVENT received
    Current loop block: Block 1 (ID: block-1750955814266-0-nzbolfhttj)
    New active block: Block 1 (ID: block-1750955814266-0-nzbolfhttj)
    Loop is active: true
    Seeking in progress: false
 🎯 LOOP IS ACTIVE: Checking user boundaries
    DragBoundaryController exists: true
    DragBoundaryController is active: true
    Has user defined boundaries: false
 🎯 USER BOUNDARY DETAILED CHECK:
    Current line index: -1
    Boundaries object: Object
 🎯 USER BOUNDARY CHECK:
    Current line: -1
    User boundaries: 0 - 7
    Within boundaries: false
 🚨 LINE OUTSIDE USER BOUNDARIES: Line -1 is outside user range 0-7, checking other conditions
    Same block ID: true
    Same block name: true
    Current block lines: [0,1,2,3,4,5,6,7]
    New block lines: [0,1,2,3,4,5,6,7]
    Same lines: true
 BlockLoopControl: Calculating time range for block "Block 1" with lines [0,1,2,3,4,5,6,7]
 BlockLoopControl: Available markers count: 49
 BlockLoopControl: Block line range: 0 to 7
 BlockLoopControl: Found start marker for line 0: 53.98s
 BlockLoopControl: Searching for end marker after line 7
 BlockLoopControl: Found end marker (first of next block) for line 8: 74.75s
 BlockLoopControl: Block "Block 1" LOOP BOUNDS: START=53.98s END=74.75s (duration: 20.77s)
 BlockLoopControl: Calculating time range for block "Block 1" with lines [0,1,2,3,4,5,6,7]
 BlockLoopControl: Available markers count: 49
 BlockLoopControl: Block line range: 0 to 7
 BlockLoopControl: Found start marker for line 0: 53.98s
 BlockLoopControl: Searching for end marker after line 7
 BlockLoopControl: Found end marker (first of next block) for line 8: 74.75s
 BlockLoopControl: Block "Block 1" LOOP BOUNDS: START=53.98s END=74.75s (duration: 20.77s)
    Current time range: 53.977s - 74.745s
    New time range: 53.977s - 74.745s
    Time difference: 0.000s
    Same time range: true
 ✅ SAME BLOCK CONFIRMED: Not stopping loop - this is the same block
 🔇 Глубокая тишина - очистка нот
 🛑 Принудительная остановка всех нот (deep_silence), активных: 1
 🔍 LOOP DIAGNOSTIC #40:
      Current: 55.410s
      Loop Range: 53.977s - 74.745s
      End Threshold: 74.695s
      Time Since Last Jump: 1750955822.746s
      Audio State: playing
 ✅ LOOP SAFE: 19.3s until loop end
 🔍 LOOP DIAGNOSTIC #50:
      Current: 55.910s
      Loop Range: 53.977s - 74.745s
      End Threshold: 74.695s
      Time Since Last Jump: 1750955823.25s
      Audio State: playing
 ✅ LOOP SAFE: 18.8s until loop end
 Rehearsal mode: Auto-returned to top after scroll event
 [DragBoundary] Начато перетаскивание end линии
 [DragBoundary] Drag начат для end границы
 🔍 LOOP DIAGNOSTIC #60:
      Current: 56.409s
      Loop Range: 53.977s - 74.745s
      End Threshold: 74.695s
      Time Since Last Jump: 1750955823.746s
      Audio State: playing
 ✅ LOOP SAFE: 18.3s until loop end
 🚫 Октавный скачок заблокирован: 210.4Hz → 411.5Hz за 16мс (ratio: 1.96)
 [DragBoundary] Показан призрачный предпоказ для строки 7
 [DragBoundary] Обновлены визуальные состояния. Диапазон: 0-7
 🚫 Октавный скачок заблокирован: 210.4Hz → 404.9Hz за 35мс (ratio: 1.92)
 [DragBoundary] Обновлены визуальные состояния. Диапазон: 0-7
 Rehearsal: Line changing from 0 to 1
 Splitting block "Block 10" (9 lines) into 2 parts with ~5 lines each
   Part 1: lines 0-4 (5 lines)
   Part 2: lines 5-8 (4 lines)
 Rehearsal: Current line 0 belongs to block: block-1750955814266-0-nzbolfhttj Array(8)
 Rehearsal: New line 1 belongs to block: block-1750955814266-0-nzbolfhttj Array(8)
 Rehearsal: Same block (block-1750955814266-0-nzbolfhttj), updating active line from 0 to 1
 [SETACTIVE] Called with index 1. Current style: rehearsal
 Rehearsal mode: Setting active line 1
 Activating rehearsal line at index 1
 📡 BLOCK CHANGE EVENT received
    Current loop block: Block 1 (ID: block-1750955814266-0-nzbolfhttj)
    New active block: Block 1 (ID: block-1750955814266-0-nzbolfhttj)
    Loop is active: true
    Seeking in progress: false
 🎯 LOOP IS ACTIVE: Checking user boundaries
    DragBoundaryController exists: true
    DragBoundaryController is active: true
    Has user defined boundaries: false
 🎯 USER BOUNDARY DETAILED CHECK:
    Current line index: -1
    Boundaries object: Object
 🎯 USER BOUNDARY CHECK:
    Current line: -1
    User boundaries: 0 - 7
    Within boundaries: false
 🚨 LINE OUTSIDE USER BOUNDARIES: Line -1 is outside user range 0-7, checking other conditions
    Same block ID: true
    Same block name: true
    Current block lines: [0,1,2,3,4,5,6,7]
    New block lines: [0,1,2,3,4,5,6,7]
    Same lines: true
 BlockLoopControl: Calculating time range for block "Block 1" with lines [0,1,2,3,4,5,6,7]
 BlockLoopControl: Available markers count: 49
 BlockLoopControl: Block line range: 0 to 7
 BlockLoopControl: Found start marker for line 0: 53.98s
 BlockLoopControl: Searching for end marker after line 7
 BlockLoopControl: Found end marker (first of next block) for line 8: 74.75s
 BlockLoopControl: Block "Block 1" LOOP BOUNDS: START=53.98s END=74.75s (duration: 20.77s)
 BlockLoopControl: Calculating time range for block "Block 1" with lines [0,1,2,3,4,5,6,7]
 BlockLoopControl: Available markers count: 49
 BlockLoopControl: Block line range: 0 to 7
 BlockLoopControl: Found start marker for line 0: 53.98s
 BlockLoopControl: Searching for end marker after line 7
 BlockLoopControl: Found end marker (first of next block) for line 8: 74.75s
 BlockLoopControl: Block "Block 1" LOOP BOUNDS: START=53.98s END=74.75s (duration: 20.77s)
    Current time range: 53.977s - 74.745s
    New time range: 53.977s - 74.745s
    Time difference: 0.000s
    Same time range: true
 ✅ SAME BLOCK CONFIRMED: Not stopping loop - this is the same block
 [DragBoundary] Показан призрачный предпоказ для строки 6
 [DragBoundary] Обновлены визуальные состояния. Диапазон: 0-6
 [DragBoundary] Показан призрачный предпоказ для строки 5
 [DragBoundary] Обновлены визуальные состояния. Диапазон: 0-5
 [DragBoundary] Показан призрачный предпоказ для строки 4
 [DragBoundary] Обновлены визуальные состояния. Диапазон: 0-4
 🚫 Блокирована очевидная гармоника: 195.4Hz (0.51x от 381.5Hz, ясность: 87.4%)
 [DragBoundary] Обновлены визуальные состояния. Диапазон: 0-4
 🚫 Блокирована очевидная гармоника: 196.3Hz (0.51x от 381.5Hz, ясность: 72.7%)
 [DragBoundary] Обновлены визуальные состояния. Диапазон: 0-4
 ✅ Октавный переход разрешен: 381.5Hz → 197.8Hz за 135мс (ratio: 0.52)
 [DragBoundary] Обновлены визуальные состояния. Диапазон: 0-4
 [DragBoundary] Показан призрачный предпоказ для строки 3
 [DragBoundary] Обновлены визуальные состояния. Диапазон: 0-3
 [DragBoundary] Обновлены визуальные состояния. Диапазон: 0-3
 [DragBoundary] Обновлены визуальные состояния. Диапазон: 0-3
 [DragBoundary] Обновлены визуальные состояния. Диапазон: 0-3
 [DragBoundary] Обновлены визуальные состояния. Диапазон: 0-3
 [DragBoundary] Обновлены визуальные состояния. Диапазон: 0-3
 [DragBoundary] Обновлены визуальные состояния. Диапазон: 0-3
 [DragBoundary] Обновлены визуальные состояния. Диапазон: 0-3
 [DragBoundary] Обновлены визуальные состояния. Диапазон: 0-3
 🎯 Высокая ясность (92.4%) - принимаем возможную гармонику: 492.3Hz
 ✅ Октавный переход разрешен: 248.0Hz → 492.3Hz за 72мс (ratio: 1.98)
 [DragBoundary] Обновлены визуальные состояния. Диапазон: 0-3
 🎯 Высокая ясность (99.4%) - принимаем возможную гармонику: 245.4Hz
 🚫 Октавный скачок заблокирован: 492.3Hz → 245.4Hz за 16мс (ratio: 0.50)
 [DragBoundary] Обновлены визуальные состояния. Диапазон: 0-3
 🚫 Октавный скачок заблокирован: 492.3Hz → 245.3Hz за 36мс (ratio: 0.50)
 [DragBoundary] Обновлены визуальные состояния. Диапазон: 0-3
 ✅ Октавный переход разрешен: 492.3Hz → 245.1Hz за 47мс (ratio: 0.50)
 [DragBoundary] Обновлены визуальные состояния. Диапазон: 0-3
 [DragBoundary] Обновлены визуальные состояния. Диапазон: 0-3
 [DragBoundary] Обновлены визуальные состояния. Диапазон: 0-3
 [DragBoundary] Обновлены визуальные состояния. Диапазон: 0-3
 [DragBoundary] Обновлены визуальные состояния. Диапазон: 0-3
 🔍 LOOP DIAGNOSTIC #70:
      Current: 57.110s
      Loop Range: 53.977s - 74.745s
      End Threshold: 74.695s
      Time Since Last Jump: 1750955824.446s
      Audio State: playing
 ✅ LOOP SAFE: 17.6s until loop end
 [DragBoundary] Окончание перетаскивания
 [DragBoundary] Применение изменения: end -> 3
 [DragBoundary] Создание интерактивных линий границ
 [DragBoundary] Создана стартовая линия для строки 0
 [DragBoundary] Создана финишная линия для строки 3
 [DragBoundary] Обновлены визуальные состояния. Диапазон: 0-3
 [DragBoundary] Уведомляем BlockLoopControl об изменении границ
 BlockLoopControl: Границы изменены через drag: Object
 🎯 USER BOUNDARIES SET: hasUserDefinedBoundaries = true
 🎯 LOOP BOUNDARIES UPDATED FROM LINES: Lines 0-3 = 53.98s - 64.53s
 [DragBoundary] Новые границы: 0-3
 [DragBoundary] Перетаскивание завершено
 🔍 LOOP DIAGNOSTIC #80:
      Current: 57.609s
      Loop Range: 53.977s - 64.527s
      End Threshold: 64.477s
      Time Since Last Jump: 1750955824.945s
      Audio State: playing
 ✅ LOOP SAFE: 6.9s until loop end
 🔍 LOOP DIAGNOSTIC #90:
      Current: 58.058s
      Loop Range: 53.977s - 64.527s
      End Threshold: 64.477s
      Time Since Last Jump: 1750955825.396s
      Audio State: playing
 ✅ LOOP SAFE: 6.5s until loop end
 🔍 LOOP DIAGNOSTIC #100:
      Current: 58.568s
      Loop Range: 53.977s - 64.527s
      End Threshold: 64.477s
      Time Since Last Jump: 1750955825.916s
      Audio State: playing
 ✅ LOOP SAFE: 6.0s until loop end
 🔍 LOOP DIAGNOSTIC #110:
      Current: 59.080s
      Loop Range: 53.977s - 64.527s
      End Threshold: 64.477s
      Time Since Last Jump: 1750955826.422s
      Audio State: playing
 ✅ LOOP SAFE: 5.4s until loop end
 Rehearsal: Line changing from 1 to 2
 Splitting block "Block 10" (9 lines) into 2 parts with ~5 lines each
   Part 1: lines 0-4 (5 lines)
   Part 2: lines 5-8 (4 lines)
 Rehearsal: Current line 1 belongs to block: block-1750955814266-0-nzbolfhttj Array(8)
 Rehearsal: New line 2 belongs to block: block-1750955814266-0-nzbolfhttj Array(8)
 Rehearsal: Same block (block-1750955814266-0-nzbolfhttj), updating active line from 1 to 2
 [SETACTIVE] Called with index 2. Current style: rehearsal
 Rehearsal mode: Setting active line 2
 Activating rehearsal line at index 2
 📡 BLOCK CHANGE EVENT received
    Current loop block: Block 1 (ID: block-1750955814266-0-nzbolfhttj)
    New active block: Block 1 (ID: block-1750955814266-0-nzbolfhttj)
    Loop is active: true
    Seeking in progress: false
 🎯 LOOP IS ACTIVE: Checking user boundaries
    DragBoundaryController exists: true
    DragBoundaryController is active: true
    Has user defined boundaries: true
 ✅ USER BOUNDARIES ACTIVE: Preserving loop regardless of block change
    User boundaries: Object
 BlockLoopControl: _createLoopButtonForCurrentBlock called
 BlockLoopControl: lyricsDisplay.currentActiveBlock: Object
 BlockLoopControl: lyricsDisplay.textBlocks: Array(15)
 BlockLoopControl: Создаем кнопку для активного блока репетиции: Block 1
 BlockLoopControl: _createLoopButton called for block: Block 1
 BlockLoopControl: Сохранены пользовательские границы: Object
 BlockLoopControl: Кнопка удалена, drag boundaries остаются активными
 BlockLoopControl: blockElement found: true
 [DragBoundary] Активация для блока: Block 1
 [DragBoundary] Применены переданные границы: Object
 [DragBoundary] Создание интерактивных линий границ
 [DragBoundary] Создана стартовая линия для строки 0
 [DragBoundary] Создана финишная линия для строки 3
 [DragBoundary] Обновлены визуальные состояния. Диапазон: 0-3
 [DragBoundary] Контроллер активирован
 BlockLoopControl: Создана кнопка для блока: Block 1
 BlockLoopControl: Кнопка создана для блока: Block 1
 🚫 Октавный скачок заблокирован: 199.3Hz → 390.3Hz за 17мс (ratio: 1.96)
 🚫 Октавный скачок заблокирован: 199.3Hz → 387.5Hz за 38мс (ratio: 1.94)
 ✅ Октавный переход разрешен: 199.3Hz → 382.8Hz за 58мс (ratio: 1.92)
 🔇 Глубокая тишина - очистка нот
 🛑 Принудительная остановка всех нот (deep_silence), активных: 1
 🔍 LOOP DIAGNOSTIC #120:
      Current: 59.559s
      Loop Range: 53.977s - 64.527s
      End Threshold: 64.477s
      Time Since Last Jump: 1750955826.895s
      Audio State: playing
 ✅ LOOP SAFE: 5.0s until loop end
 🔍 LOOP DIAGNOSTIC #130:
      Current: 60.008s
      Loop Range: 53.977s - 64.527s
      End Threshold: 64.477s
      Time Since Last Jump: 1750955827.346s
      Audio State: playing
 ✅ LOOP SAFE: 4.5s until loop end
 🔍 LOOP DIAGNOSTIC #140:
      Current: 60.508s
      Loop Range: 53.977s - 64.527s
      End Threshold: 64.477s
      Time Since Last Jump: 1750955827.846s
      Audio State: playing
 ✅ LOOP SAFE: 4.0s until loop end
 🔍 LOOP DIAGNOSTIC #150:
      Current: 61.010s
      Loop Range: 53.977s - 64.527s
      End Threshold: 64.477s
      Time Since Last Jump: 1750955828.346s
      Audio State: playing
 ✅ LOOP SAFE: 3.5s until loop end
 🚫 Блокирована очевидная гармоника: 474.5Hz (2.03x от 234.1Hz, ясность: 88.2%)
 🎯 Высокая ясность (93.1%) - принимаем возможную гармонику: 432.5Hz
 ✅ Октавный переход разрешен: 217.3Hz → 432.5Hz за 82мс (ratio: 1.99)
 🎯 Высокая ясность (95.4%) - принимаем возможную гармонику: 216.0Hz
 ✅ Октавный переход разрешен: 431.8Hz → 216.0Hz за 68мс (ratio: 0.50)
 🔍 LOOP DIAGNOSTIC #160:
      Current: 61.558s
      Loop Range: 53.977s - 64.527s
      End Threshold: 64.477s
      Time Since Last Jump: 1750955828.897s
      Audio State: playing
 ✅ LOOP SAFE: 3.0s until loop end
 Rehearsal: Line changing from 2 to 3
 Splitting block "Block 10" (9 lines) into 2 parts with ~5 lines each
   Part 1: lines 0-4 (5 lines)
   Part 2: lines 5-8 (4 lines)
 Rehearsal: Current line 2 belongs to block: block-1750955814266-0-nzbolfhttj Array(8)
 Rehearsal: New line 3 belongs to block: block-1750955814266-0-nzbolfhttj Array(8)
 Rehearsal: Same block (block-1750955814266-0-nzbolfhttj), updating active line from 2 to 3
 [SETACTIVE] Called with index 3. Current style: rehearsal
 Rehearsal mode: Setting active line 3
 Activating rehearsal line at index 3
 📡 BLOCK CHANGE EVENT received
    Current loop block: Block 1 (ID: block-1750955814266-0-nzbolfhttj)
    New active block: Block 1 (ID: block-1750955814266-0-nzbolfhttj)
    Loop is active: true
    Seeking in progress: false
 🎯 LOOP IS ACTIVE: Checking user boundaries
    DragBoundaryController exists: true
    DragBoundaryController is active: true
    Has user defined boundaries: true
 ✅ USER BOUNDARIES ACTIVE: Preserving loop regardless of block change
    User boundaries: Object
 BlockLoopControl: _createLoopButtonForCurrentBlock called
 BlockLoopControl: lyricsDisplay.currentActiveBlock: Object
 BlockLoopControl: lyricsDisplay.textBlocks: Array(15)
 BlockLoopControl: Создаем кнопку для активного блока репетиции: Block 1
 BlockLoopControl: _createLoopButton called for block: Block 1
 BlockLoopControl: Сохранены пользовательские границы: Object
 BlockLoopControl: Кнопка удалена, drag boundaries остаются активными
 BlockLoopControl: blockElement found: true
 [DragBoundary] Активация для блока: Block 1
 [DragBoundary] Применены переданные границы: Object
 [DragBoundary] Создание интерактивных линий границ
 [DragBoundary] Создана стартовая линия для строки 0
 [DragBoundary] Создана финишная линия для строки 3
 [DragBoundary] Обновлены визуальные состояния. Диапазон: 0-3
 [DragBoundary] Контроллер активирован
 BlockLoopControl: Создана кнопка для блока: Block 1
 BlockLoopControl: Кнопка создана для блока: Block 1
 ✅ Октавный переход разрешен: 204.0Hz → 398.3Hz за 49мс (ratio: 1.95)
 🔇 Глубокая тишина - очистка нот
 🛑 Принудительная остановка всех нот (deep_silence), активных: 1
 🔍 LOOP DIAGNOSTIC #170:
      Current: 62.009s
      Loop Range: 53.977s - 64.527s
      End Threshold: 64.477s
      Time Since Last Jump: 1750955829.348s
      Audio State: playing
 ✅ LOOP SAFE: 2.5s until loop end
 🔍 LOOP DIAGNOSTIC #180:
      Current: 62.509s
      Loop Range: 53.977s - 64.527s
      End Threshold: 64.477s
      Time Since Last Jump: 1750955829.846s
      Audio State: playing
 ✅ LOOP SAFE: 2.0s until loop end
 🔍 LOOP DIAGNOSTIC #190:
      Current: 63.009s
      Loop Range: 53.977s - 64.527s
      End Threshold: 64.477s
      Time Since Last Jump: 1750955830.345s
      Audio State: playing
 ✅ LOOP SAFE: 1.5s until loop end
 🔍 LOOP DIAGNOSTIC #200:
      Current: 63.509s
      Loop Range: 53.977s - 64.527s
      End Threshold: 64.477s
      Time Since Last Jump: 1750955830.845s
      Audio State: playing
 ✅ LOOP SAFE: 1.0s until loop end
 🚫 Октавный скачок заблокирован: 836.1Hz → 271.1Hz за 13мс (ratio: 0.32)
 ✅ Октавный переход разрешен: 836.1Hz → 235.2Hz за 48мс (ratio: 0.28)
 🔍 LOOP DIAGNOSTIC #210:
      Current: 63.960s
      Loop Range: 53.977s - 64.527s
      End Threshold: 64.477s
      Time Since Last Jump: 1750955831.297s
      Audio State: playing
 🔍 LOOP DIAGNOSTIC #220:
      Current: 64.461s
      Loop Range: 53.977s - 64.527s
      End Threshold: 64.477s
      Time Since Last Jump: 1750955831.799s
      Audio State: playing
 🚨 LOOP END REACHED at 64.507s (threshold: 64.477s)
     Time since last jump: Infinitys
     Jump allowed: true (min interval: 1.5s)
     Currently seeking: false
 🎯 JUMP TARGET VALIDATION:
     Target time: 53.977s
     Target line: 0
     Current block lines: [0,1,2,3,4,5,6,7]
     Block contains target: true
 🔄 EXECUTING LOOP JUMP: 64.507s → 53.977s (target: 53.992s)
 🔒 SEEK STARTED: isSeekingInProgress = true
    Executing setCurrentTime(53.992)
    Time before seek: 64.507s
 ⏰ СИНХРО: Позиция установлена 53.99с
 Rehearsal: Line changing from 3 to 0
 Splitting block "Block 10" (9 lines) into 2 parts with ~5 lines each
   Part 1: lines 0-4 (5 lines)
   Part 2: lines 5-8 (4 lines)
 Rehearsal: Current line 3 belongs to block: block-1750955814266-0-nzbolfhttj Array(8)
 Rehearsal: New line 0 belongs to block: block-1750955814266-0-nzbolfhttj Array(8)
 Rehearsal: Same block (block-1750955814266-0-nzbolfhttj), updating active line from 3 to 0
 [SETACTIVE] Called with index 0. Current style: rehearsal
 Rehearsal mode: Setting active line 0
 Activating rehearsal line at index 0
 📡 BLOCK CHANGE EVENT received
    Current loop block: Block 1 (ID: block-1750955814266-0-nzbolfhttj)
    New active block: Block 1 (ID: block-1750955814266-0-nzbolfhttj)
    Loop is active: true
    Seeking in progress: true
 🔒 IGNORING BLOCK CHANGE: Seek in progress, this is likely caused by the loop jump
 🔒 LOOP CHECKS BLOCKED: Seek in progress for 51ms
 🔒 LOOP CHECKS BLOCKED: Seek in progress for 99ms
 🔒 LOOP CHECKS BLOCKED: Seek in progress for 150ms
 🚫 Блокирована очевидная гармоника: 210.7Hz (0.49x от 427.2Hz, ясность: 81.8%)
 🔒 LOOP CHECKS BLOCKED: Seek in progress for 199ms
 🔒 LOOP CHECKS BLOCKED: Seek in progress for 251ms
 🔒 LOOP CHECKS BLOCKED: Seek in progress for 298ms
 🔇 Глубокая тишина - очистка нот
 🛑 Принудительная остановка всех нот (deep_silence), активных: 1
 🔒 LOOP CHECKS BLOCKED: Seek in progress for 349ms
 🔒 LOOP CHECKS BLOCKED: Seek in progress for 398ms
 🔒 LOOP CHECKS BLOCKED: Seek in progress for 448ms
 🔒 LOOP CHECKS BLOCKED: Seek in progress for 498ms
 ⚠️ SEEK TIMEOUT: Forcing isSeekingInProgress = false after 500ms
(анонимная) @ block-loop-control.js:643
 🔍 LOOP DIAGNOSTIC #240:
      Current: 54.886s
      Loop Range: 53.977s - 64.527s
      End Threshold: 64.477s
      Time Since Last Jump: 0.951s
      Audio State: playing
 ✅ LOOP SAFE: 9.6s until loop end
 🔇 Глубокая тишина - очистка нот
 🛑 Принудительная остановка всех нот (deep_silence), активных: 1
 🔍 LOOP DIAGNOSTIC #250:
      Current: 55.337s
      Loop Range: 53.977s - 64.527s
      End Threshold: 64.477s
      Time Since Last Jump: 1.399s
      Audio State: playing
 ✅ LOOP SAFE: 9.2s until loop end
 🔍 LOOP DIAGNOSTIC #260:
      Current: 55.836s
      Loop Range: 53.977s - 64.527s
      End Threshold: 64.477s
      Time Since Last Jump: 1.898s
      Audio State: playing
 ✅ LOOP SAFE: 8.7s until loop end
 🔍 LOOP DIAGNOSTIC #270:
      Current: 56.407s
      Loop Range: 53.977s - 64.527s
      End Threshold: 64.477s
      Time Since Last Jump: 2.478s
      Audio State: playing
 ✅ LOOP SAFE: 8.1s until loop end
 🚫 Октавный скачок заблокирован: 212.3Hz → 410.0Hz за 27мс (ratio: 1.93)
 Rehearsal: Line changing from 0 to 1
 Splitting block "Block 10" (9 lines) into 2 parts with ~5 lines each
   Part 1: lines 0-4 (5 lines)
   Part 2: lines 5-8 (4 lines)
 Rehearsal: Current line 0 belongs to block: block-1750955814266-0-nzbolfhttj Array(8)
 Rehearsal: New line 1 belongs to block: block-1750955814266-0-nzbolfhttj Array(8)
 Rehearsal: Same block (block-1750955814266-0-nzbolfhttj), updating active line from 0 to 1
 [SETACTIVE] Called with index 1. Current style: rehearsal
 Rehearsal mode: Setting active line 1
 Activating rehearsal line at index 1
 📡 BLOCK CHANGE EVENT received
    Current loop block: Block 1 (ID: block-1750955814266-0-nzbolfhttj)
    New active block: Block 1 (ID: block-1750955814266-0-nzbolfhttj)
    Loop is active: true
    Seeking in progress: false
 ✅ SEEK BUFFER EXPIRED: 2108ms since seek, processing block change
 🎯 LOOP IS ACTIVE: Checking user boundaries
    DragBoundaryController exists: true
    DragBoundaryController is active: true
    Has user defined boundaries: true
 ✅ USER BOUNDARIES ACTIVE: Preserving loop regardless of block change
    User boundaries: Object
 BlockLoopControl: _createLoopButtonForCurrentBlock called
 BlockLoopControl: lyricsDisplay.currentActiveBlock: Object
 BlockLoopControl: lyricsDisplay.textBlocks: Array(15)
 BlockLoopControl: Создаем кнопку для активного блока репетиции: Block 1
 BlockLoopControl: _createLoopButton called for block: Block 1
 BlockLoopControl: Сохранены пользовательские границы: Object
 BlockLoopControl: Кнопка удалена, drag boundaries остаются активными
 BlockLoopControl: blockElement found: true
 [DragBoundary] Активация для блока: Block 1
 [DragBoundary] Применены переданные границы: Object
 [DragBoundary] Создание интерактивных линий границ
 [DragBoundary] Создана стартовая линия для строки 0
 [DragBoundary] Создана финишная линия для строки 3
 [DragBoundary] Обновлены визуальные состояния. Диапазон: 0-3
 [DragBoundary] Контроллер активирован
 BlockLoopControl: Создана кнопка для блока: Block 1
 BlockLoopControl: Кнопка создана для блока: Block 1
 🎯 Высокая ясность (95.6%) - принимаем возможную гармонику: 191.5Hz
 ✅ Октавный переход разрешен: 381.9Hz → 191.5Hz за 76мс (ratio: 0.50)
 🔍 LOOP DIAGNOSTIC #280:
      Current: 56.887s
      Loop Range: 53.977s - 64.527s
      End Threshold: 64.477s
      Time Since Last Jump: 2.948s
      Audio State: playing
 ✅ LOOP SAFE: 7.6s until loop end
 🎯 Высокая ясность (92.8%) - принимаем возможную гармонику: 492.1Hz
 ✅ Октавный переход разрешен: 246.4Hz → 492.1Hz за 84мс (ratio: 2.00)
 🎯 Высокая ясность (99.4%) - принимаем возможную гармонику: 245.5Hz
 🚫 Октавный скачок заблокирован: 492.1Hz → 245.5Hz за 18мс (ratio: 0.50)
 🚫 Октавный скачок заблокирован: 492.1Hz → 245.4Hz за 34мс (ratio: 0.50)
 ✅ Октавный переход разрешен: 492.1Hz → 245.1Hz за 50мс (ratio: 0.50)
 Key pressed: MetaLeft
 Key pressed: Meta, key code: 91, waveform active: false
 Key pressed: AltLeft
 Key pressed: Alt, key code: 18, waveform active: false
rtf-parser.js:849 🔍 LOOP DIAGNOSTIC #290:
rtf-parser.js:849      Current: 57.336s
rtf-parser.js:849      Loop Range: 53.977s - 64.527s
rtf-parser.js:849      End Threshold: 64.477s
rtf-parser.js:849      Time Since Last Jump: 3.399s
rtf-parser.js:849      Audio State: playing
rtf-parser.js:849 ✅ LOOP SAFE: 7.2s until loop end
rtf-parser.js:849 Key pressed: KeyJ
rtf-parser.js:849 Key pressed: j, key code: 74, waveform active: false
rtf-parser.js:849 🔍 LOOP DIAGNOSTIC #300:
rtf-parser.js:849      Current: 57.967s
rtf-parser.js:849      Loop Range: 53.977s - 64.527s
rtf-parser.js:849      End Threshold: 64.477s
rtf-parser.js:849      Time Since Last Jump: 4.032s
rtf-parser.js:849      Audio State: playing
rtf-parser.js:849 ✅ LOOP SAFE: 6.6s until loop end
rtf-parser.js:849 🔍 LOOP DIAGNOSTIC #310:
rtf-parser.js:849      Current: 58.497s
rtf-parser.js:849      Loop Range: 53.977s - 64.527s
rtf-parser.js:849      End Threshold: 64.477s
rtf-parser.js:849      Time Since Last Jump: 4.56s
rtf-parser.js:849      Audio State: playing
rtf-parser.js:849 ✅ LOOP SAFE: 6.0s until loop end
rtf-parser.js:849 🔍 LOOP DIAGNOSTIC #320:
rtf-parser.js:849      Current: 58.984s
rtf-parser.js:849      Loop Range: 53.977s - 64.527s
rtf-parser.js:849      End Threshold: 64.477s
rtf-parser.js:849      Time Since Last Jump: 5.069s
rtf-parser.js:849      Audio State: playing
rtf-parser.js:849 ✅ LOOP SAFE: 5.5s until loop end
rtf-parser.js:849 Rehearsal: Line changing from 1 to 2
rtf-parser.js:849 Splitting block "Block 10" (9 lines) into 2 parts with ~5 lines each
rtf-parser.js:849   Part 1: lines 0-4 (5 lines)
rtf-parser.js:849   Part 2: lines 5-8 (4 lines)
rtf-parser.js:849 Rehearsal: Current line 1 belongs to block: block-1750955814266-0-nzbolfhttj Array(8)
rtf-parser.js:849 Rehearsal: New line 2 belongs to block: block-1750955814266-0-nzbolfhttj Array(8)
rtf-parser.js:849 Rehearsal: Same block (block-1750955814266-0-nzbolfhttj), updating active line from 1 to 2
rtf-parser.js:849 [SETACTIVE] Called with index 2. Current style: rehearsal
rtf-parser.js:849 Rehearsal mode: Setting active line 2
rtf-parser.js:849 Activating rehearsal line at index 2
rtf-parser.js:849 📡 BLOCK CHANGE EVENT received
rtf-parser.js:849    Current loop block: Block 1 (ID: block-1750955814266-0-nzbolfhttj)
rtf-parser.js:849    New active block: Block 1 (ID: block-1750955814266-0-nzbolfhttj)
rtf-parser.js:849    Loop is active: true
rtf-parser.js:849    Seeking in progress: false
rtf-parser.js:849 🎯 LOOP IS ACTIVE: Checking user boundaries
rtf-parser.js:849    DragBoundaryController exists: true
rtf-parser.js:849    DragBoundaryController is active: true
rtf-parser.js:849    Has user defined boundaries: true
rtf-parser.js:849 ✅ USER BOUNDARIES ACTIVE: Preserving loop regardless of block change
rtf-parser.js:849    User boundaries: Object
rtf-parser.js:849 BlockLoopControl: _createLoopButtonForCurrentBlock called
rtf-parser.js:849 BlockLoopControl: lyricsDisplay.currentActiveBlock: Object
rtf-parser.js:849 BlockLoopControl: lyricsDisplay.textBlocks: Array(15)
rtf-parser.js:849 BlockLoopControl: Создаем кнопку для активного блока репетиции: Block 1
rtf-parser.js:849 BlockLoopControl: _createLoopButton called for block: Block 1
rtf-parser.js:849 BlockLoopControl: Сохранены пользовательские границы: Object
rtf-parser.js:849 BlockLoopControl: Кнопка удалена, drag boundaries остаются активными
rtf-parser.js:849 BlockLoopControl: blockElement found: true
rtf-parser.js:849 [DragBoundary] Активация для блока: Block 1
rtf-parser.js:849 [DragBoundary] Применены переданные границы: Object
rtf-parser.js:849 [DragBoundary] Создание интерактивных линий границ
rtf-parser.js:849 [DragBoundary] Создана стартовая линия для строки 0
rtf-parser.js:849 [DragBoundary] Создана финишная линия для строки 3
rtf-parser.js:849 [DragBoundary] Обновлены визуальные состояния. Диапазон: 0-3
rtf-parser.js:849 [DragBoundary] Контроллер активирован
rtf-parser.js:849 BlockLoopControl: Создана кнопка для блока: Block 1
rtf-parser.js:849 BlockLoopControl: Кнопка создана для блока: Block 1
waveform-editor.js:1458 WaveformEditor: Vocal audio data not available
_drawWaveformData @ waveform-editor.js:1458
rtf-parser.js:849 🚫 Октавный скачок заблокирован: 198.5Hz → 390.7Hz за 27мс (ratio: 1.97)
rtf-parser.js:849 🔇 Глубокая тишина - очистка нот
rtf-parser.js:849 🛑 Принудительная остановка всех нот (deep_silence), активных: 1
rtf-parser.js:849 🔍 LOOP DIAGNOSTIC #330:
rtf-parser.js:849      Current: 59.587s
rtf-parser.js:849      Loop Range: 53.977s - 64.527s
rtf-parser.js:849      End Threshold: 64.477s
rtf-parser.js:849      Time Since Last Jump: 5.649s
rtf-parser.js:849      Audio State: playing
rtf-parser.js:849 ✅ LOOP SAFE: 4.9s until loop end
rtf-parser.js:849 🔍 LOOP DIAGNOSTIC #340:
rtf-parser.js:849      Current: 60.708s
rtf-parser.js:849      Loop Range: 53.977s - 64.527s
rtf-parser.js:849      End Threshold: 64.477s
rtf-parser.js:849      Time Since Last Jump: 6.774s
rtf-parser.js:849      Audio State: playing
rtf-parser.js:849 ✅ LOOP SAFE: 3.8s until loop end
rtf-parser.js:849 🎯 Высокая ясность (92.3%) - принимаем возможную гармонику: 235.0Hz
rtf-parser.js:849 🚫 Октавный скачок заблокирован: 474.8Hz → 235.0Hz за 24мс (ratio: 0.50)
rtf-parser.js:849 🚫 Октавный скачок заблокирован: 474.8Hz → 228.1Hz за 39мс (ratio: 0.48)
rtf-parser.js:849 ✅ Октавный переход разрешен: 474.8Hz → 219.4Hz за 92мс (ratio: 0.46)
rtf-parser.js:849 🚫 Блокирована очевидная гармоника: 433.1Hz (1.99x от 217.4Hz, ясность: 89.4%)
rtf-parser.js:849 🎯 Высокая ясность (96.3%) - принимаем возможную гармонику: 431.9Hz
rtf-parser.js:849 ✅ Октавный переход разрешен: 217.4Hz → 431.9Hz за 64мс (ratio: 1.99)
rtf-parser.js:849 🎯 Высокая ясность (92.7%) - принимаем возможную гармонику: 218.2Hz
rtf-parser.js:849 ✅ Октавный переход разрешен: 431.3Hz → 218.2Hz за 73мс (ratio: 0.51)
rtf-parser.js:849 🔍 LOOP DIAGNOSTIC #350:
rtf-parser.js:849      Current: 61.318s
rtf-parser.js:849      Loop Range: 53.977s - 64.527s
rtf-parser.js:849      End Threshold: 64.477s
rtf-parser.js:849      Time Since Last Jump: 7.383s
rtf-parser.js:849      Audio State: playing
rtf-parser.js:849 ✅ LOOP SAFE: 3.2s until loop end
rtf-parser.js:849 Rehearsal: Line changing from 2 to 3
rtf-parser.js:849 Splitting block "Block 10" (9 lines) into 2 parts with ~5 lines each
rtf-parser.js:849   Part 1: lines 0-4 (5 lines)
rtf-parser.js:849   Part 2: lines 5-8 (4 lines)
rtf-parser.js:849 Rehearsal: Current line 2 belongs to block: block-1750955814266-0-nzbolfhttj (8) [0, 1, 2, 3, 4, 5, 6, 7]
rtf-parser.js:849 Rehearsal: New line 3 belongs to block: block-1750955814266-0-nzbolfhttj (8) [0, 1, 2, 3, 4, 5, 6, 7]
rtf-parser.js:849 Rehearsal: Same block (block-1750955814266-0-nzbolfhttj), updating active line from 2 to 3
rtf-parser.js:849 [SETACTIVE] Called with index 3. Current style: rehearsal
rtf-parser.js:849 Rehearsal mode: Setting active line 3
rtf-parser.js:849 Activating rehearsal line at index 3
rtf-parser.js:849 📡 BLOCK CHANGE EVENT received
rtf-parser.js:849    Current loop block: Block 1 (ID: block-1750955814266-0-nzbolfhttj)
rtf-parser.js:849    New active block: Block 1 (ID: block-1750955814266-0-nzbolfhttj)
rtf-parser.js:849    Loop is active: true
rtf-parser.js:849    Seeking in progress: false
rtf-parser.js:849 🎯 LOOP IS ACTIVE: Checking user boundaries
rtf-parser.js:849    DragBoundaryController exists: true
rtf-parser.js:849    DragBoundaryController is active: true
rtf-parser.js:849    Has user defined boundaries: true
rtf-parser.js:849 ✅ USER BOUNDARIES ACTIVE: Preserving loop regardless of block change
rtf-parser.js:849    User boundaries: {startBoundary: 0, endBoundary: 3}
rtf-parser.js:849 BlockLoopControl: _createLoopButtonForCurrentBlock called
rtf-parser.js:849 BlockLoopControl: lyricsDisplay.currentActiveBlock: {id: 'block-1750955814266-0-nzbolfhttj', content: "I am not a pattern to be followed\nThe pill that I'…I found out the underbelly's sicker than it seems", type: 'verse', name: 'Block 1', lineIndices: Array(8)}
rtf-parser.js:849 BlockLoopControl: lyricsDisplay.textBlocks: (15) [{…}, {…}, {…}, {…}, {…}, {…}, {…}, {…}, {…}, {…}, {…}, {…}, {…}, {…}, {…}]
rtf-parser.js:849 BlockLoopControl: Создаем кнопку для активного блока репетиции: Block 1
rtf-parser.js:849 BlockLoopControl: _createLoopButton called for block: Block 1
rtf-parser.js:849 BlockLoopControl: Сохранены пользовательские границы: {startBoundary: 0, endBoundary: 3}
rtf-parser.js:849 BlockLoopControl: Кнопка удалена, drag boundaries остаются активными
rtf-parser.js:849 BlockLoopControl: blockElement found: true
rtf-parser.js:849 [DragBoundary] Активация для блока: Block 1
rtf-parser.js:849 [DragBoundary] Применены переданные границы: {startBoundary: 0, endBoundary: 3}
rtf-parser.js:849 [DragBoundary] Создание интерактивных линий границ
rtf-parser.js:849 [DragBoundary] Создана стартовая линия для строки 0
rtf-parser.js:849 [DragBoundary] Создана финишная линия для строки 3
rtf-parser.js:849 [DragBoundary] Обновлены визуальные состояния. Диапазон: 0-3
rtf-parser.js:849 [DragBoundary] Контроллер активирован
rtf-parser.js:849 BlockLoopControl: Создана кнопка для блока: Block 1
rtf-parser.js:849 BlockLoopControl: Кнопка создана для блока: Block 1
rtf-parser.js:849 🔍 LOOP DIAGNOSTIC #360:
rtf-parser.js:849      Current: 61.909s
rtf-parser.js:849      Loop Range: 53.977s - 64.527s
rtf-parser.js:849      End Threshold: 64.477s
rtf-parser.js:849      Time Since Last Jump: 7.975s
rtf-parser.js:849      Audio State: playing
rtf-parser.js:849 ✅ LOOP SAFE: 2.6s until loop end
rtf-parser.js:849 🔇 Глубокая тишина - очистка нот
rtf-parser.js:849 🛑 Принудительная остановка всех нот (deep_silence), активных: 1
rtf-parser.js:849 🔍 LOOP DIAGNOSTIC #370:
rtf-parser.js:849      Current: 62.438s
rtf-parser.js:849      Loop Range: 53.977s - 64.527s
rtf-parser.js:849      End Threshold: 64.477s
rtf-parser.js:849      Time Since Last Jump: 8.503s
rtf-parser.js:849      Audio State: playing
rtf-parser.js:849 ✅ LOOP SAFE: 2.1s until loop end
rtf-parser.js:849 🔍 LOOP DIAGNOSTIC #380:
rtf-parser.js:849      Current: 62.943s
rtf-parser.js:849      Loop Range: 53.977s - 64.527s
rtf-parser.js:849      End Threshold: 64.477s
rtf-parser.js:849      Time Since Last Jump: 9.005s
rtf-parser.js:849      Audio State: playing
rtf-parser.js:849 ✅ LOOP SAFE: 1.6s until loop end
rtf-parser.js:849 ✅ Октавный переход разрешен: 220.3Hz → 448.5Hz за 138мс (ratio: 2.04)
rtf-parser.js:849 🔍 LOOP DIAGNOSTIC #390:
rtf-parser.js:849      Current: 63.384s
rtf-parser.js:849      Loop Range: 53.977s - 64.527s
rtf-parser.js:849      End Threshold: 64.477s
rtf-parser.js:849      Time Since Last Jump: 9.453s
rtf-parser.js:849      Audio State: playing
rtf-parser.js:849 ✅ LOOP SAFE: 1.1s until loop end
rtf-parser.js:849 🚫 Октавный скачок заблокирован: 835.1Hz → 235.7Hz за 32мс (ratio: 0.28)
rtf-parser.js:849 ✅ Октавный переход разрешен: 835.1Hz → 234.6Hz за 60мс (ratio: 0.28)
rtf-parser.js:849 🔍 LOOP DIAGNOSTIC #400:
rtf-parser.js:849      Current: 63.959s
rtf-parser.js:849      Loop Range: 53.977s - 64.527s
rtf-parser.js:849      End Threshold: 64.477s
rtf-parser.js:849      Time Since Last Jump: 10.04s
rtf-parser.js:849      Audio State: playing
rtf-parser.js:849 🔍 LOOP DIAGNOSTIC #410:
rtf-parser.js:849      Current: 64.441s
rtf-parser.js:849      Loop Range: 53.977s - 64.527s
rtf-parser.js:849      End Threshold: 64.477s
rtf-parser.js:849      Time Since Last Jump: 10.513s
rtf-parser.js:849      Audio State: playing
rtf-parser.js:849 🚨 LOOP END REACHED at 64.534s (threshold: 64.477s)
rtf-parser.js:849     Time since last jump: 10.6s
rtf-parser.js:849     Jump allowed: true (min interval: 1.5s)
rtf-parser.js:849     Currently seeking: false
rtf-parser.js:849 🎯 JUMP TARGET VALIDATION:
rtf-parser.js:849     Target time: 53.977s
rtf-parser.js:849     Target line: 0
rtf-parser.js:849     Current block lines: [0,1,2,3,4,5,6,7]
rtf-parser.js:849     Block contains target: true
rtf-parser.js:849 🔄 EXECUTING LOOP JUMP: 64.534s → 53.977s (target: 53.992s)
rtf-parser.js:849 🔒 SEEK STARTED: isSeekingInProgress = true
rtf-parser.js:849    Executing setCurrentTime(53.992)
rtf-parser.js:849    Time before seek: 64.534s
rtf-parser.js:849 ⏰ СИНХРО: Позиция установлена 53.99с
rtf-parser.js:849 Rehearsal: Line changing from 3 to 0
rtf-parser.js:849 Splitting block "Block 10" (9 lines) into 2 parts with ~5 lines each
rtf-parser.js:849   Part 1: lines 0-4 (5 lines)
rtf-parser.js:849   Part 2: lines 5-8 (4 lines)
rtf-parser.js:849 Rehearsal: Current line 3 belongs to block: block-1750955814266-0-nzbolfhttj (8) [0, 1, 2, 3, 4, 5, 6, 7]
rtf-parser.js:849 Rehearsal: New line 0 belongs to block: block-1750955814266-0-nzbolfhttj (8) [0, 1, 2, 3, 4, 5, 6, 7]
rtf-parser.js:849 Rehearsal: Same block (block-1750955814266-0-nzbolfhttj), updating active line from 3 to 0
rtf-parser.js:849 [SETACTIVE] Called with index 0. Current style: rehearsal
 Rehearsal mode: Setting active line 0
 Activating rehearsal line at index 0
 📡 BLOCK CHANGE EVENT received
    Current loop block: Block 1 (ID: block-1750955814266-0-nzbolfhttj)
    New active block: Block 1 (ID: block-1750955814266-0-nzbolfhttj)
    Loop is active: true
    Seeking in progress: true
 🔒 IGNORING BLOCK CHANGE: Seek in progress, this is likely caused by the loop jump
 🔒 LOOP CHECKS BLOCKED: Seek in progress for 52ms
 🔇 Глубокая тишина - очистка нот
 🛑 Принудительная остановка всех нот (deep_silence), активных: 1
 🔒 LOOP CHECKS BLOCKED: Seek in progress for 144ms
 🚫 Блокирована очевидная гармоника: 210.0Hz (0.50x от 422.4Hz, ясность: 81.7%)
 🔒 LOOP CHECKS BLOCKED: Seek in progress for 190ms
 🔒 LOOP CHECKS BLOCKED: Seek in progress for 238ms
 🔇 Глубокая тишина - очистка нот
 🛑 Принудительная остановка всех нот (deep_silence), активных: 1
 🔒 LOOP CHECKS BLOCKED: Seek in progress for 452ms
 🔒 LOOP CHECKS BLOCKED: Seek in progress for 503ms
 ⚠️ SEEK TIMEOUT: Forcing isSeekingInProgress = false after 500ms
(анонимная) @ block-loop-control.js:643
setTimeout
handleTimeUpdate @ block-loop-control.js:641
(анонимная) @ audio-engine.js:131
(анонимная) @ audio-engine.js:129
 🔍 LOOP DIAGNOSTIC #420:
      Current: 54.618s
      Loop Range: 53.977s - 64.527s
      End Threshold: 64.477s
      Time Since Last Jump: 0.637s
      Audio State: playing
 ✅ LOOP SAFE: 9.9s until loop end
 🔍 LOOP DIAGNOSTIC #430:
      Current: 55.066s
      Loop Range: 53.977s - 64.527s
      End Threshold: 64.477s
      Time Since Last Jump: 1.077s
      Audio State: playing
 ✅ LOOP SAFE: 9.5s until loop end
 🔇 Глубокая тишина - очистка нот
 🛑 Принудительная остановка всех нот (deep_silence), активных: 1
 🔍 LOOP DIAGNOSTIC #440:
      Current: 55.577s
      Loop Range: 53.977s - 64.527s
      End Threshold: 64.477s
      Time Since Last Jump: 1.591s
      Audio State: playing
 ✅ LOOP SAFE: 9.0s until loop end
 🔍 LOOP DIAGNOSTIC #450:
      Current: 56.116s
      Loop Range: 53.977s - 64.527s
      End Threshold: 64.477s
      Time Since Last Jump: 2.134s
      Audio State: playing
 ✅ LOOP SAFE: 8.4s until loop end
 Rehearsal: Line changing from 0 to 1
 Splitting block "Block 10" (9 lines) into 2 parts with ~5 lines each
   Part 1: lines 0-4 (5 lines)
   Part 2: lines 5-8 (4 lines)
 Rehearsal: Current line 0 belongs to block: block-1750955814266-0-nzbolfhttj (8) [0, 1, 2, 3, 4, 5, 6, 7]
 Rehearsal: New line 1 belongs to block: block-1750955814266-0-nzbolfhttj (8) [0, 1, 2, 3, 4, 5, 6, 7]
 Rehearsal: Same block (block-1750955814266-0-nzbolfhttj), updating active line from 0 to 1
 [SETACTIVE] Called with index 1. Current style: rehearsal
 Rehearsal mode: Setting active line 1
 Activating rehearsal line at index 1
 📡 BLOCK CHANGE EVENT received
    Current loop block: Block 1 (ID: block-1750955814266-0-nzbolfhttj)
    New active block: Block 1 (ID: block-1750955814266-0-nzbolfhttj)
    Loop is active: true
    Seeking in progress: false
 ✅ SEEK BUFFER EXPIRED: 2070ms since seek, processing block change
 🎯 LOOP IS ACTIVE: Checking user boundaries
    DragBoundaryController exists: true
    DragBoundaryController is active: true
    Has user defined boundaries: true
 ✅ USER BOUNDARIES ACTIVE: Preserving loop regardless of block change
    User boundaries: {startBoundary: 0, endBoundary: 3}
 BlockLoopControl: _createLoopButtonForCurrentBlock called
 BlockLoopControl: lyricsDisplay.currentActiveBlock: {id: 'block-1750955814266-0-nzbolfhttj', content: "I am not a pattern to be followed\nThe pill that I'…I found out the underbelly's sicker than it seems", type: 'verse', name: 'Block 1', lineIndices: Array(8)}
 BlockLoopControl: lyricsDisplay.textBlocks: (15) [{…}, {…}, {…}, {…}, {…}, {…}, {…}, {…}, {…}, {…}, {…}, {…}, {…}, {…}, {…}]
 BlockLoopControl: Создаем кнопку для активного блока репетиции: Block 1
 BlockLoopControl: _createLoopButton called for block: Block 1
 BlockLoopControl: Сохранены пользовательские границы: {startBoundary: 0, endBoundary: 3}
 BlockLoopControl: Кнопка удалена, drag boundaries остаются активными
 BlockLoopControl: blockElement found: true
 [DragBoundary] Активация для блока: Block 1
 [DragBoundary] Применены переданные границы: {startBoundary: 0, endBoundary: 3}
 [DragBoundary] Создание интерактивных линий границ
 [DragBoundary] Создана стартовая линия для строки 0
 [DragBoundary] Создана финишная линия для строки 3
 [DragBoundary] Обновлены визуальные состояния. Диапазон: 0-3
 [DragBoundary] Контроллер активирован
 BlockLoopControl: Создана кнопка для блока: Block 1
 BlockLoopControl: Кнопка создана для блока: Block 1
 🎯 Высокая ясность (94.7%) - принимаем возможную гармонику: 192.0Hz
 ✅ Октавный переход разрешен: 381.6Hz → 192.0Hz за 85мс (ratio: 0.50)
 ✅ AUTO RECOVERY: Loop health OK (check #460)
    Loop active: true
    Current time: 56.8s
    Loop range: 54.0s - 64.5s
 🎯 Высокая ясность (90.9%) - принимаем возможную гармонику: 491.6Hz
 ✅ Октавный переход разрешен: 248.6Hz → 491.6Hz за 64мс (ratio: 1.98)
 🎯 Высокая ясность (98.6%) - принимаем возможную гармонику: 244.9Hz
 ✅ Октавный переход разрешен: 492.1Hz → 244.9Hz за 74мс (ratio: 0.50)
 🔍 LOOP DIAGNOSTIC #470:
      Current: 57.469s
      Loop Range: 53.977s - 64.527s
      End Threshold: 64.477s
      Time Since Last Jump: 3.488s
      Audio State: playing
 ✅ LOOP SAFE: 7.1s until loop end
 🔍 LOOP DIAGNOSTIC #480:
      Current: 58.014s
      Loop Range: 53.977s - 64.527s
      End Threshold: 64.477s
      Time Since Last Jump: 4.023s
      Audio State: playing
 ✅ LOOP SAFE: 6.5s until loop end
 🔇 Глубокая тишина - очистка нот
 🛑 Принудительная остановка всех нот (deep_silence), активных: 1
 🔍 LOOP DIAGNOSTIC #490:
      Current: 58.647s
      Loop Range: 53.977s - 64.527s
      End Threshold: 64.477s
      Time Since Last Jump: 4.668s
      Audio State: playing
 ✅ LOOP SAFE: 5.9s until loop end
 🔍 LOOP DIAGNOSTIC #500:
      Current: 59.065s
      Loop Range: 53.977s - 64.527s
      End Threshold: 64.477s
      Time Since Last Jump: 5.091s
      Audio State: playing
 ✅ LOOP SAFE: 5.5s until loop end
 Rehearsal: Line changing from 1 to 2
 Splitting block "Block 10" (9 lines) into 2 parts with ~5 lines each
   Part 1: lines 0-4 (5 lines)
   Part 2: lines 5-8 (4 lines)
 Rehearsal: Current line 1 belongs to block: block-1750955814266-0-nzbolfhttj (8) [0, 1, 2, 3, 4, 5, 6, 7]
 Rehearsal: New line 2 belongs to block: block-1750955814266-0-nzbolfhttj (8) [0, 1, 2, 3, 4, 5, 6, 7]
 Rehearsal: Same block (block-1750955814266-0-nzbolfhttj), updating active line from 1 to 2
 [SETACTIVE] Called with index 2. Current style: rehearsal
 Rehearsal mode: Setting active line 2
 Activating rehearsal line at index 2
 📡 BLOCK CHANGE EVENT received
    Current loop block: Block 1 (ID: block-1750955814266-0-nzbolfhttj)
    New active block: Block 1 (ID: block-1750955814266-0-nzbolfhttj)
    Loop is active: true
    Seeking in progress: false
 🎯 LOOP IS ACTIVE: Checking user boundaries
    DragBoundaryController exists: true
    DragBoundaryController is active: true
    Has user defined boundaries: true
 ✅ USER BOUNDARIES ACTIVE: Preserving loop regardless of block change
    User boundaries: {startBoundary: 0, endBoundary: 3}
 BlockLoopControl: _createLoopButtonForCurrentBlock called
 BlockLoopControl: lyricsDisplay.currentActiveBlock: {id: 'block-1750955814266-0-nzbolfhttj', content: "I am not a pattern to be followed\nThe pill that I'…I found out the underbelly's sicker than it seems", type: 'verse', name: 'Block 1', lineIndices: Array(8)}
 BlockLoopControl: lyricsDisplay.textBlocks: (15) [{…}, {…}, {…}, {…}, {…}, {…}, {…}, {…}, {…}, {…}, {…}, {…}, {…}, {…}, {…}]
 BlockLoopControl: Создаем кнопку для активного блока репетиции: Block 1
 BlockLoopControl: _createLoopButton called for block: Block 1
 BlockLoopControl: Сохранены пользовательские границы: {startBoundary: 0, endBoundary: 3}
 BlockLoopControl: Кнопка удалена, drag boundaries остаются активными
 BlockLoopControl: blockElement found: true
 [DragBoundary] Активация для блока: Block 1
 [DragBoundary] Применены переданные границы: {startBoundary: 0, endBoundary: 3}
 [DragBoundary] Создание интерактивных линий границ
 [DragBoundary] Создана стартовая линия для строки 0
 [DragBoundary] Создана финишная линия для строки 3
 [DragBoundary] Обновлены визуальные состояния. Диапазон: 0-3
 [DragBoundary] Контроллер активирован
 BlockLoopControl: Создана кнопка для блока: Block 1
 BlockLoopControl: Кнопка создана для блока: Block 1
 🔇 Глубокая тишина - очистка нот
 🛑 Принудительная остановка всех нот (deep_silence), активных: 1
 🔍 LOOP DIAGNOSTIC #510:
      Current: 59.866s
      Loop Range: 53.977s - 64.527s
      End Threshold: 64.477s
      Time Since Last Jump: 5.888s
      Audio State: playing
 ✅ LOOP SAFE: 4.7s until loop end
 🔍 LOOP DIAGNOSTIC #520:
      Current: 60.511s
      Loop Range: 53.977s - 64.527s
      End Threshold: 64.477s
      Time Since Last Jump: 6.538s
      Audio State: playing
 ✅ LOOP SAFE: 4.0s until loop end
 🔍 LOOP DIAGNOSTIC #530:
      Current: 61.048s
      Loop Range: 53.977s - 64.527s
      End Threshold: 64.477s
      Time Since Last Jump: 7.074s
      Audio State: playing
 ✅ LOOP SAFE: 3.5s until loop end
 🎯 Высокая ясность (95.5%) - принимаем возможную гармонику: 432.3Hz
 ✅ Октавный переход разрешен: 217.4Hz → 432.3Hz за 96мс (ratio: 1.99)
 ✅ Октавный переход разрешен: 432.2Hz → 225.1Hz за 122мс (ratio: 0.52)
 Rehearsal: Line changing from 2 to 3
 Splitting block "Block 10" (9 lines) into 2 parts with ~5 lines each
   Part 1: lines 0-4 (5 lines)
   Part 2: lines 5-8 (4 lines)
 Rehearsal: Current line 2 belongs to block: block-1750955814266-0-nzbolfhttj (8) [0, 1, 2, 3, 4, 5, 6, 7]
 Rehearsal: New line 3 belongs to block: block-1750955814266-0-nzbolfhttj (8) [0, 1, 2, 3, 4, 5, 6, 7]
 Rehearsal: Same block (block-1750955814266-0-nzbolfhttj), updating active line from 2 to 3
 [SETACTIVE] Called with index 3. Current style: rehearsal
 Rehearsal mode: Setting active line 3
 Activating rehearsal line at index 3
 📡 BLOCK CHANGE EVENT received
    Current loop block: Block 1 (ID: block-1750955814266-0-nzbolfhttj)
    New active block: Block 1 (ID: block-1750955814266-0-nzbolfhttj)
    Loop is active: true
    Seeking in progress: false
 🎯 LOOP IS ACTIVE: Checking user boundaries
    DragBoundaryController exists: true
    DragBoundaryController is active: true
    Has user defined boundaries: true
 ✅ USER BOUNDARIES ACTIVE: Preserving loop regardless of block change
    User boundaries: {startBoundary: 0, endBoundary: 3}
 BlockLoopControl: _createLoopButtonForCurrentBlock called
 BlockLoopControl: lyricsDisplay.currentActiveBlock: {id: 'block-1750955814266-0-nzbolfhttj', content: "I am not a pattern to be followed\nThe pill that I'…I found out the underbelly's sicker than it seems", type: 'verse', name: 'Block 1', lineIndices: Array(8)}
 BlockLoopControl: lyricsDisplay.textBlocks: (15) [{…}, {…}, {…}, {…}, {…}, {…}, {…}, {…}, {…}, {…}, {…}, {…}, {…}, {…}, {…}]
 BlockLoopControl: Создаем кнопку для активного блока репетиции: Block 1
 BlockLoopControl: _createLoopButton called for block: Block 1
 BlockLoopControl: Сохранены пользовательские границы: {startBoundary: 0, endBoundary: 3}
 BlockLoopControl: Кнопка удалена, drag boundaries остаются активными
 BlockLoopControl: blockElement found: true
 [DragBoundary] Активация для блока: Block 1
 [DragBoundary] Применены переданные границы: {startBoundary: 0, endBoundary: 3}
 [DragBoundary] Создание интерактивных линий границ
 [DragBoundary] Создана стартовая линия для строки 0
 [DragBoundary] Создана финишная линия для строки 3
 [DragBoundary] Обновлены визуальные состояния. Диапазон: 0-3
 [DragBoundary] Контроллер активирован
 BlockLoopControl: Создана кнопка для блока: Block 1
 BlockLoopControl: Кнопка создана для блока: Block 1
 🔍 LOOP DIAGNOSTIC #540:
      Current: 61.867s
      Loop Range: 53.977s - 64.527s
      End Threshold: 64.477s
      Time Since Last Jump: 7.882s
      Audio State: playing
 ✅ LOOP SAFE: 2.7s until loop end
 🔇 Глубокая тишина - очистка нот
 🛑 Принудительная остановка всех нот (deep_silence), активных: 1
 🔍 LOOP DIAGNOSTIC #550:
      Current: 62.483s
      Loop Range: 53.977s - 64.527s
      End Threshold: 64.477s
      Time Since Last Jump: 8.502s
      Audio State: playing
 ✅ LOOP SAFE: 2.0s until loop end
 🔍 LOOP DIAGNOSTIC #560:
      Current: 63.007s
      Loop Range: 53.977s - 64.527s
      End Threshold: 64.477s
      Time Since Last Jump: 9.035s
      Audio State: playing
 ✅ LOOP SAFE: 1.5s until loop end
 ✅ Октавный переход разрешен: 220.3Hz → 448.5Hz за 122мс (ratio: 2.04)
 🔍 LOOP DIAGNOSTIC #570:
      Current: 63.621s
      Loop Range: 53.977s - 64.527s
      End Threshold: 64.477s
      Time Since Last Jump: 9.632s
      Audio State: playing
 ✅ Октавный переход разрешен: 846.2Hz → 235.7Hz за 161мс (ratio: 0.28)
 🔍 LOOP DIAGNOSTIC #580:
      Current: 64.277s
      Loop Range: 53.977s - 64.527s
      End Threshold: 64.477s
      Time Since Last Jump: 10.294s
      Audio State: playing
 🚨 LOOP END REACHED at 64.481s (threshold: 64.477s)
     Time since last jump: 10.5s
     Jump allowed: true (min interval: 1.5s)
     Currently seeking: false
 🎯 JUMP TARGET VALIDATION:
     Target time: 53.977s
     Target line: 0
     Current block lines: [0,1,2,3,4,5,6,7]
     Block contains target: true
 🔄 EXECUTING LOOP JUMP: 64.481s → 53.977s (target: 53.992s)
 🔒 SEEK STARTED: isSeekingInProgress = true
    Executing setCurrentTime(53.992)
    Time before seek: 64.481s
 ⏰ СИНХРО: Позиция установлена 53.99с
 Rehearsal: Line changing from 3 to 0
 Splitting block "Block 10" (9 lines) into 2 parts with ~5 lines each
   Part 1: lines 0-4 (5 lines)
   Part 2: lines 5-8 (4 lines)
 Rehearsal: Current line 3 belongs to block: block-1750955814266-0-nzbolfhttj (8) [0, 1, 2, 3, 4, 5, 6, 7]
 Rehearsal: New line 0 belongs to block: block-1750955814266-0-nzbolfhttj (8) [0, 1, 2, 3, 4, 5, 6, 7]
 Rehearsal: Same block (block-1750955814266-0-nzbolfhttj), updating active line from 3 to 0
 [SETACTIVE] Called with index 0. Current style: rehearsal
 Rehearsal mode: Setting active line 0
 Activating rehearsal line at index 0
 📡 BLOCK CHANGE EVENT received
    Current loop block: Block 1 (ID: block-1750955814266-0-nzbolfhttj)
    New active block: Block 1 (ID: block-1750955814266-0-nzbolfhttj)
    Loop is active: true
    Seeking in progress: true
 🔒 IGNORING BLOCK CHANGE: Seek in progress, this is likely caused by the loop jump
 🔒 LOOP CHECKS BLOCKED: Seek in progress for 78ms
 🔇 Глубокая тишина - очистка нот
 🛑 Принудительная остановка всех нот (deep_silence), активных: 1
 🔒 LOOP CHECKS BLOCKED: Seek in progress for 130ms
 🚫 Блокирована очевидная гармоника: 210.0Hz (0.50x от 422.4Hz, ясность: 81.7%)
 🔒 LOOP CHECKS BLOCKED: Seek in progress for 187ms
 🔒 LOOP CHECKS BLOCKED: Seek in progress for 236ms
 🔒 LOOP CHECKS BLOCKED: Seek in progress for 293ms
 🔒 LOOP CHECKS BLOCKED: Seek in progress for 429ms
 🔒 LOOP CHECKS BLOCKED: Seek in progress for 478ms
 ⚠️ SEEK TIMEOUT: Forcing isSeekingInProgress = false after 500ms
(анонимная) @ block-loop-control.js:643
setTimeout
handleTimeUpdate @ block-loop-control.js:641
(анонимная) @ audio-engine.js:131
(анонимная) @ audio-engine.js:129
 🔇 Глубокая тишина - очистка нот
 🛑 Принудительная остановка всех нот (deep_silence), активных: 1
 🔍 LOOP DIAGNOSTIC #600:
      Current: 55.060s
      Loop Range: 53.977s - 64.527s
      End Threshold: 64.477s
      Time Since Last Jump: 1.069s
      Audio State: playing
 ✅ LOOP SAFE: 9.5s until loop end
 🔇 Глубокая тишина - очистка нот
 🛑 Принудительная остановка всех нот (deep_silence), активных: 1
 🔍 LOOP DIAGNOSTIC #610:
      Current: 55.617s
      Loop Range: 53.977s - 64.527s
      End Threshold: 64.477s
      Time Since Last Jump: 1.618s
      Audio State: playing
 ✅ LOOP SAFE: 8.9s until loop end
 🔍 LOOP DIAGNOSTIC #620:
      Current: 56.214s
      Loop Range: 53.977s - 64.527s
      End Threshold: 64.477s
      Time Since Last Jump: 2.204s
      Audio State: playing
 ✅ LOOP SAFE: 8.3s until loop end
 Rehearsal: Line changing from 0 to 1
 Splitting block "Block 10" (9 lines) into 2 parts with ~5 lines each
   Part 1: lines 0-4 (5 lines)
   Part 2: lines 5-8 (4 lines)
 Rehearsal: Current line 0 belongs to block: block-1750955814266-0-nzbolfhttj (8) [0, 1, 2, 3, 4, 5, 6, 7]
 Rehearsal: New line 1 belongs to block: block-1750955814266-0-nzbolfhttj (8) [0, 1, 2, 3, 4, 5, 6, 7]
 Rehearsal: Same block (block-1750955814266-0-nzbolfhttj), updating active line from 0 to 1
 [SETACTIVE] Called with index 1. Current style: rehearsal
 Rehearsal mode: Setting active line 1
 Activating rehearsal line at index 1
 📡 BLOCK CHANGE EVENT received
    Current loop block: Block 1 (ID: block-1750955814266-0-nzbolfhttj)
    New active block: Block 1 (ID: block-1750955814266-0-nzbolfhttj)
    Loop is active: true
    Seeking in progress: false
 ✅ SEEK BUFFER EXPIRED: 2143ms since seek, processing block change
 🎯 LOOP IS ACTIVE: Checking user boundaries
    DragBoundaryController exists: true
    DragBoundaryController is active: true
    Has user defined boundaries: true
 ✅ USER BOUNDARIES ACTIVE: Preserving loop regardless of block change
    User boundaries: {startBoundary: 0, endBoundary: 3}
 BlockLoopControl: _createLoopButtonForCurrentBlock called
 BlockLoopControl: lyricsDisplay.currentActiveBlock: {id: 'block-1750955814266-0-nzbolfhttj', content: "I am not a pattern to be followed\nThe pill that I'…I found out the underbelly's sicker than it seems", type: 'verse', name: 'Block 1', lineIndices: Array(8)}
 BlockLoopControl: lyricsDisplay.textBlocks: (15) [{…}, {…}, {…}, {…}, {…}, {…}, {…}, {…}, {…}, {…}, {…}, {…}, {…}, {…}, {…}]
 BlockLoopControl: Создаем кнопку для активного блока репетиции: Block 1
 BlockLoopControl: _createLoopButton called for block: Block 1
 BlockLoopControl: Сохранены пользовательские границы: {startBoundary: 0, endBoundary: 3}
 BlockLoopControl: Кнопка удалена, drag boundaries остаются активными
 BlockLoopControl: blockElement found: true
 [DragBoundary] Активация для блока: Block 1
 [DragBoundary] Применены переданные границы: {startBoundary: 0, endBoundary: 3}
 [DragBoundary] Создание интерактивных линий границ
 [DragBoundary] Создана стартовая линия для строки 0
 [DragBoundary] Создана финишная линия для строки 3
 [DragBoundary] Обновлены визуальные состояния. Диапазон: 0-3
 [DragBoundary] Контроллер активирован
 BlockLoopControl: Создана кнопка для блока: Block 1
 BlockLoopControl: Кнопка создана для блока: Block 1
 🚫 Блокирована очевидная гармоника: 194.9Hz (0.51x от 383.3Hz, ясность: 88.6%)
 ✅ Октавный переход разрешен: 383.3Hz → 197.6Hz за 98мс (ratio: 0.52)
 🔍 LOOP DIAGNOSTIC #630:
      Current: 56.807s
      Loop Range: 53.977s - 64.527s
      End Threshold: 64.477s
      Time Since Last Jump: 2.798s
      Audio State: playing
 ✅ LOOP SAFE: 7.7s until loop end
 🔍 LOOP DIAGNOSTIC #640:
      Current: 57.311s
      Loop Range: 53.977s - 64.527s
      End Threshold: 64.477s
      Time Since Last Jump: 3.305s
      Audio State: playing
 ✅ LOOP SAFE: 7.2s until loop end
 🔍 LOOP DIAGNOSTIC #650:
      Current: 57.914s
      Loop Range: 53.977s - 64.527s
      End Threshold: 64.477s
      Time Since Last Jump: 3.905s
      Audio State: playing
 ✅ LOOP SAFE: 6.6s until loop end
 🔇 Глубокая тишина - очистка нот
 🛑 Принудительная остановка всех нот (deep_silence), активных: 1
 🔍 LOOP DIAGNOSTIC #660:
      Current: 58.380s
      Loop Range: 53.977s - 64.527s
      End Threshold: 64.477s
      Time Since Last Jump: 4.374s
      Audio State: playing
 ✅ LOOP SAFE: 6.1s until loop end
 🔍 LOOP DIAGNOSTIC #670:
      Current: 58.856s
      Loop Range: 53.977s - 64.527s
      End Threshold: 64.477s
      Time Since Last Jump: 4.852s
      Audio State: playing
 ✅ LOOP SAFE: 5.7s until loop end
 Rehearsal: Line changing from 1 to 2
 Splitting block "Block 10" (9 lines) into 2 parts with ~5 lines each
   Part 1: lines 0-4 (5 lines)
   Part 2: lines 5-8 (4 lines)
 Rehearsal: Current line 1 belongs to block: block-1750955814266-0-nzbolfhttj (8) [0, 1, 2, 3, 4, 5, 6, 7]
 Rehearsal: New line 2 belongs to block: block-1750955814266-0-nzbolfhttj (8) [0, 1, 2, 3, 4, 5, 6, 7]
 Rehearsal: Same block (block-1750955814266-0-nzbolfhttj), updating active line from 1 to 2
 [SETACTIVE] Called with index 2. Current style: rehearsal
 Rehearsal mode: Setting active line 2
 Activating rehearsal line at index 2
 📡 BLOCK CHANGE EVENT received
    Current loop block: Block 1 (ID: block-1750955814266-0-nzbolfhttj)
    New active block: Block 1 (ID: block-1750955814266-0-nzbolfhttj)
    Loop is active: true
    Seeking in progress: false
 🎯 LOOP IS ACTIVE: Checking user boundaries
    DragBoundaryController exists: true
    DragBoundaryController is active: true
    Has user defined boundaries: true
 ✅ USER BOUNDARIES ACTIVE: Preserving loop regardless of block change
    User boundaries: {startBoundary: 0, endBoundary: 3}
 BlockLoopControl: _createLoopButtonForCurrentBlock called
 BlockLoopControl: lyricsDisplay.currentActiveBlock: {id: 'block-1750955814266-0-nzbolfhttj', content: "I am not a pattern to be followed\nThe pill that I'…I found out the underbelly's sicker than it seems", type: 'verse', name: 'Block 1', lineIndices: Array(8)}
 BlockLoopControl: lyricsDisplay.textBlocks: (15) [{…}, {…}, {…}, {…}, {…}, {…}, {…}, {…}, {…}, {…}, {…}, {…}, {…}, {…}, {…}]
 BlockLoopControl: Создаем кнопку для активного блока репетиции: Block 1
 BlockLoopControl: _createLoopButton called for block: Block 1
 BlockLoopControl: Сохранены пользовательские границы: {startBoundary: 0, endBoundary: 3}
 BlockLoopControl: Кнопка удалена, drag boundaries остаются активными
 BlockLoopControl: blockElement found: true
 [DragBoundary] Активация для блока: Block 1
 [DragBoundary] Применены переданные границы: {startBoundary: 0, endBoundary: 3}
 [DragBoundary] Создание интерактивных линий границ
 [DragBoundary] Создана стартовая линия для строки 0
 [DragBoundary] Создана финишная линия для строки 3
 [DragBoundary] Обновлены визуальные состояния. Диапазон: 0-3
 [DragBoundary] Контроллер активирован
 BlockLoopControl: Создана кнопка для блока: Block 1
 BlockLoopControl: Кнопка создана для блока: Block 1
 ✅ Октавный переход разрешен: 199.7Hz → 385.6Hz за 49мс (ratio: 1.93)
 🔍 LOOP DIAGNOSTIC #680:
      Current: 59.512s
      Loop Range: 53.977s - 64.527s
      End Threshold: 64.477s
      Time Since Last Jump: 5.505s
      Audio State: playing
 ✅ LOOP SAFE: 5.0s until loop end
 🔍 LOOP DIAGNOSTIC #690:
      Current: 60.108s
      Loop Range: 53.977s - 64.527s
      End Threshold: 64.477s
      Time Since Last Jump: 6.099s
      Audio State: playing
 ✅ LOOP SAFE: 4.4s until loop end
 🔍 LOOP DIAGNOSTIC #700:
      Current: 60.557s
      Loop Range: 53.977s - 64.527s
      End Threshold: 64.477s
      Time Since Last Jump: 6.551s
      Audio State: playing
 ✅ LOOP SAFE: 4.0s until loop end
 🔇 Глубокая тишина - очистка нот
 🛑 Принудительная остановка всех нот (deep_silence), активных: 1
 🔍 LOOP DIAGNOSTIC #710:
      Current: 61.084s
      Loop Range: 53.977s - 64.527s
      End Threshold: 64.477s
      Time Since Last Jump: 7.074s
      Audio State: playing
 ✅ LOOP SAFE: 3.4s until loop end
 🚫 Блокирована очевидная гармоника: 474.8Hz (2.01x от 236.6Hz, ясность: 82.5%)
 🎯 Высокая ясность (92.5%) - принимаем возможную гармонику: 431.6Hz
 ✅ Октавный переход разрешен: 217.4Hz → 431.6Hz за 75мс (ratio: 1.99)
 🎯 Высокая ясность (97.1%) - принимаем возможную гармонику: 218.9Hz
 ✅ Октавный переход разрешен: 431.5Hz → 218.9Hz за 102мс (ratio: 0.51)
 Rehearsal: Line changing from 2 to 3
 Splitting block "Block 10" (9 lines) into 2 parts with ~5 lines each
   Part 1: lines 0-4 (5 lines)
   Part 2: lines 5-8 (4 lines)
 Rehearsal: Current line 2 belongs to block: block-1750955814266-0-nzbolfhttj (8) [0, 1, 2, 3, 4, 5, 6, 7]
 Rehearsal: New line 3 belongs to block: block-1750955814266-0-nzbolfhttj (8) [0, 1, 2, 3, 4, 5, 6, 7]
 Rehearsal: Same block (block-1750955814266-0-nzbolfhttj), updating active line from 2 to 3
 [SETACTIVE] Called with index 3. Current style: rehearsal
 Rehearsal mode: Setting active line 3
 Activating rehearsal line at index 3
 📡 BLOCK CHANGE EVENT received
    Current loop block: Block 1 (ID: block-1750955814266-0-nzbolfhttj)
    New active block: Block 1 (ID: block-1750955814266-0-nzbolfhttj)
    Loop is active: true
    Seeking in progress: false
 🎯 LOOP IS ACTIVE: Checking user boundaries
    DragBoundaryController exists: true
    DragBoundaryController is active: true
    Has user defined boundaries: true
 ✅ USER BOUNDARIES ACTIVE: Preserving loop regardless of block change
    User boundaries: {startBoundary: 0, endBoundary: 3}
 BlockLoopControl: _createLoopButtonForCurrentBlock called
 BlockLoopControl: lyricsDisplay.currentActiveBlock: {id: 'block-1750955814266-0-nzbolfhttj', content: "I am not a pattern to be followed\nThe pill that I'…I found out the underbelly's sicker than it seems", type: 'verse', name: 'Block 1', lineIndices: Array(8)}
 BlockLoopControl: lyricsDisplay.textBlocks: (15) [{…}, {…}, {…}, {…}, {…}, {…}, {…}, {…}, {…}, {…}, {…}, {…}, {…}, {…}, {…}]
 BlockLoopControl: Создаем кнопку для активного блока репетиции: Block 1
 BlockLoopControl: _createLoopButton called for block: Block 1
 BlockLoopControl: Сохранены пользовательские границы: {startBoundary: 0, endBoundary: 3}
 BlockLoopControl: Кнопка удалена, drag boundaries остаются активными
 BlockLoopControl: blockElement found: true
 [DragBoundary] Активация для блока: Block 1
 [DragBoundary] Применены переданные границы: {startBoundary: 0, endBoundary: 3}
 [DragBoundary] Создание интерактивных линий границ
 [DragBoundary] Создана стартовая линия для строки 0
 [DragBoundary] Создана финишная линия для строки 3
 [DragBoundary] Обновлены визуальные состояния. Диапазон: 0-3
 [DragBoundary] Контроллер активирован
 BlockLoopControl: Создана кнопка для блока: Block 1
 BlockLoopControl: Кнопка создана для блока: Block 1
 🔍 LOOP DIAGNOSTIC #720:
      Current: 61.808s
      Loop Range: 53.977s - 64.527s
      End Threshold: 64.477s
      Time Since Last Jump: 7.799s
      Audio State: playing
 ✅ LOOP SAFE: 2.7s until loop end
 🔇 Глубокая тишина - очистка нот
 🛑 Принудительная остановка всех нот (deep_silence), активных: 1
 🔍 LOOP DIAGNOSTIC #730:
      Current: 62.360s
      Loop Range: 53.977s - 64.527s
      End Threshold: 64.477s
      Time Since Last Jump: 8.364s
      Audio State: playing
 ✅ LOOP SAFE: 2.2s until loop end
 🔍 LOOP DIAGNOSTIC #740:
      Current: 62.873s
      Loop Range: 53.977s - 64.527s
      End Threshold: 64.477s
      Time Since Last Jump: 8.865s
      Audio State: playing
 ✅ LOOP SAFE: 1.7s until loop end
 ✅ Октавный переход разрешен: 218.6Hz → 448.5Hz за 129мс (ratio: 2.05)
 🔍 LOOP DIAGNOSTIC #750:
      Current: 63.384s
      Loop Range: 53.977s - 64.527s
      End Threshold: 64.477s
      Time Since Last Jump: 9.386s
      Audio State: playing
 ✅ LOOP SAFE: 1.1s until loop end
 🚫 Блокирована очевидная гармоника: 234.6Hz (0.27x от 855.2Hz, ясность: 84.0%)
 ✅ Октавный переход разрешен: 855.2Hz → 235.7Hz за 51мс (ratio: 0.28)
 🔍 LOOP DIAGNOSTIC #760:
      Current: 63.859s
      Loop Range: 53.977s - 64.527s
      End Threshold: 64.477s
      Time Since Last Jump: 9.867s
      Audio State: playing
