      Time Since Last Jump: 9.741s
      Audio State: playing
 ✅ LOOP SAFE: 2.7s until loop end
 Rehearsal: Line changing from 6 to 7
 Splitting block "Block 10" (9 lines) into 2 parts with ~5 lines each
   Part 1: lines 0-4 (5 lines)
   Part 2: lines 5-8 (4 lines)
 Rehearsal: Current line 6 belongs to block: block-1750932663714-0-8i9n7onn8sk Array(8)
 Rehearsal: New line 7 belongs to block: block-1750932663714-0-8i9n7onn8sk Array(8)
 Rehearsal: Same block (block-1750932663714-0-8i9n7onn8sk), updating active line from 6 to 7
 [SETACTIVE] Called with index 7. Current style: rehearsal
 Rehearsal mode: Setting active line 7
 Activating rehearsal line at index 7
 📡 BLOCK CHANGE EVENT received
    Current loop block: Block 1 (ID: block-1750932663714-0-8i9n7onn8sk)
    New active block: Block 1 (ID: block-1750932663714-0-8i9n7onn8sk)
    Loop is active: true
    Seeking in progress: false
    Same block ID: true
    Same block name: true
    Current block lines: [0,1,2,3,4,5,6,7]
    New block lines: [0,1,2,3,4,5,6,7]
    Same lines: true
 BlockLoopControl: Calculating time range for block "Block 1" with lines [0,1,2,3,4,5,6,7]
 BlockLoopControl: Available markers count: 49
 BlockLoopControl: Block line range: 0 to 7
 BlockLoopControl: Found start marker for line 0: 53.96s
 BlockLoopControl: Searching for end marker after line 7
 BlockLoopControl: Found end marker (first of next block) for line 8: 74.75s
 BlockLoopControl: Block "Block 1" LOOP BOUNDS: START=53.96s END=74.75s (duration: 20.79s)
 BlockLoopControl: Calculating time range for block "Block 1" with lines [0,1,2,3,4,5,6,7]
 BlockLoopControl: Available markers count: 49
 BlockLoopControl: Block line range: 0 to 7
 BlockLoopControl: Found start marker for line 0: 53.96s
 BlockLoopControl: Searching for end marker after line 7
 BlockLoopControl: Found end marker (first of next block) for line 8: 74.75s
 BlockLoopControl: Block "Block 1" LOOP BOUNDS: START=53.96s END=74.75s (duration: 20.79s)
    Current time range: 53.959s - 74.745s
    New time range: 53.959s - 74.745s
    Time difference: 0.000s
    Same time range: true
 ✅ SAME BLOCK CONFIRMED: Not stopping loop - this is the same block
 🔍 LOOP DIAGNOSTIC #2640:
      Current: 72.414s
      Loop Range: 64.280s - 74.745s
      End Threshold: 74.695s
      Time Since Last Jump: 10.192s
      Audio State: playing
 ✅ LOOP SAFE: 2.3s until loop end
 🔍 LOOP DIAGNOSTIC #2650:
      Current: 72.814s
      Loop Range: 64.280s - 74.745s
      End Threshold: 74.695s
      Time Since Last Jump: 10.693s
      Audio State: playing
 ✅ LOOP SAFE: 1.9s until loop end
 🔍 LOOP DIAGNOSTIC #2660:
      Current: 73.214s
      Loop Range: 64.280s - 74.745s
      End Threshold: 74.695s
      Time Since Last Jump: 11.191s
      Audio State: playing
 ✅ LOOP SAFE: 1.5s until loop end
 🔍 LOOP DIAGNOSTIC #2670:
      Current: 73.614s
      Loop Range: 64.280s - 74.745s
      End Threshold: 74.695s
      Time Since Last Jump: 11.691s
      Audio State: playing
 ✅ LOOP SAFE: 1.1s until loop end
 🔍 LOOP DIAGNOSTIC #2680:
      Current: 73.974s
      Loop Range: 64.280s - 74.745s
      End Threshold: 74.695s
      Time Since Last Jump: 12.14s
      Audio State: playing
 🔍 LOOP DIAGNOSTIC #2690:
      Current: 74.374s
      Loop Range: 64.280s - 74.745s
      End Threshold: 74.695s
      Time Since Last Jump: 12.642s
      Audio State: playing
 🚨 LOOP END REACHED at 74.734s (threshold: 74.695s)
     Time since last jump: 13.1s
     Jump allowed: true (min interval: 1.5s)
     Currently seeking: false
 🎯 JUMP TARGET VALIDATION:
     Target time: 64.280s
     Target line: 4
     Current block lines: [0,1,2,3,4,5,6,7]
     Block contains target: true
 🔄 EXECUTING LOOP JUMP: 74.734s → 64.280s (target: 64.295s)
 🔒 SEEK STARTED: isSeekingInProgress = true
    Executing setCurrentTime(64.295)
    Time before seek: 74.734s
 ⏰ СИНХРО: Позиция установлена 64.29с
 Rehearsal: Line changing from 7 to 4
 Splitting block "Block 10" (9 lines) into 2 parts with ~5 lines each
   Part 1: lines 0-4 (5 lines)
   Part 2: lines 5-8 (4 lines)
 Rehearsal: Current line 7 belongs to block: block-1750932663714-0-8i9n7onn8sk Array(8)
 Rehearsal: New line 4 belongs to block: block-1750932663714-0-8i9n7onn8sk Array(8)
 Rehearsal: Same block (block-1750932663714-0-8i9n7onn8sk), updating active line from 7 to 4
 [SETACTIVE] Called with index 4. Current style: rehearsal
 Rehearsal mode: Setting active line 4
 Activating rehearsal line at index 4
 📡 BLOCK CHANGE EVENT received
    Current loop block: Block 1 (ID: block-1750932663714-0-8i9n7onn8sk)
    New active block: Block 1 (ID: block-1750932663714-0-8i9n7onn8sk)
    Loop is active: true
    Seeking in progress: true
 🔒 IGNORING BLOCK CHANGE: Seek in progress, this is likely caused by the loop jump
 🔒 LOOP CHECKS BLOCKED: Seek in progress for 78ms
 🔒 LOOP CHECKS BLOCKED: Seek in progress for 98ms
 🔒 LOOP CHECKS BLOCKED: Seek in progress for 148ms
 🔒 LOOP CHECKS BLOCKED: Seek in progress for 199ms
 🔒 LOOP CHECKS BLOCKED: Seek in progress for 248ms
 🔒 LOOP CHECKS BLOCKED: Seek in progress for 298ms
 🔒 LOOP CHECKS BLOCKED: Seek in progress for 349ms
 🔒 LOOP CHECKS BLOCKED: Seek in progress for 398ms
 🔒 LOOP CHECKS BLOCKED: Seek in progress for 448ms
 🔒 LOOP CHECKS BLOCKED: Seek in progress for 498ms
 ⚠️ SEEK TIMEOUT: Forcing isSeekingInProgress = false after 500ms
(анонимная) @ block-loop-control.js:607
 🔍 LOOP DIAGNOSTIC #2710:
      Current: 64.630s
      Loop Range: 64.280s - 74.745s
      End Threshold: 74.695s
      Time Since Last Jump: 0.546s
      Audio State: playing
 ✅ LOOP SAFE: 10.1s until loop end
 ✅ AUTO RECOVERY: Loop health OK (check #2720)
    Loop active: true
    Current time: 65.0s
    Loop range: 64.3s - 74.7s
 🔍 LOOP DIAGNOSTIC #2730:
      Current: 65.390s
      Loop Range: 64.280s - 74.745s
      End Threshold: 74.695s
      Time Since Last Jump: 1.497s
      Audio State: playing
 ✅ LOOP SAFE: 9.4s until loop end
 🔍 LOOP DIAGNOSTIC #2740:
      Current: 65.790s
      Loop Range: 64.280s - 74.745s
      End Threshold: 74.695s
      Time Since Last Jump: 1.998s
      Audio State: playing
 ✅ LOOP SAFE: 9.0s until loop end
 🔍 LOOP DIAGNOSTIC #2750:
      Current: 66.190s
      Loop Range: 64.280s - 74.745s
      End Threshold: 74.695s
      Time Since Last Jump: 2.497s
      Audio State: playing
 ✅ LOOP SAFE: 8.6s until loop end
 🔍 LOOP DIAGNOSTIC #2760:
      Current: 66.590s
      Loop Range: 64.280s - 74.745s
      End Threshold: 74.695s
      Time Since Last Jump: 2.996s
      Audio State: playing
 ✅ LOOP SAFE: 8.2s until loop end
 Rehearsal: Line changing from 4 to 5
 Splitting block "Block 10" (9 lines) into 2 parts with ~5 lines each
   Part 1: lines 0-4 (5 lines)
   Part 2: lines 5-8 (4 lines)
 Rehearsal: Current line 4 belongs to block: block-1750932663714-0-8i9n7onn8sk Array(8)
 Rehearsal: New line 5 belongs to block: block-1750932663714-0-8i9n7onn8sk Array(8)
 Rehearsal: Same block (block-1750932663714-0-8i9n7onn8sk), updating active line from 4 to 5
 [SETACTIVE] Called with index 5. Current style: rehearsal
 Rehearsal mode: Setting active line 5
 Activating rehearsal line at index 5
 📡 BLOCK CHANGE EVENT received
    Current loop block: Block 1 (ID: block-1750932663714-0-8i9n7onn8sk)
    New active block: Block 1 (ID: block-1750932663714-0-8i9n7onn8sk)
    Loop is active: true
    Seeking in progress: false
 ✅ SEEK BUFFER EXPIRED: 2591ms since seek, processing block change
    Same block ID: true
    Same block name: true
    Current block lines: [0,1,2,3,4,5,6,7]
    New block lines: [0,1,2,3,4,5,6,7]
    Same lines: true
 BlockLoopControl: Calculating time range for block "Block 1" with lines [0,1,2,3,4,5,6,7]
 BlockLoopControl: Available markers count: 49
 BlockLoopControl: Block line range: 0 to 7
 BlockLoopControl: Found start marker for line 0: 53.96s
 BlockLoopControl: Searching for end marker after line 7
 BlockLoopControl: Found end marker (first of next block) for line 8: 74.75s
 BlockLoopControl: Block "Block 1" LOOP BOUNDS: START=53.96s END=74.75s (duration: 20.79s)
 BlockLoopControl: Calculating time range for block "Block 1" with lines [0,1,2,3,4,5,6,7]
 BlockLoopControl: Available markers count: 49
 BlockLoopControl: Block line range: 0 to 7
 BlockLoopControl: Found start marker for line 0: 53.96s
 BlockLoopControl: Searching for end marker after line 7
 BlockLoopControl: Found end marker (first of next block) for line 8: 74.75s
 BlockLoopControl: Block "Block 1" LOOP BOUNDS: START=53.96s END=74.75s (duration: 20.79s)
    Current time range: 53.959s - 74.745s
    New time range: 53.959s - 74.745s
    Time difference: 0.000s
    Same time range: true
 ✅ SAME BLOCK CONFIRMED: Not stopping loop - this is the same block
 🔍 LOOP DIAGNOSTIC #2770:
      Current: 66.950s
      Loop Range: 64.280s - 74.745s
      End Threshold: 74.695s
      Time Since Last Jump: 3.446s
      Audio State: playing
 ✅ LOOP SAFE: 7.8s until loop end
 🔍 LOOP DIAGNOSTIC #2780:
      Current: 67.350s
      Loop Range: 64.280s - 74.745s
      End Threshold: 74.695s
      Time Since Last Jump: 3.947s
      Audio State: playing
 ✅ LOOP SAFE: 7.4s until loop end
 🔍 LOOP DIAGNOSTIC #2790:
      Current: 67.750s
      Loop Range: 64.280s - 74.745s
      End Threshold: 74.695s
      Time Since Last Jump: 4.447s
      Audio State: playing
 ✅ LOOP SAFE: 7.0s until loop end
 🔍 LOOP DIAGNOSTIC #2800:
      Current: 68.150s
      Loop Range: 64.280s - 74.745s
      End Threshold: 74.695s
      Time Since Last Jump: 4.947s
      Audio State: playing
 ✅ LOOP SAFE: 6.6s until loop end
 🔍 LOOP DIAGNOSTIC #2810:
      Current: 68.510s
      Loop Range: 64.280s - 74.745s
      End Threshold: 74.695s
      Time Since Last Jump: 5.397s
      Audio State: playing
 ✅ LOOP SAFE: 6.2s until loop end
 🔍 LOOP DIAGNOSTIC #2820:
      Current: 68.910s
      Loop Range: 64.280s - 74.745s
      End Threshold: 74.695s
      Time Since Last Jump: 5.896s
      Audio State: playing
 ✅ LOOP SAFE: 5.8s until loop end
 🔍 LOOP DIAGNOSTIC #2830:
      Current: 69.310s
      Loop Range: 64.280s - 74.745s
      End Threshold: 74.695s
      Time Since Last Jump: 6.397s
      Audio State: playing
 ✅ LOOP SAFE: 5.4s until loop end
 Rehearsal: Line changing from 5 to 6
 Splitting block "Block 10" (9 lines) into 2 parts with ~5 lines each
   Part 1: lines 0-4 (5 lines)
   Part 2: lines 5-8 (4 lines)
 Rehearsal: Current line 5 belongs to block: block-1750932663714-0-8i9n7onn8sk Array(8)
 Rehearsal: New line 6 belongs to block: block-1750932663714-0-8i9n7onn8sk Array(8)
 Rehearsal: Same block (block-1750932663714-0-8i9n7onn8sk), updating active line from 5 to 6
 [SETACTIVE] Called with index 6. Current style: rehearsal
 Rehearsal mode: Setting active line 6
 Activating rehearsal line at index 6
 📡 BLOCK CHANGE EVENT received
    Current loop block: Block 1 (ID: block-1750932663714-0-8i9n7onn8sk)
    New active block: Block 1 (ID: block-1750932663714-0-8i9n7onn8sk)
    Loop is active: true
    Seeking in progress: false
    Same block ID: true
    Same block name: true
    Current block lines: [0,1,2,3,4,5,6,7]
    New block lines: [0,1,2,3,4,5,6,7]
    Same lines: true
 BlockLoopControl: Calculating time range for block "Block 1" with lines [0,1,2,3,4,5,6,7]
 BlockLoopControl: Available markers count: 49
 BlockLoopControl: Block line range: 0 to 7
 BlockLoopControl: Found start marker for line 0: 53.96s
 BlockLoopControl: Searching for end marker after line 7
 BlockLoopControl: Found end marker (first of next block) for line 8: 74.75s
 BlockLoopControl: Block "Block 1" LOOP BOUNDS: START=53.96s END=74.75s (duration: 20.79s)
 BlockLoopControl: Calculating time range for block "Block 1" with lines [0,1,2,3,4,5,6,7]
 BlockLoopControl: Available markers count: 49
 BlockLoopControl: Block line range: 0 to 7
 BlockLoopControl: Found start marker for line 0: 53.96s
 BlockLoopControl: Searching for end marker after line 7
 BlockLoopControl: Found end marker (first of next block) for line 8: 74.75s
 BlockLoopControl: Block "Block 1" LOOP BOUNDS: START=53.96s END=74.75s (duration: 20.79s)
    Current time range: 53.959s - 74.745s
    New time range: 53.959s - 74.745s
    Time difference: 0.000s
    Same time range: true
 ✅ SAME BLOCK CONFIRMED: Not stopping loop - this is the same block
 🔍 LOOP DIAGNOSTIC #2840:
      Current: 69.710s
      Loop Range: 64.280s - 74.745s
      End Threshold: 74.695s
      Time Since Last Jump: 6.896s
      Audio State: playing
 ✅ LOOP SAFE: 5.0s until loop end
 🔍 LOOP DIAGNOSTIC #2850:
      Current: 70.070s
      Loop Range: 64.280s - 74.745s
      End Threshold: 74.695s
      Time Since Last Jump: 7.347s
      Audio State: playing
 ✅ LOOP SAFE: 4.7s until loop end
 🔍 LOOP DIAGNOSTIC #2860:
      Current: 70.470s
      Loop Range: 64.280s - 74.745s
      End Threshold: 74.695s
      Time Since Last Jump: 7.848s
      Audio State: playing
 ✅ LOOP SAFE: 4.3s until loop end
 🔍 LOOP DIAGNOSTIC #2870:
      Current: 70.894s
      Loop Range: 64.280s - 74.745s
      End Threshold: 74.695s
      Time Since Last Jump: 8.399s
      Audio State: playing
 ✅ LOOP SAFE: 3.9s until loop end
 🔇 Глубокая тишина - очистка нот
 🛑 Принудительная остановка всех нот (deep_silence), активных: 1
 🔍 LOOP DIAGNOSTIC #2880:
      Current: 71.390s
      Loop Range: 64.280s - 74.745s
      End Threshold: 74.695s
      Time Since Last Jump: 8.997s
      Audio State: playing
 ✅ LOOP SAFE: 3.4s until loop end
 🔍 LOOP DIAGNOSTIC #2890:
      Current: 71.750s
      Loop Range: 64.280s - 74.745s
      End Threshold: 74.695s
      Time Since Last Jump: 9.451s
      Audio State: playing
 ✅ LOOP SAFE: 3.0s until loop end
 🔇 Глубокая тишина - очистка нот
 🛑 Принудительная остановка всех нот (deep_silence), активных: 1
 Rehearsal: Line changing from 6 to 7
 Splitting block "Block 10" (9 lines) into 2 parts with ~5 lines each
   Part 1: lines 0-4 (5 lines)
   Part 2: lines 5-8 (4 lines)
 Rehearsal: Current line 6 belongs to block: block-1750932663714-0-8i9n7onn8sk Array(8)
 Rehearsal: New line 7 belongs to block: block-1750932663714-0-8i9n7onn8sk Array(8)
 Rehearsal: Same block (block-1750932663714-0-8i9n7onn8sk), updating active line from 6 to 7
 [SETACTIVE] Called with index 7. Current style: rehearsal
 Rehearsal mode: Setting active line 7
 Activating rehearsal line at index 7
 📡 BLOCK CHANGE EVENT received
    Current loop block: Block 1 (ID: block-1750932663714-0-8i9n7onn8sk)
    New active block: Block 1 (ID: block-1750932663714-0-8i9n7onn8sk)
    Loop is active: true
    Seeking in progress: false
    Same block ID: true
    Same block name: true
    Current block lines: [0,1,2,3,4,5,6,7]
    New block lines: [0,1,2,3,4,5,6,7]
    Same lines: true
 BlockLoopControl: Calculating time range for block "Block 1" with lines [0,1,2,3,4,5,6,7]
 BlockLoopControl: Available markers count: 49
 BlockLoopControl: Block line range: 0 to 7
 BlockLoopControl: Found start marker for line 0: 53.96s
 BlockLoopControl: Searching for end marker after line 7
 BlockLoopControl: Found end marker (first of next block) for line 8: 74.75s
 BlockLoopControl: Block "Block 1" LOOP BOUNDS: START=53.96s END=74.75s (duration: 20.79s)
 BlockLoopControl: Calculating time range for block "Block 1" with lines [0,1,2,3,4,5,6,7]
 BlockLoopControl: Available markers count: 49
 BlockLoopControl: Block line range: 0 to 7
 BlockLoopControl: Found start marker for line 0: 53.96s
 BlockLoopControl: Searching for end marker after line 7
 BlockLoopControl: Found end marker (first of next block) for line 8: 74.75s
 BlockLoopControl: Block "Block 1" LOOP BOUNDS: START=53.96s END=74.75s (duration: 20.79s)
    Current time range: 53.959s - 74.745s
    New time range: 53.959s - 74.745s
    Time difference: 0.000s
    Same time range: true
 ✅ SAME BLOCK CONFIRMED: Not stopping loop - this is the same block
 🔍 LOOP DIAGNOSTIC #2900:
      Current: 72.190s
      Loop Range: 64.280s - 74.745s
      End Threshold: 74.695s
      Time Since Last Jump: 9.999s
      Audio State: playing
 ✅ LOOP SAFE: 2.6s until loop end
 🔍 LOOP DIAGNOSTIC #2910:
      Current: 72.590s
      Loop Range: 64.280s - 74.745s
      End Threshold: 74.695s
      Time Since Last Jump: 10.499s
      Audio State: playing
 ✅ LOOP SAFE: 2.2s until loop end
 🔍 LOOP DIAGNOSTIC #2920:
      Current: 72.998s
      Loop Range: 64.280s - 74.745s
      End Threshold: 74.695s
      Time Since Last Jump: 11.018s
      Audio State: playing
 ✅ LOOP SAFE: 1.7s until loop end
 🔍 LOOP DIAGNOSTIC #2930:
      Current: 73.350s
      Loop Range: 64.280s - 74.745s
      End Threshold: 74.695s
      Time Since Last Jump: 11.447s
      Audio State: playing
 ✅ LOOP SAFE: 1.4s until loop end
 🔇 Глубокая тишина - очистка нот
 🛑 Принудительная остановка всех нот (deep_silence), активных: 1
 🔍 LOOP DIAGNOSTIC #2940:
      Current: 73.750s
      Loop Range: 64.280s - 74.745s
      End Threshold: 74.695s
      Time Since Last Jump: 11.947s
      Audio State: playing
 🔍 LOOP DIAGNOSTIC #2950:
      Current: 74.230s
      Loop Range: 64.280s - 74.745s
      End Threshold: 74.695s
      Time Since Last Jump: 12.543s
      Audio State: playing
 🔇 Глубокая тишина - очистка нот
 🛑 Принудительная остановка всех нот (deep_silence), активных: 1
 🔍 LOOP DIAGNOSTIC #2960:
      Current: 74.590s
      Loop Range: 64.280s - 74.745s
      End Threshold: 74.695s
      Time Since Last Jump: 13.01s
      Audio State: playing
 🚨 LOOP END REACHED at 74.718s (threshold: 74.695s)
     Time since last jump: 13.2s
     Jump allowed: true (min interval: 1.5s)
     Currently seeking: false
 🎯 JUMP TARGET VALIDATION:
     Target time: 64.280s
     Target line: 4
     Current block lines: [0,1,2,3,4,5,6,7]
     Block contains target: true
 🔄 EXECUTING LOOP JUMP: 74.718s → 64.280s (target: 64.295s)
 🔒 SEEK STARTED: isSeekingInProgress = true
    Executing setCurrentTime(64.295)
    Time before seek: 74.718s
 ⏰ СИНХРО: Позиция установлена 64.29с
 Rehearsal: Line changing from 7 to 4
 Splitting block "Block 10" (9 lines) into 2 parts with ~5 lines each
   Part 1: lines 0-4 (5 lines)
   Part 2: lines 5-8 (4 lines)
 Rehearsal: Current line 7 belongs to block: block-1750932663714-0-8i9n7onn8sk Array(8)
 Rehearsal: New line 4 belongs to block: block-1750932663714-0-8i9n7onn8sk Array(8)
 Rehearsal: Same block (block-1750932663714-0-8i9n7onn8sk), updating active line from 7 to 4
 [SETACTIVE] Called with index 4. Current style: rehearsal
 Rehearsal mode: Setting active line 4
 Activating rehearsal line at index 4
 📡 BLOCK CHANGE EVENT received
    Current loop block: Block 1 (ID: block-1750932663714-0-8i9n7onn8sk)
    New active block: Block 1 (ID: block-1750932663714-0-8i9n7onn8sk)
    Loop is active: true
    Seeking in progress: true
 🔒 IGNORING BLOCK CHANGE: Seek in progress, this is likely caused by the loop jump
 🔒 LOOP CHECKS BLOCKED: Seek in progress for 44ms
 🔒 LOOP CHECKS BLOCKED: Seek in progress for 95ms
 🔒 LOOP CHECKS BLOCKED: Seek in progress for 203ms
 🔒 LOOP CHECKS BLOCKED: Seek in progress for 245ms
 🔒 LOOP CHECKS BLOCKED: Seek in progress for 294ms
 🔒 LOOP CHECKS BLOCKED: Seek in progress for 345ms
 🔒 LOOP CHECKS BLOCKED: Seek in progress for 428ms
 🔒 LOOP CHECKS BLOCKED: Seek in progress for 455ms
 🔇 Глубокая тишина - очистка нот
 🛑 Принудительная остановка всех нот (deep_silence), активных: 1
 🔒 LOOP CHECKS BLOCKED: Seek in progress for 495ms
 ⚠️ SEEK TIMEOUT: Forcing isSeekingInProgress = false after 500ms
(анонимная) @ block-loop-control.js:607
 🎯 Высокая ясность (91.1%) - принимаем возможную гармонику: 121.6Hz
 🚫 Октавный скачок заблокирован: 246.4Hz → 121.6Hz за 31мс (ratio: 0.49)
 🔇 Глубокая тишина - очистка нот
 🛑 Принудительная остановка всех нот (deep_silence), активных: 1
 🔍 LOOP DIAGNOSTIC #2980:
      Current: 64.944s
      Loop Range: 64.280s - 74.745s
      End Threshold: 74.695s
      Time Since Last Jump: 0.839s
      Audio State: playing
 ✅ LOOP SAFE: 9.8s until loop end
 🔍 LOOP DIAGNOSTIC #2990:
      Current: 65.345s
      Loop Range: 64.280s - 74.745s
      End Threshold: 74.695s
      Time Since Last Jump: 1.338s
      Audio State: playing
 ✅ LOOP SAFE: 9.4s until loop end
 🔇 Глубокая тишина - очистка нот
 🛑 Принудительная остановка всех нот (deep_silence), активных: 1
 🔍 LOOP DIAGNOSTIC #3000:
      Current: 65.830s
      Loop Range: 64.280s - 74.745s
      End Threshold: 74.695s
      Time Since Last Jump: 1.944s
      Audio State: playing
 ✅ LOOP SAFE: 8.9s until loop end
 🔇 Глубокая тишина - очистка нот
 🛑 Принудительная остановка всех нот (deep_silence), активных: 1
 🔍 LOOP DIAGNOSTIC #3010:
      Current: 66.230s
      Loop Range: 64.280s - 74.745s
      End Threshold: 74.695s
      Time Since Last Jump: 2.439s
      Audio State: playing
 ✅ LOOP SAFE: 8.5s until loop end
 🎯 Высокая ясность (90.6%) - принимаем возможную гармонику: 504.1Hz
 🚫 Октавный скачок заблокирован: 253.5Hz → 504.1Hz за 22мс (ratio: 1.99)
 🚫 Октавный скачок заблокирован: 253.5Hz → 499.8Hz за 34мс (ratio: 1.97)
 🎯 Высокая ясность (97.4%) - принимаем возможную гармонику: 247.8Hz
 Rehearsal: Line changing from 4 to 5
 Splitting block "Block 10" (9 lines) into 2 parts with ~5 lines each
   Part 1: lines 0-4 (5 lines)
   Part 2: lines 5-8 (4 lines)
 Rehearsal: Current line 4 belongs to block: block-1750932663714-0-8i9n7onn8sk Array(8)
 Rehearsal: New line 5 belongs to block: block-1750932663714-0-8i9n7onn8sk Array(8)
 Rehearsal: Same block (block-1750932663714-0-8i9n7onn8sk), updating active line from 4 to 5
 [SETACTIVE] Called with index 5. Current style: rehearsal
 Rehearsal mode: Setting active line 5
 Activating rehearsal line at index 5
 📡 BLOCK CHANGE EVENT received
    Current loop block: Block 1 (ID: block-1750932663714-0-8i9n7onn8sk)
    New active block: Block 1 (ID: block-1750932663714-0-8i9n7onn8sk)
    Loop is active: true
    Seeking in progress: false
 ✅ SEEK BUFFER EXPIRED: 2502ms since seek, processing block change
    Same block ID: true
    Same block name: true
    Current block lines: [0,1,2,3,4,5,6,7]
    New block lines: [0,1,2,3,4,5,6,7]
    Same lines: true
 BlockLoopControl: Calculating time range for block "Block 1" with lines [0,1,2,3,4,5,6,7]
 BlockLoopControl: Available markers count: 49
 BlockLoopControl: Block line range: 0 to 7
 BlockLoopControl: Found start marker for line 0: 53.96s
 BlockLoopControl: Searching for end marker after line 7
 BlockLoopControl: Found end marker (first of next block) for line 8: 74.75s
 BlockLoopControl: Block "Block 1" LOOP BOUNDS: START=53.96s END=74.75s (duration: 20.79s)
 BlockLoopControl: Calculating time range for block "Block 1" with lines [0,1,2,3,4,5,6,7]
 BlockLoopControl: Available markers count: 49
 BlockLoopControl: Block line range: 0 to 7
 BlockLoopControl: Found start marker for line 0: 53.96s
 BlockLoopControl: Searching for end marker after line 7
 BlockLoopControl: Found end marker (first of next block) for line 8: 74.75s
 BlockLoopControl: Block "Block 1" LOOP BOUNDS: START=53.96s END=74.75s (duration: 20.79s)
    Current time range: 53.959s - 74.745s
    New time range: 53.959s - 74.745s
    Time difference: 0.000s
    Same time range: true
 ✅ SAME BLOCK CONFIRMED: Not stopping loop - this is the same block
 🔍 LOOP DIAGNOSTIC #3020:
      Current: 66.681s
      Loop Range: 64.280s - 74.745s
      End Threshold: 74.695s
      Time Since Last Jump: 3.01s
      Audio State: playing
 ✅ LOOP SAFE: 8.1s until loop end
 🚫 Блокирована очевидная гармоника: 121.5Hz (0.50x от 240.9Hz, ясность: 86.2%)
 🚫 Блокирована очевидная гармоника: 439.0Hz (2.00x от 219.7Hz, ясность: 89.6%)
 🔍 LOOP DIAGNOSTIC #3030:
      Current: 67.150s
      Loop Range: 64.280s - 74.745s
      End Threshold: 74.695s
      Time Since Last Jump: 3.588s
      Audio State: playing
 ✅ LOOP SAFE: 7.6s until loop end
 🔇 Глубокая тишина - очистка нот
 🛑 Принудительная остановка всех нот (deep_silence), активных: 1
 🔍 LOOP DIAGNOSTIC #3040:
      Current: 67.544s
      Loop Range: 64.280s - 74.745s
      End Threshold: 74.695s
      Time Since Last Jump: 4.089s
      Audio State: playing
 ✅ LOOP SAFE: 7.2s until loop end
 🔍 LOOP DIAGNOSTIC #3050:
      Current: 67.945s
      Loop Range: 64.280s - 74.745s
      End Threshold: 74.695s
      Time Since Last Jump: 4.589s
      Audio State: playing
 ✅ LOOP SAFE: 6.8s until loop end
 🔍 LOOP DIAGNOSTIC #3060:
      Current: 68.345s
      Loop Range: 64.280s - 74.745s
      End Threshold: 74.695s
      Time Since Last Jump: 5.089s
      Audio State: playing
 ✅ LOOP SAFE: 6.4s until loop end
 🚫 Блокирована очевидная гармоника: 429.0Hz (2.00x от 214.3Hz, ясность: 88.3%)
 🎯 Высокая ясность (91.0%) - принимаем возможную гармонику: 426.7Hz
 ✅ Октавный переход разрешен: 214.3Hz → 426.7Hz за 279мс (ratio: 1.99)
 🎯 Высокая ясность (94.9%) - принимаем возможную гармонику: 231.6Hz
 ✅ Октавный переход разрешен: 466.5Hz → 231.6Hz за 141мс (ratio: 0.50)
 🔍 LOOP DIAGNOSTIC #3070:
      Current: 68.750s
      Loop Range: 64.280s - 74.745s
      End Threshold: 74.695s
      Time Since Last Jump: 5.591s
      Audio State: playing
 ✅ LOOP SAFE: 6.0s until loop end
 🚫 Октавный скачок заблокирован: 229.9Hz → 473.0Hz за 15мс (ratio: 2.06)
 🚫 Октавный скачок заблокирован: 229.9Hz → 468.5Hz за 33мс (ratio: 2.04)
 🚫 Блокирована очевидная гармоника: 236.6Hz (0.51x от 468.5Hz, ясность: 83.5%)
 🚫 Блокирована очевидная гармоника: 239.7Hz (0.51x от 468.5Hz, ясность: 87.9%)
 🔇 Глубокая тишина - очистка нот
 🛑 Принудительная остановка всех нот (deep_silence), активных: 1
 🔍 LOOP DIAGNOSTIC #3080:
      Current: 69.286s
      Loop Range: 64.280s - 74.745s
      End Threshold: 74.695s
      Time Since Last Jump: 6.262s
      Audio State: playing
 ✅ LOOP SAFE: 5.5s until loop end
 🎯 Высокая ясность (91.8%) - принимаем возможную гармонику: 239.2Hz
 Rehearsal: Line changing from 5 to 6
 Splitting block "Block 10" (9 lines) into 2 parts with ~5 lines each
   Part 1: lines 0-4 (5 lines)
   Part 2: lines 5-8 (4 lines)
 Rehearsal: Current line 5 belongs to block: block-1750932663714-0-8i9n7onn8sk Array(8)
 Rehearsal: New line 6 belongs to block: block-1750932663714-0-8i9n7onn8sk Array(8)
 Rehearsal: Same block (block-1750932663714-0-8i9n7onn8sk), updating active line from 5 to 6
 [SETACTIVE] Called with index 6. Current style: rehearsal
 Rehearsal mode: Setting active line 6
 Activating rehearsal line at index 6
 📡 BLOCK CHANGE EVENT received
    Current loop block: Block 1 (ID: block-1750932663714-0-8i9n7onn8sk)
    New active block: Block 1 (ID: block-1750932663714-0-8i9n7onn8sk)
    Loop is active: true
    Seeking in progress: false
    Same block ID: true
    Same block name: true
    Current block lines: [0,1,2,3,4,5,6,7]
    New block lines: [0,1,2,3,4,5,6,7]
    Same lines: true
 BlockLoopControl: Calculating time range for block "Block 1" with lines [0,1,2,3,4,5,6,7]
 BlockLoopControl: Available markers count: 49
 BlockLoopControl: Block line range: 0 to 7
 BlockLoopControl: Found start marker for line 0: 53.96s
 BlockLoopControl: Searching for end marker after line 7
 BlockLoopControl: Found end marker (first of next block) for line 8: 74.75s
 BlockLoopControl: Block "Block 1" LOOP BOUNDS: START=53.96s END=74.75s (duration: 20.79s)
 BlockLoopControl: Calculating time range for block "Block 1" with lines [0,1,2,3,4,5,6,7]
 BlockLoopControl: Available markers count: 49
 BlockLoopControl: Block line range: 0 to 7
 BlockLoopControl: Found start marker for line 0: 53.96s
 BlockLoopControl: Searching for end marker after line 7
 BlockLoopControl: Found end marker (first of next block) for line 8: 74.75s
 BlockLoopControl: Block "Block 1" LOOP BOUNDS: START=53.96s END=74.75s (duration: 20.79s)
    Current time range: 53.959s - 74.745s
    New time range: 53.959s - 74.745s
    Time difference: 0.000s
    Same time range: true
 ✅ SAME BLOCK CONFIRMED: Not stopping loop - this is the same block
 🔍 LOOP DIAGNOSTIC #3090:
      Current: 69.704s
      Loop Range: 64.280s - 74.745s
      End Threshold: 74.695s
      Time Since Last Jump: 6.787s
      Audio State: playing
 ✅ LOOP SAFE: 5.0s until loop end
 🔇 Глубокая тишина - очистка нот
 🛑 Принудительная остановка всех нот (deep_silence), активных: 1
 🔍 LOOP DIAGNOSTIC #3100:
      Current: 70.110s
      Loop Range: 64.280s - 74.745s
      End Threshold: 74.695s
      Time Since Last Jump: 7.293s
      Audio State: playing
 ✅ LOOP SAFE: 4.6s until loop end
 🔍 LOOP DIAGNOSTIC #3110:
      Current: 70.544s
      Loop Range: 64.280s - 74.745s
      End Threshold: 74.695s
      Time Since Last Jump: 7.838s
      Audio State: playing
 ✅ LOOP SAFE: 4.2s until loop end
 🔍 LOOP DIAGNOSTIC #3120:
      Current: 70.912s
      Loop Range: 64.280s - 74.745s
      End Threshold: 74.695s
      Time Since Last Jump: 8.298s
      Audio State: playing
 ✅ LOOP SAFE: 3.8s until loop end
 🔇 Глубокая тишина - очистка нот
 🛑 Принудительная остановка всех нот (deep_silence), активных: 1
 🔍 LOOP DIAGNOSTIC #3130:
      Current: 71.390s
      Loop Range: 64.280s - 74.745s
      End Threshold: 74.695s
      Time Since Last Jump: 8.888s
      Audio State: playing
 ✅ LOOP SAFE: 3.4s until loop end
 🔇 Глубокая тишина - очистка нот
 🛑 Принудительная остановка всех нот (deep_silence), активных: 1
 🔍 LOOP DIAGNOSTIC #3140:
      Current: 71.784s
      Loop Range: 64.280s - 74.745s
      End Threshold: 74.695s
      Time Since Last Jump: 9.39s
      Audio State: playing
 ✅ LOOP SAFE: 3.0s until loop end
 Rehearsal: Line changing from 6 to 7
 Splitting block "Block 10" (9 lines) into 2 parts with ~5 lines each
   Part 1: lines 0-4 (5 lines)
   Part 2: lines 5-8 (4 lines)
 Rehearsal: Current line 6 belongs to block: block-1750932663714-0-8i9n7onn8sk Array(8)
 Rehearsal: New line 7 belongs to block: block-1750932663714-0-8i9n7onn8sk Array(8)
 Rehearsal: Same block (block-1750932663714-0-8i9n7onn8sk), updating active line from 6 to 7
 [SETACTIVE] Called with index 7. Current style: rehearsal
 Rehearsal mode: Setting active line 7
 Activating rehearsal line at index 7
 📡 BLOCK CHANGE EVENT received
    Current loop block: Block 1 (ID: block-1750932663714-0-8i9n7onn8sk)
    New active block: Block 1 (ID: block-1750932663714-0-8i9n7onn8sk)
    Loop is active: true
    Seeking in progress: false
    Same block ID: true
    Same block name: true
    Current block lines: [0,1,2,3,4,5,6,7]
    New block lines: [0,1,2,3,4,5,6,7]
    Same lines: true
 BlockLoopControl: Calculating time range for block "Block 1" with lines [0,1,2,3,4,5,6,7]
 BlockLoopControl: Available markers count: 49
 BlockLoopControl: Block line range: 0 to 7
 BlockLoopControl: Found start marker for line 0: 53.96s
 BlockLoopControl: Searching for end marker after line 7
 BlockLoopControl: Found end marker (first of next block) for line 8: 74.75s
 BlockLoopControl: Block "Block 1" LOOP BOUNDS: START=53.96s END=74.75s (duration: 20.79s)
 BlockLoopControl: Calculating time range for block "Block 1" with lines [0,1,2,3,4,5,6,7]
 BlockLoopControl: Available markers count: 49
 BlockLoopControl: Block line range: 0 to 7
 BlockLoopControl: Found start marker for line 0: 53.96s
 BlockLoopControl: Searching for end marker after line 7
 BlockLoopControl: Found end marker (first of next block) for line 8: 74.75s
 BlockLoopControl: Block "Block 1" LOOP BOUNDS: START=53.96s END=74.75s (duration: 20.79s)
    Current time range: 53.959s - 74.745s
    New time range: 53.959s - 74.745s
    Time difference: 0.000s
    Same time range: true
 ✅ SAME BLOCK CONFIRMED: Not stopping loop - this is the same block
 🔍 LOOP DIAGNOSTIC #3150:
      Current: 72.262s
      Loop Range: 64.280s - 74.745s
      End Threshold: 74.695s
      Time Since Last Jump: 9.983s
      Audio State: playing
 ✅ LOOP SAFE: 2.5s until loop end
 🔍 LOOP DIAGNOSTIC #3160:
      Current: 72.662s
      Loop Range: 64.280s - 74.745s
      End Threshold: 74.695s
      Time Since Last Jump: 10.488s
      Audio State: playing
 ✅ LOOP SAFE: 2.1s until loop end
 🔍 LOOP DIAGNOSTIC #3170:
      Current: 73.070s
      Loop Range: 64.280s - 74.745s
      End Threshold: 74.695s
      Time Since Last Jump: 10.989s
      Audio State: playing
 ✅ LOOP SAFE: 1.7s until loop end
 🔍 LOOP DIAGNOSTIC #3180:
      Current: 73.544s
      Loop Range: 64.280s - 74.745s
      End Threshold: 74.695s
      Time Since Last Jump: 11.588s
      Audio State: playing
 ✅ LOOP SAFE: 1.2s until loop end
 🔇 Глубокая тишина - очистка нот
 🛑 Принудительная остановка всех нот (deep_silence), активных: 1
 🔍 LOOP DIAGNOSTIC #3190:
      Current: 73.945s
      Loop Range: 64.280s - 74.745s
      End Threshold: 74.695s
      Time Since Last Jump: 12.089s
      Audio State: playing
 🔇 Глубокая тишина - очистка нот
 🛑 Принудительная остановка всех нот (deep_silence), активных: 1
 🔍 LOOP DIAGNOSTIC #3200:
      Current: 74.422s
      Loop Range: 64.280s - 74.745s
      End Threshold: 74.695s
      Time Since Last Jump: 12.692s
      Audio State: playing
 Rehearsal: Line changing from 7 to 8
 Splitting block "Block 10" (9 lines) into 2 parts with ~5 lines each
   Part 1: lines 0-4 (5 lines)
   Part 2: lines 5-8 (4 lines)
 Rehearsal: Current line 7 belongs to block: block-1750932663714-0-8i9n7onn8sk Array(8)
 Rehearsal: New line 8 belongs to block: 1 Array(4)
 Rehearsal: *** BLOCK CHANGED *** from block-1750932663714-0-8i9n7onn8sk to 1
 Rehearsal: Line changed from 7 to 8
 Rehearsal: Current block lines: Array(8)
 Rehearsal: New block lines: Array(4)
 Splitting block "Block 10" (9 lines) into 2 parts with ~5 lines each
   Part 1: lines 0-4 (5 lines)
   Part 2: lines 5-8 (4 lines)
 Rehearsal: Current line: 8, Total blocks: 16
 Rehearsal: DETAILED Block structure:
   Block 0 (block-1750932663714-0-8i9n7onn8sk): name="Block 1", lines=[0,1,2,3,4,5,6,7]
     Content preview: "I am not a pattern to be followed
The pill that I'm on is a tough one to swallow
I'm not a criminal,"
       Line 0: "I am not a pattern to be followed"
       Line 1: "The pill that I'm on is a tough one to swallow"
       Line 2: "I'm not a criminal, not a role model"
       Line 3: "Not a born leader I'm a tough act to follow"
       Line 4: "I am not the fortune and the fame"
       Line 5: "Nor the same person telling you to forfeit the game"
       Line 6: "I came in the ring like a dog on a chain"
       Line 7: "And I found out the underbelly's sicker than it seems"
   Block 1 (1): name="Block 2", lines=[10,11,8,9]
     Content preview: "use once you got a theory of how the thing works
Everybody wants the next thing to be just like the "
       Line 10: "use once you got a theory of how the thing works"
       Line 11: "Everybody wants the next thing to be just like the first"
       Line 8: "And it seems ugly, but it can get worse"
       Line 9: "use even a blueprint is a gift and a curse"
   Block 2 (2): name="Block 3", lines=[12,13,14,15,16]
     Content preview: "And I'm not a robot
I'm not a monkey
I will not dance even if the beat's funky"
       Line 12: "And I'm not a robot"
       Line 13: "I'm not a monkey"
       Line 14: "I will not dance even if the beat's funky"
       Line 15: "Opposite of lazy, far from a punk"
       Line 16: "Ya'll ought to stop talking start trying to catch up motherfucker"
   Block 3 (3): name="Block 4", lines=[17]
     Content preview: "And all the people say"
       Line 17: "And all the people say"
   Block 4 (4): name="Block 5", lines=[18]
     Content preview: "Try to catch up motherfucker"
       Line 18: "Try to catch up motherfucker"
   Block 5 (5): name="Block 6", lines=[19,20,21,22,23,24,25,26]
     Content preview: "Lauryn said, money change a situation
Big said, it increase the complication
Kane said, don't step, "
       Line 19: "Lauryn said, money change a situation"
       Line 20: "Big said, it increase the complication"
       Line 21: "Kane said, don't step, I ain't the one"
       Line 22: "Chuck said, that uzi weigh a motherfuckin' ton"
       Line 23: "And I'm just a student of the game that they taught me"
       Line 24: "Rockin' every stage in every place that it brought me"
       Line 25: "I'm awfully underrated, but came here to correct it"
       Line 26: "And so it ain't mistaken I'ma state it for the record"
   Block 6 (6): name="Block 7", lines=[27,28,29,30,31]
     Content preview: "I am the opposite of wack, opposite of weak
Opposite of slack, synonym of heat
Synonym of crack, clo"
       Line 27: "I am the opposite of wack, opposite of weak"
       Line 28: "Opposite of slack, synonym of heat"
       Line 29: "Synonym of crack, closest to a peak"
       Line 30: "Far from a punk"
       Line 31: "Ya'll ought to stop talking, start trying to catch up motherfucker"
   Block 7 (7): name="Block 8", lines=[32]
     Content preview: "And all the people say"
       Line 32: "And all the people say"
   Block 8 (8): name="Block 9", lines=[33]
     Content preview: "Try to catch up motherfucker"
       Line 33: "Try to catch up motherfucker"
   Block 9 (9-part-0): name="Block 10", lines=[34,35,36,37,38]
     Content preview: "Oh, when they come for me
Come for me
I'll be gone"
       Line 34: "Oh, when they come for me"
       Line 35: "Come for me"
       Line 36: "I'll be gone"
       Line 37: "Oh, when they come for me"
       Line 38: "Come for me"
   Block 10 (9-part-1): name="Block 10 (продолжение 2)", lines=[39,40,41,42]
     Content preview: "I'll be gone
Oh, when they come for me
Come for me"
       Line 39: "I'll be gone"
       Line 40: "Oh, when they come for me"
       Line 41: "Come for me"
       Line 42: "I'll be gone"
   Block 11 (10): name="Block 11", lines=[43]
     Content preview: "And all the people say"
       Line 43: "And all the people say"
   Block 12 (11): name="Block 12", lines=[44]
     Content preview: "Try to catch up motherfucker"
       Line 44: "Try to catch up motherfucker"
   Block 13 (12): name="Block 13", lines=[45]
     Content preview: "And all the people say"
       Line 45: "And all the people say"
   Block 14 (13): name="Block 14", lines=[46]
     Content preview: "Try to catch up motherfucker"
       Line 46: "Try to catch up motherfucker"
   Block 15 (14): name="Block 15", lines=[47,48]
     Content preview: "Presten atenciуn todos
Toda la gente preste atenciуn, escъchenme ahora mismo"
       Line 47: "Presten atenciуn todos"
       Line 48: "Toda la gente preste atenciуn, escъchenme ahora mismo"
 Rehearsal: Looking for block containing line 8
   Checking block 0: lineIndices=[0,1,2,3,4,5,6,7]
   ✗ Block 0 does NOT contain line 8
   Checking block 1: lineIndices=[10,11,8,9]
   ✓ Found! Block 1 contains line 8
 Rehearsal: Found active block at index 1 with lines: Array(4)
 Rehearsal: Active block 1: Object
 >>> FONT_CALC_DEBUG >>> Lines: 4, FontSize: 2.66rem, LineHeight: 3.23rem
 Rehearsal: Activated line 8 in block with transition: none
 Rehearsal: Next block preview for block 2: Object
 Rehearsal: Preview lines: Array(2)
 Rehearsal: Adding preview line 12: "And I'm not a robot"
 Rehearsal: Adding preview line 13: "I'm not a monkey"
 Rehearsal: Preview container added with 2 lines
 Rehearsal mode: Rendered active block 1 with next block preview
 BlockLoopControl: Обновление для текущего блока
 BlockLoopControl: Calculating time range for block "Block 1" with lines [0,1,2,3,4,5,6,7]
 BlockLoopControl: Available markers count: 49
 BlockLoopControl: Block line range: 0 to 7
 BlockLoopControl: Found start marker for line 0: 53.96s
 BlockLoopControl: Searching for end marker after line 7
 BlockLoopControl: Found end marker (first of next block) for line 8: 74.75s
 BlockLoopControl: Block "Block 1" LOOP BOUNDS: START=53.96s END=74.75s (duration: 20.79s)
 BlockLoopControl: Calculating time range for block "Block 2" with lines [10,11,8,9]
 BlockLoopControl: Available markers count: 49
 BlockLoopControl: Block line range: 8 to 11
 BlockLoopControl: Found start marker for line 8: 74.75s
 BlockLoopControl: Searching for end marker after line 11
 BlockLoopControl: Found end marker (first of next block) for line 12: 85.25s
 BlockLoopControl: Block "Block 2" LOOP BOUNDS: START=74.75s END=85.25s (duration: 10.51s)
 BlockLoopControl: Блок изменился, останавливаем зацикливание
 BlockLoopControl: Текущий блок лупа: Block 1
 BlockLoopControl: Новый активный блок: Block 2
 BlockLoopControl: Остановка зацикливания
 BlockLoopControl: Зацикливание остановлено, drag boundaries остаются активными
 BlockLoopControl: _createLoopButtonForCurrentBlock called
 BlockLoopControl: lyricsDisplay.currentActiveBlock: Object
 BlockLoopControl: lyricsDisplay.textBlocks: Array(15)
 BlockLoopControl: Создаем кнопку для активного блока репетиции: Block 2
 BlockLoopControl: _createLoopButton called for block: Block 2
 BlockLoopControl: Кнопка удалена, drag boundaries остаются активными
 BlockLoopControl: blockElement found: true
rtf-parser.js:849 [DragBoundary] Деактивация
rtf-parser.js:849 [DragBoundary] Деактивирован
rtf-parser.js:849 [DragBoundary] Активация для блока "Block 2"
rtf-parser.js:849 [DragBoundary] Создание интерактивных линий границ
rtf-parser.js:849 [DragBoundary] Создана стартовая линия для строки 10
rtf-parser.js:849 [DragBoundary] Создана финишная линия для строки 9
rtf-parser.js:849 [DragBoundary] Обновлены визуальные состояния. Диапазон: 10-9
rtf-parser.js:849 [DragBoundary] Активирован с границами 10-9
rtf-parser.js:849 BlockLoopControl: Кнопка создана для блока: Block 2
rtf-parser.js:849 🔇 Глубокая тишина - очистка нот
rtf-parser.js:849 🛑 Принудительная остановка всех нот (deep_silence), активных: 1
rtf-parser.js:849 🔇 Глубокая тишина - очистка нот
rtf-parser.js:849 🛑 Принудительная остановка всех нот (deep_silence), активных: 1
rtf-parser.js:849 🔇 Глубокая тишина - очистка нот
rtf-parser.js:849 🛑 Принудительная остановка всех нот (deep_silence), активных: 1
rtf-parser.js:849 🚫 Блокирована очевидная гармоника: 461.0Hz (1.99x от 231.9Hz, ясность: 82.3%)
rtf-parser.js:849 🎯 Высокая ясность (99.0%) - принимаем возможную гармонику: 245.3Hz
rtf-parser.js:849 🚫 Октавный скачок заблокирован: 494.7Hz → 245.3Hz за 33мс (ratio: 0.50)
rtf-parser.js:849 ✅ Октавный переход разрешен: 494.7Hz → 245.2Hz за 54мс (ratio: 0.50)
rtf-parser.js:849 Key pressed: Space
rtf-parser.js:849 Space bar pressed, toggling playback
rtf-parser.js:849 ⏸️ ИНСТРУМЕНТАЛ: Пауза
rtf-parser.js:849 ⏸️ ВОКАЛ: Пауза
rtf-parser.js:849 isPlaying property set to: false
rtf-parser.js:849 Key pressed:  , key code: 32, waveform active: false
rtf-parser.js:849 🔍 Статический анализ: 242.0Hz (55.1%)
rtf-parser.js:849 Key pressed: MetaLeft
rtf-parser.js:849 Key pressed: Meta, key code: 91, waveform active: false
rtf-parser.js:849 Key pressed: ShiftLeft
rtf-parser.js:849 Key pressed: Shift, key code: 16, waveform active: false
rtf-parser.js:849 LoopBlockManager: Shift key pressed, multiple selection mode active
rtf-parser.js:849 LoopBlockManager: Shift key released, multiple selection mode deactivated
rtf-parser.js:849 Key pressed: AltLeft
rtf-parser.js:849 Key pressed: Alt, key code: 18, waveform active: false
rtf-parser.js:849 Key pressed: MetaLeft
rtf-parser.js:849 Key pressed: Meta, key code: 91, waveform active: false
rtf-parser.js:849 Key pressed: KeyJ
rtf-parser.js:849 Key pressed: j, key code: 74, waveform active: false
rtf-parser.js:849 ✅ AUTO RECOVERY: Loop health OK (check #3210)
rtf-parser.js:849    Loop active: false
rtf-parser.js:849    Current time: 76.7s
waveform-editor.js:1449 WaveformEditor: Vocal audio data not available
_drawWaveformData @ waveform-editor.js:1449
waveform-editor.js:1449 WaveformEditor: Vocal audio data not available
_drawWaveformData @ waveform-editor.js:1449
rtf-parser.js:849 ✅ AUTO RECOVERY: Loop health OK (check #3220)
rtf-parser.js:849    Loop active: false
rtf-parser.js:849    Current time: 76.7s
rtf-parser.js:849 ✅ AUTO RECOVERY: Loop health OK (check #3230)
rtf-parser.js:849    Loop active: false
rtf-parser.js:849    Current time: 76.7s
rtf-parser.js:849 ✅ AUTO RECOVERY: Loop health OK (check #3240)
rtf-parser.js:849    Loop active: false
rtf-parser.js:849    Current time: 76.7s
rtf-parser.js:849 ✅ AUTO RECOVERY: Loop health OK (check #3250)
rtf-parser.js:849    Loop active: false
rtf-parser.js:849    Current time: 76.7s
rtf-parser.js:849 ✅ AUTO RECOVERY: Loop health OK (check #3260)
rtf-parser.js:849    Loop active: false
rtf-parser.js:849    Current time: 76.7s
rtf-parser.js:849 ✅ AUTO RECOVERY: Loop health OK (check #3270)
rtf-parser.js:849    Loop active: false
rtf-parser.js:849    Current time: 76.7s
rtf-parser.js:849 ✅ AUTO RECOVERY: Loop health OK (check #3280)
rtf-parser.js:849    Loop active: false
rtf-parser.js:849    Current time: 76.7s
rtf-parser.js:849 Key pressed: MetaLeft
rtf-parser.js:849 Key pressed: Meta, key code: 91, waveform active: false
rtf-parser.js:849 Key pressed: ShiftLeft
rtf-parser.js:849 Key pressed: Shift, key code: 16, waveform active: false
rtf-parser.js:849 LoopBlockManager: Shift key pressed, multiple selection mode active
rtf-parser.js:849 ✅ AUTO RECOVERY: Loop health OK (check #3290)
rtf-parser.js:849    Loop active: false
rtf-parser.js:849    Current time: 76.7s
rtf-parser.js:849 LoopBlockManager: Shift key released, multiple selection mode deactivated
rtf-parser.js:849 Key pressed: AltLeft
rtf-parser.js:849 Key pressed: Alt, key code: 18, waveform active: false
rtf-parser.js:849 Key pressed: MetaLeft
rtf-parser.js:849 Key pressed: Meta, key code: 91, waveform active: false
rtf-parser.js:849 Key pressed: KeyJ
rtf-parser.js:849 Key pressed: j, key code: 74, waveform active: false
waveform-editor.js:1449 WaveformEditor: Vocal audio data not available
_drawWaveformData @ waveform-editor.js:1449
rtf-parser.js:849 ✅ AUTO RECOVERY: Loop health OK (check #3300)
rtf-parser.js:849    Loop active: false
rtf-parser.js:849    Current time: 76.7s
