rtf-parser.js:849 🛑 Принудительная остановка всех нот (deep_silence), активных: 1
rtf-parser.js:849 🔇 Глубокая тишина - очистка нот
rtf-parser.js:849 🛑 Принудительная остановка всех нот (deep_silence), активных: 1
rtf-parser.js:849 🚫 Блокирована очевидная гармоника: 130.3Hz (0.49x от 264.5Hz, ясность: 70.3%)
rtf-parser.js:849 [SETACTIVE] Called with index 18. Current style: concert
rtf-parser.js:849 🔇 Глубокая тишина - очистка нот
rtf-parser.js:849 🛑 Принудительная остановка всех нот (deep_silence), активных: 1
rtf-parser.js:849 🔇 Глубокая тишина - очистка нот
rtf-parser.js:849 🛑 Принудительная остановка всех нот (deep_silence), активных: 1
rtf-parser.js:849 🎯 Высокая ясность (96.6%) - принимаем возможную гармонику: 341.4Hz
rtf-parser.js:849 ✅ Октавный переход разрешен: 674.6Hz → 341.4Hz за 47мс (ratio: 0.51)
rtf-parser.js:849 🔇 Глубокая тишина - очистка нот
rtf-parser.js:849 🛑 Принудительная остановка всех нот (deep_silence), активных: 1
rtf-parser.js:849 🚫 Блокирована очевидная гармоника: 131.1Hz (0.50x от 260.9Hz, ясность: 80.0%)
rtf-parser.js:849 🚫 Блокирована очевидная гармоника: 131.1Hz (0.50x от 260.9Hz, ясность: 83.0%)
rtf-parser.js:849 Auto-scroll re-enabled after scroll event
rtf-parser.js:849 🚫 Блокирована очевидная гармоника: 192.1Hz (0.50x от 384.9Hz, ясность: 79.9%)
rtf-parser.js:849 🚫 Блокирована очевидная гармоника: 190.5Hz (0.49x от 384.9Hz, ясность: 81.2%)
rtf-parser.js:849 🔇 Глубокая тишина - очистка нот
rtf-parser.js:849 🛑 Принудительная остановка всех нот (deep_silence), активных: 1
rtf-parser.js:849 🔇 Глубокая тишина - очистка нот
rtf-parser.js:849 🛑 Принудительная остановка всех нот (deep_silence), активных: 1
rtf-parser.js:849 🚫 Блокирована очевидная гармоника: 155.0Hz (0.50x от 311.9Hz, ясность: 80.7%)
rtf-parser.js:849 🚫 Блокирована очевидная гармоника: 155.2Hz (0.50x от 311.9Hz, ясность: 78.6%)
rtf-parser.js:849 🚫 Блокирована очевидная гармоника: 155.7Hz (0.50x от 311.9Hz, ясность: 87.0%)
rtf-parser.js:849 🎯 Высокая ясность (91.8%) - принимаем возможную гармонику: 155.8Hz
rtf-parser.js:849 ✅ Октавный переход разрешен: 311.9Hz → 155.8Hz за 81мс (ratio: 0.50)
rtf-parser.js:849 🎯 Высокая ясность (92.3%) - принимаем возможную гармонику: 312.1Hz
rtf-parser.js:849 🚫 Октавный скачок заблокирован: 155.8Hz → 312.1Hz за 29мс (ratio: 2.00)
rtf-parser.js:849 🚫 Октавный скачок заблокирован: 155.8Hz → 312.1Hz за 34мс (ratio: 2.00)
rtf-parser.js:849 ✅ Октавный переход разрешен: 155.8Hz → 311.6Hz за 63мс (ratio: 2.00)
rtf-parser.js:849 ✅ Октавный переход разрешен: 431.2Hz → 207.1Hz за 71мс (ratio: 0.48)
rtf-parser.js:849 🔇 Глубокая тишина - очистка нот
rtf-parser.js:849 🛑 Принудительная остановка всех нот (deep_silence), активных: 1
rtf-parser.js:849 [SETACTIVE] Called with index 19. Current style: concert
rtf-parser.js:849 🔇 Глубокая тишина - очистка нот
rtf-parser.js:849 🛑 Принудительная остановка всех нот (deep_silence), активных: 1
rtf-parser.js:849 🚫 Блокирована очевидная гармоника: 500.4Hz (1.97x от 253.5Hz, ясность: 85.1%)
rtf-parser.js:849 ✅ Октавный переход разрешен: 253.5Hz → 493.4Hz за 42мс (ratio: 1.95)
rtf-parser.js:849 🚫 Блокирована очевидная гармоника: 246.0Hz (0.50x от 492.1Hz, ясность: 87.9%)
rtf-parser.js:849 🔇 Глубокая тишина - очистка нот
rtf-parser.js:849 🛑 Принудительная остановка всех нот (deep_silence), активных: 1
rtf-parser.js:849 [SETACTIVE] Called with index 20. Current style: concert
rtf-parser.js:849 🔇 Глубокая тишина - очистка нот
rtf-parser.js:849 🛑 Принудительная остановка всех нот (deep_silence), активных: 1
rtf-parser.js:849 🔇 Глубокая тишина - очистка нот
rtf-parser.js:849 🛑 Принудительная остановка всех нот (deep_silence), активных: 1
rtf-parser.js:849 Auto-scroll re-enabled after scroll event
rtf-parser.js:849 🔇 Глубокая тишина - очистка нот
rtf-parser.js:849 🛑 Принудительная остановка всех нот (deep_silence), активных: 1
rtf-parser.js:849 🚫 Блокирована очевидная гармоника: 513.9Hz (1.99x от 257.9Hz, ясность: 85.5%)
rtf-parser.js:849 🚫 Блокирована очевидная гармоника: 490.7Hz (1.99x от 247.1Hz, ясность: 76.8%)
rtf-parser.js:849 🔇 Глубокая тишина - очистка нот
rtf-parser.js:849 🛑 Принудительная остановка всех нот (deep_silence), активных: 1
rtf-parser.js:849 [SETACTIVE] Called with index 21. Current style: concert
rtf-parser.js:849 🔇 Глубокая тишина - очистка нот
rtf-parser.js:849 🛑 Принудительная остановка всех нот (deep_silence), активных: 1
rtf-parser.js:849 🚫 Блокирована очевидная гармоника: 128.9Hz (0.50x от 256.3Hz, ясность: 84.9%)
rtf-parser.js:849 [SETACTIVE] Called with index 22. Current style: concert
rtf-parser.js:849 🔇 Глубокая тишина - очистка нот
rtf-parser.js:849 🛑 Принудительная остановка всех нот (deep_silence), активных: 1
rtf-parser.js:849 🔇 Глубокая тишина - очистка нот
rtf-parser.js:849 🛑 Принудительная остановка всех нот (deep_silence), активных: 1
 🚫 Октавный скачок заблокирован: 490.8Hz → 236.1Hz за 36мс (ratio: 0.48)
 ✅ Октавный переход разрешен: 490.8Hz → 234.7Hz за 53мс (ratio: 0.48)
 🚫 Блокирована очевидная гармоника: 477.9Hz (1.98x от 241.4Hz, ясность: 84.7%)
 Auto-scroll re-enabled after scroll event
 [SETACTIVE] Called with index 23. Current style: concert
 🔇 Глубокая тишина - очистка нот
 🛑 Принудительная остановка всех нот (deep_silence), активных: 1
 [SETACTIVE] Called with index 24. Current style: concert
 🔇 Глубокая тишина - очистка нот
 🛑 Принудительная остановка всех нот (deep_silence), активных: 1
 ✅ Октавный переход разрешен: 270.2Hz → 520.6Hz за 53мс (ratio: 1.93)
 ✅ Октавный переход разрешен: 520.6Hz → 248.4Hz за 54мс (ratio: 0.48)
 Auto-scroll re-enabled after scroll event
 🚫 Блокирована очевидная гармоника: 483.1Hz (1.97x от 244.8Hz, ясность: 84.9%)
 🚫 Блокирована очевидная гармоника: 483.8Hz (1.98x от 244.8Hz, ясность: 89.8%)
 🎯 Высокая ясность (91.8%) - принимаем возможную гармонику: 486.6Hz
 ✅ Октавный переход разрешен: 244.8Hz → 486.6Hz за 274мс (ratio: 1.99)
 🎯 Высокая ясность (98.5%) - принимаем возможную гармонику: 242.8Hz
 ✅ Октавный переход разрешен: 491.4Hz → 242.8Hz за 81мс (ratio: 0.49)
 🚫 Октавный скачок заблокирован: 242.8Hz → 471.3Hz за 18мс (ratio: 1.94)
 🚫 Октавный скачок заблокирован: 460.7Hz → 237.3Hz за 34мс (ratio: 0.52)
 ✅ Октавный переход разрешен: 460.7Hz → 247.7Hz за 44мс (ratio: 0.54)
 [SETACTIVE] Called with index 25. Current style: concert
 🔇 Глубокая тишина - очистка нот
 🛑 Принудительная остановка всех нот (deep_silence), активных: 1
 ✅ Октавный переход разрешен: 263.4Hz → 515.0Hz за 56мс (ratio: 1.96)
 🚫 Блокирована очевидная гармоника: 256.4Hz (0.50x от 515.0Hz, ясность: 89.7%)
 🎯 Высокая ясность (90.7%) - принимаем возможную гармонику: 253.6Hz
 🚫 Октавный скачок заблокирован: 515.0Hz → 253.6Hz за 34мс (ratio: 0.49)
 ✅ Октавный переход разрешен: 515.0Hz → 253.1Hz за 45мс (ratio: 0.49)
 🚫 Октавный скачок заблокирован: 255.1Hz → 519.0Hz за 13мс (ratio: 2.03)
 🚫 Октавный скачок заблокирован: 255.1Hz → 520.9Hz за 34мс (ratio: 2.04)
 ✅ Октавный переход разрешен: 255.1Hz → 521.8Hz за 46мс (ratio: 2.05)
 🚫 Октавный скачок заблокирован: 521.8Hz → 244.4Hz за 21мс (ratio: 0.47)
 🎯 Высокая ясность (96.6%) - принимаем возможную гармонику: 246.2Hz
 🚫 Октавный скачок заблокирован: 493.8Hz → 246.2Hz за 33мс (ratio: 0.50)
 ✅ Октавный переход разрешен: 493.8Hz → 246.3Hz за 54мс (ratio: 0.50)
 🚫 Октавный скачок заблокирован: 238.2Hz → 460.0Hz за 26мс (ratio: 1.93)
 🚫 Октавный скачок заблокирован: 238.2Hz → 458.9Hz за 34мс (ratio: 1.93)
 🚫 Блокирована очевидная гармоника: 223.9Hz (0.49x от 458.9Hz, ясность: 89.5%)
 🚫 Блокирована очевидная гармоника: 536.2Hz (1.99x от 269.5Hz, ясность: 87.4%)
 🚫 Октавный скачок заблокирован: 269.5Hz → 526.1Hz за 31мс (ratio: 1.95)
 [SETACTIVE] Called with index 26. Current style: concert
 🔇 Глубокая тишина - очистка нот
 🛑 Принудительная остановка всех нот (deep_silence), активных: 1
 🎯 Высокая ясность (94.1%) - принимаем возможную гармонику: 268.5Hz
 ✅ Октавный переход разрешен: 547.6Hz → 268.5Hz за 54мс (ratio: 0.49)
 ✅ Октавный переход разрешен: 260.2Hz → 500.8Hz за 99мс (ratio: 1.92)
 🎯 Высокая ясность (99.4%) - принимаем возможную гармонику: 246.7Hz
 ✅ Октавный переход разрешен: 494.6Hz → 246.7Hz за 127мс (ratio: 0.50)
 🚫 Октавный скачок заблокирован: 258.3Hz → 499.4Hz за 35мс (ratio: 1.93)
 ✅ Октавный переход разрешен: 258.3Hz → 498.1Hz за 61мс (ratio: 1.93)
 🚫 Блокирована очевидная гармоника: 246.2Hz (0.49x от 498.1Hz, ясность: 89.9%)
 🚫 Блокирована очевидная гармоника: 245.5Hz (0.49x от 498.1Hz, ясность: 86.9%)
 🚫 Блокирована очевидная гармоника: 243.2Hz (0.49x от 498.1Hz, ясность: 84.7%)
 🚫 Блокирована очевидная гармоника: 249.0Hz (0.50x от 498.1Hz, ясность: 79.6%)
 🎯 Высокая ясность (92.4%) - принимаем возможную гармонику: 249.1Hz
 ✅ Октавный переход разрешен: 498.1Hz → 249.1Hz за 136мс (ratio: 0.50)
 Auto-scroll re-enabled after scroll event
 🎯 Высокая ясность (95.3%) - принимаем возможную гармонику: 238.1Hz
 ✅ Октавный переход разрешен: 481.6Hz → 238.1Hz за 67мс (ratio: 0.49)
 ✅ Октавный переход разрешен: 236.9Hz → 486.4Hz за 99мс (ratio: 2.05)
 🚫 Блокирована очевидная гармоника: 247.4Hz (0.51x от 484.3Hz, ясность: 84.6%)
 ✅ Октавный переход разрешен: 484.3Hz → 249.7Hz за 148мс (ratio: 0.52)
 🚫 Блокирована очевидная гармоника: 493.1Hz (1.97x от 249.7Hz, ясность: 87.9%)
 🚫 Октавный скачок заблокирован: 249.7Hz → 491.6Hz за 33мс (ratio: 1.97)
 🎯 Высокая ясность (98.4%) - принимаем возможную гармонику: 242.3Hz
 🎯 Высокая ясность (90.8%) - принимаем возможную гармонику: 477.0Hz
 ✅ Октавный переход разрешен: 240.2Hz → 477.0Hz за 179мс (ratio: 1.99)
 🎯 Высокая ясность (98.1%) - принимаем возможную гармонику: 234.3Hz
 🚫 Октавный скачок заблокирован: 471.8Hz → 234.3Hz за 36мс (ratio: 0.50)
 ✅ Октавный переход разрешен: 471.8Hz → 233.5Hz за 50мс (ratio: 0.49)
 🚫 Блокирована очевидная гармоника: 531.2Hz (1.99x от 267.2Hz, ясность: 86.7%)
 🚫 Октавный скачок заблокирован: 267.2Hz → 523.8Hz за 25мс (ratio: 1.96)
 [SETACTIVE] Called with index 27. Current style: concert
 🔇 Глубокая тишина - очистка нот
 🛑 Принудительная остановка всех нот (deep_silence), активных: 1
 ✅ Октавный переход разрешен: 800.1Hz → 241.4Hz за 45мс (ratio: 0.30)
 🚫 Октавный скачок заблокирован: 240.7Hz → 471.6Hz за 33мс (ratio: 1.96)
 🚫 Октавный скачок заблокирован: 240.7Hz → 468.4Hz за 38мс (ratio: 1.95)
 [SETACTIVE] Called with index 28. Current style: concert
 Auto-scroll re-enabled after scroll event
 🔇 Глубокая тишина - очистка нот
 🛑 Принудительная остановка всех нот (deep_silence), активных: 1
 🚫 Октавный скачок заблокирован: 301.8Hz → 588.0Hz за 25мс (ratio: 1.95)
 🚫 Октавный скачок заблокирован: 577.2Hz → 276.4Hz за 16мс (ratio: 0.48)
 🚫 Октавный скачок заблокирован: 577.2Hz → 268.3Hz за 37мс (ratio: 0.46)
 ✅ Октавный переход разрешен: 577.2Hz → 266.0Hz за 48мс (ratio: 0.46)
 [SETACTIVE] Called with index 29. Current style: concert
 🔇 Глубокая тишина - очистка нот
 🛑 Принудительная остановка всех нот (deep_silence), активных: 1
 🚫 Октавный скачок заблокирован: 806.9Hz → 240.1Hz за 38мс (ratio: 0.30)
 ✅ Октавный переход разрешен: 806.9Hz → 239.8Hz за 46мс (ratio: 0.30)
 🔇 Глубокая тишина - очистка нот
 🛑 Принудительная остановка всех нот (deep_silence), активных: 1
 🔇 Глубокая тишина - очистка нот
 🛑 Принудительная остановка всех нот (deep_silence), активных: 1
 🚫 Октавный скачок заблокирован: 248.6Hz → 484.0Hz за 29мс (ratio: 1.95)
 [SETACTIVE] Called with index 30. Current style: concert
 🔇 Глубокая тишина - очистка нот
 🛑 Принудительная остановка всех нот (deep_silence), активных: 1
 🚫 Блокирована очевидная гармоника: 425.9Hz (1.99x от 213.8Hz, ясность: 87.4%)
 🚫 Блокирована очевидная гармоника: 428.0Hz (2.00x от 213.8Hz, ясность: 88.4%)
 🚫 Блокирована очевидная гармоника: 429.6Hz (2.01x от 213.8Hz, ясность: 75.5%)
 🚫 Блокирована очевидная гармоника: 283.6Hz (0.50x от 565.4Hz, ясность: 87.7%)
 ✅ Октавный переход разрешен: 565.4Hz → 273.5Hz за 49мс (ratio: 0.48)
 [SETACTIVE] Called with index 31. Current style: concert
 ✅ Октавный переход разрешен: 937.0Hz → 282.1Hz за 89мс (ratio: 0.30)
 🔇 Глубокая тишина - очистка нот
 🛑 Принудительная остановка всех нот (deep_silence), активных: 1
 🔇 Глубокая тишина - очистка нот
 🛑 Принудительная остановка всех нот (deep_silence), активных: 1
 Auto-scroll re-enabled after scroll event
 🔇 Глубокая тишина - очистка нот
 🛑 Принудительная остановка всех нот (deep_silence), активных: 1
 🎯 Высокая ясность (96.7%) - принимаем возможную гармонику: 330.7Hz
 🚫 Октавный скачок заблокирован: 646.9Hz → 330.7Hz за 22мс (ratio: 0.51)
 🚫 Октавный скачок заблокирован: 646.9Hz → 332.5Hz за 40мс (ratio: 0.51)
 ✅ Октавный переход разрешен: 646.9Hz → 332.8Hz за 56мс (ratio: 0.51)
 🚫 Блокирована очевидная гармоника: 662.0Hz (1.99x от 332.8Hz, ясность: 88.4%)
 🚫 Блокирована очевидная гармоника: 659.9Hz (1.98x от 332.8Hz, ясность: 87.5%)
 ✅ Октавный переход разрешен: 332.8Hz → 644.8Hz за 120мс (ratio: 1.94)
 🚫 Блокирована очевидная гармоника: 284.0Hz (0.50x от 568.5Hz, ясность: 89.2%)
 🚫 Блокирована очевидная гармоника: 280.4Hz (0.49x от 568.5Hz, ясность: 79.6%)
 🚫 Блокирована очевидная гармоника: 281.7Hz (0.50x от 568.5Hz, ясность: 81.8%)
 🚫 Блокирована очевидная гармоника: 282.3Hz (0.50x от 568.5Hz, ясность: 79.7%)
 🔇 Глубокая тишина - очистка нот
 🛑 Принудительная остановка всех нот (deep_silence), активных: 1
 🎯 Высокая ясность (92.7%) - принимаем возможную гармонику: 282.8Hz
 🚫 Октавный скачок заблокирован: 565.2Hz → 282.8Hz за 9мс (ratio: 0.50)
 🚫 Октавный скачок заблокирован: 565.2Hz → 286.2Hz за 26мс (ratio: 0.51)
 🎯 Высокая ясность (90.2%) - принимаем возможную гармонику: 327.6Hz
 🚫 Октавный скачок заблокирован: 643.0Hz → 327.6Hz за 19мс (ratio: 0.51)
 🚫 Октавный скачок заблокирован: 643.0Hz → 330.4Hz за 34мс (ratio: 0.51)
 🎯 Высокая ясность (92.7%) - принимаем возможную гармонику: 659.4Hz
 🎯 Высокая ясность (92.6%) - принимаем возможную гармонику: 324.8Hz
 ✅ Октавный переход разрешен: 652.1Hz → 324.8Hz за 95мс (ratio: 0.50)
 🚫 Октавный скачок заблокирован: 324.8Hz → 636.4Hz за 31мс (ratio: 1.96)
 ✅ Октавный переход разрешен: 324.8Hz → 636.7Hz за 54мс (ratio: 1.96)
 🚫 Блокирована очевидная гармоника: 283.3Hz (0.50x от 571.5Hz, ясность: 85.0%)
 🚫 Блокирована очевидная гармоника: 283.0Hz (0.50x от 571.5Hz, ясность: 73.2%)
 🚫 Блокирована очевидная гармоника: 285.5Hz (0.50x от 571.5Hz, ясность: 88.4%)
 🚫 Блокирована очевидная гармоника: 287.9Hz (0.50x от 571.5Hz, ясность: 79.9%)
 🔇 Глубокая тишина - очистка нот
 🛑 Принудительная остановка всех нот (deep_silence), активных: 1
 [SETACTIVE] Called with index 32. Current style: concert
 🔇 Глубокая тишина - очистка нот
 🛑 Принудительная остановка всех нот (deep_silence), активных: 1
 🔇 Глубокая тишина - очистка нот
 🛑 Принудительная остановка всех нот (deep_silence), активных: 1
 🚫 Блокирована очевидная гармоника: 256.1Hz (0.51x от 507.1Hz, ясность: 80.9%)
 🎯 Высокая ясность (92.3%) - принимаем возможную гармонику: 257.6Hz
 🚫 Блокирована очевидная гармоника: 390.0Hz (1.98x от 197.3Hz, ясность: 88.5%)
 🎯 Высокая ясность (90.6%) - принимаем возможную гармонику: 389.2Hz
 ✅ Октавный переход разрешен: 197.3Hz → 389.2Hz за 73мс (ratio: 1.97)
 🎯 Высокая ясность (90.4%) - принимаем возможную гармонику: 196.3Hz
 ✅ Октавный переход разрешен: 389.6Hz → 196.3Hz за 43мс (ratio: 0.50)
 🚫 Блокирована очевидная гармоника: 391.2Hz (1.99x от 196.1Hz, ясность: 89.6%)
 🎯 Высокая ясность (94.5%) - принимаем возможную гармонику: 392.1Hz
 ✅ Октавный переход разрешен: 196.1Hz → 392.1Hz за 41мс (ratio: 2.00)
 Auto-scroll re-enabled after scroll event
 ✅ Октавный переход разрешен: 407.3Hz → 133.1Hz за 141мс (ratio: 0.33)
 🚫 Блокирована очевидная гармоника: 349.9Hz (4.04x от 86.7Hz, ясность: 77.6%)
 🚫 Блокирована очевидная гармоника: 349.1Hz (4.03x от 86.7Hz, ясность: 88.2%)
 🎯 Высокая ясность (93.2%) - принимаем возможную гармонику: 349.1Hz
 ✅ Октавный переход разрешен: 86.7Hz → 349.1Hz за 99мс (ratio: 4.03)
 🔇 Глубокая тишина - очистка нот
 🛑 Принудительная остановка всех нот (deep_silence), активных: 1
 [SETACTIVE] Called with index 33. Current style: concert
 🔇 Глубокая тишина - очистка нот
 🛑 Принудительная остановка всех нот (deep_silence), активных: 1
 🚫 Блокирована очевидная гармоника: 293.1Hz (0.49x от 600.9Hz, ясность: 71.7%)
 🚫 Блокирована очевидная гармоника: 298.8Hz (0.50x от 600.9Hz, ясность: 85.7%)
 🚫 Блокирована очевидная гармоника: 303.7Hz (0.51x от 600.9Hz, ясность: 89.9%)
 🎯 Высокая ясность (95.1%) - принимаем возможную гармонику: 308.3Hz
 🚫 Октавный скачок заблокирован: 308.3Hz → 629.4Hz за 21мс (ratio: 2.04)
 🚫 Октавный скачок заблокирован: 308.3Hz → 639.6Hz за 36мс (ratio: 2.07)
 🚫 Блокирована очевидная гармоника: 673.8Hz (2.01x от 335.3Hz, ясность: 87.5%)
 🚫 Блокирована очевидная гармоника: 671.6Hz (1.98x от 339.6Hz, ясность: 83.2%)
 ✅ Октавный переход разрешен: 339.6Hz → 665.3Hz за 67мс (ratio: 1.96)
 🔇 Глубокая тишина - очистка нот
 🛑 Принудительная остановка всех нот (deep_silence), активных: 1
 Auto-scroll re-enabled after scroll event
 ✅ Октавный переход разрешен: 408.4Hz → 88.5Hz за 154мс (ratio: 0.22)
 🚫 Блокирована очевидная гармоника: 398.0Hz (1.99x от 199.6Hz, ясность: 78.0%)
 🚫 Блокирована очевидная гармоника: 397.7Hz (1.99x от 199.6Hz, ясность: 85.9%)
 🎯 Высокая ясность (90.9%) - принимаем возможную гармонику: 395.8Hz
 ✅ Октавный переход разрешен: 199.6Hz → 395.8Hz за 59мс (ratio: 1.98)
 🎯 Высокая ясность (91.3%) - принимаем возможную гармонику: 192.6Hz
 ✅ Октавный переход разрешен: 385.1Hz → 192.6Hz за 505мс (ratio: 0.50)
 🚫 Блокирована очевидная гармоника: 376.9Hz (1.97x от 191.1Hz, ясность: 86.9%)
 ✅ Октавный переход разрешен: 191.1Hz → 374.4Hz за 51мс (ratio: 1.96)
 🔇 Глубокая тишина - очистка нот
 🛑 Принудительная остановка всех нот (deep_silence), активных: 1
 🚫 Блокирована очевидная гармоника: 155.0Hz (0.50x от 310.0Hz, ясность: 87.1%)
 🚫 Блокирована очевидная гармоника: 155.3Hz (0.50x от 310.0Hz, ясность: 89.7%)
 🚫 Блокирована очевидная гармоника: 155.7Hz (0.50x от 310.0Hz, ясность: 82.0%)
 🎯 Высокая ясность (92.0%) - принимаем возможную гармонику: 155.2Hz
 ✅ Октавный переход разрешен: 310.6Hz → 155.2Hz за 195мс (ratio: 0.50)
 🎯 Высокая ясность (91.6%) - принимаем возможную гармонику: 309.9Hz
 🚫 Октавный скачок заблокирован: 155.2Hz → 309.9Hz за 27мс (ratio: 2.00)
 ✅ Октавный переход разрешен: 155.2Hz → 310.3Hz за 54мс (ratio: 2.00)
 🚫 Блокирована очевидная гармоника: 116.1Hz (0.50x от 233.7Hz, ясность: 71.7%)
 🔇 Глубокая тишина - очистка нот
 🛑 Принудительная остановка всех нот (deep_silence), активных: 1
 [SETACTIVE] Called with index 34. Current style: concert
 Auto-scroll re-enabled after scroll event
 [SETACTIVE] Called with index 35. Current style: concert
 🔇 Глубокая тишина - очистка нот
 🛑 Принудительная остановка всех нот (deep_silence), активных: 1
 [SETACTIVE] Called with index 36. Current style: concert
 Auto-scroll re-enabled after scroll event
 🔇 Глубокая тишина - очистка нот
 🛑 Принудительная остановка всех нот (deep_silence), активных: 1
 [SETACTIVE] Called with index 37. Current style: concert
 Auto-scroll re-enabled after scroll event
 [SETACTIVE] Called with index 38. Current style: concert
 🔇 Глубокая тишина - очистка нот
 🛑 Принудительная остановка всех нот (deep_silence), активных: 1
 [SETACTIVE] Called with index 39. Current style: concert
 Auto-scroll re-enabled after scroll event
 🔇 Глубокая тишина - очистка нот
 🛑 Принудительная остановка всех нот (deep_silence), активных: 1
 [SETACTIVE] Called with index 40. Current style: concert
 🎯 Высокая ясность (92.0%) - принимаем возможную гармонику: 251.6Hz
 🚫 Октавный скачок заблокирован: 503.0Hz → 251.6Hz за 39мс (ratio: 0.50)
 ✅ Октавный переход разрешен: 503.0Hz → 258.2Hz за 69мс (ratio: 0.51)
 🎯 Высокая ясность (91.5%) - принимаем возможную гармонику: 131.7Hz
 ✅ Октавный переход разрешен: 258.2Hz → 131.7Hz за 55мс (ratio: 0.51)
 ✅ Октавный переход разрешен: 131.9Hz → 510.5Hz за 122мс (ratio: 3.87)
 🎯 Высокая ясность (98.0%) - принимаем возможную гармонику: 262.0Hz
 ✅ Октавный переход разрешен: 524.2Hz → 262.0Hz за 100мс (ratio: 0.50)
 🚫 Блокирована очевидная гармоника: 526.5Hz (2.01x от 262.0Hz, ясность: 86.7%)
 🎯 Высокая ясность (91.9%) - принимаем возможную гармонику: 524.2Hz
 ✅ Октавный переход разрешен: 262.0Hz → 524.2Hz за 127мс (ratio: 2.00)
 🎯 Высокая ясность (97.7%) - принимаем возможную гармонику: 260.5Hz
 ✅ Октавный переход разрешен: 519.5Hz → 260.5Hz за 136мс (ratio: 0.50)
 🎯 Высокая ясность (91.3%) - принимаем возможную гармонику: 523.7Hz
 ✅ Октавный переход разрешен: 262.1Hz → 523.7Hz за 228мс (ratio: 2.00)
 🎯 Высокая ясность (96.5%) - принимаем возможную гармонику: 261.1Hz
 🚫 Октавный скачок заблокирован: 519.4Hz → 261.1Hz за 39мс (ratio: 0.50)
 ✅ Октавный переход разрешен: 519.4Hz → 261.0Hz за 56мс (ratio: 0.50)
 🚫 Блокирована очевидная гармоника: 128.6Hz (0.49x от 260.2Hz, ясность: 83.0%)
 🚫 Блокирована очевидная гармоника: 626.9Hz (1.98x от 315.9Hz, ясность: 84.0%)
 ✅ Октавный переход разрешен: 352.7Hz → 99.0Hz за 134мс (ratio: 0.28)
 🚫 Блокирована очевидная гармоника: 394.8Hz (3.99x от 99.0Hz, ясность: 76.7%)
 🚫 Блокирована очевидная гармоника: 393.6Hz (3.98x от 99.0Hz, ясность: 80.4%)
 🚫 Блокирована очевидная гармоника: 391.4Hz (3.95x от 99.0Hz, ясность: 76.9%)
 🚫 Блокирована очевидная гармоника: 195.4Hz (1.97x от 99.0Hz, ясность: 82.4%)
 🚫 Блокирована очевидная гармоника: 393.1Hz (3.97x от 99.0Hz, ясность: 76.0%)
 🚫 Блокирована очевидная гармоника: 393.9Hz (3.98x от 99.0Hz, ясность: 80.1%)
 🚫 Блокирована очевидная гармоника: 396.3Hz (4.00x от 99.0Hz, ясность: 85.8%)
 🚫 Блокирована очевидная гармоника: 397.1Hz (4.01x от 99.0Hz, ясность: 89.1%)
 🚫 Блокирована очевидная гармоника: 397.3Hz (4.01x от 99.0Hz, ясность: 87.5%)
 🔇 Глубокая тишина - очистка нот
 🛑 Принудительная остановка всех нот (deep_silence), активных: 1
 🚫 Блокирована очевидная гармоника: 395.8Hz (4.00x от 99.0Hz, ясность: 80.0%)
 🚫 Блокирована очевидная гармоника: 396.1Hz (4.00x от 99.0Hz, ясность: 82.1%)
 🚫 Блокирована очевидная гармоника: 397.1Hz (4.01x от 99.0Hz, ясность: 87.1%)
 🚫 Блокирована очевидная гармоника: 395.2Hz (3.99x от 99.0Hz, ясность: 86.0%)
 🎯 Высокая ясность (91.7%) - принимаем возможную гармонику: 396.0Hz
 ✅ Октавный переход разрешен: 384.9Hz → 77.2Hz за 129мс (ratio: 0.20)
 🚫 Блокирована очевидная гармоника: 176.0Hz (0.50x от 351.2Hz, ясность: 79.0%)
 🚫 Блокирована очевидная гармоника: 88.0Hz (0.25x от 351.2Hz, ясность: 81.3%)
 🚫 Блокирована очевидная гармоника: 87.9Hz (0.25x от 351.2Hz, ясность: 85.2%)
 🚫 Блокирована очевидная гармоника: 87.6Hz (0.25x от 351.2Hz, ясность: 85.6%)
 🚫 Блокирована очевидная гармоника: 87.3Hz (0.25x от 351.2Hz, ясность: 88.0%)
 🎯 Высокая ясность (94.3%) - принимаем возможную гармонику: 87.1Hz
 ✅ Октавный переход разрешен: 351.2Hz → 87.1Hz за 149мс (ratio: 0.25)
 🚫 Блокирована очевидная гармоника: 174.7Hz (2.00x от 87.3Hz, ясность: 84.9%)
 🚫 Блокирована очевидная гармоника: 174.8Hz (2.00x от 87.3Hz, ясность: 86.2%)
 🚫 Блокирована очевидная гармоника: 174.8Hz (2.00x от 87.3Hz, ясность: 82.6%)
 🚫 Блокирована очевидная гармоника: 174.7Hz (2.00x от 87.3Hz, ясность: 86.4%)
 Auto-scroll re-enabled after scroll event
 🚫 Блокирована очевидная гармоника: 174.8Hz (2.00x от 87.3Hz, ясность: 84.3%)
 🚫 Блокирована очевидная гармоника: 175.0Hz (2.00x от 87.3Hz, ясность: 81.0%)
 🚫 Блокирована очевидная гармоника: 175.1Hz (2.01x от 87.3Hz, ясность: 82.5%)
 🚫 Блокирована очевидная гармоника: 349.3Hz (4.00x от 87.3Hz, ясность: 86.1%)
 🚫 Блокирована очевидная гармоника: 348.8Hz (4.00x от 87.3Hz, ясность: 89.0%)
 🚫 Блокирована очевидная гармоника: 348.5Hz (3.99x от 87.3Hz, ясность: 86.4%)
 🚫 Блокирована очевидная гармоника: 348.2Hz (3.99x от 87.3Hz, ясность: 86.1%)
 🚫 Блокирована очевидная гармоника: 349.1Hz (4.00x от 87.3Hz, ясность: 83.9%)
 🚫 Блокирована очевидная гармоника: 348.7Hz (3.99x от 87.3Hz, ясность: 84.1%)
 🔇 Глубокая тишина - очистка нот
 🛑 Принудительная остановка всех нот (deep_silence), активных: 1
 🚫 Блокирована очевидная гармоника: 348.5Hz (3.99x от 87.3Hz, ясность: 85.5%)
 🚫 Блокирована очевидная гармоника: 348.3Hz (3.99x от 87.3Hz, ясность: 86.2%)
 🚫 Блокирована очевидная гармоника: 347.9Hz (3.99x от 87.3Hz, ясность: 84.2%)
 🚫 Блокирована очевидная гармоника: 347.7Hz (3.98x от 87.3Hz, ясность: 83.7%)
 🚫 Блокирована очевидная гармоника: 174.3Hz (2.00x от 87.2Hz, ясность: 83.0%)
 🚫 Блокирована очевидная гармоника: 174.4Hz (2.00x от 87.2Hz, ясность: 79.9%)
 🚫 Блокирована очевидная гармоника: 174.6Hz (2.00x от 87.3Hz, ясность: 83.1%)
 🚫 Блокирована очевидная гармоника: 174.5Hz (2.00x от 87.3Hz, ясность: 87.5%)
 🚫 Блокирована очевидная гармоника: 348.7Hz (3.99x от 87.3Hz, ясность: 86.7%)
 🎯 Высокая ясность (90.2%) - принимаем возможную гармонику: 174.6Hz
 ✅ Октавный переход разрешен: 87.3Hz → 174.6Hz за 371мс (ratio: 2.00)
 🎯 Высокая ясность (94.8%) - принимаем возможную гармонику: 87.4Hz
 🚫 Октавный скачок заблокирован: 174.6Hz → 87.4Hz за 31мс (ratio: 0.50)
 ✅ Октавный переход разрешен: 174.6Hz → 87.4Hz за 45мс (ratio: 0.50)
 🚫 Блокирована очевидная гармоника: 174.4Hz (2.00x от 87.2Hz, ясность: 85.9%)
 🚫 Блокирована очевидная гармоника: 174.4Hz (2.00x от 87.2Hz, ясность: 87.9%)
 🚫 Блокирована очевидная гармоника: 174.8Hz (2.01x от 87.2Hz, ясность: 78.5%)
 [SETACTIVE] Called with index 41. Current style: concert
 🔇 Глубокая тишина - очистка нот
 🛑 Принудительная остановка всех нот (deep_silence), активных: 1
 🚫 Блокирована очевидная гармоника: 99.6Hz (0.26x от 377.8Hz, ясность: 77.7%)
 🚫 Блокирована очевидная гармоника: 175.1Hz (0.50x от 351.6Hz, ясность: 85.3%)
 🚫 Блокирована очевидная гармоника: 174.9Hz (0.50x от 351.6Hz, ясность: 81.4%)
 🚫 Блокирована очевидная гармоника: 87.3Hz (0.25x от 351.6Hz, ясность: 88.1%)
 🚫 Блокирована очевидная гармоника: 87.3Hz (0.25x от 351.6Hz, ясность: 85.5%)
 🚫 Блокирована очевидная гармоника: 87.3Hz (0.25x от 351.6Hz, ясность: 87.3%)
 🎯 Высокая ясность (92.2%) - принимаем возможную гармонику: 87.3Hz
 ✅ Октавный переход разрешен: 351.6Hz → 87.3Hz за 149мс (ratio: 0.25)
 🚫 Блокирована очевидная гармоника: 174.8Hz (2.00x от 87.3Hz, ясность: 88.9%)
 🚫 Блокирована очевидная гармоника: 174.9Hz (2.00x от 87.3Hz, ясность: 88.9%)
 🚫 Блокирована очевидная гармоника: 174.8Hz (2.00x от 87.3Hz, ясность: 86.8%)
 🚫 Блокирована очевидная гармоника: 174.7Hz (2.00x от 87.3Hz, ясность: 86.1%)
 🚫 Блокирована очевидная гармоника: 174.5Hz (2.00x от 87.3Hz, ясность: 87.4%)
 🚫 Блокирована очевидная гармоника: 174.5Hz (2.00x от 87.3Hz, ясность: 87.0%)
 🚫 Блокирована очевидная гармоника: 174.5Hz (2.00x от 87.3Hz, ясность: 85.4%)
 🚫 Блокирована очевидная гармоника: 174.4Hz (2.00x от 87.3Hz, ясность: 83.2%)
 🚫 Блокирована очевидная гармоника: 174.3Hz (2.00x от 87.3Hz, ясность: 83.8%)
 🚫 Блокирована очевидная гармоника: 174.4Hz (2.00x от 87.3Hz, ясность: 87.9%)
 🔇 Глубокая тишина - очистка нот
 🛑 Принудительная остановка всех нот (deep_silence), активных: 1
 🚫 Блокирована очевидная гармоника: 174.4Hz (2.00x от 87.3Hz, ясность: 88.0%)
 🚫 Блокирована очевидная гармоника: 174.5Hz (2.00x от 87.3Hz, ясность: 86.1%)
 🎯 Высокая ясность (90.2%) - принимаем возможную гармонику: 174.5Hz
 🚫 Блокирована очевидная гармоника: 348.7Hz (2.00x от 174.5Hz, ясность: 84.9%)
 🚫 Блокирована очевидная гармоника: 348.7Hz (2.00x от 174.5Hz, ясность: 87.6%)
 🚫 Блокирована очевидная гармоника: 348.9Hz (2.00x от 174.5Hz, ясность: 89.2%)
 🎯 Высокая ясность (90.0%) - принимаем возможную гармонику: 349.2Hz
 ✅ Октавный переход разрешен: 174.5Hz → 349.2Hz за 109мс (ratio: 2.00)
 🎯 Высокая ясность (90.6%) - принимаем возможную гармонику: 174.1Hz
 ✅ Октавный переход разрешен: 347.9Hz → 174.1Hz за 137мс (ratio: 0.50)
 🚫 Блокирована очевидная гармоника: 348.5Hz (2.00x от 174.5Hz, ясность: 80.0%)
 🚫 Блокирована очевидная гармоника: 349.2Hz (2.00x от 174.8Hz, ясность: 88.3%)
 🚫 Блокирована очевидная гармоника: 349.3Hz (2.00x от 174.8Hz, ясность: 87.2%)
 🚫 Блокирована очевидная гармоника: 349.3Hz (2.00x от 174.9Hz, ясность: 87.5%)
 🚫 Блокирована очевидная гармоника: 349.1Hz (2.00x от 174.9Hz, ясность: 89.2%)
 🎯 Высокая ясность (90.2%) - принимаем возможную гармонику: 348.6Hz
 ✅ Октавный переход разрешен: 174.9Hz → 348.6Hz за 235мс (ratio: 1.99)
 🚫 Блокирована очевидная гармоника: 174.8Hz (0.50x от 348.9Hz, ясность: 85.4%)
 🚫 Блокирована очевидная гармоника: 174.8Hz (0.50x от 348.9Hz, ясность: 84.4%)
 [SETACTIVE] Called with index 42. Current style: concert
 🎯 Высокая ясность (94.6%) - принимаем возможную гармонику: 87.4Hz
 ✅ Октавный переход разрешен: 349.4Hz → 87.4Hz за 51мс (ratio: 0.25)
 🚫 Блокирована очевидная гармоника: 174.8Hz (2.00x от 87.4Hz, ясность: 85.5%)
 🚫 Блокирована очевидная гармоника: 174.6Hz (2.00x от 87.4Hz, ясность: 88.5%)
 🎯 Высокая ясность (92.3%) - принимаем возможную гармонику: 348.5Hz
 ✅ Октавный переход разрешен: 87.4Hz → 348.5Hz за 48мс (ratio: 3.99)
 🚫 Блокирована очевидная гармоника: 175.4Hz (0.50x от 351.4Hz, ясность: 77.8%)
 🚫 Блокирована очевидная гармоника: 175.4Hz (0.50x от 351.4Hz, ясность: 85.4%)
 🚫 Блокирована очевидная гармоника: 645.3Hz (1.99x от 324.0Hz, ясность: 80.8%)
 🚫 Блокирована очевидная гармоника: 666.6Hz (1.99x от 334.8Hz, ясность: 70.9%)
 🚫 Блокирована очевидная гармоника: 87.2Hz (0.26x от 334.8Hz, ясность: 83.7%)
 🚫 Блокирована очевидная гармоника: 87.2Hz (0.26x от 334.8Hz, ясность: 84.8%)
 🚫 Блокирована очевидная гармоника: 87.5Hz (0.26x от 334.8Hz, ясность: 84.4%)
 🚫 Блокирована очевидная гармоника: 174.7Hz (0.50x от 348.9Hz, ясность: 89.8%)
 🎯 Высокая ясность (96.2%) - принимаем возможную гармонику: 87.4Hz
 ✅ Октавный переход разрешен: 348.9Hz → 87.4Hz за 384мс (ratio: 0.25)
 🚫 Блокирована очевидная гармоника: 346.4Hz (3.97x от 87.2Hz, ясность: 88.9%)
 🎯 Высокая ясность (92.6%) - принимаем возможную гармонику: 348.9Hz
 ✅ Октавный переход разрешен: 696.8Hz → 348.9Hz за 92мс (ratio: 0.50)
 Auto-scroll re-enabled after scroll event
 🚫 Блокирована очевидная гармоника: 696.2Hz (2.00x от 348.1Hz, ясность: 88.8%)
 🎯 Высокая ясность (92.0%) - принимаем возможную гармонику: 694.2Hz
 ✅ Октавный переход разрешен: 347.7Hz → 694.2Hz за 446мс (ratio: 2.00)
 🎯 Высокая ясность (90.7%) - принимаем возможную гармонику: 174.9Hz
 ✅ Октавный переход разрешен: 691.8Hz → 174.9Hz за 100мс (ratio: 0.25)
 🎯 Высокая ясность (90.3%) - принимаем возможную гармонику: 348.7Hz
 ✅ Октавный переход разрешен: 174.7Hz → 348.7Hz за 65мс (ratio: 2.00)
 🎯 Высокая ясность (98.2%) - принимаем возможную гармонику: 87.3Hz
 ✅ Октавный переход разрешен: 349.8Hz → 87.3Hz за 65мс (ratio: 0.25)
 🚫 Блокирована очевидная гармоника: 349.0Hz (4.00x от 87.3Hz, ясность: 89.9%)
 🎯 Высокая ясность (92.0%) - принимаем возможную гармонику: 349.2Hz
 🚫 Октавный скачок заблокирован: 87.3Hz → 349.2Hz за 37мс (ratio: 4.00)
 ✅ Октавный переход разрешен: 87.3Hz → 349.7Hz за 54мс (ratio: 4.01)
 🎯 Высокая ясность (90.6%) - принимаем возможную гармонику: 696.0Hz
 🚫 Октавный скачок заблокирован: 348.9Hz → 696.0Hz за 33мс (ratio: 1.99)
 ✅ Октавный переход разрешен: 348.9Hz → 695.3Hz за 45мс (ratio: 1.99)
 🚫 Блокирована очевидная гармоника: 348.3Hz (0.50x от 696.6Hz, ясность: 89.2%)
 🚫 Блокирована очевидная гармоника: 349.2Hz (4.00x от 87.3Hz, ясность: 70.4%)
 🔇 Глубокая тишина - очистка нот
 🛑 Принудительная остановка всех нот (deep_silence), активных: 1
 [SETACTIVE] Called with index 43. Current style: concert
 ✅ Октавный переход разрешен: 87.4Hz → 339.6Hz за 221мс (ratio: 3.89)
 🔇 Глубокая тишина - очистка нот
 🛑 Принудительная остановка всех нот (deep_silence), активных: 1
 ✅ Октавный переход разрешен: 263.8Hz → 509.0Hz за 49мс (ratio: 1.93)
 🔇 Глубокая тишина - очистка нот
 🛑 Принудительная остановка всех нот (deep_silence), активных: 1
 🚫 Блокирована очевидная гармоника: 258.2Hz (0.51x от 509.0Hz, ясность: 84.2%)
 🚫 Блокирована очевидная гармоника: 258.2Hz (0.51x от 509.0Hz, ясность: 83.3%)
 🚫 Блокирована очевидная гармоника: 258.7Hz (0.51x от 509.0Hz, ясность: 81.3%)
 🚫 Блокирована очевидная гармоника: 78.2Hz (0.25x от 312.5Hz, ясность: 81.5%)
 🚫 Блокирована очевидная гармоника: 78.4Hz (0.25x от 312.5Hz, ясность: 78.8%)
 🚫 Блокирована очевидная гармоника: 78.1Hz (0.25x от 312.5Hz, ясность: 89.6%)
 🎯 Высокая ясность (90.9%) - принимаем возможную гармонику: 78.0Hz
 ✅ Октавный переход разрешен: 312.5Hz → 78.0Hz за 332мс (ratio: 0.25)
 🚫 Блокирована очевидная гармоника: 312.8Hz (4.01x от 77.9Hz, ясность: 84.1%)
 🚫 Блокирована очевидная гармоника: 312.5Hz (4.01x от 77.9Hz, ясность: 85.0%)
 🚫 Блокирована очевидная гармоника: 311.7Hz (4.00x от 77.9Hz, ясность: 86.8%)
 🚫 Блокирована очевидная гармоника: 311.7Hz (4.00x от 77.9Hz, ясность: 87.4%)
 🚫 Блокирована очевидная гармоника: 311.5Hz (4.00x от 77.9Hz, ясность: 86.2%)
 🚫 Блокирована очевидная гармоника: 155.7Hz (2.00x от 77.9Hz, ясность: 89.9%)
 🚫 Блокирована очевидная гармоника: 312.1Hz (4.00x от 77.9Hz, ясность: 78.9%)
 🚫 Блокирована очевидная гармоника: 311.9Hz (4.00x от 77.9Hz, ясность: 86.4%)
 🎯 Высокая ясность (96.0%) - принимаем возможную гармонику: 310.8Hz
 ✅ Октавный переход разрешен: 77.9Hz → 310.8Hz за 174мс (ratio: 3.99)
 🚫 Блокирована очевидная гармоника: 195.8Hz (0.50x от 389.2Hz, ясность: 84.6%)
 Auto-scroll re-enabled after scroll event
 ✅ Октавный переход разрешен: 405.0Hz → 116.5Hz за 194мс (ratio: 0.29)
 🚫 Блокирована очевидная гармоника: 194.7Hz (0.51x от 384.9Hz, ясность: 85.4%)
 🚫 Блокирована очевидная гармоника: 193.5Hz (0.50x от 384.9Hz, ясность: 86.3%)
 🚫 Блокирована очевидная гармоника: 192.6Hz (0.50x от 384.9Hz, ясность: 85.9%)
 🚫 Блокирована очевидная гармоника: 190.7Hz (0.50x от 384.9Hz, ясность: 81.5%)
 🚫 Блокирована очевидная гармоника: 189.0Hz (0.49x от 384.9Hz, ясность: 83.5%)
 🚫 Блокирована очевидная гармоника: 187.3Hz (0.49x от 384.9Hz, ясность: 80.2%)
 ✅ Октавный переход разрешен: 384.9Hz → 185.2Hz за 600мс (ratio: 0.48)
 🔇 Глубокая тишина - очистка нот
 🛑 Принудительная остановка всех нот (deep_silence), активных: 1
 🚫 Блокирована очевидная гармоника: 370.0Hz (2.00x от 185.2Hz, ясность: 70.6%)
 🚫 Блокирована очевидная гармоника: 365.7Hz (1.97x от 185.2Hz, ясность: 71.3%)
 🔇 Глубокая тишина - очистка нот
 🛑 Принудительная остановка всех нот (deep_silence), активных: 1
 🎯 Высокая ясность (90.9%) - принимаем возможную гармонику: 155.9Hz
 ✅ Октавный переход разрешен: 311.5Hz → 155.9Hz за 492мс (ratio: 0.50)
 🚫 Блокирована очевидная гармоника: 311.2Hz (2.00x от 155.6Hz, ясность: 82.3%)
 🎯 Высокая ясность (90.4%) - принимаем возможную гармонику: 310.2Hz
 ✅ Октавный переход разрешен: 155.6Hz → 310.2Hz за 99мс (ratio: 1.99)
 [SETACTIVE] Called with index 44. Current style: concert
 🔇 Глубокая тишина - очистка нот
 🛑 Принудительная остановка всех нот (deep_silence), активных: 1
 🔇 Глубокая тишина - очистка нот
 🛑 Принудительная остановка всех нот (deep_silence), активных: 1
 🚫 Октавный скачок заблокирован: 307.4Hz → 628.3Hz за 38мс (ratio: 2.04)
 ✅ Октавный переход разрешен: 307.4Hz → 639.1Hz за 52мс (ratio: 2.08)
 🎯 Высокая ясность (93.9%) - принимаем возможную гармонику: 327.9Hz
 🚫 Октавный скачок заблокирован: 639.1Hz → 327.9Hz за 14мс (ratio: 0.51)
 🔇 Глубокая тишина - очистка нот
 🛑 Принудительная остановка всех нот (deep_silence), активных: 1
 🚫 Блокирована очевидная гармоника: 129.0Hz (0.50x от 258.5Hz, ясность: 72.6%)
 🚫 Блокирована очевидная гармоника: 130.5Hz (0.50x от 261.5Hz, ясность: 86.4%)
 🚫 Блокирована очевидная гармоника: 77.9Hz (0.25x от 312.6Hz, ясность: 75.6%)
 🚫 Блокирована очевидная гармоника: 77.9Hz (0.25x от 312.6Hz, ясность: 79.8%)
 🚫 Блокирована очевидная гармоника: 77.9Hz (0.25x от 312.6Hz, ясность: 83.8%)
 🎯 Высокая ясность (94.4%) - принимаем возможную гармонику: 155.7Hz
 ✅ Октавный переход разрешен: 311.5Hz → 155.7Hz за 428мс (ratio: 0.50)
 🚫 Блокирована очевидная гармоника: 311.4Hz (2.00x от 155.8Hz, ясность: 89.5%)
 🎯 Высокая ясность (95.0%) - принимаем возможную гармонику: 310.8Hz
 ✅ Октавный переход разрешен: 155.8Hz → 310.8Hz за 70мс (ratio: 1.99)
 🚫 Блокирована очевидная гармоника: 697.5Hz (1.99x от 350.3Hz, ясность: 78.7%)
 🚫 Блокирована очевидная гармоника: 693.0Hz (1.98x от 350.3Hz, ясность: 70.8%)
 Auto-scroll re-enabled after scroll event
 ✅ Октавный переход разрешен: 405.5Hz → 116.5Hz за 195мс (ratio: 0.29)
 🚫 Блокирована очевидная гармоника: 191.9Hz (0.49x от 387.9Hz, ясность: 72.1%)
 🔇 Глубокая тишина - очистка нот
 🛑 Принудительная остановка всех нот (deep_silence), активных: 1
 🔇 Глубокая тишина - очистка нот
 🛑 Принудительная остановка всех нот (deep_silence), активных: 1
 🚫 Блокирована очевидная гармоника: 195.7Hz (0.50x от 391.5Hz, ясность: 87.4%)
 🚫 Блокирована очевидная гармоника: 195.1Hz (0.50x от 391.5Hz, ясность: 85.2%)
 🎯 Высокая ясность (92.3%) - принимаем возможную гармонику: 155.7Hz
 ✅ Октавный переход разрешен: 311.9Hz → 155.7Hz за 137мс (ratio: 0.50)
 🚫 Блокирована очевидная гармоника: 77.7Hz (0.50x от 155.3Hz, ясность: 80.9%)
 🚫 Блокирована очевидная гармоника: 311.3Hz (4.01x от 77.7Hz, ясность: 88.1%)
 🎯 Высокая ясность (92.6%) - принимаем возможную гармонику: 311.7Hz
 ✅ Октавный переход разрешен: 77.7Hz → 311.7Hz за 69мс (ratio: 4.01)
 🚫 Блокирована очевидная гармоника: 77.9Hz (0.25x от 312.7Hz, ясность: 88.5%)
 🎯 Высокая ясность (92.5%) - принимаем возможную гармонику: 77.8Hz
 ✅ Октавный переход разрешен: 312.7Hz → 77.8Hz за 97мс (ratio: 0.25)
 🚫 Блокирована очевидная гармоника: 310.7Hz (4.00x от 77.7Hz, ясность: 80.2%)
 🚫 Блокирована очевидная гармоника: 310.2Hz (3.99x от 77.7Hz, ясность: 81.7%)
 🚫 Блокирована очевидная гармоника: 308.2Hz (3.97x от 77.7Hz, ясность: 79.4%)
 [SETACTIVE] Called with index 45. Current style: concert
 🔇 Глубокая тишина - очистка нот
 🛑 Принудительная остановка всех нот (deep_silence), активных: 1
 🚫 Октавный скачок заблокирован: 267.6Hz → 515.1Hz за 25мс (ratio: 1.92)
 🚫 Блокирована очевидная гармоника: 253.6Hz (0.50x от 512.1Hz, ясность: 86.3%)
 🚫 Блокирована очевидная гармоника: 253.5Hz (0.50x от 512.1Hz, ясность: 82.2%)
 🔇 Глубокая тишина - очистка нот
 🛑 Принудительная остановка всех нот (deep_silence), активных: 1
 🚫 Блокирована очевидная гармоника: 261.4Hz (0.51x от 512.1Hz, ясность: 72.6%)
 🚫 Блокирована очевидная гармоника: 261.1Hz (0.51x от 512.1Hz, ясность: 80.8%)
 🚫 Блокирована очевидная гармоника: 261.1Hz (0.51x от 512.1Hz, ясность: 83.3%)
 🚫 Блокирована очевидная гармоника: 262.0Hz (0.51x от 512.1Hz, ясность: 82.8%)
 🚫 Блокирована очевидная гармоника: 261.3Hz (0.51x от 512.1Hz, ясность: 82.5%)
 🚫 Блокирована очевидная гармоника: 261.5Hz (0.51x от 512.1Hz, ясность: 80.9%)
 🚫 Блокирована очевидная гармоника: 261.7Hz (0.51x от 512.1Hz, ясность: 81.2%)
 🚫 Блокирована очевидная гармоника: 261.4Hz (0.51x от 512.1Hz, ясность: 77.2%)
 🚫 Блокирована очевидная гармоника: 261.1Hz (0.51x от 512.1Hz, ясность: 73.8%)
 🚫 Блокирована очевидная гармоника: 260.3Hz (0.51x от 512.1Hz, ясность: 77.2%)
 🚫 Блокирована очевидная гармоника: 261.1Hz (0.51x от 512.1Hz, ясность: 70.8%)
 🚫 Блокирована очевидная гармоника: 261.3Hz (0.51x от 512.1Hz, ясность: 73.4%)
 🚫 Блокирована очевидная гармоника: 261.4Hz (0.51x от 512.1Hz, ясность: 74.1%)
 🚫 Блокирована очевидная гармоника: 262.1Hz (0.51x от 512.1Hz, ясность: 80.2%)
 🚫 Блокирована очевидная гармоника: 263.1Hz (0.51x от 512.1Hz, ясность: 82.9%)
 🚫 Блокирована очевидная гармоника: 263.0Hz (0.51x от 512.1Hz, ясность: 85.3%)
 🚫 Блокирована очевидная гармоника: 262.7Hz (0.51x от 512.1Hz, ясность: 86.6%)
 🚫 Блокирована очевидная гармоника: 262.2Hz (0.51x от 512.1Hz, ясность: 88.7%)
 🚫 Блокирована очевидная гармоника: 261.9Hz (0.51x от 512.1Hz, ясность: 89.6%)
 🎯 Высокая ясность (92.8%) - принимаем возможную гармонику: 260.8Hz
 🚫 Блокирована очевидная гармоника: 78.0Hz (0.25x от 310.6Hz, ясность: 81.8%)
 🚫 Блокирована очевидная гармоника: 78.0Hz (0.25x от 310.6Hz, ясность: 83.5%)
 🚫 Блокирована очевидная гармоника: 78.1Hz (0.25x от 310.6Hz, ясность: 85.4%)
 🚫 Блокирована очевидная гармоника: 78.1Hz (0.25x от 310.6Hz, ясность: 82.1%)
 🚫 Блокирована очевидная гармоника: 78.0Hz (0.25x от 310.6Hz, ясность: 78.3%)
 🚫 Блокирована очевидная гармоника: 155.9Hz (0.50x от 311.8Hz, ясность: 89.8%)
 🚫 Блокирована очевидная гармоника: 155.8Hz (0.50x от 311.8Hz, ясность: 89.9%)
 🚫 Блокирована очевидная гармоника: 155.6Hz (0.50x от 311.8Hz, ясность: 89.8%)
 🚫 Блокирована очевидная гармоника: 175.0Hz (0.50x от 347.9Hz, ясность: 87.2%)
 🚫 Блокирована очевидная гармоника: 175.7Hz (0.50x от 347.9Hz, ясность: 87.7%)
 🚫 Блокирована очевидная гармоника: 175.7Hz (0.51x от 347.9Hz, ясность: 85.9%)
 🚫 Блокирована очевидная гармоника: 174.8Hz (0.50x от 347.9Hz, ясность: 82.2%)
 🚫 Блокирована очевидная гармоника: 174.3Hz (0.50x от 347.9Hz, ясность: 80.7%)
 Auto-scroll re-enabled after scroll event
 ✅ Октавный переход разрешен: 410.2Hz → 116.7Hz за 199мс (ratio: 0.28)
 🚫 Блокирована очевидная гармоника: 173.1Hz (0.50x от 346.6Hz, ясность: 78.0%)
 🚫 Блокирована очевидная гармоника: 192.9Hz (0.51x от 381.5Hz, ясность: 72.3%)
 🚫 Блокирована очевидная гармоника: 191.8Hz (0.50x от 381.5Hz, ясность: 75.7%)
 🔇 Глубокая тишина - очистка нот
 🛑 Принудительная остановка всех нот (deep_silence), активных: 1
 🚫 Блокирована очевидная гармоника: 348.1Hz (2.00x от 174.2Hz, ясность: 86.3%)
 🚫 Блокирована очевидная гармоника: 348.0Hz (2.00x от 174.2Hz, ясность: 89.7%)
 🎯 Высокая ясность (90.5%) - принимаем возможную гармонику: 348.1Hz
 ✅ Октавный переход разрешен: 174.2Hz → 348.1Hz за 89мс (ratio: 2.00)
 🚫 Блокирована очевидная гармоника: 294.6Hz (2.03x от 145.4Hz, ясность: 80.3%)
 🚫 Блокирована очевидная гармоника: 294.8Hz (2.03x от 145.4Hz, ясность: 84.9%)
 🚫 Блокирована очевидная гармоника: 294.8Hz (2.03x от 145.4Hz, ясность: 86.7%)
 🚫 Блокирована очевидная гармоника: 294.6Hz (2.03x от 145.4Hz, ясность: 88.7%)
 🚫 Блокирована очевидная гармоника: 294.4Hz (2.02x от 145.4Hz, ясность: 89.9%)
 🎯 Высокая ясность (94.1%) - принимаем возможную гармонику: 294.2Hz
 ✅ Октавный переход разрешен: 145.4Hz → 294.2Hz за 168мс (ratio: 2.02)
 🔇 Глубокая тишина - очистка нот
 🛑 Принудительная остановка всех нот (deep_silence), активных: 1
 🚫 Блокирована очевидная гармоника: 437.8Hz (1.99x от 220.1Hz, ясность: 81.4%)
 🚫 Блокирована очевидная гармоника: 438.7Hz (1.99x от 220.1Hz, ясность: 82.6%)
 🚫 Блокирована очевидная гармоника: 438.3Hz (1.99x от 220.1Hz, ясность: 78.4%)
 🔇 Глубокая тишина - очистка нот
 🛑 Принудительная остановка всех нот (deep_silence), активных: 1
 ✅ Октавный переход разрешен: 273.3Hz → 88.6Hz за 125мс (ratio: 0.32)
 [SETACTIVE] Called with index 46. Current style: concert
 🔇 Глубокая тишина - очистка нот
 🛑 Принудительная остановка всех нот (deep_silence), активных: 1
 🚫 Блокирована очевидная гармоника: 616.7Hz (2.01x от 307.3Hz, ясность: 84.0%)
 🚫 Октавный скачок заблокирован: 325.5Hz → 663.6Hz за 19мс (ratio: 2.04)
 🚫 Октавный скачок заблокирован: 325.5Hz → 675.3Hz за 36мс (ratio: 2.08)
 🔇 Глубокая тишина - очистка нот
 🛑 Принудительная остановка всех нот (deep_silence), активных: 1
 🚫 Блокирована очевидная гармоника: 197.6Hz (1.99x от 99.5Hz, ясность: 72.7%)
 🚫 Блокирована очевидная гармоника: 197.5Hz (1.99x от 99.5Hz, ясность: 77.1%)
 🔇 Глубокая тишина - очистка нот
 🛑 Принудительная остановка всех нот (deep_silence), активных: 1
 🔇 Глубокая тишина - очистка нот
 🛑 Принудительная остановка всех нот (deep_silence), активных: 1
 🚫 Блокирована очевидная гармоника: 131.9Hz (0.51x от 258.6Hz, ясность: 74.3%)
 🚫 Блокирована очевидная гармоника: 131.0Hz (0.51x от 258.6Hz, ясность: 80.2%)
 🚫 Блокирована очевидная гармоника: 130.7Hz (0.51x от 258.6Hz, ясность: 75.7%)
 🔇 Глубокая тишина - очистка нот
 🛑 Принудительная остановка всех нот (deep_silence), активных: 1
 🚫 Блокирована очевидная гармоника: 385.4Hz (0.50x от 766.8Hz, ясность: 81.5%)
 🚫 Блокирована очевидная гармоника: 385.3Hz (0.50x от 766.8Hz, ясность: 75.2%)
 🚫 Блокирована очевидная гармоника: 387.7Hz (0.51x от 766.8Hz, ясность: 78.7%)
 ✅ Октавный переход разрешен: 728.1Hz → 390.0Hz за 112мс (ratio: 0.54)
 🔇 Глубокая тишина - очистка нот
 🛑 Принудительная остановка всех нот (deep_silence), активных: 1
 Auto-scroll re-enabled after scroll event
 🔇 Глубокая тишина - очистка нот
 🛑 Принудительная остановка всех нот (deep_silence), активных: 1
 🔇 Глубокая тишина - очистка нот
 🛑 Принудительная остановка всех нот (deep_silence), активных: 1
 🚫 Октавный скачок заблокирован: 172.4Hz → 665.0Hz за 37мс (ratio: 3.86)
 ✅ Октавный переход разрешен: 172.4Hz → 671.2Hz за 46мс (ratio: 3.89)
 🚫 Блокирована очевидная гармоника: 163.2Hz (0.24x от 687.2Hz, ясность: 81.8%)
 🔇 Глубокая тишина - очистка нот
 🛑 Принудительная остановка всех нот (deep_silence), активных: 1
 🚫 Блокирована очевидная гармоника: 161.7Hz (0.25x от 655.4Hz, ясность: 79.5%)
 🚫 Блокирована очевидная гармоника: 316.4Hz (0.49x от 643.0Hz, ясность: 72.8%)
 🚫 Блокирована очевидная гармоника: 328.7Hz (0.50x от 652.0Hz, ясность: 78.2%)
 🔇 Глубокая тишина - очистка нот
 🛑 Принудительная остановка всех нот (deep_silence), активных: 1
 🚫 Блокирована очевидная гармоника: 329.5Hz (0.51x от 652.0Hz, ясность: 73.6%)
 🚫 Блокирована очевидная гармоника: 332.4Hz (0.51x от 652.0Hz, ясность: 84.4%)
 [SETACTIVE] Called with index 47. Current style: concert
 🔇 Глубокая тишина - очистка нот
 🛑 Принудительная остановка всех нот (deep_silence), активных: 1
 🔇 Глубокая тишина - очистка нот
 🛑 Принудительная остановка всех нот (deep_silence), активных: 1
 🚫 Блокирована очевидная гармоника: 657.2Hz (1.99x от 330.4Hz, ясность: 85.1%)
 🚫 Блокирована очевидная гармоника: 634.8Hz (2.03x от 313.1Hz, ясность: 82.4%)
 🔇 Глубокая тишина - очистка нот
 🛑 Принудительная остановка всех нот (deep_silence), активных: 1
 [SETACTIVE] Called with index 48. Current style: concert
 🔇 Глубокая тишина - очистка нот
 🛑 Принудительная остановка всех нот (deep_silence), активных: 1
 Auto-scroll re-enabled after scroll event
 🔇 Глубокая тишина - очистка нот
 🛑 Принудительная остановка всех нот (deep_silence), активных: 1
 🔇 Глубокая тишина - очистка нот
 🛑 Принудительная остановка всех нот (deep_silence), активных: 1
 🔇 Глубокая тишина - очистка нот
 🛑 Принудительная остановка всех нот (deep_silence), активных: 1
 🚫 Блокирована очевидная гармоника: 180.5Hz (0.51x от 351.3Hz, ясность: 73.5%)
 🚫 Блокирована очевидная гармоника: 180.1Hz (0.51x от 351.3Hz, ясность: 81.6%)
 🚫 Блокирована очевидная гармоника: 179.2Hz (0.51x от 351.3Hz, ясность: 74.1%)
 🚫 Блокирована очевидная гармоника: 207.7Hz (0.50x от 412.5Hz, ясность: 71.9%)
 🔇 Глубокая тишина - очистка нот
 🛑 Принудительная остановка всех нот (deep_silence), активных: 1
 🚫 Блокирована очевидная гармоника: 468.4Hz (0.50x от 930.8Hz, ясность: 81.9%)
 🚫 Блокирована очевидная гармоника: 232.1Hz (0.50x от 464.0Hz, ясность: 82.4%)
 ✅ Октавный переход разрешен: 481.7Hz → 946.0Hz за 359мс (ratio: 1.96)
 🚫 Блокирована очевидная гармоника: 464.9Hz (0.51x от 913.9Hz, ясность: 80.8%)
 ✅ Октавный переход разрешен: 913.9Hz → 477.3Hz за 87мс (ratio: 0.52)
 🚫 Блокирована очевидная гармоника: 208.0Hz (0.50x от 415.8Hz, ясность: 88.3%)
 🚫 Блокирована очевидная гармоника: 207.5Hz (0.50x от 415.8Hz, ясность: 83.9%)
 🚫 Блокирована очевидная гармоника: 207.4Hz (0.50x от 414.0Hz, ясность: 87.2%)
 🚫 Блокирована очевидная гармоника: 94.8Hz (0.23x от 415.4Hz, ясность: 71.5%)
 🚫 Блокирована очевидная гармоника: 196.6Hz (0.50x от 393.2Hz, ясность: 74.2%)
 🚫 Блокирована очевидная гармоника: 391.2Hz (2.00x от 195.9Hz, ясность: 87.9%)
 🚫 Блокирована очевидная гармоника: 391.4Hz (2.00x от 195.9Hz, ясность: 82.1%)
 🚫 Блокирована очевидная гармоника: 389.8Hz (1.99x от 196.2Hz, ясность: 89.2%)
 🎯 Высокая ясность (91.4%) - принимаем возможную гармонику: 389.1Hz
 ✅ Октавный переход разрешен: 196.2Hz → 389.1Hz за 138мс (ratio: 1.98)
 🚫 Блокирована очевидная гармоника: 391.5Hz (2.00x от 196.0Hz, ясность: 83.4%)
 🚫 Блокирована очевидная гармоника: 391.7Hz (2.00x от 196.0Hz, ясность: 85.3%)
 🚫 Блокирована очевидная гармоника: 391.6Hz (2.00x от 196.0Hz, ясность: 88.9%)
 🎯 Высокая ясность (91.2%) - принимаем возможную гармонику: 391.9Hz
 ✅ Октавный переход разрешен: 196.0Hz → 391.9Hz за 99мс (ratio: 2.00)
 🔇 Глубокая тишина - очистка нот
 🛑 Принудительная остановка всех нот (deep_silence), активных: 1
 🔇 Глубокая тишина - очистка нот
 🛑 Принудительная остановка всех нот (deep_silence), активных: 1
 🚫 Октавный скачок заблокирован: 952.3Hz → 494.1Hz за 22мс (ratio: 0.52)
 ✅ Октавный переход разрешен: 952.3Hz → 504.3Hz за 43мс (ratio: 0.53)
 🚫 Блокирована очевидная гармоника: 983.5Hz (2.01x от 490.0Hz, ясность: 87.4%)
 🎯 Высокая ясность (91.7%) - принимаем возможную гармонику: 982.8Hz
 ✅ Октавный переход разрешен: 490.0Hz → 982.8Hz за 194мс (ratio: 2.01)
 🎯 Высокая ясность (90.5%) - принимаем возможную гармонику: 445.7Hz
 ✅ Октавный переход разрешен: 916.0Hz → 445.7Hz за 74мс (ratio: 0.49)
 🎯 Высокая ясность (92.3%) - принимаем возможную гармонику: 206.8Hz
 ✅ Октавный переход разрешен: 412.7Hz → 206.8Hz за 115мс (ratio: 0.50)
 🚫 Блокирована очевидная гармоника: 413.9Hz (2.00x от 206.8Hz, ясность: 84.3%)
 🚫 Блокирована очевидная гармоника: 103.5Hz (0.50x от 206.8Hz, ясность: 87.2%)
 🚫 Блокирована очевидная гармоника: 415.5Hz (2.01x от 206.8Hz, ясность: 87.5%)
 🚫 Блокирована очевидная гармоника: 415.0Hz (2.01x от 206.8Hz, ясность: 88.7%)
 🎯 Высокая ясность (90.6%) - принимаем возможную гармонику: 413.4Hz
 ✅ Октавный переход разрешен: 206.8Hz → 413.4Hz за 88мс (ratio: 2.00)
 🚫 Блокирована очевидная гармоника: 196.1Hz (0.50x от 391.4Hz, ясность: 89.8%)
 🔇 Глубокая тишина - очистка нот
 🛑 Принудительная остановка всех нот (deep_silence), активных: 1
 🔇 Глубокая тишина - очистка нот
 🛑 Принудительная остановка всех нот (deep_silence), активных: 1
 🔇 Глубокая тишина - очистка нот
 🛑 Принудительная остановка всех нот (deep_silence), активных: 1
 🔇 Глубокая тишина - очистка нот
 🛑 Принудительная остановка всех нот (deep_silence), активных: 1
 ✅ Октавный переход разрешен: 503.0Hz → 971.6Hz за 96мс (ratio: 1.93)
 ✅ Октавный переход разрешен: 921.6Hz → 442.2Hz за 117мс (ratio: 0.48)
 🚫 Блокирована очевидная гармоника: 892.6Hz (2.00x от 446.5Hz, ясность: 78.7%)
 🚫 Блокирована очевидная гармоника: 884.8Hz (1.98x от 446.5Hz, ясность: 78.8%)
 🔇 Глубокая тишина - очистка нот
 🛑 Принудительная остановка всех нот (deep_silence), активных: 1
 ⏰ СИНХРО: Позиция установлена 47.01с
 🎨 _hideColorDropdown вызван
 APP: Создаем вокальный URL для синхронизации трека: Linkin Park - When They Come For Me[-]
 WaveformEditor: Starting high-fidelity audio load for sync: blob:null/05f50a33-1182-4653-84e4-b8ff662afdb3
 🎨 _hideColorDropdown вызван
 🚫 Блокирована очевидная гармоника: 200.9Hz (0.51x от 394.4Hz, ясность: 87.1%)
 🚫 Блокирована очевидная гармоника: 202.8Hz (0.51x от 394.4Hz, ясность: 89.6%)
 ✅ Октавный переход разрешен: 394.4Hz → 205.9Hz за 64мс (ratio: 0.52)
 🚫 Октавный скачок заблокирован: 597.4Hz → 194.0Hz за 28мс (ratio: 0.32)
 🚫 Октавный скачок заблокирован: 597.4Hz → 192.9Hz за 39мс (ratio: 0.32)
 [SETACTIVE] Called with index 0. Current style: concert
 🔇 Глубокая тишина - очистка нот
 🛑 Принудительная остановка всех нот (deep_silence), активных: 1
 🚫 Блокирована очевидная гармоника: 210.7Hz (0.49x от 427.5Hz, ясность: 81.6%)
 🔇 Глубокая тишина - очистка нот
 🛑 Принудительная остановка всех нот (deep_silence), активных: 1
 🔇 Глубокая тишина - очистка нот
 🛑 Принудительная остановка всех нот (deep_silence), активных: 1
 WaveformEditor: High-fidelity audio loaded successfully. Duration: 295.60s
 APP: Аудио для WaveformEditor загружено, открываем редактор.
 Sync Editor: Stored original style "concert" and scale 1.4000000000000001. Applying "default" editor style and 0.8 scale.
 Applying style: Стандартный with scale 1.00
 TextStyleManager: Scaled font size from 1.8em to 1.80em
 LyricsDisplay: Setting style to Стандартный
 Rendering lyrics. Current style ID: default
 Rendering standard line [0]: 'I am not a pattern to be followed'
 Rendering standard line [1]: 'The pill that I'm on is a tough one to swallow'
 Rendering standard line [2]: 'I'm not a criminal, not a role model'
 Rendering standard line [3]: 'Not a born leader I'm a tough act to follow'
 Rendering standard line [4]: 'I am not the fortune and the fame'
 Rendering standard line [5]: 'Nor the same person telling you to forfeit the game'
 Rendering standard line [6]: 'I came in the ring like a dog on a chain'
 Rendering standard line [7]: 'And I found out the underbelly's sicker than it seems'
 Rendering standard line [8]: 'And it seems ugly, but it can get worse'
 Rendering standard line [9]: 'use even a blueprint is a gift and a curse'
 Rendering standard line [10]: 'use once you got a theory of how the thing works'
 Rendering standard line [11]: 'Everybody wants the next thing to be just like the first'
 Rendering standard line [12]: 'And I'm not a robot'
 Rendering standard line [13]: 'I'm not a monkey'
 Rendering standard line [14]: 'I will not dance even if the beat's funky'
 Rendering standard line [15]: 'Opposite of lazy, far from a punk'
 Rendering standard line [16]: 'Ya'll ought to stop talking start trying to catch up motherfucker'
 Rendering standard line [17]: 'And all the people say'
 Rendering standard line [18]: 'Try to catch up motherfucker'
 Rendering standard line [19]: 'Lauryn said, money change a situation'
 Rendering standard line [20]: 'Big said, it increase the complication'
 Rendering standard line [21]: 'Kane said, don't step, I ain't the one'
 Rendering standard line [22]: 'Chuck said, that uzi weigh a motherfuckin' ton'
 Rendering standard line [23]: 'And I'm just a student of the game that they taught me'
 Rendering standard line [24]: 'Rockin' every stage in every place that it brought me'
 Rendering standard line [25]: 'I'm awfully underrated, but came here to correct it'
 Rendering standard line [26]: 'And so it ain't mistaken I'ma state it for the record'
 Rendering standard line [27]: 'I am the opposite of wack, opposite of weak'
 Rendering standard line [28]: 'Opposite of slack, synonym of heat'
 Rendering standard line [29]: 'Synonym of crack, closest to a peak'
 Rendering standard line [30]: 'Far from a punk'
 Rendering standard line [31]: 'Ya'll ought to stop talking, start trying to catch up motherfucker'
 Rendering standard line [32]: 'And all the people say'
 Rendering standard line [33]: 'Try to catch up motherfucker'
 Rendering standard line [34]: 'Oh, when they come for me'
 Rendering standard line [35]: 'Come for me'
 Rendering standard line [36]: 'I'll be gone'
 Rendering standard line [37]: 'Oh, when they come for me'
 Rendering standard line [38]: 'Come for me'
 Rendering standard line [39]: 'I'll be gone'
 Rendering standard line [40]: 'Oh, when they come for me'
 Rendering standard line [41]: 'Come for me'
 Rendering standard line [42]: 'I'll be gone'
 Rendering standard line [43]: 'And all the people say'
 Rendering standard line [44]: 'Try to catch up motherfucker'
 Rendering standard line [45]: 'And all the people say'
 Rendering standard line [46]: 'Try to catch up motherfucker'
 Rendering standard line [47]: 'Presten atenciуn todos'
 Rendering standard line [48]: 'Toda la gente preste atenciуn, escъchenme ahora mismo'
 TextStyleManager: Font scale for default set to 0.80
 Applying style: Стандартный with scale 0.80
 TextStyleManager: Scaled font size from 1.8em to 1.44em
 LyricsDisplay: Setting style to Стандартный
 Rendering lyrics. Current style ID: default
 Rendering standard line [0]: 'I am not a pattern to be followed'
 Rendering standard line [1]: 'The pill that I'm on is a tough one to swallow'
 Rendering standard line [2]: 'I'm not a criminal, not a role model'
 Rendering standard line [3]: 'Not a born leader I'm a tough act to follow'
 Rendering standard line [4]: 'I am not the fortune and the fame'
 Rendering standard line [5]: 'Nor the same person telling you to forfeit the game'
 Rendering standard line [6]: 'I came in the ring like a dog on a chain'
 Rendering standard line [7]: 'And I found out the underbelly's sicker than it seems'
 Rendering standard line [8]: 'And it seems ugly, but it can get worse'
 Rendering standard line [9]: 'use even a blueprint is a gift and a curse'
 Rendering standard line [10]: 'use once you got a theory of how the thing works'
 Rendering standard line [11]: 'Everybody wants the next thing to be just like the first'
 Rendering standard line [12]: 'And I'm not a robot'
 Rendering standard line [13]: 'I'm not a monkey'
 Rendering standard line [14]: 'I will not dance even if the beat's funky'
 Rendering standard line [15]: 'Opposite of lazy, far from a punk'
 Rendering standard line [16]: 'Ya'll ought to stop talking start trying to catch up motherfucker'
 Rendering standard line [17]: 'And all the people say'
 Rendering standard line [18]: 'Try to catch up motherfucker'
 Rendering standard line [19]: 'Lauryn said, money change a situation'
 Rendering standard line [20]: 'Big said, it increase the complication'
 Rendering standard line [21]: 'Kane said, don't step, I ain't the one'
 Rendering standard line [22]: 'Chuck said, that uzi weigh a motherfuckin' ton'
 Rendering standard line [23]: 'And I'm just a student of the game that they taught me'
 Rendering standard line [24]: 'Rockin' every stage in every place that it brought me'
 Rendering standard line [25]: 'I'm awfully underrated, but came here to correct it'
 Rendering standard line [26]: 'And so it ain't mistaken I'ma state it for the record'
 Rendering standard line [27]: 'I am the opposite of wack, opposite of weak'
 Rendering standard line [28]: 'Opposite of slack, synonym of heat'
 Rendering standard line [29]: 'Synonym of crack, closest to a peak'
 Rendering standard line [30]: 'Far from a punk'
 Rendering standard line [31]: 'Ya'll ought to stop talking, start trying to catch up motherfucker'
 Rendering standard line [32]: 'And all the people say'
 Rendering standard line [33]: 'Try to catch up motherfucker'
 Rendering standard line [34]: 'Oh, when they come for me'
 Rendering standard line [35]: 'Come for me'
 Rendering standard line [36]: 'I'll be gone'
 Rendering standard line [37]: 'Oh, when they come for me'
 Rendering standard line [38]: 'Come for me'
 Rendering standard line [39]: 'I'll be gone'
 Rendering standard line [40]: 'Oh, when they come for me'
 Rendering standard line [41]: 'Come for me'
 Rendering standard line [42]: 'I'll be gone'
 Rendering standard line [43]: 'And all the people say'
 Rendering standard line [44]: 'Try to catch up motherfucker'
 Rendering standard line [45]: 'And all the people say'
 Rendering standard line [46]: 'Try to catch up motherfucker'
 Rendering standard line [47]: 'Presten atenciуn todos'
 Rendering standard line [48]: 'Toda la gente preste atenciуn, escъchenme ahora mismo'
 WaveformEditor: Shown
 WaveformEditor: Audio data already loaded, skipping _loadAudioData
 [SETACTIVE] Called with index 0. Current style: default
 Sync Editor: Skipping standard scroll - using forced centering only
 Sync Editor: Positioned line 0 at TOP (teleprompter mode)
 Sync mode: activating line at current time position: 0
 LoopBlockManager: Sync editor opened event received
 WaveformEditor: Dispatched sync-editor-opened event Object
 Auto-scroll re-enabled after scroll event
 Sync Editor: Positioned line 0 at TOP (teleprompter mode)
 🎯 Высокая ясность (91.0%) - принимаем возможную гармонику: 193.9Hz
 ✅ Октавный переход разрешен: 381.0Hz → 193.9Hz за 108мс (ratio: 0.51)
 [SETACTIVE] Called with index 1. Current style: default
 Sync Editor: Skipping standard scroll - using forced centering only
 Sync Editor: Positioned line 1 at TOP (teleprompter mode)
 Seeking to 52.65s by canvas click
 ⏰ СИНХРО: Позиция установлена 52.65с
 🎨 _hideColorDropdown вызван
 [SETACTIVE] Called with index 0. Current style: default
 Sync Editor: Skipping standard scroll - using forced centering only
 Sync Editor: Positioned line 0 at TOP (teleprompter mode)
 🔇 Глубокая тишина - очистка нот
 🛑 Принудительная остановка всех нот (deep_silence), активных: 1
 🚫 Блокирована очевидная гармоника: 210.4Hz (0.50x от 424.1Hz, ясность: 80.1%)
 🔇 Глубокая тишина - очистка нот
 🛑 Принудительная остановка всех нот (deep_silence), активных: 1
 Auto-scroll re-enabled after scroll event
 🔇 Глубокая тишина - очистка нот
 🛑 Принудительная остановка всех нот (deep_silence), активных: 1
 🚫 Блокирована очевидная гармоника: 413.0Hz (1.98x от 208.9Hz, ясность: 89.9%)
 🚫 Октавный скачок заблокирован: 208.9Hz → 410.1Hz за 16мс (ratio: 1.96)
 [SETACTIVE] Called with index 1. Current style: default
 Sync Editor: Skipping standard scroll - using forced centering only
 Sync Editor: Positioned line 1 at TOP (teleprompter mode)
 🎯 Высокая ясность (93.6%) - принимаем возможную гармонику: 192.6Hz
 ✅ Октавный переход разрешен: 381.3Hz → 192.6Hz за 87мс (ratio: 0.51)
 🎯 Высокая ясность (92.2%) - принимаем возможную гармонику: 492.2Hz
 ✅ Октавный переход разрешен: 247.5Hz → 492.2Hz за 70мс (ratio: 1.99)
 🎯 Высокая ясность (99.4%) - принимаем возможную гармонику: 245.4Hz
 🚫 Октавный скачок заблокирован: 492.2Hz → 245.4Hz за 23мс (ratio: 0.50)
 ✅ Октавный переход разрешен: 492.2Hz → 245.0Hz за 48мс (ratio: 0.50)
 [SETACTIVE] Called with index 2. Current style: default
 Sync Editor: Skipping standard scroll - using forced centering only
 Sync Editor: Positioned line 2 at TOP (teleprompter mode)
 ✅ Октавный переход разрешен: 200.3Hz → 385.3Hz за 51мс (ratio: 1.92)
 Key pressed: ShiftLeft
 Key pressed: Shift, key code: 16, waveform active: true
 LoopBlockManager: Shift key pressed, multiple selection mode active
 🔇 Глубокая тишина - очистка нот
 🛑 Принудительная остановка всех нот (deep_silence), активных: 1
 Key pressed: MetaLeft
 Key pressed: Meta, key code: 91, waveform active: true
 LoopBlockManager: Shift key released, multiple selection mode deactivated
 Auto-scroll re-enabled after scroll event
 🎯 Высокая ясность (93.2%) - принимаем возможную гармонику: 432.1Hz
 ✅ Октавный переход разрешен: 216.9Hz → 432.1Hz за 51мс (ratio: 1.99)
 🎯 Высокая ясность (93.9%) - принимаем возможную гармонику: 216.7Hz
 ✅ Октавный переход разрешен: 432.0Hz → 216.7Hz за 72мс (ratio: 0.50)
 [SETACTIVE] Called with index 3. Current style: default
 Sync Editor: Skipping standard scroll - using forced centering only
 Sync Editor: Positioned line 3 at TOP (teleprompter mode)
 🔇 Глубокая тишина - очистка нот
 🛑 Принудительная остановка всех нот (deep_silence), активных: 1
 🚫 Блокирована очевидная гармоника: 236.2Hz (0.27x от 864.9Hz, ясность: 77.5%)
 🚫 Блокирована очевидная гармоника: 234.6Hz (0.27x от 864.9Hz, ясность: 89.9%)
 🚫 Блокирована очевидная гармоника: 234.6Hz (0.27x от 864.9Hz, ясность: 89.9%)
 🚫 Блокирована очевидная гармоника: 233.9Hz (0.27x от 864.9Hz, ясность: 82.9%)
rtf-parser.js:849 ✅ Октавный переход разрешен: 864.9Hz → 253.4Hz за 270мс (ratio: 0.29)
rtf-parser.js:849 🔄 WaveformEditor: Начинаем переключение на источник: master
rtf-parser.js:849 WaveformEditor notification: Загружаем компоненты для Мастер-вида...
rtf-parser.js:849 🔄 WaveformEditor: Загружаем аудио из URL: data:audio/flac;base64,ZkxhQwAAACISABIAACefAFrJCsR...
rtf-parser.js:849 📊 WaveformEditor: Обрабатываем data URL...
rtf-parser.js:849 🎨 _hideColorDropdown вызван
rtf-parser.js:849 [SETACTIVE] Called with index 4. Current style: default
rtf-parser.js:849 Sync Editor: Skipping standard scroll - using forced centering only
rtf-parser.js:849 Sync Editor: Positioned line 4 at TOP (teleprompter mode)
rtf-parser.js:849 🔇 Глубокая тишина - очистка нот
rtf-parser.js:849 🛑 Принудительная остановка всех нот (deep_silence), активных: 1
rtf-parser.js:849 Auto-scroll re-enabled after scroll event
rtf-parser.js:849 ✅ Октавный переход разрешен: 254.2Hz → 499.3Hz за 46мс (ratio: 1.96)
rtf-parser.js:849 [SETACTIVE] Called with index 5. Current style: default
rtf-parser.js:849 Sync Editor: Skipping standard scroll - using forced centering only
rtf-parser.js:849 Sync Editor: Positioned line 5 at TOP (teleprompter mode)
rtf-parser.js:849 🎯 Высокая ясность (93.6%) - принимаем возможную гармонику: 247.0Hz
rtf-parser.js:849 🚫 Октавный скачок заблокирован: 499.3Hz → 247.0Hz за 24мс (ratio: 0.49)
rtf-parser.js:849 ✅ Октавный переход разрешен: 499.3Hz → 245.9Hz за 45мс (ratio: 0.49)
rtf-parser.js:849 🎯 Высокая ясность (90.6%) - принимаем возможную гармонику: 121.8Hz
rtf-parser.js:849 ✅ Октавный переход разрешен: 241.8Hz → 121.8Hz за 112мс (ratio: 0.50)
rtf-parser.js:849 🚫 Блокирована очевидная гармоника: 427.8Hz (2.00x от 213.8Hz, ясность: 89.3%)
rtf-parser.js:849 🎯 Высокая ясность (92.6%) - принимаем возможную гармонику: 232.5Hz
rtf-parser.js:849 ✅ Октавный переход разрешен: 468.2Hz → 232.5Hz за 86мс (ratio: 0.50)
rtf-parser.js:849 ✅ WaveformEditor: Data URL декодирован, длительность: 295.60с
rtf-parser.js:849 ✅ Instrumental data loaded for master view
rtf-parser.js:849 ✅ WaveformEditor: Master view prepared with overlay waves
rtf-parser.js:849 🎨 Master view: Drawing instrumental, then punching out and drawing vocals.
rtf-parser.js:849 WaveformEditor notification: Переключено на Мастер
rtf-parser.js:849 🚫 Блокирована очевидная гармоника: 471.6Hz (2.03x от 232.5Hz, ясность: 83.2%)
rtf-parser.js:849 🚫 Блокирована очевидная гармоника: 469.4Hz (2.02x от 232.5Hz, ясность: 84.1%)
rtf-parser.js:849 🔇 Глубокая тишина - очистка нот
rtf-parser.js:849 🛑 Принудительная остановка всех нот (deep_silence), активных: 1
rtf-parser.js:849 🚫 Блокирована очевидная гармоника: 467.5Hz (2.01x от 232.5Hz, ясность: 83.3%)
rtf-parser.js:849 🚫 Блокирована очевидная гармоника: 505.3Hz (1.98x от 254.9Hz, ясность: 85.8%)
rtf-parser.js:849 [SETACTIVE] Called with index 6. Current style: default
rtf-parser.js:849 Sync Editor: Skipping standard scroll - using forced centering only
rtf-parser.js:849 Sync Editor: Positioned line 6 at TOP (teleprompter mode)
rtf-parser.js:849 Auto-scroll re-enabled after scroll event
rtf-parser.js:849 🚫 Блокирована очевидная гармоника: 426.0Hz (1.97x от 216.2Hz, ясность: 72.2%)
rtf-parser.js:849 ✅ Октавный переход разрешен: 216.2Hz → 422.8Hz за 168мс (ratio: 1.96)
rtf-parser.js:849 🔇 Глубокая тишина - очистка нот
rtf-parser.js:849 🛑 Принудительная остановка всех нот (deep_silence), активных: 1
rtf-parser.js:849 [SETACTIVE] Called with index 7. Current style: default
rtf-parser.js:849 Sync Editor: Skipping standard scroll - using forced centering only
rtf-parser.js:849 Sync Editor: Positioned line 7 at TOP (teleprompter mode)
rtf-parser.js:849 Key pressed: ShiftLeft
rtf-parser.js:849 Key pressed: Shift, key code: 16, waveform active: true
rtf-parser.js:849 LoopBlockManager: Shift key pressed, multiple selection mode active
rtf-parser.js:849 Key pressed: MetaLeft
rtf-parser.js:849 Key pressed: Meta, key code: 91, waveform active: true
rtf-parser.js:849 LoopBlockManager: Shift key released, multiple selection mode deactivated
rtf-parser.js:849 🔇 Глубокая тишина - очистка нот
rtf-parser.js:849 🛑 Принудительная остановка всех нот (deep_silence), активных: 1
rtf-parser.js:849 🔇 Глубокая тишина - очистка нот
rtf-parser.js:849 🛑 Принудительная остановка всех нот (deep_silence), активных: 1
rtf-parser.js:849 [SETACTIVE] Called with index 8. Current style: default
rtf-parser.js:849 Sync Editor: Skipping standard scroll - using forced centering only
rtf-parser.js:849 Sync Editor: Positioned line 8 at TOP (teleprompter mode)
rtf-parser.js:849 🔇 Глубокая тишина - очистка нот
rtf-parser.js:849 🛑 Принудительная остановка всех нот (deep_silence), активных: 1
rtf-parser.js:849 🚫 Блокирована очевидная гармоника: 433.2Hz (1.99x от 218.1Hz, ясность: 88.4%)
rtf-parser.js:849 🔇 Глубокая тишина - очистка нот
rtf-parser.js:849 🛑 Принудительная остановка всех нот (deep_silence), активных: 1
rtf-parser.js:849 Key pressed: Space
rtf-parser.js:849 Space bar pressed, toggling playback
rtf-parser.js:849 ⏸️ ИНСТРУМЕНТАЛ: Пауза
rtf-parser.js:849 ⏸️ ВОКАЛ: Пауза
rtf-parser.js:849 isPlaying property set to: false
rtf-parser.js:849 Key pressed:  , key code: 32, waveform active: true
rtf-parser.js:849 🔍 Статический анализ: 6917.6Hz (64.5%)
rtf-parser.js:849 Auto-scroll re-enabled after scroll event
rtf-parser.js:849 Key pressed: MetaLeft
rtf-parser.js:849 Key pressed: Meta, key code: 91, waveform active: true
rtf-parser.js:849 Key pressed: AltLeft
rtf-parser.js:849 Key pressed: Alt, key code: 18, waveform active: true
rtf-parser.js:849 Key pressed: KeyJ
rtf-parser.js:849 Key pressed: j, key code: 74, waveform active: true
rtf-parser.js:849 🎨 Master view: Drawing instrumental, then punching out and drawing vocals.
rtf-parser.js:849 Auto-scroll re-enabled after scroll event
