 LiveMode: экземпляр создан
 LiveFeed initialized
 DOM content loaded, waiting for components
 Application fully loaded, components initialized
 ✅ Pitchy готов для точной детекции
 🎹 Кнопка найдена
 🔗 Настройка интеграции для точной детекции...
 🎤 Статус для точной детекции: false
 🎯 КАЛИБРОВКА: A4 = 440.00Hz (должно быть 440.00Hz)
 🎹 Создано 48 клавиш для точной детекции
 🎹 Piano Keyboard инициализирован
 All components ready, initializing app...
 Initializing beLive App
 StateManager initialized
 StateManager component ready
 🎛️ ViewManager: Конструктор выполнен
 🔗 ViewManager: Инициализация с зависимостями
 ✅ ViewManager: Зависимости успешно подключены
 ViewManager component ready
 🎯 ViewManager: Инициализация обработчиков событий
 ✅ ViewManager: Обработчик кнопки аватара (основное приложение) подключен
 ✅ ViewManager: Обработчик кнопки аватара в Live Feed подключен
 ✅ ViewManager: Обработчик кнопки возврата подключен
 ✅ ViewManager: Обработчик кнопки beLIVE в Avatar Studio подключен
 🎵 ViewManager: Карусель треков инициализирована
 🎵 ViewManager: Карусель треков инициализирована
 🎯 ViewManager: Все обработчики событий готовы
 🎯 ViewManager event handlers initialized
 WordAlignerV2 not found, creating placeholder
App @ app.js:84
 LyricsDisplay: Setting style to Стандартный
 Rendering lyrics. Current style ID: default
 Applied style 'Стандартный'
 TextStyleManager: Проверка доступности LiveMode...
 TextStyleManager: Класс LiveMode найден, предварительная инициализация камеры...
 TextStyleManager: LiveMode уже инициализирован
 TextStyleManager initialized with 8 styles and 29 total transitions
 Text style manager initialized
 Initializing Microphone UI...
 Microphone UI initialized using existing DOM elements.
 LoopBlockManager: Checking audio initialization...
 LoopBlockManager: Audio buffer or context not available (check 0)
_checkAudioAndInitialize @ loopblock-manager.js:137
 LoopBlockManager: Initializing sync listeners
 LoopBlockManager: progressBarContainer found - width: 1050px, height: 10px, overflow: visible
 LoopBlockManager: progressBarContainer offsetWidth: 1050, offsetHeight: 10
 LoopBlockManager: progressBarContainer children: 3
 LoopBlockManager: Child 0: progress-bar-loaded, display: block, zIndex: 1
 LoopBlockManager: Child 1: progress-bar, display: block, zIndex: 2
 LoopBlockManager: Child 2: progress-tooltip, display: block, zIndex: 10
 LoopBlockManager initialized
 LoopBlockManager component ready
 [DragBoundary] Инициализирован с интерактивными линиями и предпоказом
 🎛️ BlockLoopControl initialized with seeking flag and seek buffer
 BlockLoopControl component ready
 🎭 MaskSystem: Инициализация продвинутой системы масок
 🎭 MaskSystem: Конструктор завершен
 🎭 MaskSystem создан
 🎭 MaskSystem component ready
 Initializing LoopBlock controls
 Audio not fully loaded yet, setting up delayed initialization
 🎭 MaskSystem: Обработчик кнопки подключен
 🚀 Инициализация Живой Ленты
 ✅ Живая Лента инициализирована
 🚀 Показываю Живую Ленту
 ✅ Живая Лента активирована
 beLive App initialized
 App initialized successfully
 🎭 MediaPipe: Начинаем загрузку библиотек...
 🎭 MediaPipe: Ожидание загрузки библиотек...
 🎭 MediaPipe: Все библиотеки загружены успешно
 🎭 MaskSystem: Официальный MediaPipe FaceMesh готов
 🏃 MaskSystem: MediaPipe Pose готов
 ✋ MaskSystem: MediaPipe Hands готов
 🤖 MaskSystem: MediaPipe Holistic готов
 🎨 MaskSystem: MediaPipe Selfie Segmentation готов
 🎭 MaskSystem: MediaPipe готов к использованию
 🎯 Background Effects Engine v2.0 инициализирован
 🔄 Инициализация Background Effects Engine...
 ✅ Background Effects Engine готов
 🎤 Запуск ТОЧНОГО анализа вокальной дорожки...
 🔊 Инициализация аудио для точной детекции...
 ✅ Используем audioEngine.audioContext
 ✅ Pitchy детектор готов для точной работы
 ✅ Подключен к ВОКАЛЬНОМУ узлу: GainNode
 ✅ ТОЧНЫЙ анализ запущен
 Проверка треков завершена успешно, проблем не обнаружено
 LiveMode: Запуск предварительной инициализации камеры
 LiveMode: Предварительная инициализация камеры...
 LoopBlockManager: Проверка доступности аудио (попытка 2/5)
 🎯 Начальная калибровка системы...
 🎯 ===== ЗАПУСК КАЛИБРОВОЧНЫХ ТЕСТОВ ПИТЧА =====
 📋 Тестируем расчет частот:
 ✅ C4: рассчитано=261.63Hz, ожидается=261.63Hz, ошибка=0.002%
 ✅ D4: рассчитано=293.66Hz, ожидается=293.66Hz, ошибка=0.002%
 ✅ E4: рассчитано=329.63Hz, ожидается=329.63Hz, ошибка=0.001%
 ✅ F4: рассчитано=349.23Hz, ожидается=349.23Hz, ошибка=0.001%
 ✅ G4: рассчитано=392.00Hz, ожидается=392Hz, ошибка=0.001%
 🎯 КАЛИБРОВКА: A4 = 440.00Hz (должно быть 440.00Hz)
 ✅ A4: рассчитано=440.00Hz, ожидается=440Hz, ошибка=0.000%
 ✅ B4: рассчитано=493.88Hz, ожидается=493.88Hz, ошибка=0.001%
 📋 Тестируем обратное преобразование:
 ✅ 261.63Hz → обнаружено="C4", ожидается="C4"
 ✅ 293.66Hz → обнаружено="D4", ожидается="D4"
 ✅ 329.63Hz → обнаружено="E4", ожидается="E4"
 ✅ 349.23Hz → обнаружено="F4", ожидается="F4"
 ✅ 392Hz → обнаружено="G4", ожидается="G4"
 ✅ 440Hz → обнаружено="A4", ожидается="A4"
 ✅ 493.88Hz → обнаружено="B4", ожидается="B4"
 📊 РЕЗУЛЬТАТЫ КАЛИБРОВКИ:
    Пройдено тестов: 14/14
    Процент успеха: 100.0%
    Средняя ошибка: 0.001%
 🎯 ✅ КАЛИБРОВКА ПИТЧА ПРОШЛА УСПЕШНО!
 🎯 ===== КАЛИБРОВОЧНЫЕ ТЕСТЫ ЗАВЕРШЕНЫ =====
 LoopBlockManager: Проверка доступности аудио (попытка 3/5)
 LiveMode: Доступ к камере получен при предварительной инициализации
 LiveMode: Получено 1 видеотреков. Активный: FaceTime HD Camera
 LiveMode: Предварительная инициализация камеры успешно завершена
 LiveMode: Доступ к камере получен при предварительной инициализации
 LiveMode: Получено 1 видеотреков. Активный: FaceTime HD Camera
 LiveMode: Предварительная инициализация камеры успешно завершена
 LiveMode: Предварительная инициализация камеры успешна
 LoopBlockManager: Аудио не загружено после 5 попыток. Для работы функций зацикливания необходимо загрузить аудиофайл.
_checkAudioAgain @ loopblock-manager.js:219
 🚀 Быстрый переход в режим: karaoke
 Switching to karaoke mode
 App: Сохраняем предыдущий режим: concert
 Activating karaoke mode
 Applying style: Караоке with scale 1.20
 TextStyleManager: Scaled font size from 1.4em to 1.68em
 LyricsDisplay: Setting style to Караоке
 [KARAOKE] DOM not found or empty in _renderLyrics, creating it.
 TextStyleManager: Scaled font size from 1.4em to 1.68em
 Applied style class to lyrics-container: style-karaoke
 Karaoke Background Manager: Starting slideshow...
 🚀 Скрываю Живую Ленту
 ✅ Возврат в классический зал
 🎨 _hideColorDropdown вызван
 ✅ Karaoke Background Manager: SUCCESSFULLY set background to Karaoke/yichen-wang-aBeTfQ65ycQ-unsplash.jpg
 TrackCatalog: openCatalog() called
 TrackCatalog: catalogContainer exists: true
 TrackCatalog: catalogContainer classes before: hidden
 TrackCatalog: catalogContainer classes after: 
 TrackCatalog: Catalog should now be visible
 🎨 _hideColorDropdown вызван
 🔄 Loading track: "Linkin Park - When They Come For Me[-]"
 🔄 StateManager: Starting HARD RESET of all components
 1. Resetting AudioEngine...
 AudioEngine: Starting reset...
 isPlaying property set to: false
 ⏹️ ГИБРИД: Остановлен и сброшен
 🧹 СПРИНТЕР: Ресурсы очищены
 AudioEngine: Reset completed successfully
 ✅ AudioEngine reset complete
 2. Resetting LyricsDisplay...
 💥 LyricsDisplay: Performing full reset.
 ✅ LyricsDisplay: Full reset complete. All lyric data and DOM elements cleared.
 ✅ LyricsDisplay full reset complete
 3. Resetting TextStyleManager...
 💥 TextStyleManager: Full reset initiated.
 ✅ TextStyleManager: Reset complete. All states and caches cleared.
 ✅ TextStyleManager reset complete.
 🎉 StateManager: HARD RESET completed successfully
 ✅ All components ready for new track
 ⏱️ HARD_RESET_TIME: 18.10498046875 ms
 TrackCatalog: Set waveformEditor.lastLoadedFile to Linkin Park-When They Come for Me.rtf
 TrackCatalog: Set waveformEditor.currentTrackId to 1750901713330
 TrackCatalog: Found 15 blocks. Preparing them for rendering after audio load.
 LyricsDisplay: Loading 15 imported blocks.
 Block 0 loaded: id="block-1751003317271-0-xq9jll1yx", name="Block 1", lines=8
 Block 1 loaded: id="1", name="Block 2", lines=4
 Block 2 loaded: id="2", name="Block 3", lines=5
 Block 3 loaded: id="3", name="Block 4", lines=1
 Block 4 loaded: id="4", name="Block 5", lines=1
 Block 5 loaded: id="5", name="Block 6", lines=8
 Block 6 loaded: id="6", name="Block 7", lines=5
 Block 7 loaded: id="7", name="Block 8", lines=1
 Block 8 loaded: id="8", name="Block 9", lines=1
 Block 9 loaded: id="9", name="Block 10", lines=9
 Block 10 loaded: id="10", name="Block 11", lines=1
 Block 11 loaded: id="11", name="Block 12", lines=1
 Block 12 loaded: id="12", name="Block 13", lines=1
 Block 13 loaded: id="13", name="Block 14", lines=1
 Block 14 loaded: id="14", name="Block 15", lines=2
 LyricsDisplay: Skipping render as requested by shouldRender=false
 LyricsDisplay: Successfully loaded 15 blocks, total lyric lines: 49.
 LyricsDisplay: Updated marker colors after loading blocks
 ⏱️ LYRICS_PREPARE_TIME: 8.512939453125 ms
 ⏱️ BLOB_CREATION_TIME: 223.775146484375 ms
 🚀 ГИБРИД: Загрузка двойного потока
 isPlaying property set to: false
 ⏹️ ГИБРИД: Остановлен и сброшен
 🔧 БЕЗОПАСНЫЙ URL: Конвертируем blob:null в data URL: blob:null/aae6209d-42e5-444f-b2a9-443a7def1c91...
 🎨 _hideColorDropdown вызван
 ✅ ИНСТРУМЕНТАЛ ГОТОВ! Длительность: 295.60с
 ✅ БЕЗОПАСНЫЙ URL: Создан data URL размером 58360130 байт
 🔧 БЕЗОПАСНЫЙ URL: Конвертируем blob:null в data URL: blob:null/53f5deb1-7cdd-4d33-8d14-51d2d28c3fbb...
 Audio ready detected via timer, initializing LoopBlockManager
 LoopBlockManager already initialized
 ✅ БЕЗОПАСНЫЙ URL: Создан data URL размером 11826198 байт
 ⏱️ HYBRID_ENGINE_LOAD_TIME: 2219.080078125 ms
 🎯 ГИБРИД: Рассинхронизация устранена!
 WaveformEditor: Vocal audio data not available
_drawWaveformData @ waveform-editor.js:1458
 🚀 Скрываю Живую Ленту
 ✅ Возврат в классический зал
 Applying style: Караоке with scale 1.20
 TextStyleManager: Scaled font size from 1.4em to 1.68em
 LyricsDisplay: Setting style to Караоке
 [KARAOKE] DOM not found or empty in _renderLyrics, creating it.
 TextStyleManager: Scaled font size from 1.4em to 1.68em
 ⏱️ AUDIO_LOAD_TIME: 2221.506103515625 ms
 Loading 49 markers for track Linkin Park - When They Come For Me[-]
 Validating 49 markers for 49 lyric lines
 Kept 49 valid markers out of 49
 WaveformEditor: Vocal audio data not available
_drawWaveformData @ waveform-editor.js:1458
 🚀 Скрываю Живую Ленту
 ✅ Возврат в классический зал
 Applying style: Караоке with scale 1.20
 TextStyleManager: Scaled font size from 1.4em to 1.68em
 LyricsDisplay: Setting style to Караоке
 TextStyleManager: Scaled font size from 1.4em to 1.68em
 🎵 АВТОПЛЕЙ: Запуск воспроизведения...
 ✅ Track "Linkin Park - When They Come For Me[-]" loaded successfully
 ✅ ВОКАЛ ГОТОВ! Длительность: 295.60с
 🎤 ВОКАЛ ПОДКЛЮЧЕН к аудио-контексту
 🎨 StateManager: Forcing text rerender in current mode
 🎤 Karaoke mode detected, should work correctly
 ⏱️ FINAL_RENDER_TIME: 178.055908203125 ms
 ⏱️ TOTAL_TRACK_LOAD_TIME: 2653.20703125 ms
 ▶️ ИНСТРУМЕНТАЛ: Воспроизведение начато
 🔍 Статический анализ: 21.6Hz (71.8%)
 🎤 ВОКАЛ: Синхронизирован и воспроизводится
 isPlaying property set to: true
 ✅ АВТОПЛЕЙ: Воспроизведение начато успешно
 ⏰ СИНХРО: Позиция установлена 61.94с
 🎨 _hideColorDropdown вызван
 TextStyleManager: Scaled font size from 1.4em to 1.68em
 Switching to live mode
 App: Сохраняем предыдущий режим: karaoke
 Activating live mode
 Karaoke Background Manager: Stopping slideshow...
 Applying style: Live with scale 1.00
 TextStyleManager: Scaled font size from 1.6em to 1.60em
 LyricsDisplay: Setting style to Live
 Rendering lyrics. Current style ID: live
 Rendering standard line [0]: 'I am not a pattern to be followed'
 Rendering standard line [1]: 'The pill that I'm on is a tough one to swallow'
 Rendering standard line [2]: 'I'm not a criminal, not a role model'
 Rendering standard line [3]: 'Not a born leader I'm a tough act to follow'
 Rendering standard line [4]: 'I am not the fortune and the fame'
 Rendering standard line [5]: 'Nor the same person telling you to forfeit the game'
 Rendering standard line [6]: 'I came in the ring like a dog on a chain'
 Rendering standard line [7]: 'And I found out the underbelly's sicker than it seems'
 Rendering standard line [8]: 'And it seems ugly, but it can get worse'
 Rendering standard line [9]: 'use even a blueprint is a gift and a curse'
 Rendering standard line [10]: 'use once you got a theory of how the thing works'
 Rendering standard line [11]: 'Everybody wants the next thing to be just like the first'
 Rendering standard line [12]: 'And I'm not a robot'
 Rendering standard line [13]: 'I'm not a monkey'
 Rendering standard line [14]: 'I will not dance even if the beat's funky'
 Rendering standard line [15]: 'Opposite of lazy, far from a punk'
 Rendering standard line [16]: 'Ya'll ought to stop talking start trying to catch up motherfucker'
 Rendering standard line [17]: 'And all the people say'
 Rendering standard line [18]: 'Try to catch up motherfucker'
 Rendering standard line [19]: 'Lauryn said, money change a situation'
 Rendering standard line [20]: 'Big said, it increase the complication'
 Rendering standard line [21]: 'Kane said, don't step, I ain't the one'
 Rendering standard line [22]: 'Chuck said, that uzi weigh a motherfuckin' ton'
 Rendering standard line [23]: 'And I'm just a student of the game that they taught me'
 Rendering standard line [24]: 'Rockin' every stage in every place that it brought me'
 Rendering standard line [25]: 'I'm awfully underrated, but came here to correct it'
 Rendering standard line [26]: 'And so it ain't mistaken I'ma state it for the record'
 Rendering standard line [27]: 'I am the opposite of wack, opposite of weak'
 Rendering standard line [28]: 'Opposite of slack, synonym of heat'
 Rendering standard line [29]: 'Synonym of crack, closest to a peak'
 Rendering standard line [30]: 'Far from a punk'
 Rendering standard line [31]: 'Ya'll ought to stop talking, start trying to catch up motherfucker'
 Rendering standard line [32]: 'And all the people say'
 Rendering standard line [33]: 'Try to catch up motherfucker'
 Rendering standard line [34]: 'Oh, when they come for me'
 Rendering standard line [35]: 'Come for me'
 Rendering standard line [36]: 'I'll be gone'
 Rendering standard line [37]: 'Oh, when they come for me'
 Rendering standard line [38]: 'Come for me'
 Rendering standard line [39]: 'I'll be gone'
 Rendering standard line [40]: 'Oh, when they come for me'
 Rendering standard line [41]: 'Come for me'
 Rendering standard line [42]: 'I'll be gone'
 Rendering standard line [43]: 'And all the people say'
 Rendering standard line [44]: 'Try to catch up motherfucker'
 Rendering standard line [45]: 'And all the people say'
 Rendering standard line [46]: 'Try to catch up motherfucker'
 Rendering standard line [47]: 'Presten atenciуn todos'
 Rendering standard line [48]: 'Toda la gente preste atenciуn, escъchenme ahora mismo'
 [SETACTIVE] Called with index 3. Current style: live
 Scrolled to active line: 406.5px (line 3)
 Applied style class to lyrics-container: style-live
 🚀 Скрываю Живую Ленту
 ✅ Возврат в классический зал
 Initializing LiveMode without camera activation...
 🎨 _hideColorDropdown вызван
 🔇 Глубокая тишина - очистка нот
 🛑 Принудительная остановка всех нот (deep_silence), активных: 1
 🔇 Глубокая тишина - очистка нот
 🛑 Принудительная остановка всех нот (deep_silence), активных: 1
 [SETACTIVE] Called with index 4. Current style: live
 🚫 Блокирована очевидная гармоника: 121.8Hz (0.49x от 246.5Hz, ясность: 79.9%)
 🔇 Глубокая тишина - очистка нот
 🛑 Принудительная остановка всех нот (deep_silence), активных: 1
 🎨 _hideColorDropdown вызван
 🔇 Глубокая тишина - очистка нот
 🛑 Принудительная остановка всех нот (deep_silence), активных: 1
 Switching to rehearsal mode
 App: Сохраняем предыдущий режим: live
 Activating rehearsal mode
 Karaoke Background Manager: Stopping slideshow...
 Applying style: Репетиция with scale 1.00
 LyricsDisplay: Setting style to Репетиция
 Activating Rehearsal Display with blocks: Array(15)
 Rendering lyrics. Current style ID: rehearsal
 🔧 Block "Block 1": original=[0,1,2,3,4,5,6,7], sorted=[0,1,2,3,4,5,6,7]
 🔧 Block "Block 2": original=[8,9,10,11], sorted=[8,9,10,11]
 🔧 Block "Block 3": original=[12,13,14,15,16], sorted=[12,13,14,15,16]
 🔧 Block "Block 4": original=[17], sorted=[17]
 🔧 Block "Block 5": original=[18], sorted=[18]
 🔧 Block "Block 6": original=[19,20,21,22,23,24,25,26], sorted=[19,20,21,22,23,24,25,26]
 🔧 Block "Block 7": original=[27,28,29,30,31], sorted=[27,28,29,30,31]
 🔧 Block "Block 8": original=[32], sorted=[32]
 🔧 Block "Block 9": original=[33], sorted=[33]
 🔧 Block "Block 10": original=[34,35,36,37,38,39,40,41,42], sorted=[34,35,36,37,38,39,40,41,42]
 Splitting block "Block 10" (9 lines) into 2 parts with ~5 lines each
   Part 1: lines 0-4 (5 lines)
   Part 2: lines 5-8 (4 lines)
 🔧 Block "Block 11": original=[43], sorted=[43]
 🔧 Block "Block 12": original=[44], sorted=[44]
 🔧 Block "Block 13": original=[45], sorted=[45]
 🔧 Block "Block 14": original=[46], sorted=[46]
 🔧 Block "Block 15": original=[47,48], sorted=[47,48]
 Rehearsal: Current line: 4, Total blocks: 16
 Rehearsal: DETAILED Block structure:
   Block 0 (block-1751003317271-0-xq9jll1yx): name="Block 1", lines=[0,1,2,3,4,5,6,7]
     Content preview: "I am not a pattern to be followed
The pill that I'm on is a tough one to swallow
I'm not a criminal,"
       Line 0: "I am not a pattern to be followed"
       Line 1: "The pill that I'm on is a tough one to swallow"
       Line 2: "I'm not a criminal, not a role model"
       Line 3: "Not a born leader I'm a tough act to follow"
       Line 4: "I am not the fortune and the fame"
       Line 5: "Nor the same person telling you to forfeit the game"
       Line 6: "I came in the ring like a dog on a chain"
       Line 7: "And I found out the underbelly's sicker than it seems"
   Block 1 (1): name="Block 2", lines=[8,9,10,11]
     Content preview: "And it seems ugly, but it can get worse
use even a blueprint is a gift and a curse
use once you got "
       Line 8: "And it seems ugly, but it can get worse"
       Line 9: "use even a blueprint is a gift and a curse"
       Line 10: "use once you got a theory of how the thing works"
       Line 11: "Everybody wants the next thing to be just like the first"
   Block 2 (2): name="Block 3", lines=[12,13,14,15,16]
     Content preview: "And I'm not a robot
I'm not a monkey
I will not dance even if the beat's funky"
       Line 12: "And I'm not a robot"
       Line 13: "I'm not a monkey"
       Line 14: "I will not dance even if the beat's funky"
       Line 15: "Opposite of lazy, far from a punk"
       Line 16: "Ya'll ought to stop talking start trying to catch up motherfucker"
   Block 3 (3): name="Block 4", lines=[17]
     Content preview: "And all the people say"
       Line 17: "And all the people say"
   Block 4 (4): name="Block 5", lines=[18]
     Content preview: "Try to catch up motherfucker"
       Line 18: "Try to catch up motherfucker"
   Block 5 (5): name="Block 6", lines=[19,20,21,22,23,24,25,26]
     Content preview: "Lauryn said, money change a situation
Big said, it increase the complication
Kane said, don't step, "
       Line 19: "Lauryn said, money change a situation"
       Line 20: "Big said, it increase the complication"
       Line 21: "Kane said, don't step, I ain't the one"
       Line 22: "Chuck said, that uzi weigh a motherfuckin' ton"
       Line 23: "And I'm just a student of the game that they taught me"
       Line 24: "Rockin' every stage in every place that it brought me"
       Line 25: "I'm awfully underrated, but came here to correct it"
       Line 26: "And so it ain't mistaken I'ma state it for the record"
   Block 6 (6): name="Block 7", lines=[27,28,29,30,31]
     Content preview: "I am the opposite of wack, opposite of weak
Opposite of slack, synonym of heat
Synonym of crack, clo"
       Line 27: "I am the opposite of wack, opposite of weak"
       Line 28: "Opposite of slack, synonym of heat"
       Line 29: "Synonym of crack, closest to a peak"
       Line 30: "Far from a punk"
       Line 31: "Ya'll ought to stop talking, start trying to catch up motherfucker"
   Block 7 (7): name="Block 8", lines=[32]
     Content preview: "And all the people say"
       Line 32: "And all the people say"
   Block 8 (8): name="Block 9", lines=[33]
     Content preview: "Try to catch up motherfucker"
       Line 33: "Try to catch up motherfucker"
   Block 9 (9-part-0): name="Block 10", lines=[34,35,36,37,38]
     Content preview: "Oh, when they come for me
Come for me
I'll be gone"
       Line 34: "Oh, when they come for me"
       Line 35: "Come for me"
       Line 36: "I'll be gone"
       Line 37: "Oh, when they come for me"
       Line 38: "Come for me"
   Block 10 (9-part-1): name="Block 10 (продолжение 2)", lines=[39,40,41,42]
     Content preview: "I'll be gone
Oh, when they come for me
Come for me"
       Line 39: "I'll be gone"
       Line 40: "Oh, when they come for me"
       Line 41: "Come for me"
       Line 42: "I'll be gone"
   Block 11 (10): name="Block 11", lines=[43]
     Content preview: "And all the people say"
       Line 43: "And all the people say"
   Block 12 (11): name="Block 12", lines=[44]
     Content preview: "Try to catch up motherfucker"
       Line 44: "Try to catch up motherfucker"
   Block 13 (12): name="Block 13", lines=[45]
     Content preview: "And all the people say"
       Line 45: "And all the people say"
   Block 14 (13): name="Block 14", lines=[46]
     Content preview: "Try to catch up motherfucker"
       Line 46: "Try to catch up motherfucker"
   Block 15 (14): name="Block 15", lines=[47,48]
     Content preview: "Presten atenciуn todos
Toda la gente preste atenciуn, escъchenme ahora mismo"
       Line 47: "Presten atenciуn todos"
       Line 48: "Toda la gente preste atenciуn, escъchenme ahora mismo"
 Rehearsal: Looking for block containing line 4
   Checking block 0: lineIndices=[0,1,2,3,4,5,6,7]
   ✓ Found! Block 0 contains line 4
 Rehearsal: Found active block at index 0 with lines: Array(8)
 Rehearsal: Active block 0: Object
 >>> FONT_CALC_DEBUG >>> Lines: 8, FontSize: 2.10rem, LineHeight: 2.72rem
 Rehearsal: Activated line 4 in block with transition: none
 Rehearsal: Next block preview for block 1: Object
 Rehearsal: Preview lines: Array(2)
 Rehearsal: Adding preview line 8: "And it seems ugly, but it can get worse"
 Rehearsal: Adding preview line 9: "use even a blueprint is a gift and a curse"
 Rehearsal: Preview container added with 2 lines
 Rehearsal mode: Rendered active block 0 with next block preview
 [SETACTIVE] Called with index 4. Current style: rehearsal
 Rehearsal mode: Setting active line 4
 Activating rehearsal line at index 4
 BlockLoopControl: Активирован
 BlockLoopControl: _createLoopButtonForCurrentBlock called
 BlockLoopControl: lyricsDisplay.currentActiveBlock: Object
 BlockLoopControl: lyricsDisplay.textBlocks: Array(15)
 BlockLoopControl: Создаем кнопку для активного блока репетиции: Block 1
 BlockLoopControl: _createLoopButton called for block: Block 1
 BlockLoopControl: Кнопка удалена, drag boundaries остаются активными
 BlockLoopControl: blockElement found: true
 ✅ DragBoundaryController activated for block: Block 1
 📊 Block line indices: [0,1,2,3,4,5,6,7]
 🎯 Initial boundaries received: null
 ✅ Set default boundaries from sorted indices: start=0, end=7
 [DragBoundary] ✅ Применены переданные границы: Object
 [DragBoundary] 🎯 Создание интерактивных линий границ
 [DragBoundary] 📍 Блок: Block 1, границы: 0-7
 [DragBoundary] 📋 Найдено строк в блоке: 8
 [DragBoundary] 📝 Строка 0: data-index="0", текст: "I am not a pattern to be follo"
 [DragBoundary] 📝 Строка 1: data-index="1", текст: "The pill that I'm on is a toug"
 [DragBoundary] 📝 Строка 2: data-index="2", текст: "I'm not a criminal, not a role"
 [DragBoundary] 📝 Строка 3: data-index="3", текст: "Not a born leader I'm a tough "
 [DragBoundary] 📝 Строка 4: data-index="4", текст: "I am not the fortune and the f"
 [DragBoundary] 📝 Строка 5: data-index="5", текст: "Nor the same person telling yo"
 [DragBoundary] 📝 Строка 6: data-index="6", текст: "I came in the ring like a dog "
 [DragBoundary] 📝 Строка 7: data-index="7", текст: "And I found out the underbelly"
 [DragBoundary] 🎯 Поиск startLine (index 0): ✅ найден
 [DragBoundary] 📝 StartLine текст: "I am not a pattern to be followed"
 [DragBoundary] 📐 StartLine rect: DOMRect
 [DragBoundary] 🎯 Поиск endLine (index 7): ✅ найден
 [DragBoundary] 📝 EndLine текст: "And I found out the underbelly's sicker than it se"
 [DragBoundary] 📐 EndLine rect: DOMRect
 [DragBoundary] ✅ Создана стартовая линия для строки 0
 [DragBoundary] ✅ Создана конечная линия для строки 7
 [DragBoundary] ✅ Обе линии успешно созданы
 [DragBoundary] 📐 StartLine позиция: top=16.4765625, bottom=20.4765625
 [DragBoundary] 📐 EndLine позиция: top=409.9140625, bottom=413.9140625
 [DragBoundary] Обновлены визуальные состояния. Диапазон: 0-7
 [DragBoundary] ✅ Контроллер активирован
 BlockLoopControl: Создана кнопка для блока: Block 1
 BlockLoopControl: Кнопка создана для блока: Block 1
 🛡️ AUTO RECOVERY: System started (checking every 2s)
 🚀 Скрываю Живую Ленту
 ✅ Возврат в классический зал
 🎨 _hideColorDropdown вызван
 Rehearsal: Auto-scrolling to active line in large block
 🎯 Высокая ясность (90.6%) - принимаем возможную гармонику: 121.8Hz
 ✅ Октавный переход разрешен: 242.3Hz → 121.8Hz за 185мс (ratio: 0.50)
 🚫 Октавный скачок заблокирован: 121.8Hz → 239.5Hz за 32мс (ratio: 1.97)
 Rehearsal: Line changing from 4 to 5
 🔧 Block "Block 1": original=[0,1,2,3,4,5,6,7], sorted=[0,1,2,3,4,5,6,7]
 🔧 Block "Block 2": original=[8,9,10,11], sorted=[8,9,10,11]
 🔧 Block "Block 3": original=[12,13,14,15,16], sorted=[12,13,14,15,16]
 🔧 Block "Block 4": original=[17], sorted=[17]
 🔧 Block "Block 5": original=[18], sorted=[18]
 🔧 Block "Block 6": original=[19,20,21,22,23,24,25,26], sorted=[19,20,21,22,23,24,25,26]
 🔧 Block "Block 7": original=[27,28,29,30,31], sorted=[27,28,29,30,31]
 🔧 Block "Block 8": original=[32], sorted=[32]
 🔧 Block "Block 9": original=[33], sorted=[33]
 🔧 Block "Block 10": original=[34,35,36,37,38,39,40,41,42], sorted=[34,35,36,37,38,39,40,41,42]
 Splitting block "Block 10" (9 lines) into 2 parts with ~5 lines each
   Part 1: lines 0-4 (5 lines)
   Part 2: lines 5-8 (4 lines)
 🔧 Block "Block 11": original=[43], sorted=[43]
 🔧 Block "Block 12": original=[44], sorted=[44]
 🔧 Block "Block 13": original=[45], sorted=[45]
 🔧 Block "Block 14": original=[46], sorted=[46]
 🔧 Block "Block 15": original=[47,48], sorted=[47,48]
 Rehearsal: Current line 4 belongs to block: block-1751003317271-0-xq9jll1yx Array(8)
 Rehearsal: New line 5 belongs to block: block-1751003317271-0-xq9jll1yx Array(8)
 Rehearsal: Same block (block-1751003317271-0-xq9jll1yx), updating active line from 4 to 5
 [SETACTIVE] Called with index 5. Current style: rehearsal
 Rehearsal mode: Setting active line 5
 Activating rehearsal line at index 5
 📡 BLOCK CHANGE EVENT received
    Current loop block: Block 1 (ID: block-1751003317271-0-xq9jll1yx)
    New active block: Block 1 (ID: block-1751003317271-0-xq9jll1yx)
    Loop is active: false
    Seeking in progress: false
    Same block ID: true
    Same block name: true
    Current block lines: [0,1,2,3,4,5,6,7]
    New block lines: [0,1,2,3,4,5,6,7]
    Same lines: true
 BlockLoopControl: Calculating time range for block "Block 1" with lines [0,1,2,3,4,5,6,7]
 BlockLoopControl: Available markers count: 49
 BlockLoopControl: Block line range: 0 to 7
 BlockLoopControl: Found start marker for line 0: 53.98s
 BlockLoopControl: Searching for end marker after line 7
 BlockLoopControl: Found end marker (first of next block) for line 8: 74.75s
 BlockLoopControl: Block "Block 1" LOOP BOUNDS: START=53.98s END=74.75s (duration: 20.77s)
 BlockLoopControl: Calculating time range for block "Block 1" with lines [0,1,2,3,4,5,6,7]
 BlockLoopControl: Available markers count: 49
 BlockLoopControl: Block line range: 0 to 7
 BlockLoopControl: Found start marker for line 0: 53.98s
 BlockLoopControl: Searching for end marker after line 7
 BlockLoopControl: Found end marker (first of next block) for line 8: 74.75s
 BlockLoopControl: Block "Block 1" LOOP BOUNDS: START=53.98s END=74.75s (duration: 20.77s)
    Current time range: 53.977s - 74.745s
    New time range: 53.977s - 74.745s
    Time difference: 0.000s
    Same time range: true
 ✅ SAME BLOCK CONFIRMED: Not stopping loop - this is the same block
 Auto-scroll re-enabled after scroll event
 🚫 Блокирована очевидная гармоника: 428.0Hz (1.99x от 215.0Hz, ясность: 84.1%)
 🚫 Блокирована очевидная гармоника: 429.1Hz (2.00x от 215.0Hz, ясность: 86.4%)
 BlockLoopControl: Запуск зацикливания блока: Block 1
 🎯 USING USER BOUNDARIES: Lines 0-7 = 53.98s-74.75s
 BlockLoopControl: Временные границы лупа: 53.98s - 74.75s
 BlockLoopControl: Зацикливание установлено, воспроизведение продолжается без прерывания
 BlockLoopControl: Добавлена оранжевая окантовка блока
 BlockLoopControl: Зацикливание активно 53.97683974339682s - 74.745106s (без прерывания воспроизведения)
 🎨 _hideColorDropdown вызван
 🔇 Глубокая тишина - очистка нот
 🛑 Принудительная остановка всех нот (deep_silence), активных: 1
 Rehearsal mode: Auto-returned to top after scroll event
 🎯 Высокая ясность (90.2%) - принимаем возможную гармонику: 231.9Hz
 ✅ Октавный переход разрешен: 468.8Hz → 231.9Hz за 68мс (ratio: 0.49)
 🔍 LOOP DIAGNOSTIC #10:
      Current: 68.634s
      Loop Range: 53.977s - 74.745s
      End Threshold: 74.695s
      Time Since Last Jump: 1751003327.363s
      Audio State: playing
 ✅ LOOP SAFE: 6.1s until loop end
 🚫 Блокирована очевидная гармоника: 236.5Hz (0.50x от 474.0Hz, ясность: 74.2%)
 🚫 Блокирована очевидная гармоника: 240.6Hz (0.51x от 474.0Hz, ясность: 85.1%)
 🚫 Блокирована очевидная гармоника: 243.8Hz (0.51x от 474.0Hz, ясность: 87.7%)
 🚫 Блокирована очевидная гармоника: 242.7Hz (0.51x от 474.0Hz, ясность: 71.7%)
 🔍 LOOP DIAGNOSTIC #20:
      Current: 69.202s
      Loop Range: 53.977s - 74.745s
      End Threshold: 74.695s
      Time Since Last Jump: 1751003327.929s
      Audio State: playing
 ✅ LOOP SAFE: 5.5s until loop end
 🔇 Глубокая тишина - очистка нот
 🛑 Принудительная остановка всех нот (deep_silence), активных: 1
 Rehearsal: Line changing from 5 to 6
 🔧 Block "Block 1": original=[0,1,2,3,4,5,6,7], sorted=[0,1,2,3,4,5,6,7]
 🔧 Block "Block 2": original=[8,9,10,11], sorted=[8,9,10,11]
 🔧 Block "Block 3": original=[12,13,14,15,16], sorted=[12,13,14,15,16]
 🔧 Block "Block 4": original=[17], sorted=[17]
 🔧 Block "Block 5": original=[18], sorted=[18]
 🔧 Block "Block 6": original=[19,20,21,22,23,24,25,26], sorted=[19,20,21,22,23,24,25,26]
 🔧 Block "Block 7": original=[27,28,29,30,31], sorted=[27,28,29,30,31]
 🔧 Block "Block 8": original=[32], sorted=[32]
 🔧 Block "Block 9": original=[33], sorted=[33]
 🔧 Block "Block 10": original=[34,35,36,37,38,39,40,41,42], sorted=[34,35,36,37,38,39,40,41,42]
 Splitting block "Block 10" (9 lines) into 2 parts with ~5 lines each
   Part 1: lines 0-4 (5 lines)
   Part 2: lines 5-8 (4 lines)
 🔧 Block "Block 11": original=[43], sorted=[43]
 🔧 Block "Block 12": original=[44], sorted=[44]
 🔧 Block "Block 13": original=[45], sorted=[45]
 🔧 Block "Block 14": original=[46], sorted=[46]
 🔧 Block "Block 15": original=[47,48], sorted=[47,48]
 Rehearsal: Current line 5 belongs to block: block-1751003317271-0-xq9jll1yx Array(8)
 Rehearsal: New line 6 belongs to block: block-1751003317271-0-xq9jll1yx Array(8)
 Rehearsal: Same block (block-1751003317271-0-xq9jll1yx), updating active line from 5 to 6
 [SETACTIVE] Called with index 6. Current style: rehearsal
 Rehearsal mode: Setting active line 6
 Activating rehearsal line at index 6
 📡 BLOCK CHANGE EVENT received
    Current loop block: Block 1 (ID: block-1751003317271-0-xq9jll1yx)
    New active block: Block 1 (ID: block-1751003317271-0-xq9jll1yx)
    Loop is active: true
    Seeking in progress: false
 🎯 LOOP IS ACTIVE: Checking user boundaries
    DragBoundaryController exists: true
    DragBoundaryController is active: true
    Has user defined boundaries: false
 🎯 USER BOUNDARY DETAILED CHECK:
    Current line index: -1
    Boundaries object: Object
 🎯 BOUNDARY VALIDATION:
    Current block lines: [0,1,2,3,4,5,6,7]
    User boundaries: 0 - 7
    Boundaries in current block: true
 🎯 USER BOUNDARY CHECK:
    Current line: -1
    User boundaries: 0 - 7
    Within boundaries: false
 🚨 LINE OUTSIDE USER BOUNDARIES: Line -1 is outside user range 0-7, checking other conditions
    Same block ID: true
    Same block name: true
    Current block lines: [0,1,2,3,4,5,6,7]
    New block lines: [0,1,2,3,4,5,6,7]
    Same lines: true
 BlockLoopControl: Calculating time range for block "Block 1" with lines [0,1,2,3,4,5,6,7]
 BlockLoopControl: Available markers count: 49
 BlockLoopControl: Block line range: 0 to 7
 BlockLoopControl: Found start marker for line 0: 53.98s
 BlockLoopControl: Searching for end marker after line 7
rtf-parser.js:849 BlockLoopControl: Found end marker (first of next block) for line 8: 74.75s
rtf-parser.js:849 BlockLoopControl: Block "Block 1" LOOP BOUNDS: START=53.98s END=74.75s (duration: 20.77s)
rtf-parser.js:849 BlockLoopControl: Calculating time range for block "Block 1" with lines [0,1,2,3,4,5,6,7]
rtf-parser.js:849 BlockLoopControl: Available markers count: 49
rtf-parser.js:849 BlockLoopControl: Block line range: 0 to 7
rtf-parser.js:849 BlockLoopControl: Found start marker for line 0: 53.98s
rtf-parser.js:849 BlockLoopControl: Searching for end marker after line 7
rtf-parser.js:849 BlockLoopControl: Found end marker (first of next block) for line 8: 74.75s
rtf-parser.js:849 BlockLoopControl: Block "Block 1" LOOP BOUNDS: START=53.98s END=74.75s (duration: 20.77s)
rtf-parser.js:849    Current time range: 53.977s - 74.745s
rtf-parser.js:849    New time range: 53.977s - 74.745s
rtf-parser.js:849    Time difference: 0.000s
rtf-parser.js:849    Same time range: true
rtf-parser.js:849 ✅ SAME BLOCK CONFIRMED: Not stopping loop - this is the same block
rtf-parser.js:849 BlockLoopControl: Остановка зацикливания
rtf-parser.js:849 BlockLoopControl: Зацикливание остановлено, drag boundaries остаются активными
rtf-parser.js:849 🎨 _hideColorDropdown вызван
rtf-parser.js:849 Rehearsal mode: Auto-returned to top after scroll event
rtf-parser.js:849 BlockLoopControl: Запуск зацикливания блока: Block 1
rtf-parser.js:849 🎯 USING USER BOUNDARIES: Lines 0-7 = 53.98s-74.75s
rtf-parser.js:849 BlockLoopControl: Временные границы лупа: 53.98s - 74.75s
rtf-parser.js:849 BlockLoopControl: Зацикливание установлено, воспроизведение продолжается без прерывания
rtf-parser.js:849 BlockLoopControl: Добавлена оранжевая окантовка блока
rtf-parser.js:849 BlockLoopControl: Зацикливание активно 53.97683974339682s - 74.745106s (без прерывания воспроизведения)
rtf-parser.js:849 🎨 _hideColorDropdown вызван
rtf-parser.js:849 🔍 LOOP DIAGNOSTIC #30:
rtf-parser.js:849      Current: 70.474s
rtf-parser.js:849      Loop Range: 53.977s - 74.745s
rtf-parser.js:849      End Threshold: 74.695s
rtf-parser.js:849      Time Since Last Jump: 1751003329.206s
rtf-parser.js:849      Audio State: playing
rtf-parser.js:849 ✅ LOOP SAFE: 4.3s until loop end
rtf-parser.js:849 🔍 LOOP DIAGNOSTIC #40:
rtf-parser.js:849      Current: 71.026s
rtf-parser.js:849      Loop Range: 53.977s - 74.745s
rtf-parser.js:849      End Threshold: 74.695s
rtf-parser.js:849      Time Since Last Jump: 1751003329.754s
rtf-parser.js:849      Audio State: playing
rtf-parser.js:849 ✅ LOOP SAFE: 3.7s until loop end
rtf-parser.js:849 BlockLoopControl: Остановка зацикливания
rtf-parser.js:849 BlockLoopControl: Зацикливание остановлено, drag boundaries остаются активными
rtf-parser.js:849 🎨 _hideColorDropdown вызван
rtf-parser.js:849 BlockLoopControl: Запуск зацикливания блока: Block 1
rtf-parser.js:849 🎯 USING USER BOUNDARIES: Lines 0-7 = 53.98s-74.75s
rtf-parser.js:849 BlockLoopControl: Временные границы лупа: 53.98s - 74.75s
rtf-parser.js:849 BlockLoopControl: Зацикливание установлено, воспроизведение продолжается без прерывания
rtf-parser.js:849 BlockLoopControl: Добавлена оранжевая окантовка блока
rtf-parser.js:849 BlockLoopControl: Зацикливание активно 53.97683974339682s - 74.745106s (без прерывания воспроизведения)
rtf-parser.js:849 🎨 _hideColorDropdown вызван
rtf-parser.js:849 🔍 LOOP DIAGNOSTIC #50:
rtf-parser.js:849      Current: 72.077s
rtf-parser.js:849      Loop Range: 53.977s - 74.745s
rtf-parser.js:849      End Threshold: 74.695s
rtf-parser.js:849      Time Since Last Jump: 1751003330.807s
rtf-parser.js:849      Audio State: playing
rtf-parser.js:849 ✅ LOOP SAFE: 2.7s until loop end
rtf-parser.js:849 Rehearsal: Line changing from 6 to 7
rtf-parser.js:849 🔧 Block "Block 1": original=[0,1,2,3,4,5,6,7], sorted=[0,1,2,3,4,5,6,7]
rtf-parser.js:849 🔧 Block "Block 2": original=[8,9,10,11], sorted=[8,9,10,11]
rtf-parser.js:849 🔧 Block "Block 3": original=[12,13,14,15,16], sorted=[12,13,14,15,16]
rtf-parser.js:849 🔧 Block "Block 4": original=[17], sorted=[17]
rtf-parser.js:849 🔧 Block "Block 5": original=[18], sorted=[18]
rtf-parser.js:849 🔧 Block "Block 6": original=[19,20,21,22,23,24,25,26], sorted=[19,20,21,22,23,24,25,26]
rtf-parser.js:849 🔧 Block "Block 7": original=[27,28,29,30,31], sorted=[27,28,29,30,31]
rtf-parser.js:849 🔧 Block "Block 8": original=[32], sorted=[32]
rtf-parser.js:849 🔧 Block "Block 9": original=[33], sorted=[33]
rtf-parser.js:849 🔧 Block "Block 10": original=[34,35,36,37,38,39,40,41,42], sorted=[34,35,36,37,38,39,40,41,42]
rtf-parser.js:849 Splitting block "Block 10" (9 lines) into 2 parts with ~5 lines each
rtf-parser.js:849   Part 1: lines 0-4 (5 lines)
rtf-parser.js:849   Part 2: lines 5-8 (4 lines)
rtf-parser.js:849 🔧 Block "Block 11": original=[43], sorted=[43]
rtf-parser.js:849 🔧 Block "Block 12": original=[44], sorted=[44]
rtf-parser.js:849 🔧 Block "Block 13": original=[45], sorted=[45]
rtf-parser.js:849 🔧 Block "Block 14": original=[46], sorted=[46]
rtf-parser.js:849 🔧 Block "Block 15": original=[47,48], sorted=[47,48]
rtf-parser.js:849 Rehearsal: Current line 6 belongs to block: block-1751003317271-0-xq9jll1yx Array(8)
rtf-parser.js:849 Rehearsal: New line 7 belongs to block: block-1751003317271-0-xq9jll1yx Array(8)
rtf-parser.js:849 Rehearsal: Same block (block-1751003317271-0-xq9jll1yx), updating active line from 6 to 7
rtf-parser.js:849 [SETACTIVE] Called with index 7. Current style: rehearsal
 Rehearsal mode: Setting active line 7
 Activating rehearsal line at index 7
 📡 BLOCK CHANGE EVENT received
    Current loop block: Block 1 (ID: block-1751003317271-0-xq9jll1yx)
    New active block: Block 1 (ID: block-1751003317271-0-xq9jll1yx)
    Loop is active: true
    Seeking in progress: false
 🎯 LOOP IS ACTIVE: Checking user boundaries
    DragBoundaryController exists: true
    DragBoundaryController is active: true
    Has user defined boundaries: false
 🎯 USER BOUNDARY DETAILED CHECK:
    Current line index: -1
    Boundaries object: Object
 🎯 BOUNDARY VALIDATION:
    Current block lines: [0,1,2,3,4,5,6,7]
    User boundaries: 0 - 7
    Boundaries in current block: true
 🎯 USER BOUNDARY CHECK:
    Current line: -1
    User boundaries: 0 - 7
    Within boundaries: false
 🚨 LINE OUTSIDE USER BOUNDARIES: Line -1 is outside user range 0-7, checking other conditions
    Same block ID: true
    Same block name: true
    Current block lines: [0,1,2,3,4,5,6,7]
    New block lines: [0,1,2,3,4,5,6,7]
    Same lines: true
 BlockLoopControl: Calculating time range for block "Block 1" with lines [0,1,2,3,4,5,6,7]
 BlockLoopControl: Available markers count: 49
 BlockLoopControl: Block line range: 0 to 7
 BlockLoopControl: Found start marker for line 0: 53.98s
 BlockLoopControl: Searching for end marker after line 7
 BlockLoopControl: Found end marker (first of next block) for line 8: 74.75s
 BlockLoopControl: Block "Block 1" LOOP BOUNDS: START=53.98s END=74.75s (duration: 20.77s)
 BlockLoopControl: Calculating time range for block "Block 1" with lines [0,1,2,3,4,5,6,7]
 BlockLoopControl: Available markers count: 49
 BlockLoopControl: Block line range: 0 to 7
 BlockLoopControl: Found start marker for line 0: 53.98s
 BlockLoopControl: Searching for end marker after line 7
 BlockLoopControl: Found end marker (first of next block) for line 8: 74.75s
 BlockLoopControl: Block "Block 1" LOOP BOUNDS: START=53.98s END=74.75s (duration: 20.77s)
    Current time range: 53.977s - 74.745s
    New time range: 53.977s - 74.745s
    Time difference: 0.000s
    Same time range: true
 ✅ SAME BLOCK CONFIRMED: Not stopping loop - this is the same block
 BlockLoopControl: Остановка зацикливания
 BlockLoopControl: Зацикливание остановлено, drag boundaries остаются активными
 🎨 _hideColorDropdown вызван
 Key pressed: Space
 Space bar pressed, toggling playback
 ⏸️ ИНСТРУМЕНТАЛ: Пауза
 ⏸️ ВОКАЛ: Пауза
 isPlaying property set to: false
 Key pressed:  , key code: 32, waveform active: false
 Switching to live mode
 App: Сохраняем предыдущий режим: rehearsal
 Activating live mode
 Karaoke Background Manager: Stopping slideshow...
 Applying style: Live with scale 1.00
 TextStyleManager: Scaled font size from 1.6em to 1.60em
 Deactivating Rehearsal Display
 LyricsDisplay: Setting style to Live
 Rendering lyrics. Current style ID: live
 Rendering standard line [0]: 'I am not a pattern to be followed'
 Rendering standard line [1]: 'The pill that I'm on is a tough one to swallow'
 Rendering standard line [2]: 'I'm not a criminal, not a role model'
 Rendering standard line [3]: 'Not a born leader I'm a tough act to follow'
 Rendering standard line [4]: 'I am not the fortune and the fame'
 Rendering standard line [5]: 'Nor the same person telling you to forfeit the game'
 Rendering standard line [6]: 'I came in the ring like a dog on a chain'
 Rendering standard line [7]: 'And I found out the underbelly's sicker than it seems'
 Rendering standard line [8]: 'And it seems ugly, but it can get worse'
 Rendering standard line [9]: 'use even a blueprint is a gift and a curse'
 Rendering standard line [10]: 'use once you got a theory of how the thing works'
 Rendering standard line [11]: 'Everybody wants the next thing to be just like the first'
 Rendering standard line [12]: 'And I'm not a robot'
 Rendering standard line [13]: 'I'm not a monkey'
 Rendering standard line [14]: 'I will not dance even if the beat's funky'
 Rendering standard line [15]: 'Opposite of lazy, far from a punk'
 Rendering standard line [16]: 'Ya'll ought to stop talking start trying to catch up motherfucker'
 Rendering standard line [17]: 'And all the people say'
 Rendering standard line [18]: 'Try to catch up motherfucker'
 Rendering standard line [19]: 'Lauryn said, money change a situation'
 Rendering standard line [20]: 'Big said, it increase the complication'
 Rendering standard line [21]: 'Kane said, don't step, I ain't the one'
 Rendering standard line [22]: 'Chuck said, that uzi weigh a motherfuckin' ton'
 Rendering standard line [23]: 'And I'm just a student of the game that they taught me'
 Rendering standard line [24]: 'Rockin' every stage in every place that it brought me'
 Rendering standard line [25]: 'I'm awfully underrated, but came here to correct it'
 Rendering standard line [26]: 'And so it ain't mistaken I'ma state it for the record'
 Rendering standard line [27]: 'I am the opposite of wack, opposite of weak'
 Rendering standard line [28]: 'Opposite of slack, synonym of heat'
 Rendering standard line [29]: 'Synonym of crack, closest to a peak'
 Rendering standard line [30]: 'Far from a punk'
 Rendering standard line [31]: 'Ya'll ought to stop talking, start trying to catch up motherfucker'
 Rendering standard line [32]: 'And all the people say'
 Rendering standard line [33]: 'Try to catch up motherfucker'
 Rendering standard line [34]: 'Oh, when they come for me'
 Rendering standard line [35]: 'Come for me'
 Rendering standard line [36]: 'I'll be gone'
 Rendering standard line [37]: 'Oh, when they come for me'
 Rendering standard line [38]: 'Come for me'
 Rendering standard line [39]: 'I'll be gone'
 Rendering standard line [40]: 'Oh, when they come for me'
 Rendering standard line [41]: 'Come for me'
 Rendering standard line [42]: 'I'll be gone'
 Rendering standard line [43]: 'And all the people say'
 Rendering standard line [44]: 'Try to catch up motherfucker'
 Rendering standard line [45]: 'And all the people say'
 Rendering standard line [46]: 'Try to catch up motherfucker'
 Rendering standard line [47]: 'Presten atenciуn todos'
 Rendering standard line [48]: 'Toda la gente preste atenciуn, escъchenme ahora mismo'
 [SETACTIVE] Called with index 7. Current style: live
 Scrolled to active line: 609.3333333333334px (line 7)
 📡 BLOCK CHANGE EVENT received
    Current loop block: Block 1 (ID: block-1751003317271-0-xq9jll1yx)
    New active block: Block 1 (ID: block-1751003317271-0-xq9jll1yx)
    Loop is active: false
    Seeking in progress: false
    Same block ID: true
    Same block name: true
    Current block lines: [0,1,2,3,4,5,6,7]
    New block lines: [0,1,2,3,4,5,6,7]
    Same lines: true
 BlockLoopControl: Calculating time range for block "Block 1" with lines [0,1,2,3,4,5,6,7]
 BlockLoopControl: Available markers count: 49
 BlockLoopControl: Block line range: 0 to 7
 BlockLoopControl: Found start marker for line 0: 53.98s
 BlockLoopControl: Searching for end marker after line 7
 BlockLoopControl: Found end marker (first of next block) for line 8: 74.75s
 BlockLoopControl: Block "Block 1" LOOP BOUNDS: START=53.98s END=74.75s (duration: 20.77s)
 BlockLoopControl: Calculating time range for block "Block 1" with lines [0,1,2,3,4,5,6,7]
 BlockLoopControl: Available markers count: 49
 BlockLoopControl: Block line range: 0 to 7
 BlockLoopControl: Found start marker for line 0: 53.98s
 BlockLoopControl: Searching for end marker after line 7
 BlockLoopControl: Found end marker (first of next block) for line 8: 74.75s
 BlockLoopControl: Block "Block 1" LOOP BOUNDS: START=53.98s END=74.75s (duration: 20.77s)
    Current time range: 53.977s - 74.745s
    New time range: 53.977s - 74.745s
    Time difference: 0.000s
    Same time range: true
 ✅ SAME BLOCK CONFIRMED: Not stopping loop - this is the same block
 Applied style class to lyrics-container: style-live
 BlockLoopControl: Деактивирован
 🛡️ AUTO RECOVERY: System stopped
 [DragBoundary] Деактивация
 [DragBoundary] Деактивирован
 BlockLoopControl: Кнопка удалена, drag boundaries остаются активными
 🚀 Скрываю Живую Ленту
 ✅ Возврат в классический зал
 Initializing LiveMode without camera activation...
 🎨 _hideColorDropdown вызван
 Switching to concert mode
 App: Сохраняем предыдущий режим: live
 Activating concert mode
 Karaoke Background Manager: Stopping slideshow...
 Applying style: Концертный with scale 1.20
 TextStyleManager: Scaled font size from 1.6em to 1.92em
 LyricsDisplay: Setting style to Концертный
 Rendering lyrics. Current style ID: concert
 Rendering standard line [0]: 'I am not a pattern to be followed'
 Rendering standard line [1]: 'The pill that I'm on is a tough one to swallow'
 Rendering standard line [2]: 'I'm not a criminal, not a role model'
 Rendering standard line [3]: 'Not a born leader I'm a tough act to follow'
 Rendering standard line [4]: 'I am not the fortune and the fame'
 Rendering standard line [5]: 'Nor the same person telling you to forfeit the game'
 Rendering standard line [6]: 'I came in the ring like a dog on a chain'
 Rendering standard line [7]: 'And I found out the underbelly's sicker than it seems'
 Rendering standard line [8]: 'And it seems ugly, but it can get worse'
 Rendering standard line [9]: 'use even a blueprint is a gift and a curse'
 Rendering standard line [10]: 'use once you got a theory of how the thing works'
 Rendering standard line [11]: 'Everybody wants the next thing to be just like the first'
 Rendering standard line [12]: 'And I'm not a robot'
 Rendering standard line [13]: 'I'm not a monkey'
 Rendering standard line [14]: 'I will not dance even if the beat's funky'
 Rendering standard line [15]: 'Opposite of lazy, far from a punk'
 Rendering standard line [16]: 'Ya'll ought to stop talking start trying to catch up motherfucker'
 Rendering standard line [17]: 'And all the people say'
 Rendering standard line [18]: 'Try to catch up motherfucker'
 Rendering standard line [19]: 'Lauryn said, money change a situation'
 Rendering standard line [20]: 'Big said, it increase the complication'
 Rendering standard line [21]: 'Kane said, don't step, I ain't the one'
 Rendering standard line [22]: 'Chuck said, that uzi weigh a motherfuckin' ton'
 Rendering standard line [23]: 'And I'm just a student of the game that they taught me'
 Rendering standard line [24]: 'Rockin' every stage in every place that it brought me'
 Rendering standard line [25]: 'I'm awfully underrated, but came here to correct it'
 Rendering standard line [26]: 'And so it ain't mistaken I'ma state it for the record'
 Rendering standard line [27]: 'I am the opposite of wack, opposite of weak'
 Rendering standard line [28]: 'Opposite of slack, synonym of heat'
 Rendering standard line [29]: 'Synonym of crack, closest to a peak'
 Rendering standard line [30]: 'Far from a punk'
 Rendering standard line [31]: 'Ya'll ought to stop talking, start trying to catch up motherfucker'
 Rendering standard line [32]: 'And all the people say'
 Rendering standard line [33]: 'Try to catch up motherfucker'
 Rendering standard line [34]: 'Oh, when they come for me'
 Rendering standard line [35]: 'Come for me'
 Rendering standard line [36]: 'I'll be gone'
 Rendering standard line [37]: 'Oh, when they come for me'
 Rendering standard line [38]: 'Come for me'
 Rendering standard line [39]: 'I'll be gone'
 Rendering standard line [40]: 'Oh, when they come for me'
 Rendering standard line [41]: 'Come for me'
 Rendering standard line [42]: 'I'll be gone'
 Rendering standard line [43]: 'And all the people say'
 Rendering standard line [44]: 'Try to catch up motherfucker'
 Rendering standard line [45]: 'And all the people say'
 Rendering standard line [46]: 'Try to catch up motherfucker'
 Rendering standard line [47]: 'Presten atenciуn todos'
 Rendering standard line [48]: 'Toda la gente preste atenciуn, escъchenme ahora mismo'
 [SETACTIVE] Called with index 7. Current style: concert
 Applied style class to lyrics-container: style-concert
 🚀 Скрываю Живую Ленту
rtf-parser.js:849 ✅ Возврат в классический зал
rtf-parser.js:849 🎨 _hideColorDropdown вызван
rtf-parser.js:849 Switching to live mode
rtf-parser.js:849 App: Сохраняем предыдущий режим: concert
rtf-parser.js:849 Activating live mode
rtf-parser.js:849 Karaoke Background Manager: Stopping slideshow...
rtf-parser.js:849 Applying style: Live with scale 1.00
rtf-parser.js:849 TextStyleManager: Scaled font size from 1.6em to 1.60em
rtf-parser.js:849 LyricsDisplay: Setting style to Live
rtf-parser.js:849 Rendering lyrics. Current style ID: live
rtf-parser.js:849 Rendering standard line [0]: 'I am not a pattern to be followed'
rtf-parser.js:849 Rendering standard line [1]: 'The pill that I'm on is a tough one to swallow'
rtf-parser.js:849 Rendering standard line [2]: 'I'm not a criminal, not a role model'
rtf-parser.js:849 Rendering standard line [3]: 'Not a born leader I'm a tough act to follow'
rtf-parser.js:849 Rendering standard line [4]: 'I am not the fortune and the fame'
rtf-parser.js:849 Rendering standard line [5]: 'Nor the same person telling you to forfeit the game'
rtf-parser.js:849 Rendering standard line [6]: 'I came in the ring like a dog on a chain'
rtf-parser.js:849 Rendering standard line [7]: 'And I found out the underbelly's sicker than it seems'
rtf-parser.js:849 Rendering standard line [8]: 'And it seems ugly, but it can get worse'
rtf-parser.js:849 Rendering standard line [9]: 'use even a blueprint is a gift and a curse'
rtf-parser.js:849 Rendering standard line [10]: 'use once you got a theory of how the thing works'
rtf-parser.js:849 Rendering standard line [11]: 'Everybody wants the next thing to be just like the first'
rtf-parser.js:849 Rendering standard line [12]: 'And I'm not a robot'
rtf-parser.js:849 Rendering standard line [13]: 'I'm not a monkey'
rtf-parser.js:849 Rendering standard line [14]: 'I will not dance even if the beat's funky'
rtf-parser.js:849 Rendering standard line [15]: 'Opposite of lazy, far from a punk'
rtf-parser.js:849 Rendering standard line [16]: 'Ya'll ought to stop talking start trying to catch up motherfucker'
rtf-parser.js:849 Rendering standard line [17]: 'And all the people say'
rtf-parser.js:849 Rendering standard line [18]: 'Try to catch up motherfucker'
rtf-parser.js:849 Rendering standard line [19]: 'Lauryn said, money change a situation'
rtf-parser.js:849 Rendering standard line [20]: 'Big said, it increase the complication'
rtf-parser.js:849 Rendering standard line [21]: 'Kane said, don't step, I ain't the one'
rtf-parser.js:849 Rendering standard line [22]: 'Chuck said, that uzi weigh a motherfuckin' ton'
rtf-parser.js:849 Rendering standard line [23]: 'And I'm just a student of the game that they taught me'
rtf-parser.js:849 Rendering standard line [24]: 'Rockin' every stage in every place that it brought me'
rtf-parser.js:849 Rendering standard line [25]: 'I'm awfully underrated, but came here to correct it'
rtf-parser.js:849 Rendering standard line [26]: 'And so it ain't mistaken I'ma state it for the record'
rtf-parser.js:849 Rendering standard line [27]: 'I am the opposite of wack, opposite of weak'
rtf-parser.js:849 Rendering standard line [28]: 'Opposite of slack, synonym of heat'
rtf-parser.js:849 Rendering standard line [29]: 'Synonym of crack, closest to a peak'
rtf-parser.js:849 Rendering standard line [30]: 'Far from a punk'
rtf-parser.js:849 Rendering standard line [31]: 'Ya'll ought to stop talking, start trying to catch up motherfucker'
rtf-parser.js:849 Rendering standard line [32]: 'And all the people say'
rtf-parser.js:849 Rendering standard line [33]: 'Try to catch up motherfucker'
rtf-parser.js:849 Rendering standard line [34]: 'Oh, when they come for me'
rtf-parser.js:849 Rendering standard line [35]: 'Come for me'
rtf-parser.js:849 Rendering standard line [36]: 'I'll be gone'
rtf-parser.js:849 Rendering standard line [37]: 'Oh, when they come for me'
rtf-parser.js:849 Rendering standard line [38]: 'Come for me'
rtf-parser.js:849 Rendering standard line [39]: 'I'll be gone'
rtf-parser.js:849 Rendering standard line [40]: 'Oh, when they come for me'
rtf-parser.js:849 Rendering standard line [41]: 'Come for me'
rtf-parser.js:849 Rendering standard line [42]: 'I'll be gone'
rtf-parser.js:849 Rendering standard line [43]: 'And all the people say'
rtf-parser.js:849 Rendering standard line [44]: 'Try to catch up motherfucker'
rtf-parser.js:849 Rendering standard line [45]: 'And all the people say'
rtf-parser.js:849 Rendering standard line [46]: 'Try to catch up motherfucker'
rtf-parser.js:849 Rendering standard line [47]: 'Presten atenciуn todos'
rtf-parser.js:849 Rendering standard line [48]: 'Toda la gente preste atenciуn, escъchenme ahora mismo'
rtf-parser.js:849 [SETACTIVE] Called with index 7. Current style: live
rtf-parser.js:849 Applied style class to lyrics-container: style-live
rtf-parser.js:849 🚀 Скрываю Живую Ленту
rtf-parser.js:849 ✅ Возврат в классический зал
rtf-parser.js:849 Initializing LiveMode without camera activation...
rtf-parser.js:849 🎨 _hideColorDropdown вызван
rtf-parser.js:849 Auto-scroll re-enabled after scroll event
rtf-parser.js:849 Key pressed: MetaLeft
rtf-parser.js:849 Key pressed: Meta, key code: 91, waveform active: false
rtf-parser.js:849 Key pressed: ShiftLeft
rtf-parser.js:849 Key pressed: Shift, key code: 16, waveform active: false
rtf-parser.js:849 LoopBlockManager: Shift key pressed, multiple selection mode active
rtf-parser.js:849 LoopBlockManager: Shift key released, multiple selection mode deactivated
rtf-parser.js:849 Key pressed: MetaLeft
rtf-parser.js:849 Key pressed: Meta, key code: 91, waveform active: false
rtf-parser.js:849 Key pressed: AltLeft
rtf-parser.js:849 Key pressed: Alt, key code: 18, waveform active: false
rtf-parser.js:849 Key pressed: KeyJ
rtf-parser.js:849 Key pressed: j, key code: 74, waveform active: false
waveform-editor.js:1458 WaveformEditor: Vocal audio data not available
_drawWaveformData @ waveform-editor.js:1458
