       Line 26: "And so it ain't mistaken I'ma state it for the record"
   Block 6 (6): name="Block 7", lines=[27,28,29,30,31]
     Content preview: "I am the opposite of wack, opposite of weak
Opposite of slack, synonym of heat
Synonym of crack, clo"
       Line 27: "I am the opposite of wack, opposite of weak"
       Line 28: "Opposite of slack, synonym of heat"
       Line 29: "Synonym of crack, closest to a peak"
       Line 30: "Far from a punk"
       Line 31: "Ya'll ought to stop talking, start trying to catch up motherfucker"
   Block 7 (7): name="Block 8", lines=[32]
     Content preview: "And all the people say"
       Line 32: "And all the people say"
   Block 8 (8): name="Block 9", lines=[33]
     Content preview: "Try to catch up motherfucker"
       Line 33: "Try to catch up motherfucker"
   Block 9 (9-part-0): name="Block 10", lines=[34,35,36,37,38]
     Content preview: "Oh, when they come for me
Come for me
I'll be gone"
       Line 34: "Oh, when they come for me"
       Line 35: "Come for me"
       Line 36: "I'll be gone"
       Line 37: "Oh, when they come for me"
       Line 38: "Come for me"
   Block 10 (9-part-1): name="Block 10 (продолжение 2)", lines=[39,40,41,42]
     Content preview: "I'll be gone
Oh, when they come for me
Come for me"
       Line 39: "I'll be gone"
       Line 40: "Oh, when they come for me"
       Line 41: "Come for me"
       Line 42: "I'll be gone"
   Block 11 (10): name="Block 11", lines=[43]
     Content preview: "And all the people say"
       Line 43: "And all the people say"
   Block 12 (11): name="Block 12", lines=[44]
     Content preview: "Try to catch up motherfucker"
       Line 44: "Try to catch up motherfucker"
   Block 13 (12): name="Block 13", lines=[45]
     Content preview: "And all the people say"
       Line 45: "And all the people say"
   Block 14 (13): name="Block 14", lines=[46]
     Content preview: "Try to catch up motherfucker"
       Line 46: "Try to catch up motherfucker"
   Block 15 (14): name="Block 15", lines=[47,48]
     Content preview: "Presten atenciуn todos
Toda la gente preste atenciуn, escъchenme ahora mismo"
       Line 47: "Presten atenciуn todos"
       Line 48: "Toda la gente preste atenciуn, escъchenme ahora mismo"
 Rehearsal: Looking for block containing line 5
   Checking block 0: lineIndices=[0,1,2,3,4,5,6,7]
   ✓ Found! Block 0 contains line 5
 Rehearsal: Found active block at index 0 with lines: Array(8)
 Rehearsal: Active block 0: Object
 >>> FONT_CALC_DEBUG >>> Lines: 8, FontSize: 2.10rem, LineHeight: 2.72rem
 Rehearsal: Activated line 5 in block with transition: none
 Rehearsal: Next block preview for block 1: Object
 Rehearsal: Preview lines: Array(2)
 Rehearsal: Adding preview line 10: "use once you got a theory of how the thing works"
 Rehearsal: Adding preview line 11: "Everybody wants the next thing to be just like the first"
 Rehearsal: Preview container added with 2 lines
 Rehearsal mode: Rendered active block 0 with next block preview
 BlockLoopControl: Обновление для текущего блока
 BlockLoopControl: Calculating time range for block "Block 2" with lines [10,11,8,9]
 BlockLoopControl: Available markers count: 49
 BlockLoopControl: Block line range: 8 to 11
 BlockLoopControl: Found start marker for line 8: 74.75s
 BlockLoopControl: Searching for end marker after line 11
 BlockLoopControl: Found end marker (first of next block) for line 12: 85.25s
 BlockLoopControl: Block "Block 2" LOOP BOUNDS: START=74.75s END=85.25s (duration: 10.51s)
 BlockLoopControl: Calculating time range for block "Block 1" with lines [0,1,2,3,4,5,6,7]
 BlockLoopControl: Available markers count: 49
 BlockLoopControl: Block line range: 0 to 7
 BlockLoopControl: Found start marker for line 0: 53.98s
 BlockLoopControl: Searching for end marker after line 7
 BlockLoopControl: Found end marker (first of next block) for line 8: 74.75s
 BlockLoopControl: Block "Block 1" LOOP BOUNDS: START=53.98s END=74.75s (duration: 20.77s)
 BlockLoopControl: Блок изменился, останавливаем зацикливание
 BlockLoopControl: Текущий блок лупа: Block 2
 BlockLoopControl: Новый активный блок: Block 1
 BlockLoopControl: _createLoopButtonForCurrentBlock called
 BlockLoopControl: lyricsDisplay.currentActiveBlock: Object
 BlockLoopControl: lyricsDisplay.textBlocks: Array(15)
 BlockLoopControl: Создаем кнопку для активного блока репетиции: Block 1
 BlockLoopControl: _createLoopButton called for block: Block 1
 BlockLoopControl: Сохранены пользовательские границы: Object
 BlockLoopControl: Кнопка удалена, drag boundaries остаются активными
 BlockLoopControl: blockElement found: true
 [DragBoundary] Активация для блока: Block 1
 [DragBoundary] Применены переданные границы: Object
 [DragBoundary] Создание интерактивных линий границ
 [DragBoundary] Создана стартовая линия для строки 0
 [DragBoundary] Создана финишная линия для строки 3
 [DragBoundary] Обновлены визуальные состояния. Диапазон: 0-3
 [DragBoundary] Контроллер активирован
 BlockLoopControl: Создана кнопка для блока: Block 1
 BlockLoopControl: Кнопка создана для блока: Block 1
 Rehearsal: Auto-scrolling to active line in large block
 🚫 Блокирована очевидная гармоника: 427.4Hz (2.00x от 213.8Hz, ясность: 85.0%)
 🚫 Блокирована очевидная гармоника: 428.8Hz (2.01x от 213.8Hz, ясность: 87.8%)
 🚫 Блокирована очевидная гармоника: 479.3Hz (2.00x от 240.1Hz, ясность: 87.7%)
 🎯 Высокая ясность (96.6%) - принимаем возможную гармонику: 474.0Hz
 ✅ Октавный переход разрешен: 240.1Hz → 474.0Hz за 52мс (ratio: 1.97)
 🎯 Высокая ясность (91.3%) - принимаем возможную гармонику: 232.4Hz
 🚫 Октавный скачок заблокирован: 469.6Hz → 232.4Hz за 36мс (ratio: 0.49)
 ✅ Октавный переход разрешен: 469.6Hz → 232.0Hz за 49мс (ratio: 0.49)
 ✅ Октавный переход разрешен: 229.3Hz → 472.9Hz за 83мс (ratio: 2.06)
 🚫 Блокирована очевидная гармоника: 238.8Hz (0.51x от 468.2Hz, ясность: 81.6%)
 ✅ Октавный переход разрешен: 468.2Hz → 243.9Hz за 85мс (ratio: 0.52)
 🚫 Блокирована очевидная гармоника: 506.1Hz (1.98x от 255.7Hz, ясность: 84.3%)
 🚫 Блокирована очевидная гармоника: 508.3Hz (1.99x от 255.7Hz, ясность: 82.4%)
 Rehearsal: Line changing from 5 to 6
 Splitting block "Block 10" (9 lines) into 2 parts with ~5 lines each
   Part 1: lines 0-4 (5 lines)
   Part 2: lines 5-8 (4 lines)
 Rehearsal: Current line 5 belongs to block: block-1750956652235-0-gvnye9f93yv Array(8)
 Rehearsal: New line 6 belongs to block: block-1750956652235-0-gvnye9f93yv Array(8)
 Rehearsal: Same block (block-1750956652235-0-gvnye9f93yv), updating active line from 5 to 6
 [SETACTIVE] Called with index 6. Current style: rehearsal
 Rehearsal mode: Setting active line 6
 Activating rehearsal line at index 6
 📡 BLOCK CHANGE EVENT received
    Current loop block: Block 1 (ID: block-1750956652235-0-gvnye9f93yv)
    New active block: Block 1 (ID: block-1750956652235-0-gvnye9f93yv)
    Loop is active: false
    Seeking in progress: false
    Same block ID: true
    Same block name: true
    Current block lines: [0,1,2,3,4,5,6,7]
    New block lines: [0,1,2,3,4,5,6,7]
    Same lines: true
 BlockLoopControl: Calculating time range for block "Block 1" with lines [0,1,2,3,4,5,6,7]
 BlockLoopControl: Available markers count: 49
 BlockLoopControl: Block line range: 0 to 7
 BlockLoopControl: Found start marker for line 0: 53.98s
 BlockLoopControl: Searching for end marker after line 7
 BlockLoopControl: Found end marker (first of next block) for line 8: 74.75s
 BlockLoopControl: Block "Block 1" LOOP BOUNDS: START=53.98s END=74.75s (duration: 20.77s)
 BlockLoopControl: Calculating time range for block "Block 1" with lines [0,1,2,3,4,5,6,7]
 BlockLoopControl: Available markers count: 49
 BlockLoopControl: Block line range: 0 to 7
 BlockLoopControl: Found start marker for line 0: 53.98s
 BlockLoopControl: Searching for end marker after line 7
 BlockLoopControl: Found end marker (first of next block) for line 8: 74.75s
 BlockLoopControl: Block "Block 1" LOOP BOUNDS: START=53.98s END=74.75s (duration: 20.77s)
    Current time range: 53.977s - 74.745s
    New time range: 53.977s - 74.745s
    Time difference: 0.000s
    Same time range: true
 ✅ SAME BLOCK CONFIRMED: Not stopping loop - this is the same block
 ⏰ СИНХРО: Позиция установлена 61.09с
 🎨 _hideColorDropdown вызван
 Rehearsal: Line changing from 6 to 2
 Splitting block "Block 10" (9 lines) into 2 parts with ~5 lines each
   Part 1: lines 0-4 (5 lines)
   Part 2: lines 5-8 (4 lines)
 Rehearsal: Current line 6 belongs to block: block-1750956652235-0-gvnye9f93yv Array(8)
 Rehearsal: New line 2 belongs to block: block-1750956652235-0-gvnye9f93yv Array(8)
 Rehearsal: Same block (block-1750956652235-0-gvnye9f93yv), updating active line from 6 to 2
 [SETACTIVE] Called with index 2. Current style: rehearsal
 Rehearsal mode: Setting active line 2
 Activating rehearsal line at index 2
 📡 BLOCK CHANGE EVENT received
    Current loop block: Block 1 (ID: block-1750956652235-0-gvnye9f93yv)
    New active block: Block 1 (ID: block-1750956652235-0-gvnye9f93yv)
    Loop is active: false
    Seeking in progress: false
    Same block ID: true
    Same block name: true
    Current block lines: [0,1,2,3,4,5,6,7]
    New block lines: [0,1,2,3,4,5,6,7]
    Same lines: true
 BlockLoopControl: Calculating time range for block "Block 1" with lines [0,1,2,3,4,5,6,7]
 BlockLoopControl: Available markers count: 49
 BlockLoopControl: Block line range: 0 to 7
 BlockLoopControl: Found start marker for line 0: 53.98s
 BlockLoopControl: Searching for end marker after line 7
 BlockLoopControl: Found end marker (first of next block) for line 8: 74.75s
 BlockLoopControl: Block "Block 1" LOOP BOUNDS: START=53.98s END=74.75s (duration: 20.77s)
 BlockLoopControl: Calculating time range for block "Block 1" with lines [0,1,2,3,4,5,6,7]
 BlockLoopControl: Available markers count: 49
 BlockLoopControl: Block line range: 0 to 7
 BlockLoopControl: Found start marker for line 0: 53.98s
 BlockLoopControl: Searching for end marker after line 7
 BlockLoopControl: Found end marker (first of next block) for line 8: 74.75s
 BlockLoopControl: Block "Block 1" LOOP BOUNDS: START=53.98s END=74.75s (duration: 20.77s)
    Current time range: 53.977s - 74.745s
    New time range: 53.977s - 74.745s
    Time difference: 0.000s
    Same time range: true
 ✅ SAME BLOCK CONFIRMED: Not stopping loop - this is the same block
 🎯 Высокая ясность (92.4%) - принимаем возможную гармонику: 431.6Hz
 ✅ Октавный переход разрешен: 217.2Hz → 431.6Hz за 74мс (ratio: 1.99)
 🎯 Высокая ясность (94.7%) - принимаем возможную гармонику: 216.2Hz
 ✅ Октавный переход разрешен: 431.4Hz → 216.2Hz за 70мс (ratio: 0.50)
 Rehearsal mode: Auto-returned to top after scroll event
 Rehearsal: Line changing from 2 to 3
 Splitting block "Block 10" (9 lines) into 2 parts with ~5 lines each
   Part 1: lines 0-4 (5 lines)
   Part 2: lines 5-8 (4 lines)
 Rehearsal: Current line 2 belongs to block: block-1750956652235-0-gvnye9f93yv Array(8)
 Rehearsal: New line 3 belongs to block: block-1750956652235-0-gvnye9f93yv Array(8)
 Rehearsal: Same block (block-1750956652235-0-gvnye9f93yv), updating active line from 2 to 3
 [SETACTIVE] Called with index 3. Current style: rehearsal
 Rehearsal mode: Setting active line 3
 Activating rehearsal line at index 3
 📡 BLOCK CHANGE EVENT received
    Current loop block: Block 1 (ID: block-1750956652235-0-gvnye9f93yv)
    New active block: Block 1 (ID: block-1750956652235-0-gvnye9f93yv)
    Loop is active: false
    Seeking in progress: false
    Same block ID: true
    Same block name: true
    Current block lines: [0,1,2,3,4,5,6,7]
    New block lines: [0,1,2,3,4,5,6,7]
    Same lines: true
 BlockLoopControl: Calculating time range for block "Block 1" with lines [0,1,2,3,4,5,6,7]
 BlockLoopControl: Available markers count: 49
 BlockLoopControl: Block line range: 0 to 7
 BlockLoopControl: Found start marker for line 0: 53.98s
 BlockLoopControl: Searching for end marker after line 7
 BlockLoopControl: Found end marker (first of next block) for line 8: 74.75s
 BlockLoopControl: Block "Block 1" LOOP BOUNDS: START=53.98s END=74.75s (duration: 20.77s)
 BlockLoopControl: Calculating time range for block "Block 1" with lines [0,1,2,3,4,5,6,7]
 BlockLoopControl: Available markers count: 49
 BlockLoopControl: Block line range: 0 to 7
 BlockLoopControl: Found start marker for line 0: 53.98s
 BlockLoopControl: Searching for end marker after line 7
 BlockLoopControl: Found end marker (first of next block) for line 8: 74.75s
 BlockLoopControl: Block "Block 1" LOOP BOUNDS: START=53.98s END=74.75s (duration: 20.77s)
    Current time range: 53.977s - 74.745s
    New time range: 53.977s - 74.745s
    Time difference: 0.000s
    Same time range: true
 ✅ SAME BLOCK CONFIRMED: Not stopping loop - this is the same block
 ✅ Октавный переход разрешен: 204.7Hz → 399.9Hz за 59мс (ratio: 1.95)
 ⏰ СИНХРО: Позиция установлена 69.54с
 🎨 _hideColorDropdown вызван
 Rehearsal: Line changing from 3 to 6
 Splitting block "Block 10" (9 lines) into 2 parts with ~5 lines each
   Part 1: lines 0-4 (5 lines)
   Part 2: lines 5-8 (4 lines)
 Rehearsal: Current line 3 belongs to block: block-1750956652235-0-gvnye9f93yv Array(8)
 Rehearsal: New line 6 belongs to block: block-1750956652235-0-gvnye9f93yv Array(8)
 Rehearsal: Same block (block-1750956652235-0-gvnye9f93yv), updating active line from 3 to 6
 [SETACTIVE] Called with index 6. Current style: rehearsal
 Rehearsal mode: Setting active line 6
 Activating rehearsal line at index 6
 📡 BLOCK CHANGE EVENT received
    Current loop block: Block 1 (ID: block-1750956652235-0-gvnye9f93yv)
    New active block: Block 1 (ID: block-1750956652235-0-gvnye9f93yv)
    Loop is active: false
    Seeking in progress: false
    Same block ID: true
    Same block name: true
    Current block lines: [0,1,2,3,4,5,6,7]
    New block lines: [0,1,2,3,4,5,6,7]
    Same lines: true
 BlockLoopControl: Calculating time range for block "Block 1" with lines [0,1,2,3,4,5,6,7]
 BlockLoopControl: Available markers count: 49
 BlockLoopControl: Block line range: 0 to 7
 BlockLoopControl: Found start marker for line 0: 53.98s
 BlockLoopControl: Searching for end marker after line 7
 BlockLoopControl: Found end marker (first of next block) for line 8: 74.75s
 BlockLoopControl: Block "Block 1" LOOP BOUNDS: START=53.98s END=74.75s (duration: 20.77s)
 BlockLoopControl: Calculating time range for block "Block 1" with lines [0,1,2,3,4,5,6,7]
 BlockLoopControl: Available markers count: 49
 BlockLoopControl: Block line range: 0 to 7
 BlockLoopControl: Found start marker for line 0: 53.98s
 BlockLoopControl: Searching for end marker after line 7
 BlockLoopControl: Found end marker (first of next block) for line 8: 74.75s
 BlockLoopControl: Block "Block 1" LOOP BOUNDS: START=53.98s END=74.75s (duration: 20.77s)
    Current time range: 53.977s - 74.745s
    New time range: 53.977s - 74.745s
    Time difference: 0.000s
    Same time range: true
 ✅ SAME BLOCK CONFIRMED: Not stopping loop - this is the same block
 🔇 Глубокая тишина - очистка нот
 🛑 Принудительная остановка всех нот (deep_silence), активных: 1
 🎯 Высокая ясность (92.5%) - принимаем возможную гармонику: 204.8Hz
 Rehearsal mode: Auto-returned to top after scroll event
 ✅ Октавный переход разрешен: 216.3Hz → 424.7Hz за 166мс (ratio: 1.96)
 Rehearsal: Line changing from 6 to 7
 Splitting block "Block 10" (9 lines) into 2 parts with ~5 lines each
   Part 1: lines 0-4 (5 lines)
   Part 2: lines 5-8 (4 lines)
 Rehearsal: Current line 6 belongs to block: block-1750956652235-0-gvnye9f93yv Array(8)
 Rehearsal: New line 7 belongs to block: block-1750956652235-0-gvnye9f93yv Array(8)
 Rehearsal: Same block (block-1750956652235-0-gvnye9f93yv), updating active line from 6 to 7
 [SETACTIVE] Called with index 7. Current style: rehearsal
 Rehearsal mode: Setting active line 7
 Activating rehearsal line at index 7
 📡 BLOCK CHANGE EVENT received
    Current loop block: Block 1 (ID: block-1750956652235-0-gvnye9f93yv)
    New active block: Block 1 (ID: block-1750956652235-0-gvnye9f93yv)
    Loop is active: false
    Seeking in progress: false
    Same block ID: true
    Same block name: true
    Current block lines: [0,1,2,3,4,5,6,7]
    New block lines: [0,1,2,3,4,5,6,7]
    Same lines: true
 BlockLoopControl: Calculating time range for block "Block 1" with lines [0,1,2,3,4,5,6,7]
 BlockLoopControl: Available markers count: 49
 BlockLoopControl: Block line range: 0 to 7
 BlockLoopControl: Found start marker for line 0: 53.98s
 BlockLoopControl: Searching for end marker after line 7
 BlockLoopControl: Found end marker (first of next block) for line 8: 74.75s
 BlockLoopControl: Block "Block 1" LOOP BOUNDS: START=53.98s END=74.75s (duration: 20.77s)
 BlockLoopControl: Calculating time range for block "Block 1" with lines [0,1,2,3,4,5,6,7]
 BlockLoopControl: Available markers count: 49
 BlockLoopControl: Block line range: 0 to 7
 BlockLoopControl: Found start marker for line 0: 53.98s
 BlockLoopControl: Searching for end marker after line 7
 BlockLoopControl: Found end marker (first of next block) for line 8: 74.75s
 BlockLoopControl: Block "Block 1" LOOP BOUNDS: START=53.98s END=74.75s (duration: 20.77s)
    Current time range: 53.977s - 74.745s
    New time range: 53.977s - 74.745s
    Time difference: 0.000s
    Same time range: true
 ✅ SAME BLOCK CONFIRMED: Not stopping loop - this is the same block
 🔇 Глубокая тишина - очистка нот
 🛑 Принудительная остановка всех нот (deep_silence), активных: 1
 🔇 Глубокая тишина - очистка нот
 🛑 Принудительная остановка всех нот (deep_silence), активных: 1
 🔇 Глубокая тишина - очистка нот
 🛑 Принудительная остановка всех нот (deep_silence), активных: 1
 Rehearsal: Line changing from 7 to 8
 Splitting block "Block 10" (9 lines) into 2 parts with ~5 lines each
   Part 1: lines 0-4 (5 lines)
   Part 2: lines 5-8 (4 lines)
 Rehearsal: Current line 7 belongs to block: block-1750956652235-0-gvnye9f93yv Array(8)
 Rehearsal: New line 8 belongs to block: 1 Array(4)
 Rehearsal: *** BLOCK CHANGED *** from block-1750956652235-0-gvnye9f93yv to 1
 Rehearsal: Line changed from 7 to 8
 Rehearsal: Current block lines: Array(8)
 Rehearsal: New block lines: Array(4)
 Splitting block "Block 10" (9 lines) into 2 parts with ~5 lines each
   Part 1: lines 0-4 (5 lines)
   Part 2: lines 5-8 (4 lines)
 Rehearsal: Current line: 8, Total blocks: 16
 Rehearsal: DETAILED Block structure:
   Block 0 (block-1750956652235-0-gvnye9f93yv): name="Block 1", lines=[0,1,2,3,4,5,6,7]
     Content preview: "I am not a pattern to be followed
The pill that I'm on is a tough one to swallow
I'm not a criminal,"
       Line 0: "I am not a pattern to be followed"
       Line 1: "The pill that I'm on is a tough one to swallow"
       Line 2: "I'm not a criminal, not a role model"
       Line 3: "Not a born leader I'm a tough act to follow"
       Line 4: "I am not the fortune and the fame"
       Line 5: "Nor the same person telling you to forfeit the game"
       Line 6: "I came in the ring like a dog on a chain"
       Line 7: "And I found out the underbelly's sicker than it seems"
   Block 1 (1): name="Block 2", lines=[10,11,8,9]
     Content preview: "use once you got a theory of how the thing works
Everybody wants the next thing to be just like the "
       Line 10: "use once you got a theory of how the thing works"
       Line 11: "Everybody wants the next thing to be just like the first"
       Line 8: "And it seems ugly, but it can get worse"
       Line 9: "use even a blueprint is a gift and a curse"
   Block 2 (2): name="Block 3", lines=[12,13,14,15,16]
     Content preview: "And I'm not a robot
I'm not a monkey
I will not dance even if the beat's funky"
       Line 12: "And I'm not a robot"
       Line 13: "I'm not a monkey"
       Line 14: "I will not dance even if the beat's funky"
       Line 15: "Opposite of lazy, far from a punk"
       Line 16: "Ya'll ought to stop talking start trying to catch up motherfucker"
   Block 3 (3): name="Block 4", lines=[17]
     Content preview: "And all the people say"
       Line 17: "And all the people say"
   Block 4 (4): name="Block 5", lines=[18]
     Content preview: "Try to catch up motherfucker"
       Line 18: "Try to catch up motherfucker"
   Block 5 (5): name="Block 6", lines=[19,20,21,22,23,24,25,26]
     Content preview: "Lauryn said, money change a situation
Big said, it increase the complication
Kane said, don't step, "
       Line 19: "Lauryn said, money change a situation"
       Line 20: "Big said, it increase the complication"
       Line 21: "Kane said, don't step, I ain't the one"
       Line 22: "Chuck said, that uzi weigh a motherfuckin' ton"
       Line 23: "And I'm just a student of the game that they taught me"
       Line 24: "Rockin' every stage in every place that it brought me"
       Line 25: "I'm awfully underrated, but came here to correct it"
       Line 26: "And so it ain't mistaken I'ma state it for the record"
   Block 6 (6): name="Block 7", lines=[27,28,29,30,31]
     Content preview: "I am the opposite of wack, opposite of weak
Opposite of slack, synonym of heat
Synonym of crack, clo"
       Line 27: "I am the opposite of wack, opposite of weak"
       Line 28: "Opposite of slack, synonym of heat"
       Line 29: "Synonym of crack, closest to a peak"
       Line 30: "Far from a punk"
       Line 31: "Ya'll ought to stop talking, start trying to catch up motherfucker"
   Block 7 (7): name="Block 8", lines=[32]
     Content preview: "And all the people say"
       Line 32: "And all the people say"
   Block 8 (8): name="Block 9", lines=[33]
     Content preview: "Try to catch up motherfucker"
       Line 33: "Try to catch up motherfucker"
   Block 9 (9-part-0): name="Block 10", lines=[34,35,36,37,38]
     Content preview: "Oh, when they come for me
Come for me
I'll be gone"
       Line 34: "Oh, when they come for me"
       Line 35: "Come for me"
       Line 36: "I'll be gone"
       Line 37: "Oh, when they come for me"
       Line 38: "Come for me"
   Block 10 (9-part-1): name="Block 10 (продолжение 2)", lines=[39,40,41,42]
     Content preview: "I'll be gone
Oh, when they come for me
Come for me"
       Line 39: "I'll be gone"
       Line 40: "Oh, when they come for me"
       Line 41: "Come for me"
       Line 42: "I'll be gone"
   Block 11 (10): name="Block 11", lines=[43]
     Content preview: "And all the people say"
       Line 43: "And all the people say"
   Block 12 (11): name="Block 12", lines=[44]
     Content preview: "Try to catch up motherfucker"
       Line 44: "Try to catch up motherfucker"
   Block 13 (12): name="Block 13", lines=[45]
     Content preview: "And all the people say"
       Line 45: "And all the people say"
   Block 14 (13): name="Block 14", lines=[46]
     Content preview: "Try to catch up motherfucker"
       Line 46: "Try to catch up motherfucker"
   Block 15 (14): name="Block 15", lines=[47,48]
     Content preview: "Presten atenciуn todos
Toda la gente preste atenciуn, escъchenme ahora mismo"
       Line 47: "Presten atenciуn todos"
       Line 48: "Toda la gente preste atenciуn, escъchenme ahora mismo"
 Rehearsal: Looking for block containing line 8
   Checking block 0: lineIndices=[0,1,2,3,4,5,6,7]
   ✗ Block 0 does NOT contain line 8
   Checking block 1: lineIndices=[10,11,8,9]
   ✓ Found! Block 1 contains line 8
 Rehearsal: Found active block at index 1 with lines: Array(4)
 Rehearsal: Active block 1: Object
 >>> FONT_CALC_DEBUG >>> Lines: 4, FontSize: 2.66rem, LineHeight: 3.23rem
 Rehearsal: Activated line 8 in block with transition: none
 Rehearsal: Next block preview for block 2: Object
 Rehearsal: Preview lines: Array(2)
 Rehearsal: Adding preview line 12: "And I'm not a robot"
 Rehearsal: Adding preview line 13: "I'm not a monkey"
 Rehearsal: Preview container added with 2 lines
 Rehearsal mode: Rendered active block 1 with next block preview
 BlockLoopControl: Обновление для текущего блока
 BlockLoopControl: Calculating time range for block "Block 1" with lines [0,1,2,3,4,5,6,7]
 BlockLoopControl: Available markers count: 49
 BlockLoopControl: Block line range: 0 to 7
 BlockLoopControl: Found start marker for line 0: 53.98s
 BlockLoopControl: Searching for end marker after line 7
 BlockLoopControl: Found end marker (first of next block) for line 8: 74.75s
 BlockLoopControl: Block "Block 1" LOOP BOUNDS: START=53.98s END=74.75s (duration: 20.77s)
 BlockLoopControl: Calculating time range for block "Block 2" with lines [10,11,8,9]
 BlockLoopControl: Available markers count: 49
 BlockLoopControl: Block line range: 8 to 11
 BlockLoopControl: Found start marker for line 8: 74.75s
 BlockLoopControl: Searching for end marker after line 11
 BlockLoopControl: Found end marker (first of next block) for line 12: 85.25s
 BlockLoopControl: Block "Block 2" LOOP BOUNDS: START=74.75s END=85.25s (duration: 10.51s)
 BlockLoopControl: Блок изменился, останавливаем зацикливание
 BlockLoopControl: Текущий блок лупа: Block 1
 BlockLoopControl: Новый активный блок: Block 2
 BlockLoopControl: _createLoopButtonForCurrentBlock called
 BlockLoopControl: lyricsDisplay.currentActiveBlock: Object
 BlockLoopControl: lyricsDisplay.textBlocks: Array(15)
 BlockLoopControl: Создаем кнопку для активного блока репетиции: Block 2
 BlockLoopControl: _createLoopButton called for block: Block 2
 BlockLoopControl: Сохранены пользовательские границы: Object
 BlockLoopControl: Кнопка удалена, drag boundaries остаются активными
 BlockLoopControl: blockElement found: true
 [DragBoundary] Активация для блока: Block 2
 [DragBoundary] Применены переданные границы: Object
 [DragBoundary] Создание интерактивных линий границ
 [DragBoundary] Обновлены визуальные состояния. Диапазон: 0-3
 [DragBoundary] Контроллер активирован
 BlockLoopControl: Создана кнопка для блока: Block 2
 BlockLoopControl: Кнопка создана для блока: Block 2
 🔇 Глубокая тишина - очистка нот
 🛑 Принудительная остановка всех нот (deep_silence), активных: 1
 🚫 Блокирована очевидная гармоника: 431.7Hz (1.98x от 217.7Hz, ясность: 88.8%)
 🚫 Блокирована очевидная гармоника: 435.0Hz (2.00x от 217.7Hz, ясность: 79.9%)
 🔇 Глубокая тишина - очистка нот
 🛑 Принудительная остановка всех нот (deep_silence), активных: 1
 Key pressed: Space
 Space bar pressed, toggling playback
 ⏸️ ИНСТРУМЕНТАЛ: Пауза
 ⏸️ ВОКАЛ: Пауза
 isPlaying property set to: false
 Key pressed:  , key code: 32, waveform active: false
 🔍 Статический анализ: 386.0Hz (65.2%)
 🔍 Статический анализ: 386.0Hz (65.2%)
 🚫 Октавный скачок заблокирован: 386.0Hz → 180.8Hz за 36мс (ratio: 0.47)
 Key pressed: ShiftLeft
 Key pressed: Shift, key code: 16, waveform active: false
 LoopBlockManager: Shift key pressed, multiple selection mode active
 Key pressed: MetaLeft
 Key pressed: Meta, key code: 91, waveform active: false
 LoopBlockManager: Shift key released, multiple selection mode deactivated
 BlockLoopControl: Запуск зацикливания блока: Block 2
 🎯 USING USER BOUNDARIES: Lines 0-3 = 53.98s-64.53s
 BlockLoopControl: Временные границы лупа: 53.98s - 64.53s
 BlockLoopControl: Зацикливание установлено, воспроизведение продолжается без прерывания
 BlockLoopControl: Добавлена оранжевая окантовка блока
 BlockLoopControl: Зацикливание активно 53.97683974339682s - 64.52744988258497s (без прерывания воспроизведения)
 🎨 _hideColorDropdown вызван
 🚨 LOOP END REACHED at 76.102s (threshold: 64.477s)
     Time since last jump: Infinitys
     Jump allowed: true (min interval: 1.5s)
     Currently seeking: false
 🎯 JUMP TARGET VALIDATION:
     Target time: 53.977s
     Target line: 0
     Current block lines: [10,11,8,9]
     Block contains target: false
 ⚠️ JUMP TARGET OUTSIDE BLOCK: Adjusting to block start
handleTimeUpdate @ block-loop-control.js:620
 🔧 ADJUSTED TARGET: 74.745s (line 8)
 🔄 EXECUTING LOOP JUMP: 76.102s → 74.745s (target: 74.760s)
 🔒 SEEK STARTED: isSeekingInProgress = true
    Executing setCurrentTime(74.760)
    Time before seek: 76.102s
 ⏰ СИНХРО: Позиция установлена 74.76с
 🔒 LOOP CHECKS BLOCKED: Seek in progress for 49ms
 🔒 LOOP CHECKS BLOCKED: Seek in progress for 93ms
 🔒 LOOP CHECKS BLOCKED: Seek in progress for 142ms
 🔒 LOOP CHECKS BLOCKED: Seek in progress for 196ms
 🔒 LOOP CHECKS BLOCKED: Seek in progress for 242ms
 🔒 LOOP CHECKS BLOCKED: Seek in progress for 293ms
 🔒 LOOP CHECKS BLOCKED: Seek in progress for 343ms
 🔒 LOOP CHECKS BLOCKED: Seek in progress for 393ms
 🔒 LOOP CHECKS BLOCKED: Seek in progress for 442ms
 🔒 LOOP CHECKS BLOCKED: Seek in progress for 492ms
 ⚠️ SEEK TIMEOUT: Forcing isSeekingInProgress = false after 500ms
(анонимная) @ block-loop-control.js:643
 🔍 LOOP DIAGNOSTIC #1110:
      Current: 74.760s
      Loop Range: 74.745s - 64.527s
      End Threshold: 64.477s
      Time Since Last Jump: 0.537s
      Audio State: paused
 🚨 LOOP END REACHED at 74.760s (threshold: 64.477s)
     Time since last jump: 0.5s
     Jump allowed: false (min interval: 1.5s)
     Currently seeking: false
 ⏳ JUMP SUPPRESSED: Too soon since last jump (0.5s < 1.5s)
 🚨 POTENTIAL CASCADE FAILURE: Playback 10.2s beyond loop end
handleTimeUpdate @ block-loop-control.js:665
    This suggests the jump suppression is causing the loop to fail
handleTimeUpdate @ block-loop-control.js:666
 🚨 LOOP END REACHED at 74.760s (threshold: 64.477s)
     Time since last jump: 0.6s
     Jump allowed: false (min interval: 1.5s)
     Currently seeking: false
 ⏳ JUMP SUPPRESSED: Too soon since last jump (0.6s < 1.5s)
 🚨 POTENTIAL CASCADE FAILURE: Playback 10.2s beyond loop end
handleTimeUpdate @ block-loop-control.js:665
    This suggests the jump suppression is causing the loop to fail
handleTimeUpdate @ block-loop-control.js:666
 🚨 AUTO RECOVERY: Loop is active but we're far beyond its boundaries!
    Current time: 74.760s
    Loop end: 64.527s
    Distance beyond: 10.2s
 🛑 AUTO RECOVERY: Stopping broken loop
 BlockLoopControl: Остановка зацикливания
 BlockLoopControl: Зацикливание остановлено, drag boundaries остаются активными
 BlockLoopControl: Запуск зацикливания блока: Block 2
 🎯 USING USER BOUNDARIES: Lines 0-3 = 53.98s-64.53s
 BlockLoopControl: Временные границы лупа: 53.98s - 64.53s
 BlockLoopControl: Зацикливание установлено, воспроизведение продолжается без прерывания
 BlockLoopControl: Добавлена оранжевая окантовка блока
 BlockLoopControl: Зацикливание активно 53.97683974339682s - 64.52744988258497s (без прерывания воспроизведения)
 🎨 _hideColorDropdown вызван
 🚨 LOOP END REACHED at 74.760s (threshold: 64.477s)
     Time since last jump: Infinitys
     Jump allowed: true (min interval: 1.5s)
     Currently seeking: false
 🎯 JUMP TARGET VALIDATION:
     Target time: 53.977s
     Target line: 0
     Current block lines: [10,11,8,9]
     Block contains target: false
 ⚠️ JUMP TARGET OUTSIDE BLOCK: Adjusting to block start
handleTimeUpdate @ block-loop-control.js:620
 🔧 ADJUSTED TARGET: 74.745s (line 8)
 🔄 EXECUTING LOOP JUMP: 74.760s → 74.745s (target: 74.760s)
 🔒 SEEK STARTED: isSeekingInProgress = true
    Executing setCurrentTime(74.760)
    Time before seek: 74.760s
 ⏰ СИНХРО: Позиция установлена 74.76с
 🔒 LOOP CHECKS BLOCKED: Seek in progress for 38ms
 🔒 LOOP CHECKS BLOCKED: Seek in progress for 95ms
 🔒 LOOP CHECKS BLOCKED: Seek in progress for 142ms
 🔒 LOOP CHECKS BLOCKED: Seek in progress for 196ms
 🔒 LOOP CHECKS BLOCKED: Seek in progress for 238ms
 🔒 LOOP CHECKS BLOCKED: Seek in progress for 305ms
 🔒 LOOP CHECKS BLOCKED: Seek in progress for 364ms
 🔒 LOOP CHECKS BLOCKED: Seek in progress for 401ms
 🔒 LOOP CHECKS BLOCKED: Seek in progress for 444ms
 🔒 LOOP CHECKS BLOCKED: Seek in progress for 509ms
 ⚠️ SEEK TIMEOUT: Forcing isSeekingInProgress = false after 500ms
(анонимная) @ block-loop-control.js:643
 🚨 LOOP END REACHED at 74.760s (threshold: 64.477s)
     Time since last jump: 0.6s
     Jump allowed: false (min interval: 1.5s)
     Currently seeking: false
 ⏳ JUMP SUPPRESSED: Too soon since last jump (0.6s < 1.5s)
 🚨 POTENTIAL CASCADE FAILURE: Playback 10.2s beyond loop end
handleTimeUpdate @ block-loop-control.js:665
    This suggests the jump suppression is causing the loop to fail
handleTimeUpdate @ block-loop-control.js:666
 🚨 LOOP END REACHED at 74.760s (threshold: 64.477s)
     Time since last jump: 0.6s
     Jump allowed: false (min interval: 1.5s)
     Currently seeking: false
 ⏳ JUMP SUPPRESSED: Too soon since last jump (0.6s < 1.5s)
 🚨 POTENTIAL CASCADE FAILURE: Playback 10.2s beyond loop end
handleTimeUpdate @ block-loop-control.js:665
    This suggests the jump suppression is causing the loop to fail
handleTimeUpdate @ block-loop-control.js:666
 🚨 AUTO RECOVERY: Loop is active but we're far beyond its boundaries!
    Current time: 74.760s
    Loop end: 64.527s
    Distance beyond: 10.2s
 🛑 AUTO RECOVERY: Stopping broken loop
 BlockLoopControl: Остановка зацикливания
 BlockLoopControl: Зацикливание остановлено, drag boundaries остаются активными
 BlockLoopControl: Запуск зацикливания блока: Block 2
 🎯 USING USER BOUNDARIES: Lines 0-3 = 53.98s-64.53s
 BlockLoopControl: Временные границы лупа: 53.98s - 64.53s
 BlockLoopControl: Зацикливание установлено, воспроизведение продолжается без прерывания
 BlockLoopControl: Добавлена оранжевая окантовка блока
 BlockLoopControl: Зацикливание активно 53.97683974339682s - 64.52744988258497s (без прерывания воспроизведения)
 🎨 _hideColorDropdown вызван
 🚨 LOOP END REACHED at 74.760s (threshold: 64.477s)
     Time since last jump: Infinitys
     Jump allowed: true (min interval: 1.5s)
     Currently seeking: false
 🎯 JUMP TARGET VALIDATION:
     Target time: 53.977s
     Target line: 0
     Current block lines: [10,11,8,9]
     Block contains target: false
 ⚠️ JUMP TARGET OUTSIDE BLOCK: Adjusting to block start
handleTimeUpdate @ block-loop-control.js:620
 🔧 ADJUSTED TARGET: 74.745s (line 8)
 🔄 EXECUTING LOOP JUMP: 74.760s → 74.745s (target: 74.760s)
 🔒 SEEK STARTED: isSeekingInProgress = true
    Executing setCurrentTime(74.760)
    Time before seek: 74.760s
 ⏰ СИНХРО: Позиция установлена 74.76с
 🔒 LOOP CHECKS BLOCKED: Seek in progress for 48ms
 🔒 LOOP CHECKS BLOCKED: Seek in progress for 105ms
 🔒 LOOP CHECKS BLOCKED: Seek in progress for 160ms
 🔒 LOOP CHECKS BLOCKED: Seek in progress for 191ms
 🔒 LOOP CHECKS BLOCKED: Seek in progress for 243ms
 🔒 LOOP CHECKS BLOCKED: Seek in progress for 299ms
 🔒 LOOP CHECKS BLOCKED: Seek in progress for 346ms
 Key pressed: ShiftLeft
 Key pressed: Shift, key code: 16, waveform active: false
 LoopBlockManager: Shift key pressed, multiple selection mode active
 Key pressed: MetaLeft
 Key pressed: Meta, key code: 91, waveform active: false
 🔒 LOOP CHECKS BLOCKED: Seek in progress for 450ms
 🔒 LOOP CHECKS BLOCKED: Seek in progress for 497ms
 ⚠️ SEEK TIMEOUT: Forcing isSeekingInProgress = false after 500ms
(анонимная) @ block-loop-control.js:643
 🚨 LOOP END REACHED at 74.760s (threshold: 64.477s)
     Time since last jump: 0.6s
     Jump allowed: false (min interval: 1.5s)
     Currently seeking: false
 ⏳ JUMP SUPPRESSED: Too soon since last jump (0.6s < 1.5s)
 🚨 POTENTIAL CASCADE FAILURE: Playback 10.2s beyond loop end
handleTimeUpdate @ block-loop-control.js:665
    This suggests the jump suppression is causing the loop to fail
handleTimeUpdate @ block-loop-control.js:666
 🚨 LOOP END REACHED at 74.760s (threshold: 64.477s)
     Time since last jump: 0.6s
     Jump allowed: false (min interval: 1.5s)
     Currently seeking: false
 ⏳ JUMP SUPPRESSED: Too soon since last jump (0.6s < 1.5s)
 🚨 POTENTIAL CASCADE FAILURE: Playback 10.2s beyond loop end
handleTimeUpdate @ block-loop-control.js:665
    This suggests the jump suppression is causing the loop to fail
handleTimeUpdate @ block-loop-control.js:666
 🚨 LOOP END REACHED at 74.760s (threshold: 64.477s)
     Time since last jump: 0.6s
     Jump allowed: false (min interval: 1.5s)
     Currently seeking: false
 ⏳ JUMP SUPPRESSED: Too soon since last jump (0.6s < 1.5s)
 🚨 POTENTIAL CASCADE FAILURE: Playback 10.2s beyond loop end
handleTimeUpdate @ block-loop-control.js:665
    This suggests the jump suppression is causing the loop to fail
handleTimeUpdate @ block-loop-control.js:666
 🚨 LOOP END REACHED at 74.760s (threshold: 64.477s)
     Time since last jump: 0.7s
     Jump allowed: false (min interval: 1.5s)
     Currently seeking: false
 ⏳ JUMP SUPPRESSED: Too soon since last jump (0.7s < 1.5s)
 🚨 POTENTIAL CASCADE FAILURE: Playback 10.2s beyond loop end
handleTimeUpdate @ block-loop-control.js:665
    This suggests the jump suppression is causing the loop to fail
handleTimeUpdate @ block-loop-control.js:666
 🔍 LOOP DIAGNOSTIC #1140:
      Current: 74.760s
      Loop Range: 74.745s - 64.527s
      End Threshold: 64.477s
      Time Since Last Jump: 0.743s
      Audio State: paused
 🚨 LOOP END REACHED at 74.760s (threshold: 64.477s)
     Time since last jump: 0.7s
     Jump allowed: false (min interval: 1.5s)
     Currently seeking: false
 ⏳ JUMP SUPPRESSED: Too soon since last jump (0.7s < 1.5s)
 🚨 POTENTIAL CASCADE FAILURE: Playback 10.2s beyond loop end
handleTimeUpdate @ block-loop-control.js:665
    This suggests the jump suppression is causing the loop to fail
handleTimeUpdate @ block-loop-control.js:666
 LoopBlockManager: Shift key released, multiple selection mode deactivated
 🚨 LOOP END REACHED at 74.760s (threshold: 64.477s)
     Time since last jump: 0.8s
     Jump allowed: false (min interval: 1.5s)
     Currently seeking: false
 ⏳ JUMP SUPPRESSED: Too soon since last jump (0.8s < 1.5s)
 🚨 POTENTIAL CASCADE FAILURE: Playback 10.2s beyond loop end
handleTimeUpdate @ block-loop-control.js:665
    This suggests the jump suppression is causing the loop to fail
handleTimeUpdate @ block-loop-control.js:666
 🚨 LOOP END REACHED at 74.760s (threshold: 64.477s)
     Time since last jump: 0.8s
     Jump allowed: false (min interval: 1.5s)
     Currently seeking: false
 ⏳ JUMP SUPPRESSED: Too soon since last jump (0.8s < 1.5s)
 🚨 POTENTIAL CASCADE FAILURE: Playback 10.2s beyond loop end
handleTimeUpdate @ block-loop-control.js:665
    This suggests the jump suppression is causing the loop to fail
handleTimeUpdate @ block-loop-control.js:666
 🚨 LOOP END REACHED at 74.760s (threshold: 64.477s)
     Time since last jump: 0.9s
     Jump allowed: false (min interval: 1.5s)
     Currently seeking: false
 ⏳ JUMP SUPPRESSED: Too soon since last jump (0.9s < 1.5s)
 🚨 POTENTIAL CASCADE FAILURE: Playback 10.2s beyond loop end
handleTimeUpdate @ block-loop-control.js:665
    This suggests the jump suppression is causing the loop to fail
handleTimeUpdate @ block-loop-control.js:666
 🚨 LOOP END REACHED at 74.760s (threshold: 64.477s)
     Time since last jump: 0.9s
     Jump allowed: false (min interval: 1.5s)
     Currently seeking: false
 ⏳ JUMP SUPPRESSED: Too soon since last jump (0.9s < 1.5s)
 🚨 POTENTIAL CASCADE FAILURE: Playback 10.2s beyond loop end
handleTimeUpdate @ block-loop-control.js:665
    This suggests the jump suppression is causing the loop to fail
handleTimeUpdate @ block-loop-control.js:666
 🚨 LOOP END REACHED at 74.760s (threshold: 64.477s)
     Time since last jump: 1.0s
     Jump allowed: false (min interval: 1.5s)
     Currently seeking: false
 ⏳ JUMP SUPPRESSED: Too soon since last jump (1.0s < 1.5s)
 🚨 POTENTIAL CASCADE FAILURE: Playback 10.2s beyond loop end
handleTimeUpdate @ block-loop-control.js:665
    This suggests the jump suppression is causing the loop to fail
handleTimeUpdate @ block-loop-control.js:666
 🚨 LOOP END REACHED at 74.760s (threshold: 64.477s)
     Time since last jump: 1.1s
     Jump allowed: false (min interval: 1.5s)
     Currently seeking: false
 ⏳ JUMP SUPPRESSED: Too soon since last jump (1.1s < 1.5s)
 🚨 POTENTIAL CASCADE FAILURE: Playback 10.2s beyond loop end
handleTimeUpdate @ block-loop-control.js:665
    This suggests the jump suppression is causing the loop to fail
handleTimeUpdate @ block-loop-control.js:666
 🚨 LOOP END REACHED at 74.760s (threshold: 64.477s)
     Time since last jump: 1.1s
     Jump allowed: false (min interval: 1.5s)
     Currently seeking: false
 ⏳ JUMP SUPPRESSED: Too soon since last jump (1.1s < 1.5s)
 🚨 POTENTIAL CASCADE FAILURE: Playback 10.2s beyond loop end
handleTimeUpdate @ block-loop-control.js:665
    This suggests the jump suppression is causing the loop to fail
handleTimeUpdate @ block-loop-control.js:666
 🚨 LOOP END REACHED at 74.760s (threshold: 64.477s)
     Time since last jump: 1.1s
     Jump allowed: false (min interval: 1.5s)
     Currently seeking: false
 ⏳ JUMP SUPPRESSED: Too soon since last jump (1.1s < 1.5s)
 🚨 POTENTIAL CASCADE FAILURE: Playback 10.2s beyond loop end
handleTimeUpdate @ block-loop-control.js:665
    This suggests the jump suppression is causing the loop to fail
handleTimeUpdate @ block-loop-control.js:666
 🚨 LOOP END REACHED at 74.760s (threshold: 64.477s)
     Time since last jump: 1.2s
     Jump allowed: false (min interval: 1.5s)
     Currently seeking: false
 ⏳ JUMP SUPPRESSED: Too soon since last jump (1.2s < 1.5s)
 🚨 POTENTIAL CASCADE FAILURE: Playback 10.2s beyond loop end
handleTimeUpdate @ block-loop-control.js:665
    This suggests the jump suppression is causing the loop to fail
handleTimeUpdate @ block-loop-control.js:666
 🔍 LOOP DIAGNOSTIC #1150:
      Current: 74.760s
      Loop Range: 74.745s - 64.527s
      End Threshold: 64.477s
      Time Since Last Jump: 1.241s
      Audio State: paused
 🚨 LOOP END REACHED at 74.760s (threshold: 64.477s)
     Time since last jump: 1.2s
     Jump allowed: false (min interval: 1.5s)
     Currently seeking: false
 ⏳ JUMP SUPPRESSED: Too soon since last jump (1.2s < 1.5s)
 🚨 POTENTIAL CASCADE FAILURE: Playback 10.2s beyond loop end
handleTimeUpdate @ block-loop-control.js:665
    This suggests the jump suppression is causing the loop to fail
handleTimeUpdate @ block-loop-control.js:666
 🚨 LOOP END REACHED at 74.760s (threshold: 64.477s)
     Time since last jump: 1.3s
     Jump allowed: false (min interval: 1.5s)
     Currently seeking: false
 ⏳ JUMP SUPPRESSED: Too soon since last jump (1.3s < 1.5s)
 🚨 POTENTIAL CASCADE FAILURE: Playback 10.2s beyond loop end
handleTimeUpdate @ block-loop-control.js:665
    This suggests the jump suppression is causing the loop to fail
handleTimeUpdate @ block-loop-control.js:666
 🚨 LOOP END REACHED at 74.760s (threshold: 64.477s)
     Time since last jump: 1.3s
     Jump allowed: false (min interval: 1.5s)
     Currently seeking: false
 ⏳ JUMP SUPPRESSED: Too soon since last jump (1.3s < 1.5s)
 🚨 POTENTIAL CASCADE FAILURE: Playback 10.2s beyond loop end
handleTimeUpdate @ block-loop-control.js:665
    This suggests the jump suppression is causing the loop to fail
handleTimeUpdate @ block-loop-control.js:666
 🚨 LOOP END REACHED at 74.760s (threshold: 64.477s)
     Time since last jump: 1.4s
     Jump allowed: false (min interval: 1.5s)
     Currently seeking: false
 ⏳ JUMP SUPPRESSED: Too soon since last jump (1.4s < 1.5s)
 🚨 POTENTIAL CASCADE FAILURE: Playback 10.2s beyond loop end
handleTimeUpdate @ block-loop-control.js:665
    This suggests the jump suppression is causing the loop to fail
handleTimeUpdate @ block-loop-control.js:666
 🚨 LOOP END REACHED at 74.760s (threshold: 64.477s)
     Time since last jump: 1.5s
     Jump allowed: false (min interval: 1.5s)
     Currently seeking: false
 ⏳ JUMP SUPPRESSED: Too soon since last jump (1.5s < 1.5s)
 🚨 POTENTIAL CASCADE FAILURE: Playback 10.2s beyond loop end
handleTimeUpdate @ block-loop-control.js:665
    This suggests the jump suppression is causing the loop to fail
handleTimeUpdate @ block-loop-control.js:666
 🚨 LOOP END REACHED at 74.760s (threshold: 64.477s)
     Time since last jump: 1.5s
     Jump allowed: true (min interval: 1.5s)
     Currently seeking: false
 🎯 JUMP TARGET VALIDATION:
     Target time: 74.745s
     Target line: 8
     Current block lines: [10,11,8,9]
     Block contains target: true
 🔄 EXECUTING LOOP JUMP: 74.760s → 74.745s (target: 74.760s)
 🔒 SEEK STARTED: isSeekingInProgress = true
    Executing setCurrentTime(74.760)
    Time before seek: 74.760s
 ⏰ СИНХРО: Позиция установлена 74.76с
 🔒 LOOP CHECKS BLOCKED: Seek in progress for 49ms
 🔒 LOOP CHECKS BLOCKED: Seek in progress for 102ms
 🔒 LOOP CHECKS BLOCKED: Seek in progress for 153ms
 🔒 LOOP CHECKS BLOCKED: Seek in progress for 199ms
 🔒 LOOP CHECKS BLOCKED: Seek in progress for 249ms
 🔒 LOOP CHECKS BLOCKED: Seek in progress for 298ms
 🔒 LOOP CHECKS BLOCKED: Seek in progress for 349ms
 🔒 LOOP CHECKS BLOCKED: Seek in progress for 434ms
 🔒 LOOP CHECKS BLOCKED: Seek in progress for 468ms
 🔒 LOOP CHECKS BLOCKED: Seek in progress for 500ms
 ⚠️ SEEK TIMEOUT: Forcing isSeekingInProgress = false after 500ms
(анонимная) @ block-loop-control.js:643
 🚨 LOOP END REACHED at 74.760s (threshold: 64.477s)
     Time since last jump: 0.5s
     Jump allowed: false (min interval: 1.5s)
     Currently seeking: false
 ⏳ JUMP SUPPRESSED: Too soon since last jump (0.5s < 1.5s)
 🚨 POTENTIAL CASCADE FAILURE: Playback 10.2s beyond loop end
handleTimeUpdate @ block-loop-control.js:665
    This suggests the jump suppression is causing the loop to fail
handleTimeUpdate @ block-loop-control.js:666
 🚨 LOOP END REACHED at 74.760s (threshold: 64.477s)
     Time since last jump: 0.6s
     Jump allowed: false (min interval: 1.5s)
     Currently seeking: false
 ⏳ JUMP SUPPRESSED: Too soon since last jump (0.6s < 1.5s)
 🚨 POTENTIAL CASCADE FAILURE: Playback 10.2s beyond loop end
handleTimeUpdate @ block-loop-control.js:665
    This suggests the jump suppression is causing the loop to fail
handleTimeUpdate @ block-loop-control.js:666
 🚨 LOOP END REACHED at 74.760s (threshold: 64.477s)
     Time since last jump: 0.7s
     Jump allowed: false (min interval: 1.5s)
     Currently seeking: false
 ⏳ JUMP SUPPRESSED: Too soon since last jump (0.7s < 1.5s)
 🚨 POTENTIAL CASCADE FAILURE: Playback 10.2s beyond loop end
handleTimeUpdate @ block-loop-control.js:665
    This suggests the jump suppression is causing the loop to fail
handleTimeUpdate @ block-loop-control.js:666
 🚨 LOOP END REACHED at 74.760s (threshold: 64.477s)
     Time since last jump: 0.7s
     Jump allowed: false (min interval: 1.5s)
     Currently seeking: false
 ⏳ JUMP SUPPRESSED: Too soon since last jump (0.7s < 1.5s)
 🚨 POTENTIAL CASCADE FAILURE: Playback 10.2s beyond loop end
handleTimeUpdate @ block-loop-control.js:665
    This suggests the jump suppression is causing the loop to fail
handleTimeUpdate @ block-loop-control.js:666
 🔍 LOOP DIAGNOSTIC #1170:
      Current: 74.760s
      Loop Range: 74.745s - 64.527s
      End Threshold: 64.477s
      Time Since Last Jump: 0.758s
      Audio State: paused
 🚨 LOOP END REACHED at 74.760s (threshold: 64.477s)
     Time since last jump: 0.8s
     Jump allowed: false (min interval: 1.5s)
     Currently seeking: false
 ⏳ JUMP SUPPRESSED: Too soon since last jump (0.8s < 1.5s)
 🚨 POTENTIAL CASCADE FAILURE: Playback 10.2s beyond loop end
handleTimeUpdate @ block-loop-control.js:665
    This suggests the jump suppression is causing the loop to fail
handleTimeUpdate @ block-loop-control.js:666
 🚨 LOOP END REACHED at 74.760s (threshold: 64.477s)
     Time since last jump: 0.8s
     Jump allowed: false (min interval: 1.5s)
     Currently seeking: false
 ⏳ JUMP SUPPRESSED: Too soon since last jump (0.8s < 1.5s)
 🚨 POTENTIAL CASCADE FAILURE: Playback 10.2s beyond loop end
handleTimeUpdate @ block-loop-control.js:665
    This suggests the jump suppression is causing the loop to fail
handleTimeUpdate @ block-loop-control.js:666
 🚨 LOOP END REACHED at 74.760s (threshold: 64.477s)
     Time since last jump: 0.9s
     Jump allowed: false (min interval: 1.5s)
     Currently seeking: false
 ⏳ JUMP SUPPRESSED: Too soon since last jump (0.9s < 1.5s)
 🚨 POTENTIAL CASCADE FAILURE: Playback 10.2s beyond loop end
handleTimeUpdate @ block-loop-control.js:665
    This suggests the jump suppression is causing the loop to fail
handleTimeUpdate @ block-loop-control.js:666
 🚨 LOOP END REACHED at 74.760s (threshold: 64.477s)
     Time since last jump: 0.9s
     Jump allowed: false (min interval: 1.5s)
     Currently seeking: false
 ⏳ JUMP SUPPRESSED: Too soon since last jump (0.9s < 1.5s)
 🚨 POTENTIAL CASCADE FAILURE: Playback 10.2s beyond loop end
handleTimeUpdate @ block-loop-control.js:665
    This suggests the jump suppression is causing the loop to fail
handleTimeUpdate @ block-loop-control.js:666
 🚨 LOOP END REACHED at 74.760s (threshold: 64.477s)
     Time since last jump: 1.0s
     Jump allowed: false (min interval: 1.5s)
     Currently seeking: false
 ⏳ JUMP SUPPRESSED: Too soon since last jump (1.0s < 1.5s)
 🚨 POTENTIAL CASCADE FAILURE: Playback 10.2s beyond loop end
handleTimeUpdate @ block-loop-control.js:665
    This suggests the jump suppression is causing the loop to fail
handleTimeUpdate @ block-loop-control.js:666
 🚨 LOOP END REACHED at 74.760s (threshold: 64.477s)
     Time since last jump: 1.0s
     Jump allowed: false (min interval: 1.5s)
     Currently seeking: false
 ⏳ JUMP SUPPRESSED: Too soon since last jump (1.0s < 1.5s)
 🚨 POTENTIAL CASCADE FAILURE: Playback 10.2s beyond loop end
handleTimeUpdate @ block-loop-control.js:665
    This suggests the jump suppression is causing the loop to fail
handleTimeUpdate @ block-loop-control.js:666
 🚨 LOOP END REACHED at 74.760s (threshold: 64.477s)
     Time since last jump: 1.1s
     Jump allowed: false (min interval: 1.5s)
     Currently seeking: false
 ⏳ JUMP SUPPRESSED: Too soon since last jump (1.1s < 1.5s)
 🚨 POTENTIAL CASCADE FAILURE: Playback 10.2s beyond loop end
handleTimeUpdate @ block-loop-control.js:665
    This suggests the jump suppression is causing the loop to fail
handleTimeUpdate @ block-loop-control.js:666
 🚨 LOOP END REACHED at 74.760s (threshold: 64.477s)
     Time since last jump: 1.2s
     Jump allowed: false (min interval: 1.5s)
     Currently seeking: false
 ⏳ JUMP SUPPRESSED: Too soon since last jump (1.2s < 1.5s)
 🚨 POTENTIAL CASCADE FAILURE: Playback 10.2s beyond loop end
handleTimeUpdate @ block-loop-control.js:665
    This suggests the jump suppression is causing the loop to fail
handleTimeUpdate @ block-loop-control.js:666
 🚨 LOOP END REACHED at 74.760s (threshold: 64.477s)
     Time since last jump: 1.2s
     Jump allowed: false (min interval: 1.5s)
     Currently seeking: false
 ⏳ JUMP SUPPRESSED: Too soon since last jump (1.2s < 1.5s)
 🚨 POTENTIAL CASCADE FAILURE: Playback 10.2s beyond loop end
handleTimeUpdate @ block-loop-control.js:665
    This suggests the jump suppression is causing the loop to fail
handleTimeUpdate @ block-loop-control.js:666
 🚨 LOOP END REACHED at 74.760s (threshold: 64.477s)
     Time since last jump: 1.3s
     Jump allowed: false (min interval: 1.5s)
     Currently seeking: false
 ⏳ JUMP SUPPRESSED: Too soon since last jump (1.3s < 1.5s)
 🚨 POTENTIAL CASCADE FAILURE: Playback 10.2s beyond loop end
handleTimeUpdate @ block-loop-control.js:665
    This suggests the jump suppression is causing the loop to fail
handleTimeUpdate @ block-loop-control.js:666
 🔍 LOOP DIAGNOSTIC #1180:
      Current: 74.760s
      Loop Range: 74.745s - 64.527s
      End Threshold: 64.477s
      Time Since Last Jump: 1.307s
      Audio State: paused
rtf-parser.js:849 🚨 LOOP END REACHED at 74.760s (threshold: 64.477s)
rtf-parser.js:849     Time since last jump: 1.3s
rtf-parser.js:849     Jump allowed: false (min interval: 1.5s)
rtf-parser.js:849     Currently seeking: false
rtf-parser.js:849 ⏳ JUMP SUPPRESSED: Too soon since last jump (1.3s < 1.5s)
block-loop-control.js:665 🚨 POTENTIAL CASCADE FAILURE: Playback 10.2s beyond loop end
handleTimeUpdate @ block-loop-control.js:665
block-loop-control.js:666    This suggests the jump suppression is causing the loop to fail
handleTimeUpdate @ block-loop-control.js:666
rtf-parser.js:849 🚨 LOOP END REACHED at 74.760s (threshold: 64.477s)
rtf-parser.js:849     Time since last jump: 1.3s
rtf-parser.js:849     Jump allowed: false (min interval: 1.5s)
rtf-parser.js:849     Currently seeking: false
rtf-parser.js:849 ⏳ JUMP SUPPRESSED: Too soon since last jump (1.3s < 1.5s)
block-loop-control.js:665 🚨 POTENTIAL CASCADE FAILURE: Playback 10.2s beyond loop end
handleTimeUpdate @ block-loop-control.js:665
block-loop-control.js:666    This suggests the jump suppression is causing the loop to fail
handleTimeUpdate @ block-loop-control.js:666
rtf-parser.js:849 🚨 LOOP END REACHED at 74.760s (threshold: 64.477s)
rtf-parser.js:849     Time since last jump: 1.4s
rtf-parser.js:849     Jump allowed: false (min interval: 1.5s)
rtf-parser.js:849     Currently seeking: false
rtf-parser.js:849 ⏳ JUMP SUPPRESSED: Too soon since last jump (1.4s < 1.5s)
block-loop-control.js:665 🚨 POTENTIAL CASCADE FAILURE: Playback 10.2s beyond loop end
handleTimeUpdate @ block-loop-control.js:665
block-loop-control.js:666    This suggests the jump suppression is causing the loop to fail
handleTimeUpdate @ block-loop-control.js:666
rtf-parser.js:849 🚨 LOOP END REACHED at 74.760s (threshold: 64.477s)
rtf-parser.js:849     Time since last jump: 1.4s
rtf-parser.js:849     Jump allowed: false (min interval: 1.5s)
rtf-parser.js:849     Currently seeking: false
rtf-parser.js:849 ⏳ JUMP SUPPRESSED: Too soon since last jump (1.4s < 1.5s)
block-loop-control.js:665 🚨 POTENTIAL CASCADE FAILURE: Playback 10.2s beyond loop end
handleTimeUpdate @ block-loop-control.js:665
block-loop-control.js:666    This suggests the jump suppression is causing the loop to fail
handleTimeUpdate @ block-loop-control.js:666
rtf-parser.js:849 🚨 LOOP END REACHED at 74.760s (threshold: 64.477s)
rtf-parser.js:849     Time since last jump: 1.5s
rtf-parser.js:849     Jump allowed: false (min interval: 1.5s)
rtf-parser.js:849     Currently seeking: false
rtf-parser.js:849 ⏳ JUMP SUPPRESSED: Too soon since last jump (1.5s < 1.5s)
block-loop-control.js:665 🚨 POTENTIAL CASCADE FAILURE: Playback 10.2s beyond loop end
handleTimeUpdate @ block-loop-control.js:665
block-loop-control.js:666    This suggests the jump suppression is causing the loop to fail
handleTimeUpdate @ block-loop-control.js:666
rtf-parser.js:849 🚨 LOOP END REACHED at 74.760s (threshold: 64.477s)
rtf-parser.js:849     Time since last jump: 1.5s
rtf-parser.js:849     Jump allowed: true (min interval: 1.5s)
rtf-parser.js:849     Currently seeking: false
rtf-parser.js:849 🎯 JUMP TARGET VALIDATION:
rtf-parser.js:849     Target time: 74.745s
rtf-parser.js:849     Target line: 8
rtf-parser.js:849     Current block lines: [10,11,8,9]
rtf-parser.js:849     Block contains target: true
rtf-parser.js:849 🔄 EXECUTING LOOP JUMP: 74.760s → 74.745s (target: 74.760s)
rtf-parser.js:849 🔒 SEEK STARTED: isSeekingInProgress = true
rtf-parser.js:849    Executing setCurrentTime(74.760)
rtf-parser.js:849    Time before seek: 74.760s
rtf-parser.js:849 ⏰ СИНХРО: Позиция установлена 74.76с
rtf-parser.js:849 🔒 LOOP CHECKS BLOCKED: Seek in progress for 34ms
rtf-parser.js:849 🔒 LOOP CHECKS BLOCKED: Seek in progress for 88ms
rtf-parser.js:849 🔒 LOOP CHECKS BLOCKED: Seek in progress for 133ms
rtf-parser.js:849 🔒 LOOP CHECKS BLOCKED: Seek in progress for 257ms
rtf-parser.js:849 🔒 LOOP CHECKS BLOCKED: Seek in progress for 290ms
rtf-parser.js:849 🔒 LOOP CHECKS BLOCKED: Seek in progress for 405ms
rtf-parser.js:849 🔒 LOOP CHECKS BLOCKED: Seek in progress for 461ms
rtf-parser.js:849 🔒 LOOP CHECKS BLOCKED: Seek in progress for 504ms
block-loop-control.js:643 ⚠️ SEEK TIMEOUT: Forcing isSeekingInProgress = false after 500ms
(анонимная) @ block-loop-control.js:643
rtf-parser.js:849 🚨 LOOP END REACHED at 74.760s (threshold: 64.477s)
rtf-parser.js:849     Time since last jump: 0.6s
rtf-parser.js:849     Jump allowed: false (min interval: 1.5s)
rtf-parser.js:849     Currently seeking: false
rtf-parser.js:849 ⏳ JUMP SUPPRESSED: Too soon since last jump (0.6s < 1.5s)
block-loop-control.js:665 🚨 POTENTIAL CASCADE FAILURE: Playback 10.2s beyond loop end
handleTimeUpdate @ block-loop-control.js:665
block-loop-control.js:666    This suggests the jump suppression is causing the loop to fail
handleTimeUpdate @ block-loop-control.js:666
rtf-parser.js:849 🚨 AUTO RECOVERY: Loop is active but we're far beyond its boundaries!
rtf-parser.js:849    Current time: 74.760s
rtf-parser.js:849    Loop end: 64.527s
rtf-parser.js:849    Distance beyond: 10.2s
rtf-parser.js:849 🛑 AUTO RECOVERY: Stopping broken loop
rtf-parser.js:849 BlockLoopControl: Остановка зацикливания
rtf-parser.js:849 BlockLoopControl: Зацикливание остановлено, drag boundaries остаются активными
rtf-parser.js:849 Key pressed: MetaLeft
rtf-parser.js:849 Key pressed: Meta, key code: 91, waveform active: false
rtf-parser.js:849 Key pressed: AltLeft
rtf-parser.js:849 Key pressed: Alt, key code: 18, waveform active: false
rtf-parser.js:849 Key pressed: KeyJ
rtf-parser.js:849 Key pressed: j, key code: 74, waveform active: false
waveform-editor.js:1458 WaveformEditor: Vocal audio data not available
_drawWaveformData @ waveform-editor.js:1458
rtf-parser.js:849 ✅ AUTO RECOVERY: Loop health OK (check #1200)
rtf-parser.js:849    Loop active: false
rtf-parser.js:849    Current time: 74.8s
