 🔧 DEBUG_CONFIG загружен. Используйте toggleDebugLogs(true) для включения логов
 📦 Utils module loaded
 StateManager initialized
 📦 StateManager module loaded
 🚀 AudioEngine (Hybrid Engine) - Гибридная архитектура восстановлена
 Space bar handler attached
 LyricsDisplay initialized
 RtfParserAdapter: Инициализация
 - EnhancedRtfProcessor доступен: true
 - Стандартный RtfParser доступен: true
 TrackCatalog initialized
 MarkerManager initialized
 WaveformEditor loaded
 WaveformEditor initialized
 TrackCatalog: _finalizeUploadFromBlockEditor CALLED - should be obsolete now.
 BlockLoopControl: Класс загружен
 RTF Parser Integration: Инициализация интеграции улучшенного RTF-парсера (после определения объекта)
 RTF Parser Integration: Начало интеграции
 RTF Parser Integration: TrackCatalog уже использует RtfParserAdapter если он доступен
 RTF Parser Integration: Интеграция завершена успешно
 🎹 Инициализация клавиатуры...
 LiveFeed module loaded (placeholder)
 Загружено 5 треков из базы данных
 Проверка треков завершена успешно, проблем не обнаружено
 ✅ Pitchy библиотека загружена в beLive
 LiveMode: Автоматическая инициализация при загрузке документа
 LiveMode: Создание нового экземпляра
 LiveMode: Маски инициализированы без использования изображений
 LiveMode: getUserMedia поддерживается: true
 LiveMode: Безопасный контекст: true
 LiveMode: Определен localhost, разрешен HTTP
 LiveMode: Метод toggleStreaming не найден и не может быть привязан
(анонимная) @ live-mode.js:521
 LiveMode: Базовая инициализация завершена
 LiveMode: Предварительная инициализация камеры...
 LiveMode: экземпляр создан
 LiveFeed initialized
 DOM content loaded, waiting for components
 Application fully loaded, components initialized
 ✅ Pitchy готов для точной детекции
 🎹 Кнопка найдена
 🔗 Настройка интеграции для точной детекции...
 🎤 Статус для точной детекции: false
 🎯 КАЛИБРОВКА: A4 = 440.00Hz (должно быть 440.00Hz)
 🎹 Создано 48 клавиш для точной детекции
 🎹 Piano Keyboard инициализирован
 All components ready, initializing app...
 Initializing beLive App
 WordAlignerV2 not found, creating placeholder
App @ app.js:45
 LyricsDisplay: Setting style to Стандартный
 Rendering lyrics. Current style ID: default
 Applied style 'Стандартный'
 TextStyleManager: Проверка доступности LiveMode...
 TextStyleManager: Класс LiveMode найден, предварительная инициализация камеры...
 TextStyleManager: LiveMode уже инициализирован
 TextStyleManager initialized with 8 styles and 29 total transitions
 Text style manager initialized
 Initializing Microphone UI...
 Microphone UI initialized using existing DOM elements.
 LoopBlockManager: Checking audio initialization...
 LoopBlockManager: Audio buffer or context not available (check 0)
_checkAudioAndInitialize @ loopblock-manager.js:137
 LoopBlockManager: Initializing sync listeners
 LoopBlockManager: progressBarContainer found - width: 1050px, height: 10px, overflow: visible
 LoopBlockManager: progressBarContainer offsetWidth: 1050, offsetHeight: 10
 LoopBlockManager: progressBarContainer children: 3
 LoopBlockManager: Child 0: progress-bar-loaded, display: block, zIndex: 1
 LoopBlockManager: Child 1: progress-bar, display: block, zIndex: 2
 LoopBlockManager: Child 2: progress-tooltip, display: block, zIndex: 10
 LoopBlockManager initialized
 LoopBlockManager component ready
 BlockLoopControl: Инициализирован
 BlockLoopControl component ready
 🎭 MaskSystem: Инициализация продвинутой системы масок
 🎭 MaskSystem: Конструктор завершен
 🎭 MaskSystem создан
 🎭 MaskSystem component ready
 Initializing LoopBlock controls
 Audio not fully loaded yet, setting up delayed initialization
 🎭 MaskSystem: Обработчик кнопки подключен
 🚀 Инициализация Живой Ленты
 ✅ Живая Лента инициализирована
 🚀 Показываю Живую Ленту
 ✅ Живая Лента активирована
 beLive App initialized
 App initialized successfully
 🎭 MediaPipe: Начинаем загрузку библиотек...
 🎭 MediaPipe: Ожидание загрузки библиотек...
 🎭 MediaPipe: Все библиотеки загружены успешно
 🎭 MaskSystem: Официальный MediaPipe FaceMesh готов
 🏃 MaskSystem: MediaPipe Pose готов
 ✋ MaskSystem: MediaPipe Hands готов
 🤖 MaskSystem: MediaPipe Holistic готов
 🎨 MaskSystem: MediaPipe Selfie Segmentation готов
 🎭 MaskSystem: MediaPipe готов к использованию
 🎯 Background Effects Engine v2.0 инициализирован
 🔄 Инициализация Background Effects Engine...
 ✅ Background Effects Engine готов
 🎤 Запуск ТОЧНОГО анализа вокальной дорожки...
 🔊 Инициализация аудио для точной детекции...
 ✅ Используем audioEngine.audioContext
 ✅ Pitchy детектор готов для точной работы
 ✅ Подключен к ВОКАЛЬНОМУ узлу: GainNode
 ✅ ТОЧНЫЙ анализ запущен
 LiveMode: Запуск предварительной инициализации камеры
 LiveMode: Предварительная инициализация камеры...
 LoopBlockManager: Проверка доступности аудио (попытка 2/5)
 LiveMode: Доступ к камере получен при предварительной инициализации
 LiveMode: Получено 1 видеотреков. Активный: FaceTime HD Camera
 LiveMode: Предварительная инициализация камеры успешно завершена
 LoopBlockManager: Проверка доступности аудио (попытка 3/5)
 🎯 Начальная калибровка системы...
 🎯 ===== ЗАПУСК КАЛИБРОВОЧНЫХ ТЕСТОВ ПИТЧА =====
 📋 Тестируем расчет частот:
 ✅ C4: рассчитано=261.63Hz, ожидается=261.63Hz, ошибка=0.002%
 ✅ D4: рассчитано=293.66Hz, ожидается=293.66Hz, ошибка=0.002%
 ✅ E4: рассчитано=329.63Hz, ожидается=329.63Hz, ошибка=0.001%
 ✅ F4: рассчитано=349.23Hz, ожидается=349.23Hz, ошибка=0.001%
 ✅ G4: рассчитано=392.00Hz, ожидается=392Hz, ошибка=0.001%
 🎯 КАЛИБРОВКА: A4 = 440.00Hz (должно быть 440.00Hz)
 ✅ A4: рассчитано=440.00Hz, ожидается=440Hz, ошибка=0.000%
 ✅ B4: рассчитано=493.88Hz, ожидается=493.88Hz, ошибка=0.001%
 📋 Тестируем обратное преобразование:
 ✅ 261.63Hz → обнаружено="C4", ожидается="C4"
 ✅ 293.66Hz → обнаружено="D4", ожидается="D4"
 ✅ 329.63Hz → обнаружено="E4", ожидается="E4"
 ✅ 349.23Hz → обнаружено="F4", ожидается="F4"
 ✅ 392Hz → обнаружено="G4", ожидается="G4"
 ✅ 440Hz → обнаружено="A4", ожидается="A4"
 ✅ 493.88Hz → обнаружено="B4", ожидается="B4"
 📊 РЕЗУЛЬТАТЫ КАЛИБРОВКИ:
    Пройдено тестов: 14/14
    Процент успеха: 100.0%
    Средняя ошибка: 0.001%
 🎯 ✅ КАЛИБРОВКА ПИТЧА ПРОШЛА УСПЕШНО!
 🎯 ===== КАЛИБРОВОЧНЫЕ ТЕСТЫ ЗАВЕРШЕНЫ =====
 LiveMode: Доступ к камере получен при предварительной инициализации
 LiveMode: Получено 1 видеотреков. Активный: FaceTime HD Camera
 LiveMode: Предварительная инициализация камеры успешно завершена
 LiveMode: Предварительная инициализация камеры успешна
 🚀 Быстрый переход в режим: karaoke
 Switching to karaoke mode
 App: Сохраняем предыдущий режим: default
 Activating karaoke mode
 Karaoke Background Manager: Starting slideshow...
 Applying style: Караоке with scale 1.20
 TextStyleManager: Scaled font size from 1.4em to 1.68em
 LyricsDisplay: Setting style to Караоке
 [KARAOKE] DOM not found or empty in _renderLyrics, creating it.
 TextStyleManager: Scaled font size from 1.4em to 1.68em
 Applied style class to lyrics-container: style-karaoke
 🚀 Скрываю Живую Ленту
 ✅ Возврат в классический зал
 ✅ Karaoke Background Manager: SUCCESSFULLY set background to Karaoke/pexels-katriengrevendonck-2101487.jpg
 LoopBlockManager: Аудио не загружено после 5 попыток. Для работы функций зацикливания необходимо загрузить аудиофайл.
_checkAudioAgain @ loopblock-manager.js:219
 TrackCatalog: openCatalog() called
 TrackCatalog: catalogContainer exists: true
 TrackCatalog: catalogContainer classes before: hidden
 TrackCatalog: catalogContainer classes after: 
 TrackCatalog: Catalog should now be visible
 🔄 Loading track: "Linkin Park-Lying From You [-]"
 🔄 StateManager: Starting HARD RESET of all components
 1. Resetting AudioEngine...
 AudioEngine: Starting reset...
 isPlaying property set to: false
 ⏹️ ГИБРИД: Остановлен и сброшен
 🧹 СПРИНТЕР: Ресурсы очищены
 AudioEngine: Reset completed successfully
 ✅ AudioEngine reset complete
 2. Resetting LyricsDisplay...
 💥 LyricsDisplay: Performing full reset.
 ✅ LyricsDisplay: Full reset complete. All lyric data and DOM elements cleared.
 ✅ LyricsDisplay full reset complete
 3. Resetting TextStyleManager...
 💥 TextStyleManager: Full reset initiated.
 ✅ TextStyleManager: Reset complete. All states and caches cleared.
 ✅ TextStyleManager reset complete.
 🎉 StateManager: HARD RESET completed successfully
 ✅ All components ready for new track
 ⏱️ HARD_RESET_TIME: 3.036865234375 ms
 TrackCatalog: Set waveformEditor.lastLoadedFile to Linkin Park-Lying From You.rtf
 TrackCatalog: Set waveformEditor.currentTrackId to 1750296242318
 TrackCatalog: Found 11 blocks. Preparing them for rendering after audio load.
 LyricsDisplay: Loading 11 imported blocks.
 Block 0 loaded: id="block-1750358768744-0-31zt1jnr2k3", name="Block 1", lines=4
 Block 1 loaded: id="1", name="Block 2", lines=4
 Block 2 loaded: id="2", name="Block 3", lines=11
 Block 3 loaded: id="3", name="Block 4", lines=4
 Block 4 loaded: id="4", name="Block 5", lines=4
 Block 5 loaded: id="5", name="Block 6", lines=11
 Block 6 loaded: id="6", name="Block 7", lines=3
 Block 7 loaded: id="7", name="Block 8", lines=3
 Block 8 loaded: id="8", name="Block 9", lines=3
 Block 9 loaded: id="9", name="Block 10", lines=3
 Block 10 loaded: id="10", name="Block 11", lines=12
 LyricsDisplay: Skipping render as requested by shouldRender=false
 LyricsDisplay: Successfully loaded 11 blocks, total lyric lines: 62.
 LyricsDisplay: Updated marker colors after loading blocks
 ⏱️ LYRICS_PREPARE_TIME: 12.525146484375 ms
 ⏱️ BLOB_CREATION_TIME: 88.047119140625 ms
 🚀 ГИБРИД: Загрузка двойного потока
 isPlaying property set to: false
 ⏹️ ГИБРИД: Остановлен и сброшен
 🎚️ МАСТЕР: Создание микшированной дорожки...
 🎚️ МАСТЕР: Инструментал URL: blob:null/5b74ed5e-932b-4351-b147-505d2f98ff75...
 🎚️ МАСТЕР: Вокал URL: blob:null/cbb78d94-397e-49a3-8400-5146304b27de...
 🎚️ МАСТЕР: Загружаем аудиофайлы...
 🎚️ МАСТЕР: Конвертируем в ArrayBuffer...
 🎚️ МАСТЕР: Инструментал размер: 6913089 байт
 🎚️ МАСТЕР: Вокал размер: 6913089 байт
 🎚️ МАСТЕР: Декодируем аудиоданные...
 ✅ ИНСТРУМЕНТАЛ ГОТОВ! Длительность: 172.75с
 ⏱️ HYBRID_ENGINE_LOAD_TIME: 362.382080078125 ms
 🎯 ГИБРИД: Рассинхронизация устранена!
 🚀 Скрываю Живую Ленту
 ✅ Возврат в классический зал
 Applying style: Караоке with scale 1.20
 TextStyleManager: Scaled font size from 1.4em to 1.68em
 LyricsDisplay: Setting style to Караоке
 [KARAOKE] DOM not found or empty in _renderLyrics, creating it.
 TextStyleManager: Scaled font size from 1.4em to 1.68em
 Track loaded event detected, initializing LoopBlockManager CustomEvent
 LoopBlockManager already initialized
 ⏱️ AUDIO_LOAD_TIME: 374.0791015625 ms
 Loading 19 markers for track Linkin Park-Lying From You [-]
 Validating 19 markers for 62 lyric lines
 Kept 19 valid markers out of 19
 🚀 Скрываю Живую Ленту
 ✅ Возврат в классический зал
 Applying style: Караоке with scale 1.20
 TextStyleManager: Scaled font size from 1.4em to 1.68em
 LyricsDisplay: Setting style to Караоке
 TextStyleManager: Scaled font size from 1.4em to 1.68em
 Track loaded event detected, initializing LoopBlockManager CustomEvent
 LoopBlockManager already initialized
 🎵 АВТОПЛЕЙ: Запуск воспроизведения...
 ✅ Track "Linkin Park-Lying From You [-]" loaded successfully
 ✅ ВОКАЛ ГОТОВ! Длительность: 172.75с
 🎤 ВОКАЛ ПОДКЛЮЧЕН к аудио-контексту
 Audio ready detected via timer, initializing LoopBlockManager
 LoopBlockManager already initialized
 🎨 StateManager: Forcing text rerender in current mode
 🎤 Karaoke mode detected, should work correctly
 ⏱️ FINAL_RENDER_TIME: 355.868896484375 ms
 ⏱️ TOTAL_TRACK_LOAD_TIME: 838.072021484375 ms
 ▶️ ИНСТРУМЕНТАЛ: Воспроизведение начато
 🎤 ВОКАЛ: Синхронизирован и воспроизводится
 isPlaying property set to: true
 ✅ АВТОПЛЕЙ: Воспроизведение начато успешно
 APP: Создаем вокальный URL для синхронизации трека: Linkin Park-Lying From You [-]
 WaveformEditor: Starting high-fidelity audio load for sync: blob:null/2a6b84ef-7701-419e-aaba-006e3d16c731
 🎚️ МАСТЕР: Инструментал - каналов: 2, длина: 7618364, частота: 44100Hz
 🎚️ МАСТЕР: Вокал - каналов: 2, длина: 7618364, частота: 44100Hz
 🎚️ МАСТЕР: Создан буфер - каналов: 2, длина: 7618364
 🎚️ МАСТЕР: Начинаем микширование каналов...
 🎚️ МАСТЕР: Микширование завершено, конвертируем в blob...
 🎚️ МАСТЕР: Микшированная дорожка создана! URL: blob:null/6381310d-0f05-47ff-a3db-61df2442ccc1...
 🎚️ МАСТЕР: Размер blob: 30473500 байт
 🎚️ МАСТЕР: Обновляем URL после создания микшированной дорожки
 🎚️ МАСТЕР URL обновлен: blob:null/6381310d-0f05-47ff-a3db-61df2442ccc1...
 WaveformEditor: High-fidelity audio loaded successfully. Duration: 172.75s
 APP: Аудио для WaveformEditor загружено, открываем редактор.
 Sync Editor: Stored original style "karaoke" and scale 1.2. Applying "default" editor style and 0.8 scale.
 Applying style: Стандартный with scale 1.00
 TextStyleManager: Scaled font size from 1.8em to 1.80em
 LyricsDisplay: Setting style to Стандартный
 Rendering lyrics. Current style ID: default
 Rendering standard line [0]: 'When I pretend, everything is what I want it to be'
 Rendering standard line [1]: 'I look exactly like what you had always wanted to see'
 Rendering standard line [2]: 'When I pretend, I can forget about the criminal I am'
 Rendering standard line [3]: 'Stealing second after second just 'cause I know I can'
 Rendering standard line [4]: 'But I can't pretend this is the way it'll stay'
 Rendering standard line [5]: 'I'm just (trying to bend the truth)'
 Rendering standard line [6]: 'I can't pretend I'm who you want me to be'
 Rendering standard line [7]: 'So I'm (lying my way from you)'
 Rendering standard line [8]: 'You'
 Rendering standard line [9]: '(No turning back now)'
 Rendering standard line [10]: 'I wanna be pushed aside, so, let me go'
 Rendering standard line [11]: '(No, no turning back now)'
 Rendering standard line [12]: 'Let me take back my life'
 Rendering standard line [13]: 'I'd rather be all alone'
 Rendering standard line [14]: '(No turning back now)'
 Rendering standard line [15]: 'Anywhere on my own'
 Rendering standard line [16]: ''Cause I can see'
 Rendering standard line [17]: '(No, no turning back now)'
 Rendering standard line [18]: 'The very worst part of you is me'
 Rendering standard line [19]: 'I remember what they taught to me'
 Rendering standard line [20]: 'Remember condescending talk of who I ought to be'
 Rendering standard line [21]: 'Remember listening to all of that and this again'
 Rendering standard line [22]: 'So I pretended up a person who was fittin' in'
 Rendering standard line [23]: 'And now you think this person really is me'
 Rendering standard line [24]: 'And I'm (trying to bend the truth)'
 Rendering standard line [25]: 'But the more I push the more I'm pulling away'
 Rendering standard line [26]: ''Cause I'm (lying my way from you)'
 Rendering standard line [27]: 'You'
 Rendering standard line [28]: '(No turning back now)'
 Rendering standard line [29]: 'I wanna be pushed aside, so, let me go'
 Rendering standard line [30]: '(No, no turning back now)'
 Rendering standard line [31]: 'Let me take back my life'
 Rendering standard line [32]: 'I'd rather be all alone'
 Rendering standard line [33]: '(No turning back now)'
 Rendering standard line [34]: 'Anywhere on my own'
 Rendering standard line [35]: ''Cause I can see'
 Rendering standard line [36]: '(No, no turning back now)'
 Rendering standard line [37]: 'The very worst part of you is me'
 Rendering standard line [38]: 'This isn't what I wanted to be'
 Rendering standard line [39]: 'I never thought that what I said would have you running from me'
 Rendering standard line [40]: 'Like this'
 Rendering standard line [41]: 'This isn't what I wanted to be'
 Rendering standard line [42]: 'I never thought that what I said would have you running from me'
 Rendering standard line [43]: 'Like this'
 Rendering standard line [44]: 'This isn't what I wanted to be'
 Rendering standard line [45]: 'I never thought that what I said would have you running from me'
 Rendering standard line [46]: 'Like this'
 Rendering standard line [47]: 'This isn't what I wanted to be'
 Rendering standard line [48]: 'I never thought that what I said would have you running from me'
 Rendering standard line [49]: 'Like this'
 Rendering standard line [50]: 'You'
 Rendering standard line [51]: '(No turning back now)'
 Rendering standard line [52]: 'I wanna be pushed aside, so, let me go'
 Rendering standard line [53]: '(No, no turning back now)'
 Rendering standard line [54]: 'Let me take back my life'
 Rendering standard line [55]: 'I'd rather be all alone'
 Rendering standard line [56]: '(No turning back now)'
 Rendering standard line [57]: 'Anywhere on my own'
 Rendering standard line [58]: ''Cause I can see'
 Rendering standard line [59]: '(No, no turning back now)'
 Rendering standard line [60]: 'The very worst part of you'
 Rendering standard line [61]: 'The very worst part of you is me'
 TextStyleManager: Font scale for default set to 0.80
 Applying style: Стандартный with scale 0.80
 TextStyleManager: Scaled font size from 1.8em to 1.44em
 LyricsDisplay: Setting style to Стандартный
 Rendering lyrics. Current style ID: default
 Rendering standard line [0]: 'When I pretend, everything is what I want it to be'
 Rendering standard line [1]: 'I look exactly like what you had always wanted to see'
 Rendering standard line [2]: 'When I pretend, I can forget about the criminal I am'
 Rendering standard line [3]: 'Stealing second after second just 'cause I know I can'
 Rendering standard line [4]: 'But I can't pretend this is the way it'll stay'
 Rendering standard line [5]: 'I'm just (trying to bend the truth)'
 Rendering standard line [6]: 'I can't pretend I'm who you want me to be'
 Rendering standard line [7]: 'So I'm (lying my way from you)'
 Rendering standard line [8]: 'You'
 Rendering standard line [9]: '(No turning back now)'
 Rendering standard line [10]: 'I wanna be pushed aside, so, let me go'
 Rendering standard line [11]: '(No, no turning back now)'
 Rendering standard line [12]: 'Let me take back my life'
 Rendering standard line [13]: 'I'd rather be all alone'
 Rendering standard line [14]: '(No turning back now)'
 Rendering standard line [15]: 'Anywhere on my own'
 Rendering standard line [16]: ''Cause I can see'
 Rendering standard line [17]: '(No, no turning back now)'
 Rendering standard line [18]: 'The very worst part of you is me'
 Rendering standard line [19]: 'I remember what they taught to me'
 Rendering standard line [20]: 'Remember condescending talk of who I ought to be'
 Rendering standard line [21]: 'Remember listening to all of that and this again'
 Rendering standard line [22]: 'So I pretended up a person who was fittin' in'
 Rendering standard line [23]: 'And now you think this person really is me'
 Rendering standard line [24]: 'And I'm (trying to bend the truth)'
 Rendering standard line [25]: 'But the more I push the more I'm pulling away'
 Rendering standard line [26]: ''Cause I'm (lying my way from you)'
 Rendering standard line [27]: 'You'
 Rendering standard line [28]: '(No turning back now)'
 Rendering standard line [29]: 'I wanna be pushed aside, so, let me go'
 Rendering standard line [30]: '(No, no turning back now)'
 Rendering standard line [31]: 'Let me take back my life'
 Rendering standard line [32]: 'I'd rather be all alone'
 Rendering standard line [33]: '(No turning back now)'
 Rendering standard line [34]: 'Anywhere on my own'
 Rendering standard line [35]: ''Cause I can see'
 Rendering standard line [36]: '(No, no turning back now)'
 Rendering standard line [37]: 'The very worst part of you is me'
 Rendering standard line [38]: 'This isn't what I wanted to be'
 Rendering standard line [39]: 'I never thought that what I said would have you running from me'
 Rendering standard line [40]: 'Like this'
 Rendering standard line [41]: 'This isn't what I wanted to be'
 Rendering standard line [42]: 'I never thought that what I said would have you running from me'
 Rendering standard line [43]: 'Like this'
 Rendering standard line [44]: 'This isn't what I wanted to be'
 Rendering standard line [45]: 'I never thought that what I said would have you running from me'
 Rendering standard line [46]: 'Like this'
 Rendering standard line [47]: 'This isn't what I wanted to be'
 Rendering standard line [48]: 'I never thought that what I said would have you running from me'
 Rendering standard line [49]: 'Like this'
 Rendering standard line [50]: 'You'
 Rendering standard line [51]: '(No turning back now)'
 Rendering standard line [52]: 'I wanna be pushed aside, so, let me go'
 Rendering standard line [53]: '(No, no turning back now)'
 Rendering standard line [54]: 'Let me take back my life'
 Rendering standard line [55]: 'I'd rather be all alone'
 Rendering standard line [56]: '(No turning back now)'
 Rendering standard line [57]: 'Anywhere on my own'
 Rendering standard line [58]: ''Cause I can see'
 Rendering standard line [59]: '(No, no turning back now)'
 Rendering standard line [60]: 'The very worst part of you'
 Rendering standard line [61]: 'The very worst part of you is me'
 WaveformEditor: Shown
 WaveformEditor: No audio data found, trying to load...
 WaveformEditor: _loadAudioData is deprecated. Use loadAudioForSync() instead.
_loadAudioData @ waveform-editor.js:1075
 WaveformEditor: _activateFirstUnmarkedLine called.
 WaveformEditor: Markers length: 19
 WaveformEditor: Total lyric lines from lyricsDisplay: 62
 [SETACTIVE] Called with index 19. Current style: default
 Sync Editor: Skipping standard scroll - using forced centering only
 Sync Editor: Positioned line 19 at TOP (teleprompter mode)
 LoopBlockManager: Sync editor opened event received
 WaveformEditor: Dispatched sync-editor-opened event Object
 Sync Editor: Positioned line 19 at TOP (teleprompter mode)
 🔄 WaveformEditor: Начинаем переключение на источник: instrumental
 WaveformEditor notification: Загружаем Инструментал...
 Auto-scroll re-enabled after scroll event
 ✅ Data loaded for instrumental
 WaveformEditor notification: Переключено на Инструментал
 🔄 WaveformEditor: Начинаем переключение на источник: master
 WaveformEditor notification: Загружаем компоненты для Мастер-вида...
 WaveformEditor notification: Переключено на Мастер
 🔄 WaveformEditor: Начинаем переключение на источник: instrumental
 ✅ Using cached data for instrumental
 WaveformEditor notification: Переключено на Инструментал
 🔄 WaveformEditor: Начинаем переключение на источник: vocals
 ✅ Using cached data for vocals
 WaveformEditor notification: Переключено на Вокал
 [SETACTIVE] Called with index 0. Current style: default
 Sync Editor: Skipping standard scroll - using forced centering only
 Sync Editor: Positioned line 0 at TOP (teleprompter mode)
 🔇 Глубокая тишина - очистка нот
 🛑 Принудительная остановка всех нот (deep_silence), активных: 1
 🚫 Блокирована очевидная гармоника: 264.0Hz (0.26x от 1005.5Hz, ясность: 77.5%)
 ✅ Октавный переход разрешен: 885.0Hz → 196.0Hz за 217мс (ratio: 0.22)
 🔇 Глубокая тишина - очистка нот
 🛑 Принудительная остановка всех нот (deep_silence), активных: 1
 Auto-scroll re-enabled after scroll event
 🔇 Глубокая тишина - очистка нот
 🛑 Принудительная остановка всех нот (deep_silence), активных: 1
 [SETACTIVE] Called with index 1. Current style: default
 Sync Editor: Skipping standard scroll - using forced centering only
 Sync Editor: Positioned line 1 at TOP (teleprompter mode)
 🚫 Октавный скачок заблокирован: 355.5Hz → 171.9Hz за 6мс (ratio: 0.48)
 🚫 Октавный скачок заблокирован: 355.5Hz → 167.8Hz за 36мс (ratio: 0.47)
 🚫 Октавный скачок заблокирован: 355.5Hz → 167.1Hz за 40мс (ratio: 0.47)
 ✅ Октавный переход разрешен: 355.5Hz → 166.6Hz за 73мс (ratio: 0.47)
 🔇 Глубокая тишина - очистка нот
 🛑 Принудительная остановка всех нот (deep_silence), активных: 1
 🔄 WaveformEditor: Начинаем переключение на источник: instrumental
 ✅ Using cached data for instrumental
 WaveformEditor notification: Переключено на Инструментал
 [SETACTIVE] Called with index 2. Current style: default
 Sync Editor: Skipping standard scroll - using forced centering only
 Sync Editor: Positioned line 2 at TOP (teleprompter mode)
 🔇 Глубокая тишина - очистка нот
 🛑 Принудительная остановка всех нот (deep_silence), активных: 1
 🚫 Блокирована очевидная гармоника: 458.4Hz (2.01x от 228.0Hz, ясность: 72.9%)
rtf-parser.js:849 🚫 Блокирована очевидная гармоника: 400.9Hz (1.98x от 202.0Hz, ясность: 71.0%)
rtf-parser.js:849 🔇 Глубокая тишина - очистка нот
rtf-parser.js:849 🛑 Принудительная остановка всех нот (deep_silence), активных: 1
rtf-parser.js:849 🔇 Глубокая тишина - очистка нот
rtf-parser.js:849 🛑 Принудительная остановка всех нот (deep_silence), активных: 1
rtf-parser.js:849 Auto-scroll re-enabled after scroll event
rtf-parser.js:849 🔇 Глубокая тишина - очистка нот
rtf-parser.js:849 🛑 Принудительная остановка всех нот (deep_silence), активных: 1
rtf-parser.js:849 🔄 WaveformEditor: Начинаем переключение на источник: master
rtf-parser.js:849 WaveformEditor notification: Загружаем компоненты для Мастер-вида...
rtf-parser.js:849 WaveformEditor notification: Переключено на Мастер
rtf-parser.js:849 🔇 Глубокая тишина - очистка нот
rtf-parser.js:849 🛑 Принудительная остановка всех нот (deep_silence), активных: 1
rtf-parser.js:849 🔇 Глубокая тишина - очистка нот
rtf-parser.js:849 🛑 Принудительная остановка всех нот (deep_silence), активных: 1
rtf-parser.js:849 🔇 Глубокая тишина - очистка нот
rtf-parser.js:849 🛑 Принудительная остановка всех нот (deep_silence), активных: 1
rtf-parser.js:849 🚫 Октавный скачок заблокирован: 657.5Hz → 185.9Hz за 40мс (ratio: 0.28)
rtf-parser.js:849 ✅ Октавный переход разрешен: 657.5Hz → 184.8Hz за 98мс (ratio: 0.28)
rtf-parser.js:849 [SETACTIVE] Called with index 3. Current style: default
rtf-parser.js:849 Sync Editor: Skipping standard scroll - using forced centering only
rtf-parser.js:849 Sync Editor: Positioned line 3 at TOP (teleprompter mode)
rtf-parser.js:849 🔇 Глубокая тишина - очистка нот
rtf-parser.js:849 🛑 Принудительная остановка всех нот (deep_silence), активных: 1
rtf-parser.js:849 🔇 Глубокая тишина - очистка нот
rtf-parser.js:849 🛑 Принудительная остановка всех нот (deep_silence), активных: 1
rtf-parser.js:849 🔇 Глубокая тишина - очистка нот
rtf-parser.js:849 🛑 Принудительная остановка всех нот (deep_silence), активных: 1
rtf-parser.js:849 🔇 Глубокая тишина - очистка нот
rtf-parser.js:849 🛑 Принудительная остановка всех нот (deep_silence), активных: 1
rtf-parser.js:849 Key pressed: ShiftLeft
rtf-parser.js:849 Key pressed: Shift, key code: 16, waveform active: true
rtf-parser.js:849 LoopBlockManager: Shift key pressed, multiple selection mode active
rtf-parser.js:849 Key pressed: MetaLeft
rtf-parser.js:849 Key pressed: Meta, key code: 91, waveform active: true
rtf-parser.js:849 🔇 Глубокая тишина - очистка нот
rtf-parser.js:849 🛑 Принудительная остановка всех нот (deep_silence), активных: 1
rtf-parser.js:849 LoopBlockManager: Shift key released, multiple selection mode deactivated
rtf-parser.js:849 [SETACTIVE] Called with index 4. Current style: default
rtf-parser.js:849 Sync Editor: Skipping standard scroll - using forced centering only
rtf-parser.js:849 Sync Editor: Positioned line 4 at TOP (teleprompter mode)
rtf-parser.js:849 🔇 Глубокая тишина - очистка нот
rtf-parser.js:849 🛑 Принудительная остановка всех нот (deep_silence), активных: 1
rtf-parser.js:849 🔇 Глубокая тишина - очистка нот
rtf-parser.js:849 🛑 Принудительная остановка всех нот (deep_silence), активных: 1
rtf-parser.js:849 🔇 Глубокая тишина - очистка нот
rtf-parser.js:849 🛑 Принудительная остановка всех нот (deep_silence), активных: 1
rtf-parser.js:849 Auto-scroll re-enabled after scroll event
rtf-parser.js:849 🔄 WaveformEditor: Начинаем переключение на источник: vocals
rtf-parser.js:849 ✅ Using cached data for vocals
rtf-parser.js:849 WaveformEditor notification: Переключено на Вокал
rtf-parser.js:849 🔇 Глубокая тишина - очистка нот
rtf-parser.js:849 🛑 Принудительная остановка всех нот (deep_silence), активных: 1
rtf-parser.js:849 [SETACTIVE] Called with index 5. Current style: default
rtf-parser.js:849 Sync Editor: Skipping standard scroll - using forced centering only
rtf-parser.js:849 Sync Editor: Positioned line 5 at TOP (teleprompter mode)
rtf-parser.js:849 Key pressed: Space
rtf-parser.js:849 Space bar pressed, toggling playback
rtf-parser.js:849 ⏸️ ИНСТРУМЕНТАЛ: Пауза
rtf-parser.js:849 ⏸️ ВОКАЛ: Пауза
rtf-parser.js:849 isPlaying property set to: false
rtf-parser.js:849 Key pressed:  , key code: 32, waveform active: true
rtf-parser.js:849 🔍 Статический анализ: 21.6Hz (94.2%)
rtf-parser.js:849 Key pressed: ShiftLeft
rtf-parser.js:849 Key pressed: Shift, key code: 16, waveform active: true
rtf-parser.js:849 LoopBlockManager: Shift key pressed, multiple selection mode active
rtf-parser.js:849 Key pressed: MetaLeft
rtf-parser.js:849 Key pressed: Meta, key code: 91, waveform active: true
rtf-parser.js:849 LoopBlockManager: Shift key released, multiple selection mode deactivated
rtf-parser.js:849 🔄 WaveformEditor: Начинаем переключение на источник: instrumental
rtf-parser.js:849 ✅ Using cached data for instrumental
rtf-parser.js:849 WaveformEditor notification: Переключено на Инструментал
rtf-parser.js:849 Auto-scroll re-enabled after scroll event
rtf-parser.js:849 Key pressed: AltLeft
rtf-parser.js:849 Key pressed: Alt, key code: 18, waveform active: true
rtf-parser.js:849 Key pressed: MetaLeft
rtf-parser.js:849 Key pressed: Meta, key code: 91, waveform active: true
rtf-parser.js:849 Key pressed: KeyJ
rtf-parser.js:849 Key pressed: j, key code: 74, waveform active: true
rtf-parser.js:849 Auto-scroll re-enabled after scroll event
rtf-parser.js:849 ✅ Karaoke Background Manager: SUCCESSFULLY set background to Karaoke/pexels-michiel-ton-2722948-4269570.jpg
