 🔧 DEBUG_CONFIG загружен. Используйте toggleDebugLogs(true) для включения логов
 📦 Utils module loaded
 StateManager initialized
 📦 StateManager module loaded
 🚀 AudioEngine (Hybrid Engine) - Гибридная архитектура восстановлена
 🐙 КРАКЕН: AudioRouter интегрирован
 Space bar handler attached
 🎵 Найдено 1 аудио устройств
 🔗 Аудио граф создан
 🐙 AudioRouter инициализирован
 🎵 Источник подключен к роутеру
 🔗 Аудио узлы подключены к роутеру
 🐙 AudioRouter успешно интегрирован
 LyricsDisplay initialized
 RtfParserAdapter: Инициализация
 - EnhancedRtfProcessor доступен: true
 - Стандартный RtfParser доступен: true
 TrackCatalog initialized
 MarkerManager initialized
 WaveformEditor loaded
 WaveformEditor initialized
 TrackCatalog: _finalizeUploadFromBlockEditor CALLED - should be obsolete now.
 BlockLoopControl: Класс загружен
 RTF Parser Integration: Инициализация интеграции улучшенного RTF-парсера (после определения объекта)
 RTF Parser Integration: Начало интеграции
 RTF Parser Integration: TrackCatalog уже использует RtfParserAdapter если он доступен
 RTF Parser Integration: Интеграция завершена успешно
 🎹 Инициализация клавиатуры...
 LiveFeed module loaded (placeholder)
 Загружено 0 треков из базы данных
 ✅ Pitchy библиотека загружена в beLive
 🔍 КРАКЕН: Диагностика активирована (Ctrl+Shift+D для открытия)
 LiveMode: Автоматическая инициализация при загрузке документа
 LiveMode: Создание нового экземпляра
 LiveMode: Маски инициализированы без использования изображений
 LiveMode: getUserMedia поддерживается: true
 LiveMode: Безопасный контекст: true
 LiveMode: Определен localhost, разрешен HTTP
 LiveMode: Метод toggleStreaming не найден и не может быть привязан
console.warn @ kraken-diagnostics.js:114
 LiveMode: Базовая инициализация завершена
 LiveMode: Предварительная инициализация камеры...
 LiveMode: экземпляр создан
 LiveFeed initialized
 DOM content loaded, waiting for components
 LiveMode: Доступ к камере получен при предварительной инициализации
 LiveMode: Получено 1 видеотреков. Активный: FaceTime HD Camera
 LiveMode: Предварительная инициализация камеры успешно завершена
 ✅ Pitchy готов для точной детекции
 🎹 Кнопка найдена
 🔗 Настройка интеграции для точной детекции...
 🎤 Статус для точной детекции: false
 🎯 КАЛИБРОВКА: A4 = 440.00Hz (должно быть 440.00Hz)
 🎹 Создано 48 клавиш для точной детекции
 🎹 Piano Keyboard инициализирован
 All components ready, initializing app...
 Initializing beLive App
 WordAlignerV2 not found, creating placeholder
console.warn @ kraken-diagnostics.js:114
 LyricsDisplay: Setting style to Стандартный
 Rendering lyrics. Current style ID: default
 Applied style 'Стандартный'
 TextStyleManager: Проверка доступности LiveMode...
 TextStyleManager: Класс LiveMode найден, предварительная инициализация камеры...
 TextStyleManager: LiveMode уже инициализирован
 TextStyleManager initialized with 8 styles and 29 total transitions
 Text style manager initialized
 Initializing Microphone UI...
 Microphone UI initialized using existing DOM elements.
 LoopBlockManager: Checking audio initialization...
 LoopBlockManager: Audio buffer or context not available (check 0)
console.warn @ kraken-diagnostics.js:114
 LoopBlockManager: Initializing sync listeners
 LoopBlockManager: progressBarContainer found - width: 1054.4375px, height: 10px, overflow: visible
 LoopBlockManager: progressBarContainer offsetWidth: 1054, offsetHeight: 10
 LoopBlockManager: progressBarContainer children: 3
 LoopBlockManager: Child 0: progress-bar-loaded, display: block, zIndex: 1
 LoopBlockManager: Child 1: progress-bar, display: block, zIndex: 2
 LoopBlockManager: Child 2: progress-tooltip, display: block, zIndex: 10
 LoopBlockManager initialized
 LoopBlockManager component ready
 BlockLoopControl: Инициализирован
 BlockLoopControl component ready
 🎭 MaskSystem: Инициализация продвинутой системы масок
 🎭 MaskSystem: Конструктор завершен
 🎭 MaskSystem создан
 🎭 MaskSystem component ready
 Initializing LoopBlock controls
 Audio not fully loaded yet, setting up delayed initialization
 🎭 MaskSystem: Обработчик кнопки подключен
 🚀 Инициализация Живой Ленты
 ✅ Живая Лента инициализирована
 🚀 Показываю Живую Ленту
 ✅ Живая Лента активирована
 beLive App initialized
 🚀 AudioEngine (Hybrid Engine) - Гибридная архитектура восстановлена
 🐙 КРАКЕН: AudioRouter интегрирован
 Space bar handler attached
 🎛️ Обновление списка устройств...
 🎛️ Получено устройств: 1
 🎛️ Список устройств обновлен
 🎛️ AudioSettingsUI инициализирован
 🎛️ Инициализация кнопки настроек аудио...
 🎛️ Кнопка найдена: true
 🎛️ AudioSettingsUI доступен: true
 🎛️ Обработчик клика добавлен успешно
 🎭 MaskSystem: Инициализация продвинутой системы масок
 🎭 MaskSystem: Конструктор завершен
 🎭 MaskSystem создан
 🎬 Инициализация системы режиссера...
 🎬 Инициализация системы режиссера...
 🎬 Подключение к существующим системам beLive...
 🎬 Инициализация компонентов режиссера...
 🚂 Инициализация контроллера паровозика...
 🎬 Компоненты режиссера готовы (базовая инициализация)
 App initialized successfully
 🎭 MediaPipe: Начинаем загрузку библиотек...
 🎭 MediaPipe: Ожидание загрузки библиотек...
 🎭 MediaPipe: Все библиотеки загружены успешно
 🎭 MediaPipe: Начинаем загрузку библиотек...
 🎭 MediaPipe: Ожидание загрузки библиотек...
 🎭 MediaPipe: Все библиотеки загружены успешно
 🎬 Настройка интеграции с существующими системами...
 🎬 Интеграция с существующими системами настроена
 ✅ Система режиссера инициализирована
 🎬 Инициализация страницы режиссера...
 🎬 Структура страницы режиссера создана
 🎬 Обработчики событий настроены
 🎬 Страница режиссера создана
 🎬 Кнопка режиссера добавлена в интерфейс
 ✅ Система режиссера инициализирована
 🎭 MaskSystem: Официальный MediaPipe FaceMesh готов
 🏃 MaskSystem: MediaPipe Pose готов
 ✋ MaskSystem: MediaPipe Hands готов
rtf-parser.js:849 🤖 MaskSystem: MediaPipe Holistic готов
rtf-parser.js:849 🎨 MaskSystem: MediaPipe Selfie Segmentation готов
rtf-parser.js:849 🎭 MaskSystem: MediaPipe готов к использованию
rtf-parser.js:849 🎭 MaskSystem: Официальный MediaPipe FaceMesh готов
rtf-parser.js:849 🏃 MaskSystem: MediaPipe Pose готов
rtf-parser.js:849 ✋ MaskSystem: MediaPipe Hands готов
rtf-parser.js:849 🤖 MaskSystem: MediaPipe Holistic готов
rtf-parser.js:849 🎨 MaskSystem: MediaPipe Selfie Segmentation готов
rtf-parser.js:849 🎭 MaskSystem: MediaPipe готов к использованию
rtf-parser.js:849 🎯 Background Effects Engine v2.0 инициализирован
rtf-parser.js:849 🔄 Инициализация Background Effects Engine...
rtf-parser.js:849 🎯 Background Effects Engine v2.0 инициализирован
rtf-parser.js:849 🔄 Инициализация Background Effects Engine...
rtf-parser.js:849 ✅ Background Effects Engine готов
rtf-parser.js:849 ✅ Background Effects Engine готов
rtf-parser.js:849 🎵 Найдено 1 аудио устройств
rtf-parser.js:849 🔗 Аудио граф создан
rtf-parser.js:849 🐙 AudioRouter инициализирован
rtf-parser.js:849 🎵 Источник подключен к роутеру
rtf-parser.js:849 🔗 Аудио узлы подключены к роутеру
rtf-parser.js:849 🐙 AudioRouter успешно интегрирован
rtf-parser.js:849 Проверка треков завершена успешно, проблем не обнаружено
rtf-parser.js:849 🎤 Запуск ТОЧНОГО анализа вокальной дорожки...
rtf-parser.js:849 🔊 Инициализация аудио для точной детекции...
rtf-parser.js:849 ✅ Используем audioEngine.audioContext
rtf-parser.js:849 ✅ Pitchy детектор готов для точной работы
rtf-parser.js:849 ✅ Подключен к ВОКАЛЬНОМУ узлу: GainNode
rtf-parser.js:849 ✅ ТОЧНЫЙ анализ запущен
rtf-parser.js:849 LiveMode: Запуск предварительной инициализации камеры
rtf-parser.js:849 LiveMode: Предварительная инициализация камеры...
rtf-parser.js:849 LiveMode: Доступ к камере получен при предварительной инициализации
rtf-parser.js:849 LiveMode: Получено 1 видеотреков. Активный: FaceTime HD Camera
rtf-parser.js:849 LiveMode: Предварительная инициализация камеры успешно завершена
rtf-parser.js:849 LiveMode: Предварительная инициализация камеры успешна
rtf-parser.js:849 LoopBlockManager: Проверка доступности аудио (попытка 2/5)
rtf-parser.js:849 Application fully loaded, components initialized
:8000/favicon.ico:1  Failed to load resource: the server responded with a status of 404 (File not found)
rtf-parser.js:849 LoopBlockManager: Проверка доступности аудио (попытка 3/5)
rtf-parser.js:849 🎯 Начальная калибровка системы...
rtf-parser.js:849 🎯 ===== ЗАПУСК КАЛИБРОВОЧНЫХ ТЕСТОВ ПИТЧА =====
rtf-parser.js:849 📋 Тестируем расчет частот:
rtf-parser.js:849 ✅ C4: рассчитано=261.63Hz, ожидается=261.63Hz, ошибка=0.002%
rtf-parser.js:849 ✅ D4: рассчитано=293.66Hz, ожидается=293.66Hz, ошибка=0.002%
rtf-parser.js:849 ✅ E4: рассчитано=329.63Hz, ожидается=329.63Hz, ошибка=0.001%
rtf-parser.js:849 ✅ F4: рассчитано=349.23Hz, ожидается=349.23Hz, ошибка=0.001%
rtf-parser.js:849 ✅ G4: рассчитано=392.00Hz, ожидается=392Hz, ошибка=0.001%
rtf-parser.js:849 🎯 КАЛИБРОВКА: A4 = 440.00Hz (должно быть 440.00Hz)
rtf-parser.js:849 ✅ A4: рассчитано=440.00Hz, ожидается=440Hz, ошибка=0.000%
rtf-parser.js:849 ✅ B4: рассчитано=493.88Hz, ожидается=493.88Hz, ошибка=0.001%
rtf-parser.js:849 📋 Тестируем обратное преобразование:
rtf-parser.js:849 ✅ 261.63Hz → обнаружено="C4", ожидается="C4"
rtf-parser.js:849 ✅ 293.66Hz → обнаружено="D4", ожидается="D4"
rtf-parser.js:849 ✅ 329.63Hz → обнаружено="E4", ожидается="E4"
rtf-parser.js:849 ✅ 349.23Hz → обнаружено="F4", ожидается="F4"
rtf-parser.js:849 ✅ 392Hz → обнаружено="G4", ожидается="G4"
rtf-parser.js:849 ✅ 440Hz → обнаружено="A4", ожидается="A4"
rtf-parser.js:849 ✅ 493.88Hz → обнаружено="B4", ожидается="B4"
rtf-parser.js:849 📊 РЕЗУЛЬТАТЫ КАЛИБРОВКИ:
rtf-parser.js:849    Пройдено тестов: 14/14
rtf-parser.js:849    Процент успеха: 100.0%
rtf-parser.js:849    Средняя ошибка: 0.001%
rtf-parser.js:849 🎯 ✅ КАЛИБРОВКА ПИТЧА ПРОШЛА УСПЕШНО!
rtf-parser.js:849 🎯 ===== КАЛИБРОВОЧНЫЕ ТЕСТЫ ЗАВЕРШЕНЫ =====
kraken-diagnostics.js:114 LoopBlockManager: Аудио не загружено после 5 попыток. Для работы функций зацикливания необходимо загрузить аудиофайл.
console.warn @ kraken-diagnostics.js:114
rtf-parser.js:849 Key pressed: ShiftLeft
rtf-parser.js:849 Key pressed: Shift, key code: 16, waveform active: false
rtf-parser.js:849 LoopBlockManager: Shift key pressed, multiple selection mode active
rtf-parser.js:849 Key pressed: ShiftLeft
rtf-parser.js:849 Key pressed: MetaLeft
rtf-parser.js:849 Key pressed: Meta, key code: 91, waveform active: false
rtf-parser.js:849 Key pressed: MetaLeft
rtf-parser.js:849 LoopBlockManager: Shift key released, multiple selection mode deactivated
rtf-parser.js:849 Key pressed: MetaLeft
rtf-parser.js:849 Key pressed: Meta, key code: 91, waveform active: false
rtf-parser.js:849 Key pressed: MetaLeft
rtf-parser.js:849 Key pressed: AltLeft
rtf-parser.js:849 Key pressed: Alt, key code: 18, waveform active: false
rtf-parser.js:849 Key pressed: AltLeft
rtf-parser.js:849 Key pressed: KeyJ
rtf-parser.js:849 Key pressed: j, key code: 74, waveform active: false
rtf-parser.js:849 Key pressed: KeyJ
